<?xml version="1.0" encoding="UTF-8"?>
<!-- Generated by org.testng.reporters.JUnitXMLReporter -->
<testsuite hostname="TTF-BLR-SANTOSHKOUJALAGI" ignored="0" name="OCMRegression" tests="76" failures="6" timestamp="2021-08-06T02:43:34 IST" time="1396.906" errors="0">
  <testcase name="@AfterMethod afterEachMethod" time="81.875" classname="com.tetherfi.test.fax.FaxTemplateAutoACKTypeUpdateTest">
    <failure type="org.openqa.selenium.TimeoutException" message="Expected condition failed: waiting for element to be clickable: Proxy element for: DefaultElementLocator &amp;apos;By.id: profiledropdown&amp;apos; (tried for 20 second(s) with 500 milliseconds interval)">
      <![CDATA[org.openqa.selenium.TimeoutException: Expected condition failed: waiting for element to be clickable: Proxy element for: DefaultElementLocator 'By.id: profiledropdown' (tried for 20 second(s) with 500 milliseconds interval)
at org.openqa.selenium.support.ui.WebDriverWait.timeoutException(WebDriverWait.java:95)
at org.openqa.selenium.support.ui.FluentWait.until(FluentWait.java:272)
at com.tetherfi.pages.BasePage.waitUntilWebElementIsClickable(BasePage.java:259)
at com.tetherfi.pages.HomePage.userLogout(HomePage.java:45)
at com.tetherfi.test.fax.FaxTemplateAutoACKTypeUpdateTest.afterEachMethod(FaxTemplateAutoACKTypeUpdateTest.java:246)
at java.util.ArrayList.forEach(Unknown Source)
Caused by: org.openqa.selenium.NoSuchElementException: no such element: Unable to locate element: {"method":"css selector","selector":"#profiledropdown"}
  (Session info: chrome=92.0.4515.131)
For documentation on this error, please visit: https://www.seleniumhq.org/exceptions/no_such_element.html
Build info: version: '3.141.59', revision: 'e82be7d358', time: '2018-11-14T08:17:03'
System info: host: 'TTF-BLR-SANTOSH', ip: '192.168.50.12', os.name: 'Windows 10', os.arch: 'amd64', os.version: '10.0', java.version: '1.8.0_181'
Driver info: org.openqa.selenium.chrome.ChromeDriver
Capabilities {acceptInsecureCerts: false, browserName: chrome, browserVersion: 92.0.4515.131, chrome: {chromedriverVersion: 91.0.4472.19 (1bf021f248676..., userDataDir: C:\Users\admin\AppData\Loca...}, goog:chromeOptions: {debuggerAddress: localhost:51891}, javascriptEnabled: true, networkConnectionEnabled: false, pageLoadStrategy: normal, platform: WINDOWS, platformName: WINDOWS, proxy: Proxy(), setWindowRect: true, strictFileInteractability: false, timeouts: {implicit: 0, pageLoad: 300000, script: 30000}, unhandledPromptBehavior: dismiss and notify, webauthn:extension:largeBlob: true, webauthn:virtualAuthenticators: true}
Session ID: 840ebdc3afd6fd7e2081060d7d4ddd33
*** Element info: {Using=id, value=profiledropdown}
at org.openqa.selenium.remote.http.W3CHttpResponseCodec.createException(W3CHttpResponseCodec.java:187)
at org.openqa.selenium.remote.http.W3CHttpResponseCodec.decode(W3CHttpResponseCodec.java:122)
at org.openqa.selenium.remote.http.W3CHttpResponseCodec.decode(W3CHttpResponseCodec.java:49)
at org.openqa.selenium.remote.HttpCommandExecutor.execute(HttpCommandExecutor.java:158)
at org.openqa.selenium.remote.service.DriverCommandExecutor.execute(DriverCommandExecutor.java:83)
at org.openqa.selenium.remote.RemoteWebDriver.execute(RemoteWebDriver.java:552)
at org.openqa.selenium.remote.RemoteWebDriver.findElement(RemoteWebDriver.java:323)
at org.openqa.selenium.remote.RemoteWebDriver.findElementById(RemoteWebDriver.java:372)
at org.openqa.selenium.By$ById.findElement(By.java:188)
at org.openqa.selenium.remote.RemoteWebDriver.findElement(RemoteWebDriver.java:315)
at org.openqa.selenium.support.pagefactory.DefaultElementLocator.findElement(DefaultElementLocator.java:69)
at org.openqa.selenium.support.pagefactory.internal.LocatingElementHandler.invoke(LocatingElementHandler.java:38)
at com.sun.proxy.$Proxy11.isDisplayed(Unknown Source)
at org.openqa.selenium.support.ui.ExpectedConditions.elementIfVisible(ExpectedConditions.java:314)
at org.openqa.selenium.support.ui.ExpectedConditions.access$000(ExpectedConditions.java:43)
at org.openqa.selenium.support.ui.ExpectedConditions$10.apply(ExpectedConditions.java:300)
at org.openqa.selenium.support.ui.ExpectedConditions$10.apply(ExpectedConditions.java:297)
at org.openqa.selenium.support.ui.ExpectedConditions$23.apply(ExpectedConditions.java:670)
at org.openqa.selenium.support.ui.ExpectedConditions$23.apply(ExpectedConditions.java:666)
at org.openqa.selenium.support.ui.FluentWait.until(FluentWait.java:249)
... 36 more
... Removed 36 stack frames]]>
    </failure>
  </testcase> <!-- @AfterMethod afterEachMethod -->
  <testcase name="@BeforeMethod NavigateToFaxTemplatePage" time="-1.628197969945E9" classname="com.tetherfi.test.fax.FaxTemplateAutoACKTypeUpdateTest">
    <skipped/>
  </testcase> <!-- @BeforeMethod NavigateToFaxTemplatePage -->
  <testcase name="@AfterMethod afterEachMethod" time="-1.628197969953E9" classname="com.tetherfi.test.fax.FaxTemplateAutoACKTypeUpdateTest">
    <skipped/>
  </testcase> <!-- @AfterMethod afterEachMethod -->
  <testcase name="@BeforeMethod NavigateToFaxTemplatePage" time="-1.628197969958E9" classname="com.tetherfi.test.fax.FaxTemplateAutoACKTypeUpdateTest">
    <skipped/>
  </testcase> <!-- @BeforeMethod NavigateToFaxTemplatePage -->
  <testcase name="@AfterMethod afterEachMethod" time="-1.628197969969E9" classname="com.tetherfi.test.fax.FaxTemplateAutoACKTypeUpdateTest">
    <skipped/>
  </testcase> <!-- @AfterMethod afterEachMethod -->
  <testcase name="@BeforeMethod NavigateToFaxTemplatePage" time="-1.628197969978E9" classname="com.tetherfi.test.fax.FaxTemplateAutoACKTypeUpdateTest">
    <skipped/>
  </testcase> <!-- @BeforeMethod NavigateToFaxTemplatePage -->
  <testcase name="@AfterMethod afterEachMethod" time="-1.628197969983E9" classname="com.tetherfi.test.fax.FaxTemplateAutoACKTypeUpdateTest">
    <skipped/>
  </testcase> <!-- @AfterMethod afterEachMethod -->
  <testcase name="@BeforeMethod NavigateToFaxTemplatePage" time="-1.628197969996E9" classname="com.tetherfi.test.fax.FaxTemplateAutoACKTypeUpdateTest">
    <skipped/>
  </testcase> <!-- @BeforeMethod NavigateToFaxTemplatePage -->
  <testcase name="@AfterMethod afterEachMethod" time="-1.628197970003E9" classname="com.tetherfi.test.fax.FaxTemplateAutoACKTypeUpdateTest">
    <skipped/>
  </testcase> <!-- @AfterMethod afterEachMethod -->
  <testcase name="@BeforeMethod NavigateToFaxTemplatePage" time="-1.628197970017E9" classname="com.tetherfi.test.fax.FaxTemplateAutoACKTypeUpdateTest">
    <skipped/>
  </testcase> <!-- @BeforeMethod NavigateToFaxTemplatePage -->
  <testcase name="@AfterMethod afterEachMethod" time="-1.628197970023E9" classname="com.tetherfi.test.fax.FaxTemplateAutoACKTypeUpdateTest">
    <skipped/>
  </testcase> <!-- @AfterMethod afterEachMethod -->
  <testcase name="@BeforeMethod NavigateToFaxTemplatePage" time="44.415" classname="com.tetherfi.test.fax.FaxTemplateAutoACKTypeDeleteTest">
    <failure type="org.openqa.selenium.WebDriverException" message="unknown error: net::ERR_CONNECTION_TIMED_OUT
  (Session info: chrome=92.0.4515.131)
Build info: version: &amp;apos;3.141.59&amp;apos;, revision: &amp;apos;e82be7d358&amp;apos;, time: &amp;apos;2018-11-14T08:17:03&amp;apos;
System info: host: &amp;apos;TTF-BLR-SANTOSH&amp;apos;, ip: &amp;apos;192.168.50.12&amp;apos;, os.name: &amp;apos;Windows 10&amp;apos;, os.arch: &amp;apos;amd64&amp;apos;, os.version: &amp;apos;10.0&amp;apos;, java.version: &amp;apos;1.8.0_181&amp;apos;
Driver info: org.openqa.selenium.chrome.ChromeDriver
Capabilities {acceptInsecureCerts: false, browserName: chrome, browserVersion: 92.0.4515.131, chrome: {chromedriverVersion: 91.0.4472.19 (1bf021f248676..., userDataDir: C:\Users\admin\AppData\Loca...}, goog:chromeOptions: {debuggerAddress: localhost:52140}, javascriptEnabled: true, networkConnectionEnabled: false, pageLoadStrategy: normal, platform: WINDOWS, platformName: WINDOWS, proxy: Proxy(), setWindowRect: true, strictFileInteractability: false, timeouts: {implicit: 0, pageLoad: 300000, script: 30000}, unhandledPromptBehavior: dismiss and notify, webauthn:extension:largeBlob: true, webauthn:virtualAuthenticators: true}
Session ID: 3253cdda5a23e1451e5d22db2be294c8">
      <![CDATA[org.openqa.selenium.WebDriverException: unknown error: net::ERR_CONNECTION_TIMED_OUT
  (Session info: chrome=92.0.4515.131)
Build info: version: '3.141.59', revision: 'e82be7d358', time: '2018-11-14T08:17:03'
System info: host: 'TTF-BLR-SANTOSH', ip: '192.168.50.12', os.name: 'Windows 10', os.arch: 'amd64', os.version: '10.0', java.version: '1.8.0_181'
Driver info: org.openqa.selenium.chrome.ChromeDriver
Capabilities {acceptInsecureCerts: false, browserName: chrome, browserVersion: 92.0.4515.131, chrome: {chromedriverVersion: 91.0.4472.19 (1bf021f248676..., userDataDir: C:\Users\admin\AppData\Loca...}, goog:chromeOptions: {debuggerAddress: localhost:52140}, javascriptEnabled: true, networkConnectionEnabled: false, pageLoadStrategy: normal, platform: WINDOWS, platformName: WINDOWS, proxy: Proxy(), setWindowRect: true, strictFileInteractability: false, timeouts: {implicit: 0, pageLoad: 300000, script: 30000}, unhandledPromptBehavior: dismiss and notify, webauthn:extension:largeBlob: true, webauthn:virtualAuthenticators: true}
Session ID: 3253cdda5a23e1451e5d22db2be294c8
at org.openqa.selenium.remote.http.W3CHttpResponseCodec.createException(W3CHttpResponseCodec.java:187)
at org.openqa.selenium.remote.http.W3CHttpResponseCodec.decode(W3CHttpResponseCodec.java:122)
at org.openqa.selenium.remote.http.W3CHttpResponseCodec.decode(W3CHttpResponseCodec.java:49)
at org.openqa.selenium.remote.HttpCommandExecutor.execute(HttpCommandExecutor.java:158)
at org.openqa.selenium.remote.service.DriverCommandExecutor.execute(DriverCommandExecutor.java:83)
at org.openqa.selenium.remote.RemoteWebDriver.execute(RemoteWebDriver.java:552)
at org.openqa.selenium.remote.RemoteWebDriver.get(RemoteWebDriver.java:277)
at com.tetherfi.test.fax.FaxTemplateAutoACKTypeDeleteTest.NavigateToFaxTemplatePage(FaxTemplateAutoACKTypeDeleteTest.java:50)
at java.util.ArrayList.forEach(Unknown Source)
... Removed 35 stack frames]]>
    </failure>
  </testcase> <!-- @BeforeMethod NavigateToFaxTemplatePage -->
  <testcase name="@AfterMethod afterEachMethod" time="-1.62819801445E9" classname="com.tetherfi.test.fax.FaxTemplateAutoACKTypeDeleteTest">
    <skipped/>
  </testcase> <!-- @AfterMethod afterEachMethod -->
  <testcase name="@BeforeMethod NavigateToFaxTemplatePage" time="-1.628198014454E9" classname="com.tetherfi.test.fax.FaxTemplateAutoACKTypeDeleteTest">
    <skipped/>
  </testcase> <!-- @BeforeMethod NavigateToFaxTemplatePage -->
  <testcase name="@AfterMethod afterEachMethod" time="-1.628198014463E9" classname="com.tetherfi.test.fax.FaxTemplateAutoACKTypeDeleteTest">
    <skipped/>
  </testcase> <!-- @AfterMethod afterEachMethod -->
  <testcase name="@BeforeMethod NavigateToFaxTemplatePage" time="-1.628198014464E9" classname="com.tetherfi.test.fax.FaxTemplateAutoACKTypeDeleteTest">
    <skipped/>
  </testcase> <!-- @BeforeMethod NavigateToFaxTemplatePage -->
  <testcase name="@AfterMethod afterEachMethod" time="-1.628198014468E9" classname="com.tetherfi.test.fax.FaxTemplateAutoACKTypeDeleteTest">
    <skipped/>
  </testcase> <!-- @AfterMethod afterEachMethod -->
  <testcase name="@BeforeMethod NavigateToFaxTemplatePage" time="-1.628198014472E9" classname="com.tetherfi.test.fax.FaxTemplateAutoACKTypeDeleteTest">
    <skipped/>
  </testcase> <!-- @BeforeMethod NavigateToFaxTemplatePage -->
  <testcase name="@AfterMethod afterEachMethod" time="-1.628198014479E9" classname="com.tetherfi.test.fax.FaxTemplateAutoACKTypeDeleteTest">
    <skipped/>
  </testcase> <!-- @AfterMethod afterEachMethod -->
  <testcase name="@BeforeMethod NavigateToFaxTemplatePage" time="-1.62819801448E9" classname="com.tetherfi.test.fax.FaxTemplateAutoACKTypeDeleteTest">
    <skipped/>
  </testcase> <!-- @BeforeMethod NavigateToFaxTemplatePage -->
  <testcase name="@AfterMethod afterEachMethod" time="-1.628198014485E9" classname="com.tetherfi.test.fax.FaxTemplateAutoACKTypeDeleteTest">
    <skipped/>
  </testcase> <!-- @AfterMethod afterEachMethod -->
  <testcase name="@BeforeMethod NavigateToFaxTemplatePage" time="-1.628198014498E9" classname="com.tetherfi.test.fax.FaxTemplateAutoACKTypeDeleteTest">
    <skipped/>
  </testcase> <!-- @BeforeMethod NavigateToFaxTemplatePage -->
  <testcase name="@AfterMethod afterEachMethod" time="-1.628198014504E9" classname="com.tetherfi.test.fax.FaxTemplateAutoACKTypeDeleteTest">
    <skipped/>
  </testcase> <!-- @AfterMethod afterEachMethod -->
  <testcase name="@BeforeMethod NavigateToFaxTemplatePage" time="-1.628198014505E9" classname="com.tetherfi.test.fax.FaxTemplateAutoACKTypeDeleteTest">
    <skipped/>
  </testcase> <!-- @BeforeMethod NavigateToFaxTemplatePage -->
  <testcase name="@AfterMethod afterEachMethod" time="-1.628198014521E9" classname="com.tetherfi.test.fax.FaxTemplateAutoACKTypeDeleteTest">
    <skipped/>
  </testcase> <!-- @AfterMethod afterEachMethod -->
  <testcase name="FaxTemplatePage" time="2.539" classname="com.tetherfi.test.fax.FaxTemplateUITest"/>
  <testcase name="VerifyFaxTemplateApprovedDataPage" time="0.748" classname="com.tetherfi.test.fax.FaxTemplateUITest"/>
  <testcase name="VerifyFaxTemplateAuditTrailDataPage" time="7.244" classname="com.tetherfi.test.fax.FaxTemplateUITest">
    <failure type="java.lang.AssertionError" message="Audit Trail table assertion failed did not expect to find [true] but found [false]">
      <![CDATA[java.lang.AssertionError: Audit Trail table assertion failed did not expect to find [true] but found [false]
at com.tetherfi.test.fax.FaxTemplateUITest.VerifyFaxTemplateAuditTrailDataPage(FaxTemplateUITest.java:60)
at java.util.ArrayList.forEach(Unknown Source)
... Removed 30 stack frames]]>
    </failure>
  </testcase> <!-- VerifyFaxTemplateAuditTrailDataPage -->
  <testcase name="VerifyMakeFaxTemplateChangeButton" time="11.561" classname="com.tetherfi.test.fax.FaxTemplateUITest"/>
  <testcase name="VerifyDropDownForAllTheColumns" time="16.777" classname="com.tetherfi.test.fax.FaxTemplateUITest"/>
  <testcase name="VerifyColumnsHeaderEnable" time="15.218" classname="com.tetherfi.test.fax.FaxTemplateUITest"/>
  <testcase name="VerifyColumnsHeaderdisable" time="16.523" classname="com.tetherfi.test.fax.FaxTemplateUITest"/>
  <testcase name="VerifyArrowMoveForPreviousAndNextPage" time="11.251" classname="com.tetherfi.test.fax.FaxTemplateUITest"/>
  <testcase name="VerifyArrowMoveForFirstAndLastPage" time="11.207" classname="com.tetherfi.test.fax.FaxTemplateUITest"/>
  <testcase name="VerifyToatalNumberOfItemsPerPageDetails" time="10.542" classname="com.tetherfi.test.fax.FaxTemplateUITest"/>
  <testcase name="VerifyNumberOfItemsPerPageSelection" time="18.117" classname="com.tetherfi.test.fax.FaxTemplateUITest"/>
  <testcase name="ExportToExcel" time="13.043" classname="com.tetherfi.test.fax.FaxTemplateUITest"/>
  <testcase name="ExportToExcelData" time="13.463" classname="com.tetherfi.test.fax.FaxTemplateUITest"/>
  <testcase name="ExportToExcelWithoutData" time="16.829" classname="com.tetherfi.test.fax.FaxTemplateUITest"/>
  <testcase name="SortByAscending" time="17.283" classname="com.tetherfi.test.fax.FaxTemplateUITest"/>
  <testcase name="SortByDescending" time="17.745" classname="com.tetherfi.test.fax.FaxTemplateUITest"/>
  <testcase name="VerifyDragAndDrop" time="11.372" classname="com.tetherfi.test.fax.FaxTemplateUITest"/>
  <testcase name="verifyDragAndDropAlreadyGroupedHeader" time="11.876" classname="com.tetherfi.test.fax.FaxTemplateUITest"/>
  <testcase name="dataBase" time="7.564" classname="com.tetherfi.test.fax.FaxTemplateUITest">
    <failure type="java.lang.AssertionError" message="dataBase assertion Failed did not expect to find [true] but found [false]">
      <![CDATA[java.lang.AssertionError: dataBase assertion Failed did not expect to find [true] but found [false]
at com.tetherfi.test.fax.FaxTemplateUITest.dataBase(FaxTemplateUITest.java:207)
at java.util.ArrayList.forEach(Unknown Source)
... Removed 30 stack frames]]>
    </failure>
  </testcase> <!-- dataBase -->
  <testcase name="SearchPage" time="3.945" classname="com.tetherfi.test.fax.FaxTemplateUITest"/>
  <testcase name="SearchWithoutSearchTextBox" time="3.558" classname="com.tetherfi.test.fax.FaxTemplateUITest"/>
  <testcase name="SearchClearSearch" time="4.906" classname="com.tetherfi.test.fax.FaxTemplateUITest"/>
  <testcase name="VerifySearchIsNotEqualTo" time="21.061" classname="com.tetherfi.test.fax.FaxTemplateUITest"/>
  <testcase name="VerifySearchContains" time="17.056" classname="com.tetherfi.test.fax.FaxTemplateUITest"/>
  <testcase name="VerifySearchDoesNotContains" time="18.351" classname="com.tetherfi.test.fax.FaxTemplateUITest"/>
  <testcase name="VerifySearchStartsWith" time="16.234" classname="com.tetherfi.test.fax.FaxTemplateUITest"/>
  <testcase name="VerifySearchEndsWith" time="16.017" classname="com.tetherfi.test.fax.FaxTemplateUITest"/>
  <testcase name="AddAutoACKTemplateTypetoRevertRecord" time="17.068" classname="com.tetherfi.test.fax.FaxTemplateAutoACKTypeCreateTest">
    <failure type="java.lang.AssertionError" message="expected [Record Created Successfully] but found [Record Creation Failed]">
      <![CDATA[java.lang.AssertionError: expected [Record Created Successfully] but found [Record Creation Failed]
at com.tetherfi.test.fax.FaxTemplateAutoACKTypeCreateTest.AddAutoACKTemplateTypetoRevertRecord(FaxTemplateAutoACKTypeCreateTest.java:80)
at java.util.ArrayList.forEach(Unknown Source)
... Removed 32 stack frames]]>
    </failure>
  </testcase> <!-- AddAutoACKTemplateTypetoRevertRecord -->
  <testcase name="VerifyRevertforAddNewRecord" time="25.511" classname="com.tetherfi.test.fax.FaxTemplateAutoACKTypeCreateTest">
    <failure type="org.openqa.selenium.TimeoutException" message="Expected condition failed: waiting for element to be clickable: [[[[[[[[ChromeDriver: chrome on WINDOWS (850dd2e48812945eb3d7919138577460)] -&amp;gt; id: grid]] -&amp;gt; tag name: tr]] -&amp;gt; tag name: td]] -&amp;gt; id: isEnabled] (tried for 20 second(s) with 500 milliseconds interval)
Build info: version: &amp;apos;3.141.59&amp;apos;, revision: &amp;apos;e82be7d358&amp;apos;, time: &amp;apos;2018-11-14T08:17:03&amp;apos;
System info: host: &amp;apos;TTF-BLR-SANTOSH&amp;apos;, ip: &amp;apos;192.168.50.12&amp;apos;, os.name: &amp;apos;Windows 10&amp;apos;, os.arch: &amp;apos;amd64&amp;apos;, os.version: &amp;apos;10.0&amp;apos;, java.version: &amp;apos;1.8.0_181&amp;apos;
Driver info: org.openqa.selenium.chrome.ChromeDriver
Capabilities {acceptInsecureCerts: false, browserName: chrome, browserVersion: 92.0.4515.131, chrome: {chromedriverVersion: 91.0.4472.19 (1bf021f248676..., userDataDir: C:\Users\admin\AppData\Loca...}, goog:chromeOptions: {debuggerAddress: localhost:61391}, javascriptEnabled: true, networkConnectionEnabled: false, pageLoadStrategy: normal, platform: WINDOWS, platformName: WINDOWS, proxy: Proxy(), setWindowRect: true, strictFileInteractability: false, timeouts: {implicit: 0, pageLoad: 300000, script: 30000}, unhandledPromptBehavior: dismiss and notify, webauthn:extension:largeBlob: true, webauthn:virtualAuthenticators: true}
Session ID: 850dd2e48812945eb3d7919138577460">
      <![CDATA[org.openqa.selenium.TimeoutException: Expected condition failed: waiting for element to be clickable: [[[[[[[[ChromeDriver: chrome on WINDOWS (850dd2e48812945eb3d7919138577460)] -> id: grid]] -> tag name: tr]] -> tag name: td]] -> id: isEnabled] (tried for 20 second(s) with 500 milliseconds interval)
Build info: version: '3.141.59', revision: 'e82be7d358', time: '2018-11-14T08:17:03'
System info: host: 'TTF-BLR-SANTOSH', ip: '192.168.50.12', os.name: 'Windows 10', os.arch: 'amd64', os.version: '10.0', java.version: '1.8.0_181'
Driver info: org.openqa.selenium.chrome.ChromeDriver
Capabilities {acceptInsecureCerts: false, browserName: chrome, browserVersion: 92.0.4515.131, chrome: {chromedriverVersion: 91.0.4472.19 (1bf021f248676..., userDataDir: C:\Users\admin\AppData\Loca...}, goog:chromeOptions: {debuggerAddress: localhost:61391}, javascriptEnabled: true, networkConnectionEnabled: false, pageLoadStrategy: normal, platform: WINDOWS, platformName: WINDOWS, proxy: Proxy(), setWindowRect: true, strictFileInteractability: false, timeouts: {implicit: 0, pageLoad: 300000, script: 30000}, unhandledPromptBehavior: dismiss and notify, webauthn:extension:largeBlob: true, webauthn:virtualAuthenticators: true}
Session ID: 850dd2e48812945eb3d7919138577460
at org.openqa.selenium.support.ui.WebDriverWait.timeoutException(WebDriverWait.java:95)
at org.openqa.selenium.support.ui.FluentWait.until(FluentWait.java:272)
at com.tetherfi.pages.BasePage.waitUntilWebElementIsClickable(BasePage.java:259)
at com.tetherfi.pages.BasePage.selectWebElement(BasePage.java:197)
at com.tetherfi.pages.FaxTemplatePage.selectRecord(FaxTemplatePage.java:1117)
at com.tetherfi.test.fax.FaxTemplateAutoACKTypeCreateTest.VerifyRevertforAddNewRecord(FaxTemplateAutoACKTypeCreateTest.java:87)
at java.util.ArrayList.forEach(Unknown Source)
... Removed 27 stack frames]]>
    </failure>
  </testcase> <!-- VerifyRevertforAddNewRecord -->
  <testcase name="VerifyApprovedDataSectionWithOutApproval" time="0.0" classname="com.tetherfi.test.fax.FaxTemplateAutoACKTypeCreateTest">
    <skipped/>
  </testcase> <!-- VerifyApprovedDataSectionWithOutApproval -->
  <testcase name="VerifyAuditTrailReportForRevertRecord" time="31.159" classname="com.tetherfi.test.fax.FaxTemplateAutoACKTypeCreateTest">
    <failure type="java.lang.IndexOutOfBoundsException" message="Index: 1, Size: 1">
      <![CDATA[java.lang.IndexOutOfBoundsException: Index: 1, Size: 1
at java.util.ArrayList.rangeCheck(Unknown Source)
at java.util.ArrayList.get(Unknown Source)
at com.tetherfi.pages.OCMReportsPage.getFirstRowDatafromTable1(OCMReportsPage.java:1767)
at com.tetherfi.pages.OCMReportsPage.verifyFaxTemplateCreate(OCMReportsPage.java:7210)
at com.tetherfi.test.fax.FaxTemplateAutoACKTypeCreateTest.VerifyAuditTrailReportForRevertRecord(FaxTemplateAutoACKTypeCreateTest.java:113)
at java.util.ArrayList.forEach(Unknown Source)
... Removed 27 stack frames]]>
    </failure>
  </testcase> <!-- VerifyAuditTrailReportForRevertRecord -->
  <testcase name="AddRejectRecord" time="12.302" classname="com.tetherfi.test.fax.FaxTemplateAutoACKTypeCreateTest"/>
  <testcase name="VerifySendForApprovalAddNewRecord" time="14.58" classname="com.tetherfi.test.fax.FaxTemplateAutoACKTypeCreateTest"/>
  <testcase name="RejectForAddNewFaxTemplateRecord" time="12.92" classname="com.tetherfi.test.fax.FaxTemplateAutoACKTypeCreateTest"/>
  <testcase name="VerifyAuditTrailReportForRejectRecord" time="31.662" classname="com.tetherfi.test.fax.FaxTemplateAutoACKTypeCreateTest"/>
  <testcase name="VerifyRecordAfterRejection" time="4.816" classname="com.tetherfi.test.fax.FaxTemplateAutoACKTypeCreateTest"/>
  <testcase name="addApproveRecord" time="12.003" classname="com.tetherfi.test.fax.FaxTemplateAutoACKTypeCreateTest"/>
  <testcase name="VerifyAuditTrailReportForApproveRecord" time="31.188" classname="com.tetherfi.test.fax.FaxTemplateAutoACKTypeCreateTest"/>
  <testcase name="VerifyAuditTrailDataForApproveRecord" time="9.669" classname="com.tetherfi.test.fax.FaxTemplateAutoACKTypeCreateTest"/>
  <testcase name="VerifySendForApprovalAddNewApproveRecord" time="14.727" classname="com.tetherfi.test.fax.FaxTemplateAutoACKTypeCreateTest"/>
  <testcase name="VerifyAuditTrailReportForSendForApproval" time="31.586" classname="com.tetherfi.test.fax.FaxTemplateAutoACKTypeCreateTest"/>
  <testcase name="ApproveForAddNewFaxTemplateRecord" time="13.612" classname="com.tetherfi.test.fax.FaxTemplateAutoACKTypeCreateTest"/>
  <testcase name="VerifyAuditTrailReportForApprove" time="30.798" classname="com.tetherfi.test.fax.FaxTemplateAutoACKTypeCreateTest"/>
  <testcase name="VerifyApprovedDataSectionAfterApproval" time="4.425" classname="com.tetherfi.test.fax.FaxTemplateAutoACKTypeCreateTest"/>
  <testcase name="addDuplicateRecord" time="11.252" classname="com.tetherfi.test.fax.FaxTemplateAutoACKTypeCreateTest"/>
  <testcase name="EditRevertAutoACKFaxTemplateRecord" time="58.636" classname="com.tetherfi.test.fax.FaxTemplateAutoACKTypeUpdateTest">
    <failure type="org.openqa.selenium.NoSuchElementException" message="no such element: Unable to locate element: {&amp;quot;method&amp;quot;:&amp;quot;css selector&amp;quot;,&amp;quot;selector&amp;quot;:&amp;quot;.toast-message&amp;quot;}
  (Session info: chrome=92.0.4515.131)
For documentation on this error, please visit: https://www.seleniumhq.org/exceptions/no_such_element.html
Build info: version: &amp;apos;3.141.59&amp;apos;, revision: &amp;apos;e82be7d358&amp;apos;, time: &amp;apos;2018-11-14T08:17:03&amp;apos;
System info: host: &amp;apos;TTF-BLR-SANTOSH&amp;apos;, ip: &amp;apos;192.168.50.12&amp;apos;, os.name: &amp;apos;Windows 10&amp;apos;, os.arch: &amp;apos;amd64&amp;apos;, os.version: &amp;apos;10.0&amp;apos;, java.version: &amp;apos;1.8.0_181&amp;apos;
Driver info: org.openqa.selenium.chrome.ChromeDriver
Capabilities {acceptInsecureCerts: false, browserName: chrome, browserVersion: 92.0.4515.131, chrome: {chromedriverVersion: 91.0.4472.19 (1bf021f248676..., userDataDir: C:\Users\admin\AppData\Loca...}, goog:chromeOptions: {debuggerAddress: localhost:51891}, javascriptEnabled: true, networkConnectionEnabled: false, pageLoadStrategy: normal, platform: WINDOWS, platformName: WINDOWS, proxy: Proxy(), setWindowRect: true, strictFileInteractability: false, timeouts: {implicit: 0, pageLoad: 300000, script: 30000}, unhandledPromptBehavior: dismiss and notify, webauthn:extension:largeBlob: true, webauthn:virtualAuthenticators: true}
Session ID: 840ebdc3afd6fd7e2081060d7d4ddd33
*** Element info: {Using=css selector, value=.toast-message}">
      <![CDATA[org.openqa.selenium.NoSuchElementException: no such element: Unable to locate element: {"method":"css selector","selector":".toast-message"}
  (Session info: chrome=92.0.4515.131)
For documentation on this error, please visit: https://www.seleniumhq.org/exceptions/no_such_element.html
Build info: version: '3.141.59', revision: 'e82be7d358', time: '2018-11-14T08:17:03'
System info: host: 'TTF-BLR-SANTOSH', ip: '192.168.50.12', os.name: 'Windows 10', os.arch: 'amd64', os.version: '10.0', java.version: '1.8.0_181'
Driver info: org.openqa.selenium.chrome.ChromeDriver
Capabilities {acceptInsecureCerts: false, browserName: chrome, browserVersion: 92.0.4515.131, chrome: {chromedriverVersion: 91.0.4472.19 (1bf021f248676..., userDataDir: C:\Users\admin\AppData\Loca...}, goog:chromeOptions: {debuggerAddress: localhost:51891}, javascriptEnabled: true, networkConnectionEnabled: false, pageLoadStrategy: normal, platform: WINDOWS, platformName: WINDOWS, proxy: Proxy(), setWindowRect: true, strictFileInteractability: false, timeouts: {implicit: 0, pageLoad: 300000, script: 30000}, unhandledPromptBehavior: dismiss and notify, webauthn:extension:largeBlob: true, webauthn:virtualAuthenticators: true}
Session ID: 840ebdc3afd6fd7e2081060d7d4ddd33
*** Element info: {Using=css selector, value=.toast-message}
at org.openqa.selenium.remote.http.W3CHttpResponseCodec.createException(W3CHttpResponseCodec.java:187)
at org.openqa.selenium.remote.http.W3CHttpResponseCodec.decode(W3CHttpResponseCodec.java:122)
at org.openqa.selenium.remote.http.W3CHttpResponseCodec.decode(W3CHttpResponseCodec.java:49)
at org.openqa.selenium.remote.HttpCommandExecutor.execute(HttpCommandExecutor.java:158)
at org.openqa.selenium.remote.service.DriverCommandExecutor.execute(DriverCommandExecutor.java:83)
at org.openqa.selenium.remote.RemoteWebDriver.execute(RemoteWebDriver.java:552)
at org.openqa.selenium.remote.RemoteWebDriver.findElement(RemoteWebDriver.java:323)
at org.openqa.selenium.remote.RemoteWebDriver.findElementByCssSelector(RemoteWebDriver.java:420)
at org.openqa.selenium.By$ByCssSelector.findElement(By.java:431)
at org.openqa.selenium.remote.RemoteWebDriver.findElement(RemoteWebDriver.java:315)
at org.openqa.selenium.support.pagefactory.DefaultElementLocator.findElement(DefaultElementLocator.java:69)
at org.openqa.selenium.support.pagefactory.internal.LocatingElementHandler.invoke(LocatingElementHandler.java:38)
at com.sun.proxy.$Proxy11.isDisplayed(Unknown Source)
at com.tetherfi.pages.FaxTemplatePage.getSuccessMessage(FaxTemplatePage.java:788)
at com.tetherfi.test.fax.FaxTemplateAutoACKTypeUpdateTest.EditRevertAutoACKFaxTemplateRecord(FaxTemplateAutoACKTypeUpdateTest.java:79)
at java.util.ArrayList.forEach(Unknown Source)
... Removed 31 stack frames]]>
    </failure>
  </testcase> <!-- EditRevertAutoACKFaxTemplateRecord -->
  <testcase name="VerifyRevertforEditRecord" time="0.0" classname="com.tetherfi.test.fax.FaxTemplateAutoACKTypeUpdateTest">
    <skipped/>
  </testcase> <!-- VerifyRevertforEditRecord -->
  <testcase name="VerifyAuditTrailReportForEditRevertRecord" time="0.0" classname="com.tetherfi.test.fax.FaxTemplateAutoACKTypeUpdateTest">
    <skipped/>
  </testcase> <!-- VerifyAuditTrailReportForEditRevertRecord -->
  <testcase name="EditRejectAutoACKFaxTemplateRecord" time="0.0" classname="com.tetherfi.test.fax.FaxTemplateAutoACKTypeUpdateTest">
    <skipped/>
  </testcase> <!-- EditRejectAutoACKFaxTemplateRecord -->
  <testcase name="VerifySendForApprovalForEditRejectRecord" time="0.0" classname="com.tetherfi.test.fax.FaxTemplateAutoACKTypeUpdateTest">
    <skipped/>
  </testcase> <!-- VerifySendForApprovalForEditRejectRecord -->
  <testcase name="RejectforEditFaxTemplateRecord" time="0.0" classname="com.tetherfi.test.fax.FaxTemplateAutoACKTypeUpdateTest">
    <skipped/>
  </testcase> <!-- RejectforEditFaxTemplateRecord -->
  <testcase name="VerifyAuditTrailReportForRejectRecord" time="0.0" classname="com.tetherfi.test.fax.FaxTemplateAutoACKTypeUpdateTest">
    <skipped/>
  </testcase> <!-- VerifyAuditTrailReportForRejectRecord -->
  <testcase name="EditApproveAutoACKFaxTemplateRecord" time="0.0" classname="com.tetherfi.test.fax.FaxTemplateAutoACKTypeUpdateTest">
    <skipped/>
  </testcase> <!-- EditApproveAutoACKFaxTemplateRecord -->
  <testcase name="VerifyAuditTrailDataForApproveRecord" time="0.0" classname="com.tetherfi.test.fax.FaxTemplateAutoACKTypeUpdateTest">
    <skipped/>
  </testcase> <!-- VerifyAuditTrailDataForApproveRecord -->
  <testcase name="VerifyAuditTrailReportForUpdate" time="0.0" classname="com.tetherfi.test.fax.FaxTemplateAutoACKTypeUpdateTest">
    <skipped/>
  </testcase> <!-- VerifyAuditTrailReportForUpdate -->
  <testcase name="VerifySendForApprovalForEditApproveRecord" time="0.0" classname="com.tetherfi.test.fax.FaxTemplateAutoACKTypeUpdateTest">
    <skipped/>
  </testcase> <!-- VerifySendForApprovalForEditApproveRecord -->
  <testcase name="VerifyAuditTrailReportForSendForApproval" time="0.0" classname="com.tetherfi.test.fax.FaxTemplateAutoACKTypeUpdateTest">
    <skipped/>
  </testcase> <!-- VerifyAuditTrailReportForSendForApproval -->
  <testcase name="ApproveForUpdatedFaxTemplateRecord" time="0.0" classname="com.tetherfi.test.fax.FaxTemplateAutoACKTypeUpdateTest">
    <skipped/>
  </testcase> <!-- ApproveForUpdatedFaxTemplateRecord -->
  <testcase name="VerifyAuditTrailReportForApprove" time="0.0" classname="com.tetherfi.test.fax.FaxTemplateAutoACKTypeUpdateTest">
    <skipped/>
  </testcase> <!-- VerifyAuditTrailReportForApprove -->
  <testcase name="EditApproveFaxTemplateRecordWithOutModifyReson" time="0.0" classname="com.tetherfi.test.fax.FaxTemplateAutoACKTypeUpdateTest">
    <skipped/>
  </testcase> <!-- EditApproveFaxTemplateRecordWithOutModifyReson -->
  <testcase name="VerifyDeleteCancelAutoACKTypeFaxTemplateRecord" time="0.0" classname="com.tetherfi.test.fax.FaxTemplateAutoACKTypeDeleteTest">
    <skipped/>
  </testcase> <!-- VerifyDeleteCancelAutoACKTypeFaxTemplateRecord -->
  <testcase name="VerifyDeleteAutoACKTypeFaxTemplateRecordWithOutDeleteReason" time="0.0" classname="com.tetherfi.test.fax.FaxTemplateAutoACKTypeDeleteTest">
    <skipped/>
  </testcase> <!-- VerifyDeleteAutoACKTypeFaxTemplateRecordWithOutDeleteReason -->
  <testcase name="VerifyDeleteAutoACKFaxTemplateRevertRecord" time="0.0" classname="com.tetherfi.test.fax.FaxTemplateAutoACKTypeDeleteTest">
    <skipped/>
  </testcase> <!-- VerifyDeleteAutoACKFaxTemplateRevertRecord -->
  <testcase name="VerifyRevertforDeleteRecord" time="0.0" classname="com.tetherfi.test.fax.FaxTemplateAutoACKTypeDeleteTest">
    <skipped/>
  </testcase> <!-- VerifyRevertforDeleteRecord -->
  <testcase name="VerifyAuditTrailReportForDeleteRevertRecord" time="0.0" classname="com.tetherfi.test.fax.FaxTemplateAutoACKTypeDeleteTest">
    <skipped/>
  </testcase> <!-- VerifyAuditTrailReportForDeleteRevertRecord -->
  <testcase name="VerifyDeleteAutoACKTypeFaxTemplateRejectRecord" time="0.0" classname="com.tetherfi.test.fax.FaxTemplateAutoACKTypeDeleteTest">
    <skipped/>
  </testcase> <!-- VerifyDeleteAutoACKTypeFaxTemplateRejectRecord -->
  <testcase name="VerifySendForApprovalDeleteRejectRecord" time="0.0" classname="com.tetherfi.test.fax.FaxTemplateAutoACKTypeDeleteTest">
    <skipped/>
  </testcase> <!-- VerifySendForApprovalDeleteRejectRecord -->
  <testcase name="RejectForDeleteFaxTemplateRecord" time="0.0" classname="com.tetherfi.test.fax.FaxTemplateAutoACKTypeDeleteTest">
    <skipped/>
  </testcase> <!-- RejectForDeleteFaxTemplateRecord -->
  <testcase name="VerifyAuditTrailReportForRejectRecord" time="0.0" classname="com.tetherfi.test.fax.FaxTemplateAutoACKTypeDeleteTest">
    <skipped/>
  </testcase> <!-- VerifyAuditTrailReportForRejectRecord -->
  <testcase name="VerifyDeleteAutoACKTypeFaxTemplateApproveRecord" time="0.0" classname="com.tetherfi.test.fax.FaxTemplateAutoACKTypeDeleteTest">
    <skipped/>
  </testcase> <!-- VerifyDeleteAutoACKTypeFaxTemplateApproveRecord -->
  <testcase name="VerifyAuditTrailReportForDeleteApproveRecord" time="0.0" classname="com.tetherfi.test.fax.FaxTemplateAutoACKTypeDeleteTest">
    <skipped/>
  </testcase> <!-- VerifyAuditTrailReportForDeleteApproveRecord -->
  <testcase name="VerifyAuditTrailDataForApproveRecord" time="0.0" classname="com.tetherfi.test.fax.FaxTemplateAutoACKTypeDeleteTest">
    <skipped/>
  </testcase> <!-- VerifyAuditTrailDataForApproveRecord -->
  <testcase name="VerifySendForApprovalDeleteApproveRecord" time="0.001" classname="com.tetherfi.test.fax.FaxTemplateAutoACKTypeDeleteTest">
    <skipped/>
  </testcase> <!-- VerifySendForApprovalDeleteApproveRecord -->
  <testcase name="VerifyAuditTrailReportForSendForApproval" time="0.0" classname="com.tetherfi.test.fax.FaxTemplateAutoACKTypeDeleteTest">
    <skipped/>
  </testcase> <!-- VerifyAuditTrailReportForSendForApproval -->
  <testcase name="ApproveForDeleteFaxTemplateRecord" time="0.0" classname="com.tetherfi.test.fax.FaxTemplateAutoACKTypeDeleteTest">
    <skipped/>
  </testcase> <!-- ApproveForDeleteFaxTemplateRecord -->
  <testcase name="VerifyAuditTrailReportForApprove" time="0.0" classname="com.tetherfi.test.fax.FaxTemplateAutoACKTypeDeleteTest">
    <skipped/>
  </testcase> <!-- VerifyAuditTrailReportForApprove -->
</testsuite> <!-- OCMRegression -->
