<?xml version="1.0" encoding="UTF-8"?>
<!-- Generated by org.testng.reporters.JUnitReportReporter -->
<testsuite skipped="6" hostname="TTF-BLR-SANTOSHKOUJALAGI" name="com.tetherfi.test.reports.OCMFaceAuthReportTest" tests="33" failures="5" timestamp="2021-09-09T02:35:31 IST" time="517.724" errors="1">
  <testcase name="database" time="20.468" classname="com.tetherfi.test.reports.OCMFaceAuthReportTest">
    <failure type="java.lang.AssertionError" message="Main report data mismatch did not expect to find [true] but found [false]">
      <![CDATA[java.lang.AssertionError: Main report data mismatch did not expect to find [true] but found [false]
at org.testng.Assert.fail(Assert.java:97)
at org.testng.Assert.failNotEquals(Assert.java:969)
at org.testng.Assert.assertTrue(Assert.java:43)
at com.tetherfi.test.reports.OCMFaceAuthReportTest.database(OCMFaceAuthReportTest.java:47)
at sun.reflect.NativeMethodAccessorImpl.invoke0(Native Method)
at sun.reflect.NativeMethodAccessorImpl.invoke(Unknown Source)
at sun.reflect.DelegatingMethodAccessorImpl.invoke(Unknown Source)
at java.lang.reflect.Method.invoke(Unknown Source)
at org.testng.internal.MethodInvocationHelper.invokeMethod(MethodInvocationHelper.java:133)
at org.testng.internal.TestInvoker.invokeMethod(TestInvoker.java:584)
at org.testng.internal.TestInvoker.invokeTestMethod(TestInvoker.java:172)
at org.testng.internal.MethodRunner.runInSequence(MethodRunner.java:46)
at org.testng.internal.TestInvoker$MethodInvocationAgent.invoke(TestInvoker.java:804)
at org.testng.internal.TestInvoker.invokeTestMethods(TestInvoker.java:145)
at org.testng.internal.TestMethodWorker.invokeTestMethods(TestMethodWorker.java:146)
at org.testng.internal.TestMethodWorker.run(TestMethodWorker.java:128)
at java.util.ArrayList.forEach(Unknown Source)
at org.testng.TestRunner.privateRun(TestRunner.java:770)
at org.testng.TestRunner.run(TestRunner.java:591)
at org.testng.SuiteRunner.runTest(SuiteRunner.java:402)
at org.testng.SuiteRunner.runSequentially(SuiteRunner.java:396)
at org.testng.SuiteRunner.privateRun(SuiteRunner.java:355)
at org.testng.SuiteRunner.run(SuiteRunner.java:304)
at org.testng.SuiteRunnerWorker.runSuite(SuiteRunnerWorker.java:53)
at org.testng.SuiteRunnerWorker.run(SuiteRunnerWorker.java:96)
at org.testng.TestNG.runSuitesSequentially(TestNG.java:1180)
at org.testng.TestNG.runSuitesLocally(TestNG.java:1102)
at org.testng.TestNG.runSuites(TestNG.java:1032)
at org.testng.TestNG.run(TestNG.java:1000)
at org.testng.remote.AbstractRemoteTestNG.run(AbstractRemoteTestNG.java:115)
at org.testng.remote.RemoteTestNG.initAndRun(RemoteTestNG.java:251)
at org.testng.remote.RemoteTestNG.main(RemoteTestNG.java:77)
]]>
    </failure>
  </testcase> <!-- database -->
  <testcase name="VerifySearchIsEqualTo" time="26.321" classname="com.tetherfi.test.reports.OCMFaceAuthReportTest"/>
  <testcase name="VerifySearchIsNotEqualTo" time="22.124" classname="com.tetherfi.test.reports.OCMFaceAuthReportTest"/>
  <testcase name="VerifySearchContains" time="23.548" classname="com.tetherfi.test.reports.OCMFaceAuthReportTest"/>
  <testcase name="VerifySearchDoesNotContains" time="25.624" classname="com.tetherfi.test.reports.OCMFaceAuthReportTest"/>
  <testcase name="VerifySearchStartsWith" time="24.797" classname="com.tetherfi.test.reports.OCMFaceAuthReportTest"/>
  <testcase name="VerifySearchEndsWith" time="21.759" classname="com.tetherfi.test.reports.OCMFaceAuthReportTest"/>
  <testcase name="searchwithoutSearchTextbox" time="20.384" classname="com.tetherfi.test.reports.OCMFaceAuthReportTest"/>
  <testcase name="SearchClear" time="19.961" classname="com.tetherfi.test.reports.OCMFaceAuthReportTest"/>
  <testcase name="GroupBy" time="26.388" classname="com.tetherfi.test.reports.OCMFaceAuthReportTest"/>
  <testcase name="ScheduleOCMFaceAuthReport" time="13.493" classname="com.tetherfi.test.reports.OCMFaceAuthReportTest"/>
  <testcase name="ExportOCMFaceAuthReport" time="13.499" classname="com.tetherfi.test.reports.OCMFaceAuthReportTest"/>
  <testcase name="ViewDownloadedOCMFaceAuthReportInReportsDownloadPage" time="19.652" classname="com.tetherfi.test.reports.OCMFaceAuthReportTest">
    <failure type="java.lang.AssertionError" message="Report not found in Reporter download page did not expect to find [true] but found [false]">
      <![CDATA[java.lang.AssertionError: Report not found in Reporter download page did not expect to find [true] but found [false]
at org.testng.Assert.fail(Assert.java:97)
at org.testng.Assert.failNotEquals(Assert.java:969)
at org.testng.Assert.assertTrue(Assert.java:43)
at com.tetherfi.test.reports.OCMFaceAuthReportTest.ViewDownloadedOCMFaceAuthReportInReportsDownloadPage(OCMFaceAuthReportTest.java:412)
at sun.reflect.NativeMethodAccessorImpl.invoke0(Native Method)
at sun.reflect.NativeMethodAccessorImpl.invoke(Unknown Source)
at sun.reflect.DelegatingMethodAccessorImpl.invoke(Unknown Source)
at java.lang.reflect.Method.invoke(Unknown Source)
at org.testng.internal.MethodInvocationHelper.invokeMethod(MethodInvocationHelper.java:133)
at org.testng.internal.TestInvoker.invokeMethod(TestInvoker.java:584)
at org.testng.internal.TestInvoker.invokeTestMethod(TestInvoker.java:172)
at org.testng.internal.MethodRunner.runInSequence(MethodRunner.java:46)
at org.testng.internal.TestInvoker$MethodInvocationAgent.invoke(TestInvoker.java:804)
at org.testng.internal.TestInvoker.invokeTestMethods(TestInvoker.java:145)
at org.testng.internal.TestMethodWorker.invokeTestMethods(TestMethodWorker.java:146)
at org.testng.internal.TestMethodWorker.run(TestMethodWorker.java:128)
at java.util.ArrayList.forEach(Unknown Source)
at org.testng.TestRunner.privateRun(TestRunner.java:770)
at org.testng.TestRunner.run(TestRunner.java:591)
at org.testng.SuiteRunner.runTest(SuiteRunner.java:402)
at org.testng.SuiteRunner.runSequentially(SuiteRunner.java:396)
at org.testng.SuiteRunner.privateRun(SuiteRunner.java:355)
at org.testng.SuiteRunner.run(SuiteRunner.java:304)
at org.testng.SuiteRunnerWorker.runSuite(SuiteRunnerWorker.java:53)
at org.testng.SuiteRunnerWorker.run(SuiteRunnerWorker.java:96)
at org.testng.TestNG.runSuitesSequentially(TestNG.java:1180)
at org.testng.TestNG.runSuitesLocally(TestNG.java:1102)
at org.testng.TestNG.runSuites(TestNG.java:1032)
at org.testng.TestNG.run(TestNG.java:1000)
at org.testng.remote.AbstractRemoteTestNG.run(AbstractRemoteTestNG.java:115)
at org.testng.remote.RemoteTestNG.initAndRun(RemoteTestNG.java:251)
at org.testng.remote.RemoteTestNG.main(RemoteTestNG.java:77)
]]>
    </failure>
  </testcase> <!-- ViewDownloadedOCMFaceAuthReportInReportsDownloadPage -->
  <testcase name="VerifyViewDownloadedOCMFaceAuthReportInReportsDownloadPage" time="4.228" classname="com.tetherfi.test.reports.OCMFaceAuthReportTest">
    <skipped/>
  </testcase> <!-- VerifyViewDownloadedOCMFaceAuthReportInReportsDownloadPage -->
  <testcase name="DeleteWithoutDeleteReasonRecordinReportsDownloadforSingleDate" time="10.432" classname="com.tetherfi.test.reports.OCMFaceAuthReportTest"/>
  <testcase name="VerifyCancelBtnAtReportsDownloadforSingleDate" time="34.725" classname="com.tetherfi.test.reports.OCMFaceAuthReportTest"/>
  <testcase name="DeleteRecordforSingleDate" time="11.106" classname="com.tetherfi.test.reports.OCMFaceAuthReportTest"/>
  <testcase name="ScheduleReportforDateRange" time="14.500" classname="com.tetherfi.test.reports.OCMFaceAuthReportTest"/>
  <testcase name="ExportReportForDateRange" time="13.031" classname="com.tetherfi.test.reports.OCMFaceAuthReportTest"/>
  <testcase name="ViewDownloadedOCMFaceAuthReportInReportsDownloadPageDateRange" time="10.900" classname="com.tetherfi.test.reports.OCMFaceAuthReportTest">
    <failure type="java.lang.AssertionError" message="Report not found in Reporter download page did not expect to find [true] but found [false]">
      <![CDATA[java.lang.AssertionError: Report not found in Reporter download page did not expect to find [true] but found [false]
at org.testng.Assert.fail(Assert.java:97)
at org.testng.Assert.failNotEquals(Assert.java:969)
at org.testng.Assert.assertTrue(Assert.java:43)
at com.tetherfi.test.reports.OCMFaceAuthReportTest.ViewDownloadedOCMFaceAuthReportInReportsDownloadPageDateRange(OCMFaceAuthReportTest.java:506)
at sun.reflect.NativeMethodAccessorImpl.invoke0(Native Method)
at sun.reflect.NativeMethodAccessorImpl.invoke(Unknown Source)
at sun.reflect.DelegatingMethodAccessorImpl.invoke(Unknown Source)
at java.lang.reflect.Method.invoke(Unknown Source)
at org.testng.internal.MethodInvocationHelper.invokeMethod(MethodInvocationHelper.java:133)
at org.testng.internal.TestInvoker.invokeMethod(TestInvoker.java:584)
at org.testng.internal.TestInvoker.invokeTestMethod(TestInvoker.java:172)
at org.testng.internal.MethodRunner.runInSequence(MethodRunner.java:46)
at org.testng.internal.TestInvoker$MethodInvocationAgent.invoke(TestInvoker.java:804)
at org.testng.internal.TestInvoker.invokeTestMethods(TestInvoker.java:145)
at org.testng.internal.TestMethodWorker.invokeTestMethods(TestMethodWorker.java:146)
at org.testng.internal.TestMethodWorker.run(TestMethodWorker.java:128)
at java.util.ArrayList.forEach(Unknown Source)
at org.testng.TestRunner.privateRun(TestRunner.java:770)
at org.testng.TestRunner.run(TestRunner.java:591)
at org.testng.SuiteRunner.runTest(SuiteRunner.java:402)
at org.testng.SuiteRunner.runSequentially(SuiteRunner.java:396)
at org.testng.SuiteRunner.privateRun(SuiteRunner.java:355)
at org.testng.SuiteRunner.run(SuiteRunner.java:304)
at org.testng.SuiteRunnerWorker.runSuite(SuiteRunnerWorker.java:53)
at org.testng.SuiteRunnerWorker.run(SuiteRunnerWorker.java:96)
at org.testng.TestNG.runSuitesSequentially(TestNG.java:1180)
at org.testng.TestNG.runSuitesLocally(TestNG.java:1102)
at org.testng.TestNG.runSuites(TestNG.java:1032)
at org.testng.TestNG.run(TestNG.java:1000)
at org.testng.remote.AbstractRemoteTestNG.run(AbstractRemoteTestNG.java:115)
at org.testng.remote.RemoteTestNG.initAndRun(RemoteTestNG.java:251)
at org.testng.remote.RemoteTestNG.main(RemoteTestNG.java:77)
]]>
    </failure>
  </testcase> <!-- ViewDownloadedOCMFaceAuthReportInReportsDownloadPageDateRange -->
  <testcase name="VerifyViewDownloadedReportInReportsDownloadPage" time="3.744" classname="com.tetherfi.test.reports.OCMFaceAuthReportTest">
    <skipped/>
  </testcase> <!-- VerifyViewDownloadedReportInReportsDownloadPage -->
  <testcase name="DeleteRecordWithoutDeleteReasoninReportsDownloadforDateRange" time="9.919" classname="com.tetherfi.test.reports.OCMFaceAuthReportTest"/>
  <testcase name="VerifyDeleteCancelInReportsDownload" time="31.965" classname="com.tetherfi.test.reports.OCMFaceAuthReportTest"/>
  <testcase name="DeleteRecordAtReportsDownload" time="12.745" classname="com.tetherfi.test.reports.OCMFaceAuthReportTest"/>
  <testcase name="ExportPage" time="17.745" classname="com.tetherfi.test.reports.OCMFaceAuthReportTest">
    <failure type="java.lang.AssertionError" message="did not expect to find [true] but found [false]">
      <![CDATA[java.lang.AssertionError: did not expect to find [true] but found [false]
at org.testng.Assert.fail(Assert.java:97)
at org.testng.Assert.failNotEquals(Assert.java:969)
at org.testng.Assert.assertTrue(Assert.java:43)
at org.testng.Assert.assertTrue(Assert.java:53)
at com.tetherfi.test.reports.OCMFaceAuthReportTest.ExportPage(OCMFaceAuthReportTest.java:560)
at sun.reflect.NativeMethodAccessorImpl.invoke0(Native Method)
at sun.reflect.NativeMethodAccessorImpl.invoke(Unknown Source)
at sun.reflect.DelegatingMethodAccessorImpl.invoke(Unknown Source)
at java.lang.reflect.Method.invoke(Unknown Source)
at org.testng.internal.MethodInvocationHelper.invokeMethod(MethodInvocationHelper.java:133)
at org.testng.internal.TestInvoker.invokeMethod(TestInvoker.java:584)
at org.testng.internal.TestInvoker.invokeTestMethod(TestInvoker.java:172)
at org.testng.internal.MethodRunner.runInSequence(MethodRunner.java:46)
at org.testng.internal.TestInvoker$MethodInvocationAgent.invoke(TestInvoker.java:804)
at org.testng.internal.TestInvoker.invokeTestMethods(TestInvoker.java:145)
at org.testng.internal.TestMethodWorker.invokeTestMethods(TestMethodWorker.java:146)
at org.testng.internal.TestMethodWorker.run(TestMethodWorker.java:128)
at java.util.ArrayList.forEach(Unknown Source)
at org.testng.TestRunner.privateRun(TestRunner.java:770)
at org.testng.TestRunner.run(TestRunner.java:591)
at org.testng.SuiteRunner.runTest(SuiteRunner.java:402)
at org.testng.SuiteRunner.runSequentially(SuiteRunner.java:396)
at org.testng.SuiteRunner.privateRun(SuiteRunner.java:355)
at org.testng.SuiteRunner.run(SuiteRunner.java:304)
at org.testng.SuiteRunnerWorker.runSuite(SuiteRunnerWorker.java:53)
at org.testng.SuiteRunnerWorker.run(SuiteRunnerWorker.java:96)
at org.testng.TestNG.runSuitesSequentially(TestNG.java:1180)
at org.testng.TestNG.runSuitesLocally(TestNG.java:1102)
at org.testng.TestNG.runSuites(TestNG.java:1032)
at org.testng.TestNG.run(TestNG.java:1000)
at org.testng.remote.AbstractRemoteTestNG.run(AbstractRemoteTestNG.java:115)
at org.testng.remote.RemoteTestNG.initAndRun(RemoteTestNG.java:251)
at org.testng.remote.RemoteTestNG.main(RemoteTestNG.java:77)
]]>
    </failure>
  </testcase> <!-- ExportPage -->
  <testcase name="VerifyExportedPage" time="4.059" classname="com.tetherfi.test.reports.OCMFaceAuthReportTest">
    <skipped/>
  </testcase> <!-- VerifyExportedPage -->
  <testcase name="SchedulereportinOCMFaceAuthReportPage" time="16.414" classname="com.tetherfi.test.reports.OCMFaceAuthReportTest"/>
  <testcase name="ExportToExcelForFaceAuthReport" time="10.548" classname="com.tetherfi.test.reports.OCMFaceAuthReportTest"/>
  <testcase name="ViewDownloadedOCMFaceAuthReportInReportsDownloadPageinFaceAuthPg" time="15.936" classname="com.tetherfi.test.reports.OCMFaceAuthReportTest">
    <failure type="java.lang.AssertionError" message="Report not found in Reporter download page did not expect to find [true] but found [false]">
      <![CDATA[java.lang.AssertionError: Report not found in Reporter download page did not expect to find [true] but found [false]
at org.testng.Assert.fail(Assert.java:97)
at org.testng.Assert.failNotEquals(Assert.java:969)
at org.testng.Assert.assertTrue(Assert.java:43)
at com.tetherfi.test.reports.OCMFaceAuthReportTest.ViewDownloadedOCMFaceAuthReportInReportsDownloadPageinFaceAuthPg(OCMFaceAuthReportTest.java:610)
at sun.reflect.NativeMethodAccessorImpl.invoke0(Native Method)
at sun.reflect.NativeMethodAccessorImpl.invoke(Unknown Source)
at sun.reflect.DelegatingMethodAccessorImpl.invoke(Unknown Source)
at java.lang.reflect.Method.invoke(Unknown Source)
at org.testng.internal.MethodInvocationHelper.invokeMethod(MethodInvocationHelper.java:133)
at org.testng.internal.TestInvoker.invokeMethod(TestInvoker.java:584)
at org.testng.internal.TestInvoker.invokeTestMethod(TestInvoker.java:172)
at org.testng.internal.MethodRunner.runInSequence(MethodRunner.java:46)
at org.testng.internal.TestInvoker$MethodInvocationAgent.invoke(TestInvoker.java:804)
at org.testng.internal.TestInvoker.invokeTestMethods(TestInvoker.java:145)
at org.testng.internal.TestMethodWorker.invokeTestMethods(TestMethodWorker.java:146)
at org.testng.internal.TestMethodWorker.run(TestMethodWorker.java:128)
at java.util.ArrayList.forEach(Unknown Source)
at org.testng.TestRunner.privateRun(TestRunner.java:770)
at org.testng.TestRunner.run(TestRunner.java:591)
at org.testng.SuiteRunner.runTest(SuiteRunner.java:402)
at org.testng.SuiteRunner.runSequentially(SuiteRunner.java:396)
at org.testng.SuiteRunner.privateRun(SuiteRunner.java:355)
at org.testng.SuiteRunner.run(SuiteRunner.java:304)
at org.testng.SuiteRunnerWorker.runSuite(SuiteRunnerWorker.java:53)
at org.testng.SuiteRunnerWorker.run(SuiteRunnerWorker.java:96)
at org.testng.TestNG.runSuitesSequentially(TestNG.java:1180)
at org.testng.TestNG.runSuitesLocally(TestNG.java:1102)
at org.testng.TestNG.runSuites(TestNG.java:1032)
at org.testng.TestNG.run(TestNG.java:1000)
at org.testng.remote.AbstractRemoteTestNG.run(AbstractRemoteTestNG.java:115)
at org.testng.remote.RemoteTestNG.initAndRun(RemoteTestNG.java:251)
at org.testng.remote.RemoteTestNG.main(RemoteTestNG.java:77)
]]>
    </failure>
  </testcase> <!-- ViewDownloadedOCMFaceAuthReportInReportsDownloadPageinFaceAuthPg -->
  <testcase name="VerifyViewDownloadedinOCMFaceAuthReportPage" time="0.000" classname="com.tetherfi.test.reports.OCMFaceAuthReportTest">
    <skipped/>
  </testcase> <!-- VerifyViewDownloadedinOCMFaceAuthReportPage -->
  <testcase name="VerifyJsonDataForColumnNames" time="17.709" classname="com.tetherfi.test.reports.OCMFaceAuthReportTest">
    <error type="java.lang.NullPointerException">
      <![CDATA[java.lang.NullPointerException
at com.tetherfi.pages.OCMFaceAuthReportPage.verifyJsonDataForgridColumnHidden(OCMFaceAuthReportPage.java:980)
at com.tetherfi.test.reports.OCMFaceAuthReportTest.VerifyJsonDataForColumnNames(OCMFaceAuthReportTest.java:633)
at sun.reflect.NativeMethodAccessorImpl.invoke0(Native Method)
at sun.reflect.NativeMethodAccessorImpl.invoke(Unknown Source)
at sun.reflect.DelegatingMethodAccessorImpl.invoke(Unknown Source)
at java.lang.reflect.Method.invoke(Unknown Source)
at org.testng.internal.MethodInvocationHelper.invokeMethod(MethodInvocationHelper.java:133)
at org.testng.internal.TestInvoker.invokeMethod(TestInvoker.java:584)
at org.testng.internal.TestInvoker.invokeTestMethod(TestInvoker.java:172)
at org.testng.internal.MethodRunner.runInSequence(MethodRunner.java:46)
at org.testng.internal.TestInvoker$MethodInvocationAgent.invoke(TestInvoker.java:804)
at org.testng.internal.TestInvoker.invokeTestMethods(TestInvoker.java:145)
at org.testng.internal.TestMethodWorker.invokeTestMethods(TestMethodWorker.java:146)
at org.testng.internal.TestMethodWorker.run(TestMethodWorker.java:128)
at java.util.ArrayList.forEach(Unknown Source)
at org.testng.TestRunner.privateRun(TestRunner.java:770)
at org.testng.TestRunner.run(TestRunner.java:591)
at org.testng.SuiteRunner.runTest(SuiteRunner.java:402)
at org.testng.SuiteRunner.runSequentially(SuiteRunner.java:396)
at org.testng.SuiteRunner.privateRun(SuiteRunner.java:355)
at org.testng.SuiteRunner.run(SuiteRunner.java:304)
at org.testng.SuiteRunnerWorker.runSuite(SuiteRunnerWorker.java:53)
at org.testng.SuiteRunnerWorker.run(SuiteRunnerWorker.java:96)
at org.testng.TestNG.runSuitesSequentially(TestNG.java:1180)
at org.testng.TestNG.runSuitesLocally(TestNG.java:1102)
at org.testng.TestNG.runSuites(TestNG.java:1032)
at org.testng.TestNG.run(TestNG.java:1000)
at org.testng.remote.AbstractRemoteTestNG.run(AbstractRemoteTestNG.java:115)
at org.testng.remote.RemoteTestNG.initAndRun(RemoteTestNG.java:251)
at org.testng.remote.RemoteTestNG.main(RemoteTestNG.java:77)
]]>
    </error>
  </testcase> <!-- VerifyJsonDataForColumnNames -->
  <testcase name="ShowReportForDateRange" classname="com.tetherfi.test.reports.OCMFaceAuthReportTest">
    <skipped/>
  </testcase> <!-- ShowReportForDateRange -->
  <testcase name="ShowReportForDateRangeInNewPage" classname="com.tetherfi.test.reports.OCMFaceAuthReportTest">
    <skipped/>
  </testcase> <!-- ShowReportForDateRangeInNewPage -->
</testsuite> <!-- com.tetherfi.test.reports.OCMFaceAuthReportTest -->
