<?xml version="1.0" encoding="UTF-8"?>
<!-- Generated by org.testng.reporters.JUnitReportReporter -->
<testsuite skipped="3" hostname="TTF-BLR-SANTOSHKOUJALAGI" name="com.tetherfi.test.fax.FaxTemplateCustomTemplateTypeCreateTest" tests="22" failures="1" timestamp="2021-07-26T23:31:31 IST" time="1171.214" errors="0">
  <testcase name="VerifyAddCancelButton" time="56.543" classname="com.tetherfi.test.fax.FaxTemplateCustomTemplateTypeCreateTest"/>
  <testcase name="VerifyAddRecordWithOutTemplateName" time="40.220" classname="com.tetherfi.test.fax.FaxTemplateCustomTemplateTypeCreateTest"/>
  <testcase name="VerifyAddRecordWithOutTemplateType" time="34.003" classname="com.tetherfi.test.fax.FaxTemplateCustomTemplateTypeCreateTest"/>
  <testcase name="VerifyAddRecordWithOutContent" time="57.600" classname="com.tetherfi.test.fax.FaxTemplateCustomTemplateTypeCreateTest"/>
  <testcase name="AddRevertRecord" time="91.711" classname="com.tetherfi.test.fax.FaxTemplateCustomTemplateTypeCreateTest"/>
  <testcase name="VerifyRevertforAddNewRecord" time="61.805" classname="com.tetherfi.test.fax.FaxTemplateCustomTemplateTypeCreateTest"/>
  <testcase name="VerifyApprovedDataSectionWithOutApproval" time="56.660" classname="com.tetherfi.test.fax.FaxTemplateCustomTemplateTypeCreateTest"/>
  <testcase name="VerifyAuditTrailReportForRevertRecord" time="83.385" classname="com.tetherfi.test.fax.FaxTemplateCustomTemplateTypeCreateTest"/>
  <testcase name="AddRejectRecord" time="87.450" classname="com.tetherfi.test.fax.FaxTemplateCustomTemplateTypeCreateTest"/>
  <testcase name="VerifySendForApprovalAddNewRecord" time="66.143" classname="com.tetherfi.test.fax.FaxTemplateCustomTemplateTypeCreateTest"/>
  <testcase name="RejectForAddNewFaxTemplateRecord" time="64.233" classname="com.tetherfi.test.fax.FaxTemplateCustomTemplateTypeCreateTest"/>
  <testcase name="VerifyAuditTrailReportForRejectRecord" time="80.887" classname="com.tetherfi.test.fax.FaxTemplateCustomTemplateTypeCreateTest"/>
  <testcase name="VerifyRecordAfterRejection" time="34.235" classname="com.tetherfi.test.fax.FaxTemplateCustomTemplateTypeCreateTest"/>
  <testcase name="addApproveRecord" time="64.237" classname="com.tetherfi.test.fax.FaxTemplateCustomTemplateTypeCreateTest"/>
  <testcase name="VerifyAuditTrailReportForApproveRecord" time="89.513" classname="com.tetherfi.test.fax.FaxTemplateCustomTemplateTypeCreateTest"/>
  <testcase name="VerifyAuditTrailDataForApproveRecord" time="35.936" classname="com.tetherfi.test.fax.FaxTemplateCustomTemplateTypeCreateTest"/>
  <testcase name="VerifySendForApprovalAddNewApproveRecord" time="66.964" classname="com.tetherfi.test.fax.FaxTemplateCustomTemplateTypeCreateTest"/>
  <testcase name="VerifyAuditTrailReportForSendForApproval" time="60.431" classname="com.tetherfi.test.fax.FaxTemplateCustomTemplateTypeCreateTest"/>
  <testcase name="ApproveForAddNewFaxTemplateRecord" time="39.258" classname="com.tetherfi.test.fax.FaxTemplateCustomTemplateTypeCreateTest">
    <failure type="java.lang.AssertionError" message="Record Approve Assertion failed did not expect to find [true] but found [false]">
      <![CDATA[java.lang.AssertionError: Record Approve Assertion failed did not expect to find [true] but found [false]
at org.testng.Assert.fail(Assert.java:97)
at org.testng.Assert.failNotEquals(Assert.java:969)
at org.testng.Assert.assertTrue(Assert.java:43)
at com.tetherfi.test.fax.FaxTemplateCustomTemplateTypeCreateTest.ApproveForAddNewFaxTemplateRecord(FaxTemplateCustomTemplateTypeCreateTest.java:275)
at sun.reflect.NativeMethodAccessorImpl.invoke0(Native Method)
at sun.reflect.NativeMethodAccessorImpl.invoke(Unknown Source)
at sun.reflect.DelegatingMethodAccessorImpl.invoke(Unknown Source)
at java.lang.reflect.Method.invoke(Unknown Source)
at org.testng.internal.MethodInvocationHelper.invokeMethod(MethodInvocationHelper.java:133)
at org.testng.internal.TestInvoker.invokeMethod(TestInvoker.java:584)
at org.testng.internal.TestInvoker.invokeTestMethod(TestInvoker.java:172)
at org.testng.internal.MethodRunner.runInSequence(MethodRunner.java:46)
at org.testng.internal.TestInvoker$MethodInvocationAgent.invoke(TestInvoker.java:804)
at org.testng.internal.TestInvoker.invokeTestMethods(TestInvoker.java:145)
at org.testng.internal.TestMethodWorker.invokeTestMethods(TestMethodWorker.java:146)
at org.testng.internal.TestMethodWorker.run(TestMethodWorker.java:128)
at java.util.ArrayList.forEach(Unknown Source)
at org.testng.TestRunner.privateRun(TestRunner.java:770)
at org.testng.TestRunner.run(TestRunner.java:591)
at org.testng.SuiteRunner.runTest(SuiteRunner.java:402)
at org.testng.SuiteRunner.runSequentially(SuiteRunner.java:396)
at org.testng.SuiteRunner.privateRun(SuiteRunner.java:355)
at org.testng.SuiteRunner.run(SuiteRunner.java:304)
at org.testng.SuiteRunnerWorker.runSuite(SuiteRunnerWorker.java:53)
at org.testng.SuiteRunnerWorker.run(SuiteRunnerWorker.java:96)
at org.testng.TestNG.runSuitesSequentially(TestNG.java:1180)
at org.testng.TestNG.runSuitesLocally(TestNG.java:1102)
at org.testng.TestNG.runSuites(TestNG.java:1032)
at org.testng.TestNG.run(TestNG.java:1000)
at org.testng.remote.AbstractRemoteTestNG.run(AbstractRemoteTestNG.java:115)
at org.testng.remote.RemoteTestNG.initAndRun(RemoteTestNG.java:251)
at org.testng.remote.RemoteTestNG.main(RemoteTestNG.java:77)
]]>
    </failure>
  </testcase> <!-- ApproveForAddNewFaxTemplateRecord -->
  <testcase name="VerifyAuditTrailReportForApprove" time="0.000" classname="com.tetherfi.test.fax.FaxTemplateCustomTemplateTypeCreateTest">
    <skipped/>
  </testcase> <!-- VerifyAuditTrailReportForApprove -->
  <testcase name="VerifyApprovedDataSectionAfterApproval" time="0.000" classname="com.tetherfi.test.fax.FaxTemplateCustomTemplateTypeCreateTest">
    <skipped/>
  </testcase> <!-- VerifyApprovedDataSectionAfterApproval -->
  <testcase name="addDuplicateRecord" time="0.000" classname="com.tetherfi.test.fax.FaxTemplateCustomTemplateTypeCreateTest">
    <skipped/>
  </testcase> <!-- addDuplicateRecord -->
</testsuite> <!-- com.tetherfi.test.fax.FaxTemplateCustomTemplateTypeCreateTest -->
