<?xml version="1.0" encoding="UTF-8"?>
<!-- Generated by org.testng.reporters.JUnitReportReporter -->
<testsuite skipped="0" hostname="TTF-BLR-SANTOSHKOUJALAGI" name="com.tetherfi.test.tmac.Templates_WidgetTab" tests="18" failures="0" timestamp="2021-08-03T20:52:20 IST" time="305.993" errors="3">
  <testcase name="AddnewtemplateRecord" time="23.704" classname="com.tetherfi.test.tmac.Templates_WidgetTab"/>
  <testcase name="AddNewScreenTemplate" time="15.935" classname="com.tetherfi.test.tmac.Templates_WidgetTab"/>
  <testcase name="addTemplateWithoutWidget" time="16.949" classname="com.tetherfi.test.tmac.Templates_WidgetTab"/>
  <testcase name="AddTemplatewithOutTemplateName" time="10.553" classname="com.tetherfi.test.tmac.Templates_WidgetTab"/>
  <testcase name="AddWidgetwithOutScreen" time="14.643" classname="com.tetherfi.test.tmac.Templates_WidgetTab"/>
  <testcase name="VerifyAddNewWidgtTemplateWindowCloseButton" time="13.832" classname="com.tetherfi.test.tmac.Templates_WidgetTab"/>
  <testcase name="AddNewWidgetTemplate" time="25.036" classname="com.tetherfi.test.tmac.Templates_WidgetTab"/>
  <testcase name="VerifyTransferAllToBtn" time="15.064" classname="com.tetherfi.test.tmac.Templates_WidgetTab">
    <error type="java.lang.ArrayIndexOutOfBoundsException" message="1">
      <![CDATA[java.lang.ArrayIndexOutOfBoundsException: 1
at com.tetherfi.pages.AgentTemplatePage.gettable(AgentTemplatePage.java:1220)
at com.tetherfi.pages.AgentTemplatePage.verifySearchIsEqualToTemplateName(AgentTemplatePage.java:1741)
at com.tetherfi.pages.AgentTemplatePage.verifyTransferAllToBtnWidgetTab(AgentTemplatePage.java:2182)
at com.tetherfi.test.tmac.Templates_WidgetTab.VerifyTransferAllToBtn(Templates_WidgetTab.java:112)
at sun.reflect.NativeMethodAccessorImpl.invoke0(Native Method)
at sun.reflect.NativeMethodAccessorImpl.invoke(Unknown Source)
at sun.reflect.DelegatingMethodAccessorImpl.invoke(Unknown Source)
at java.lang.reflect.Method.invoke(Unknown Source)
at org.testng.internal.MethodInvocationHelper.invokeMethod(MethodInvocationHelper.java:133)
at org.testng.internal.TestInvoker.invokeMethod(TestInvoker.java:584)
at org.testng.internal.TestInvoker.invokeTestMethod(TestInvoker.java:172)
at org.testng.internal.MethodRunner.runInSequence(MethodRunner.java:46)
at org.testng.internal.TestInvoker$MethodInvocationAgent.invoke(TestInvoker.java:804)
at org.testng.internal.TestInvoker.invokeTestMethods(TestInvoker.java:145)
at org.testng.internal.TestMethodWorker.invokeTestMethods(TestMethodWorker.java:146)
at org.testng.internal.TestMethodWorker.run(TestMethodWorker.java:128)
at java.util.ArrayList.forEach(Unknown Source)
at org.testng.TestRunner.privateRun(TestRunner.java:770)
at org.testng.TestRunner.run(TestRunner.java:591)
at org.testng.SuiteRunner.runTest(SuiteRunner.java:402)
at org.testng.SuiteRunner.runSequentially(SuiteRunner.java:396)
at org.testng.SuiteRunner.privateRun(SuiteRunner.java:355)
at org.testng.SuiteRunner.run(SuiteRunner.java:304)
at org.testng.SuiteRunnerWorker.runSuite(SuiteRunnerWorker.java:53)
at org.testng.SuiteRunnerWorker.run(SuiteRunnerWorker.java:96)
at org.testng.TestNG.runSuitesSequentially(TestNG.java:1180)
at org.testng.TestNG.runSuitesLocally(TestNG.java:1102)
at org.testng.TestNG.runSuites(TestNG.java:1032)
at org.testng.TestNG.run(TestNG.java:1000)
at org.testng.remote.AbstractRemoteTestNG.run(AbstractRemoteTestNG.java:115)
at org.testng.remote.RemoteTestNG.initAndRun(RemoteTestNG.java:251)
at org.testng.remote.RemoteTestNG.main(RemoteTestNG.java:77)
]]>
    </error>
  </testcase> <!-- VerifyTransferAllToBtn -->
  <testcase name="VerifyTransferFromBtn" time="14.122" classname="com.tetherfi.test.tmac.Templates_WidgetTab">
    <error type="java.lang.ArrayIndexOutOfBoundsException" message="1">
      <![CDATA[java.lang.ArrayIndexOutOfBoundsException: 1
at com.tetherfi.pages.AgentTemplatePage.gettable(AgentTemplatePage.java:1220)
at com.tetherfi.pages.AgentTemplatePage.verifySearchIsEqualToTemplateName(AgentTemplatePage.java:1741)
at com.tetherfi.pages.AgentTemplatePage.verifyTransferFromBtnWidgetTab(AgentTemplatePage.java:2207)
at com.tetherfi.test.tmac.Templates_WidgetTab.VerifyTransferFromBtn(Templates_WidgetTab.java:123)
at sun.reflect.NativeMethodAccessorImpl.invoke0(Native Method)
at sun.reflect.NativeMethodAccessorImpl.invoke(Unknown Source)
at sun.reflect.DelegatingMethodAccessorImpl.invoke(Unknown Source)
at java.lang.reflect.Method.invoke(Unknown Source)
at org.testng.internal.MethodInvocationHelper.invokeMethod(MethodInvocationHelper.java:133)
at org.testng.internal.TestInvoker.invokeMethod(TestInvoker.java:584)
at org.testng.internal.TestInvoker.invokeTestMethod(TestInvoker.java:172)
at org.testng.internal.MethodRunner.runInSequence(MethodRunner.java:46)
at org.testng.internal.TestInvoker$MethodInvocationAgent.invoke(TestInvoker.java:804)
at org.testng.internal.TestInvoker.invokeTestMethods(TestInvoker.java:145)
at org.testng.internal.TestMethodWorker.invokeTestMethods(TestMethodWorker.java:146)
at org.testng.internal.TestMethodWorker.run(TestMethodWorker.java:128)
at java.util.ArrayList.forEach(Unknown Source)
at org.testng.TestRunner.privateRun(TestRunner.java:770)
at org.testng.TestRunner.run(TestRunner.java:591)
at org.testng.SuiteRunner.runTest(SuiteRunner.java:402)
at org.testng.SuiteRunner.runSequentially(SuiteRunner.java:396)
at org.testng.SuiteRunner.privateRun(SuiteRunner.java:355)
at org.testng.SuiteRunner.run(SuiteRunner.java:304)
at org.testng.SuiteRunnerWorker.runSuite(SuiteRunnerWorker.java:53)
at org.testng.SuiteRunnerWorker.run(SuiteRunnerWorker.java:96)
at org.testng.TestNG.runSuitesSequentially(TestNG.java:1180)
at org.testng.TestNG.runSuitesLocally(TestNG.java:1102)
at org.testng.TestNG.runSuites(TestNG.java:1032)
at org.testng.TestNG.run(TestNG.java:1000)
at org.testng.remote.AbstractRemoteTestNG.run(AbstractRemoteTestNG.java:115)
at org.testng.remote.RemoteTestNG.initAndRun(RemoteTestNG.java:251)
at org.testng.remote.RemoteTestNG.main(RemoteTestNG.java:77)
]]>
    </error>
  </testcase> <!-- VerifyTransferFromBtn -->
  <testcase name="VerifyTransferAllFromBtn" time="14.666" classname="com.tetherfi.test.tmac.Templates_WidgetTab">
    <error type="java.lang.ArrayIndexOutOfBoundsException" message="1">
      <![CDATA[java.lang.ArrayIndexOutOfBoundsException: 1
at com.tetherfi.pages.AgentTemplatePage.gettable(AgentTemplatePage.java:1220)
at com.tetherfi.pages.AgentTemplatePage.verifySearchIsEqualToTemplateName(AgentTemplatePage.java:1741)
at com.tetherfi.pages.AgentTemplatePage.verifyTransferAllFromBtnWidgetTab(AgentTemplatePage.java:2196)
at com.tetherfi.test.tmac.Templates_WidgetTab.VerifyTransferAllFromBtn(Templates_WidgetTab.java:134)
at sun.reflect.NativeMethodAccessorImpl.invoke0(Native Method)
at sun.reflect.NativeMethodAccessorImpl.invoke(Unknown Source)
at sun.reflect.DelegatingMethodAccessorImpl.invoke(Unknown Source)
at java.lang.reflect.Method.invoke(Unknown Source)
at org.testng.internal.MethodInvocationHelper.invokeMethod(MethodInvocationHelper.java:133)
at org.testng.internal.TestInvoker.invokeMethod(TestInvoker.java:584)
at org.testng.internal.TestInvoker.invokeTestMethod(TestInvoker.java:172)
at org.testng.internal.MethodRunner.runInSequence(MethodRunner.java:46)
at org.testng.internal.TestInvoker$MethodInvocationAgent.invoke(TestInvoker.java:804)
at org.testng.internal.TestInvoker.invokeTestMethods(TestInvoker.java:145)
at org.testng.internal.TestMethodWorker.invokeTestMethods(TestMethodWorker.java:146)
at org.testng.internal.TestMethodWorker.run(TestMethodWorker.java:128)
at java.util.ArrayList.forEach(Unknown Source)
at org.testng.TestRunner.privateRun(TestRunner.java:770)
at org.testng.TestRunner.run(TestRunner.java:591)
at org.testng.SuiteRunner.runTest(SuiteRunner.java:402)
at org.testng.SuiteRunner.runSequentially(SuiteRunner.java:396)
at org.testng.SuiteRunner.privateRun(SuiteRunner.java:355)
at org.testng.SuiteRunner.run(SuiteRunner.java:304)
at org.testng.SuiteRunnerWorker.runSuite(SuiteRunnerWorker.java:53)
at org.testng.SuiteRunnerWorker.run(SuiteRunnerWorker.java:96)
at org.testng.TestNG.runSuitesSequentially(TestNG.java:1180)
at org.testng.TestNG.runSuitesLocally(TestNG.java:1102)
at org.testng.TestNG.runSuites(TestNG.java:1032)
at org.testng.TestNG.run(TestNG.java:1000)
at org.testng.remote.AbstractRemoteTestNG.run(AbstractRemoteTestNG.java:115)
at org.testng.remote.RemoteTestNG.initAndRun(RemoteTestNG.java:251)
at org.testng.remote.RemoteTestNG.main(RemoteTestNG.java:77)
]]>
    </error>
  </testcase> <!-- VerifyTransferAllFromBtn -->
  <testcase name="EditRecordwithoutModifyreason" time="18.949" classname="com.tetherfi.test.tmac.Templates_WidgetTab"/>
  <testcase name="VerifyCancelBtnatEditRecord" time="16.214" classname="com.tetherfi.test.tmac.Templates_WidgetTab"/>
  <testcase name="EditWidgetRecord" time="24.286" classname="com.tetherfi.test.tmac.Templates_WidgetTab"/>
  <testcase name="deleteWithoutDeletereason" time="16.584" classname="com.tetherfi.test.tmac.Templates_WidgetTab"/>
  <testcase name="VerifyCancelBtnatDeleteRecord" time="15.372" classname="com.tetherfi.test.tmac.Templates_WidgetTab"/>
  <testcase name="DeleteWidgetRecord" time="18.478" classname="com.tetherfi.test.tmac.Templates_WidgetTab"/>
  <testcase name="DeletescreenTemplateRecord" time="17.147" classname="com.tetherfi.test.tmac.Templates_WidgetTab"/>
  <testcase name="DeleteRecord" time="14.459" classname="com.tetherfi.test.tmac.Templates_WidgetTab"/>
</testsuite> <!-- com.tetherfi.test.tmac.Templates_WidgetTab -->
