<?xml version="1.0" encoding="UTF-8"?>
<!-- Generated by org.testng.reporters.JUnitReportReporter -->
<testsuite hostname="admin" failures="1" tests="57" name="com.tetherfi.test.RoleBasedAccessManagementTest" time="14.989" errors="1" timestamp="2020-04-16T09:54:55 IST" skipped="54">
  <testcase classname="com.tetherfi.test.RoleBasedAccessManagementTest" name="afterEachMethod" time="5.791">
    <error message="no such window: target window already closed
from unknown error: web view not found
  (Session info: chrome=80.0.3987.163)
Build info: version: &#039;3.141.59&#039;, revision: &#039;e82be7d358&#039;, time: &#039;2018-11-14T08:17:03&#039;
System info: host: &#039;ADMIN&#039;, ip: &#039;192.168.1.4&#039;, os.name: &#039;Windows 8.1&#039;, os.arch: &#039;amd64&#039;, os.version: &#039;6.3&#039;, java.version: &#039;9.0.4&#039;
Driver info: org.openqa.selenium.chrome.ChromeDriver
Capabilities {acceptInsecureCerts: false, browserName: chrome, browserVersion: 80.0.3987.163, chrome: {chromedriverVersion: 80.0.3987.106 (f68069574609..., userDataDir: C:\Users\ADMINP~1\AppData\L...}, goog:chromeOptions: {debuggerAddress: localhost:61432}, javascriptEnabled: true, networkConnectionEnabled: false, pageLoadStrategy: normal, platform: WINDOWS, platformName: WINDOWS, proxy: Proxy(), setWindowRect: true, strictFileInteractability: false, timeouts: {implicit: 0, pageLoad: 300000, script: 30000}, unhandledPromptBehavior: dismiss and notify}
Session ID: 390a120af0c99b3d95c4645107cba9b2" type="org.openqa.selenium.NoSuchWindowException">
      <![CDATA[org.openqa.selenium.NoSuchWindowException: no such window: target window already closed
from unknown error: web view not found
  (Session info: chrome=80.0.3987.163)
Build info: version: '3.141.59', revision: 'e82be7d358', time: '2018-11-14T08:17:03'
System info: host: 'ADMIN', ip: '192.168.1.4', os.name: 'Windows 8.1', os.arch: 'amd64', os.version: '6.3', java.version: '9.0.4'
Driver info: org.openqa.selenium.chrome.ChromeDriver
Capabilities {acceptInsecureCerts: false, browserName: chrome, browserVersion: 80.0.3987.163, chrome: {chromedriverVersion: 80.0.3987.106 (f68069574609..., userDataDir: C:\Users\ADMINP~1\AppData\L...}, goog:chromeOptions: {debuggerAddress: localhost:61432}, javascriptEnabled: true, networkConnectionEnabled: false, pageLoadStrategy: normal, platform: WINDOWS, platformName: WINDOWS, proxy: Proxy(), setWindowRect: true, strictFileInteractability: false, timeouts: {implicit: 0, pageLoad: 300000, script: 30000}, unhandledPromptBehavior: dismiss and notify}
Session ID: 390a120af0c99b3d95c4645107cba9b2
at java.base/jdk.internal.reflect.NativeConstructorAccessorImpl.newInstance0(Native Method)
at java.base/jdk.internal.reflect.NativeConstructorAccessorImpl.newInstance(Unknown Source)
at java.base/jdk.internal.reflect.DelegatingConstructorAccessorImpl.newInstance(Unknown Source)
at java.base/java.lang.reflect.Constructor.newInstance(Unknown Source)
at org.openqa.selenium.remote.http.W3CHttpResponseCodec.createException(W3CHttpResponseCodec.java:187)
at org.openqa.selenium.remote.http.W3CHttpResponseCodec.decode(W3CHttpResponseCodec.java:122)
at org.openqa.selenium.remote.http.W3CHttpResponseCodec.decode(W3CHttpResponseCodec.java:49)
at org.openqa.selenium.remote.HttpCommandExecutor.execute(HttpCommandExecutor.java:158)
at org.openqa.selenium.remote.service.DriverCommandExecutor.execute(DriverCommandExecutor.java:83)
at org.openqa.selenium.remote.RemoteWebDriver.execute(RemoteWebDriver.java:552)
at org.openqa.selenium.remote.RemoteWebDriver.execute(RemoteWebDriver.java:609)
at org.openqa.selenium.remote.RemoteWebDriver$RemoteNavigation.refresh(RemoteWebDriver.java:865)
at com.tetherfi.test.RoleBasedAccessManagementTest.afterEachMethod(RoleBasedAccessManagementTest.java:578)
at java.base/jdk.internal.reflect.NativeMethodAccessorImpl.invoke0(Native Method)
at java.base/jdk.internal.reflect.NativeMethodAccessorImpl.invoke(Unknown Source)
at java.base/jdk.internal.reflect.DelegatingMethodAccessorImpl.invoke(Unknown Source)
at java.base/java.lang.reflect.Method.invoke(Unknown Source)
at org.testng.internal.MethodInvocationHelper.invokeMethod(MethodInvocationHelper.java:133)
at org.testng.internal.MethodInvocationHelper.invokeMethodConsideringTimeout(MethodInvocationHelper.java:62)
at org.testng.internal.ConfigInvoker.invokeConfigurationMethod(ConfigInvoker.java:340)
at org.testng.internal.ConfigInvoker.invokeConfigurations(ConfigInvoker.java:294)
at org.testng.internal.TestInvoker.runConfigMethods(TestInvoker.java:683)
at org.testng.internal.TestInvoker.runAfterGroupsConfigurations(TestInvoker.java:658)
at org.testng.internal.TestInvoker.invokeMethod(TestInvoker.java:642)
at org.testng.internal.TestInvoker.invokeTestMethod(TestInvoker.java:172)
at org.testng.internal.MethodRunner.runInSequence(MethodRunner.java:46)
at org.testng.internal.TestInvoker$MethodInvocationAgent.invoke(TestInvoker.java:804)
at org.testng.internal.TestInvoker.invokeTestMethods(TestInvoker.java:145)
at org.testng.internal.TestMethodWorker.invokeTestMethods(TestMethodWorker.java:146)
at org.testng.internal.TestMethodWorker.run(TestMethodWorker.java:128)
at java.base/java.util.ArrayList.forEach(Unknown Source)
at org.testng.TestRunner.privateRun(TestRunner.java:770)
at org.testng.TestRunner.run(TestRunner.java:591)
at org.testng.SuiteRunner.runTest(SuiteRunner.java:402)
at org.testng.SuiteRunner.runSequentially(SuiteRunner.java:396)
at org.testng.SuiteRunner.privateRun(SuiteRunner.java:355)
at org.testng.SuiteRunner.run(SuiteRunner.java:304)
at org.testng.SuiteRunnerWorker.runSuite(SuiteRunnerWorker.java:53)
at org.testng.SuiteRunnerWorker.run(SuiteRunnerWorker.java:96)
at org.testng.TestNG.runSuitesSequentially(TestNG.java:1180)
at org.testng.TestNG.runSuitesLocally(TestNG.java:1102)
at org.testng.TestNG.runSuites(TestNG.java:1032)
at org.testng.TestNG.run(TestNG.java:1000)
at org.testng.remote.AbstractRemoteTestNG.run(AbstractRemoteTestNG.java:115)
at org.testng.remote.RemoteTestNG.initAndRun(RemoteTestNG.java:251)
at org.testng.remote.RemoteTestNG.main(RemoteTestNG.java:77)
]]>
    </error>
  </testcase> <!-- afterEachMethod -->
  <testcase classname="com.tetherfi.test.RoleBasedAccessManagementTest" name="RoleBasedAccessManagementWMCPage" time="7.762"/>
  <testcase classname="com.tetherfi.test.RoleBasedAccessManagementTest" name="VerifyDropdownForAllTheColumns" time="1.435">
    <failure message="Columns dropdown assertion failed did not expect to find [true] but found [false]" type="java.lang.AssertionError">
      <![CDATA[java.lang.AssertionError: Columns dropdown assertion failed did not expect to find [true] but found [false]
at org.testng.Assert.fail(Assert.java:97)
at org.testng.Assert.failNotEquals(Assert.java:969)
at org.testng.Assert.assertTrue(Assert.java:43)
at com.tetherfi.test.RoleBasedAccessManagementTest.VerifyDropdownForAllTheColumns(RoleBasedAccessManagementTest.java:53)
at java.base/jdk.internal.reflect.NativeMethodAccessorImpl.invoke0(Native Method)
at java.base/jdk.internal.reflect.NativeMethodAccessorImpl.invoke(Unknown Source)
at java.base/jdk.internal.reflect.DelegatingMethodAccessorImpl.invoke(Unknown Source)
at java.base/java.lang.reflect.Method.invoke(Unknown Source)
at org.testng.internal.MethodInvocationHelper.invokeMethod(MethodInvocationHelper.java:133)
at org.testng.internal.TestInvoker.invokeMethod(TestInvoker.java:584)
at org.testng.internal.TestInvoker.invokeTestMethod(TestInvoker.java:172)
at org.testng.internal.MethodRunner.runInSequence(MethodRunner.java:46)
at org.testng.internal.TestInvoker$MethodInvocationAgent.invoke(TestInvoker.java:804)
at org.testng.internal.TestInvoker.invokeTestMethods(TestInvoker.java:145)
at org.testng.internal.TestMethodWorker.invokeTestMethods(TestMethodWorker.java:146)
at org.testng.internal.TestMethodWorker.run(TestMethodWorker.java:128)
at java.base/java.util.ArrayList.forEach(Unknown Source)
at org.testng.TestRunner.privateRun(TestRunner.java:770)
at org.testng.TestRunner.run(TestRunner.java:591)
at org.testng.SuiteRunner.runTest(SuiteRunner.java:402)
at org.testng.SuiteRunner.runSequentially(SuiteRunner.java:396)
at org.testng.SuiteRunner.privateRun(SuiteRunner.java:355)
at org.testng.SuiteRunner.run(SuiteRunner.java:304)
at org.testng.SuiteRunnerWorker.runSuite(SuiteRunnerWorker.java:53)
at org.testng.SuiteRunnerWorker.run(SuiteRunnerWorker.java:96)
at org.testng.TestNG.runSuitesSequentially(TestNG.java:1180)
at org.testng.TestNG.runSuitesLocally(TestNG.java:1102)
at org.testng.TestNG.runSuites(TestNG.java:1032)
at org.testng.TestNG.run(TestNG.java:1000)
at org.testng.remote.AbstractRemoteTestNG.run(AbstractRemoteTestNG.java:115)
at org.testng.remote.RemoteTestNG.initAndRun(RemoteTestNG.java:251)
at org.testng.remote.RemoteTestNG.main(RemoteTestNG.java:77)
]]>
    </failure>
  </testcase> <!-- VerifyDropdownForAllTheColumns -->
  <testcase classname="com.tetherfi.test.RoleBasedAccessManagementTest" name="VerifyColumnsHeaderEnable" time="0.000">
    <skipped/>
  </testcase> <!-- VerifyColumnsHeaderEnable -->
  <testcase classname="com.tetherfi.test.RoleBasedAccessManagementTest" name="VerifyColumnsHeaderDisable" time="0.000">
    <skipped/>
  </testcase> <!-- VerifyColumnsHeaderDisable -->
  <testcase classname="com.tetherfi.test.RoleBasedAccessManagementTest" name="AddNewRoleBasedAccessManagementCancelRecord" time="0.000">
    <skipped/>
  </testcase> <!-- AddNewRoleBasedAccessManagementCancelRecord -->
  <testcase classname="com.tetherfi.test.RoleBasedAccessManagementTest" name="AddNewRoleBasedAccessManagementRecord" time="0.000">
    <skipped/>
  </testcase> <!-- AddNewRoleBasedAccessManagementRecord -->
  <testcase classname="com.tetherfi.test.RoleBasedAccessManagementTest" name="AddNewRecordWithoutRoleName" time="0.000">
    <skipped/>
  </testcase> <!-- AddNewRecordWithoutRoleName -->
  <testcase classname="com.tetherfi.test.RoleBasedAccessManagementTest" name="AddDuplicateRecord" time="0.000">
    <skipped/>
  </testcase> <!-- AddDuplicateRecord -->
  <testcase classname="com.tetherfi.test.RoleBasedAccessManagementTest" name="VerifyAuditTrailReportForCreate" time="0.000">
    <skipped/>
  </testcase> <!-- VerifyAuditTrailReportForCreate -->
  <testcase classname="com.tetherfi.test.RoleBasedAccessManagementTest" name="EditRoleBasedAccessManagementCancelButton" time="0.000">
    <skipped/>
  </testcase> <!-- EditRoleBasedAccessManagementCancelButton -->
  <testcase classname="com.tetherfi.test.RoleBasedAccessManagementTest" name="EditRoleBasedAccessManagementRecord" time="0.000">
    <skipped/>
  </testcase> <!-- EditRoleBasedAccessManagementRecord -->
  <testcase classname="com.tetherfi.test.RoleBasedAccessManagementTest" name="VerifyAuditTrailReportForUpdate" time="0.000">
    <skipped/>
  </testcase> <!-- VerifyAuditTrailReportForUpdate -->
  <testcase classname="com.tetherfi.test.RoleBasedAccessManagementTest" name="EditRecordWithoutModifyReason" time="0.000">
    <skipped/>
  </testcase> <!-- EditRecordWithoutModifyReason -->
  <testcase classname="com.tetherfi.test.RoleBasedAccessManagementTest" name="VerifyPageBasedUserAccess" time="0.000">
    <skipped/>
  </testcase> <!-- VerifyPageBasedUserAccess -->
  <testcase classname="com.tetherfi.test.RoleBasedAccessManagementTest" name="VerifyAccessCheckBox" time="0.000">
    <skipped/>
  </testcase> <!-- VerifyAccessCheckBox -->
  <testcase classname="com.tetherfi.test.RoleBasedAccessManagementTest" name="VerifyAdminPageCancelButton" time="0.000">
    <skipped/>
  </testcase> <!-- VerifyAdminPageCancelButton -->
  <testcase classname="com.tetherfi.test.RoleBasedAccessManagementTest" name="VerifyAdminPageSaveButton" time="0.000">
    <skipped/>
  </testcase> <!-- VerifyAdminPageSaveButton -->
  <testcase classname="com.tetherfi.test.RoleBasedAccessManagementTest" name="VerifyunsuccefullCancelchanges" time="0.000">
    <skipped/>
  </testcase> <!-- VerifyunsuccefullCancelchanges -->
  <testcase classname="com.tetherfi.test.RoleBasedAccessManagementTest" name="VerifyunsuccefullSavechanges" time="0.000">
    <skipped/>
  </testcase> <!-- VerifyunsuccefullSavechanges -->
  <testcase classname="com.tetherfi.test.RoleBasedAccessManagementTest" name="VerifyReportsAccessCheckBox" time="0.000">
    <skipped/>
  </testcase> <!-- VerifyReportsAccessCheckBox -->
  <testcase classname="com.tetherfi.test.RoleBasedAccessManagementTest" name="VerifyReportsPageCancelButton" time="0.000">
    <skipped/>
  </testcase> <!-- VerifyReportsPageCancelButton -->
  <testcase classname="com.tetherfi.test.RoleBasedAccessManagementTest" name="VerifyReportsPageSaveButton" time="0.000">
    <skipped/>
  </testcase> <!-- VerifyReportsPageSaveButton -->
  <testcase classname="com.tetherfi.test.RoleBasedAccessManagementTest" name="VerifyReportsunsuccefullcancelchanges" time="0.000">
    <skipped/>
  </testcase> <!-- VerifyReportsunsuccefullcancelchanges -->
  <testcase classname="com.tetherfi.test.RoleBasedAccessManagementTest" name="VerifyReportsunsuccefullsavechanges" time="0.000">
    <skipped/>
  </testcase> <!-- VerifyReportsunsuccefullsavechanges -->
  <testcase classname="com.tetherfi.test.RoleBasedAccessManagementTest" name="VerifyDashboardAccessCheckbox" time="0.000">
    <skipped/>
  </testcase> <!-- VerifyDashboardAccessCheckbox -->
  <testcase classname="com.tetherfi.test.RoleBasedAccessManagementTest" name="VerifyDashboardPageCancelButton" time="0.000">
    <skipped/>
  </testcase> <!-- VerifyDashboardPageCancelButton -->
  <testcase classname="com.tetherfi.test.RoleBasedAccessManagementTest" name="VerifyDashboardPageSaveButton" time="0.000">
    <skipped/>
  </testcase> <!-- VerifyDashboardPageSaveButton -->
  <testcase classname="com.tetherfi.test.RoleBasedAccessManagementTest" name="VerifyDashboardunsuccefullcancelchanges" time="0.000">
    <skipped/>
  </testcase> <!-- VerifyDashboardunsuccefullcancelchanges -->
  <testcase classname="com.tetherfi.test.RoleBasedAccessManagementTest" name="VerifyDashboardunsuccefullsavechanges" time="0.000">
    <skipped/>
  </testcase> <!-- VerifyDashboardunsuccefullsavechanges -->
  <testcase classname="com.tetherfi.test.RoleBasedAccessManagementTest" name="VerifyOtherApplicationAccessCheckbox" time="0.001">
    <skipped/>
  </testcase> <!-- VerifyOtherApplicationAccessCheckbox -->
  <testcase classname="com.tetherfi.test.RoleBasedAccessManagementTest" name="VerifyOtherApplicationPageCancelButton" time="0.000">
    <skipped/>
  </testcase> <!-- VerifyOtherApplicationPageCancelButton -->
  <testcase classname="com.tetherfi.test.RoleBasedAccessManagementTest" name="VerifyOtherApplicationPageSaveButton" time="0.000">
    <skipped/>
  </testcase> <!-- VerifyOtherApplicationPageSaveButton -->
  <testcase classname="com.tetherfi.test.RoleBasedAccessManagementTest" name="VerifyOtherApplicationunsuccefullCancelchanges" time="0.000">
    <skipped/>
  </testcase> <!-- VerifyOtherApplicationunsuccefullCancelchanges -->
  <testcase classname="com.tetherfi.test.RoleBasedAccessManagementTest" name="VerifyOtherApplicationunsuccefullSavechanges" time="0.000">
    <skipped/>
  </testcase> <!-- VerifyOtherApplicationunsuccefullSavechanges -->
  <testcase classname="com.tetherfi.test.RoleBasedAccessManagementTest" name="VerifySearchIsNotEqualTo" time="0.000">
    <skipped/>
  </testcase> <!-- VerifySearchIsNotEqualTo -->
  <testcase classname="com.tetherfi.test.RoleBasedAccessManagementTest" name="VerifySearchContains" time="0.000">
    <skipped/>
  </testcase> <!-- VerifySearchContains -->
  <testcase classname="com.tetherfi.test.RoleBasedAccessManagementTest" name="VerifySearchDoesNotContains" time="0.000">
    <skipped/>
  </testcase> <!-- VerifySearchDoesNotContains -->
  <testcase classname="com.tetherfi.test.RoleBasedAccessManagementTest" name="VerifySearchStartsWith" time="0.000">
    <skipped/>
  </testcase> <!-- VerifySearchStartsWith -->
  <testcase classname="com.tetherfi.test.RoleBasedAccessManagementTest" name="VerifySearchEndsWith" time="0.000">
    <skipped/>
  </testcase> <!-- VerifySearchEndsWith -->
  <testcase classname="com.tetherfi.test.RoleBasedAccessManagementTest" name="searchPage" time="0.000">
    <skipped/>
  </testcase> <!-- searchPage -->
  <testcase classname="com.tetherfi.test.RoleBasedAccessManagementTest" name="ClearSearch" time="0.000">
    <skipped/>
  </testcase> <!-- ClearSearch -->
  <testcase classname="com.tetherfi.test.RoleBasedAccessManagementTest" name="GroupBy" time="0.000">
    <skipped/>
  </testcase> <!-- GroupBy -->
  <testcase classname="com.tetherfi.test.RoleBasedAccessManagementTest" name="VerifyArrowMoveForPreviousAndNextPage" time="0.000">
    <skipped/>
  </testcase> <!-- VerifyArrowMoveForPreviousAndNextPage -->
  <testcase classname="com.tetherfi.test.RoleBasedAccessManagementTest" name="VerifyArrowMoveForFirstAndLastPage" time="0.000">
    <skipped/>
  </testcase> <!-- VerifyArrowMoveForFirstAndLastPage -->
  <testcase classname="com.tetherfi.test.RoleBasedAccessManagementTest" name="VerifyTotalNumberOfItemsPerPageDetails" time="0.000">
    <skipped/>
  </testcase> <!-- VerifyTotalNumberOfItemsPerPageDetails -->
  <testcase classname="com.tetherfi.test.RoleBasedAccessManagementTest" name="VerifyNumberOfItemsPerPageSelection" time="0.000">
    <skipped/>
  </testcase> <!-- VerifyNumberOfItemsPerPageSelection -->
  <testcase classname="com.tetherfi.test.RoleBasedAccessManagementTest" name="ExportToExcel" time="0.000">
    <skipped/>
  </testcase> <!-- ExportToExcel -->
  <testcase classname="com.tetherfi.test.RoleBasedAccessManagementTest" name="ExportToExcelData" time="0.000">
    <skipped/>
  </testcase> <!-- ExportToExcelData -->
  <testcase classname="com.tetherfi.test.RoleBasedAccessManagementTest" name="SortingByAscending" time="0.000">
    <skipped/>
  </testcase> <!-- SortingByAscending -->
  <testcase classname="com.tetherfi.test.RoleBasedAccessManagementTest" name="SortingByDescending" time="0.000">
    <skipped/>
  </testcase> <!-- SortingByDescending -->
  <testcase classname="com.tetherfi.test.RoleBasedAccessManagementTest" name="ExporttoExcelWithoutData" time="0.000">
    <skipped/>
  </testcase> <!-- ExporttoExcelWithoutData -->
  <testcase classname="com.tetherfi.test.RoleBasedAccessManagementTest" name="VerifyDeleteRoleBasedAccessManagementNoButton" time="0.000">
    <skipped/>
  </testcase> <!-- VerifyDeleteRoleBasedAccessManagementNoButton -->
  <testcase classname="com.tetherfi.test.RoleBasedAccessManagementTest" name="VerifyDeleteRoleBasedAccessManagementWithoutModifyReason" time="0.000">
    <skipped/>
  </testcase> <!-- VerifyDeleteRoleBasedAccessManagementWithoutModifyReason -->
  <testcase classname="com.tetherfi.test.RoleBasedAccessManagementTest" name="DeleteRoleBasedAccessManagementRecord" time="0.000">
    <skipped/>
  </testcase> <!-- DeleteRoleBasedAccessManagementRecord -->
  <testcase classname="com.tetherfi.test.RoleBasedAccessManagementTest" name="VerifyAuditTrailReportForDelete" time="0.000">
    <skipped/>
  </testcase> <!-- VerifyAuditTrailReportForDelete -->
  <testcase classname="com.tetherfi.test.RoleBasedAccessManagementTest" name="database" time="0.000">
    <skipped/>
  </testcase> <!-- database -->
</testsuite> <!-- com.tetherfi.test.RoleBasedAccessManagementTest -->
