<?xml version="1.0" encoding="UTF-8"?>
<!-- Generated by org.testng.reporters.JUnitReportReporter -->
<testsuite skipped="1" hostname="LAPTOP-NKH1C2HF" name="com.tetherfi.test.RoleBasedAccessManagementCreateTest" tests="20" failures="0" timestamp="2021-05-11T18:42:46 IST" time="785.446" errors="1">
  <testcase name="VerifyAddCancelButton" time="104.294" classname="com.tetherfi.test.RoleBasedAccessManagementCreateTest">
    <error type="org.openqa.selenium.TimeoutException" message="Expected condition failed: waiting for visibility of Proxy element for: DefaultElementLocator &#039;By.cssSelector: .k-grid-cancel&#039; (tried for 30 second(s) with 500 milliseconds interval)">
      <![CDATA[org.openqa.selenium.TimeoutException: Expected condition failed: waiting for visibility of Proxy element for: DefaultElementLocator 'By.cssSelector: .k-grid-cancel' (tried for 30 second(s) with 500 milliseconds interval)
at org.openqa.selenium.support.ui.WebDriverWait.timeoutException(WebDriverWait.java:95)
at org.openqa.selenium.support.ui.FluentWait.until(FluentWait.java:272)
at com.tetherfi.pages.BasePage.waitUntilWebElementIsVisible(BasePage.java:129)
at com.tetherfi.pages.BasePage.selectWebElement(BasePage.java:196)
at com.tetherfi.pages.RoleBasedAccessManagementPage.addCancelButton(RoleBasedAccessManagementPage.java:984)
at com.tetherfi.test.RoleBasedAccessManagementCreateTest.VerifyAddCancelButton(RoleBasedAccessManagementCreateTest.java:72)
at sun.reflect.NativeMethodAccessorImpl.invoke0(Native Method)
at sun.reflect.NativeMethodAccessorImpl.invoke(Unknown Source)
at sun.reflect.DelegatingMethodAccessorImpl.invoke(Unknown Source)
at java.lang.reflect.Method.invoke(Unknown Source)
at org.testng.internal.MethodInvocationHelper.invokeMethod(MethodInvocationHelper.java:133)
at org.testng.internal.TestInvoker.invokeMethod(TestInvoker.java:584)
at org.testng.internal.TestInvoker.invokeTestMethod(TestInvoker.java:172)
at org.testng.internal.MethodRunner.runInSequence(MethodRunner.java:46)
at org.testng.internal.TestInvoker$MethodInvocationAgent.invoke(TestInvoker.java:804)
at org.testng.internal.TestInvoker.invokeTestMethods(TestInvoker.java:145)
at org.testng.internal.TestMethodWorker.invokeTestMethods(TestMethodWorker.java:146)
at org.testng.internal.TestMethodWorker.run(TestMethodWorker.java:128)
at java.util.ArrayList.forEach(Unknown Source)
at org.testng.TestRunner.privateRun(TestRunner.java:770)
at org.testng.TestRunner.run(TestRunner.java:591)
at org.testng.SuiteRunner.runTest(SuiteRunner.java:402)
at org.testng.SuiteRunner.runSequentially(SuiteRunner.java:396)
at org.testng.SuiteRunner.privateRun(SuiteRunner.java:355)
at org.testng.SuiteRunner.run(SuiteRunner.java:304)
at org.testng.SuiteRunnerWorker.runSuite(SuiteRunnerWorker.java:53)
at org.testng.SuiteRunnerWorker.run(SuiteRunnerWorker.java:96)
at org.testng.TestNG.runSuitesSequentially(TestNG.java:1180)
at org.testng.TestNG.runSuitesLocally(TestNG.java:1102)
at org.testng.TestNG.runSuites(TestNG.java:1032)
at org.testng.TestNG.run(TestNG.java:1000)
at org.testng.remote.AbstractRemoteTestNG.run(AbstractRemoteTestNG.java:115)
at org.testng.remote.RemoteTestNG.initAndRun(RemoteTestNG.java:251)
at org.testng.remote.RemoteTestNG.main(RemoteTestNG.java:77)
Caused by: org.openqa.selenium.NoSuchElementException: no such element: Unable to locate element: {"method":"css selector","selector":".k-grid-cancel"}
  (Session info: chrome=90.0.4430.93)
For documentation on this error, please visit: https://www.seleniumhq.org/exceptions/no_such_element.html
Build info: version: '3.141.59', revision: 'e82be7d358', time: '2018-11-14T08:17:03'
System info: host: 'LAPTOP-NKH1C2HF', ip: '192.168.50.18', os.name: 'Windows 10', os.arch: 'amd64', os.version: '10.0', java.version: '1.8.0_181'
Driver info: org.openqa.selenium.chrome.ChromeDriver
Capabilities {acceptInsecureCerts: false, browserName: chrome, browserVersion: 90.0.4430.93, chrome: {chromedriverVersion: 90.0.4430.24 (4c6d850f087da..., userDataDir: C:\Users\AMITHA~1\AppData\L...}, goog:chromeOptions: {debuggerAddress: localhost:55749}, javascriptEnabled: true, networkConnectionEnabled: false, pageLoadStrategy: normal, platform: WINDOWS, platformName: WINDOWS, proxy: Proxy(), setWindowRect: true, strictFileInteractability: false, timeouts: {implicit: 0, pageLoad: 300000, script: 30000}, unhandledPromptBehavior: dismiss and notify, webauthn:extension:largeBlob: true, webauthn:virtualAuthenticators: true}
Session ID: 65d14701ed28fdd4e9e9408c0d889d20
*** Element info: {Using=css selector, value=.k-grid-cancel}
at sun.reflect.NativeConstructorAccessorImpl.newInstance0(Native Method)
at sun.reflect.NativeConstructorAccessorImpl.newInstance(Unknown Source)
at sun.reflect.DelegatingConstructorAccessorImpl.newInstance(Unknown Source)
at java.lang.reflect.Constructor.newInstance(Unknown Source)
at org.openqa.selenium.remote.http.W3CHttpResponseCodec.createException(W3CHttpResponseCodec.java:187)
at org.openqa.selenium.remote.http.W3CHttpResponseCodec.decode(W3CHttpResponseCodec.java:122)
at org.openqa.selenium.remote.http.W3CHttpResponseCodec.decode(W3CHttpResponseCodec.java:49)
at org.openqa.selenium.remote.HttpCommandExecutor.execute(HttpCommandExecutor.java:158)
at org.openqa.selenium.remote.service.DriverCommandExecutor.execute(DriverCommandExecutor.java:83)
at org.openqa.selenium.remote.RemoteWebDriver.execute(RemoteWebDriver.java:552)
at org.openqa.selenium.remote.RemoteWebDriver.findElement(RemoteWebDriver.java:323)
at org.openqa.selenium.remote.RemoteWebDriver.findElementByCssSelector(RemoteWebDriver.java:420)
at org.openqa.selenium.By$ByCssSelector.findElement(By.java:431)
at org.openqa.selenium.remote.RemoteWebDriver.findElement(RemoteWebDriver.java:315)
at org.openqa.selenium.support.pagefactory.DefaultElementLocator.findElement(DefaultElementLocator.java:69)
at org.openqa.selenium.support.pagefactory.internal.LocatingElementHandler.invoke(LocatingElementHandler.java:38)
at com.sun.proxy.$Proxy11.isDisplayed(Unknown Source)
at org.openqa.selenium.support.ui.ExpectedConditions.elementIfVisible(ExpectedConditions.java:314)
at org.openqa.selenium.support.ui.ExpectedConditions.access$000(ExpectedConditions.java:43)
at org.openqa.selenium.support.ui.ExpectedConditions$10.apply(ExpectedConditions.java:300)
at org.openqa.selenium.support.ui.ExpectedConditions$10.apply(ExpectedConditions.java:297)
at org.openqa.selenium.support.ui.FluentWait.until(FluentWait.java:249)
... 32 more
]]>
    </error>
  </testcase> <!-- VerifyAddCancelButton -->
  <testcase name="VerifyAddRecordWithoutRole" time="26.431" classname="com.tetherfi.test.RoleBasedAccessManagementCreateTest"/>
  <testcase name="AddRevertRecord" time="29.915" classname="com.tetherfi.test.RoleBasedAccessManagementCreateTest"/>
  <testcase name="VerifyRevertForAddNewRecord" time="42.887" classname="com.tetherfi.test.RoleBasedAccessManagementCreateTest"/>
  <testcase name="VerifyApprovedDataSectionWithoutApproval" time="34.156" classname="com.tetherfi.test.RoleBasedAccessManagementCreateTest"/>
  <testcase name="VerifyAuditTrailReportForRevert" time="58.428" classname="com.tetherfi.test.RoleBasedAccessManagementCreateTest"/>
  <testcase name="AddRejectRecord" time="27.858" classname="com.tetherfi.test.RoleBasedAccessManagementCreateTest"/>
  <testcase name="VerifySendForApprovalForAddNewRecord" time="36.755" classname="com.tetherfi.test.RoleBasedAccessManagementCreateTest"/>
  <testcase name="RejectforAddNewNewRoleBasedAccessManagementRecord" time="35.733" classname="com.tetherfi.test.RoleBasedAccessManagementCreateTest"/>
  <testcase name="VerifyAuditTrailReportForReject" time="46.683" classname="com.tetherfi.test.RoleBasedAccessManagementCreateTest"/>
  <testcase name="VerifyRecordAfterRejection" time="26.131" classname="com.tetherfi.test.RoleBasedAccessManagementCreateTest"/>
  <testcase name="AddNewNewRoleBasedAccessManagementRecord" time="30.650" classname="com.tetherfi.test.RoleBasedAccessManagementCreateTest"/>
  <testcase name="VerifyAuditTrailReportForCreate" time="49.511" classname="com.tetherfi.test.RoleBasedAccessManagementCreateTest"/>
  <testcase name="VerifyAuditTrailDataForAddNewNewRoleBasedAccessManagementRecord" time="30.544" classname="com.tetherfi.test.RoleBasedAccessManagementCreateTest"/>
  <testcase name="VerifySendForApprovalForAddNewNewRoleBasedAccessManagementRecord" time="32.635" classname="com.tetherfi.test.RoleBasedAccessManagementCreateTest"/>
  <testcase name="VerifyAuditTrailReportForSendForApproval" time="49.109" classname="com.tetherfi.test.RoleBasedAccessManagementCreateTest"/>
  <testcase name="ApproveforAddNewNewRoleBasedAccessManagementRecord" time="39.796" classname="com.tetherfi.test.RoleBasedAccessManagementCreateTest"/>
  <testcase name="VerifyAuditTrailReportForApprove" time="49.370" classname="com.tetherfi.test.RoleBasedAccessManagementCreateTest"/>
  <testcase name="VerifyRecordApprovedDataSectionafterApproval" time="34.560" classname="com.tetherfi.test.RoleBasedAccessManagementCreateTest"/>
  <testcase name="AddDuplicateRecord" classname="com.tetherfi.test.RoleBasedAccessManagementCreateTest">
    <skipped/>
  </testcase> <!-- AddDuplicateRecord -->
</testsuite> <!-- com.tetherfi.test.RoleBasedAccessManagementCreateTest -->
