<?xml version="1.0" encoding="UTF-8"?>
<!-- Generated by org.testng.reporters.JUnitReportReporter -->
<testsuite skipped="1" hostname="TTF-BLR-SANTOSHKOUJALAGI" name="com.tetherfi.test.fax.FaxTemplateCoverPageTypeUpdateTest" tests="8" failures="1" timestamp="2021-07-26T22:25:08 IST" time="498.928" errors="0">
  <testcase name="EditApproveFaxTemplateRecord" time="51.966" classname="com.tetherfi.test.fax.FaxTemplateCoverPageTypeUpdateTest"/>
  <testcase name="VerifyAuditTrailDataForApproveRecord" time="66.170" classname="com.tetherfi.test.fax.FaxTemplateCoverPageTypeUpdateTest"/>
  <testcase name="VerifyAuditTrailReportForUpdate" time="86.149" classname="com.tetherfi.test.fax.FaxTemplateCoverPageTypeUpdateTest"/>
  <testcase name="VerifySendForApprovalForEditApproveRecord" time="67.338" classname="com.tetherfi.test.fax.FaxTemplateCoverPageTypeUpdateTest"/>
  <testcase name="VerifyAuditTrailReportForSendForApproval" time="86.825" classname="com.tetherfi.test.fax.FaxTemplateCoverPageTypeUpdateTest"/>
  <testcase name="ApproveForUpdatedFaxTemplateRecord" time="71.781" classname="com.tetherfi.test.fax.FaxTemplateCoverPageTypeUpdateTest">
    <failure type="java.lang.AssertionError" message="Record Approve Assertion failed did not expect to find [true] but found [false]">
      <![CDATA[java.lang.AssertionError: Record Approve Assertion failed did not expect to find [true] but found [false]
at org.testng.Assert.fail(Assert.java:97)
at org.testng.Assert.failNotEquals(Assert.java:969)
at org.testng.Assert.assertTrue(Assert.java:43)
at com.tetherfi.test.fax.FaxTemplateCoverPageTypeUpdateTest.ApproveForUpdatedFaxTemplateRecord(FaxTemplateCoverPageTypeUpdateTest.java:221)
at sun.reflect.NativeMethodAccessorImpl.invoke0(Native Method)
at sun.reflect.NativeMethodAccessorImpl.invoke(Unknown Source)
at sun.reflect.DelegatingMethodAccessorImpl.invoke(Unknown Source)
at java.lang.reflect.Method.invoke(Unknown Source)
at org.testng.internal.MethodInvocationHelper.invokeMethod(MethodInvocationHelper.java:133)
at org.testng.internal.TestInvoker.invokeMethod(TestInvoker.java:584)
at org.testng.internal.TestInvoker.invokeTestMethod(TestInvoker.java:172)
at org.testng.internal.MethodRunner.runInSequence(MethodRunner.java:46)
at org.testng.internal.TestInvoker$MethodInvocationAgent.invoke(TestInvoker.java:804)
at org.testng.internal.TestInvoker.invokeTestMethods(TestInvoker.java:145)
at org.testng.internal.TestMethodWorker.invokeTestMethods(TestMethodWorker.java:146)
at org.testng.internal.TestMethodWorker.run(TestMethodWorker.java:128)
at java.util.ArrayList.forEach(Unknown Source)
at org.testng.TestRunner.privateRun(TestRunner.java:770)
at org.testng.TestRunner.run(TestRunner.java:591)
at org.testng.SuiteRunner.runTest(SuiteRunner.java:402)
at org.testng.SuiteRunner.runSequentially(SuiteRunner.java:396)
at org.testng.SuiteRunner.privateRun(SuiteRunner.java:355)
at org.testng.SuiteRunner.run(SuiteRunner.java:304)
at org.testng.SuiteRunnerWorker.runSuite(SuiteRunnerWorker.java:53)
at org.testng.SuiteRunnerWorker.run(SuiteRunnerWorker.java:96)
at org.testng.TestNG.runSuitesSequentially(TestNG.java:1180)
at org.testng.TestNG.runSuitesLocally(TestNG.java:1102)
at org.testng.TestNG.runSuites(TestNG.java:1032)
at org.testng.TestNG.run(TestNG.java:1000)
at org.testng.remote.AbstractRemoteTestNG.run(AbstractRemoteTestNG.java:115)
at org.testng.remote.RemoteTestNG.initAndRun(RemoteTestNG.java:251)
at org.testng.remote.RemoteTestNG.main(RemoteTestNG.java:77)
]]>
    </failure>
  </testcase> <!-- ApproveForUpdatedFaxTemplateRecord -->
  <testcase name="VerifyAuditTrailReportForApprove" time="58.685" classname="com.tetherfi.test.fax.FaxTemplateCoverPageTypeUpdateTest">
    <skipped/>
  </testcase> <!-- VerifyAuditTrailReportForApprove -->
  <testcase name="EditApproveFaxTemplateRecordWithOutModifyReson" time="10.014" classname="com.tetherfi.test.fax.FaxTemplateCoverPageTypeUpdateTest"/>
</testsuite> <!-- com.tetherfi.test.fax.FaxTemplateCoverPageTypeUpdateTest -->
