<?xml version="1.0" encoding="UTF-8"?>
<!-- Generated by org.testng.reporters.JUnitReportReporter -->
<testsuite skipped="0" hostname="TTF-BLR-SANTOSHKOUJALAGI" name="com.tetherfi.test.tmac.AttributeAssignmentTest" tests="36" failures="0" timestamp="2021-08-10T16:25:31 IST" time="751.956" errors="1">
  <testcase name="VerifyAttributeAssignmentPage" time="12.535" classname="com.tetherfi.test.tmac.AttributeAssignmentTest"/>
  <testcase name="VerifyPresenceOfAttributeAssignmentPage" time="8.505" classname="com.tetherfi.test.tmac.AttributeAssignmentTest"/>
  <testcase name="VerifyPresenceOfAttributeAssignmentPageCategoriesTabs" time="19.550" classname="com.tetherfi.test.tmac.AttributeAssignmentTest"/>
  <testcase name="VerifyTransferToANDFromButton" time="26.580" classname="com.tetherfi.test.tmac.AttributeAssignmentTest"/>
  <testcase name="VerifyBulkTransferToANDFromButton" time="45.167" classname="com.tetherfi.test.tmac.AttributeAssignmentTest"/>
  <testcase name="VerifySaveButtonwithoutSelectingAgents" time="7.179" classname="com.tetherfi.test.tmac.AttributeAssignmentTest"/>
  <testcase name="VerifySaveButtonwithoutSelectingAttributes" time="20.727" classname="com.tetherfi.test.tmac.AttributeAssignmentTest"/>
  <testcase name="VerifyClearButton" time="22.416" classname="com.tetherfi.test.tmac.AttributeAssignmentTest"/>
  <testcase name="VerifyTeamNamewithDataBase" time="15.616" classname="com.tetherfi.test.tmac.AttributeAssignmentTest"/>
  <testcase name="VerifyPresenceofAgentAttributesWindow" time="30.379" classname="com.tetherfi.test.tmac.AttributeAssignmentTest"/>
  <testcase name="ExportToExcelButton" time="12.645" classname="com.tetherfi.test.tmac.AttributeAssignmentTest"/>
  <testcase name="verifyDropDownForAllTheColumns" time="14.597" classname="com.tetherfi.test.tmac.AttributeAssignmentTest"/>
  <testcase name="VerifyColumnsHeaderEnable" time="18.329" classname="com.tetherfi.test.tmac.AttributeAssignmentTest"/>
  <testcase name="VerifyColumnsHeaderDisable" time="17.707" classname="com.tetherfi.test.tmac.AttributeAssignmentTest"/>
  <testcase name="verifyArrowMoveForPreviousAndNextPage" time="14.513" classname="com.tetherfi.test.tmac.AttributeAssignmentTest"/>
  <testcase name="verifyArrowMoveForFirstAndLastPage" time="13.402" classname="com.tetherfi.test.tmac.AttributeAssignmentTest"/>
  <testcase name="verifyTotalNumberOfItemsPerPageDetails" time="12.671" classname="com.tetherfi.test.tmac.AttributeAssignmentTest"/>
  <testcase name="verifyNumberOfItemsPerPageSelection" time="32.811" classname="com.tetherfi.test.tmac.AttributeAssignmentTest"/>
  <testcase name="SearchChannelCategoryTabAttribute" time="10.030" classname="com.tetherfi.test.tmac.AttributeAssignmentTest"/>
  <testcase name="SearchIntentCategoryTabAttribute" time="18.234" classname="com.tetherfi.test.tmac.AttributeAssignmentTest"/>
  <testcase name="SearchPackageCategoryTabAttribute" time="13.516" classname="com.tetherfi.test.tmac.AttributeAssignmentTest"/>
  <testcase name="SearchCustomerTypeCategoryTabAttribute" time="11.831" classname="com.tetherfi.test.tmac.AttributeAssignmentTest"/>
  <testcase name="SearchAgeCategoryTabAttribute" time="11.318" classname="com.tetherfi.test.tmac.AttributeAssignmentTest"/>
  <testcase name="SearchGenderCategoryTabAttribute" time="11.053" classname="com.tetherfi.test.tmac.AttributeAssignmentTest"/>
  <testcase name="SearchLocationCategoryTabAttribute" time="11.326" classname="com.tetherfi.test.tmac.AttributeAssignmentTest"/>
  <testcase name="SearchSentimentCategoryTabAttribute" time="10.990" classname="com.tetherfi.test.tmac.AttributeAssignmentTest"/>
  <testcase name="SearchLanguageCategoryTabAttribute" time="11.300" classname="com.tetherfi.test.tmac.AttributeAssignmentTest"/>
  <testcase name="VerifyAssignAttributesfromChannelTab" time="24.840" classname="com.tetherfi.test.tmac.AttributeAssignmentTest"/>
  <testcase name="VerifyAssignAttributesfromIntentTab" time="69.730" classname="com.tetherfi.test.tmac.AttributeAssignmentTest">
    <error type="org.openqa.selenium.TimeoutException" message="Expected condition failed: waiting for visibility of [[ChromeDriver: chrome on WINDOWS (389335019e6d7e081df90de18baf8a98)] -&gt; css selector: div[class=&#039;swal-modal&#039;] input] (tried for 30 second(s) with 500 milliseconds interval)">
      <![CDATA[org.openqa.selenium.TimeoutException: Expected condition failed: waiting for visibility of [[ChromeDriver: chrome on WINDOWS (389335019e6d7e081df90de18baf8a98)] -> css selector: div[class='swal-modal'] input] (tried for 30 second(s) with 500 milliseconds interval)
at org.openqa.selenium.support.ui.WebDriverWait.timeoutException(WebDriverWait.java:95)
at org.openqa.selenium.support.ui.FluentWait.until(FluentWait.java:272)
at com.tetherfi.pages.BasePage.waitUntilWebElementIsVisible(BasePage.java:129)
at com.tetherfi.pages.BasePage.enterValueToTxtField(BasePage.java:147)
at com.tetherfi.pages.AttributeAssignmentPage.selectmultipleAttributes(AttributeAssignmentPage.java:527)
at com.tetherfi.pages.AttributeAssignmentPage.verifyAssignAttributesfromTab(AttributeAssignmentPage.java:541)
at com.tetherfi.test.tmac.AttributeAssignmentTest.VerifyAssignAttributesfromIntentTab(AttributeAssignmentTest.java:283)
at sun.reflect.NativeMethodAccessorImpl.invoke0(Native Method)
at sun.reflect.NativeMethodAccessorImpl.invoke(Unknown Source)
at sun.reflect.DelegatingMethodAccessorImpl.invoke(Unknown Source)
at java.lang.reflect.Method.invoke(Unknown Source)
at org.testng.internal.MethodInvocationHelper.invokeMethod(MethodInvocationHelper.java:133)
at org.testng.internal.TestInvoker.invokeMethod(TestInvoker.java:584)
at org.testng.internal.TestInvoker.invokeTestMethod(TestInvoker.java:172)
at org.testng.internal.MethodRunner.runInSequence(MethodRunner.java:46)
at org.testng.internal.TestInvoker$MethodInvocationAgent.invoke(TestInvoker.java:804)
at org.testng.internal.TestInvoker.invokeTestMethods(TestInvoker.java:145)
at org.testng.internal.TestMethodWorker.invokeTestMethods(TestMethodWorker.java:146)
at org.testng.internal.TestMethodWorker.run(TestMethodWorker.java:128)
at java.util.ArrayList.forEach(Unknown Source)
at org.testng.TestRunner.privateRun(TestRunner.java:770)
at org.testng.TestRunner.run(TestRunner.java:591)
at org.testng.SuiteRunner.runTest(SuiteRunner.java:402)
at org.testng.SuiteRunner.runSequentially(SuiteRunner.java:396)
at org.testng.SuiteRunner.privateRun(SuiteRunner.java:355)
at org.testng.SuiteRunner.run(SuiteRunner.java:304)
at org.testng.SuiteRunnerWorker.runSuite(SuiteRunnerWorker.java:53)
at org.testng.SuiteRunnerWorker.run(SuiteRunnerWorker.java:96)
at org.testng.TestNG.runSuitesSequentially(TestNG.java:1180)
at org.testng.TestNG.runSuitesLocally(TestNG.java:1102)
at org.testng.TestNG.runSuites(TestNG.java:1032)
at org.testng.TestNG.run(TestNG.java:1000)
at org.testng.remote.AbstractRemoteTestNG.run(AbstractRemoteTestNG.java:115)
at org.testng.remote.RemoteTestNG.initAndRun(RemoteTestNG.java:251)
at org.testng.remote.RemoteTestNG.main(RemoteTestNG.java:77)
Caused by: org.openqa.selenium.NoSuchElementException: no such element: Unable to locate element: {"method":"css selector","selector":"div[class='swal-modal'] input"}
  (Session info: chrome=92.0.4515.131)
For documentation on this error, please visit: https://www.seleniumhq.org/exceptions/no_such_element.html
Build info: version: '3.141.59', revision: 'e82be7d358', time: '2018-11-14T08:17:03'
System info: host: 'TTF-BLR-SANTOSH', ip: '192.168.50.12', os.name: 'Windows 10', os.arch: 'amd64', os.version: '10.0', java.version: '1.8.0_181'
Driver info: org.openqa.selenium.chrome.ChromeDriver
Capabilities {acceptInsecureCerts: false, browserName: chrome, browserVersion: 92.0.4515.131, chrome: {chromedriverVersion: 91.0.4472.19 (1bf021f248676..., userDataDir: C:\Users\admin\AppData\Loca...}, goog:chromeOptions: {debuggerAddress: localhost:51027}, javascriptEnabled: true, networkConnectionEnabled: false, pageLoadStrategy: normal, platform: WINDOWS, platformName: WINDOWS, proxy: Proxy(), setWindowRect: true, strictFileInteractability: false, timeouts: {implicit: 0, pageLoad: 300000, script: 30000}, unhandledPromptBehavior: dismiss and notify, webauthn:extension:largeBlob: true, webauthn:virtualAuthenticators: true}
Session ID: 389335019e6d7e081df90de18baf8a98
*** Element info: {Using=css selector, value=div[class='swal-modal'] input}
at sun.reflect.NativeConstructorAccessorImpl.newInstance0(Native Method)
at sun.reflect.NativeConstructorAccessorImpl.newInstance(Unknown Source)
at sun.reflect.DelegatingConstructorAccessorImpl.newInstance(Unknown Source)
at java.lang.reflect.Constructor.newInstance(Unknown Source)
at org.openqa.selenium.remote.http.W3CHttpResponseCodec.createException(W3CHttpResponseCodec.java:187)
at org.openqa.selenium.remote.http.W3CHttpResponseCodec.decode(W3CHttpResponseCodec.java:122)
at org.openqa.selenium.remote.http.W3CHttpResponseCodec.decode(W3CHttpResponseCodec.java:49)
at org.openqa.selenium.remote.HttpCommandExecutor.execute(HttpCommandExecutor.java:158)
at org.openqa.selenium.remote.service.DriverCommandExecutor.execute(DriverCommandExecutor.java:83)
at org.openqa.selenium.remote.RemoteWebDriver.execute(RemoteWebDriver.java:552)
at org.openqa.selenium.remote.RemoteWebDriver.findElement(RemoteWebDriver.java:323)
at org.openqa.selenium.remote.RemoteWebDriver.findElementByCssSelector(RemoteWebDriver.java:420)
at org.openqa.selenium.By$ByCssSelector.findElement(By.java:431)
at org.openqa.selenium.remote.RemoteWebDriver.findElement(RemoteWebDriver.java:315)
at org.openqa.selenium.support.pagefactory.DefaultElementLocator.findElement(DefaultElementLocator.java:69)
at org.openqa.selenium.support.pagefactory.internal.LocatingElementHandler.invoke(LocatingElementHandler.java:38)
at com.sun.proxy.$Proxy11.isDisplayed(Unknown Source)
at org.openqa.selenium.support.ui.ExpectedConditions.elementIfVisible(ExpectedConditions.java:314)
at org.openqa.selenium.support.ui.ExpectedConditions.access$000(ExpectedConditions.java:43)
at org.openqa.selenium.support.ui.ExpectedConditions$10.apply(ExpectedConditions.java:300)
at org.openqa.selenium.support.ui.ExpectedConditions$10.apply(ExpectedConditions.java:297)
at org.openqa.selenium.support.ui.FluentWait.until(FluentWait.java:249)
... 33 more
]]>
    </error>
  </testcase> <!-- VerifyAssignAttributesfromIntentTab -->
  <testcase name="VerifyAssignAttributesfromPackageTab" time="39.271" classname="com.tetherfi.test.tmac.AttributeAssignmentTest"/>
  <testcase name="VerifyAssignAttributesfromCustomerTypeTab" time="27.690" classname="com.tetherfi.test.tmac.AttributeAssignmentTest"/>
  <testcase name="VerifyAssignAttributesfromAgeTab" time="26.071" classname="com.tetherfi.test.tmac.AttributeAssignmentTest"/>
  <testcase name="VerifyAssignAttributesfromGenderTab" time="26.024" classname="com.tetherfi.test.tmac.AttributeAssignmentTest"/>
  <testcase name="VerifyAssignAttributesfromLocationTab" time="26.501" classname="com.tetherfi.test.tmac.AttributeAssignmentTest"/>
  <testcase name="VerifyAssignAttributesfromSentimentTab" time="30.360" classname="com.tetherfi.test.tmac.AttributeAssignmentTest"/>
  <testcase name="VerifyAssignAttributesfromLanguageTab" time="26.542" classname="com.tetherfi.test.tmac.AttributeAssignmentTest"/>
</testsuite> <!-- com.tetherfi.test.tmac.AttributeAssignmentTest -->
