<?xml version="1.0" encoding="UTF-8"?>
<!-- Generated by org.testng.reporters.JUnitReportReporter -->
<testsuite hostname="DESKTOP-O6A5C2O" failures="1" tests="39" name="com.tetherfi.test.chat.ChatMenuDescriptionTest" time="590.990" errors="1" timestamp="2019-12-19T15:26:32 IST" skipped="0">
  <testcase classname="com.tetherfi.test.chat.ChatMenuDescriptionTest" name="ChatMenuDescriptionPage" time="7.771"/>
  <testcase classname="com.tetherfi.test.chat.ChatMenuDescriptionTest" name="VerifyDropdownForAllTheColumns" time="14.775"/>
  <testcase classname="com.tetherfi.test.chat.ChatMenuDescriptionTest" name="VerifyColumnsHeaderEnable" time="14.117"/>
  <testcase classname="com.tetherfi.test.chat.ChatMenuDescriptionTest" name="VerifyColumnsHeaderDisable" time="13.836"/>
  <testcase classname="com.tetherfi.test.chat.ChatMenuDescriptionTest" name="AddNewChatMenuDescriptionRecord" time="9.630"/>
  <testcase classname="com.tetherfi.test.chat.ChatMenuDescriptionTest" name="AddDuplicateChatMenuDescriptionRecord" time="9.290"/>
  <testcase classname="com.tetherfi.test.chat.ChatMenuDescriptionTest" name="VerifyAuditTrialReportForCreate" time="37.064"/>
  <testcase classname="com.tetherfi.test.chat.ChatMenuDescriptionTest" name="AddEmptyRecord" time="7.150"/>
  <testcase classname="com.tetherfi.test.chat.ChatMenuDescriptionTest" name="AddRecordWithoutMenuId" time="8.147"/>
  <testcase classname="com.tetherfi.test.chat.ChatMenuDescriptionTest" name="AddRecordWithoutIntent" time="7.690"/>
  <testcase classname="com.tetherfi.test.chat.ChatMenuDescriptionTest" name="AddRecordWithoutMenuName" time="8.327"/>
  <testcase classname="com.tetherfi.test.chat.ChatMenuDescriptionTest" name="VerifyCancelBtnAtAddRecord" time="50.714"/>
  <testcase classname="com.tetherfi.test.chat.ChatMenuDescriptionTest" name="VerifySearchIsNotEqualTo" time="13.659"/>
  <testcase classname="com.tetherfi.test.chat.ChatMenuDescriptionTest" name="VerifySearchContains" time="12.916"/>
  <testcase classname="com.tetherfi.test.chat.ChatMenuDescriptionTest" name="VerifySearchDoesNotContains" time="11.437"/>
  <testcase classname="com.tetherfi.test.chat.ChatMenuDescriptionTest" name="VerifySearchStartsWith" time="12.727"/>
  <testcase classname="com.tetherfi.test.chat.ChatMenuDescriptionTest" name="VerifySearchEndsWith" time="13.065"/>
  <testcase classname="com.tetherfi.test.chat.ChatMenuDescriptionTest" name="EditChatMenuDescriptionRecord" time="15.148"/>
  <testcase classname="com.tetherfi.test.chat.ChatMenuDescriptionTest" name="VerifyAuditTrialReportForUpdate" time="37.460"/>
  <testcase classname="com.tetherfi.test.chat.ChatMenuDescriptionTest" name="EditWithoutModifyReasonRecord" time="13.960"/>
  <testcase classname="com.tetherfi.test.chat.ChatMenuDescriptionTest" name="VerifyCancelBtnAtEditRecord" time="56.562"/>
  <testcase classname="com.tetherfi.test.chat.ChatMenuDescriptionTest" name="searchPage" time="10.461"/>
  <testcase classname="com.tetherfi.test.chat.ChatMenuDescriptionTest" name="searchwithoutSearchTextbox" time="9.671"/>
  <testcase classname="com.tetherfi.test.chat.ChatMenuDescriptionTest" name="ExportToExcel" time="9.231"/>
  <testcase classname="com.tetherfi.test.chat.ChatMenuDescriptionTest" name="ExportToExcelData" time="10.210"/>
  <testcase classname="com.tetherfi.test.chat.ChatMenuDescriptionTest" name="DeleteWithoutDeleteReasonRecord" time="12.059"/>
  <testcase classname="com.tetherfi.test.chat.ChatMenuDescriptionTest" name="VerifyCancelBtnAtDeleteChatMenuDescriptionRecord" time="10.413">
    <error message="stale element reference: element is not attached to the page document
  (Session info: chrome=78.0.3904.108)
For documentation on this error, please visit: https://www.seleniumhq.org/exceptions/stale_element_reference.html
Build info: version: &#039;3.141.59&#039;, revision: &#039;e82be7d358&#039;, time: &#039;2018-11-14T08:17:03&#039;
System info: host: &#039;DESKTOP-O6A5C2O&#039;, ip: &#039;10.0.75.1&#039;, os.name: &#039;Windows 10&#039;, os.arch: &#039;amd64&#039;, os.version: &#039;10.0&#039;, java.version: &#039;9.0.4&#039;
Driver info: org.openqa.selenium.chrome.ChromeDriver
Capabilities {acceptInsecureCerts: false, browserName: chrome, browserVersion: 78.0.3904.108, chrome: {chromedriverVersion: 78.0.3904.70 (edb9c9f3de024..., userDataDir: C:\Users\admin\AppData\Loca...}, goog:chromeOptions: {debuggerAddress: localhost:63194}, javascriptEnabled: true, networkConnectionEnabled: false, pageLoadStrategy: normal, platform: XP, platformName: XP, proxy: Proxy(), setWindowRect: true, strictFileInteractability: false, timeouts: {implicit: 0, pageLoad: 300000, script: 30000}, unhandledPromptBehavior: dismiss and notify}
Session ID: 3ceb03e19f0237093b3e15af6626429c" type="org.openqa.selenium.StaleElementReferenceException">
      <![CDATA[org.openqa.selenium.StaleElementReferenceException: stale element reference: element is not attached to the page document
  (Session info: chrome=78.0.3904.108)
For documentation on this error, please visit: https://www.seleniumhq.org/exceptions/stale_element_reference.html
Build info: version: '3.141.59', revision: 'e82be7d358', time: '2018-11-14T08:17:03'
System info: host: 'DESKTOP-O6A5C2O', ip: '10.0.75.1', os.name: 'Windows 10', os.arch: 'amd64', os.version: '10.0', java.version: '9.0.4'
Driver info: org.openqa.selenium.chrome.ChromeDriver
Capabilities {acceptInsecureCerts: false, browserName: chrome, browserVersion: 78.0.3904.108, chrome: {chromedriverVersion: 78.0.3904.70 (edb9c9f3de024..., userDataDir: C:\Users\admin\AppData\Loca...}, goog:chromeOptions: {debuggerAddress: localhost:63194}, javascriptEnabled: true, networkConnectionEnabled: false, pageLoadStrategy: normal, platform: XP, platformName: XP, proxy: Proxy(), setWindowRect: true, strictFileInteractability: false, timeouts: {implicit: 0, pageLoad: 300000, script: 30000}, unhandledPromptBehavior: dismiss and notify}
Session ID: 3ceb03e19f0237093b3e15af6626429c
at java.base/jdk.internal.reflect.NativeConstructorAccessorImpl.newInstance0(Native Method)
at java.base/jdk.internal.reflect.NativeConstructorAccessorImpl.newInstance(Unknown Source)
at java.base/jdk.internal.reflect.DelegatingConstructorAccessorImpl.newInstance(Unknown Source)
at java.base/java.lang.reflect.Constructor.newInstance(Unknown Source)
at org.openqa.selenium.remote.http.W3CHttpResponseCodec.createException(W3CHttpResponseCodec.java:187)
at org.openqa.selenium.remote.http.W3CHttpResponseCodec.decode(W3CHttpResponseCodec.java:122)
at org.openqa.selenium.remote.http.W3CHttpResponseCodec.decode(W3CHttpResponseCodec.java:49)
at org.openqa.selenium.remote.HttpCommandExecutor.execute(HttpCommandExecutor.java:158)
at org.openqa.selenium.remote.service.DriverCommandExecutor.execute(DriverCommandExecutor.java:83)
at org.openqa.selenium.remote.RemoteWebDriver.execute(RemoteWebDriver.java:552)
at org.openqa.selenium.remote.RemoteWebElement.execute(RemoteWebElement.java:285)
at org.openqa.selenium.remote.RemoteWebElement.isDisplayed(RemoteWebElement.java:326)
at org.openqa.selenium.support.ui.ExpectedConditions.elementIfVisible(ExpectedConditions.java:314)
at org.openqa.selenium.support.ui.ExpectedConditions.access$000(ExpectedConditions.java:43)
at org.openqa.selenium.support.ui.ExpectedConditions$10.apply(ExpectedConditions.java:300)
at org.openqa.selenium.support.ui.ExpectedConditions$10.apply(ExpectedConditions.java:297)
at org.openqa.selenium.support.ui.FluentWait.until(FluentWait.java:249)
at com.tetherfi.pages.BasePage.waitUntilWebElementListIsVisible(BasePage.java:139)
at com.tetherfi.pages.BasePage.selectDropdownFromVisibleText(BasePage.java:335)
at com.tetherfi.pages.ChatMenuDescriptionPage.searchChatMenuDescriptionRecord(ChatMenuDescriptionPage.java:597)
at com.tetherfi.test.chat.ChatMenuDescriptionTest.VerifyCancelBtnAtDeleteChatMenuDescriptionRecord(ChatMenuDescriptionTest.java:289)
at java.base/jdk.internal.reflect.NativeMethodAccessorImpl.invoke0(Native Method)
at java.base/jdk.internal.reflect.NativeMethodAccessorImpl.invoke(Unknown Source)
at java.base/jdk.internal.reflect.DelegatingMethodAccessorImpl.invoke(Unknown Source)
at java.base/java.lang.reflect.Method.invoke(Unknown Source)
at org.testng.internal.MethodInvocationHelper.invokeMethod(MethodInvocationHelper.java:133)
at org.testng.internal.TestInvoker.invokeMethod(TestInvoker.java:584)
at org.testng.internal.TestInvoker.invokeTestMethod(TestInvoker.java:172)
at org.testng.internal.MethodRunner.runInSequence(MethodRunner.java:46)
at org.testng.internal.TestInvoker$MethodInvocationAgent.invoke(TestInvoker.java:804)
at org.testng.internal.TestInvoker.invokeTestMethods(TestInvoker.java:145)
at org.testng.internal.TestMethodWorker.invokeTestMethods(TestMethodWorker.java:146)
at org.testng.internal.TestMethodWorker.run(TestMethodWorker.java:128)
at java.base/java.util.ArrayList.forEach(Unknown Source)
at org.testng.TestRunner.privateRun(TestRunner.java:770)
at org.testng.TestRunner.run(TestRunner.java:591)
at org.testng.SuiteRunner.runTest(SuiteRunner.java:402)
at org.testng.SuiteRunner.runSequentially(SuiteRunner.java:396)
at org.testng.SuiteRunner.privateRun(SuiteRunner.java:355)
at org.testng.SuiteRunner.run(SuiteRunner.java:304)
at org.testng.SuiteRunnerWorker.runSuite(SuiteRunnerWorker.java:53)
at org.testng.SuiteRunnerWorker.run(SuiteRunnerWorker.java:96)
at org.testng.TestNG.runSuitesSequentially(TestNG.java:1180)
at org.testng.TestNG.runSuitesLocally(TestNG.java:1102)
at org.testng.TestNG.runSuites(TestNG.java:1032)
at org.testng.TestNG.run(TestNG.java:1000)
at org.testng.remote.AbstractRemoteTestNG.run(AbstractRemoteTestNG.java:115)
at org.testng.remote.RemoteTestNG.initAndRun(RemoteTestNG.java:251)
at org.testng.remote.RemoteTestNG.main(RemoteTestNG.java:77)
]]>
    </error>
  </testcase> <!-- VerifyCancelBtnAtDeleteChatMenuDescriptionRecord -->
  <testcase classname="com.tetherfi.test.chat.ChatMenuDescriptionTest" name="DeleteChatMenuDescriptionRecord" time="13.022"/>
  <testcase classname="com.tetherfi.test.chat.ChatMenuDescriptionTest" name="VerifyAuditTrialReportForDelete" time="35.469">
    <failure message="did not expect to find [true] but found [false]" type="java.lang.AssertionError">
      <![CDATA[java.lang.AssertionError: did not expect to find [true] but found [false]
at org.testng.Assert.fail(Assert.java:97)
at org.testng.Assert.failNotEquals(Assert.java:969)
at org.testng.Assert.assertTrue(Assert.java:43)
at org.testng.Assert.assertTrue(Assert.java:53)
at com.tetherfi.test.chat.ChatMenuDescriptionTest.VerifyAuditTrialReportForDelete(ChatMenuDescriptionTest.java:318)
at java.base/jdk.internal.reflect.NativeMethodAccessorImpl.invoke0(Native Method)
at java.base/jdk.internal.reflect.NativeMethodAccessorImpl.invoke(Unknown Source)
at java.base/jdk.internal.reflect.DelegatingMethodAccessorImpl.invoke(Unknown Source)
at java.base/java.lang.reflect.Method.invoke(Unknown Source)
at org.testng.internal.MethodInvocationHelper.invokeMethod(MethodInvocationHelper.java:133)
at org.testng.internal.TestInvoker.invokeMethod(TestInvoker.java:584)
at org.testng.internal.TestInvoker.invokeTestMethod(TestInvoker.java:172)
at org.testng.internal.MethodRunner.runInSequence(MethodRunner.java:46)
at org.testng.internal.TestInvoker$MethodInvocationAgent.invoke(TestInvoker.java:804)
at org.testng.internal.TestInvoker.invokeTestMethods(TestInvoker.java:145)
at org.testng.internal.TestMethodWorker.invokeTestMethods(TestMethodWorker.java:146)
at org.testng.internal.TestMethodWorker.run(TestMethodWorker.java:128)
at java.base/java.util.ArrayList.forEach(Unknown Source)
at org.testng.TestRunner.privateRun(TestRunner.java:770)
at org.testng.TestRunner.run(TestRunner.java:591)
at org.testng.SuiteRunner.runTest(SuiteRunner.java:402)
at org.testng.SuiteRunner.runSequentially(SuiteRunner.java:396)
at org.testng.SuiteRunner.privateRun(SuiteRunner.java:355)
at org.testng.SuiteRunner.run(SuiteRunner.java:304)
at org.testng.SuiteRunnerWorker.runSuite(SuiteRunnerWorker.java:53)
at org.testng.SuiteRunnerWorker.run(SuiteRunnerWorker.java:96)
at org.testng.TestNG.runSuitesSequentially(TestNG.java:1180)
at org.testng.TestNG.runSuitesLocally(TestNG.java:1102)
at org.testng.TestNG.runSuites(TestNG.java:1032)
at org.testng.TestNG.run(TestNG.java:1000)
at org.testng.remote.AbstractRemoteTestNG.run(AbstractRemoteTestNG.java:115)
at org.testng.remote.RemoteTestNG.initAndRun(RemoteTestNG.java:251)
at org.testng.remote.RemoteTestNG.main(RemoteTestNG.java:77)
]]>
    </failure>
  </testcase> <!-- VerifyAuditTrialReportForDelete -->
  <testcase classname="com.tetherfi.test.chat.ChatMenuDescriptionTest" name="SearchClearSearch" time="12.677"/>
  <testcase classname="com.tetherfi.test.chat.ChatMenuDescriptionTest" name="ExporttoExcelWithoutData" time="10.928"/>
  <testcase classname="com.tetherfi.test.chat.ChatMenuDescriptionTest" name="SortingByAscending" time="12.344"/>
  <testcase classname="com.tetherfi.test.chat.ChatMenuDescriptionTest" name="SortingByDescending" time="13.174"/>
  <testcase classname="com.tetherfi.test.chat.ChatMenuDescriptionTest" name="GroupBy" time="9.892"/>
  <testcase classname="com.tetherfi.test.chat.ChatMenuDescriptionTest" name="VerifyArrowMoveForPreviousAndNextPage" time="7.536"/>
  <testcase classname="com.tetherfi.test.chat.ChatMenuDescriptionTest" name="VerifyArrowMoveForFirstAndLastPage" time="6.221"/>
  <testcase classname="com.tetherfi.test.chat.ChatMenuDescriptionTest" name="VerifyTotalNumberOfItemsPerPageDetails" time="10.665"/>
  <testcase classname="com.tetherfi.test.chat.ChatMenuDescriptionTest" name="VerifyNumberOfItemsPerPageSelection" time="12.267"/>
  <testcase classname="com.tetherfi.test.chat.ChatMenuDescriptionTest" name="database" time="9.305"/>
</testsuite> <!-- com.tetherfi.test.chat.ChatMenuDescriptionTest -->
