<?xml version="1.0" encoding="UTF-8"?>
<!-- Generated by org.testng.reporters.JUnitReportReporter -->
<testsuite skipped="2" hostname="TTF-BLR-SANTOSHKOUJALAGI" name="com.tetherfi.test.reports.OCMSMSHostTransactionReportTest" tests="50" failures="1" timestamp="2021-08-30T03:04:50 IST" time="1519.212" errors="0">
  <testcase name="ShowReport" time="23.531" classname="com.tetherfi.test.reports.OCMSMSHostTransactionReportTest"/>
  <testcase name="ShowReportInNewPage" time="22.426" classname="com.tetherfi.test.reports.OCMSMSHostTransactionReportTest"/>
  <testcase name="database" time="31.757" classname="com.tetherfi.test.reports.OCMSMSHostTransactionReportTest">
    <failure type="java.lang.AssertionError" message="Main report data mismatch did not expect to find [true] but found [false]">
      <![CDATA[java.lang.AssertionError: Main report data mismatch did not expect to find [true] but found [false]
at org.testng.Assert.fail(Assert.java:97)
at org.testng.Assert.failNotEquals(Assert.java:969)
at org.testng.Assert.assertTrue(Assert.java:43)
at com.tetherfi.test.reports.OCMSMSHostTransactionReportTest.database(OCMSMSHostTransactionReportTest.java:61)
at sun.reflect.NativeMethodAccessorImpl.invoke0(Native Method)
at sun.reflect.NativeMethodAccessorImpl.invoke(Unknown Source)
at sun.reflect.DelegatingMethodAccessorImpl.invoke(Unknown Source)
at java.lang.reflect.Method.invoke(Unknown Source)
at org.testng.internal.MethodInvocationHelper.invokeMethod(MethodInvocationHelper.java:133)
at org.testng.internal.TestInvoker.invokeMethod(TestInvoker.java:584)
at org.testng.internal.TestInvoker.invokeTestMethod(TestInvoker.java:172)
at org.testng.internal.MethodRunner.runInSequence(MethodRunner.java:46)
at org.testng.internal.TestInvoker$MethodInvocationAgent.invoke(TestInvoker.java:804)
at org.testng.internal.TestInvoker.invokeTestMethods(TestInvoker.java:145)
at org.testng.internal.TestMethodWorker.invokeTestMethods(TestMethodWorker.java:146)
at org.testng.internal.TestMethodWorker.run(TestMethodWorker.java:128)
at java.util.ArrayList.forEach(Unknown Source)
at org.testng.TestRunner.privateRun(TestRunner.java:770)
at org.testng.TestRunner.run(TestRunner.java:591)
at org.testng.SuiteRunner.runTest(SuiteRunner.java:402)
at org.testng.SuiteRunner.runSequentially(SuiteRunner.java:396)
at org.testng.SuiteRunner.privateRun(SuiteRunner.java:355)
at org.testng.SuiteRunner.run(SuiteRunner.java:304)
at org.testng.SuiteRunnerWorker.runSuite(SuiteRunnerWorker.java:53)
at org.testng.SuiteRunnerWorker.run(SuiteRunnerWorker.java:96)
at org.testng.TestNG.runSuitesSequentially(TestNG.java:1180)
at org.testng.TestNG.runSuitesLocally(TestNG.java:1102)
at org.testng.TestNG.runSuites(TestNG.java:1032)
at org.testng.TestNG.run(TestNG.java:1000)
at org.testng.remote.AbstractRemoteTestNG.run(AbstractRemoteTestNG.java:115)
at org.testng.remote.RemoteTestNG.initAndRun(RemoteTestNG.java:251)
at org.testng.remote.RemoteTestNG.main(RemoteTestNG.java:77)
]]>
    </failure>
  </testcase> <!-- database -->
  <testcase name="VerifyArrowMoveForPreviousAndNextPage" time="30.170" classname="com.tetherfi.test.reports.OCMSMSHostTransactionReportTest"/>
  <testcase name="VerifyArrowMoveForFirstAndLastPage" time="30.051" classname="com.tetherfi.test.reports.OCMSMSHostTransactionReportTest"/>
  <testcase name="VerifyTotalNumberOfItemsPerPageDetails" time="19.683" classname="com.tetherfi.test.reports.OCMSMSHostTransactionReportTest"/>
  <testcase name="VerifyNumberOfItemsPerPageSelection" time="54.957" classname="com.tetherfi.test.reports.OCMSMSHostTransactionReportTest"/>
  <testcase name="VerifySearchByFeature" time="26.112" classname="com.tetherfi.test.reports.OCMSMSHostTransactionReportTest"/>
  <testcase name="VerifySearchIsequalTo" time="31.167" classname="com.tetherfi.test.reports.OCMSMSHostTransactionReportTest"/>
  <testcase name="VerifySearchIsNotEqualTo" time="28.915" classname="com.tetherfi.test.reports.OCMSMSHostTransactionReportTest"/>
  <testcase name="VerifySearchContains" time="29.449" classname="com.tetherfi.test.reports.OCMSMSHostTransactionReportTest"/>
  <testcase name="VerifySearchDoesNotContains" time="28.183" classname="com.tetherfi.test.reports.OCMSMSHostTransactionReportTest"/>
  <testcase name="VerifySearchStartsWith" time="29.376" classname="com.tetherfi.test.reports.OCMSMSHostTransactionReportTest"/>
  <testcase name="VerifySearchEndsWith" time="30.589" classname="com.tetherfi.test.reports.OCMSMSHostTransactionReportTest"/>
  <testcase name="verifyAdvancedSearchinreportpage" time="30.428" classname="com.tetherfi.test.reports.OCMSMSHostTransactionReportTest"/>
  <testcase name="VerifySearchFeatureForIsAfter" time="32.597" classname="com.tetherfi.test.reports.OCMSMSHostTransactionReportTest"/>
  <testcase name="VerifySearchFeatureForIsAfterOrEqualTo" time="28.919" classname="com.tetherfi.test.reports.OCMSMSHostTransactionReportTest"/>
  <testcase name="VerifySorting" time="42.769" classname="com.tetherfi.test.reports.OCMSMSHostTransactionReportTest"/>
  <testcase name="verifyAdvancedSearchANDCriteria" time="41.825" classname="com.tetherfi.test.reports.OCMSMSHostTransactionReportTest"/>
  <testcase name="verifyAdvancedSearchORCriteria" time="43.011" classname="com.tetherfi.test.reports.OCMSMSHostTransactionReportTest"/>
  <testcase name="ScheduleReport" time="20.614" classname="com.tetherfi.test.reports.OCMSMSHostTransactionReportTest"/>
  <testcase name="ExportReport" time="19.359" classname="com.tetherfi.test.reports.OCMSMSHostTransactionReportTest"/>
  <testcase name="ViewDownloadedReportInReportsDownloadPage" time="11.461" classname="com.tetherfi.test.reports.OCMSMSHostTransactionReportTest"/>
  <testcase name="VerifyViewDownloadedReportInReportsDownloadPage" time="116.850" classname="com.tetherfi.test.reports.OCMSMSHostTransactionReportTest"/>
  <testcase name="ShowReportForDateRange" time="20.650" classname="com.tetherfi.test.reports.OCMSMSHostTransactionReportTest"/>
  <testcase name="ShowReportInNewPageForDateRange" time="20.937" classname="com.tetherfi.test.reports.OCMSMSHostTransactionReportTest"/>
  <testcase name="ScheduleReportforDateRange" time="20.841" classname="com.tetherfi.test.reports.OCMSMSHostTransactionReportTest"/>
  <testcase name="ExportReportDateRange" time="19.185" classname="com.tetherfi.test.reports.OCMSMSHostTransactionReportTest"/>
  <testcase name="ViewDownloadedReportInReportsDownloadPageDateRange" time="10.607" classname="com.tetherfi.test.reports.OCMSMSHostTransactionReportTest"/>
  <testcase name="VerifyDownloadedReportInReportsDownloadPage" time="116.845" classname="com.tetherfi.test.reports.OCMSMSHostTransactionReportTest"/>
  <testcase name="DeleteWithoutDeleteReasonRecordinReportsDownloadforDateRange" time="10.018" classname="com.tetherfi.test.reports.OCMSMSHostTransactionReportTest"/>
  <testcase name="VerifyCancelBtnAtReportsDownloadDeleteBtnForDateRange" time="32.384" classname="com.tetherfi.test.reports.OCMSMSHostTransactionReportTest"/>
  <testcase name="DeleteRecord" time="11.013" classname="com.tetherfi.test.reports.OCMSMSHostTransactionReportTest"/>
  <testcase name="ClearAll" time="17.843" classname="com.tetherfi.test.reports.OCMSMSHostTransactionReportTest"/>
  <testcase name="OCMWindow" time="21.723" classname="com.tetherfi.test.reports.OCMSMSHostTransactionReportTest"/>
  <testcase name="VerifyDropdownForAllTheColumns" time="28.616" classname="com.tetherfi.test.reports.OCMSMSHostTransactionReportTest"/>
  <testcase name="VerifyColumnsHeaderEnable" time="25.597" classname="com.tetherfi.test.reports.OCMSMSHostTransactionReportTest"/>
  <testcase name="VerifyColumnsHeaderDisable" time="27.346" classname="com.tetherfi.test.reports.OCMSMSHostTransactionReportTest"/>
  <testcase name="ExportPage" time="24.566" classname="com.tetherfi.test.reports.OCMSMSHostTransactionReportTest"/>
  <testcase name="VerifyExportedPage" time="22.689" classname="com.tetherfi.test.reports.OCMSMSHostTransactionReportTest"/>
  <testcase name="SchedulereportinSMSHostTransactionReportPage" time="20.690" classname="com.tetherfi.test.reports.OCMSMSHostTransactionReportTest"/>
  <testcase name="ExportToExcel" time="19.691" classname="com.tetherfi.test.reports.OCMSMSHostTransactionReportTest"/>
  <testcase name="ViewExportedDataInReportsDownloadPage" time="25.382" classname="com.tetherfi.test.reports.OCMSMSHostTransactionReportTest"/>
  <testcase name="VerifyExportedData" time="115.982" classname="com.tetherfi.test.reports.OCMSMSHostTransactionReportTest"/>
  <testcase name="searchwithoutSearchTextbox" time="24.407" classname="com.tetherfi.test.reports.OCMSMSHostTransactionReportTest"/>
  <testcase name="ClearSearch" time="24.008" classname="com.tetherfi.test.reports.OCMSMSHostTransactionReportTest"/>
  <testcase name="ClearfiltersAdvSrch" time="25.110" classname="com.tetherfi.test.reports.OCMSMSHostTransactionReportTest"/>
  <testcase name="GroupBy" time="28.883" classname="com.tetherfi.test.reports.OCMSMSHostTransactionReportTest"/>
  <testcase name="VerifySearchFeatureForIsBefore" classname="com.tetherfi.test.reports.OCMSMSHostTransactionReportTest">
    <skipped/>
  </testcase> <!-- VerifySearchFeatureForIsBefore -->
  <testcase name="VerifySearchFeatureForIsBeforeOrEqualTo" classname="com.tetherfi.test.reports.OCMSMSHostTransactionReportTest">
    <skipped/>
  </testcase> <!-- VerifySearchFeatureForIsBeforeOrEqualTo -->
</testsuite> <!-- com.tetherfi.test.reports.OCMSMSHostTransactionReportTest -->
