<?xml version="1.0" encoding="UTF-8"?>
<!-- Generated by org.testng.reporters.JUnitXMLReporter -->
<testsuite hostname="LAPTOP-NKH1C2HF" ignored="32" name="Home(failed)(failed)(failed)" tests="7" failures="5" timestamp="2021-05-12T16:00:25 IST" time="48.442" errors="0">
  <testcase name="searchPage" time="4.757" classname="com.tetherfi.test.tmac.AgentTeamMgmtTest"/>
  <testcase name="SearchClearSearch" time="4.448" classname="com.tetherfi.test.tmac.AgentTeamMgmtTest"/>
  <testcase name="ExportToExcelData" time="0.129" classname="com.tetherfi.test.tmac.AgentTeamMgmtTest">
    <failure type="java.lang.ArrayIndexOutOfBoundsException" message="1">
      <![CDATA[java.lang.ArrayIndexOutOfBoundsException: 1
at com.tetherfi.pages.AgentTeamManagementPage.getdata(AgentTeamManagementPage.java:734)
at com.tetherfi.pages.AgentTeamManagementPage.verifyexportToExcelSheet(AgentTeamManagementPage.java:780)
at com.tetherfi.test.tmac.AgentTeamMgmtTest.ExportToExcelData(AgentTeamMgmtTest.java:270)
at java.util.ArrayList.forEach(Unknown Source)
... Removed 27 stack frames]]>
    </failure>
  </testcase> <!-- ExportToExcelData -->
  <testcase name="database" time="6.017" classname="com.tetherfi.test.tmac.AgentTeamMgmtTest">
    <failure type="java.lang.AssertionError" message="did not expect to find [true] but found [false]">
      <![CDATA[java.lang.AssertionError: did not expect to find [true] but found [false]
at com.tetherfi.test.tmac.AgentTeamMgmtTest.database(AgentTeamMgmtTest.java:280)
at java.util.ArrayList.forEach(Unknown Source)
... Removed 31 stack frames]]>
    </failure>
  </testcase> <!-- database -->
  <testcase name="VerifyArrowMoveForPreviousAndNextPage" time="1.749" classname="com.tetherfi.test.tmac.AgentTeamMgmtTest">
    <failure type="org.openqa.selenium.ElementClickInterceptedException" message="element click intercepted: Element &amp;lt;span class=&amp;quot;k-icon k-i-arrow-60-right&amp;quot;&amp;gt;&amp;lt;/span&amp;gt; is not clickable at point (118, 561). Other element would receive the click: &amp;lt;div class=&amp;quot;k-pager-wrap k-grid-pager k-widget k-floatwrap&amp;quot; data-role=&amp;quot;pager&amp;quot;&amp;gt;...&amp;lt;/div&amp;gt;
  (Session info: chrome=90.0.4430.93)
Build info: version: &amp;apos;3.141.59&amp;apos;, revision: &amp;apos;e82be7d358&amp;apos;, time: &amp;apos;2018-11-14T08:17:03&amp;apos;
System info: host: &amp;apos;LAPTOP-NKH1C2HF&amp;apos;, ip: &amp;apos;192.168.50.18&amp;apos;, os.name: &amp;apos;Windows 10&amp;apos;, os.arch: &amp;apos;amd64&amp;apos;, os.version: &amp;apos;10.0&amp;apos;, java.version: &amp;apos;1.8.0_181&amp;apos;
Driver info: org.openqa.selenium.chrome.ChromeDriver
Capabilities {acceptInsecureCerts: false, browserName: chrome, browserVersion: 90.0.4430.93, chrome: {chromedriverVersion: 90.0.4430.24 (4c6d850f087da..., userDataDir: C:\Users\AMITHA~1\AppData\L...}, goog:chromeOptions: {debuggerAddress: localhost:55270}, javascriptEnabled: true, networkConnectionEnabled: false, pageLoadStrategy: normal, platform: WINDOWS, platformName: WINDOWS, proxy: Proxy(), setWindowRect: true, strictFileInteractability: false, timeouts: {implicit: 0, pageLoad: 300000, script: 30000}, unhandledPromptBehavior: dismiss and notify, webauthn:extension:largeBlob: true, webauthn:virtualAuthenticators: true}
Session ID: b26e851b946edeb73a0bbfefe77754fb">
      <![CDATA[org.openqa.selenium.ElementClickInterceptedException: element click intercepted: Element <span class="k-icon k-i-arrow-60-right"></span> is not clickable at point (118, 561). Other element would receive the click: <div class="k-pager-wrap k-grid-pager k-widget k-floatwrap" data-role="pager">...</div>
  (Session info: chrome=90.0.4430.93)
Build info: version: '3.141.59', revision: 'e82be7d358', time: '2018-11-14T08:17:03'
System info: host: 'LAPTOP-NKH1C2HF', ip: '192.168.50.18', os.name: 'Windows 10', os.arch: 'amd64', os.version: '10.0', java.version: '1.8.0_181'
Driver info: org.openqa.selenium.chrome.ChromeDriver
Capabilities {acceptInsecureCerts: false, browserName: chrome, browserVersion: 90.0.4430.93, chrome: {chromedriverVersion: 90.0.4430.24 (4c6d850f087da..., userDataDir: C:\Users\AMITHA~1\AppData\L...}, goog:chromeOptions: {debuggerAddress: localhost:55270}, javascriptEnabled: true, networkConnectionEnabled: false, pageLoadStrategy: normal, platform: WINDOWS, platformName: WINDOWS, proxy: Proxy(), setWindowRect: true, strictFileInteractability: false, timeouts: {implicit: 0, pageLoad: 300000, script: 30000}, unhandledPromptBehavior: dismiss and notify, webauthn:extension:largeBlob: true, webauthn:virtualAuthenticators: true}
Session ID: b26e851b946edeb73a0bbfefe77754fb
at org.openqa.selenium.remote.http.W3CHttpResponseCodec.createException(W3CHttpResponseCodec.java:187)
at org.openqa.selenium.remote.http.W3CHttpResponseCodec.decode(W3CHttpResponseCodec.java:122)
at org.openqa.selenium.remote.http.W3CHttpResponseCodec.decode(W3CHttpResponseCodec.java:49)
at org.openqa.selenium.remote.HttpCommandExecutor.execute(HttpCommandExecutor.java:158)
at org.openqa.selenium.remote.service.DriverCommandExecutor.execute(DriverCommandExecutor.java:83)
at org.openqa.selenium.remote.RemoteWebDriver.execute(RemoteWebDriver.java:552)
at org.openqa.selenium.remote.RemoteWebElement.execute(RemoteWebElement.java:285)
at org.openqa.selenium.remote.RemoteWebElement.click(RemoteWebElement.java:84)
at org.openqa.selenium.support.pagefactory.internal.LocatingElementHandler.invoke(LocatingElementHandler.java:51)
at com.sun.proxy.$Proxy11.click(Unknown Source)
at com.tetherfi.pages.BasePage.selectWebElement(BasePage.java:200)
at com.tetherfi.pages.AgentTeamManagementPage.verifyArrowMoveForPreviousAndNextPage(AgentTeamManagementPage.java:804)
at com.tetherfi.test.tmac.AgentTeamMgmtTest.VerifyArrowMoveForPreviousAndNextPage(AgentTeamMgmtTest.java:294)
at java.util.ArrayList.forEach(Unknown Source)
... Removed 35 stack frames]]>
    </failure>
  </testcase> <!-- VerifyArrowMoveForPreviousAndNextPage -->
  <testcase name="VerifyTotalNumberOfItemsPerPageDetails" time="0.039" classname="com.tetherfi.test.tmac.AgentTeamMgmtTest">
    <failure type="java.lang.AssertionError" message="item per page assertion failed did not expect to find [true] but found [false]">
      <![CDATA[java.lang.AssertionError: item per page assertion failed did not expect to find [true] but found [false]
at com.tetherfi.test.tmac.AgentTeamMgmtTest.VerifyTotalNumberOfItemsPerPageDetails(AgentTeamMgmtTest.java:306)
at java.util.ArrayList.forEach(Unknown Source)
... Removed 30 stack frames]]>
    </failure>
  </testcase> <!-- VerifyTotalNumberOfItemsPerPageDetails -->
  <testcase name="VerifyNumberOfItemsPerPageSelection" time="0.051" classname="com.tetherfi.test.tmac.AgentTeamMgmtTest">
    <failure type="java.lang.AssertionError" message="item per page assertion failed did not expect to find [true] but found [false]">
      <![CDATA[java.lang.AssertionError: item per page assertion failed did not expect to find [true] but found [false]
at com.tetherfi.test.tmac.AgentTeamMgmtTest.VerifyNumberOfItemsPerPageSelection(AgentTeamMgmtTest.java:312)
at java.util.ArrayList.forEach(Unknown Source)
... Removed 30 stack frames]]>
    </failure>
  </testcase> <!-- VerifyNumberOfItemsPerPageSelection -->
  <testcase name="AddNewCountryRecord" time="0.0" classname="com.tetherfi.test.tmac.AgentTeamMgmtTest">
    <ignored/>
  </testcase> <!-- AddNewCountryRecord -->
  <testcase name="DeleteAgentTeamManagementCancelRecord" time="0.0" classname="com.tetherfi.test.tmac.AgentTeamMgmtTest">
    <ignored/>
  </testcase> <!-- DeleteAgentTeamManagementCancelRecord -->
  <testcase name="AddDuplicateRecord" time="0.0" classname="com.tetherfi.test.tmac.AgentTeamMgmtTest">
    <ignored/>
  </testcase> <!-- AddDuplicateRecord -->
  <testcase name="AddNewDivisionRecord" time="0.0" classname="com.tetherfi.test.tmac.AgentTeamMgmtTest">
    <ignored/>
  </testcase> <!-- AddNewDivisionRecord -->
  <testcase name="VerifyColumnsHeaderEnable" time="0.0" classname="com.tetherfi.test.tmac.AgentTeamMgmtTest">
    <ignored/>
  </testcase> <!-- VerifyColumnsHeaderEnable -->
  <testcase name="AddRecordDepartmentBlank" time="0.0" classname="com.tetherfi.test.tmac.AgentTeamMgmtTest">
    <ignored/>
  </testcase> <!-- AddRecordDepartmentBlank -->
  <testcase name="SortingByAscending" time="0.0" classname="com.tetherfi.test.tmac.AgentTeamMgmtTest">
    <ignored/>
  </testcase> <!-- SortingByAscending -->
  <testcase name="AddNewAgentTeamManagementCancelRecord" time="0.0" classname="com.tetherfi.test.tmac.AgentTeamMgmtTest">
    <ignored/>
  </testcase> <!-- AddNewAgentTeamManagementCancelRecord -->
  <testcase name="AddRecordDivisionBlank" time="0.0" classname="com.tetherfi.test.tmac.AgentTeamMgmtTest">
    <ignored/>
  </testcase> <!-- AddRecordDivisionBlank -->
  <testcase name="AddNewDepartmentRecord" time="0.0" classname="com.tetherfi.test.tmac.AgentTeamMgmtTest">
    <ignored/>
  </testcase> <!-- AddNewDepartmentRecord -->
  <testcase name="SortingByDescending" time="0.0" classname="com.tetherfi.test.tmac.AgentTeamMgmtTest">
    <ignored/>
  </testcase> <!-- SortingByDescending -->
  <testcase name="AgentTeamManagementPage" time="0.0" classname="com.tetherfi.test.tmac.AgentTeamMgmtTest">
    <ignored/>
  </testcase> <!-- AgentTeamManagementPage -->
  <testcase name="VerifySearchEndsWith" time="0.0" classname="com.tetherfi.test.tmac.AgentTeamMgmtTest">
    <ignored/>
  </testcase> <!-- VerifySearchEndsWith -->
  <testcase name="VerifyArrowMoveForFirstAndLastPage" time="0.0" classname="com.tetherfi.test.tmac.AgentTeamMgmtTest">
    <ignored/>
  </testcase> <!-- VerifyArrowMoveForFirstAndLastPage -->
  <testcase name="VerifySearchContains" time="0.0" classname="com.tetherfi.test.tmac.AgentTeamMgmtTest">
    <ignored/>
  </testcase> <!-- VerifySearchContains -->
  <testcase name="VerifyAuditTrialReportForCreate" time="0.0" classname="com.tetherfi.test.tmac.AgentTeamMgmtTest">
    <ignored/>
  </testcase> <!-- VerifyAuditTrialReportForCreate -->
  <testcase name="EditAgentTeamManagementCancelRecord" time="0.0" classname="com.tetherfi.test.tmac.AgentTeamMgmtTest">
    <ignored/>
  </testcase> <!-- EditAgentTeamManagementCancelRecord -->
  <testcase name="VerifySearchIsNotEqualTo" time="0.0" classname="com.tetherfi.test.tmac.AgentTeamMgmtTest">
    <ignored/>
  </testcase> <!-- VerifySearchIsNotEqualTo -->
  <testcase name="VerifySearchStartsWith" time="0.0" classname="com.tetherfi.test.tmac.AgentTeamMgmtTest">
    <ignored/>
  </testcase> <!-- VerifySearchStartsWith -->
  <testcase name="VerifyAuditTrialReportForUpdate" time="0.0" classname="com.tetherfi.test.tmac.AgentTeamMgmtTest">
    <ignored/>
  </testcase> <!-- VerifyAuditTrialReportForUpdate -->
  <testcase name="VerifyDropdownForAllTheColumns" time="0.0" classname="com.tetherfi.test.tmac.AgentTeamMgmtTest">
    <ignored/>
  </testcase> <!-- VerifyDropdownForAllTheColumns -->
  <testcase name="VerifyAuditTrialReportForDelete" time="0.0" classname="com.tetherfi.test.tmac.AgentTeamMgmtTest">
    <ignored/>
  </testcase> <!-- VerifyAuditTrialReportForDelete -->
  <testcase name="GroupBy" time="0.0" classname="com.tetherfi.test.tmac.AgentTeamMgmtTest">
    <ignored/>
  </testcase> <!-- GroupBy -->
  <testcase name="AddRecordTeamNameBlank" time="0.0" classname="com.tetherfi.test.tmac.AgentTeamMgmtTest">
    <ignored/>
  </testcase> <!-- AddRecordTeamNameBlank -->
  <testcase name="AddRecordCountryBlank" time="0.0" classname="com.tetherfi.test.tmac.AgentTeamMgmtTest">
    <ignored/>
  </testcase> <!-- AddRecordCountryBlank -->
  <testcase name="ExporttoExcelWithoutData" time="0.0" classname="com.tetherfi.test.tmac.AgentTeamMgmtTest">
    <ignored/>
  </testcase> <!-- ExporttoExcelWithoutData -->
  <testcase name="DeleteAgentTeamManagementRecord" time="0.0" classname="com.tetherfi.test.tmac.AgentTeamMgmtTest">
    <ignored/>
  </testcase> <!-- DeleteAgentTeamManagementRecord -->
  <testcase name="VerifySearchDoesNotContains" time="0.0" classname="com.tetherfi.test.tmac.AgentTeamMgmtTest">
    <ignored/>
  </testcase> <!-- VerifySearchDoesNotContains -->
  <testcase name="AddNewAgentTeamManagementRecord" time="0.0" classname="com.tetherfi.test.tmac.AgentTeamMgmtTest">
    <ignored/>
  </testcase> <!-- AddNewAgentTeamManagementRecord -->
  <testcase name="ExportToExcel" time="0.0" classname="com.tetherfi.test.tmac.AgentTeamMgmtTest">
    <ignored/>
  </testcase> <!-- ExportToExcel -->
  <testcase name="EditAgentTeamManagementRecord" time="0.0" classname="com.tetherfi.test.tmac.AgentTeamMgmtTest">
    <ignored/>
  </testcase> <!-- EditAgentTeamManagementRecord -->
  <testcase name="VerifyColumnsHeaderDisable" time="0.0" classname="com.tetherfi.test.tmac.AgentTeamMgmtTest">
    <ignored/>
  </testcase> <!-- VerifyColumnsHeaderDisable -->
</testsuite> <!-- Home(failed)(failed)(failed) -->
