<?xml version="1.0" encoding="UTF-8"?>
<!-- Generated by org.testng.reporters.JUnitXMLReporter -->
<testsuite ignored="3" hostname="DESKTOP-O6A5C2O" failures="5" tests="13" name="RoleBasedAccessManagementUpdateTest (failed)" time="581.984" errors="0" timestamp="2020-02-10T15:18:16 IST">
  <testcase classname="com.tetherfi.test.RoleBasedAccessManagementUpdateTest" name="EditRevertRoleBasedAccessManagementRecord" time="11.328"/>
  <testcase classname="com.tetherfi.test.RoleBasedAccessManagementUpdateTest" name="VerifyRevertForEditRecord" time="10.124"/>
  <testcase classname="com.tetherfi.test.RoleBasedAccessManagementUpdateTest" name="VerifyAuditTrialReportForRevertUpdate" time="23.788">
    <failure type="java.lang.NullPointerException">
      <![CDATA[java.lang.NullPointerException
at com.tetherfi.pages.OCMReportsPage.verifyRoleBasedAccessManagementUpdate(OCMReportsPage.java:6446)
at com.tetherfi.test.RoleBasedAccessManagementUpdateTest.VerifyAuditTrialReportForRevertUpdate(RoleBasedAccessManagementUpdateTest.java:103)
at java.base/java.util.ArrayList.forEach(Unknown Source)
... Removed 27 stack frames]]>
    </failure>
  </testcase> <!-- VerifyAuditTrialReportForRevertUpdate -->
  <testcase classname="com.tetherfi.test.RoleBasedAccessManagementUpdateTest" name="EditRejectRecord" time="11.234"/>
  <testcase classname="com.tetherfi.test.RoleBasedAccessManagementUpdateTest" name="VerifySendForApprovalForEditRejectRecord" time="9.942"/>
  <testcase classname="com.tetherfi.test.RoleBasedAccessManagementUpdateTest" name="RejectforEditRoleBasedAccessManagementRecord" time="11.975"/>
  <testcase classname="com.tetherfi.test.RoleBasedAccessManagementUpdateTest" name="VerifyAuditTrailReportForReject" time="23.615">
    <failure type="java.lang.NullPointerException">
      <![CDATA[java.lang.NullPointerException
at com.tetherfi.pages.OCMReportsPage.verifyRoleBasedAccessManagementUpdate(OCMReportsPage.java:6446)
at com.tetherfi.test.RoleBasedAccessManagementUpdateTest.VerifyAuditTrailReportForReject(RoleBasedAccessManagementUpdateTest.java:145)
at java.base/java.util.ArrayList.forEach(Unknown Source)
... Removed 27 stack frames]]>
    </failure>
  </testcase> <!-- VerifyAuditTrailReportForReject -->
  <testcase classname="com.tetherfi.test.RoleBasedAccessManagementUpdateTest" name="EditRoleBasedAccessManagementRecord" time="10.981"/>
  <testcase classname="com.tetherfi.test.RoleBasedAccessManagementUpdateTest" name="VerifyAuditTrailDataForEditRoleBasedAccessManagementRecord" time="5.963">
    <failure type="java.lang.AssertionError" message="Audit trail details failed did not expect to find [true] but found [false]">
      <![CDATA[java.lang.AssertionError: Audit trail details failed did not expect to find [true] but found [false]
at com.tetherfi.test.RoleBasedAccessManagementUpdateTest.VerifyAuditTrailDataForEditRoleBasedAccessManagementRecord(RoleBasedAccessManagementUpdateTest.java:165)
at java.base/java.util.ArrayList.forEach(Unknown Source)
... Removed 30 stack frames]]>
    </failure>
  </testcase> <!-- VerifyAuditTrailDataForEditRoleBasedAccessManagementRecord -->
  <testcase classname="com.tetherfi.test.RoleBasedAccessManagementUpdateTest" name="VerifyAuditTrialReportForSendForApprovalUpdate" time="23.903">
    <failure type="java.lang.NullPointerException">
      <![CDATA[java.lang.NullPointerException
at com.tetherfi.pages.OCMReportsPage.verifyRoleBasedAccessManagementUpdate(OCMReportsPage.java:6446)
at com.tetherfi.test.RoleBasedAccessManagementUpdateTest.VerifyAuditTrialReportForSendForApprovalUpdate(RoleBasedAccessManagementUpdateTest.java:204)
at java.base/java.util.ArrayList.forEach(Unknown Source)
... Removed 27 stack frames]]>
    </failure>
  </testcase> <!-- VerifyAuditTrialReportForSendForApprovalUpdate -->
  <testcase classname="com.tetherfi.test.RoleBasedAccessManagementUpdateTest" name="ApproveforEditRoleBasedAccessManagementRecord" time="23.736">
    <failure type="org.openqa.selenium.TimeoutException" message="Expected condition failed: waiting for element to be clickable: [[[[[[[[ChromeDriver: chrome on XP (478eef4e60c81a558b263edbcd1a4afc)] -&amp;gt; id: grid]] -&amp;gt; tag name: tr]] -&amp;gt; tag name: td]] -&amp;gt; id: isEnabled] (tried for 20 second(s) with 500 milliseconds interval)
Build info: version: &amp;apos;3.141.59&amp;apos;, revision: &amp;apos;e82be7d358&amp;apos;, time: &amp;apos;2018-11-14T08:17:03&amp;apos;
System info: host: &amp;apos;DESKTOP-O6A5C2O&amp;apos;, ip: &amp;apos;10.0.75.1&amp;apos;, os.name: &amp;apos;Windows 10&amp;apos;, os.arch: &amp;apos;amd64&amp;apos;, os.version: &amp;apos;10.0&amp;apos;, java.version: &amp;apos;9.0.4&amp;apos;
Driver info: org.openqa.selenium.chrome.ChromeDriver
Capabilities {acceptInsecureCerts: false, browserName: chrome, browserVersion: 78.0.3904.97, chrome: {chromedriverVersion: 78.0.3904.105 (60e2d8774a81..., userDataDir: C:\Users\admin\AppData\Loca...}, goog:chromeOptions: {debuggerAddress: localhost:62016}, javascriptEnabled: true, networkConnectionEnabled: false, pageLoadStrategy: normal, platform: XP, platformName: XP, proxy: Proxy(), setWindowRect: true, strictFileInteractability: false, timeouts: {implicit: 0, pageLoad: 300000, script: 30000}, unhandledPromptBehavior: dismiss and notify}
Session ID: 478eef4e60c81a558b263edbcd1a4afc">
      <![CDATA[org.openqa.selenium.TimeoutException: Expected condition failed: waiting for element to be clickable: [[[[[[[[ChromeDriver: chrome on XP (478eef4e60c81a558b263edbcd1a4afc)] -> id: grid]] -> tag name: tr]] -> tag name: td]] -> id: isEnabled] (tried for 20 second(s) with 500 milliseconds interval)
Build info: version: '3.141.59', revision: 'e82be7d358', time: '2018-11-14T08:17:03'
System info: host: 'DESKTOP-O6A5C2O', ip: '10.0.75.1', os.name: 'Windows 10', os.arch: 'amd64', os.version: '10.0', java.version: '9.0.4'
Driver info: org.openqa.selenium.chrome.ChromeDriver
Capabilities {acceptInsecureCerts: false, browserName: chrome, browserVersion: 78.0.3904.97, chrome: {chromedriverVersion: 78.0.3904.105 (60e2d8774a81..., userDataDir: C:\Users\admin\AppData\Loca...}, goog:chromeOptions: {debuggerAddress: localhost:62016}, javascriptEnabled: true, networkConnectionEnabled: false, pageLoadStrategy: normal, platform: XP, platformName: XP, proxy: Proxy(), setWindowRect: true, strictFileInteractability: false, timeouts: {implicit: 0, pageLoad: 300000, script: 30000}, unhandledPromptBehavior: dismiss and notify}
Session ID: 478eef4e60c81a558b263edbcd1a4afc
at org.openqa.selenium.support.ui.WebDriverWait.timeoutException(WebDriverWait.java:95)
at org.openqa.selenium.support.ui.FluentWait.until(FluentWait.java:272)
at com.tetherfi.pages.BasePage.waitUntilWebElementIsClickable(BasePage.java:259)
at com.tetherfi.pages.BasePage.selectWebElement(BasePage.java:199)
at com.tetherfi.pages.RoleBasedAccessManagementPage.selectRecord(RoleBasedAccessManagementPage.java:1039)
at com.tetherfi.pages.RoleBasedAccessManagementPage.clickonApprove(RoleBasedAccessManagementPage.java:1072)
at com.tetherfi.test.RoleBasedAccessManagementUpdateTest.ApproveforEditRoleBasedAccessManagementRecord(RoleBasedAccessManagementUpdateTest.java:210)
at java.base/java.util.ArrayList.forEach(Unknown Source)
... Removed 27 stack frames]]>
    </failure>
  </testcase> <!-- ApproveforEditRoleBasedAccessManagementRecord -->
  <testcase classname="com.tetherfi.test.RoleBasedAccessManagementUpdateTest" name="VerifyAuditTrailReportForApprove" time="0.0">
    <skipped/>
  </testcase> <!-- VerifyAuditTrailReportForApprove -->
  <testcase classname="com.tetherfi.test.RoleBasedAccessManagementUpdateTest" name="EditRecordWithoutModifyReason" time="9.663"/>
  <testcase classname="com.tetherfi.test.RoleBasedAccessManagementUpdateTest" name="VerifySendForApprovalForEditRecord" time="0.0">
    <ignored/>
  </testcase> <!-- VerifySendForApprovalForEditRecord -->
  <testcase classname="com.tetherfi.test.RoleBasedAccessManagementUpdateTest" name="EditCancelRoleBasedAccessManagementRecord" time="0.0">
    <ignored/>
  </testcase> <!-- EditCancelRoleBasedAccessManagementRecord -->
  <testcase classname="com.tetherfi.test.RoleBasedAccessManagementUpdateTest" name="VerifyAuditTrialReportForUpdate" time="0.0">
    <ignored/>
  </testcase> <!-- VerifyAuditTrialReportForUpdate -->
</testsuite> <!-- RoleBasedAccessManagementUpdateTest (failed) -->
