<?xml version="1.0" encoding="UTF-8"?>
<!-- Generated by org.testng.reporters.JUnitXMLReporter -->
<testsuite ignored="10" hostname="DESKTOP-O6A5C2O" failures="0" tests="6" name="SmsResponseTemplateDeleteTest(failed)" time="47.229" errors="0" timestamp="2020-04-01T19:15:45 IST">
  <testcase classname="com.tetherfi.test.sms.SmsResponseTemplateDeleteTest" name="@BeforeMethod NavigateToSmsResponseTemplatePage" time="47.048">
    <failure type="org.openqa.selenium.WebDriverException" message="chrome not reachable
  (Session info: chrome=79.0.3945.79)
Build info: version: &amp;apos;3.141.59&amp;apos;, revision: &amp;apos;e82be7d358&amp;apos;, time: &amp;apos;2018-11-14T08:17:03&amp;apos;
System info: host: &amp;apos;DESKTOP-O6A5C2O&amp;apos;, ip: &amp;apos;10.0.75.1&amp;apos;, os.name: &amp;apos;Windows 10&amp;apos;, os.arch: &amp;apos;amd64&amp;apos;, os.version: &amp;apos;10.0&amp;apos;, java.version: &amp;apos;9.0.4&amp;apos;
Driver info: org.openqa.selenium.chrome.ChromeDriver
Capabilities {acceptInsecureCerts: false, browserName: chrome, browserVersion: 79.0.3945.79, chrome: {chromedriverVersion: 79.0.3945.36 (3582db32b3389..., userDataDir: C:\Users\admin\AppData\Loca...}, goog:chromeOptions: {debuggerAddress: localhost:63162}, javascriptEnabled: true, networkConnectionEnabled: false, pageLoadStrategy: normal, platform: WINDOWS, platformName: WINDOWS, proxy: Proxy(), setWindowRect: true, strictFileInteractability: false, timeouts: {implicit: 0, pageLoad: 300000, script: 30000}, unhandledPromptBehavior: dismiss and notify}
Session ID: 5ee995c5e99e189812279b03d25e74e6">
      <![CDATA[org.openqa.selenium.WebDriverException: chrome not reachable
  (Session info: chrome=79.0.3945.79)
Build info: version: '3.141.59', revision: 'e82be7d358', time: '2018-11-14T08:17:03'
System info: host: 'DESKTOP-O6A5C2O', ip: '10.0.75.1', os.name: 'Windows 10', os.arch: 'amd64', os.version: '10.0', java.version: '9.0.4'
Driver info: org.openqa.selenium.chrome.ChromeDriver
Capabilities {acceptInsecureCerts: false, browserName: chrome, browserVersion: 79.0.3945.79, chrome: {chromedriverVersion: 79.0.3945.36 (3582db32b3389..., userDataDir: C:\Users\admin\AppData\Loca...}, goog:chromeOptions: {debuggerAddress: localhost:63162}, javascriptEnabled: true, networkConnectionEnabled: false, pageLoadStrategy: normal, platform: WINDOWS, platformName: WINDOWS, proxy: Proxy(), setWindowRect: true, strictFileInteractability: false, timeouts: {implicit: 0, pageLoad: 300000, script: 30000}, unhandledPromptBehavior: dismiss and notify}
Session ID: 5ee995c5e99e189812279b03d25e74e6
at org.openqa.selenium.remote.http.W3CHttpResponseCodec.createException(W3CHttpResponseCodec.java:187)
at org.openqa.selenium.remote.http.W3CHttpResponseCodec.decode(W3CHttpResponseCodec.java:122)
at org.openqa.selenium.remote.http.W3CHttpResponseCodec.decode(W3CHttpResponseCodec.java:49)
at org.openqa.selenium.remote.HttpCommandExecutor.execute(HttpCommandExecutor.java:158)
at org.openqa.selenium.remote.service.DriverCommandExecutor.execute(DriverCommandExecutor.java:83)
at org.openqa.selenium.remote.RemoteWebDriver.execute(RemoteWebDriver.java:552)
at org.openqa.selenium.remote.RemoteWebDriver.get(RemoteWebDriver.java:277)
at com.tetherfi.test.sms.SmsResponseTemplateDeleteTest.NavigateToSmsResponseTemplatePage(SmsResponseTemplateDeleteTest.java:47)
at java.base/java.util.ArrayList.forEach(Unknown Source)
... Removed 35 stack frames]]>
    </failure>
  </testcase> <!-- @BeforeMethod NavigateToSmsResponseTemplatePage -->
  <testcase classname="com.tetherfi.test.sms.SmsResponseTemplateDeleteTest" name="@AfterMethod afterEachMethod" time="-1.585748745874E9">
    <skipped/>
  </testcase> <!-- @AfterMethod afterEachMethod -->
  <testcase classname="com.tetherfi.test.sms.SmsResponseTemplateDeleteTest" name="DeleteSmsResponseTemplateRecord" time="0.0">
    <skipped/>
  </testcase> <!-- DeleteSmsResponseTemplateRecord -->
  <testcase classname="com.tetherfi.test.sms.SmsResponseTemplateDeleteTest" name="VerifyAuditTrailDataForDeleteSmsResponseTemplateRecord" time="0.0">
    <skipped/>
  </testcase> <!-- VerifyAuditTrailDataForDeleteSmsResponseTemplateRecord -->
  <testcase classname="com.tetherfi.test.sms.SmsResponseTemplateDeleteTest" name="VerifySendForApprovalForDeleteRecord" time="0.0">
    <skipped/>
  </testcase> <!-- VerifySendForApprovalForDeleteRecord -->
  <testcase classname="com.tetherfi.test.sms.SmsResponseTemplateDeleteTest" name="VerifyAuditTrailReportForSendForApprove" time="0.0">
    <skipped/>
  </testcase> <!-- VerifyAuditTrailReportForSendForApprove -->
  <testcase classname="com.tetherfi.test.sms.SmsResponseTemplateDeleteTest" name="ApproveforDeleteSmsResponseTemplateRecord" time="0.0">
    <skipped/>
  </testcase> <!-- ApproveforDeleteSmsResponseTemplateRecord -->
  <testcase classname="com.tetherfi.test.sms.SmsResponseTemplateDeleteTest" name="VerifyAuditTrailReportForApprove" time="0.0">
    <skipped/>
  </testcase> <!-- VerifyAuditTrailReportForApprove -->
  <testcase classname="com.tetherfi.test.sms.SmsResponseTemplateDeleteTest" name="VerifyAuditTrialReportForRevertDelete" time="0.0">
    <ignored/>
  </testcase> <!-- VerifyAuditTrialReportForRevertDelete -->
  <testcase classname="com.tetherfi.test.sms.SmsResponseTemplateDeleteTest" name="DeleteWithoutModifyReasonRecord" time="0.0">
    <ignored/>
  </testcase> <!-- DeleteWithoutModifyReasonRecord -->
  <testcase classname="com.tetherfi.test.sms.SmsResponseTemplateDeleteTest" name="DeleteRecord" time="0.0">
    <ignored/>
  </testcase> <!-- DeleteRecord -->
  <testcase classname="com.tetherfi.test.sms.SmsResponseTemplateDeleteTest" name="RejectforDeleteSmsResponseTemplateRecord" time="0.0">
    <ignored/>
  </testcase> <!-- RejectforDeleteSmsResponseTemplateRecord -->
  <testcase classname="com.tetherfi.test.sms.SmsResponseTemplateDeleteTest" name="VerifyAuditTrialReportForDelete" time="0.0">
    <ignored/>
  </testcase> <!-- VerifyAuditTrialReportForDelete -->
  <testcase classname="com.tetherfi.test.sms.SmsResponseTemplateDeleteTest" name="DeleteCancelSmsResponseTemplateRecord" time="0.0">
    <ignored/>
  </testcase> <!-- DeleteCancelSmsResponseTemplateRecord -->
  <testcase classname="com.tetherfi.test.sms.SmsResponseTemplateDeleteTest" name="VerifyAuditTrailReportForReject" time="0.0">
    <ignored/>
  </testcase> <!-- VerifyAuditTrailReportForReject -->
  <testcase classname="com.tetherfi.test.sms.SmsResponseTemplateDeleteTest" name="VerifySendForApprovalForDeleteNewRecord" time="0.0">
    <ignored/>
  </testcase> <!-- VerifySendForApprovalForDeleteNewRecord -->
  <testcase classname="com.tetherfi.test.sms.SmsResponseTemplateDeleteTest" name="RejectDeleteRecord" time="0.0">
    <ignored/>
  </testcase> <!-- RejectDeleteRecord -->
  <testcase classname="com.tetherfi.test.sms.SmsResponseTemplateDeleteTest" name="VerifyRevertForDeleteRecord" time="0.0">
    <ignored/>
  </testcase> <!-- VerifyRevertForDeleteRecord -->
</testsuite> <!-- SmsResponseTemplateDeleteTest(failed) -->
