
<!DOCTYPE html>
<html>


<head>
	<meta charset='utf-8' /> 
	<meta name='description' content='' />
	<meta name='robots' content='noodp, noydir' />
	<meta name='viewport' content='width=device-width, initial-scale=1' />
	<meta id="timeStampFormat" name="timeStampFormat" content='MMM d, yyyy hh:mm:ss a'/>
	
	<link href='https://fonts.googleapis.com/css?family=Source+Sans+Pro:400,600' rel='stylesheet' type='text/css' />
	<link href="https://fonts.googleapis.com/icon?family=Material+Icons" rel="stylesheet" />

		<link href='https://cdn.rawgit.com/anshooarora/extentreports-java/b4a58fcfd1e137bd9287244035a7c80d3d73b3af/dist/css/extent.css' type='text/css' rel='stylesheet' />
	
	<title>Automation Test Results</title>

	<style type='text/css'>
	</style>
</head>

	<body class='extent standard default hide-overflow '>
		<div id='theme-selector' alt='Click to toggle theme. To enable by default, use theme configuration.' title='Click to toggle theme. To enable by default, use theme configuration.'>
			<span><i class='material-icons'>desktop_windows</i></span>
		</div>

<nav>
	<div class="nav-wrapper">
		<a href="#!" class="brand-logo blue darken-3">Extent</a>

		<!-- slideout menu -->
		<ul id='slide-out' class='side-nav fixed hide-on-med-and-down'>
			<li class='waves-effect active'><a href='#!' view='test-view' onclick="configureView(0);chartsView('test');"><i class='material-icons'>dashboard</i></a></li>
						<li class='waves-effect'><a href='#!' view='category-view' onclick="configureView(1)"><i class='material-icons'>label_outline</i></a></li>
			<li class='waves-effect'><a href='#!' view='exception-view' onclick="configureView(2)"><i class='material-icons'>bug_report</i></a></li>
			<li class='waves-effect'><a href='#!' onclick="configureView(-1);chartsView('dashboard');" view='dashboard-view'><i class='material-icons'>track_changes</i></i></a></li>
		</ul>

		<!-- report name -->
		<span class='report-name'>Automation Test Results</span>
		
		<!-- report headline -->
		<span class='report-headline'></span>

		<!-- nav-right -->
		<ul id='nav-mobile' class='right hide-on-med-and-down nav-right'>
			<li>
                <a href='#!'>
                    <span class='label suite-start-time blue darken-3'>Jul 30, 2021 01:04:54 AM</span>
				</a>
			</li>
			<li>
                <a href='#!'>
                    <span class='label blue darken-3'>3.1.5</span>
				</a>
			</li>
		</ul>
	</div>
</nav>

		<!-- container -->
		<div class='container'>

<div id='test-view' class='view'>
				
	<section id='controls'>
		<div class='controls grey lighten-4'>
			<!-- test toggle -->
			<div class='chip transparent'>
				<a class='dropdown-button tests-toggle' data-activates='tests-toggle' data-constrainwidth='true' data-beloworigin='true' data-hover='true' href='#'>
					<i class='material-icons'>warning</i> Status
				</a>
				<ul id='tests-toggle' class='dropdown-content'>
											<li status='pass'><a href='#!'>Pass <i class='material-icons green-text'>check_circle</i></a></li>
						<li status='fail'><a href='#!'>Fail <i class='material-icons red-text'>cancel</i></a></li>
					<li class='divider'></li>
					<li status='clear' clear='true'><a href='#!'>Clear Filters <i class='material-icons'>clear</i></a></li>
				</ul>
			</div>
			<!-- test toggle -->

			<!-- category toggle -->
			<div class='chip transparent'>
				<a class='dropdown-button category-toggle' data-activates='category-toggle' data-constrainwidth='false' data-beloworigin='true' data-hover='true' href='#'>
					<i class='material-icons'>local_offer</i> Category
				</a>
				<ul id='category-toggle' class='dropdown-content'>
					<li><a href='#'>OCMModulesTestAutomation</a></li>
					<li><a href='#'>AttributeAssignmentTest</a></li>
					<li class='divider'></li>
					<li class='clear'><a href='#!' clear='true'>Clear Filters</a></li>
				</ul>
			</div>
			<!-- category toggle -->

			<!-- clear filters -->
			<div class='chip transparent hide'>
				<a class='' id='clear-filters' alt='Clear Filters' title='Clear Filters'>
					<i class='material-icons'>close</i> Clear
				</a>
			</div>
			<!-- clear filters -->

			<!-- enable dashboard -->
			<div id='toggle-test-view-charts' class='chip transparent'>
				<a class='pink-text' id='enable-dashboard' alt='Enable Dashboard' title='Enable Dashboard'>
					<i class='material-icons'>track_changes</i> Dashboard
				</a>
			</div>
			<!-- enable dashboard -->

			<!-- search -->
			<div class='chip transparent' alt='Search Tests' title='Search Tests'>
				<a href="#" class='search-div'>
					<i class='material-icons'>search</i> Search
				</a>

				<div class='input-field left hide'>
					<input id='search-tests' type='text' class='validate browser-default' placeholder='Search Tests...'>
				</div>
				
			</div>
			<!-- search -->
		</div>
	</section>


<div id='test-view-charts' class='subview-full'>
	<div id='charts-row' class='row nm-v nm-h'>
		<div class='col s12 m6 l6 np-h'>
			<div class='card-panel nm-v'>
				<div class='left panel-name'>Tests</div>
				<div class='chart-box'>
					<canvas id='parent-analysis' width='100' height='80'></canvas>
				</div>
				<div class='block text-small'>
					<span class='tooltipped' data-position='top' data-tooltip='91.667%'><span class='strong'>33</span> test(s) passed</span>
				</div>
				<div class='block text-small'>
					<span class='strong tooltipped' data-position='top' data-tooltip='8.333%'>3</span> test(s) failed, <span class='strong tooltipped' data-position='top' data-tooltip='0%'>0</span> others
				</div>
			</div>
		</div>
		
		
	</div>
</div>

	<div class='subview-left left'>
		
		<div class='view-summary'>
			<h5>Tests</h5>
			<ul id='test-collection' class='test-collection'>
				
				
				<li class='test displayed active  pass' status='pass' bdd='false' test-id='1'>
					<div class='test-heading'>
						<span class='test-name'>VerifyAttributeAssignmentPage</span>
						<span class='test-time'>Jul 30, 2021 01:05:18 AM</span>
						<span class='test-status right pass'>pass</span>
					</div>
					<div class='test-content hide'>
<div class='test-time-info'>
	<span class='label start-time'>Jul 30, 2021 01:05:18 AM</span>
	<span class='label end-time'>Jul 30, 2021 01:05:19 AM</span>
	<span class='label time-taken grey lighten-1 white-text'>0h 0m 0s+847ms</span>
</div>
	<div class='test-desc'>To Verify Attribute Assignment Page </div>
	<div class='test-attributes'>
			<div class='category-list'>
				<span class='category label white-text'>OCMModulesTestAutomation</span>
				<span class='category label white-text'>AttributeAssignmentTest</span>
			</div>
	</div>
	<div class='test-steps'>
		<table class='bordered table-results'>
			<thead>
				<tr>
					<th>Status</th>
					<th>Timestamp</th>
					<th>Details</th>
				</tr>
			</thead>
			<tbody>
				<tr class='log' status='pass'>
					<td class='status pass' title='pass' alt='pass'><i class='material-icons'>check_circle</i></td>
					<td class='timestamp'>1:05:19 AM</td>
					<td class='step-details'>Test passed</td>
				</tr>
			</tbody>
		</table>
	</div>
					</div>
				</li>
				
				
				<li class='test displayed active  pass' status='pass' bdd='false' test-id='2'>
					<div class='test-heading'>
						<span class='test-name'>VerifyPresenceOfAttributeAssignmentPage</span>
						<span class='test-time'>Jul 30, 2021 01:05:27 AM</span>
						<span class='test-status right pass'>pass</span>
					</div>
					<div class='test-content hide'>
<div class='test-time-info'>
	<span class='label start-time'>Jul 30, 2021 01:05:27 AM</span>
	<span class='label end-time'>Jul 30, 2021 01:05:27 AM</span>
	<span class='label time-taken grey lighten-1 white-text'>0h 0m 0s+240ms</span>
</div>
	<div class='test-desc'>To Verify Categories with Attribute Module </div>
	<div class='test-attributes'>
			<div class='category-list'>
				<span class='category label white-text'>OCMModulesTestAutomation</span>
				<span class='category label white-text'>AttributeAssignmentTest</span>
			</div>
	</div>
	<div class='test-steps'>
		<table class='bordered table-results'>
			<thead>
				<tr>
					<th>Status</th>
					<th>Timestamp</th>
					<th>Details</th>
				</tr>
			</thead>
			<tbody>
				<tr class='log' status='pass'>
					<td class='status pass' title='pass' alt='pass'><i class='material-icons'>check_circle</i></td>
					<td class='timestamp'>1:05:27 AM</td>
					<td class='step-details'>Test passed</td>
				</tr>
			</tbody>
		</table>
	</div>
					</div>
				</li>
				
				
				<li class='test displayed active  pass' status='pass' bdd='false' test-id='3'>
					<div class='test-heading'>
						<span class='test-name'>VerifyPresenceOfAttributeAssignmentPageCategoriesTabs</span>
						<span class='test-time'>Jul 30, 2021 01:05:35 AM</span>
						<span class='test-status right pass'>pass</span>
					</div>
					<div class='test-content hide'>
<div class='test-time-info'>
	<span class='label start-time'>Jul 30, 2021 01:05:35 AM</span>
	<span class='label end-time'>Jul 30, 2021 01:05:42 AM</span>
	<span class='label time-taken grey lighten-1 white-text'>0h 0m 6s+761ms</span>
</div>
	<div class='test-desc'>To Verify Categories with Attribute Module </div>
	<div class='test-attributes'>
			<div class='category-list'>
				<span class='category label white-text'>OCMModulesTestAutomation</span>
				<span class='category label white-text'>AttributeAssignmentTest</span>
			</div>
	</div>
	<div class='test-steps'>
		<table class='bordered table-results'>
			<thead>
				<tr>
					<th>Status</th>
					<th>Timestamp</th>
					<th>Details</th>
				</tr>
			</thead>
			<tbody>
				<tr class='log' status='pass'>
					<td class='status pass' title='pass' alt='pass'><i class='material-icons'>check_circle</i></td>
					<td class='timestamp'>1:05:42 AM</td>
					<td class='step-details'>Test passed</td>
				</tr>
			</tbody>
		</table>
	</div>
					</div>
				</li>
				
				
				<li class='test displayed active  pass' status='pass' bdd='false' test-id='4'>
					<div class='test-heading'>
						<span class='test-name'>VerifyTransferToANDFromButton</span>
						<span class='test-time'>Jul 30, 2021 01:05:49 AM</span>
						<span class='test-status right pass'>pass</span>
					</div>
					<div class='test-content hide'>
<div class='test-time-info'>
	<span class='label start-time'>Jul 30, 2021 01:05:49 AM</span>
	<span class='label end-time'>Jul 30, 2021 01:06:03 AM</span>
	<span class='label time-taken grey lighten-1 white-text'>0h 0m 13s+846ms</span>
</div>
	<div class='test-desc'>To Verify Transfer To AND From Button </div>
	<div class='test-attributes'>
			<div class='category-list'>
				<span class='category label white-text'>OCMModulesTestAutomation</span>
				<span class='category label white-text'>AttributeAssignmentTest</span>
			</div>
	</div>
	<div class='test-steps'>
		<table class='bordered table-results'>
			<thead>
				<tr>
					<th>Status</th>
					<th>Timestamp</th>
					<th>Details</th>
				</tr>
			</thead>
			<tbody>
				<tr class='log' status='pass'>
					<td class='status pass' title='pass' alt='pass'><i class='material-icons'>check_circle</i></td>
					<td class='timestamp'>1:06:03 AM</td>
					<td class='step-details'>Test passed</td>
				</tr>
			</tbody>
		</table>
	</div>
					</div>
				</li>
				
				
				<li class='test displayed active  pass' status='pass' bdd='false' test-id='5'>
					<div class='test-heading'>
						<span class='test-name'>VerifyBulkTransferToANDFromButton</span>
						<span class='test-time'>Jul 30, 2021 01:06:11 AM</span>
						<span class='test-status right pass'>pass</span>
					</div>
					<div class='test-content hide'>
<div class='test-time-info'>
	<span class='label start-time'>Jul 30, 2021 01:06:11 AM</span>
	<span class='label end-time'>Jul 30, 2021 01:06:34 AM</span>
	<span class='label time-taken grey lighten-1 white-text'>0h 0m 23s+24ms</span>
</div>
	<div class='test-desc'>To Verify Bulk Transfer To AND From Button </div>
	<div class='test-attributes'>
			<div class='category-list'>
				<span class='category label white-text'>OCMModulesTestAutomation</span>
				<span class='category label white-text'>AttributeAssignmentTest</span>
			</div>
	</div>
	<div class='test-steps'>
		<table class='bordered table-results'>
			<thead>
				<tr>
					<th>Status</th>
					<th>Timestamp</th>
					<th>Details</th>
				</tr>
			</thead>
			<tbody>
				<tr class='log' status='pass'>
					<td class='status pass' title='pass' alt='pass'><i class='material-icons'>check_circle</i></td>
					<td class='timestamp'>1:06:34 AM</td>
					<td class='step-details'>Test passed</td>
				</tr>
			</tbody>
		</table>
	</div>
					</div>
				</li>
				
				
				<li class='test displayed active  pass' status='pass' bdd='false' test-id='6'>
					<div class='test-heading'>
						<span class='test-name'>VerifySaveButtonwithoutSelectingAgents</span>
						<span class='test-time'>Jul 30, 2021 01:06:42 AM</span>
						<span class='test-status right pass'>pass</span>
					</div>
					<div class='test-content hide'>
<div class='test-time-info'>
	<span class='label start-time'>Jul 30, 2021 01:06:42 AM</span>
	<span class='label end-time'>Jul 30, 2021 01:06:43 AM</span>
	<span class='label time-taken grey lighten-1 white-text'>0h 0m 0s+442ms</span>
</div>
	<div class='test-desc'>To Verify Save Button without selecting the Agent </div>
	<div class='test-attributes'>
			<div class='category-list'>
				<span class='category label white-text'>OCMModulesTestAutomation</span>
				<span class='category label white-text'>AttributeAssignmentTest</span>
			</div>
	</div>
	<div class='test-steps'>
		<table class='bordered table-results'>
			<thead>
				<tr>
					<th>Status</th>
					<th>Timestamp</th>
					<th>Details</th>
				</tr>
			</thead>
			<tbody>
				<tr class='log' status='pass'>
					<td class='status pass' title='pass' alt='pass'><i class='material-icons'>check_circle</i></td>
					<td class='timestamp'>1:06:43 AM</td>
					<td class='step-details'>Test passed</td>
				</tr>
			</tbody>
		</table>
	</div>
					</div>
				</li>
				
				
				<li class='test displayed active  pass' status='pass' bdd='false' test-id='7'>
					<div class='test-heading'>
						<span class='test-name'>VerifySaveButtonwithoutSelectingAttributes</span>
						<span class='test-time'>Jul 30, 2021 01:06:52 AM</span>
						<span class='test-status right pass'>pass</span>
					</div>
					<div class='test-content hide'>
<div class='test-time-info'>
	<span class='label start-time'>Jul 30, 2021 01:06:52 AM</span>
	<span class='label end-time'>Jul 30, 2021 01:07:03 AM</span>
	<span class='label time-taken grey lighten-1 white-text'>0h 0m 11s+113ms</span>
</div>
	<div class='test-desc'>To Verify Save Button Without Selecting the Attributes </div>
	<div class='test-attributes'>
			<div class='category-list'>
				<span class='category label white-text'>OCMModulesTestAutomation</span>
				<span class='category label white-text'>AttributeAssignmentTest</span>
			</div>
	</div>
	<div class='test-steps'>
		<table class='bordered table-results'>
			<thead>
				<tr>
					<th>Status</th>
					<th>Timestamp</th>
					<th>Details</th>
				</tr>
			</thead>
			<tbody>
				<tr class='log' status='pass'>
					<td class='status pass' title='pass' alt='pass'><i class='material-icons'>check_circle</i></td>
					<td class='timestamp'>1:07:03 AM</td>
					<td class='step-details'>Test passed</td>
				</tr>
			</tbody>
		</table>
	</div>
					</div>
				</li>
				
				
				<li class='test displayed active  pass' status='pass' bdd='false' test-id='8'>
					<div class='test-heading'>
						<span class='test-name'>VerifyClearButton</span>
						<span class='test-time'>Jul 30, 2021 01:07:14 AM</span>
						<span class='test-status right pass'>pass</span>
					</div>
					<div class='test-content hide'>
<div class='test-time-info'>
	<span class='label start-time'>Jul 30, 2021 01:07:14 AM</span>
	<span class='label end-time'>Jul 30, 2021 01:07:25 AM</span>
	<span class='label time-taken grey lighten-1 white-text'>0h 0m 10s+325ms</span>
</div>
	<div class='test-desc'>To Verify Clear Button </div>
	<div class='test-attributes'>
			<div class='category-list'>
				<span class='category label white-text'>OCMModulesTestAutomation</span>
				<span class='category label white-text'>AttributeAssignmentTest</span>
			</div>
	</div>
	<div class='test-steps'>
		<table class='bordered table-results'>
			<thead>
				<tr>
					<th>Status</th>
					<th>Timestamp</th>
					<th>Details</th>
				</tr>
			</thead>
			<tbody>
				<tr class='log' status='pass'>
					<td class='status pass' title='pass' alt='pass'><i class='material-icons'>check_circle</i></td>
					<td class='timestamp'>1:07:25 AM</td>
					<td class='step-details'>Test passed</td>
				</tr>
			</tbody>
		</table>
	</div>
					</div>
				</li>
				
				
				<li class='test displayed active  pass' status='pass' bdd='false' test-id='9'>
					<div class='test-heading'>
						<span class='test-name'>VerifyTeamNamewithDataBase</span>
						<span class='test-time'>Jul 30, 2021 01:07:33 AM</span>
						<span class='test-status right pass'>pass</span>
					</div>
					<div class='test-content hide'>
<div class='test-time-info'>
	<span class='label start-time'>Jul 30, 2021 01:07:33 AM</span>
	<span class='label end-time'>Jul 30, 2021 01:07:38 AM</span>
	<span class='label time-taken grey lighten-1 white-text'>0h 0m 5s+181ms</span>
</div>
	<div class='test-desc'>To Verify UI Team Names with DB </div>
	<div class='test-attributes'>
			<div class='category-list'>
				<span class='category label white-text'>OCMModulesTestAutomation</span>
				<span class='category label white-text'>AttributeAssignmentTest</span>
			</div>
	</div>
	<div class='test-steps'>
		<table class='bordered table-results'>
			<thead>
				<tr>
					<th>Status</th>
					<th>Timestamp</th>
					<th>Details</th>
				</tr>
			</thead>
			<tbody>
				<tr class='log' status='pass'>
					<td class='status pass' title='pass' alt='pass'><i class='material-icons'>check_circle</i></td>
					<td class='timestamp'>1:07:38 AM</td>
					<td class='step-details'>Test passed</td>
				</tr>
			</tbody>
		</table>
	</div>
					</div>
				</li>
				
				
				<li class='test displayed active  fail' status='fail' bdd='false' test-id='10'>
					<div class='test-heading'>
						<span class='test-name'>VerifyPresenceofAgentAttributesWindow</span>
						<span class='test-time'>Jul 30, 2021 01:07:46 AM</span>
						<span class='test-status right fail'>fail</span>
					</div>
					<div class='test-content hide'>
<div class='test-time-info'>
	<span class='label start-time'>Jul 30, 2021 01:07:46 AM</span>
	<span class='label end-time'>Jul 30, 2021 01:08:07 AM</span>
	<span class='label time-taken grey lighten-1 white-text'>0h 0m 21s+156ms</span>
</div>
	<div class='test-desc'>To Verify Prsence of Agent Attributes Window </div>
	<div class='test-attributes'>
			<div class='category-list'>
				<span class='category label white-text'>OCMModulesTestAutomation</span>
				<span class='category label white-text'>AttributeAssignmentTest</span>
			</div>
	</div>
	<div class='test-steps'>
		<table class='bordered table-results'>
			<thead>
				<tr>
					<th>Status</th>
					<th>Timestamp</th>
					<th>Details</th>
				</tr>
			</thead>
			<tbody>
				<tr class='log' status='fail'>
					<td class='status fail' title='fail' alt='fail'><i class='material-icons'>cancel</i></td>
					<td class='timestamp'>1:08:07 AM</td>
					<td class='step-details'>Test Failed</td>
				</tr>
				<tr class='log' status='fail'>
					<td class='status fail' title='fail' alt='fail'><i class='material-icons'>cancel</i></td>
					<td class='timestamp'>1:08:07 AM</td>
					<td class='step-details'><pre>org.openqa.selenium.NoSuchElementException: no such element: Unable to locate element: {"method":"xpath","selector":"//div[@id='export']"}
  (Session info: chrome=92.0.4515.107)
For documentation on this error, please visit: https://www.seleniumhq.org/exceptions/no_such_element.html
Build info: version: '3.141.59', revision: 'e82be7d358', time: '2018-11-14T08:17:03'
System info: host: 'TTF-BLR-SANTOSH', ip: '192.168.50.12', os.name: 'Windows 10', os.arch: 'amd64', os.version: '10.0', java.version: '1.8.0_181'
Driver info: org.openqa.selenium.chrome.ChromeDriver
Capabilities {acceptInsecureCerts: false, browserName: chrome, browserVersion: 92.0.4515.107, chrome: {chromedriverVersion: 91.0.4472.19 (1bf021f248676..., userDataDir: C:\Users\admin\AppData\Loca...}, goog:chromeOptions: {debuggerAddress: localhost:59247}, javascriptEnabled: true, networkConnectionEnabled: false, pageLoadStrategy: normal, platform: WINDOWS, platformName: WINDOWS, proxy: Proxy(), setWindowRect: true, strictFileInteractability: false, timeouts: {implicit: 0, pageLoad: 300000, script: 30000}, unhandledPromptBehavior: dismiss and notify, webauthn:extension:largeBlob: true, webauthn:virtualAuthenticators: true}
Session ID: 960d0062d120d7dea69758e9a25fc26e
*** Element info: {Using=xpath, value=//div[@id='export']}
	at sun.reflect.NativeConstructorAccessorImpl.newInstance0(Native Method)
	at sun.reflect.NativeConstructorAccessorImpl.newInstance(Unknown Source)
	at sun.reflect.DelegatingConstructorAccessorImpl.newInstance(Unknown Source)
	at java.lang.reflect.Constructor.newInstance(Unknown Source)
	at org.openqa.selenium.remote.http.W3CHttpResponseCodec.createException(W3CHttpResponseCodec.java:187)
	at org.openqa.selenium.remote.http.W3CHttpResponseCodec.decode(W3CHttpResponseCodec.java:122)
	at org.openqa.selenium.remote.http.W3CHttpResponseCodec.decode(W3CHttpResponseCodec.java:49)
	at org.openqa.selenium.remote.HttpCommandExecutor.execute(HttpCommandExecutor.java:158)
	at org.openqa.selenium.remote.service.DriverCommandExecutor.execute(DriverCommandExecutor.java:83)
	at org.openqa.selenium.remote.RemoteWebDriver.execute(RemoteWebDriver.java:552)
	at org.openqa.selenium.remote.RemoteWebDriver.findElement(RemoteWebDriver.java:323)
	at org.openqa.selenium.remote.RemoteWebDriver.findElementByXPath(RemoteWebDriver.java:428)
	at org.openqa.selenium.By$ByXPath.findElement(By.java:353)
	at org.openqa.selenium.remote.RemoteWebDriver.findElement(RemoteWebDriver.java:315)
	at org.openqa.selenium.support.pagefactory.DefaultElementLocator.findElement(DefaultElementLocator.java:69)
	at org.openqa.selenium.support.pagefactory.internal.LocatingElementHandler.invoke(LocatingElementHandler.java:38)
	at com.sun.proxy.$Proxy11.isEnabled(Unknown Source)
	at com.tetherfi.pages.AttributeAssignmentPage.VerifyPresenceofAgentAttributesDetails(AttributeAssignmentPage.java:552)
	at com.tetherfi.test.tmac.AttributeAssignmentTest.VerifyPresenceofAgentAttributesWindow(AttributeAssignmentTest.java:124)
	at sun.reflect.NativeMethodAccessorImpl.invoke0(Native Method)
	at sun.reflect.NativeMethodAccessorImpl.invoke(Unknown Source)
	at sun.reflect.DelegatingMethodAccessorImpl.invoke(Unknown Source)
	at java.lang.reflect.Method.invoke(Unknown Source)
	at org.testng.internal.MethodInvocationHelper.invokeMethod(MethodInvocationHelper.java:133)
	at org.testng.internal.TestInvoker.invokeMethod(TestInvoker.java:584)
	at org.testng.internal.TestInvoker.invokeTestMethod(TestInvoker.java:172)
	at org.testng.internal.MethodRunner.runInSequence(MethodRunner.java:46)
	at org.testng.internal.TestInvoker$MethodInvocationAgent.invoke(TestInvoker.java:804)
	at org.testng.internal.TestInvoker.invokeTestMethods(TestInvoker.java:145)
	at org.testng.internal.TestMethodWorker.invokeTestMethods(TestMethodWorker.java:146)
	at org.testng.internal.TestMethodWorker.run(TestMethodWorker.java:128)
	at java.util.ArrayList.forEach(Unknown Source)
	at org.testng.TestRunner.privateRun(TestRunner.java:770)
	at org.testng.TestRunner.run(TestRunner.java:591)
	at org.testng.SuiteRunner.runTest(SuiteRunner.java:402)
	at org.testng.SuiteRunner.runSequentially(SuiteRunner.java:396)
	at org.testng.SuiteRunner.privateRun(SuiteRunner.java:355)
	at org.testng.SuiteRunner.run(SuiteRunner.java:304)
	at org.testng.SuiteRunnerWorker.runSuite(SuiteRunnerWorker.java:53)
	at org.testng.SuiteRunnerWorker.run(SuiteRunnerWorker.java:96)
	at org.testng.TestNG.runSuitesSequentially(TestNG.java:1180)
	at org.testng.TestNG.runSuitesLocally(TestNG.java:1102)
	at org.testng.TestNG.runSuites(TestNG.java:1032)
	at org.testng.TestNG.run(TestNG.java:1000)
	at org.testng.remote.AbstractRemoteTestNG.run(AbstractRemoteTestNG.java:115)
	at org.testng.remote.RemoteTestNG.initAndRun(RemoteTestNG.java:251)
	at org.testng.remote.RemoteTestNG.main(RemoteTestNG.java:77)
</pre></td>
				</tr>
			</tbody>
		</table>
	</div>
					</div>
				</li>
				
				
				<li class='test displayed active  fail' status='fail' bdd='false' test-id='11'>
					<div class='test-heading'>
						<span class='test-name'>ExportToExcelButton</span>
						<span class='test-time'>Jul 30, 2021 01:08:15 AM</span>
						<span class='test-status right fail'>fail</span>
					</div>
					<div class='test-content hide'>
<div class='test-time-info'>
	<span class='label start-time'>Jul 30, 2021 01:08:15 AM</span>
	<span class='label end-time'>Jul 30, 2021 01:09:17 AM</span>
	<span class='label time-taken grey lighten-1 white-text'>0h 1m 1s+648ms</span>
</div>
	<div class='test-desc'>To Verify Export Excel Button </div>
	<div class='test-attributes'>
			<div class='category-list'>
				<span class='category label white-text'>OCMModulesTestAutomation</span>
				<span class='category label white-text'>AttributeAssignmentTest</span>
			</div>
	</div>
	<div class='test-steps'>
		<table class='bordered table-results'>
			<thead>
				<tr>
					<th>Status</th>
					<th>Timestamp</th>
					<th>Details</th>
				</tr>
			</thead>
			<tbody>
				<tr class='log' status='fail'>
					<td class='status fail' title='fail' alt='fail'><i class='material-icons'>cancel</i></td>
					<td class='timestamp'>1:09:17 AM</td>
					<td class='step-details'>Test Failed</td>
				</tr>
				<tr class='log' status='fail'>
					<td class='status fail' title='fail' alt='fail'><i class='material-icons'>cancel</i></td>
					<td class='timestamp'>1:09:17 AM</td>
					<td class='step-details'><pre>org.openqa.selenium.TimeoutException: Expected condition failed: waiting for visibility of Proxy element for: DefaultElementLocator 'By.xpath: //div[@id='export']' (tried for 30 second(s) with 500 milliseconds interval)
	at org.openqa.selenium.support.ui.WebDriverWait.timeoutException(WebDriverWait.java:95)
	at org.openqa.selenium.support.ui.FluentWait.until(FluentWait.java:272)
	at com.tetherfi.pages.BasePage.waitUntilWebElementIsVisible(BasePage.java:129)
	at com.tetherfi.pages.BasePage.selectWebElement(BasePage.java:196)
	at com.tetherfi.pages.AttributeAssignmentPage.ExportToExcelButton(AttributeAssignmentPage.java:583)
	at com.tetherfi.test.tmac.AttributeAssignmentTest.ExportToExcelButton(AttributeAssignmentTest.java:131)
	at sun.reflect.NativeMethodAccessorImpl.invoke0(Native Method)
	at sun.reflect.NativeMethodAccessorImpl.invoke(Unknown Source)
	at sun.reflect.DelegatingMethodAccessorImpl.invoke(Unknown Source)
	at java.lang.reflect.Method.invoke(Unknown Source)
	at org.testng.internal.MethodInvocationHelper.invokeMethod(MethodInvocationHelper.java:133)
	at org.testng.internal.TestInvoker.invokeMethod(TestInvoker.java:584)
	at org.testng.internal.TestInvoker.invokeTestMethod(TestInvoker.java:172)
	at org.testng.internal.MethodRunner.runInSequence(MethodRunner.java:46)
	at org.testng.internal.TestInvoker$MethodInvocationAgent.invoke(TestInvoker.java:804)
	at org.testng.internal.TestInvoker.invokeTestMethods(TestInvoker.java:145)
	at org.testng.internal.TestMethodWorker.invokeTestMethods(TestMethodWorker.java:146)
	at org.testng.internal.TestMethodWorker.run(TestMethodWorker.java:128)
	at java.util.ArrayList.forEach(Unknown Source)
	at org.testng.TestRunner.privateRun(TestRunner.java:770)
	at org.testng.TestRunner.run(TestRunner.java:591)
	at org.testng.SuiteRunner.runTest(SuiteRunner.java:402)
	at org.testng.SuiteRunner.runSequentially(SuiteRunner.java:396)
	at org.testng.SuiteRunner.privateRun(SuiteRunner.java:355)
	at org.testng.SuiteRunner.run(SuiteRunner.java:304)
	at org.testng.SuiteRunnerWorker.runSuite(SuiteRunnerWorker.java:53)
	at org.testng.SuiteRunnerWorker.run(SuiteRunnerWorker.java:96)
	at org.testng.TestNG.runSuitesSequentially(TestNG.java:1180)
	at org.testng.TestNG.runSuitesLocally(TestNG.java:1102)
	at org.testng.TestNG.runSuites(TestNG.java:1032)
	at org.testng.TestNG.run(TestNG.java:1000)
	at org.testng.remote.AbstractRemoteTestNG.run(AbstractRemoteTestNG.java:115)
	at org.testng.remote.RemoteTestNG.initAndRun(RemoteTestNG.java:251)
	at org.testng.remote.RemoteTestNG.main(RemoteTestNG.java:77)
Caused by: org.openqa.selenium.NoSuchElementException: no such element: Unable to locate element: {"method":"xpath","selector":"//div[@id='export']"}
  (Session info: chrome=92.0.4515.107)
For documentation on this error, please visit: https://www.seleniumhq.org/exceptions/no_such_element.html
Build info: version: '3.141.59', revision: 'e82be7d358', time: '2018-11-14T08:17:03'
System info: host: 'TTF-BLR-SANTOSH', ip: '192.168.50.12', os.name: 'Windows 10', os.arch: 'amd64', os.version: '10.0', java.version: '1.8.0_181'
Driver info: org.openqa.selenium.chrome.ChromeDriver
Capabilities {acceptInsecureCerts: false, browserName: chrome, browserVersion: 92.0.4515.107, chrome: {chromedriverVersion: 91.0.4472.19 (1bf021f248676..., userDataDir: C:\Users\admin\AppData\Loca...}, goog:chromeOptions: {debuggerAddress: localhost:59247}, javascriptEnabled: true, networkConnectionEnabled: false, pageLoadStrategy: normal, platform: WINDOWS, platformName: WINDOWS, proxy: Proxy(), setWindowRect: true, strictFileInteractability: false, timeouts: {implicit: 0, pageLoad: 300000, script: 30000}, unhandledPromptBehavior: dismiss and notify, webauthn:extension:largeBlob: true, webauthn:virtualAuthenticators: true}
Session ID: 960d0062d120d7dea69758e9a25fc26e
*** Element info: {Using=xpath, value=//div[@id='export']}
	at sun.reflect.NativeConstructorAccessorImpl.newInstance0(Native Method)
	at sun.reflect.NativeConstructorAccessorImpl.newInstance(Unknown Source)
	at sun.reflect.DelegatingConstructorAccessorImpl.newInstance(Unknown Source)
	at java.lang.reflect.Constructor.newInstance(Unknown Source)
	at org.openqa.selenium.remote.http.W3CHttpResponseCodec.createException(W3CHttpResponseCodec.java:187)
	at org.openqa.selenium.remote.http.W3CHttpResponseCodec.decode(W3CHttpResponseCodec.java:122)
	at org.openqa.selenium.remote.http.W3CHttpResponseCodec.decode(W3CHttpResponseCodec.java:49)
	at org.openqa.selenium.remote.HttpCommandExecutor.execute(HttpCommandExecutor.java:158)
	at org.openqa.selenium.remote.service.DriverCommandExecutor.execute(DriverCommandExecutor.java:83)
	at org.openqa.selenium.remote.RemoteWebDriver.execute(RemoteWebDriver.java:552)
	at org.openqa.selenium.remote.RemoteWebDriver.findElement(RemoteWebDriver.java:323)
	at org.openqa.selenium.remote.RemoteWebDriver.findElementByXPath(RemoteWebDriver.java:428)
	at org.openqa.selenium.By$ByXPath.findElement(By.java:353)
	at org.openqa.selenium.remote.RemoteWebDriver.findElement(RemoteWebDriver.java:315)
	at org.openqa.selenium.support.pagefactory.DefaultElementLocator.findElement(DefaultElementLocator.java:69)
	at org.openqa.selenium.support.pagefactory.internal.LocatingElementHandler.invoke(LocatingElementHandler.java:38)
	at com.sun.proxy.$Proxy11.isDisplayed(Unknown Source)
	at org.openqa.selenium.support.ui.ExpectedConditions.elementIfVisible(ExpectedConditions.java:314)
	at org.openqa.selenium.support.ui.ExpectedConditions.access$000(ExpectedConditions.java:43)
	at org.openqa.selenium.support.ui.ExpectedConditions$10.apply(ExpectedConditions.java:300)
	at org.openqa.selenium.support.ui.ExpectedConditions$10.apply(ExpectedConditions.java:297)
	at org.openqa.selenium.support.ui.FluentWait.until(FluentWait.java:249)
	... 32 more
</pre></td>
				</tr>
			</tbody>
		</table>
	</div>
					</div>
				</li>
				
				
				<li class='test displayed active  pass' status='pass' bdd='false' test-id='12'>
					<div class='test-heading'>
						<span class='test-name'>verifyDropDownForAllTheColumns</span>
						<span class='test-time'>Jul 30, 2021 01:09:25 AM</span>
						<span class='test-status right pass'>pass</span>
					</div>
					<div class='test-content hide'>
<div class='test-time-info'>
	<span class='label start-time'>Jul 30, 2021 01:09:25 AM</span>
	<span class='label end-time'>Jul 30, 2021 01:09:30 AM</span>
	<span class='label time-taken grey lighten-1 white-text'>0h 0m 4s+266ms</span>
</div>
	<div class='test-desc'>To Verify DropDown Coloumns </div>
	<div class='test-attributes'>
			<div class='category-list'>
				<span class='category label white-text'>OCMModulesTestAutomation</span>
				<span class='category label white-text'>AttributeAssignmentTest</span>
			</div>
	</div>
	<div class='test-steps'>
		<table class='bordered table-results'>
			<thead>
				<tr>
					<th>Status</th>
					<th>Timestamp</th>
					<th>Details</th>
				</tr>
			</thead>
			<tbody>
				<tr class='log' status='pass'>
					<td class='status pass' title='pass' alt='pass'><i class='material-icons'>check_circle</i></td>
					<td class='timestamp'>1:09:30 AM</td>
					<td class='step-details'>Test passed</td>
				</tr>
			</tbody>
		</table>
	</div>
					</div>
				</li>
				
				
				<li class='test displayed active  pass' status='pass' bdd='false' test-id='13'>
					<div class='test-heading'>
						<span class='test-name'>VerifyColumnsHeaderEnable</span>
						<span class='test-time'>Jul 30, 2021 01:09:38 AM</span>
						<span class='test-status right pass'>pass</span>
					</div>
					<div class='test-content hide'>
<div class='test-time-info'>
	<span class='label start-time'>Jul 30, 2021 01:09:38 AM</span>
	<span class='label end-time'>Jul 30, 2021 01:09:44 AM</span>
	<span class='label time-taken grey lighten-1 white-text'>0h 0m 5s+890ms</span>
</div>
	<div class='test-desc'>To Verify Grid when Coloumns Header Enable </div>
	<div class='test-attributes'>
			<div class='category-list'>
				<span class='category label white-text'>OCMModulesTestAutomation</span>
				<span class='category label white-text'>AttributeAssignmentTest</span>
			</div>
	</div>
	<div class='test-steps'>
		<table class='bordered table-results'>
			<thead>
				<tr>
					<th>Status</th>
					<th>Timestamp</th>
					<th>Details</th>
				</tr>
			</thead>
			<tbody>
				<tr class='log' status='pass'>
					<td class='status pass' title='pass' alt='pass'><i class='material-icons'>check_circle</i></td>
					<td class='timestamp'>1:09:44 AM</td>
					<td class='step-details'>Test passed</td>
				</tr>
			</tbody>
		</table>
	</div>
					</div>
				</li>
				
				
				<li class='test displayed active  pass' status='pass' bdd='false' test-id='14'>
					<div class='test-heading'>
						<span class='test-name'>VerifyColumnsHeaderDisable</span>
						<span class='test-time'>Jul 30, 2021 01:09:52 AM</span>
						<span class='test-status right pass'>pass</span>
					</div>
					<div class='test-content hide'>
<div class='test-time-info'>
	<span class='label start-time'>Jul 30, 2021 01:09:52 AM</span>
	<span class='label end-time'>Jul 30, 2021 01:10:00 AM</span>
	<span class='label time-taken grey lighten-1 white-text'>0h 0m 7s+779ms</span>
</div>
	<div class='test-desc'>To Verify Grid when Coloumn Header Disabled </div>
	<div class='test-attributes'>
			<div class='category-list'>
				<span class='category label white-text'>OCMModulesTestAutomation</span>
				<span class='category label white-text'>AttributeAssignmentTest</span>
			</div>
	</div>
	<div class='test-steps'>
		<table class='bordered table-results'>
			<thead>
				<tr>
					<th>Status</th>
					<th>Timestamp</th>
					<th>Details</th>
				</tr>
			</thead>
			<tbody>
				<tr class='log' status='pass'>
					<td class='status pass' title='pass' alt='pass'><i class='material-icons'>check_circle</i></td>
					<td class='timestamp'>1:10:00 AM</td>
					<td class='step-details'>Test passed</td>
				</tr>
			</tbody>
		</table>
	</div>
					</div>
				</li>
				
				
				<li class='test displayed active  pass' status='pass' bdd='false' test-id='15'>
					<div class='test-heading'>
						<span class='test-name'>verifyArrowMoveForPreviousAndNextPage</span>
						<span class='test-time'>Jul 30, 2021 01:10:08 AM</span>
						<span class='test-status right pass'>pass</span>
					</div>
					<div class='test-content hide'>
<div class='test-time-info'>
	<span class='label start-time'>Jul 30, 2021 01:10:08 AM</span>
	<span class='label end-time'>Jul 30, 2021 01:10:12 AM</span>
	<span class='label time-taken grey lighten-1 white-text'>0h 0m 4s+282ms</span>
</div>
	<div class='test-desc'>To Verify arrow Move previous and Next Page </div>
	<div class='test-attributes'>
			<div class='category-list'>
				<span class='category label white-text'>OCMModulesTestAutomation</span>
				<span class='category label white-text'>AttributeAssignmentTest</span>
			</div>
	</div>
	<div class='test-steps'>
		<table class='bordered table-results'>
			<thead>
				<tr>
					<th>Status</th>
					<th>Timestamp</th>
					<th>Details</th>
				</tr>
			</thead>
			<tbody>
				<tr class='log' status='pass'>
					<td class='status pass' title='pass' alt='pass'><i class='material-icons'>check_circle</i></td>
					<td class='timestamp'>1:10:12 AM</td>
					<td class='step-details'>Test passed</td>
				</tr>
			</tbody>
		</table>
	</div>
					</div>
				</li>
				
				
				<li class='test displayed active  pass' status='pass' bdd='false' test-id='16'>
					<div class='test-heading'>
						<span class='test-name'>verifyArrowMoveForFirstAndLastPage</span>
						<span class='test-time'>Jul 30, 2021 01:10:20 AM</span>
						<span class='test-status right pass'>pass</span>
					</div>
					<div class='test-content hide'>
<div class='test-time-info'>
	<span class='label start-time'>Jul 30, 2021 01:10:20 AM</span>
	<span class='label end-time'>Jul 30, 2021 01:10:25 AM</span>
	<span class='label time-taken grey lighten-1 white-text'>0h 0m 4s+304ms</span>
</div>
	<div class='test-desc'>To Verify Arrow Move for First and Last Page </div>
	<div class='test-attributes'>
			<div class='category-list'>
				<span class='category label white-text'>OCMModulesTestAutomation</span>
				<span class='category label white-text'>AttributeAssignmentTest</span>
			</div>
	</div>
	<div class='test-steps'>
		<table class='bordered table-results'>
			<thead>
				<tr>
					<th>Status</th>
					<th>Timestamp</th>
					<th>Details</th>
				</tr>
			</thead>
			<tbody>
				<tr class='log' status='pass'>
					<td class='status pass' title='pass' alt='pass'><i class='material-icons'>check_circle</i></td>
					<td class='timestamp'>1:10:25 AM</td>
					<td class='step-details'>Test passed</td>
				</tr>
			</tbody>
		</table>
	</div>
					</div>
				</li>
				
				
				<li class='test displayed active  pass' status='pass' bdd='false' test-id='17'>
					<div class='test-heading'>
						<span class='test-name'>verifyTotalNumberOfItemsPerPageDetails</span>
						<span class='test-time'>Jul 30, 2021 01:10:33 AM</span>
						<span class='test-status right pass'>pass</span>
					</div>
					<div class='test-content hide'>
<div class='test-time-info'>
	<span class='label start-time'>Jul 30, 2021 01:10:33 AM</span>
	<span class='label end-time'>Jul 30, 2021 01:10:34 AM</span>
	<span class='label time-taken grey lighten-1 white-text'>0h 0m 0s+993ms</span>
</div>
	<div class='test-desc'>To Verify Total Number of Items Per Page Deatials </div>
	<div class='test-attributes'>
			<div class='category-list'>
				<span class='category label white-text'>OCMModulesTestAutomation</span>
				<span class='category label white-text'>AttributeAssignmentTest</span>
			</div>
	</div>
	<div class='test-steps'>
		<table class='bordered table-results'>
			<thead>
				<tr>
					<th>Status</th>
					<th>Timestamp</th>
					<th>Details</th>
				</tr>
			</thead>
			<tbody>
				<tr class='log' status='pass'>
					<td class='status pass' title='pass' alt='pass'><i class='material-icons'>check_circle</i></td>
					<td class='timestamp'>1:10:34 AM</td>
					<td class='step-details'>Test passed</td>
				</tr>
			</tbody>
		</table>
	</div>
					</div>
				</li>
				
				
				<li class='test displayed active  pass' status='pass' bdd='false' test-id='18'>
					<div class='test-heading'>
						<span class='test-name'>verifyNumberOfItemsPerPageSelection</span>
						<span class='test-time'>Jul 30, 2021 01:10:43 AM</span>
						<span class='test-status right pass'>pass</span>
					</div>
					<div class='test-content hide'>
<div class='test-time-info'>
	<span class='label start-time'>Jul 30, 2021 01:10:43 AM</span>
	<span class='label end-time'>Jul 30, 2021 01:11:01 AM</span>
	<span class='label time-taken grey lighten-1 white-text'>0h 0m 18s+425ms</span>
</div>
	<div class='test-desc'>To Verify Number of Items PerPage Selection </div>
	<div class='test-attributes'>
			<div class='category-list'>
				<span class='category label white-text'>OCMModulesTestAutomation</span>
				<span class='category label white-text'>AttributeAssignmentTest</span>
			</div>
	</div>
	<div class='test-steps'>
		<table class='bordered table-results'>
			<thead>
				<tr>
					<th>Status</th>
					<th>Timestamp</th>
					<th>Details</th>
				</tr>
			</thead>
			<tbody>
				<tr class='log' status='pass'>
					<td class='status pass' title='pass' alt='pass'><i class='material-icons'>check_circle</i></td>
					<td class='timestamp'>1:11:01 AM</td>
					<td class='step-details'>Test passed</td>
				</tr>
			</tbody>
		</table>
	</div>
					</div>
				</li>
				
				
				<li class='test displayed active  pass' status='pass' bdd='false' test-id='19'>
					<div class='test-heading'>
						<span class='test-name'>SearchChannelCategoryTabAttribute</span>
						<span class='test-time'>Jul 30, 2021 01:11:09 AM</span>
						<span class='test-status right pass'>pass</span>
					</div>
					<div class='test-content hide'>
<div class='test-time-info'>
	<span class='label start-time'>Jul 30, 2021 01:11:09 AM</span>
	<span class='label end-time'>Jul 30, 2021 01:11:11 AM</span>
	<span class='label time-taken grey lighten-1 white-text'>0h 0m 2s+389ms</span>
</div>
	<div class='test-desc'>To Verify Search Channel CategoryTab Attributes </div>
	<div class='test-attributes'>
			<div class='category-list'>
				<span class='category label white-text'>OCMModulesTestAutomation</span>
				<span class='category label white-text'>AttributeAssignmentTest</span>
			</div>
	</div>
	<div class='test-steps'>
		<table class='bordered table-results'>
			<thead>
				<tr>
					<th>Status</th>
					<th>Timestamp</th>
					<th>Details</th>
				</tr>
			</thead>
			<tbody>
				<tr class='log' status='pass'>
					<td class='status pass' title='pass' alt='pass'><i class='material-icons'>check_circle</i></td>
					<td class='timestamp'>1:11:11 AM</td>
					<td class='step-details'>Test passed</td>
				</tr>
			</tbody>
		</table>
	</div>
					</div>
				</li>
				
				
				<li class='test displayed active  pass' status='pass' bdd='false' test-id='20'>
					<div class='test-heading'>
						<span class='test-name'>SearchIntentCategoryTabAttribute</span>
						<span class='test-time'>Jul 30, 2021 01:11:20 AM</span>
						<span class='test-status right pass'>pass</span>
					</div>
					<div class='test-content hide'>
<div class='test-time-info'>
	<span class='label start-time'>Jul 30, 2021 01:11:20 AM</span>
	<span class='label end-time'>Jul 30, 2021 01:11:22 AM</span>
	<span class='label time-taken grey lighten-1 white-text'>0h 0m 2s+117ms</span>
</div>
	<div class='test-desc'>To Verify Search Intent CategoryTab Attributes </div>
	<div class='test-attributes'>
			<div class='category-list'>
				<span class='category label white-text'>OCMModulesTestAutomation</span>
				<span class='category label white-text'>AttributeAssignmentTest</span>
			</div>
	</div>
	<div class='test-steps'>
		<table class='bordered table-results'>
			<thead>
				<tr>
					<th>Status</th>
					<th>Timestamp</th>
					<th>Details</th>
				</tr>
			</thead>
			<tbody>
				<tr class='log' status='pass'>
					<td class='status pass' title='pass' alt='pass'><i class='material-icons'>check_circle</i></td>
					<td class='timestamp'>1:11:22 AM</td>
					<td class='step-details'>Test passed</td>
				</tr>
			</tbody>
		</table>
	</div>
					</div>
				</li>
				
				
				<li class='test displayed active  pass' status='pass' bdd='false' test-id='21'>
					<div class='test-heading'>
						<span class='test-name'>SearchPackageCategoryTabAttribute</span>
						<span class='test-time'>Jul 30, 2021 01:11:30 AM</span>
						<span class='test-status right pass'>pass</span>
					</div>
					<div class='test-content hide'>
<div class='test-time-info'>
	<span class='label start-time'>Jul 30, 2021 01:11:30 AM</span>
	<span class='label end-time'>Jul 30, 2021 01:11:32 AM</span>
	<span class='label time-taken grey lighten-1 white-text'>0h 0m 1s+922ms</span>
</div>
	<div class='test-desc'>To Verify Search Package CategoryTab Attributes </div>
	<div class='test-attributes'>
			<div class='category-list'>
				<span class='category label white-text'>OCMModulesTestAutomation</span>
				<span class='category label white-text'>AttributeAssignmentTest</span>
			</div>
	</div>
	<div class='test-steps'>
		<table class='bordered table-results'>
			<thead>
				<tr>
					<th>Status</th>
					<th>Timestamp</th>
					<th>Details</th>
				</tr>
			</thead>
			<tbody>
				<tr class='log' status='pass'>
					<td class='status pass' title='pass' alt='pass'><i class='material-icons'>check_circle</i></td>
					<td class='timestamp'>1:11:32 AM</td>
					<td class='step-details'>Test passed</td>
				</tr>
			</tbody>
		</table>
	</div>
					</div>
				</li>
				
				
				<li class='test displayed active  pass' status='pass' bdd='false' test-id='22'>
					<div class='test-heading'>
						<span class='test-name'>SearchCustomerTypeCategoryTabAttribute</span>
						<span class='test-time'>Jul 30, 2021 01:11:40 AM</span>
						<span class='test-status right pass'>pass</span>
					</div>
					<div class='test-content hide'>
<div class='test-time-info'>
	<span class='label start-time'>Jul 30, 2021 01:11:40 AM</span>
	<span class='label end-time'>Jul 30, 2021 01:11:42 AM</span>
	<span class='label time-taken grey lighten-1 white-text'>0h 0m 2s+41ms</span>
</div>
	<div class='test-desc'>To Verify Search CustomerType CategoryTab Attributes </div>
	<div class='test-attributes'>
			<div class='category-list'>
				<span class='category label white-text'>OCMModulesTestAutomation</span>
				<span class='category label white-text'>AttributeAssignmentTest</span>
			</div>
	</div>
	<div class='test-steps'>
		<table class='bordered table-results'>
			<thead>
				<tr>
					<th>Status</th>
					<th>Timestamp</th>
					<th>Details</th>
				</tr>
			</thead>
			<tbody>
				<tr class='log' status='pass'>
					<td class='status pass' title='pass' alt='pass'><i class='material-icons'>check_circle</i></td>
					<td class='timestamp'>1:11:42 AM</td>
					<td class='step-details'>Test passed</td>
				</tr>
			</tbody>
		</table>
	</div>
					</div>
				</li>
				
				
				<li class='test displayed active  pass' status='pass' bdd='false' test-id='23'>
					<div class='test-heading'>
						<span class='test-name'>SearchAgeCategoryTabAttribute</span>
						<span class='test-time'>Jul 30, 2021 01:11:54 AM</span>
						<span class='test-status right pass'>pass</span>
					</div>
					<div class='test-content hide'>
<div class='test-time-info'>
	<span class='label start-time'>Jul 30, 2021 01:11:54 AM</span>
	<span class='label end-time'>Jul 30, 2021 01:11:56 AM</span>
	<span class='label time-taken grey lighten-1 white-text'>0h 0m 2s+198ms</span>
</div>
	<div class='test-desc'>To Verify Search Age CategoryTab Attributes </div>
	<div class='test-attributes'>
			<div class='category-list'>
				<span class='category label white-text'>OCMModulesTestAutomation</span>
				<span class='category label white-text'>AttributeAssignmentTest</span>
			</div>
	</div>
	<div class='test-steps'>
		<table class='bordered table-results'>
			<thead>
				<tr>
					<th>Status</th>
					<th>Timestamp</th>
					<th>Details</th>
				</tr>
			</thead>
			<tbody>
				<tr class='log' status='pass'>
					<td class='status pass' title='pass' alt='pass'><i class='material-icons'>check_circle</i></td>
					<td class='timestamp'>1:11:56 AM</td>
					<td class='step-details'>Test passed</td>
				</tr>
			</tbody>
		</table>
	</div>
					</div>
				</li>
				
				
				<li class='test displayed active  pass' status='pass' bdd='false' test-id='24'>
					<div class='test-heading'>
						<span class='test-name'>SearchGenderCategoryTabAttribute</span>
						<span class='test-time'>Jul 30, 2021 01:12:04 AM</span>
						<span class='test-status right pass'>pass</span>
					</div>
					<div class='test-content hide'>
<div class='test-time-info'>
	<span class='label start-time'>Jul 30, 2021 01:12:04 AM</span>
	<span class='label end-time'>Jul 30, 2021 01:12:06 AM</span>
	<span class='label time-taken grey lighten-1 white-text'>0h 0m 2s+67ms</span>
</div>
	<div class='test-desc'>To Verify Search Gender CategoryTab Attributes </div>
	<div class='test-attributes'>
			<div class='category-list'>
				<span class='category label white-text'>OCMModulesTestAutomation</span>
				<span class='category label white-text'>AttributeAssignmentTest</span>
			</div>
	</div>
	<div class='test-steps'>
		<table class='bordered table-results'>
			<thead>
				<tr>
					<th>Status</th>
					<th>Timestamp</th>
					<th>Details</th>
				</tr>
			</thead>
			<tbody>
				<tr class='log' status='pass'>
					<td class='status pass' title='pass' alt='pass'><i class='material-icons'>check_circle</i></td>
					<td class='timestamp'>1:12:06 AM</td>
					<td class='step-details'>Test passed</td>
				</tr>
			</tbody>
		</table>
	</div>
					</div>
				</li>
				
				
				<li class='test displayed active  pass' status='pass' bdd='false' test-id='25'>
					<div class='test-heading'>
						<span class='test-name'>SearchLocationCategoryTabAttribute</span>
						<span class='test-time'>Jul 30, 2021 01:12:14 AM</span>
						<span class='test-status right pass'>pass</span>
					</div>
					<div class='test-content hide'>
<div class='test-time-info'>
	<span class='label start-time'>Jul 30, 2021 01:12:14 AM</span>
	<span class='label end-time'>Jul 30, 2021 01:12:16 AM</span>
	<span class='label time-taken grey lighten-1 white-text'>0h 0m 2s+232ms</span>
</div>
	<div class='test-desc'>To Verify Search Location CategoryTab Attributes </div>
	<div class='test-attributes'>
			<div class='category-list'>
				<span class='category label white-text'>OCMModulesTestAutomation</span>
				<span class='category label white-text'>AttributeAssignmentTest</span>
			</div>
	</div>
	<div class='test-steps'>
		<table class='bordered table-results'>
			<thead>
				<tr>
					<th>Status</th>
					<th>Timestamp</th>
					<th>Details</th>
				</tr>
			</thead>
			<tbody>
				<tr class='log' status='pass'>
					<td class='status pass' title='pass' alt='pass'><i class='material-icons'>check_circle</i></td>
					<td class='timestamp'>1:12:16 AM</td>
					<td class='step-details'>Test passed</td>
				</tr>
			</tbody>
		</table>
	</div>
					</div>
				</li>
				
				
				<li class='test displayed active  pass' status='pass' bdd='false' test-id='26'>
					<div class='test-heading'>
						<span class='test-name'>SearchSentimentCategoryTabAttribute</span>
						<span class='test-time'>Jul 30, 2021 01:12:25 AM</span>
						<span class='test-status right pass'>pass</span>
					</div>
					<div class='test-content hide'>
<div class='test-time-info'>
	<span class='label start-time'>Jul 30, 2021 01:12:25 AM</span>
	<span class='label end-time'>Jul 30, 2021 01:12:27 AM</span>
	<span class='label time-taken grey lighten-1 white-text'>0h 0m 2s+265ms</span>
</div>
	<div class='test-desc'>To Verify Search Sentiment CategoryTab Attributes </div>
	<div class='test-attributes'>
			<div class='category-list'>
				<span class='category label white-text'>OCMModulesTestAutomation</span>
				<span class='category label white-text'>AttributeAssignmentTest</span>
			</div>
	</div>
	<div class='test-steps'>
		<table class='bordered table-results'>
			<thead>
				<tr>
					<th>Status</th>
					<th>Timestamp</th>
					<th>Details</th>
				</tr>
			</thead>
			<tbody>
				<tr class='log' status='pass'>
					<td class='status pass' title='pass' alt='pass'><i class='material-icons'>check_circle</i></td>
					<td class='timestamp'>1:12:27 AM</td>
					<td class='step-details'>Test passed</td>
				</tr>
			</tbody>
		</table>
	</div>
					</div>
				</li>
				
				
				<li class='test displayed active  pass' status='pass' bdd='false' test-id='27'>
					<div class='test-heading'>
						<span class='test-name'>SearchLanguageCategoryTabAttribute</span>
						<span class='test-time'>Jul 30, 2021 01:12:35 AM</span>
						<span class='test-status right pass'>pass</span>
					</div>
					<div class='test-content hide'>
<div class='test-time-info'>
	<span class='label start-time'>Jul 30, 2021 01:12:35 AM</span>
	<span class='label end-time'>Jul 30, 2021 01:12:38 AM</span>
	<span class='label time-taken grey lighten-1 white-text'>0h 0m 2s+359ms</span>
</div>
	<div class='test-desc'>To Verify Search Language CategoryTab Attributes </div>
	<div class='test-attributes'>
			<div class='category-list'>
				<span class='category label white-text'>OCMModulesTestAutomation</span>
				<span class='category label white-text'>AttributeAssignmentTest</span>
			</div>
	</div>
	<div class='test-steps'>
		<table class='bordered table-results'>
			<thead>
				<tr>
					<th>Status</th>
					<th>Timestamp</th>
					<th>Details</th>
				</tr>
			</thead>
			<tbody>
				<tr class='log' status='pass'>
					<td class='status pass' title='pass' alt='pass'><i class='material-icons'>check_circle</i></td>
					<td class='timestamp'>1:12:38 AM</td>
					<td class='step-details'>Test passed</td>
				</tr>
			</tbody>
		</table>
	</div>
					</div>
				</li>
				
				
				<li class='test displayed active  pass' status='pass' bdd='false' test-id='28'>
					<div class='test-heading'>
						<span class='test-name'>VerifyAssignAttributesfromChannelTab</span>
						<span class='test-time'>Jul 30, 2021 01:12:45 AM</span>
						<span class='test-status right pass'>pass</span>
					</div>
					<div class='test-content hide'>
<div class='test-time-info'>
	<span class='label start-time'>Jul 30, 2021 01:12:45 AM</span>
	<span class='label end-time'>Jul 30, 2021 01:13:01 AM</span>
	<span class='label time-taken grey lighten-1 white-text'>0h 0m 15s+566ms</span>
</div>
	<div class='test-desc'>To Verify Assign Attributes from Channel Tab </div>
	<div class='test-attributes'>
			<div class='category-list'>
				<span class='category label white-text'>OCMModulesTestAutomation</span>
				<span class='category label white-text'>AttributeAssignmentTest</span>
			</div>
	</div>
	<div class='test-steps'>
		<table class='bordered table-results'>
			<thead>
				<tr>
					<th>Status</th>
					<th>Timestamp</th>
					<th>Details</th>
				</tr>
			</thead>
			<tbody>
				<tr class='log' status='pass'>
					<td class='status pass' title='pass' alt='pass'><i class='material-icons'>check_circle</i></td>
					<td class='timestamp'>1:13:01 AM</td>
					<td class='step-details'>Test passed</td>
				</tr>
			</tbody>
		</table>
	</div>
					</div>
				</li>
				
				
				<li class='test displayed active  fail' status='fail' bdd='false' test-id='29'>
					<div class='test-heading'>
						<span class='test-name'>VerifyAssignAttributesfromIntentTab</span>
						<span class='test-time'>Jul 30, 2021 01:13:09 AM</span>
						<span class='test-status right fail'>fail</span>
					</div>
					<div class='test-content hide'>
<div class='test-time-info'>
	<span class='label start-time'>Jul 30, 2021 01:13:09 AM</span>
	<span class='label end-time'>Jul 30, 2021 01:14:21 AM</span>
	<span class='label time-taken grey lighten-1 white-text'>0h 1m 11s+795ms</span>
</div>
	<div class='test-desc'>To Verify Assign Attributes from Intent Tab </div>
	<div class='test-attributes'>
			<div class='category-list'>
				<span class='category label white-text'>OCMModulesTestAutomation</span>
				<span class='category label white-text'>AttributeAssignmentTest</span>
			</div>
	</div>
	<div class='test-steps'>
		<table class='bordered table-results'>
			<thead>
				<tr>
					<th>Status</th>
					<th>Timestamp</th>
					<th>Details</th>
				</tr>
			</thead>
			<tbody>
				<tr class='log' status='fail'>
					<td class='status fail' title='fail' alt='fail'><i class='material-icons'>cancel</i></td>
					<td class='timestamp'>1:14:21 AM</td>
					<td class='step-details'>Test Failed</td>
				</tr>
				<tr class='log' status='fail'>
					<td class='status fail' title='fail' alt='fail'><i class='material-icons'>cancel</i></td>
					<td class='timestamp'>1:14:21 AM</td>
					<td class='step-details'><pre>org.openqa.selenium.TimeoutException: Expected condition failed: waiting for visibility of Proxy element for: DefaultElementLocator 'By.cssSelector: div[class='swal-modal'] input' (tried for 30 second(s) with 500 milliseconds interval)
	at org.openqa.selenium.support.ui.WebDriverWait.timeoutException(WebDriverWait.java:95)
	at org.openqa.selenium.support.ui.FluentWait.until(FluentWait.java:272)
	at com.tetherfi.pages.BasePage.waitUntilWebElementIsVisible(BasePage.java:129)
	at com.tetherfi.pages.BasePage.enterValueToTxtField(BasePage.java:147)
	at com.tetherfi.pages.AttributeAssignmentPage.selectmultipleAttributes(AttributeAssignmentPage.java:527)
	at com.tetherfi.pages.AttributeAssignmentPage.verifyAssignAttributesfromTab(AttributeAssignmentPage.java:541)
	at com.tetherfi.test.tmac.AttributeAssignmentTest.VerifyAssignAttributesfromIntentTab(AttributeAssignmentTest.java:283)
	at sun.reflect.NativeMethodAccessorImpl.invoke0(Native Method)
	at sun.reflect.NativeMethodAccessorImpl.invoke(Unknown Source)
	at sun.reflect.DelegatingMethodAccessorImpl.invoke(Unknown Source)
	at java.lang.reflect.Method.invoke(Unknown Source)
	at org.testng.internal.MethodInvocationHelper.invokeMethod(MethodInvocationHelper.java:133)
	at org.testng.internal.TestInvoker.invokeMethod(TestInvoker.java:584)
	at org.testng.internal.TestInvoker.invokeTestMethod(TestInvoker.java:172)
	at org.testng.internal.MethodRunner.runInSequence(MethodRunner.java:46)
	at org.testng.internal.TestInvoker$MethodInvocationAgent.invoke(TestInvoker.java:804)
	at org.testng.internal.TestInvoker.invokeTestMethods(TestInvoker.java:145)
	at org.testng.internal.TestMethodWorker.invokeTestMethods(TestMethodWorker.java:146)
	at org.testng.internal.TestMethodWorker.run(TestMethodWorker.java:128)
	at java.util.ArrayList.forEach(Unknown Source)
	at org.testng.TestRunner.privateRun(TestRunner.java:770)
	at org.testng.TestRunner.run(TestRunner.java:591)
	at org.testng.SuiteRunner.runTest(SuiteRunner.java:402)
	at org.testng.SuiteRunner.runSequentially(SuiteRunner.java:396)
	at org.testng.SuiteRunner.privateRun(SuiteRunner.java:355)
	at org.testng.SuiteRunner.run(SuiteRunner.java:304)
	at org.testng.SuiteRunnerWorker.runSuite(SuiteRunnerWorker.java:53)
	at org.testng.SuiteRunnerWorker.run(SuiteRunnerWorker.java:96)
	at org.testng.TestNG.runSuitesSequentially(TestNG.java:1180)
	at org.testng.TestNG.runSuitesLocally(TestNG.java:1102)
	at org.testng.TestNG.runSuites(TestNG.java:1032)
	at org.testng.TestNG.run(TestNG.java:1000)
	at org.testng.remote.AbstractRemoteTestNG.run(AbstractRemoteTestNG.java:115)
	at org.testng.remote.RemoteTestNG.initAndRun(RemoteTestNG.java:251)
	at org.testng.remote.RemoteTestNG.main(RemoteTestNG.java:77)
Caused by: org.openqa.selenium.NoSuchElementException: no such element: Unable to locate element: {"method":"css selector","selector":"div[class='swal-modal'] input"}
  (Session info: chrome=92.0.4515.107)
For documentation on this error, please visit: https://www.seleniumhq.org/exceptions/no_such_element.html
Build info: version: '3.141.59', revision: 'e82be7d358', time: '2018-11-14T08:17:03'
System info: host: 'TTF-BLR-SANTOSH', ip: '192.168.50.12', os.name: 'Windows 10', os.arch: 'amd64', os.version: '10.0', java.version: '1.8.0_181'
Driver info: org.openqa.selenium.chrome.ChromeDriver
Capabilities {acceptInsecureCerts: false, browserName: chrome, browserVersion: 92.0.4515.107, chrome: {chromedriverVersion: 91.0.4472.19 (1bf021f248676..., userDataDir: C:\Users\admin\AppData\Loca...}, goog:chromeOptions: {debuggerAddress: localhost:59247}, javascriptEnabled: true, networkConnectionEnabled: false, pageLoadStrategy: normal, platform: WINDOWS, platformName: WINDOWS, proxy: Proxy(), setWindowRect: true, strictFileInteractability: false, timeouts: {implicit: 0, pageLoad: 300000, script: 30000}, unhandledPromptBehavior: dismiss and notify, webauthn:extension:largeBlob: true, webauthn:virtualAuthenticators: true}
Session ID: 960d0062d120d7dea69758e9a25fc26e
*** Element info: {Using=css selector, value=div[class='swal-modal'] input}
	at sun.reflect.NativeConstructorAccessorImpl.newInstance0(Native Method)
	at sun.reflect.NativeConstructorAccessorImpl.newInstance(Unknown Source)
	at sun.reflect.DelegatingConstructorAccessorImpl.newInstance(Unknown Source)
	at java.lang.reflect.Constructor.newInstance(Unknown Source)
	at org.openqa.selenium.remote.http.W3CHttpResponseCodec.createException(W3CHttpResponseCodec.java:187)
	at org.openqa.selenium.remote.http.W3CHttpResponseCodec.decode(W3CHttpResponseCodec.java:122)
	at org.openqa.selenium.remote.http.W3CHttpResponseCodec.decode(W3CHttpResponseCodec.java:49)
	at org.openqa.selenium.remote.HttpCommandExecutor.execute(HttpCommandExecutor.java:158)
	at org.openqa.selenium.remote.service.DriverCommandExecutor.execute(DriverCommandExecutor.java:83)
	at org.openqa.selenium.remote.RemoteWebDriver.execute(RemoteWebDriver.java:552)
	at org.openqa.selenium.remote.RemoteWebDriver.findElement(RemoteWebDriver.java:323)
	at org.openqa.selenium.remote.RemoteWebDriver.findElementByCssSelector(RemoteWebDriver.java:420)
	at org.openqa.selenium.By$ByCssSelector.findElement(By.java:431)
	at org.openqa.selenium.remote.RemoteWebDriver.findElement(RemoteWebDriver.java:315)
	at org.openqa.selenium.support.pagefactory.DefaultElementLocator.findElement(DefaultElementLocator.java:69)
	at org.openqa.selenium.support.pagefactory.internal.LocatingElementHandler.invoke(LocatingElementHandler.java:38)
	at com.sun.proxy.$Proxy11.isDisplayed(Unknown Source)
	at org.openqa.selenium.support.ui.ExpectedConditions.elementIfVisible(ExpectedConditions.java:314)
	at org.openqa.selenium.support.ui.ExpectedConditions.access$000(ExpectedConditions.java:43)
	at org.openqa.selenium.support.ui.ExpectedConditions$10.apply(ExpectedConditions.java:300)
	at org.openqa.selenium.support.ui.ExpectedConditions$10.apply(ExpectedConditions.java:297)
	at org.openqa.selenium.support.ui.FluentWait.until(FluentWait.java:249)
	... 33 more
</pre></td>
				</tr>
			</tbody>
		</table>
	</div>
					</div>
				</li>
				
				
				<li class='test displayed active  pass' status='pass' bdd='false' test-id='30'>
					<div class='test-heading'>
						<span class='test-name'>VerifyAssignAttributesfromPackageTab</span>
						<span class='test-time'>Jul 30, 2021 01:14:29 AM</span>
						<span class='test-status right pass'>pass</span>
					</div>
					<div class='test-content hide'>
<div class='test-time-info'>
	<span class='label start-time'>Jul 30, 2021 01:14:29 AM</span>
	<span class='label end-time'>Jul 30, 2021 01:14:55 AM</span>
	<span class='label time-taken grey lighten-1 white-text'>0h 0m 26s+143ms</span>
</div>
	<div class='test-desc'>To Verify Assign Attributes from Package Tab </div>
	<div class='test-attributes'>
			<div class='category-list'>
				<span class='category label white-text'>OCMModulesTestAutomation</span>
				<span class='category label white-text'>AttributeAssignmentTest</span>
			</div>
	</div>
	<div class='test-steps'>
		<table class='bordered table-results'>
			<thead>
				<tr>
					<th>Status</th>
					<th>Timestamp</th>
					<th>Details</th>
				</tr>
			</thead>
			<tbody>
				<tr class='log' status='pass'>
					<td class='status pass' title='pass' alt='pass'><i class='material-icons'>check_circle</i></td>
					<td class='timestamp'>1:14:55 AM</td>
					<td class='step-details'>Test passed</td>
				</tr>
			</tbody>
		</table>
	</div>
					</div>
				</li>
				
				
				<li class='test displayed active  pass' status='pass' bdd='false' test-id='31'>
					<div class='test-heading'>
						<span class='test-name'>VerifyAssignAttributesfromCustomerTypeTab</span>
						<span class='test-time'>Jul 30, 2021 01:15:03 AM</span>
						<span class='test-status right pass'>pass</span>
					</div>
					<div class='test-content hide'>
<div class='test-time-info'>
	<span class='label start-time'>Jul 30, 2021 01:15:03 AM</span>
	<span class='label end-time'>Jul 30, 2021 01:15:21 AM</span>
	<span class='label time-taken grey lighten-1 white-text'>0h 0m 17s+803ms</span>
</div>
	<div class='test-desc'>To Verify Assign Attributes from CustomerType Tab </div>
	<div class='test-attributes'>
			<div class='category-list'>
				<span class='category label white-text'>OCMModulesTestAutomation</span>
				<span class='category label white-text'>AttributeAssignmentTest</span>
			</div>
	</div>
	<div class='test-steps'>
		<table class='bordered table-results'>
			<thead>
				<tr>
					<th>Status</th>
					<th>Timestamp</th>
					<th>Details</th>
				</tr>
			</thead>
			<tbody>
				<tr class='log' status='pass'>
					<td class='status pass' title='pass' alt='pass'><i class='material-icons'>check_circle</i></td>
					<td class='timestamp'>1:15:21 AM</td>
					<td class='step-details'>Test passed</td>
				</tr>
			</tbody>
		</table>
	</div>
					</div>
				</li>
				
				
				<li class='test displayed active  pass' status='pass' bdd='false' test-id='32'>
					<div class='test-heading'>
						<span class='test-name'>VerifyAssignAttributesfromAgeTab</span>
						<span class='test-time'>Jul 30, 2021 01:15:29 AM</span>
						<span class='test-status right pass'>pass</span>
					</div>
					<div class='test-content hide'>
<div class='test-time-info'>
	<span class='label start-time'>Jul 30, 2021 01:15:29 AM</span>
	<span class='label end-time'>Jul 30, 2021 01:15:45 AM</span>
	<span class='label time-taken grey lighten-1 white-text'>0h 0m 15s+489ms</span>
</div>
	<div class='test-desc'>To Verify Assign Attributes from Age Tab </div>
	<div class='test-attributes'>
			<div class='category-list'>
				<span class='category label white-text'>OCMModulesTestAutomation</span>
				<span class='category label white-text'>AttributeAssignmentTest</span>
			</div>
	</div>
	<div class='test-steps'>
		<table class='bordered table-results'>
			<thead>
				<tr>
					<th>Status</th>
					<th>Timestamp</th>
					<th>Details</th>
				</tr>
			</thead>
			<tbody>
				<tr class='log' status='pass'>
					<td class='status pass' title='pass' alt='pass'><i class='material-icons'>check_circle</i></td>
					<td class='timestamp'>1:15:45 AM</td>
					<td class='step-details'>Test passed</td>
				</tr>
			</tbody>
		</table>
	</div>
					</div>
				</li>
				
				
				<li class='test displayed active  pass' status='pass' bdd='false' test-id='33'>
					<div class='test-heading'>
						<span class='test-name'>VerifyAssignAttributesfromGenderTab</span>
						<span class='test-time'>Jul 30, 2021 01:15:53 AM</span>
						<span class='test-status right pass'>pass</span>
					</div>
					<div class='test-content hide'>
<div class='test-time-info'>
	<span class='label start-time'>Jul 30, 2021 01:15:53 AM</span>
	<span class='label end-time'>Jul 30, 2021 01:16:08 AM</span>
	<span class='label time-taken grey lighten-1 white-text'>0h 0m 15s+514ms</span>
</div>
	<div class='test-desc'>To Verify Assign Attributes from Gender Tab </div>
	<div class='test-attributes'>
			<div class='category-list'>
				<span class='category label white-text'>OCMModulesTestAutomation</span>
				<span class='category label white-text'>AttributeAssignmentTest</span>
			</div>
	</div>
	<div class='test-steps'>
		<table class='bordered table-results'>
			<thead>
				<tr>
					<th>Status</th>
					<th>Timestamp</th>
					<th>Details</th>
				</tr>
			</thead>
			<tbody>
				<tr class='log' status='pass'>
					<td class='status pass' title='pass' alt='pass'><i class='material-icons'>check_circle</i></td>
					<td class='timestamp'>1:16:08 AM</td>
					<td class='step-details'>Test passed</td>
				</tr>
			</tbody>
		</table>
	</div>
					</div>
				</li>
				
				
				<li class='test displayed active  pass' status='pass' bdd='false' test-id='34'>
					<div class='test-heading'>
						<span class='test-name'>VerifyAssignAttributesfromLocationTab</span>
						<span class='test-time'>Jul 30, 2021 01:16:16 AM</span>
						<span class='test-status right pass'>pass</span>
					</div>
					<div class='test-content hide'>
<div class='test-time-info'>
	<span class='label start-time'>Jul 30, 2021 01:16:16 AM</span>
	<span class='label end-time'>Jul 30, 2021 01:16:32 AM</span>
	<span class='label time-taken grey lighten-1 white-text'>0h 0m 15s+691ms</span>
</div>
	<div class='test-desc'>To Verify Assign Attributes from Loaction Tab </div>
	<div class='test-attributes'>
			<div class='category-list'>
				<span class='category label white-text'>OCMModulesTestAutomation</span>
				<span class='category label white-text'>AttributeAssignmentTest</span>
			</div>
	</div>
	<div class='test-steps'>
		<table class='bordered table-results'>
			<thead>
				<tr>
					<th>Status</th>
					<th>Timestamp</th>
					<th>Details</th>
				</tr>
			</thead>
			<tbody>
				<tr class='log' status='pass'>
					<td class='status pass' title='pass' alt='pass'><i class='material-icons'>check_circle</i></td>
					<td class='timestamp'>1:16:32 AM</td>
					<td class='step-details'>Test passed</td>
				</tr>
			</tbody>
		</table>
	</div>
					</div>
				</li>
				
				
				<li class='test displayed active  pass' status='pass' bdd='false' test-id='35'>
					<div class='test-heading'>
						<span class='test-name'>VerifyAssignAttributesfromSentimentTab</span>
						<span class='test-time'>Jul 30, 2021 01:16:40 AM</span>
						<span class='test-status right pass'>pass</span>
					</div>
					<div class='test-content hide'>
<div class='test-time-info'>
	<span class='label start-time'>Jul 30, 2021 01:16:40 AM</span>
	<span class='label end-time'>Jul 30, 2021 01:16:56 AM</span>
	<span class='label time-taken grey lighten-1 white-text'>0h 0m 16s+28ms</span>
</div>
	<div class='test-desc'>To Verify Assign Attributes from Sentiment Tab </div>
	<div class='test-attributes'>
			<div class='category-list'>
				<span class='category label white-text'>OCMModulesTestAutomation</span>
				<span class='category label white-text'>AttributeAssignmentTest</span>
			</div>
	</div>
	<div class='test-steps'>
		<table class='bordered table-results'>
			<thead>
				<tr>
					<th>Status</th>
					<th>Timestamp</th>
					<th>Details</th>
				</tr>
			</thead>
			<tbody>
				<tr class='log' status='pass'>
					<td class='status pass' title='pass' alt='pass'><i class='material-icons'>check_circle</i></td>
					<td class='timestamp'>1:16:56 AM</td>
					<td class='step-details'>Test passed</td>
				</tr>
			</tbody>
		</table>
	</div>
					</div>
				</li>
				
				
				<li class='test displayed active  pass' status='pass' bdd='false' test-id='36'>
					<div class='test-heading'>
						<span class='test-name'>VerifyAssignAttributesfromLanguageTab</span>
						<span class='test-time'>Jul 30, 2021 01:17:04 AM</span>
						<span class='test-status right pass'>pass</span>
					</div>
					<div class='test-content hide'>
<div class='test-time-info'>
	<span class='label start-time'>Jul 30, 2021 01:17:04 AM</span>
	<span class='label end-time'>Jul 30, 2021 01:17:19 AM</span>
	<span class='label time-taken grey lighten-1 white-text'>0h 0m 15s+560ms</span>
</div>
	<div class='test-desc'>To Verify Assign Attributes from Language Tab </div>
	<div class='test-attributes'>
			<div class='category-list'>
				<span class='category label white-text'>OCMModulesTestAutomation</span>
				<span class='category label white-text'>AttributeAssignmentTest</span>
			</div>
	</div>
	<div class='test-steps'>
		<table class='bordered table-results'>
			<thead>
				<tr>
					<th>Status</th>
					<th>Timestamp</th>
					<th>Details</th>
				</tr>
			</thead>
			<tbody>
				<tr class='log' status='pass'>
					<td class='status pass' title='pass' alt='pass'><i class='material-icons'>check_circle</i></td>
					<td class='timestamp'>1:17:19 AM</td>
					<td class='step-details'>Test passed</td>
				</tr>
			</tbody>
		</table>
	</div>
					</div>
				</li>
			</ul>
		</div>
	</div>
	<!-- subview left -->

	<div class='subview-right left'>
		<div class='view-summary'>
			<h5 class='test-name'></h5>

			<div id='step-filters' class="right">
				<span class="blue-text" status="info" alt="info" title="info"><i class="material-icons">info_outline</i></span>
				<span class="green-text" status="pass" alt="pass" title="pass"><i class="material-icons">check_circle</i></span>
				<span class="red-text" status="fail" alt="fail" title="fail"><i class="material-icons">cancel</i></span>
				<span class="red-text text-darken-4" status="fatal" alt="fatal" title="fatal"><i class="material-icons">cancel</i></span>
				<span class="pink-text text-lighten-1" status="error" alt="error" title="error"><i class="material-icons">error</i></span>
				<span class="orange-text" alt="warning" status="warning" title="warning"><i class="material-icons">warning</i></span>
				<span class="teal-text" status="skip" alt="skip" title="skip"><i class="material-icons">redo</i></span>
				<span status="clear" alt="Clear filters" title="Clear filters"><i class="material-icons">clear</i></span>
			</div>
		</div>
	</div>
	<!-- subview right -->

</div>
<!-- test view -->
<div id='category-view' class='view hide'>

	<section id='controls'>
		<div class='controls grey lighten-4'>
			<!-- search -->
			<div class='chip transparent' alt='Search Tests' title='Search Tests'>
				<a href="#" class='search-div'>
					<i class='material-icons'>search</i> Search
				</a>
				
				<div class='input-field left hide'>
					<input id='search-tests' type='text' class='validate browser-default' placeholder='Search Tests...'>
				</div>
				
			</div>
			<!-- search -->
		</div>
	</section>

	<div class='subview-left left'>
		
		<div class='view-summary'>
			<h5>Categories</h3>
			<ul id='category-collection' class='category-collection'>
				
				<li class='category displayed active'>
					<div class='category-heading'>
						<span class='category-name'>OCMModulesTestAutomation</span>
						<span class='category-status right'>
							<span class='label pass'>33</span>
							<span class='label fail'>3</span>
						</span>
					</div>
					<div class='category-content hide'>
						<div class='category-status-counts'>
							<span class='label green accent-4 white-text'>Passed: 33</span>
							<span class='label red lighten-1 white-text'>Failed: 3</span>
							
						</div>
					
						<div class='category-tests'>
							<table class='bordered table-results'>
								<thead>
									<tr>
										<th>Timestamp</th>
										<th>TestName</th>
										<th>Status</th>
									</tr>
								</thead>
								<tbody>
									<tr>
										<td>Jul 30, 2021 01:05:18 AM</td>
										<td class='linked' test-id='1'>VerifyAttributeAssignmentPage</td>
										<td><span class='test-status pass'>pass</span></td>
									</tr>
									<tr>
										<td>Jul 30, 2021 01:05:27 AM</td>
										<td class='linked' test-id='2'>VerifyPresenceOfAttributeAssignmentPage</td>
										<td><span class='test-status pass'>pass</span></td>
									</tr>
									<tr>
										<td>Jul 30, 2021 01:05:35 AM</td>
										<td class='linked' test-id='3'>VerifyPresenceOfAttributeAssignmentPageCategoriesTabs</td>
										<td><span class='test-status pass'>pass</span></td>
									</tr>
									<tr>
										<td>Jul 30, 2021 01:05:49 AM</td>
										<td class='linked' test-id='4'>VerifyTransferToANDFromButton</td>
										<td><span class='test-status pass'>pass</span></td>
									</tr>
									<tr>
										<td>Jul 30, 2021 01:06:11 AM</td>
										<td class='linked' test-id='5'>VerifyBulkTransferToANDFromButton</td>
										<td><span class='test-status pass'>pass</span></td>
									</tr>
									<tr>
										<td>Jul 30, 2021 01:06:42 AM</td>
										<td class='linked' test-id='6'>VerifySaveButtonwithoutSelectingAgents</td>
										<td><span class='test-status pass'>pass</span></td>
									</tr>
									<tr>
										<td>Jul 30, 2021 01:06:52 AM</td>
										<td class='linked' test-id='7'>VerifySaveButtonwithoutSelectingAttributes</td>
										<td><span class='test-status pass'>pass</span></td>
									</tr>
									<tr>
										<td>Jul 30, 2021 01:07:14 AM</td>
										<td class='linked' test-id='8'>VerifyClearButton</td>
										<td><span class='test-status pass'>pass</span></td>
									</tr>
									<tr>
										<td>Jul 30, 2021 01:07:33 AM</td>
										<td class='linked' test-id='9'>VerifyTeamNamewithDataBase</td>
										<td><span class='test-status pass'>pass</span></td>
									</tr>
									<tr>
										<td>Jul 30, 2021 01:07:46 AM</td>
										<td class='linked' test-id='10'>VerifyPresenceofAgentAttributesWindow</td>
										<td><span class='test-status fail'>fail</span></td>
									</tr>
									<tr>
										<td>Jul 30, 2021 01:08:15 AM</td>
										<td class='linked' test-id='11'>ExportToExcelButton</td>
										<td><span class='test-status fail'>fail</span></td>
									</tr>
									<tr>
										<td>Jul 30, 2021 01:09:25 AM</td>
										<td class='linked' test-id='12'>verifyDropDownForAllTheColumns</td>
										<td><span class='test-status pass'>pass</span></td>
									</tr>
									<tr>
										<td>Jul 30, 2021 01:09:38 AM</td>
										<td class='linked' test-id='13'>VerifyColumnsHeaderEnable</td>
										<td><span class='test-status pass'>pass</span></td>
									</tr>
									<tr>
										<td>Jul 30, 2021 01:09:52 AM</td>
										<td class='linked' test-id='14'>VerifyColumnsHeaderDisable</td>
										<td><span class='test-status pass'>pass</span></td>
									</tr>
									<tr>
										<td>Jul 30, 2021 01:10:08 AM</td>
										<td class='linked' test-id='15'>verifyArrowMoveForPreviousAndNextPage</td>
										<td><span class='test-status pass'>pass</span></td>
									</tr>
									<tr>
										<td>Jul 30, 2021 01:10:20 AM</td>
										<td class='linked' test-id='16'>verifyArrowMoveForFirstAndLastPage</td>
										<td><span class='test-status pass'>pass</span></td>
									</tr>
									<tr>
										<td>Jul 30, 2021 01:10:33 AM</td>
										<td class='linked' test-id='17'>verifyTotalNumberOfItemsPerPageDetails</td>
										<td><span class='test-status pass'>pass</span></td>
									</tr>
									<tr>
										<td>Jul 30, 2021 01:10:43 AM</td>
										<td class='linked' test-id='18'>verifyNumberOfItemsPerPageSelection</td>
										<td><span class='test-status pass'>pass</span></td>
									</tr>
									<tr>
										<td>Jul 30, 2021 01:11:09 AM</td>
										<td class='linked' test-id='19'>SearchChannelCategoryTabAttribute</td>
										<td><span class='test-status pass'>pass</span></td>
									</tr>
									<tr>
										<td>Jul 30, 2021 01:11:20 AM</td>
										<td class='linked' test-id='20'>SearchIntentCategoryTabAttribute</td>
										<td><span class='test-status pass'>pass</span></td>
									</tr>
									<tr>
										<td>Jul 30, 2021 01:11:30 AM</td>
										<td class='linked' test-id='21'>SearchPackageCategoryTabAttribute</td>
										<td><span class='test-status pass'>pass</span></td>
									</tr>
									<tr>
										<td>Jul 30, 2021 01:11:40 AM</td>
										<td class='linked' test-id='22'>SearchCustomerTypeCategoryTabAttribute</td>
										<td><span class='test-status pass'>pass</span></td>
									</tr>
									<tr>
										<td>Jul 30, 2021 01:11:54 AM</td>
										<td class='linked' test-id='23'>SearchAgeCategoryTabAttribute</td>
										<td><span class='test-status pass'>pass</span></td>
									</tr>
									<tr>
										<td>Jul 30, 2021 01:12:04 AM</td>
										<td class='linked' test-id='24'>SearchGenderCategoryTabAttribute</td>
										<td><span class='test-status pass'>pass</span></td>
									</tr>
									<tr>
										<td>Jul 30, 2021 01:12:14 AM</td>
										<td class='linked' test-id='25'>SearchLocationCategoryTabAttribute</td>
										<td><span class='test-status pass'>pass</span></td>
									</tr>
									<tr>
										<td>Jul 30, 2021 01:12:25 AM</td>
										<td class='linked' test-id='26'>SearchSentimentCategoryTabAttribute</td>
										<td><span class='test-status pass'>pass</span></td>
									</tr>
									<tr>
										<td>Jul 30, 2021 01:12:35 AM</td>
										<td class='linked' test-id='27'>SearchLanguageCategoryTabAttribute</td>
										<td><span class='test-status pass'>pass</span></td>
									</tr>
									<tr>
										<td>Jul 30, 2021 01:12:45 AM</td>
										<td class='linked' test-id='28'>VerifyAssignAttributesfromChannelTab</td>
										<td><span class='test-status pass'>pass</span></td>
									</tr>
									<tr>
										<td>Jul 30, 2021 01:13:09 AM</td>
										<td class='linked' test-id='29'>VerifyAssignAttributesfromIntentTab</td>
										<td><span class='test-status fail'>fail</span></td>
									</tr>
									<tr>
										<td>Jul 30, 2021 01:14:29 AM</td>
										<td class='linked' test-id='30'>VerifyAssignAttributesfromPackageTab</td>
										<td><span class='test-status pass'>pass</span></td>
									</tr>
									<tr>
										<td>Jul 30, 2021 01:15:03 AM</td>
										<td class='linked' test-id='31'>VerifyAssignAttributesfromCustomerTypeTab</td>
										<td><span class='test-status pass'>pass</span></td>
									</tr>
									<tr>
										<td>Jul 30, 2021 01:15:29 AM</td>
										<td class='linked' test-id='32'>VerifyAssignAttributesfromAgeTab</td>
										<td><span class='test-status pass'>pass</span></td>
									</tr>
									<tr>
										<td>Jul 30, 2021 01:15:53 AM</td>
										<td class='linked' test-id='33'>VerifyAssignAttributesfromGenderTab</td>
										<td><span class='test-status pass'>pass</span></td>
									</tr>
									<tr>
										<td>Jul 30, 2021 01:16:16 AM</td>
										<td class='linked' test-id='34'>VerifyAssignAttributesfromLocationTab</td>
										<td><span class='test-status pass'>pass</span></td>
									</tr>
									<tr>
										<td>Jul 30, 2021 01:16:40 AM</td>
										<td class='linked' test-id='35'>VerifyAssignAttributesfromSentimentTab</td>
										<td><span class='test-status pass'>pass</span></td>
									</tr>
									<tr>
										<td>Jul 30, 2021 01:17:04 AM</td>
										<td class='linked' test-id='36'>VerifyAssignAttributesfromLanguageTab</td>
										<td><span class='test-status pass'>pass</span></td>
									</tr>
								</tbody>
							</table>
						</div>
					</div>
				</li>
				<li class='category displayed active'>
					<div class='category-heading'>
						<span class='category-name'>AttributeAssignmentTest</span>
						<span class='category-status right'>
							<span class='label pass'>33</span>
							<span class='label fail'>3</span>
						</span>
					</div>
					<div class='category-content hide'>
						<div class='category-status-counts'>
							<span class='label green accent-4 white-text'>Passed: 33</span>
							<span class='label red lighten-1 white-text'>Failed: 3</span>
							
						</div>
					
						<div class='category-tests'>
							<table class='bordered table-results'>
								<thead>
									<tr>
										<th>Timestamp</th>
										<th>TestName</th>
										<th>Status</th>
									</tr>
								</thead>
								<tbody>
									<tr>
										<td>Jul 30, 2021 01:05:18 AM</td>
										<td class='linked' test-id='1'>VerifyAttributeAssignmentPage</td>
										<td><span class='test-status pass'>pass</span></td>
									</tr>
									<tr>
										<td>Jul 30, 2021 01:05:27 AM</td>
										<td class='linked' test-id='2'>VerifyPresenceOfAttributeAssignmentPage</td>
										<td><span class='test-status pass'>pass</span></td>
									</tr>
									<tr>
										<td>Jul 30, 2021 01:05:35 AM</td>
										<td class='linked' test-id='3'>VerifyPresenceOfAttributeAssignmentPageCategoriesTabs</td>
										<td><span class='test-status pass'>pass</span></td>
									</tr>
									<tr>
										<td>Jul 30, 2021 01:05:49 AM</td>
										<td class='linked' test-id='4'>VerifyTransferToANDFromButton</td>
										<td><span class='test-status pass'>pass</span></td>
									</tr>
									<tr>
										<td>Jul 30, 2021 01:06:11 AM</td>
										<td class='linked' test-id='5'>VerifyBulkTransferToANDFromButton</td>
										<td><span class='test-status pass'>pass</span></td>
									</tr>
									<tr>
										<td>Jul 30, 2021 01:06:42 AM</td>
										<td class='linked' test-id='6'>VerifySaveButtonwithoutSelectingAgents</td>
										<td><span class='test-status pass'>pass</span></td>
									</tr>
									<tr>
										<td>Jul 30, 2021 01:06:52 AM</td>
										<td class='linked' test-id='7'>VerifySaveButtonwithoutSelectingAttributes</td>
										<td><span class='test-status pass'>pass</span></td>
									</tr>
									<tr>
										<td>Jul 30, 2021 01:07:14 AM</td>
										<td class='linked' test-id='8'>VerifyClearButton</td>
										<td><span class='test-status pass'>pass</span></td>
									</tr>
									<tr>
										<td>Jul 30, 2021 01:07:33 AM</td>
										<td class='linked' test-id='9'>VerifyTeamNamewithDataBase</td>
										<td><span class='test-status pass'>pass</span></td>
									</tr>
									<tr>
										<td>Jul 30, 2021 01:07:46 AM</td>
										<td class='linked' test-id='10'>VerifyPresenceofAgentAttributesWindow</td>
										<td><span class='test-status fail'>fail</span></td>
									</tr>
									<tr>
										<td>Jul 30, 2021 01:08:15 AM</td>
										<td class='linked' test-id='11'>ExportToExcelButton</td>
										<td><span class='test-status fail'>fail</span></td>
									</tr>
									<tr>
										<td>Jul 30, 2021 01:09:25 AM</td>
										<td class='linked' test-id='12'>verifyDropDownForAllTheColumns</td>
										<td><span class='test-status pass'>pass</span></td>
									</tr>
									<tr>
										<td>Jul 30, 2021 01:09:38 AM</td>
										<td class='linked' test-id='13'>VerifyColumnsHeaderEnable</td>
										<td><span class='test-status pass'>pass</span></td>
									</tr>
									<tr>
										<td>Jul 30, 2021 01:09:52 AM</td>
										<td class='linked' test-id='14'>VerifyColumnsHeaderDisable</td>
										<td><span class='test-status pass'>pass</span></td>
									</tr>
									<tr>
										<td>Jul 30, 2021 01:10:08 AM</td>
										<td class='linked' test-id='15'>verifyArrowMoveForPreviousAndNextPage</td>
										<td><span class='test-status pass'>pass</span></td>
									</tr>
									<tr>
										<td>Jul 30, 2021 01:10:20 AM</td>
										<td class='linked' test-id='16'>verifyArrowMoveForFirstAndLastPage</td>
										<td><span class='test-status pass'>pass</span></td>
									</tr>
									<tr>
										<td>Jul 30, 2021 01:10:33 AM</td>
										<td class='linked' test-id='17'>verifyTotalNumberOfItemsPerPageDetails</td>
										<td><span class='test-status pass'>pass</span></td>
									</tr>
									<tr>
										<td>Jul 30, 2021 01:10:43 AM</td>
										<td class='linked' test-id='18'>verifyNumberOfItemsPerPageSelection</td>
										<td><span class='test-status pass'>pass</span></td>
									</tr>
									<tr>
										<td>Jul 30, 2021 01:11:09 AM</td>
										<td class='linked' test-id='19'>SearchChannelCategoryTabAttribute</td>
										<td><span class='test-status pass'>pass</span></td>
									</tr>
									<tr>
										<td>Jul 30, 2021 01:11:20 AM</td>
										<td class='linked' test-id='20'>SearchIntentCategoryTabAttribute</td>
										<td><span class='test-status pass'>pass</span></td>
									</tr>
									<tr>
										<td>Jul 30, 2021 01:11:30 AM</td>
										<td class='linked' test-id='21'>SearchPackageCategoryTabAttribute</td>
										<td><span class='test-status pass'>pass</span></td>
									</tr>
									<tr>
										<td>Jul 30, 2021 01:11:40 AM</td>
										<td class='linked' test-id='22'>SearchCustomerTypeCategoryTabAttribute</td>
										<td><span class='test-status pass'>pass</span></td>
									</tr>
									<tr>
										<td>Jul 30, 2021 01:11:54 AM</td>
										<td class='linked' test-id='23'>SearchAgeCategoryTabAttribute</td>
										<td><span class='test-status pass'>pass</span></td>
									</tr>
									<tr>
										<td>Jul 30, 2021 01:12:04 AM</td>
										<td class='linked' test-id='24'>SearchGenderCategoryTabAttribute</td>
										<td><span class='test-status pass'>pass</span></td>
									</tr>
									<tr>
										<td>Jul 30, 2021 01:12:14 AM</td>
										<td class='linked' test-id='25'>SearchLocationCategoryTabAttribute</td>
										<td><span class='test-status pass'>pass</span></td>
									</tr>
									<tr>
										<td>Jul 30, 2021 01:12:25 AM</td>
										<td class='linked' test-id='26'>SearchSentimentCategoryTabAttribute</td>
										<td><span class='test-status pass'>pass</span></td>
									</tr>
									<tr>
										<td>Jul 30, 2021 01:12:35 AM</td>
										<td class='linked' test-id='27'>SearchLanguageCategoryTabAttribute</td>
										<td><span class='test-status pass'>pass</span></td>
									</tr>
									<tr>
										<td>Jul 30, 2021 01:12:45 AM</td>
										<td class='linked' test-id='28'>VerifyAssignAttributesfromChannelTab</td>
										<td><span class='test-status pass'>pass</span></td>
									</tr>
									<tr>
										<td>Jul 30, 2021 01:13:09 AM</td>
										<td class='linked' test-id='29'>VerifyAssignAttributesfromIntentTab</td>
										<td><span class='test-status fail'>fail</span></td>
									</tr>
									<tr>
										<td>Jul 30, 2021 01:14:29 AM</td>
										<td class='linked' test-id='30'>VerifyAssignAttributesfromPackageTab</td>
										<td><span class='test-status pass'>pass</span></td>
									</tr>
									<tr>
										<td>Jul 30, 2021 01:15:03 AM</td>
										<td class='linked' test-id='31'>VerifyAssignAttributesfromCustomerTypeTab</td>
										<td><span class='test-status pass'>pass</span></td>
									</tr>
									<tr>
										<td>Jul 30, 2021 01:15:29 AM</td>
										<td class='linked' test-id='32'>VerifyAssignAttributesfromAgeTab</td>
										<td><span class='test-status pass'>pass</span></td>
									</tr>
									<tr>
										<td>Jul 30, 2021 01:15:53 AM</td>
										<td class='linked' test-id='33'>VerifyAssignAttributesfromGenderTab</td>
										<td><span class='test-status pass'>pass</span></td>
									</tr>
									<tr>
										<td>Jul 30, 2021 01:16:16 AM</td>
										<td class='linked' test-id='34'>VerifyAssignAttributesfromLocationTab</td>
										<td><span class='test-status pass'>pass</span></td>
									</tr>
									<tr>
										<td>Jul 30, 2021 01:16:40 AM</td>
										<td class='linked' test-id='35'>VerifyAssignAttributesfromSentimentTab</td>
										<td><span class='test-status pass'>pass</span></td>
									</tr>
									<tr>
										<td>Jul 30, 2021 01:17:04 AM</td>
										<td class='linked' test-id='36'>VerifyAssignAttributesfromLanguageTab</td>
										<td><span class='test-status pass'>pass</span></td>
									</tr>
								</tbody>
							</table>
						</div>
					</div>
				</li>

			</ul>
		</div>
	</div>

	<div class='subview-right left'>
		<div class='view-summary'>
			<h5 class='category-name'></h5>
		</div>
	</div>
</div>
<!-- category view -->
<div id='exception-view' class='view hide'>

    <section id='controls'>
        <div class='controls grey lighten-4'>
            <!-- search -->
            <div class='chip transparent' alt='Search Tests' title='Search Tests'>
                <a href="#" class='search-div'>
                    <i class='material-icons'>search</i> Search
                </a>

                <div class='input-field left hide'>
                    <input id='search-tests' type='text' class='validate browser-default' placeholder='Search Tests...'>
                </div>

            </div>
            <!-- search -->
        </div>
    </section>

    <div class='subview-left left'>

        <div class='view-summary'>
            <h5>Exceptions</h3>
                <ul id='exception-collection' class='exception-collection'>

                        <li class='exception displayed active'>
                            <div class='exception-heading'>
                                <span class='exception-name'>org.openqa.selenium.NoSuchElementException</span>
                                <span class='exception-count right'><span class='label red lighten-1 white-text'>1</span></span>
                            </div>
                            <div class='exception-content hide'>
                                <div class='exception-tests'>
                                    <table class='bordered table-results'>
                                        <thead>
                                        <tr>
                                            <th>Timestamp</th>
                                            <th>TestName</th>
                                            <th>Status</th>
                                        </tr>
                                        </thead>
                                        <tbody>
                                                    <tr>
                                                        <td>Jul 30, 2021 01:07:46 AM</td>
                                                        <td class='linked' test-id='10'>VerifyPresenceofAgentAttributesWindow</td>
                                                        <td><pre><pre>org.openqa.selenium.NoSuchElementException: no such element: Unable to locate element: {"method":"xpath","selector":"//div[@id='export']"}
  (Session info: chrome=92.0.4515.107)
For documentation on this error, please visit: https://www.seleniumhq.org/exceptions/no_such_element.html
Build info: version: '3.141.59', revision: 'e82be7d358', time: '2018-11-14T08:17:03'
System info: host: 'TTF-BLR-SANTOSH', ip: '192.168.50.12', os.name: 'Windows 10', os.arch: 'amd64', os.version: '10.0', java.version: '1.8.0_181'
Driver info: org.openqa.selenium.chrome.ChromeDriver
Capabilities {acceptInsecureCerts: false, browserName: chrome, browserVersion: 92.0.4515.107, chrome: {chromedriverVersion: 91.0.4472.19 (1bf021f248676..., userDataDir: C:\Users\admin\AppData\Loca...}, goog:chromeOptions: {debuggerAddress: localhost:59247}, javascriptEnabled: true, networkConnectionEnabled: false, pageLoadStrategy: normal, platform: WINDOWS, platformName: WINDOWS, proxy: Proxy(), setWindowRect: true, strictFileInteractability: false, timeouts: {implicit: 0, pageLoad: 300000, script: 30000}, unhandledPromptBehavior: dismiss and notify, webauthn:extension:largeBlob: true, webauthn:virtualAuthenticators: true}
Session ID: 960d0062d120d7dea69758e9a25fc26e
*** Element info: {Using=xpath, value=//div[@id='export']}
	at sun.reflect.NativeConstructorAccessorImpl.newInstance0(Native Method)
	at sun.reflect.NativeConstructorAccessorImpl.newInstance(Unknown Source)
	at sun.reflect.DelegatingConstructorAccessorImpl.newInstance(Unknown Source)
	at java.lang.reflect.Constructor.newInstance(Unknown Source)
	at org.openqa.selenium.remote.http.W3CHttpResponseCodec.createException(W3CHttpResponseCodec.java:187)
	at org.openqa.selenium.remote.http.W3CHttpResponseCodec.decode(W3CHttpResponseCodec.java:122)
	at org.openqa.selenium.remote.http.W3CHttpResponseCodec.decode(W3CHttpResponseCodec.java:49)
	at org.openqa.selenium.remote.HttpCommandExecutor.execute(HttpCommandExecutor.java:158)
	at org.openqa.selenium.remote.service.DriverCommandExecutor.execute(DriverCommandExecutor.java:83)
	at org.openqa.selenium.remote.RemoteWebDriver.execute(RemoteWebDriver.java:552)
	at org.openqa.selenium.remote.RemoteWebDriver.findElement(RemoteWebDriver.java:323)
	at org.openqa.selenium.remote.RemoteWebDriver.findElementByXPath(RemoteWebDriver.java:428)
	at org.openqa.selenium.By$ByXPath.findElement(By.java:353)
	at org.openqa.selenium.remote.RemoteWebDriver.findElement(RemoteWebDriver.java:315)
	at org.openqa.selenium.support.pagefactory.DefaultElementLocator.findElement(DefaultElementLocator.java:69)
	at org.openqa.selenium.support.pagefactory.internal.LocatingElementHandler.invoke(LocatingElementHandler.java:38)
	at com.sun.proxy.$Proxy11.isEnabled(Unknown Source)
	at com.tetherfi.pages.AttributeAssignmentPage.VerifyPresenceofAgentAttributesDetails(AttributeAssignmentPage.java:552)
	at com.tetherfi.test.tmac.AttributeAssignmentTest.VerifyPresenceofAgentAttributesWindow(AttributeAssignmentTest.java:124)
	at sun.reflect.NativeMethodAccessorImpl.invoke0(Native Method)
	at sun.reflect.NativeMethodAccessorImpl.invoke(Unknown Source)
	at sun.reflect.DelegatingMethodAccessorImpl.invoke(Unknown Source)
	at java.lang.reflect.Method.invoke(Unknown Source)
	at org.testng.internal.MethodInvocationHelper.invokeMethod(MethodInvocationHelper.java:133)
	at org.testng.internal.TestInvoker.invokeMethod(TestInvoker.java:584)
	at org.testng.internal.TestInvoker.invokeTestMethod(TestInvoker.java:172)
	at org.testng.internal.MethodRunner.runInSequence(MethodRunner.java:46)
	at org.testng.internal.TestInvoker$MethodInvocationAgent.invoke(TestInvoker.java:804)
	at org.testng.internal.TestInvoker.invokeTestMethods(TestInvoker.java:145)
	at org.testng.internal.TestMethodWorker.invokeTestMethods(TestMethodWorker.java:146)
	at org.testng.internal.TestMethodWorker.run(TestMethodWorker.java:128)
	at java.util.ArrayList.forEach(Unknown Source)
	at org.testng.TestRunner.privateRun(TestRunner.java:770)
	at org.testng.TestRunner.run(TestRunner.java:591)
	at org.testng.SuiteRunner.runTest(SuiteRunner.java:402)
	at org.testng.SuiteRunner.runSequentially(SuiteRunner.java:396)
	at org.testng.SuiteRunner.privateRun(SuiteRunner.java:355)
	at org.testng.SuiteRunner.run(SuiteRunner.java:304)
	at org.testng.SuiteRunnerWorker.runSuite(SuiteRunnerWorker.java:53)
	at org.testng.SuiteRunnerWorker.run(SuiteRunnerWorker.java:96)
	at org.testng.TestNG.runSuitesSequentially(TestNG.java:1180)
	at org.testng.TestNG.runSuitesLocally(TestNG.java:1102)
	at org.testng.TestNG.runSuites(TestNG.java:1032)
	at org.testng.TestNG.run(TestNG.java:1000)
	at org.testng.remote.AbstractRemoteTestNG.run(AbstractRemoteTestNG.java:115)
	at org.testng.remote.RemoteTestNG.initAndRun(RemoteTestNG.java:251)
	at org.testng.remote.RemoteTestNG.main(RemoteTestNG.java:77)
</pre></pre></td>
                                                    </tr>
                                        </tbody>
                                    </table>
                                </div>
                            </div>
                        </li>
                        <li class='exception displayed active'>
                            <div class='exception-heading'>
                                <span class='exception-name'>org.openqa.selenium.TimeoutException</span>
                                <span class='exception-count right'><span class='label red lighten-1 white-text'>2</span></span>
                            </div>
                            <div class='exception-content hide'>
                                <div class='exception-tests'>
                                    <table class='bordered table-results'>
                                        <thead>
                                        <tr>
                                            <th>Timestamp</th>
                                            <th>TestName</th>
                                            <th>Status</th>
                                        </tr>
                                        </thead>
                                        <tbody>
                                                    <tr>
                                                        <td>Jul 30, 2021 01:08:15 AM</td>
                                                        <td class='linked' test-id='11'>ExportToExcelButton</td>
                                                        <td><pre><pre>org.openqa.selenium.TimeoutException: Expected condition failed: waiting for visibility of Proxy element for: DefaultElementLocator 'By.xpath: //div[@id='export']' (tried for 30 second(s) with 500 milliseconds interval)
	at org.openqa.selenium.support.ui.WebDriverWait.timeoutException(WebDriverWait.java:95)
	at org.openqa.selenium.support.ui.FluentWait.until(FluentWait.java:272)
	at com.tetherfi.pages.BasePage.waitUntilWebElementIsVisible(BasePage.java:129)
	at com.tetherfi.pages.BasePage.selectWebElement(BasePage.java:196)
	at com.tetherfi.pages.AttributeAssignmentPage.ExportToExcelButton(AttributeAssignmentPage.java:583)
	at com.tetherfi.test.tmac.AttributeAssignmentTest.ExportToExcelButton(AttributeAssignmentTest.java:131)
	at sun.reflect.NativeMethodAccessorImpl.invoke0(Native Method)
	at sun.reflect.NativeMethodAccessorImpl.invoke(Unknown Source)
	at sun.reflect.DelegatingMethodAccessorImpl.invoke(Unknown Source)
	at java.lang.reflect.Method.invoke(Unknown Source)
	at org.testng.internal.MethodInvocationHelper.invokeMethod(MethodInvocationHelper.java:133)
	at org.testng.internal.TestInvoker.invokeMethod(TestInvoker.java:584)
	at org.testng.internal.TestInvoker.invokeTestMethod(TestInvoker.java:172)
	at org.testng.internal.MethodRunner.runInSequence(MethodRunner.java:46)
	at org.testng.internal.TestInvoker$MethodInvocationAgent.invoke(TestInvoker.java:804)
	at org.testng.internal.TestInvoker.invokeTestMethods(TestInvoker.java:145)
	at org.testng.internal.TestMethodWorker.invokeTestMethods(TestMethodWorker.java:146)
	at org.testng.internal.TestMethodWorker.run(TestMethodWorker.java:128)
	at java.util.ArrayList.forEach(Unknown Source)
	at org.testng.TestRunner.privateRun(TestRunner.java:770)
	at org.testng.TestRunner.run(TestRunner.java:591)
	at org.testng.SuiteRunner.runTest(SuiteRunner.java:402)
	at org.testng.SuiteRunner.runSequentially(SuiteRunner.java:396)
	at org.testng.SuiteRunner.privateRun(SuiteRunner.java:355)
	at org.testng.SuiteRunner.run(SuiteRunner.java:304)
	at org.testng.SuiteRunnerWorker.runSuite(SuiteRunnerWorker.java:53)
	at org.testng.SuiteRunnerWorker.run(SuiteRunnerWorker.java:96)
	at org.testng.TestNG.runSuitesSequentially(TestNG.java:1180)
	at org.testng.TestNG.runSuitesLocally(TestNG.java:1102)
	at org.testng.TestNG.runSuites(TestNG.java:1032)
	at org.testng.TestNG.run(TestNG.java:1000)
	at org.testng.remote.AbstractRemoteTestNG.run(AbstractRemoteTestNG.java:115)
	at org.testng.remote.RemoteTestNG.initAndRun(RemoteTestNG.java:251)
	at org.testng.remote.RemoteTestNG.main(RemoteTestNG.java:77)
Caused by: org.openqa.selenium.NoSuchElementException: no such element: Unable to locate element: {"method":"xpath","selector":"//div[@id='export']"}
  (Session info: chrome=92.0.4515.107)
For documentation on this error, please visit: https://www.seleniumhq.org/exceptions/no_such_element.html
Build info: version: '3.141.59', revision: 'e82be7d358', time: '2018-11-14T08:17:03'
System info: host: 'TTF-BLR-SANTOSH', ip: '192.168.50.12', os.name: 'Windows 10', os.arch: 'amd64', os.version: '10.0', java.version: '1.8.0_181'
Driver info: org.openqa.selenium.chrome.ChromeDriver
Capabilities {acceptInsecureCerts: false, browserName: chrome, browserVersion: 92.0.4515.107, chrome: {chromedriverVersion: 91.0.4472.19 (1bf021f248676..., userDataDir: C:\Users\admin\AppData\Loca...}, goog:chromeOptions: {debuggerAddress: localhost:59247}, javascriptEnabled: true, networkConnectionEnabled: false, pageLoadStrategy: normal, platform: WINDOWS, platformName: WINDOWS, proxy: Proxy(), setWindowRect: true, strictFileInteractability: false, timeouts: {implicit: 0, pageLoad: 300000, script: 30000}, unhandledPromptBehavior: dismiss and notify, webauthn:extension:largeBlob: true, webauthn:virtualAuthenticators: true}
Session ID: 960d0062d120d7dea69758e9a25fc26e
*** Element info: {Using=xpath, value=//div[@id='export']}
	at sun.reflect.NativeConstructorAccessorImpl.newInstance0(Native Method)
	at sun.reflect.NativeConstructorAccessorImpl.newInstance(Unknown Source)
	at sun.reflect.DelegatingConstructorAccessorImpl.newInstance(Unknown Source)
	at java.lang.reflect.Constructor.newInstance(Unknown Source)
	at org.openqa.selenium.remote.http.W3CHttpResponseCodec.createException(W3CHttpResponseCodec.java:187)
	at org.openqa.selenium.remote.http.W3CHttpResponseCodec.decode(W3CHttpResponseCodec.java:122)
	at org.openqa.selenium.remote.http.W3CHttpResponseCodec.decode(W3CHttpResponseCodec.java:49)
	at org.openqa.selenium.remote.HttpCommandExecutor.execute(HttpCommandExecutor.java:158)
	at org.openqa.selenium.remote.service.DriverCommandExecutor.execute(DriverCommandExecutor.java:83)
	at org.openqa.selenium.remote.RemoteWebDriver.execute(RemoteWebDriver.java:552)
	at org.openqa.selenium.remote.RemoteWebDriver.findElement(RemoteWebDriver.java:323)
	at org.openqa.selenium.remote.RemoteWebDriver.findElementByXPath(RemoteWebDriver.java:428)
	at org.openqa.selenium.By$ByXPath.findElement(By.java:353)
	at org.openqa.selenium.remote.RemoteWebDriver.findElement(RemoteWebDriver.java:315)
	at org.openqa.selenium.support.pagefactory.DefaultElementLocator.findElement(DefaultElementLocator.java:69)
	at org.openqa.selenium.support.pagefactory.internal.LocatingElementHandler.invoke(LocatingElementHandler.java:38)
	at com.sun.proxy.$Proxy11.isDisplayed(Unknown Source)
	at org.openqa.selenium.support.ui.ExpectedConditions.elementIfVisible(ExpectedConditions.java:314)
	at org.openqa.selenium.support.ui.ExpectedConditions.access$000(ExpectedConditions.java:43)
	at org.openqa.selenium.support.ui.ExpectedConditions$10.apply(ExpectedConditions.java:300)
	at org.openqa.selenium.support.ui.ExpectedConditions$10.apply(ExpectedConditions.java:297)
	at org.openqa.selenium.support.ui.FluentWait.until(FluentWait.java:249)
	... 32 more
</pre></pre></td>
                                                    </tr>
                                                    <tr>
                                                        <td>Jul 30, 2021 01:13:09 AM</td>
                                                        <td class='linked' test-id='29'>VerifyAssignAttributesfromIntentTab</td>
                                                        <td><pre><pre>org.openqa.selenium.TimeoutException: Expected condition failed: waiting for visibility of Proxy element for: DefaultElementLocator 'By.cssSelector: div[class='swal-modal'] input' (tried for 30 second(s) with 500 milliseconds interval)
	at org.openqa.selenium.support.ui.WebDriverWait.timeoutException(WebDriverWait.java:95)
	at org.openqa.selenium.support.ui.FluentWait.until(FluentWait.java:272)
	at com.tetherfi.pages.BasePage.waitUntilWebElementIsVisible(BasePage.java:129)
	at com.tetherfi.pages.BasePage.enterValueToTxtField(BasePage.java:147)
	at com.tetherfi.pages.AttributeAssignmentPage.selectmultipleAttributes(AttributeAssignmentPage.java:527)
	at com.tetherfi.pages.AttributeAssignmentPage.verifyAssignAttributesfromTab(AttributeAssignmentPage.java:541)
	at com.tetherfi.test.tmac.AttributeAssignmentTest.VerifyAssignAttributesfromIntentTab(AttributeAssignmentTest.java:283)
	at sun.reflect.NativeMethodAccessorImpl.invoke0(Native Method)
	at sun.reflect.NativeMethodAccessorImpl.invoke(Unknown Source)
	at sun.reflect.DelegatingMethodAccessorImpl.invoke(Unknown Source)
	at java.lang.reflect.Method.invoke(Unknown Source)
	at org.testng.internal.MethodInvocationHelper.invokeMethod(MethodInvocationHelper.java:133)
	at org.testng.internal.TestInvoker.invokeMethod(TestInvoker.java:584)
	at org.testng.internal.TestInvoker.invokeTestMethod(TestInvoker.java:172)
	at org.testng.internal.MethodRunner.runInSequence(MethodRunner.java:46)
	at org.testng.internal.TestInvoker$MethodInvocationAgent.invoke(TestInvoker.java:804)
	at org.testng.internal.TestInvoker.invokeTestMethods(TestInvoker.java:145)
	at org.testng.internal.TestMethodWorker.invokeTestMethods(TestMethodWorker.java:146)
	at org.testng.internal.TestMethodWorker.run(TestMethodWorker.java:128)
	at java.util.ArrayList.forEach(Unknown Source)
	at org.testng.TestRunner.privateRun(TestRunner.java:770)
	at org.testng.TestRunner.run(TestRunner.java:591)
	at org.testng.SuiteRunner.runTest(SuiteRunner.java:402)
	at org.testng.SuiteRunner.runSequentially(SuiteRunner.java:396)
	at org.testng.SuiteRunner.privateRun(SuiteRunner.java:355)
	at org.testng.SuiteRunner.run(SuiteRunner.java:304)
	at org.testng.SuiteRunnerWorker.runSuite(SuiteRunnerWorker.java:53)
	at org.testng.SuiteRunnerWorker.run(SuiteRunnerWorker.java:96)
	at org.testng.TestNG.runSuitesSequentially(TestNG.java:1180)
	at org.testng.TestNG.runSuitesLocally(TestNG.java:1102)
	at org.testng.TestNG.runSuites(TestNG.java:1032)
	at org.testng.TestNG.run(TestNG.java:1000)
	at org.testng.remote.AbstractRemoteTestNG.run(AbstractRemoteTestNG.java:115)
	at org.testng.remote.RemoteTestNG.initAndRun(RemoteTestNG.java:251)
	at org.testng.remote.RemoteTestNG.main(RemoteTestNG.java:77)
Caused by: org.openqa.selenium.NoSuchElementException: no such element: Unable to locate element: {"method":"css selector","selector":"div[class='swal-modal'] input"}
  (Session info: chrome=92.0.4515.107)
For documentation on this error, please visit: https://www.seleniumhq.org/exceptions/no_such_element.html
Build info: version: '3.141.59', revision: 'e82be7d358', time: '2018-11-14T08:17:03'
System info: host: 'TTF-BLR-SANTOSH', ip: '192.168.50.12', os.name: 'Windows 10', os.arch: 'amd64', os.version: '10.0', java.version: '1.8.0_181'
Driver info: org.openqa.selenium.chrome.ChromeDriver
Capabilities {acceptInsecureCerts: false, browserName: chrome, browserVersion: 92.0.4515.107, chrome: {chromedriverVersion: 91.0.4472.19 (1bf021f248676..., userDataDir: C:\Users\admin\AppData\Loca...}, goog:chromeOptions: {debuggerAddress: localhost:59247}, javascriptEnabled: true, networkConnectionEnabled: false, pageLoadStrategy: normal, platform: WINDOWS, platformName: WINDOWS, proxy: Proxy(), setWindowRect: true, strictFileInteractability: false, timeouts: {implicit: 0, pageLoad: 300000, script: 30000}, unhandledPromptBehavior: dismiss and notify, webauthn:extension:largeBlob: true, webauthn:virtualAuthenticators: true}
Session ID: 960d0062d120d7dea69758e9a25fc26e
*** Element info: {Using=css selector, value=div[class='swal-modal'] input}
	at sun.reflect.NativeConstructorAccessorImpl.newInstance0(Native Method)
	at sun.reflect.NativeConstructorAccessorImpl.newInstance(Unknown Source)
	at sun.reflect.DelegatingConstructorAccessorImpl.newInstance(Unknown Source)
	at java.lang.reflect.Constructor.newInstance(Unknown Source)
	at org.openqa.selenium.remote.http.W3CHttpResponseCodec.createException(W3CHttpResponseCodec.java:187)
	at org.openqa.selenium.remote.http.W3CHttpResponseCodec.decode(W3CHttpResponseCodec.java:122)
	at org.openqa.selenium.remote.http.W3CHttpResponseCodec.decode(W3CHttpResponseCodec.java:49)
	at org.openqa.selenium.remote.HttpCommandExecutor.execute(HttpCommandExecutor.java:158)
	at org.openqa.selenium.remote.service.DriverCommandExecutor.execute(DriverCommandExecutor.java:83)
	at org.openqa.selenium.remote.RemoteWebDriver.execute(RemoteWebDriver.java:552)
	at org.openqa.selenium.remote.RemoteWebDriver.findElement(RemoteWebDriver.java:323)
	at org.openqa.selenium.remote.RemoteWebDriver.findElementByCssSelector(RemoteWebDriver.java:420)
	at org.openqa.selenium.By$ByCssSelector.findElement(By.java:431)
	at org.openqa.selenium.remote.RemoteWebDriver.findElement(RemoteWebDriver.java:315)
	at org.openqa.selenium.support.pagefactory.DefaultElementLocator.findElement(DefaultElementLocator.java:69)
	at org.openqa.selenium.support.pagefactory.internal.LocatingElementHandler.invoke(LocatingElementHandler.java:38)
	at com.sun.proxy.$Proxy11.isDisplayed(Unknown Source)
	at org.openqa.selenium.support.ui.ExpectedConditions.elementIfVisible(ExpectedConditions.java:314)
	at org.openqa.selenium.support.ui.ExpectedConditions.access$000(ExpectedConditions.java:43)
	at org.openqa.selenium.support.ui.ExpectedConditions$10.apply(ExpectedConditions.java:300)
	at org.openqa.selenium.support.ui.ExpectedConditions$10.apply(ExpectedConditions.java:297)
	at org.openqa.selenium.support.ui.FluentWait.until(FluentWait.java:249)
	... 33 more
</pre></pre></td>
                                                    </tr>
                                        </tbody>
                                    </table>
                                </div>
                            </div>
                        </li>
                </ul>
        </div>
    </div>

    <div class='subview-right left'>
        <div class='view-summary'>
            <h5 class='exception-name'></h5>
        </div>
    </div>
</div>
<!-- exception view -->
<div id='dashboard-view' class='view hide'>
	<div class='card-panel transparent np-v'>
		<h5>Dashboard</h5>

		<div class='row'>
			<div class='col s2'>
				<div class='card-panel r'>
					Tests
					<div class='panel-lead'>36</div>
				</div>
			</div>
			<div class='col s2'>
				<div class='card-panel r'>
					Steps
					<div class='panel-lead'>0</div>
				</div>
			</div>
			<div class='col s2'>
				<div class='card-panel r'>
					Start
					<div class='panel-lead'>Jul 30, 2021 01:04:54 AM</div>
				</div>
			</div>
			<div class='col s2'>
				<div class='card-panel r'>
			 		End
			 		<div class='panel-lead'>Jul 30, 2021 01:17:27 AM</div>
				</div>
			</div>
			<div class='col s2'>
				<div class='card-panel r'>
					Time Taken
					<div class='panel-lead'>0h 12m 33s+90ms</div>
				</div>
			</div>
			<div class='col s6'>
				<div class='card-panel dashboard-categories'>
					<span class='right label cyan white-text'>Categories</span><p>&nbsp;</p>
					
					<table>
						<tr>
							<th>Name</th>
							<th>Passed</th>
							<th>Failed</th>
							<th>Others</th>
							<th>Passed %</th>
						</tr>
						<tr>
							<td>OCMModulesTestAutomation</td>
							<td>33</td>
							<td>3</td>
							<td>0</td>
							<td>
									91.667%
							</td>
						</tr>
						<tr>
							<td>AttributeAssignmentTest</td>
							<td>33</td>
							<td>3</td>
							<td>0</td>
							<td>
									91.667%
							</td>
						</tr>
					</table>
				</div>
			</div>
		</div>
	</div>
</div>
<!-- dashboard view -->
<!-- testrunner-logs view -->
		</div>
		<!-- container -->

		<script>
			var statusGroup = {
				passParent: 33,
				failParent: 3,
				fatalParent: 0,
				errorParent: 0,
				warningParent: 0,
				skipParent: 0,
				exceptionsParent: 3,
				
				passChild: 0,
				failChild: 0,
				fatalChild: 0,
				errorChild: 0,
				warningChild: 0,
				skipChild: 0,
				infoChild: 0,
				exceptionsChild: 0,
				
				passGrandChild: 0,
				failGrandChild: 0,
				fatalGrandChild: 0,
				errorGrandChild: 0,
				warningGrandChild: 0,
				skipGrandChild: 0,
				infoGrandChild: 0,
				exceptionsGrandChild: 0,
			};
		</script>
		
			<script src='https://cdn.rawgit.com/anshooarora/extentreports-java/fca20fb7653aade98810546ab96a2a4360e3e712/dist/js/extent.js' type='text/javascript'></script>
		
		
 		<script type='text/javascript'>
 		</script>
	</body>
	
</html>
