
<!DOCTYPE html>
<html>


<head>
	<meta charset='utf-8' /> 
	<meta name='description' content='' />
	<meta name='robots' content='noodp, noydir' />
	<meta name='viewport' content='width=device-width, initial-scale=1' />
	<meta id="timeStampFormat" name="timeStampFormat" content='MMM d, yyyy hh:mm:ss a'/>
	
	<link href='https://fonts.googleapis.com/css?family=Source+Sans+Pro:400,600' rel='stylesheet' type='text/css' />
	<link href="https://fonts.googleapis.com/icon?family=Material+Icons" rel="stylesheet" />

		<link href='https://cdn.rawgit.com/anshooarora/extentreports-java/b4a58fcfd1e137bd9287244035a7c80d3d73b3af/dist/css/extent.css' type='text/css' rel='stylesheet' />
	
	<title>Automation Test Results</title>

	<style type='text/css'>
	</style>
</head>

	<body class='extent standard default hide-overflow '>
		<div id='theme-selector' alt='Click to toggle theme. To enable by default, use theme configuration.' title='Click to toggle theme. To enable by default, use theme configuration.'>
			<span><i class='material-icons'>desktop_windows</i></span>
		</div>

<nav>
	<div class="nav-wrapper">
		<a href="#!" class="brand-logo blue darken-3">Extent</a>

		<!-- slideout menu -->
		<ul id='slide-out' class='side-nav fixed hide-on-med-and-down'>
			<li class='waves-effect active'><a href='#!' view='test-view' onclick="configureView(0);chartsView('test');"><i class='material-icons'>dashboard</i></a></li>
						<li class='waves-effect'><a href='#!' view='category-view' onclick="configureView(1)"><i class='material-icons'>label_outline</i></a></li>
			<li class='waves-effect'><a href='#!' view='exception-view' onclick="configureView(2)"><i class='material-icons'>bug_report</i></a></li>
			<li class='waves-effect'><a href='#!' onclick="configureView(-1);chartsView('dashboard');" view='dashboard-view'><i class='material-icons'>track_changes</i></i></a></li>
		</ul>

		<!-- report name -->
		<span class='report-name'>Automation Test Results</span>
		
		<!-- report headline -->
		<span class='report-headline'></span>

		<!-- nav-right -->
		<ul id='nav-mobile' class='right hide-on-med-and-down nav-right'>
			<li>
                <a href='#!'>
                    <span class='label suite-start-time blue darken-3'>Sep 2, 2021 01:56:59 AM</span>
				</a>
			</li>
			<li>
                <a href='#!'>
                    <span class='label blue darken-3'>3.1.5</span>
				</a>
			</li>
		</ul>
	</div>
</nav>

		<!-- container -->
		<div class='container'>

<div id='test-view' class='view'>
				
	<section id='controls'>
		<div class='controls grey lighten-4'>
			<!-- test toggle -->
			<div class='chip transparent'>
				<a class='dropdown-button tests-toggle' data-activates='tests-toggle' data-constrainwidth='true' data-beloworigin='true' data-hover='true' href='#'>
					<i class='material-icons'>warning</i> Status
				</a>
				<ul id='tests-toggle' class='dropdown-content'>
											<li status='pass'><a href='#!'>Pass <i class='material-icons green-text'>check_circle</i></a></li>
						<li status='fail'><a href='#!'>Fail <i class='material-icons red-text'>cancel</i></a></li>
					<li class='divider'></li>
					<li status='clear' clear='true'><a href='#!'>Clear Filters <i class='material-icons'>clear</i></a></li>
				</ul>
			</div>
			<!-- test toggle -->

			<!-- category toggle -->
			<div class='chip transparent'>
				<a class='dropdown-button category-toggle' data-activates='category-toggle' data-constrainwidth='false' data-beloworigin='true' data-hover='true' href='#'>
					<i class='material-icons'>local_offer</i> Category
				</a>
				<ul id='category-toggle' class='dropdown-content'>
					<li><a href='#'>OCMModulesTestAutomation</a></li>
					<li><a href='#'>OCMChatTransferReportTest</a></li>
					<li class='divider'></li>
					<li class='clear'><a href='#!' clear='true'>Clear Filters</a></li>
				</ul>
			</div>
			<!-- category toggle -->

			<!-- clear filters -->
			<div class='chip transparent hide'>
				<a class='' id='clear-filters' alt='Clear Filters' title='Clear Filters'>
					<i class='material-icons'>close</i> Clear
				</a>
			</div>
			<!-- clear filters -->

			<!-- enable dashboard -->
			<div id='toggle-test-view-charts' class='chip transparent'>
				<a class='pink-text' id='enable-dashboard' alt='Enable Dashboard' title='Enable Dashboard'>
					<i class='material-icons'>track_changes</i> Dashboard
				</a>
			</div>
			<!-- enable dashboard -->

			<!-- search -->
			<div class='chip transparent' alt='Search Tests' title='Search Tests'>
				<a href="#" class='search-div'>
					<i class='material-icons'>search</i> Search
				</a>

				<div class='input-field left hide'>
					<input id='search-tests' type='text' class='validate browser-default' placeholder='Search Tests...'>
				</div>
				
			</div>
			<!-- search -->
		</div>
	</section>


<div id='test-view-charts' class='subview-full'>
	<div id='charts-row' class='row nm-v nm-h'>
		<div class='col s12 m6 l6 np-h'>
			<div class='card-panel nm-v'>
				<div class='left panel-name'>Tests</div>
				<div class='chart-box'>
					<canvas id='parent-analysis' width='100' height='80'></canvas>
				</div>
				<div class='block text-small'>
					<span class='tooltipped' data-position='top' data-tooltip='93.617%'><span class='strong'>44</span> test(s) passed</span>
				</div>
				<div class='block text-small'>
					<span class='strong tooltipped' data-position='top' data-tooltip='6.383%'>3</span> test(s) failed, <span class='strong tooltipped' data-position='top' data-tooltip='0%'>0</span> others
				</div>
			</div>
		</div>
		
		
	</div>
</div>

	<div class='subview-left left'>
		
		<div class='view-summary'>
			<h5>Tests</h5>
			<ul id='test-collection' class='test-collection'>
				
				
				<li class='test displayed active  pass' status='pass' bdd='false' test-id='1'>
					<div class='test-heading'>
						<span class='test-name'>ShowReport</span>
						<span class='test-time'>Sep 2, 2021 01:57:26 AM</span>
						<span class='test-status right pass'>pass</span>
					</div>
					<div class='test-content hide'>
<div class='test-time-info'>
	<span class='label start-time'>Sep 2, 2021 01:57:26 AM</span>
	<span class='label end-time'>Sep 2, 2021 01:57:41 AM</span>
	<span class='label time-taken grey lighten-1 white-text'>0h 0m 14s+813ms</span>
</div>
	<div class='test-attributes'>
			<div class='category-list'>
				<span class='category label white-text'>OCMModulesTestAutomation</span>
				<span class='category label white-text'>OCMChatTransferReportTest</span>
			</div>
	</div>
	<div class='test-steps'>
		<table class='bordered table-results'>
			<thead>
				<tr>
					<th>Status</th>
					<th>Timestamp</th>
					<th>Details</th>
				</tr>
			</thead>
			<tbody>
				<tr class='log' status='pass'>
					<td class='status pass' title='pass' alt='pass'><i class='material-icons'>check_circle</i></td>
					<td class='timestamp'>1:57:41 AM</td>
					<td class='step-details'>Test passed</td>
				</tr>
			</tbody>
		</table>
	</div>
					</div>
				</li>
				
				
				<li class='test displayed active  pass' status='pass' bdd='false' test-id='2'>
					<div class='test-heading'>
						<span class='test-name'>ShowReportInNewPage</span>
						<span class='test-time'>Sep 2, 2021 01:57:47 AM</span>
						<span class='test-status right pass'>pass</span>
					</div>
					<div class='test-content hide'>
<div class='test-time-info'>
	<span class='label start-time'>Sep 2, 2021 01:57:47 AM</span>
	<span class='label end-time'>Sep 2, 2021 01:58:00 AM</span>
	<span class='label time-taken grey lighten-1 white-text'>0h 0m 13s+92ms</span>
</div>
	<div class='test-attributes'>
			<div class='category-list'>
				<span class='category label white-text'>OCMModulesTestAutomation</span>
				<span class='category label white-text'>OCMChatTransferReportTest</span>
			</div>
	</div>
	<div class='test-steps'>
		<table class='bordered table-results'>
			<thead>
				<tr>
					<th>Status</th>
					<th>Timestamp</th>
					<th>Details</th>
				</tr>
			</thead>
			<tbody>
				<tr class='log' status='pass'>
					<td class='status pass' title='pass' alt='pass'><i class='material-icons'>check_circle</i></td>
					<td class='timestamp'>1:58:00 AM</td>
					<td class='step-details'>Test passed</td>
				</tr>
			</tbody>
		</table>
	</div>
					</div>
				</li>
				
				
				<li class='test displayed active  fail' status='fail' bdd='false' test-id='3'>
					<div class='test-heading'>
						<span class='test-name'>database</span>
						<span class='test-time'>Sep 2, 2021 01:58:04 AM</span>
						<span class='test-status right fail'>fail</span>
					</div>
					<div class='test-content hide'>
<div class='test-time-info'>
	<span class='label start-time'>Sep 2, 2021 01:58:04 AM</span>
	<span class='label end-time'>Sep 2, 2021 01:58:22 AM</span>
	<span class='label time-taken grey lighten-1 white-text'>0h 0m 17s+811ms</span>
</div>
	<div class='test-desc'>To verify Chat Transfer report UI data against DB </div>
	<div class='test-attributes'>
			<div class='category-list'>
				<span class='category label white-text'>OCMModulesTestAutomation</span>
				<span class='category label white-text'>OCMChatTransferReportTest</span>
			</div>
	</div>
	<div class='test-steps'>
		<table class='bordered table-results'>
			<thead>
				<tr>
					<th>Status</th>
					<th>Timestamp</th>
					<th>Details</th>
				</tr>
			</thead>
			<tbody>
				<tr class='log' status='fail'>
					<td class='status fail' title='fail' alt='fail'><i class='material-icons'>cancel</i></td>
					<td class='timestamp'>1:58:22 AM</td>
					<td class='step-details'>Test Failed</td>
				</tr>
				<tr class='log' status='fail'>
					<td class='status fail' title='fail' alt='fail'><i class='material-icons'>cancel</i></td>
					<td class='timestamp'>1:58:22 AM</td>
					<td class='step-details'><pre>java.lang.AssertionError: Main report Data Mismatch did not expect to find [true] but found [false]
	at org.testng.Assert.fail(Assert.java:97)
	at org.testng.Assert.failNotEquals(Assert.java:969)
	at org.testng.Assert.assertTrue(Assert.java:43)
	at com.tetherfi.test.reports.OCMChatTransferReportTest.database(OCMChatTransferReportTest.java:59)
	at sun.reflect.NativeMethodAccessorImpl.invoke0(Native Method)
	at sun.reflect.NativeMethodAccessorImpl.invoke(Unknown Source)
	at sun.reflect.DelegatingMethodAccessorImpl.invoke(Unknown Source)
	at java.lang.reflect.Method.invoke(Unknown Source)
	at org.testng.internal.MethodInvocationHelper.invokeMethod(MethodInvocationHelper.java:133)
	at org.testng.internal.TestInvoker.invokeMethod(TestInvoker.java:584)
	at org.testng.internal.TestInvoker.invokeTestMethod(TestInvoker.java:172)
	at org.testng.internal.MethodRunner.runInSequence(MethodRunner.java:46)
	at org.testng.internal.TestInvoker$MethodInvocationAgent.invoke(TestInvoker.java:804)
	at org.testng.internal.TestInvoker.invokeTestMethods(TestInvoker.java:145)
	at org.testng.internal.TestMethodWorker.invokeTestMethods(TestMethodWorker.java:146)
	at org.testng.internal.TestMethodWorker.run(TestMethodWorker.java:128)
	at java.util.ArrayList.forEach(Unknown Source)
	at org.testng.TestRunner.privateRun(TestRunner.java:770)
	at org.testng.TestRunner.run(TestRunner.java:591)
	at org.testng.SuiteRunner.runTest(SuiteRunner.java:402)
	at org.testng.SuiteRunner.runSequentially(SuiteRunner.java:396)
	at org.testng.SuiteRunner.privateRun(SuiteRunner.java:355)
	at org.testng.SuiteRunner.run(SuiteRunner.java:304)
	at org.testng.SuiteRunnerWorker.runSuite(SuiteRunnerWorker.java:53)
	at org.testng.SuiteRunnerWorker.run(SuiteRunnerWorker.java:96)
	at org.testng.TestNG.runSuitesSequentially(TestNG.java:1180)
	at org.testng.TestNG.runSuitesLocally(TestNG.java:1102)
	at org.testng.TestNG.runSuites(TestNG.java:1032)
	at org.testng.TestNG.run(TestNG.java:1000)
	at org.testng.remote.AbstractRemoteTestNG.run(AbstractRemoteTestNG.java:115)
	at org.testng.remote.RemoteTestNG.initAndRun(RemoteTestNG.java:251)
	at org.testng.remote.RemoteTestNG.main(RemoteTestNG.java:77)
</pre></td>
				</tr>
			</tbody>
		</table>
	</div>
					</div>
				</li>
				
				
				<li class='test displayed active  pass' status='pass' bdd='false' test-id='4'>
					<div class='test-heading'>
						<span class='test-name'>VerifySearchByFeature</span>
						<span class='test-time'>Sep 2, 2021 01:58:26 AM</span>
						<span class='test-status right pass'>pass</span>
					</div>
					<div class='test-content hide'>
<div class='test-time-info'>
	<span class='label start-time'>Sep 2, 2021 01:58:26 AM</span>
	<span class='label end-time'>Sep 2, 2021 01:58:44 AM</span>
	<span class='label time-taken grey lighten-1 white-text'>0h 0m 18s+139ms</span>
</div>
	<div class='test-attributes'>
			<div class='category-list'>
				<span class='category label white-text'>OCMModulesTestAutomation</span>
				<span class='category label white-text'>OCMChatTransferReportTest</span>
			</div>
	</div>
	<div class='test-steps'>
		<table class='bordered table-results'>
			<thead>
				<tr>
					<th>Status</th>
					<th>Timestamp</th>
					<th>Details</th>
				</tr>
			</thead>
			<tbody>
				<tr class='log' status='pass'>
					<td class='status pass' title='pass' alt='pass'><i class='material-icons'>check_circle</i></td>
					<td class='timestamp'>1:58:44 AM</td>
					<td class='step-details'>Test passed</td>
				</tr>
			</tbody>
		</table>
	</div>
					</div>
				</li>
				
				
				<li class='test displayed active  pass' status='pass' bdd='false' test-id='5'>
					<div class='test-heading'>
						<span class='test-name'>VerifySearchIsEqualTo</span>
						<span class='test-time'>Sep 2, 2021 01:58:49 AM</span>
						<span class='test-status right pass'>pass</span>
					</div>
					<div class='test-content hide'>
<div class='test-time-info'>
	<span class='label start-time'>Sep 2, 2021 01:58:49 AM</span>
	<span class='label end-time'>Sep 2, 2021 01:59:08 AM</span>
	<span class='label time-taken grey lighten-1 white-text'>0h 0m 18s+85ms</span>
</div>
	<div class='test-attributes'>
			<div class='category-list'>
				<span class='category label white-text'>OCMModulesTestAutomation</span>
				<span class='category label white-text'>OCMChatTransferReportTest</span>
			</div>
	</div>
	<div class='test-steps'>
		<table class='bordered table-results'>
			<thead>
				<tr>
					<th>Status</th>
					<th>Timestamp</th>
					<th>Details</th>
				</tr>
			</thead>
			<tbody>
				<tr class='log' status='pass'>
					<td class='status pass' title='pass' alt='pass'><i class='material-icons'>check_circle</i></td>
					<td class='timestamp'>1:59:08 AM</td>
					<td class='step-details'>Test passed</td>
				</tr>
			</tbody>
		</table>
	</div>
					</div>
				</li>
				
				
				<li class='test displayed active  pass' status='pass' bdd='false' test-id='6'>
					<div class='test-heading'>
						<span class='test-name'>searchwithoutSearchTextbox</span>
						<span class='test-time'>Sep 2, 2021 01:59:13 AM</span>
						<span class='test-status right pass'>pass</span>
					</div>
					<div class='test-content hide'>
<div class='test-time-info'>
	<span class='label start-time'>Sep 2, 2021 01:59:13 AM</span>
	<span class='label end-time'>Sep 2, 2021 01:59:29 AM</span>
	<span class='label time-taken grey lighten-1 white-text'>0h 0m 15s+927ms</span>
</div>
	<div class='test-attributes'>
			<div class='category-list'>
				<span class='category label white-text'>OCMModulesTestAutomation</span>
				<span class='category label white-text'>OCMChatTransferReportTest</span>
			</div>
	</div>
	<div class='test-steps'>
		<table class='bordered table-results'>
			<thead>
				<tr>
					<th>Status</th>
					<th>Timestamp</th>
					<th>Details</th>
				</tr>
			</thead>
			<tbody>
				<tr class='log' status='pass'>
					<td class='status pass' title='pass' alt='pass'><i class='material-icons'>check_circle</i></td>
					<td class='timestamp'>1:59:29 AM</td>
					<td class='step-details'>Test passed</td>
				</tr>
			</tbody>
		</table>
	</div>
					</div>
				</li>
				
				
				<li class='test displayed active  pass' status='pass' bdd='false' test-id='7'>
					<div class='test-heading'>
						<span class='test-name'>VerifySearchIsNotEqualTo</span>
						<span class='test-time'>Sep 2, 2021 01:59:34 AM</span>
						<span class='test-status right pass'>pass</span>
					</div>
					<div class='test-content hide'>
<div class='test-time-info'>
	<span class='label start-time'>Sep 2, 2021 01:59:34 AM</span>
	<span class='label end-time'>Sep 2, 2021 01:59:51 AM</span>
	<span class='label time-taken grey lighten-1 white-text'>0h 0m 17s+628ms</span>
</div>
	<div class='test-attributes'>
			<div class='category-list'>
				<span class='category label white-text'>OCMModulesTestAutomation</span>
				<span class='category label white-text'>OCMChatTransferReportTest</span>
			</div>
	</div>
	<div class='test-steps'>
		<table class='bordered table-results'>
			<thead>
				<tr>
					<th>Status</th>
					<th>Timestamp</th>
					<th>Details</th>
				</tr>
			</thead>
			<tbody>
				<tr class='log' status='pass'>
					<td class='status pass' title='pass' alt='pass'><i class='material-icons'>check_circle</i></td>
					<td class='timestamp'>1:59:51 AM</td>
					<td class='step-details'>Test passed</td>
				</tr>
			</tbody>
		</table>
	</div>
					</div>
				</li>
				
				
				<li class='test displayed active  pass' status='pass' bdd='false' test-id='8'>
					<div class='test-heading'>
						<span class='test-name'>VerifySearchContains</span>
						<span class='test-time'>Sep 2, 2021 01:59:56 AM</span>
						<span class='test-status right pass'>pass</span>
					</div>
					<div class='test-content hide'>
<div class='test-time-info'>
	<span class='label start-time'>Sep 2, 2021 01:59:56 AM</span>
	<span class='label end-time'>Sep 2, 2021 02:00:14 AM</span>
	<span class='label time-taken grey lighten-1 white-text'>0h 0m 17s+665ms</span>
</div>
	<div class='test-attributes'>
			<div class='category-list'>
				<span class='category label white-text'>OCMModulesTestAutomation</span>
				<span class='category label white-text'>OCMChatTransferReportTest</span>
			</div>
	</div>
	<div class='test-steps'>
		<table class='bordered table-results'>
			<thead>
				<tr>
					<th>Status</th>
					<th>Timestamp</th>
					<th>Details</th>
				</tr>
			</thead>
			<tbody>
				<tr class='log' status='pass'>
					<td class='status pass' title='pass' alt='pass'><i class='material-icons'>check_circle</i></td>
					<td class='timestamp'>2:00:14 AM</td>
					<td class='step-details'>Test passed</td>
				</tr>
			</tbody>
		</table>
	</div>
					</div>
				</li>
				
				
				<li class='test displayed active  pass' status='pass' bdd='false' test-id='9'>
					<div class='test-heading'>
						<span class='test-name'>VerifySearchDoesNotContains</span>
						<span class='test-time'>Sep 2, 2021 02:00:19 AM</span>
						<span class='test-status right pass'>pass</span>
					</div>
					<div class='test-content hide'>
<div class='test-time-info'>
	<span class='label start-time'>Sep 2, 2021 02:00:19 AM</span>
	<span class='label end-time'>Sep 2, 2021 02:00:36 AM</span>
	<span class='label time-taken grey lighten-1 white-text'>0h 0m 17s+499ms</span>
</div>
	<div class='test-attributes'>
			<div class='category-list'>
				<span class='category label white-text'>OCMModulesTestAutomation</span>
				<span class='category label white-text'>OCMChatTransferReportTest</span>
			</div>
	</div>
	<div class='test-steps'>
		<table class='bordered table-results'>
			<thead>
				<tr>
					<th>Status</th>
					<th>Timestamp</th>
					<th>Details</th>
				</tr>
			</thead>
			<tbody>
				<tr class='log' status='pass'>
					<td class='status pass' title='pass' alt='pass'><i class='material-icons'>check_circle</i></td>
					<td class='timestamp'>2:00:36 AM</td>
					<td class='step-details'>Test passed</td>
				</tr>
			</tbody>
		</table>
	</div>
					</div>
				</li>
				
				
				<li class='test displayed active  pass' status='pass' bdd='false' test-id='10'>
					<div class='test-heading'>
						<span class='test-name'>VerifySearchStartsWith</span>
						<span class='test-time'>Sep 2, 2021 02:00:41 AM</span>
						<span class='test-status right pass'>pass</span>
					</div>
					<div class='test-content hide'>
<div class='test-time-info'>
	<span class='label start-time'>Sep 2, 2021 02:00:41 AM</span>
	<span class='label end-time'>Sep 2, 2021 02:01:00 AM</span>
	<span class='label time-taken grey lighten-1 white-text'>0h 0m 18s+705ms</span>
</div>
	<div class='test-attributes'>
			<div class='category-list'>
				<span class='category label white-text'>OCMModulesTestAutomation</span>
				<span class='category label white-text'>OCMChatTransferReportTest</span>
			</div>
	</div>
	<div class='test-steps'>
		<table class='bordered table-results'>
			<thead>
				<tr>
					<th>Status</th>
					<th>Timestamp</th>
					<th>Details</th>
				</tr>
			</thead>
			<tbody>
				<tr class='log' status='pass'>
					<td class='status pass' title='pass' alt='pass'><i class='material-icons'>check_circle</i></td>
					<td class='timestamp'>2:01:00 AM</td>
					<td class='step-details'>Test passed</td>
				</tr>
			</tbody>
		</table>
	</div>
					</div>
				</li>
				
				
				<li class='test displayed active  pass' status='pass' bdd='false' test-id='11'>
					<div class='test-heading'>
						<span class='test-name'>VerifySearchEndsWith</span>
						<span class='test-time'>Sep 2, 2021 02:01:05 AM</span>
						<span class='test-status right pass'>pass</span>
					</div>
					<div class='test-content hide'>
<div class='test-time-info'>
	<span class='label start-time'>Sep 2, 2021 02:01:05 AM</span>
	<span class='label end-time'>Sep 2, 2021 02:01:22 AM</span>
	<span class='label time-taken grey lighten-1 white-text'>0h 0m 17s+498ms</span>
</div>
	<div class='test-attributes'>
			<div class='category-list'>
				<span class='category label white-text'>OCMModulesTestAutomation</span>
				<span class='category label white-text'>OCMChatTransferReportTest</span>
			</div>
	</div>
	<div class='test-steps'>
		<table class='bordered table-results'>
			<thead>
				<tr>
					<th>Status</th>
					<th>Timestamp</th>
					<th>Details</th>
				</tr>
			</thead>
			<tbody>
				<tr class='log' status='pass'>
					<td class='status pass' title='pass' alt='pass'><i class='material-icons'>check_circle</i></td>
					<td class='timestamp'>2:01:22 AM</td>
					<td class='step-details'>Test passed</td>
				</tr>
			</tbody>
		</table>
	</div>
					</div>
				</li>
				
				
				<li class='test displayed active  pass' status='pass' bdd='false' test-id='12'>
					<div class='test-heading'>
						<span class='test-name'>SearchClearSearch</span>
						<span class='test-time'>Sep 2, 2021 02:01:27 AM</span>
						<span class='test-status right pass'>pass</span>
					</div>
					<div class='test-content hide'>
<div class='test-time-info'>
	<span class='label start-time'>Sep 2, 2021 02:01:27 AM</span>
	<span class='label end-time'>Sep 2, 2021 02:01:44 AM</span>
	<span class='label time-taken grey lighten-1 white-text'>0h 0m 16s+678ms</span>
</div>
	<div class='test-attributes'>
			<div class='category-list'>
				<span class='category label white-text'>OCMModulesTestAutomation</span>
				<span class='category label white-text'>OCMChatTransferReportTest</span>
			</div>
	</div>
	<div class='test-steps'>
		<table class='bordered table-results'>
			<thead>
				<tr>
					<th>Status</th>
					<th>Timestamp</th>
					<th>Details</th>
				</tr>
			</thead>
			<tbody>
				<tr class='log' status='pass'>
					<td class='status pass' title='pass' alt='pass'><i class='material-icons'>check_circle</i></td>
					<td class='timestamp'>2:01:44 AM</td>
					<td class='step-details'>Test passed</td>
				</tr>
			</tbody>
		</table>
	</div>
					</div>
				</li>
				
				
				<li class='test displayed active  pass' status='pass' bdd='false' test-id='13'>
					<div class='test-heading'>
						<span class='test-name'>verifyAdvancedSearchIsEqualTo</span>
						<span class='test-time'>Sep 2, 2021 02:01:48 AM</span>
						<span class='test-status right pass'>pass</span>
					</div>
					<div class='test-content hide'>
<div class='test-time-info'>
	<span class='label start-time'>Sep 2, 2021 02:01:48 AM</span>
	<span class='label end-time'>Sep 2, 2021 02:02:07 AM</span>
	<span class='label time-taken grey lighten-1 white-text'>0h 0m 19s+226ms</span>
</div>
	<div class='test-desc'>To verify Advance Search Is Equal to Search criteria </div>
	<div class='test-attributes'>
			<div class='category-list'>
				<span class='category label white-text'>OCMModulesTestAutomation</span>
				<span class='category label white-text'>OCMChatTransferReportTest</span>
			</div>
	</div>
	<div class='test-steps'>
		<table class='bordered table-results'>
			<thead>
				<tr>
					<th>Status</th>
					<th>Timestamp</th>
					<th>Details</th>
				</tr>
			</thead>
			<tbody>
				<tr class='log' status='pass'>
					<td class='status pass' title='pass' alt='pass'><i class='material-icons'>check_circle</i></td>
					<td class='timestamp'>2:02:07 AM</td>
					<td class='step-details'>Test passed</td>
				</tr>
			</tbody>
		</table>
	</div>
					</div>
				</li>
				
				
				<li class='test displayed active  pass' status='pass' bdd='false' test-id='14'>
					<div class='test-heading'>
						<span class='test-name'>verifyAdvancedSearchIsNotEqualTo</span>
						<span class='test-time'>Sep 2, 2021 02:02:13 AM</span>
						<span class='test-status right pass'>pass</span>
					</div>
					<div class='test-content hide'>
<div class='test-time-info'>
	<span class='label start-time'>Sep 2, 2021 02:02:13 AM</span>
	<span class='label end-time'>Sep 2, 2021 02:02:33 AM</span>
	<span class='label time-taken grey lighten-1 white-text'>0h 0m 20s+257ms</span>
</div>
	<div class='test-desc'>Verify Advance Search with Criteria Is not Equal to </div>
	<div class='test-attributes'>
			<div class='category-list'>
				<span class='category label white-text'>OCMModulesTestAutomation</span>
				<span class='category label white-text'>OCMChatTransferReportTest</span>
			</div>
	</div>
	<div class='test-steps'>
		<table class='bordered table-results'>
			<thead>
				<tr>
					<th>Status</th>
					<th>Timestamp</th>
					<th>Details</th>
				</tr>
			</thead>
			<tbody>
				<tr class='log' status='pass'>
					<td class='status pass' title='pass' alt='pass'><i class='material-icons'>check_circle</i></td>
					<td class='timestamp'>2:02:33 AM</td>
					<td class='step-details'>Test passed</td>
				</tr>
			</tbody>
		</table>
	</div>
					</div>
				</li>
				
				
				<li class='test displayed active  pass' status='pass' bdd='false' test-id='15'>
					<div class='test-heading'>
						<span class='test-name'>verifyAdvancedSearchContainsCriteria</span>
						<span class='test-time'>Sep 2, 2021 02:02:39 AM</span>
						<span class='test-status right pass'>pass</span>
					</div>
					<div class='test-content hide'>
<div class='test-time-info'>
	<span class='label start-time'>Sep 2, 2021 02:02:39 AM</span>
	<span class='label end-time'>Sep 2, 2021 02:02:58 AM</span>
	<span class='label time-taken grey lighten-1 white-text'>0h 0m 19s+3ms</span>
</div>
	<div class='test-desc'>Verify Advance Search with Criteria Contains </div>
	<div class='test-attributes'>
			<div class='category-list'>
				<span class='category label white-text'>OCMModulesTestAutomation</span>
				<span class='category label white-text'>OCMChatTransferReportTest</span>
			</div>
	</div>
	<div class='test-steps'>
		<table class='bordered table-results'>
			<thead>
				<tr>
					<th>Status</th>
					<th>Timestamp</th>
					<th>Details</th>
				</tr>
			</thead>
			<tbody>
				<tr class='log' status='pass'>
					<td class='status pass' title='pass' alt='pass'><i class='material-icons'>check_circle</i></td>
					<td class='timestamp'>2:02:58 AM</td>
					<td class='step-details'>Test passed</td>
				</tr>
			</tbody>
		</table>
	</div>
					</div>
				</li>
				
				
				<li class='test displayed active  pass' status='pass' bdd='false' test-id='16'>
					<div class='test-heading'>
						<span class='test-name'>verifyAdvancedSearchDoesnotContainsCriteria</span>
						<span class='test-time'>Sep 2, 2021 02:03:04 AM</span>
						<span class='test-status right pass'>pass</span>
					</div>
					<div class='test-content hide'>
<div class='test-time-info'>
	<span class='label start-time'>Sep 2, 2021 02:03:04 AM</span>
	<span class='label end-time'>Sep 2, 2021 02:03:25 AM</span>
	<span class='label time-taken grey lighten-1 white-text'>0h 0m 20s+345ms</span>
</div>
	<div class='test-desc'>Verify Advance Search with Criteria Does not Contain </div>
	<div class='test-attributes'>
			<div class='category-list'>
				<span class='category label white-text'>OCMModulesTestAutomation</span>
				<span class='category label white-text'>OCMChatTransferReportTest</span>
			</div>
	</div>
	<div class='test-steps'>
		<table class='bordered table-results'>
			<thead>
				<tr>
					<th>Status</th>
					<th>Timestamp</th>
					<th>Details</th>
				</tr>
			</thead>
			<tbody>
				<tr class='log' status='pass'>
					<td class='status pass' title='pass' alt='pass'><i class='material-icons'>check_circle</i></td>
					<td class='timestamp'>2:03:25 AM</td>
					<td class='step-details'>Test passed</td>
				</tr>
			</tbody>
		</table>
	</div>
					</div>
				</li>
				
				
				<li class='test displayed active  pass' status='pass' bdd='false' test-id='17'>
					<div class='test-heading'>
						<span class='test-name'>verifyAdvancedSearchStartsWithCriteria</span>
						<span class='test-time'>Sep 2, 2021 02:03:30 AM</span>
						<span class='test-status right pass'>pass</span>
					</div>
					<div class='test-content hide'>
<div class='test-time-info'>
	<span class='label start-time'>Sep 2, 2021 02:03:30 AM</span>
	<span class='label end-time'>Sep 2, 2021 02:03:51 AM</span>
	<span class='label time-taken grey lighten-1 white-text'>0h 0m 20s+319ms</span>
</div>
	<div class='test-desc'>Verify Advance Search with Criteria Starts with </div>
	<div class='test-attributes'>
			<div class='category-list'>
				<span class='category label white-text'>OCMModulesTestAutomation</span>
				<span class='category label white-text'>OCMChatTransferReportTest</span>
			</div>
	</div>
	<div class='test-steps'>
		<table class='bordered table-results'>
			<thead>
				<tr>
					<th>Status</th>
					<th>Timestamp</th>
					<th>Details</th>
				</tr>
			</thead>
			<tbody>
				<tr class='log' status='pass'>
					<td class='status pass' title='pass' alt='pass'><i class='material-icons'>check_circle</i></td>
					<td class='timestamp'>2:03:51 AM</td>
					<td class='step-details'>Test passed</td>
				</tr>
			</tbody>
		</table>
	</div>
					</div>
				</li>
				
				
				<li class='test displayed active  pass' status='pass' bdd='false' test-id='18'>
					<div class='test-heading'>
						<span class='test-name'>verifyAdvancedSearchEndsWithCriteria</span>
						<span class='test-time'>Sep 2, 2021 02:03:56 AM</span>
						<span class='test-status right pass'>pass</span>
					</div>
					<div class='test-content hide'>
<div class='test-time-info'>
	<span class='label start-time'>Sep 2, 2021 02:03:56 AM</span>
	<span class='label end-time'>Sep 2, 2021 02:04:16 AM</span>
	<span class='label time-taken grey lighten-1 white-text'>0h 0m 19s+430ms</span>
</div>
	<div class='test-desc'>Verify Advanced Search Criteria Ends With </div>
	<div class='test-attributes'>
			<div class='category-list'>
				<span class='category label white-text'>OCMModulesTestAutomation</span>
				<span class='category label white-text'>OCMChatTransferReportTest</span>
			</div>
	</div>
	<div class='test-steps'>
		<table class='bordered table-results'>
			<thead>
				<tr>
					<th>Status</th>
					<th>Timestamp</th>
					<th>Details</th>
				</tr>
			</thead>
			<tbody>
				<tr class='log' status='pass'>
					<td class='status pass' title='pass' alt='pass'><i class='material-icons'>check_circle</i></td>
					<td class='timestamp'>2:04:16 AM</td>
					<td class='step-details'>Test passed</td>
				</tr>
			</tbody>
		</table>
	</div>
					</div>
				</li>
				
				
				<li class='test displayed active  pass' status='pass' bdd='false' test-id='19'>
					<div class='test-heading'>
						<span class='test-name'>ClearfiltersAdvSrch</span>
						<span class='test-time'>Sep 2, 2021 02:04:21 AM</span>
						<span class='test-status right pass'>pass</span>
					</div>
					<div class='test-content hide'>
<div class='test-time-info'>
	<span class='label start-time'>Sep 2, 2021 02:04:21 AM</span>
	<span class='label end-time'>Sep 2, 2021 02:04:37 AM</span>
	<span class='label time-taken grey lighten-1 white-text'>0h 0m 16s+54ms</span>
</div>
	<div class='test-attributes'>
			<div class='category-list'>
				<span class='category label white-text'>OCMModulesTestAutomation</span>
				<span class='category label white-text'>OCMChatTransferReportTest</span>
			</div>
	</div>
	<div class='test-steps'>
		<table class='bordered table-results'>
			<thead>
				<tr>
					<th>Status</th>
					<th>Timestamp</th>
					<th>Details</th>
				</tr>
			</thead>
			<tbody>
				<tr class='log' status='pass'>
					<td class='status pass' title='pass' alt='pass'><i class='material-icons'>check_circle</i></td>
					<td class='timestamp'>2:04:37 AM</td>
					<td class='step-details'>Test passed</td>
				</tr>
			</tbody>
		</table>
	</div>
					</div>
				</li>
				
				
				<li class='test displayed active  pass' status='pass' bdd='false' test-id='20'>
					<div class='test-heading'>
						<span class='test-name'>GroupBy</span>
						<span class='test-time'>Sep 2, 2021 02:04:42 AM</span>
						<span class='test-status right pass'>pass</span>
					</div>
					<div class='test-content hide'>
<div class='test-time-info'>
	<span class='label start-time'>Sep 2, 2021 02:04:42 AM</span>
	<span class='label end-time'>Sep 2, 2021 02:05:04 AM</span>
	<span class='label time-taken grey lighten-1 white-text'>0h 0m 21s+851ms</span>
</div>
	<div class='test-attributes'>
			<div class='category-list'>
				<span class='category label white-text'>OCMModulesTestAutomation</span>
				<span class='category label white-text'>OCMChatTransferReportTest</span>
			</div>
	</div>
	<div class='test-steps'>
		<table class='bordered table-results'>
			<thead>
				<tr>
					<th>Status</th>
					<th>Timestamp</th>
					<th>Details</th>
				</tr>
			</thead>
			<tbody>
				<tr class='log' status='pass'>
					<td class='status pass' title='pass' alt='pass'><i class='material-icons'>check_circle</i></td>
					<td class='timestamp'>2:05:04 AM</td>
					<td class='step-details'>Test passed</td>
				</tr>
			</tbody>
		</table>
	</div>
					</div>
				</li>
				
				
				<li class='test displayed active  pass' status='pass' bdd='false' test-id='21'>
					<div class='test-heading'>
						<span class='test-name'>ClearAll</span>
						<span class='test-time'>Sep 2, 2021 02:05:09 AM</span>
						<span class='test-status right pass'>pass</span>
					</div>
					<div class='test-content hide'>
<div class='test-time-info'>
	<span class='label start-time'>Sep 2, 2021 02:05:09 AM</span>
	<span class='label end-time'>Sep 2, 2021 02:05:17 AM</span>
	<span class='label time-taken grey lighten-1 white-text'>0h 0m 8s+712ms</span>
</div>
	<div class='test-attributes'>
			<div class='category-list'>
				<span class='category label white-text'>OCMModulesTestAutomation</span>
				<span class='category label white-text'>OCMChatTransferReportTest</span>
			</div>
	</div>
	<div class='test-steps'>
		<table class='bordered table-results'>
			<thead>
				<tr>
					<th>Status</th>
					<th>Timestamp</th>
					<th>Details</th>
				</tr>
			</thead>
			<tbody>
				<tr class='log' status='pass'>
					<td class='status pass' title='pass' alt='pass'><i class='material-icons'>check_circle</i></td>
					<td class='timestamp'>2:05:17 AM</td>
					<td class='step-details'>Test passed</td>
				</tr>
			</tbody>
		</table>
	</div>
					</div>
				</li>
				
				
				<li class='test displayed active  pass' status='pass' bdd='false' test-id='22'>
					<div class='test-heading'>
						<span class='test-name'>OCMWindow</span>
						<span class='test-time'>Sep 2, 2021 02:05:22 AM</span>
						<span class='test-status right pass'>pass</span>
					</div>
					<div class='test-content hide'>
<div class='test-time-info'>
	<span class='label start-time'>Sep 2, 2021 02:05:22 AM</span>
	<span class='label end-time'>Sep 2, 2021 02:05:34 AM</span>
	<span class='label time-taken grey lighten-1 white-text'>0h 0m 11s+928ms</span>
</div>
	<div class='test-attributes'>
			<div class='category-list'>
				<span class='category label white-text'>OCMModulesTestAutomation</span>
				<span class='category label white-text'>OCMChatTransferReportTest</span>
			</div>
	</div>
	<div class='test-steps'>
		<table class='bordered table-results'>
			<thead>
				<tr>
					<th>Status</th>
					<th>Timestamp</th>
					<th>Details</th>
				</tr>
			</thead>
			<tbody>
				<tr class='log' status='pass'>
					<td class='status pass' title='pass' alt='pass'><i class='material-icons'>check_circle</i></td>
					<td class='timestamp'>2:05:34 AM</td>
					<td class='step-details'>Test passed</td>
				</tr>
			</tbody>
		</table>
	</div>
					</div>
				</li>
				
				
				<li class='test displayed active  pass' status='pass' bdd='false' test-id='23'>
					<div class='test-heading'>
						<span class='test-name'>VerifyDropdownForAllTheColumns</span>
						<span class='test-time'>Sep 2, 2021 02:05:39 AM</span>
						<span class='test-status right pass'>pass</span>
					</div>
					<div class='test-content hide'>
<div class='test-time-info'>
	<span class='label start-time'>Sep 2, 2021 02:05:39 AM</span>
	<span class='label end-time'>Sep 2, 2021 02:06:07 AM</span>
	<span class='label time-taken grey lighten-1 white-text'>0h 0m 27s+849ms</span>
</div>
	<div class='test-attributes'>
			<div class='category-list'>
				<span class='category label white-text'>OCMModulesTestAutomation</span>
				<span class='category label white-text'>OCMChatTransferReportTest</span>
			</div>
	</div>
	<div class='test-steps'>
		<table class='bordered table-results'>
			<thead>
				<tr>
					<th>Status</th>
					<th>Timestamp</th>
					<th>Details</th>
				</tr>
			</thead>
			<tbody>
				<tr class='log' status='pass'>
					<td class='status pass' title='pass' alt='pass'><i class='material-icons'>check_circle</i></td>
					<td class='timestamp'>2:06:07 AM</td>
					<td class='step-details'>Test passed</td>
				</tr>
			</tbody>
		</table>
	</div>
					</div>
				</li>
				
				
				<li class='test displayed active  pass' status='pass' bdd='false' test-id='24'>
					<div class='test-heading'>
						<span class='test-name'>VerifyColumnsHeaderEnable</span>
						<span class='test-time'>Sep 2, 2021 02:06:11 AM</span>
						<span class='test-status right pass'>pass</span>
					</div>
					<div class='test-content hide'>
<div class='test-time-info'>
	<span class='label start-time'>Sep 2, 2021 02:06:11 AM</span>
	<span class='label end-time'>Sep 2, 2021 02:06:32 AM</span>
	<span class='label time-taken grey lighten-1 white-text'>0h 0m 20s+971ms</span>
</div>
	<div class='test-attributes'>
			<div class='category-list'>
				<span class='category label white-text'>OCMModulesTestAutomation</span>
				<span class='category label white-text'>OCMChatTransferReportTest</span>
			</div>
	</div>
	<div class='test-steps'>
		<table class='bordered table-results'>
			<thead>
				<tr>
					<th>Status</th>
					<th>Timestamp</th>
					<th>Details</th>
				</tr>
			</thead>
			<tbody>
				<tr class='log' status='pass'>
					<td class='status pass' title='pass' alt='pass'><i class='material-icons'>check_circle</i></td>
					<td class='timestamp'>2:06:32 AM</td>
					<td class='step-details'>Test passed</td>
				</tr>
			</tbody>
		</table>
	</div>
					</div>
				</li>
				
				
				<li class='test displayed active  pass' status='pass' bdd='false' test-id='25'>
					<div class='test-heading'>
						<span class='test-name'>VerifyColumnsHeaderDisable</span>
						<span class='test-time'>Sep 2, 2021 02:06:37 AM</span>
						<span class='test-status right pass'>pass</span>
					</div>
					<div class='test-content hide'>
<div class='test-time-info'>
	<span class='label start-time'>Sep 2, 2021 02:06:37 AM</span>
	<span class='label end-time'>Sep 2, 2021 02:07:02 AM</span>
	<span class='label time-taken grey lighten-1 white-text'>0h 0m 25s+265ms</span>
</div>
	<div class='test-attributes'>
			<div class='category-list'>
				<span class='category label white-text'>OCMModulesTestAutomation</span>
				<span class='category label white-text'>OCMChatTransferReportTest</span>
			</div>
	</div>
	<div class='test-steps'>
		<table class='bordered table-results'>
			<thead>
				<tr>
					<th>Status</th>
					<th>Timestamp</th>
					<th>Details</th>
				</tr>
			</thead>
			<tbody>
				<tr class='log' status='pass'>
					<td class='status pass' title='pass' alt='pass'><i class='material-icons'>check_circle</i></td>
					<td class='timestamp'>2:07:02 AM</td>
					<td class='step-details'>Test passed</td>
				</tr>
			</tbody>
		</table>
	</div>
					</div>
				</li>
				
				
				<li class='test displayed active  pass' status='pass' bdd='false' test-id='26'>
					<div class='test-heading'>
						<span class='test-name'>VerifyArrowMoveForPreviousAndNextPage</span>
						<span class='test-time'>Sep 2, 2021 02:07:06 AM</span>
						<span class='test-status right pass'>pass</span>
					</div>
					<div class='test-content hide'>
<div class='test-time-info'>
	<span class='label start-time'>Sep 2, 2021 02:07:06 AM</span>
	<span class='label end-time'>Sep 2, 2021 02:07:17 AM</span>
	<span class='label time-taken grey lighten-1 white-text'>0h 0m 10s+965ms</span>
</div>
	<div class='test-attributes'>
			<div class='category-list'>
				<span class='category label white-text'>OCMModulesTestAutomation</span>
				<span class='category label white-text'>OCMChatTransferReportTest</span>
			</div>
	</div>
	<div class='test-steps'>
		<table class='bordered table-results'>
			<thead>
				<tr>
					<th>Status</th>
					<th>Timestamp</th>
					<th>Details</th>
				</tr>
			</thead>
			<tbody>
				<tr class='log' status='pass'>
					<td class='status pass' title='pass' alt='pass'><i class='material-icons'>check_circle</i></td>
					<td class='timestamp'>2:07:17 AM</td>
					<td class='step-details'>Test passed</td>
				</tr>
			</tbody>
		</table>
	</div>
					</div>
				</li>
				
				
				<li class='test displayed active  pass' status='pass' bdd='false' test-id='27'>
					<div class='test-heading'>
						<span class='test-name'>VerifyArrowMoveForFirstAndLastPage</span>
						<span class='test-time'>Sep 2, 2021 02:07:22 AM</span>
						<span class='test-status right pass'>pass</span>
					</div>
					<div class='test-content hide'>
<div class='test-time-info'>
	<span class='label start-time'>Sep 2, 2021 02:07:22 AM</span>
	<span class='label end-time'>Sep 2, 2021 02:07:33 AM</span>
	<span class='label time-taken grey lighten-1 white-text'>0h 0m 11s+489ms</span>
</div>
	<div class='test-attributes'>
			<div class='category-list'>
				<span class='category label white-text'>OCMModulesTestAutomation</span>
				<span class='category label white-text'>OCMChatTransferReportTest</span>
			</div>
	</div>
	<div class='test-steps'>
		<table class='bordered table-results'>
			<thead>
				<tr>
					<th>Status</th>
					<th>Timestamp</th>
					<th>Details</th>
				</tr>
			</thead>
			<tbody>
				<tr class='log' status='pass'>
					<td class='status pass' title='pass' alt='pass'><i class='material-icons'>check_circle</i></td>
					<td class='timestamp'>2:07:33 AM</td>
					<td class='step-details'>Test passed</td>
				</tr>
			</tbody>
		</table>
	</div>
					</div>
				</li>
				
				
				<li class='test displayed active  pass' status='pass' bdd='false' test-id='28'>
					<div class='test-heading'>
						<span class='test-name'>VerifyTotalNumberOfItemsPerPageDetails</span>
						<span class='test-time'>Sep 2, 2021 02:07:37 AM</span>
						<span class='test-status right pass'>pass</span>
					</div>
					<div class='test-content hide'>
<div class='test-time-info'>
	<span class='label start-time'>Sep 2, 2021 02:07:37 AM</span>
	<span class='label end-time'>Sep 2, 2021 02:07:48 AM</span>
	<span class='label time-taken grey lighten-1 white-text'>0h 0m 10s+960ms</span>
</div>
	<div class='test-attributes'>
			<div class='category-list'>
				<span class='category label white-text'>OCMModulesTestAutomation</span>
				<span class='category label white-text'>OCMChatTransferReportTest</span>
			</div>
	</div>
	<div class='test-steps'>
		<table class='bordered table-results'>
			<thead>
				<tr>
					<th>Status</th>
					<th>Timestamp</th>
					<th>Details</th>
				</tr>
			</thead>
			<tbody>
				<tr class='log' status='pass'>
					<td class='status pass' title='pass' alt='pass'><i class='material-icons'>check_circle</i></td>
					<td class='timestamp'>2:07:48 AM</td>
					<td class='step-details'>Test passed</td>
				</tr>
			</tbody>
		</table>
	</div>
					</div>
				</li>
				
				
				<li class='test displayed active  pass' status='pass' bdd='false' test-id='29'>
					<div class='test-heading'>
						<span class='test-name'>ScheduleOCMChatTransferReport</span>
						<span class='test-time'>Sep 2, 2021 02:07:53 AM</span>
						<span class='test-status right pass'>pass</span>
					</div>
					<div class='test-content hide'>
<div class='test-time-info'>
	<span class='label start-time'>Sep 2, 2021 02:07:53 AM</span>
	<span class='label end-time'>Sep 2, 2021 02:08:03 AM</span>
	<span class='label time-taken grey lighten-1 white-text'>0h 0m 10s+285ms</span>
</div>
	<div class='test-attributes'>
			<div class='category-list'>
				<span class='category label white-text'>OCMModulesTestAutomation</span>
				<span class='category label white-text'>OCMChatTransferReportTest</span>
			</div>
	</div>
	<div class='test-steps'>
		<table class='bordered table-results'>
			<thead>
				<tr>
					<th>Status</th>
					<th>Timestamp</th>
					<th>Details</th>
				</tr>
			</thead>
			<tbody>
				<tr class='log' status='pass'>
					<td class='status pass' title='pass' alt='pass'><i class='material-icons'>check_circle</i></td>
					<td class='timestamp'>2:08:03 AM</td>
					<td class='step-details'>Test passed</td>
				</tr>
			</tbody>
		</table>
	</div>
					</div>
				</li>
				
				
				<li class='test displayed active  pass' status='pass' bdd='false' test-id='30'>
					<div class='test-heading'>
						<span class='test-name'>ExportReportForSingleDate</span>
						<span class='test-time'>Sep 2, 2021 02:08:07 AM</span>
						<span class='test-status right pass'>pass</span>
					</div>
					<div class='test-content hide'>
<div class='test-time-info'>
	<span class='label start-time'>Sep 2, 2021 02:08:07 AM</span>
	<span class='label end-time'>Sep 2, 2021 02:08:16 AM</span>
	<span class='label time-taken grey lighten-1 white-text'>0h 0m 9s+7ms</span>
</div>
	<div class='test-attributes'>
			<div class='category-list'>
				<span class='category label white-text'>OCMModulesTestAutomation</span>
				<span class='category label white-text'>OCMChatTransferReportTest</span>
			</div>
	</div>
	<div class='test-steps'>
		<table class='bordered table-results'>
			<thead>
				<tr>
					<th>Status</th>
					<th>Timestamp</th>
					<th>Details</th>
				</tr>
			</thead>
			<tbody>
				<tr class='log' status='pass'>
					<td class='status pass' title='pass' alt='pass'><i class='material-icons'>check_circle</i></td>
					<td class='timestamp'>2:08:16 AM</td>
					<td class='step-details'>Test passed</td>
				</tr>
			</tbody>
		</table>
	</div>
					</div>
				</li>
				
				
				<li class='test displayed active  pass' status='pass' bdd='false' test-id='31'>
					<div class='test-heading'>
						<span class='test-name'>ViewDownloadedReportInReportDownloadsPage</span>
						<span class='test-time'>Sep 2, 2021 02:08:21 AM</span>
						<span class='test-status right pass'>pass</span>
					</div>
					<div class='test-content hide'>
<div class='test-time-info'>
	<span class='label start-time'>Sep 2, 2021 02:08:21 AM</span>
	<span class='label end-time'>Sep 2, 2021 02:08:28 AM</span>
	<span class='label time-taken grey lighten-1 white-text'>0h 0m 7s+336ms</span>
</div>
	<div class='test-attributes'>
			<div class='category-list'>
				<span class='category label white-text'>OCMModulesTestAutomation</span>
				<span class='category label white-text'>OCMChatTransferReportTest</span>
			</div>
	</div>
	<div class='test-steps'>
		<table class='bordered table-results'>
			<thead>
				<tr>
					<th>Status</th>
					<th>Timestamp</th>
					<th>Details</th>
				</tr>
			</thead>
			<tbody>
				<tr class='log' status='pass'>
					<td class='status pass' title='pass' alt='pass'><i class='material-icons'>check_circle</i></td>
					<td class='timestamp'>2:08:28 AM</td>
					<td class='step-details'>Test passed</td>
				</tr>
			</tbody>
		</table>
	</div>
					</div>
				</li>
				
				
				<li class='test displayed active  pass' status='pass' bdd='false' test-id='32'>
					<div class='test-heading'>
						<span class='test-name'>verifyExportedData</span>
						<span class='test-time'>Sep 2, 2021 02:08:33 AM</span>
						<span class='test-status right pass'>pass</span>
					</div>
					<div class='test-content hide'>
<div class='test-time-info'>
	<span class='label start-time'>Sep 2, 2021 02:08:33 AM</span>
	<span class='label end-time'>Sep 2, 2021 02:08:46 AM</span>
	<span class='label time-taken grey lighten-1 white-text'>0h 0m 13s+124ms</span>
</div>
	<div class='test-desc'>To verification of exported excel in Report downloads </div>
	<div class='test-attributes'>
			<div class='category-list'>
				<span class='category label white-text'>OCMModulesTestAutomation</span>
				<span class='category label white-text'>OCMChatTransferReportTest</span>
			</div>
	</div>
	<div class='test-steps'>
		<table class='bordered table-results'>
			<thead>
				<tr>
					<th>Status</th>
					<th>Timestamp</th>
					<th>Details</th>
				</tr>
			</thead>
			<tbody>
				<tr class='log' status='pass'>
					<td class='status pass' title='pass' alt='pass'><i class='material-icons'>check_circle</i></td>
					<td class='timestamp'>2:08:46 AM</td>
					<td class='step-details'>Test passed</td>
				</tr>
			</tbody>
		</table>
	</div>
					</div>
				</li>
				
				
				<li class='test displayed active  pass' status='pass' bdd='false' test-id='33'>
					<div class='test-heading'>
						<span class='test-name'>ShowReportForDateRange</span>
						<span class='test-time'>Sep 2, 2021 02:08:51 AM</span>
						<span class='test-status right pass'>pass</span>
					</div>
					<div class='test-content hide'>
<div class='test-time-info'>
	<span class='label start-time'>Sep 2, 2021 02:08:51 AM</span>
	<span class='label end-time'>Sep 2, 2021 02:09:02 AM</span>
	<span class='label time-taken grey lighten-1 white-text'>0h 0m 10s+991ms</span>
</div>
	<div class='test-attributes'>
			<div class='category-list'>
				<span class='category label white-text'>OCMModulesTestAutomation</span>
				<span class='category label white-text'>OCMChatTransferReportTest</span>
			</div>
	</div>
	<div class='test-steps'>
		<table class='bordered table-results'>
			<thead>
				<tr>
					<th>Status</th>
					<th>Timestamp</th>
					<th>Details</th>
				</tr>
			</thead>
			<tbody>
				<tr class='log' status='pass'>
					<td class='status pass' title='pass' alt='pass'><i class='material-icons'>check_circle</i></td>
					<td class='timestamp'>2:09:02 AM</td>
					<td class='step-details'>Test passed</td>
				</tr>
			</tbody>
		</table>
	</div>
					</div>
				</li>
				
				
				<li class='test displayed active  pass' status='pass' bdd='false' test-id='34'>
					<div class='test-heading'>
						<span class='test-name'>ShowReportInNewPageForDateRange</span>
						<span class='test-time'>Sep 2, 2021 02:09:06 AM</span>
						<span class='test-status right pass'>pass</span>
					</div>
					<div class='test-content hide'>
<div class='test-time-info'>
	<span class='label start-time'>Sep 2, 2021 02:09:06 AM</span>
	<span class='label end-time'>Sep 2, 2021 02:09:17 AM</span>
	<span class='label time-taken grey lighten-1 white-text'>0h 0m 11s+418ms</span>
</div>
	<div class='test-attributes'>
			<div class='category-list'>
				<span class='category label white-text'>OCMModulesTestAutomation</span>
				<span class='category label white-text'>OCMChatTransferReportTest</span>
			</div>
	</div>
	<div class='test-steps'>
		<table class='bordered table-results'>
			<thead>
				<tr>
					<th>Status</th>
					<th>Timestamp</th>
					<th>Details</th>
				</tr>
			</thead>
			<tbody>
				<tr class='log' status='pass'>
					<td class='status pass' title='pass' alt='pass'><i class='material-icons'>check_circle</i></td>
					<td class='timestamp'>2:09:17 AM</td>
					<td class='step-details'>Test passed</td>
				</tr>
			</tbody>
		</table>
	</div>
					</div>
				</li>
				
				
				<li class='test displayed active  pass' status='pass' bdd='false' test-id='35'>
					<div class='test-heading'>
						<span class='test-name'>ExportReportForDateRange</span>
						<span class='test-time'>Sep 2, 2021 02:09:21 AM</span>
						<span class='test-status right pass'>pass</span>
					</div>
					<div class='test-content hide'>
<div class='test-time-info'>
	<span class='label start-time'>Sep 2, 2021 02:09:21 AM</span>
	<span class='label end-time'>Sep 2, 2021 02:09:31 AM</span>
	<span class='label time-taken grey lighten-1 white-text'>0h 0m 9s+331ms</span>
</div>
	<div class='test-attributes'>
			<div class='category-list'>
				<span class='category label white-text'>OCMModulesTestAutomation</span>
				<span class='category label white-text'>OCMChatTransferReportTest</span>
			</div>
	</div>
	<div class='test-steps'>
		<table class='bordered table-results'>
			<thead>
				<tr>
					<th>Status</th>
					<th>Timestamp</th>
					<th>Details</th>
				</tr>
			</thead>
			<tbody>
				<tr class='log' status='pass'>
					<td class='status pass' title='pass' alt='pass'><i class='material-icons'>check_circle</i></td>
					<td class='timestamp'>2:09:31 AM</td>
					<td class='step-details'>Test passed</td>
				</tr>
			</tbody>
		</table>
	</div>
					</div>
				</li>
				
				
				<li class='test displayed active  pass' status='pass' bdd='false' test-id='36'>
					<div class='test-heading'>
						<span class='test-name'>ViewDownloadedReportInReportDownloadsPageForDateRange</span>
						<span class='test-time'>Sep 2, 2021 02:09:35 AM</span>
						<span class='test-status right pass'>pass</span>
					</div>
					<div class='test-content hide'>
<div class='test-time-info'>
	<span class='label start-time'>Sep 2, 2021 02:09:35 AM</span>
	<span class='label end-time'>Sep 2, 2021 02:09:42 AM</span>
	<span class='label time-taken grey lighten-1 white-text'>0h 0m 6s+951ms</span>
</div>
	<div class='test-attributes'>
			<div class='category-list'>
				<span class='category label white-text'>OCMModulesTestAutomation</span>
				<span class='category label white-text'>OCMChatTransferReportTest</span>
			</div>
	</div>
	<div class='test-steps'>
		<table class='bordered table-results'>
			<thead>
				<tr>
					<th>Status</th>
					<th>Timestamp</th>
					<th>Details</th>
				</tr>
			</thead>
			<tbody>
				<tr class='log' status='pass'>
					<td class='status pass' title='pass' alt='pass'><i class='material-icons'>check_circle</i></td>
					<td class='timestamp'>2:09:42 AM</td>
					<td class='step-details'>Test passed</td>
				</tr>
			</tbody>
		</table>
	</div>
					</div>
				</li>
				
				
				<li class='test displayed active  pass' status='pass' bdd='false' test-id='37'>
					<div class='test-heading'>
						<span class='test-name'>verifyDownloadedReportData</span>
						<span class='test-time'>Sep 2, 2021 02:09:48 AM</span>
						<span class='test-status right pass'>pass</span>
					</div>
					<div class='test-content hide'>
<div class='test-time-info'>
	<span class='label start-time'>Sep 2, 2021 02:09:48 AM</span>
	<span class='label end-time'>Sep 2, 2021 02:10:02 AM</span>
	<span class='label time-taken grey lighten-1 white-text'>0h 0m 13s+705ms</span>
</div>
	<div class='test-desc'>To verification of exported excel in Report downloads </div>
	<div class='test-attributes'>
			<div class='category-list'>
				<span class='category label white-text'>OCMModulesTestAutomation</span>
				<span class='category label white-text'>OCMChatTransferReportTest</span>
			</div>
	</div>
	<div class='test-steps'>
		<table class='bordered table-results'>
			<thead>
				<tr>
					<th>Status</th>
					<th>Timestamp</th>
					<th>Details</th>
				</tr>
			</thead>
			<tbody>
				<tr class='log' status='pass'>
					<td class='status pass' title='pass' alt='pass'><i class='material-icons'>check_circle</i></td>
					<td class='timestamp'>2:10:02 AM</td>
					<td class='step-details'>Test passed</td>
				</tr>
			</tbody>
		</table>
	</div>
					</div>
				</li>
				
				
				<li class='test displayed active  pass' status='pass' bdd='false' test-id='38'>
					<div class='test-heading'>
						<span class='test-name'>ScheduleOcmChatTransferReportforDateRange</span>
						<span class='test-time'>Sep 2, 2021 02:10:06 AM</span>
						<span class='test-status right pass'>pass</span>
					</div>
					<div class='test-content hide'>
<div class='test-time-info'>
	<span class='label start-time'>Sep 2, 2021 02:10:06 AM</span>
	<span class='label end-time'>Sep 2, 2021 02:10:17 AM</span>
	<span class='label time-taken grey lighten-1 white-text'>0h 0m 11s+199ms</span>
</div>
	<div class='test-attributes'>
			<div class='category-list'>
				<span class='category label white-text'>OCMModulesTestAutomation</span>
				<span class='category label white-text'>OCMChatTransferReportTest</span>
			</div>
	</div>
	<div class='test-steps'>
		<table class='bordered table-results'>
			<thead>
				<tr>
					<th>Status</th>
					<th>Timestamp</th>
					<th>Details</th>
				</tr>
			</thead>
			<tbody>
				<tr class='log' status='pass'>
					<td class='status pass' title='pass' alt='pass'><i class='material-icons'>check_circle</i></td>
					<td class='timestamp'>2:10:17 AM</td>
					<td class='step-details'>Test passed</td>
				</tr>
			</tbody>
		</table>
	</div>
					</div>
				</li>
				
				
				<li class='test displayed active  pass' status='pass' bdd='false' test-id='39'>
					<div class='test-heading'>
						<span class='test-name'>ExportPage</span>
						<span class='test-time'>Sep 2, 2021 02:10:21 AM</span>
						<span class='test-status right pass'>pass</span>
					</div>
					<div class='test-content hide'>
<div class='test-time-info'>
	<span class='label start-time'>Sep 2, 2021 02:10:21 AM</span>
	<span class='label end-time'>Sep 2, 2021 02:10:36 AM</span>
	<span class='label time-taken grey lighten-1 white-text'>0h 0m 14s+449ms</span>
</div>
	<div class='test-attributes'>
			<div class='category-list'>
				<span class='category label white-text'>OCMModulesTestAutomation</span>
				<span class='category label white-text'>OCMChatTransferReportTest</span>
			</div>
	</div>
	<div class='test-steps'>
		<table class='bordered table-results'>
			<thead>
				<tr>
					<th>Status</th>
					<th>Timestamp</th>
					<th>Details</th>
				</tr>
			</thead>
			<tbody>
				<tr class='log' status='pass'>
					<td class='status pass' title='pass' alt='pass'><i class='material-icons'>check_circle</i></td>
					<td class='timestamp'>2:10:36 AM</td>
					<td class='step-details'>Test passed</td>
				</tr>
			</tbody>
		</table>
	</div>
					</div>
				</li>
				
				
				<li class='test displayed active  pass' status='pass' bdd='false' test-id='40'>
					<div class='test-heading'>
						<span class='test-name'>VerifyExportedPage</span>
						<span class='test-time'>Sep 2, 2021 02:10:40 AM</span>
						<span class='test-status right pass'>pass</span>
					</div>
					<div class='test-content hide'>
<div class='test-time-info'>
	<span class='label start-time'>Sep 2, 2021 02:10:40 AM</span>
	<span class='label end-time'>Sep 2, 2021 02:10:57 AM</span>
	<span class='label time-taken grey lighten-1 white-text'>0h 0m 16s+745ms</span>
</div>
	<div class='test-desc'>To Verify Exported Page Against UI </div>
	<div class='test-attributes'>
			<div class='category-list'>
				<span class='category label white-text'>OCMModulesTestAutomation</span>
				<span class='category label white-text'>OCMChatTransferReportTest</span>
			</div>
	</div>
	<div class='test-steps'>
		<table class='bordered table-results'>
			<thead>
				<tr>
					<th>Status</th>
					<th>Timestamp</th>
					<th>Details</th>
				</tr>
			</thead>
			<tbody>
				<tr class='log' status='pass'>
					<td class='status pass' title='pass' alt='pass'><i class='material-icons'>check_circle</i></td>
					<td class='timestamp'>2:10:57 AM</td>
					<td class='step-details'>Test passed</td>
				</tr>
			</tbody>
		</table>
	</div>
					</div>
				</li>
				
				
				<li class='test displayed active  pass' status='pass' bdd='false' test-id='41'>
					<div class='test-heading'>
						<span class='test-name'>SchedulereportinchatTransferpage</span>
						<span class='test-time'>Sep 2, 2021 02:11:02 AM</span>
						<span class='test-status right pass'>pass</span>
					</div>
					<div class='test-content hide'>
<div class='test-time-info'>
	<span class='label start-time'>Sep 2, 2021 02:11:02 AM</span>
	<span class='label end-time'>Sep 2, 2021 02:11:14 AM</span>
	<span class='label time-taken grey lighten-1 white-text'>0h 0m 12s+673ms</span>
</div>
	<div class='test-attributes'>
			<div class='category-list'>
				<span class='category label white-text'>OCMModulesTestAutomation</span>
				<span class='category label white-text'>OCMChatTransferReportTest</span>
			</div>
	</div>
	<div class='test-steps'>
		<table class='bordered table-results'>
			<thead>
				<tr>
					<th>Status</th>
					<th>Timestamp</th>
					<th>Details</th>
				</tr>
			</thead>
			<tbody>
				<tr class='log' status='pass'>
					<td class='status pass' title='pass' alt='pass'><i class='material-icons'>check_circle</i></td>
					<td class='timestamp'>2:11:14 AM</td>
					<td class='step-details'>Test passed</td>
				</tr>
			</tbody>
		</table>
	</div>
					</div>
				</li>
				
				
				<li class='test displayed active  pass' status='pass' bdd='false' test-id='42'>
					<div class='test-heading'>
						<span class='test-name'>ExportToExcel</span>
						<span class='test-time'>Sep 2, 2021 02:11:19 AM</span>
						<span class='test-status right pass'>pass</span>
					</div>
					<div class='test-content hide'>
<div class='test-time-info'>
	<span class='label start-time'>Sep 2, 2021 02:11:19 AM</span>
	<span class='label end-time'>Sep 2, 2021 02:11:30 AM</span>
	<span class='label time-taken grey lighten-1 white-text'>0h 0m 11s+297ms</span>
</div>
	<div class='test-attributes'>
			<div class='category-list'>
				<span class='category label white-text'>OCMModulesTestAutomation</span>
				<span class='category label white-text'>OCMChatTransferReportTest</span>
			</div>
	</div>
	<div class='test-steps'>
		<table class='bordered table-results'>
			<thead>
				<tr>
					<th>Status</th>
					<th>Timestamp</th>
					<th>Details</th>
				</tr>
			</thead>
			<tbody>
				<tr class='log' status='pass'>
					<td class='status pass' title='pass' alt='pass'><i class='material-icons'>check_circle</i></td>
					<td class='timestamp'>2:11:30 AM</td>
					<td class='step-details'>Test passed</td>
				</tr>
			</tbody>
		</table>
	</div>
					</div>
				</li>
				
				
				<li class='test displayed active  pass' status='pass' bdd='false' test-id='43'>
					<div class='test-heading'>
						<span class='test-name'>ViewExportedExcelDataInReportDownloadsPage</span>
						<span class='test-time'>Sep 2, 2021 02:11:35 AM</span>
						<span class='test-status right pass'>pass</span>
					</div>
					<div class='test-content hide'>
<div class='test-time-info'>
	<span class='label start-time'>Sep 2, 2021 02:11:35 AM</span>
	<span class='label end-time'>Sep 2, 2021 02:11:52 AM</span>
	<span class='label time-taken grey lighten-1 white-text'>0h 0m 17s+276ms</span>
</div>
	<div class='test-attributes'>
			<div class='category-list'>
				<span class='category label white-text'>OCMModulesTestAutomation</span>
				<span class='category label white-text'>OCMChatTransferReportTest</span>
			</div>
	</div>
	<div class='test-steps'>
		<table class='bordered table-results'>
			<thead>
				<tr>
					<th>Status</th>
					<th>Timestamp</th>
					<th>Details</th>
				</tr>
			</thead>
			<tbody>
				<tr class='log' status='pass'>
					<td class='status pass' title='pass' alt='pass'><i class='material-icons'>check_circle</i></td>
					<td class='timestamp'>2:11:52 AM</td>
					<td class='step-details'>Test passed</td>
				</tr>
			</tbody>
		</table>
	</div>
					</div>
				</li>
				
				
				<li class='test displayed active  pass' status='pass' bdd='false' test-id='44'>
					<div class='test-heading'>
						<span class='test-name'>verifyExportedExcelData</span>
						<span class='test-time'>Sep 2, 2021 02:11:56 AM</span>
						<span class='test-status right pass'>pass</span>
					</div>
					<div class='test-content hide'>
<div class='test-time-info'>
	<span class='label start-time'>Sep 2, 2021 02:11:56 AM</span>
	<span class='label end-time'>Sep 2, 2021 02:12:10 AM</span>
	<span class='label time-taken grey lighten-1 white-text'>0h 0m 13s+775ms</span>
</div>
	<div class='test-desc'>To verification of exported excel in Report downloads </div>
	<div class='test-attributes'>
			<div class='category-list'>
				<span class='category label white-text'>OCMModulesTestAutomation</span>
				<span class='category label white-text'>OCMChatTransferReportTest</span>
			</div>
	</div>
	<div class='test-steps'>
		<table class='bordered table-results'>
			<thead>
				<tr>
					<th>Status</th>
					<th>Timestamp</th>
					<th>Details</th>
				</tr>
			</thead>
			<tbody>
				<tr class='log' status='pass'>
					<td class='status pass' title='pass' alt='pass'><i class='material-icons'>check_circle</i></td>
					<td class='timestamp'>2:12:10 AM</td>
					<td class='step-details'>Test passed</td>
				</tr>
			</tbody>
		</table>
	</div>
					</div>
				</li>
				
				
				<li class='test displayed active  fail' status='fail' bdd='false' test-id='45'>
					<div class='test-heading'>
						<span class='test-name'>DeleteRecordWithoutDeleteReasonInReportDownloadsForDateRange</span>
						<span class='test-time'>Sep 2, 2021 02:12:14 AM</span>
						<span class='test-status right fail'>fail</span>
					</div>
					<div class='test-content hide'>
<div class='test-time-info'>
	<span class='label start-time'>Sep 2, 2021 02:12:14 AM</span>
	<span class='label end-time'>Sep 2, 2021 02:12:21 AM</span>
	<span class='label time-taken grey lighten-1 white-text'>0h 0m 6s+352ms</span>
</div>
	<div class='test-desc'>Delete record in Reports Download without Delete reason for date range </div>
	<div class='test-attributes'>
			<div class='category-list'>
				<span class='category label white-text'>OCMModulesTestAutomation</span>
				<span class='category label white-text'>OCMChatTransferReportTest</span>
			</div>
	</div>
	<div class='test-steps'>
		<table class='bordered table-results'>
			<thead>
				<tr>
					<th>Status</th>
					<th>Timestamp</th>
					<th>Details</th>
				</tr>
			</thead>
			<tbody>
				<tr class='log' status='fail'>
					<td class='status fail' title='fail' alt='fail'><i class='material-icons'>cancel</i></td>
					<td class='timestamp'>2:12:21 AM</td>
					<td class='step-details'>Test Failed</td>
				</tr>
				<tr class='log' status='fail'>
					<td class='status fail' title='fail' alt='fail'><i class='material-icons'>cancel</i></td>
					<td class='timestamp'>2:12:21 AM</td>
					<td class='step-details'><pre>java.lang.AssertionError: empty delete reason record assertion failed did not expect to find [true] but found [false]
	at org.testng.Assert.fail(Assert.java:97)
	at org.testng.Assert.failNotEquals(Assert.java:969)
	at org.testng.Assert.assertTrue(Assert.java:43)
	at com.tetherfi.test.reports.OCMChatTransferReportTest.DeleteRecordWithoutDeleteReasonInReportDownloadsForDateRange(OCMChatTransferReportTest.java:534)
	at sun.reflect.NativeMethodAccessorImpl.invoke0(Native Method)
	at sun.reflect.NativeMethodAccessorImpl.invoke(Unknown Source)
	at sun.reflect.DelegatingMethodAccessorImpl.invoke(Unknown Source)
	at java.lang.reflect.Method.invoke(Unknown Source)
	at org.testng.internal.MethodInvocationHelper.invokeMethod(MethodInvocationHelper.java:133)
	at org.testng.internal.TestInvoker.invokeMethod(TestInvoker.java:584)
	at org.testng.internal.TestInvoker.invokeTestMethod(TestInvoker.java:172)
	at org.testng.internal.MethodRunner.runInSequence(MethodRunner.java:46)
	at org.testng.internal.TestInvoker$MethodInvocationAgent.invoke(TestInvoker.java:804)
	at org.testng.internal.TestInvoker.invokeTestMethods(TestInvoker.java:145)
	at org.testng.internal.TestMethodWorker.invokeTestMethods(TestMethodWorker.java:146)
	at org.testng.internal.TestMethodWorker.run(TestMethodWorker.java:128)
	at java.util.ArrayList.forEach(Unknown Source)
	at org.testng.TestRunner.privateRun(TestRunner.java:770)
	at org.testng.TestRunner.run(TestRunner.java:591)
	at org.testng.SuiteRunner.runTest(SuiteRunner.java:402)
	at org.testng.SuiteRunner.runSequentially(SuiteRunner.java:396)
	at org.testng.SuiteRunner.privateRun(SuiteRunner.java:355)
	at org.testng.SuiteRunner.run(SuiteRunner.java:304)
	at org.testng.SuiteRunnerWorker.runSuite(SuiteRunnerWorker.java:53)
	at org.testng.SuiteRunnerWorker.run(SuiteRunnerWorker.java:96)
	at org.testng.TestNG.runSuitesSequentially(TestNG.java:1180)
	at org.testng.TestNG.runSuitesLocally(TestNG.java:1102)
	at org.testng.TestNG.runSuites(TestNG.java:1032)
	at org.testng.TestNG.run(TestNG.java:1000)
	at org.testng.remote.AbstractRemoteTestNG.run(AbstractRemoteTestNG.java:115)
	at org.testng.remote.RemoteTestNG.initAndRun(RemoteTestNG.java:251)
	at org.testng.remote.RemoteTestNG.main(RemoteTestNG.java:77)
</pre></td>
				</tr>
			</tbody>
		</table>
	</div>
					</div>
				</li>
				
				
				<li class='test displayed active  pass' status='pass' bdd='false' test-id='46'>
					<div class='test-heading'>
						<span class='test-name'>VerifyDeleteCancelBtnInReportDownloadsPage</span>
						<span class='test-time'>Sep 2, 2021 02:12:25 AM</span>
						<span class='test-status right pass'>pass</span>
					</div>
					<div class='test-content hide'>
<div class='test-time-info'>
	<span class='label start-time'>Sep 2, 2021 02:12:25 AM</span>
	<span class='label end-time'>Sep 2, 2021 02:12:54 AM</span>
	<span class='label time-taken grey lighten-1 white-text'>0h 0m 28s+813ms</span>
</div>
	<div class='test-desc'>Cancel Button in Reports Download Delete Button </div>
	<div class='test-attributes'>
			<div class='category-list'>
				<span class='category label white-text'>OCMModulesTestAutomation</span>
				<span class='category label white-text'>OCMChatTransferReportTest</span>
			</div>
	</div>
	<div class='test-steps'>
		<table class='bordered table-results'>
			<thead>
				<tr>
					<th>Status</th>
					<th>Timestamp</th>
					<th>Details</th>
				</tr>
			</thead>
			<tbody>
				<tr class='log' status='pass'>
					<td class='status pass' title='pass' alt='pass'><i class='material-icons'>check_circle</i></td>
					<td class='timestamp'>2:12:54 AM</td>
					<td class='step-details'>Test passed</td>
				</tr>
			</tbody>
		</table>
	</div>
					</div>
				</li>
				
				
				<li class='test displayed active  fail' status='fail' bdd='false' test-id='47'>
					<div class='test-heading'>
						<span class='test-name'>DeleteRecordInReportDownloadsPage</span>
						<span class='test-time'>Sep 2, 2021 02:12:58 AM</span>
						<span class='test-status right fail'>fail</span>
					</div>
					<div class='test-content hide'>
<div class='test-time-info'>
	<span class='label start-time'>Sep 2, 2021 02:12:58 AM</span>
	<span class='label end-time'>Sep 2, 2021 02:13:03 AM</span>
	<span class='label time-taken grey lighten-1 white-text'>0h 0m 5s+272ms</span>
</div>
	<div class='test-desc'>Delete Record at Reports download Button </div>
	<div class='test-attributes'>
			<div class='category-list'>
				<span class='category label white-text'>OCMModulesTestAutomation</span>
				<span class='category label white-text'>OCMChatTransferReportTest</span>
			</div>
	</div>
	<div class='test-steps'>
		<table class='bordered table-results'>
			<thead>
				<tr>
					<th>Status</th>
					<th>Timestamp</th>
					<th>Details</th>
				</tr>
			</thead>
			<tbody>
				<tr class='log' status='fail'>
					<td class='status fail' title='fail' alt='fail'><i class='material-icons'>cancel</i></td>
					<td class='timestamp'>2:13:03 AM</td>
					<td class='step-details'>Test Failed</td>
				</tr>
				<tr class='log' status='fail'>
					<td class='status fail' title='fail' alt='fail'><i class='material-icons'>cancel</i></td>
					<td class='timestamp'>2:13:03 AM</td>
					<td class='step-details'><pre>java.lang.IllegalArgumentException: Keys to send should be a not null CharSequence
	at org.openqa.selenium.remote.RemoteWebElement.sendKeys(RemoteWebElement.java:97)
	at sun.reflect.GeneratedMethodAccessor5.invoke(Unknown Source)
	at sun.reflect.DelegatingMethodAccessorImpl.invoke(Unknown Source)
	at java.lang.reflect.Method.invoke(Unknown Source)
	at org.openqa.selenium.support.pagefactory.internal.LocatingElementHandler.invoke(LocatingElementHandler.java:51)
	at com.sun.proxy.$Proxy11.sendKeys(Unknown Source)
	at com.tetherfi.pages.BasePage.enterValueToTxtFieldWithoutClear(BasePage.java:184)
	at com.tetherfi.pages.OCMReportsPage.deleteRecordAtReportsDownloadsPage(OCMReportsPage.java:6760)
	at com.tetherfi.test.reports.OCMChatTransferReportTest.DeleteRecordInReportDownloadsPage(OCMChatTransferReportTest.java:555)
	at sun.reflect.NativeMethodAccessorImpl.invoke0(Native Method)
	at sun.reflect.NativeMethodAccessorImpl.invoke(Unknown Source)
	at sun.reflect.DelegatingMethodAccessorImpl.invoke(Unknown Source)
	at java.lang.reflect.Method.invoke(Unknown Source)
	at org.testng.internal.MethodInvocationHelper.invokeMethod(MethodInvocationHelper.java:133)
	at org.testng.internal.TestInvoker.invokeMethod(TestInvoker.java:584)
	at org.testng.internal.TestInvoker.invokeTestMethod(TestInvoker.java:172)
	at org.testng.internal.MethodRunner.runInSequence(MethodRunner.java:46)
	at org.testng.internal.TestInvoker$MethodInvocationAgent.invoke(TestInvoker.java:804)
	at org.testng.internal.TestInvoker.invokeTestMethods(TestInvoker.java:145)
	at org.testng.internal.TestMethodWorker.invokeTestMethods(TestMethodWorker.java:146)
	at org.testng.internal.TestMethodWorker.run(TestMethodWorker.java:128)
	at java.util.ArrayList.forEach(Unknown Source)
	at org.testng.TestRunner.privateRun(TestRunner.java:770)
	at org.testng.TestRunner.run(TestRunner.java:591)
	at org.testng.SuiteRunner.runTest(SuiteRunner.java:402)
	at org.testng.SuiteRunner.runSequentially(SuiteRunner.java:396)
	at org.testng.SuiteRunner.privateRun(SuiteRunner.java:355)
	at org.testng.SuiteRunner.run(SuiteRunner.java:304)
	at org.testng.SuiteRunnerWorker.runSuite(SuiteRunnerWorker.java:53)
	at org.testng.SuiteRunnerWorker.run(SuiteRunnerWorker.java:96)
	at org.testng.TestNG.runSuitesSequentially(TestNG.java:1180)
	at org.testng.TestNG.runSuitesLocally(TestNG.java:1102)
	at org.testng.TestNG.runSuites(TestNG.java:1032)
	at org.testng.TestNG.run(TestNG.java:1000)
	at org.testng.remote.AbstractRemoteTestNG.run(AbstractRemoteTestNG.java:115)
	at org.testng.remote.RemoteTestNG.initAndRun(RemoteTestNG.java:251)
	at org.testng.remote.RemoteTestNG.main(RemoteTestNG.java:77)
</pre></td>
				</tr>
			</tbody>
		</table>
	</div>
					</div>
				</li>
			</ul>
		</div>
	</div>
	<!-- subview left -->

	<div class='subview-right left'>
		<div class='view-summary'>
			<h5 class='test-name'></h5>

			<div id='step-filters' class="right">
				<span class="blue-text" status="info" alt="info" title="info"><i class="material-icons">info_outline</i></span>
				<span class="green-text" status="pass" alt="pass" title="pass"><i class="material-icons">check_circle</i></span>
				<span class="red-text" status="fail" alt="fail" title="fail"><i class="material-icons">cancel</i></span>
				<span class="red-text text-darken-4" status="fatal" alt="fatal" title="fatal"><i class="material-icons">cancel</i></span>
				<span class="pink-text text-lighten-1" status="error" alt="error" title="error"><i class="material-icons">error</i></span>
				<span class="orange-text" alt="warning" status="warning" title="warning"><i class="material-icons">warning</i></span>
				<span class="teal-text" status="skip" alt="skip" title="skip"><i class="material-icons">redo</i></span>
				<span status="clear" alt="Clear filters" title="Clear filters"><i class="material-icons">clear</i></span>
			</div>
		</div>
	</div>
	<!-- subview right -->

</div>
<!-- test view -->
<div id='category-view' class='view hide'>

	<section id='controls'>
		<div class='controls grey lighten-4'>
			<!-- search -->
			<div class='chip transparent' alt='Search Tests' title='Search Tests'>
				<a href="#" class='search-div'>
					<i class='material-icons'>search</i> Search
				</a>
				
				<div class='input-field left hide'>
					<input id='search-tests' type='text' class='validate browser-default' placeholder='Search Tests...'>
				</div>
				
			</div>
			<!-- search -->
		</div>
	</section>

	<div class='subview-left left'>
		
		<div class='view-summary'>
			<h5>Categories</h3>
			<ul id='category-collection' class='category-collection'>
				
				<li class='category displayed active'>
					<div class='category-heading'>
						<span class='category-name'>OCMModulesTestAutomation</span>
						<span class='category-status right'>
							<span class='label pass'>44</span>
							<span class='label fail'>3</span>
						</span>
					</div>
					<div class='category-content hide'>
						<div class='category-status-counts'>
							<span class='label green accent-4 white-text'>Passed: 44</span>
							<span class='label red lighten-1 white-text'>Failed: 3</span>
							
						</div>
					
						<div class='category-tests'>
							<table class='bordered table-results'>
								<thead>
									<tr>
										<th>Timestamp</th>
										<th>TestName</th>
										<th>Status</th>
									</tr>
								</thead>
								<tbody>
									<tr>
										<td>Sep 2, 2021 01:57:26 AM</td>
										<td class='linked' test-id='1'>ShowReport</td>
										<td><span class='test-status pass'>pass</span></td>
									</tr>
									<tr>
										<td>Sep 2, 2021 01:57:47 AM</td>
										<td class='linked' test-id='2'>ShowReportInNewPage</td>
										<td><span class='test-status pass'>pass</span></td>
									</tr>
									<tr>
										<td>Sep 2, 2021 01:58:04 AM</td>
										<td class='linked' test-id='3'>database</td>
										<td><span class='test-status fail'>fail</span></td>
									</tr>
									<tr>
										<td>Sep 2, 2021 01:58:26 AM</td>
										<td class='linked' test-id='4'>VerifySearchByFeature</td>
										<td><span class='test-status pass'>pass</span></td>
									</tr>
									<tr>
										<td>Sep 2, 2021 01:58:49 AM</td>
										<td class='linked' test-id='5'>VerifySearchIsEqualTo</td>
										<td><span class='test-status pass'>pass</span></td>
									</tr>
									<tr>
										<td>Sep 2, 2021 01:59:13 AM</td>
										<td class='linked' test-id='6'>searchwithoutSearchTextbox</td>
										<td><span class='test-status pass'>pass</span></td>
									</tr>
									<tr>
										<td>Sep 2, 2021 01:59:34 AM</td>
										<td class='linked' test-id='7'>VerifySearchIsNotEqualTo</td>
										<td><span class='test-status pass'>pass</span></td>
									</tr>
									<tr>
										<td>Sep 2, 2021 01:59:56 AM</td>
										<td class='linked' test-id='8'>VerifySearchContains</td>
										<td><span class='test-status pass'>pass</span></td>
									</tr>
									<tr>
										<td>Sep 2, 2021 02:00:19 AM</td>
										<td class='linked' test-id='9'>VerifySearchDoesNotContains</td>
										<td><span class='test-status pass'>pass</span></td>
									</tr>
									<tr>
										<td>Sep 2, 2021 02:00:41 AM</td>
										<td class='linked' test-id='10'>VerifySearchStartsWith</td>
										<td><span class='test-status pass'>pass</span></td>
									</tr>
									<tr>
										<td>Sep 2, 2021 02:01:05 AM</td>
										<td class='linked' test-id='11'>VerifySearchEndsWith</td>
										<td><span class='test-status pass'>pass</span></td>
									</tr>
									<tr>
										<td>Sep 2, 2021 02:01:27 AM</td>
										<td class='linked' test-id='12'>SearchClearSearch</td>
										<td><span class='test-status pass'>pass</span></td>
									</tr>
									<tr>
										<td>Sep 2, 2021 02:01:48 AM</td>
										<td class='linked' test-id='13'>verifyAdvancedSearchIsEqualTo</td>
										<td><span class='test-status pass'>pass</span></td>
									</tr>
									<tr>
										<td>Sep 2, 2021 02:02:13 AM</td>
										<td class='linked' test-id='14'>verifyAdvancedSearchIsNotEqualTo</td>
										<td><span class='test-status pass'>pass</span></td>
									</tr>
									<tr>
										<td>Sep 2, 2021 02:02:39 AM</td>
										<td class='linked' test-id='15'>verifyAdvancedSearchContainsCriteria</td>
										<td><span class='test-status pass'>pass</span></td>
									</tr>
									<tr>
										<td>Sep 2, 2021 02:03:04 AM</td>
										<td class='linked' test-id='16'>verifyAdvancedSearchDoesnotContainsCriteria</td>
										<td><span class='test-status pass'>pass</span></td>
									</tr>
									<tr>
										<td>Sep 2, 2021 02:03:30 AM</td>
										<td class='linked' test-id='17'>verifyAdvancedSearchStartsWithCriteria</td>
										<td><span class='test-status pass'>pass</span></td>
									</tr>
									<tr>
										<td>Sep 2, 2021 02:03:56 AM</td>
										<td class='linked' test-id='18'>verifyAdvancedSearchEndsWithCriteria</td>
										<td><span class='test-status pass'>pass</span></td>
									</tr>
									<tr>
										<td>Sep 2, 2021 02:04:21 AM</td>
										<td class='linked' test-id='19'>ClearfiltersAdvSrch</td>
										<td><span class='test-status pass'>pass</span></td>
									</tr>
									<tr>
										<td>Sep 2, 2021 02:04:42 AM</td>
										<td class='linked' test-id='20'>GroupBy</td>
										<td><span class='test-status pass'>pass</span></td>
									</tr>
									<tr>
										<td>Sep 2, 2021 02:05:09 AM</td>
										<td class='linked' test-id='21'>ClearAll</td>
										<td><span class='test-status pass'>pass</span></td>
									</tr>
									<tr>
										<td>Sep 2, 2021 02:05:22 AM</td>
										<td class='linked' test-id='22'>OCMWindow</td>
										<td><span class='test-status pass'>pass</span></td>
									</tr>
									<tr>
										<td>Sep 2, 2021 02:05:39 AM</td>
										<td class='linked' test-id='23'>VerifyDropdownForAllTheColumns</td>
										<td><span class='test-status pass'>pass</span></td>
									</tr>
									<tr>
										<td>Sep 2, 2021 02:06:11 AM</td>
										<td class='linked' test-id='24'>VerifyColumnsHeaderEnable</td>
										<td><span class='test-status pass'>pass</span></td>
									</tr>
									<tr>
										<td>Sep 2, 2021 02:06:37 AM</td>
										<td class='linked' test-id='25'>VerifyColumnsHeaderDisable</td>
										<td><span class='test-status pass'>pass</span></td>
									</tr>
									<tr>
										<td>Sep 2, 2021 02:07:06 AM</td>
										<td class='linked' test-id='26'>VerifyArrowMoveForPreviousAndNextPage</td>
										<td><span class='test-status pass'>pass</span></td>
									</tr>
									<tr>
										<td>Sep 2, 2021 02:07:22 AM</td>
										<td class='linked' test-id='27'>VerifyArrowMoveForFirstAndLastPage</td>
										<td><span class='test-status pass'>pass</span></td>
									</tr>
									<tr>
										<td>Sep 2, 2021 02:07:37 AM</td>
										<td class='linked' test-id='28'>VerifyTotalNumberOfItemsPerPageDetails</td>
										<td><span class='test-status pass'>pass</span></td>
									</tr>
									<tr>
										<td>Sep 2, 2021 02:07:53 AM</td>
										<td class='linked' test-id='29'>ScheduleOCMChatTransferReport</td>
										<td><span class='test-status pass'>pass</span></td>
									</tr>
									<tr>
										<td>Sep 2, 2021 02:08:07 AM</td>
										<td class='linked' test-id='30'>ExportReportForSingleDate</td>
										<td><span class='test-status pass'>pass</span></td>
									</tr>
									<tr>
										<td>Sep 2, 2021 02:08:21 AM</td>
										<td class='linked' test-id='31'>ViewDownloadedReportInReportDownloadsPage</td>
										<td><span class='test-status pass'>pass</span></td>
									</tr>
									<tr>
										<td>Sep 2, 2021 02:08:33 AM</td>
										<td class='linked' test-id='32'>verifyExportedData</td>
										<td><span class='test-status pass'>pass</span></td>
									</tr>
									<tr>
										<td>Sep 2, 2021 02:08:51 AM</td>
										<td class='linked' test-id='33'>ShowReportForDateRange</td>
										<td><span class='test-status pass'>pass</span></td>
									</tr>
									<tr>
										<td>Sep 2, 2021 02:09:06 AM</td>
										<td class='linked' test-id='34'>ShowReportInNewPageForDateRange</td>
										<td><span class='test-status pass'>pass</span></td>
									</tr>
									<tr>
										<td>Sep 2, 2021 02:09:21 AM</td>
										<td class='linked' test-id='35'>ExportReportForDateRange</td>
										<td><span class='test-status pass'>pass</span></td>
									</tr>
									<tr>
										<td>Sep 2, 2021 02:09:35 AM</td>
										<td class='linked' test-id='36'>ViewDownloadedReportInReportDownloadsPageForDateRange</td>
										<td><span class='test-status pass'>pass</span></td>
									</tr>
									<tr>
										<td>Sep 2, 2021 02:09:48 AM</td>
										<td class='linked' test-id='37'>verifyDownloadedReportData</td>
										<td><span class='test-status pass'>pass</span></td>
									</tr>
									<tr>
										<td>Sep 2, 2021 02:10:06 AM</td>
										<td class='linked' test-id='38'>ScheduleOcmChatTransferReportforDateRange</td>
										<td><span class='test-status pass'>pass</span></td>
									</tr>
									<tr>
										<td>Sep 2, 2021 02:10:21 AM</td>
										<td class='linked' test-id='39'>ExportPage</td>
										<td><span class='test-status pass'>pass</span></td>
									</tr>
									<tr>
										<td>Sep 2, 2021 02:10:40 AM</td>
										<td class='linked' test-id='40'>VerifyExportedPage</td>
										<td><span class='test-status pass'>pass</span></td>
									</tr>
									<tr>
										<td>Sep 2, 2021 02:11:02 AM</td>
										<td class='linked' test-id='41'>SchedulereportinchatTransferpage</td>
										<td><span class='test-status pass'>pass</span></td>
									</tr>
									<tr>
										<td>Sep 2, 2021 02:11:19 AM</td>
										<td class='linked' test-id='42'>ExportToExcel</td>
										<td><span class='test-status pass'>pass</span></td>
									</tr>
									<tr>
										<td>Sep 2, 2021 02:11:35 AM</td>
										<td class='linked' test-id='43'>ViewExportedExcelDataInReportDownloadsPage</td>
										<td><span class='test-status pass'>pass</span></td>
									</tr>
									<tr>
										<td>Sep 2, 2021 02:11:56 AM</td>
										<td class='linked' test-id='44'>verifyExportedExcelData</td>
										<td><span class='test-status pass'>pass</span></td>
									</tr>
									<tr>
										<td>Sep 2, 2021 02:12:14 AM</td>
										<td class='linked' test-id='45'>DeleteRecordWithoutDeleteReasonInReportDownloadsForDateRange</td>
										<td><span class='test-status fail'>fail</span></td>
									</tr>
									<tr>
										<td>Sep 2, 2021 02:12:25 AM</td>
										<td class='linked' test-id='46'>VerifyDeleteCancelBtnInReportDownloadsPage</td>
										<td><span class='test-status pass'>pass</span></td>
									</tr>
									<tr>
										<td>Sep 2, 2021 02:12:58 AM</td>
										<td class='linked' test-id='47'>DeleteRecordInReportDownloadsPage</td>
										<td><span class='test-status fail'>fail</span></td>
									</tr>
								</tbody>
							</table>
						</div>
					</div>
				</li>
				<li class='category displayed active'>
					<div class='category-heading'>
						<span class='category-name'>OCMChatTransferReportTest</span>
						<span class='category-status right'>
							<span class='label pass'>44</span>
							<span class='label fail'>3</span>
						</span>
					</div>
					<div class='category-content hide'>
						<div class='category-status-counts'>
							<span class='label green accent-4 white-text'>Passed: 44</span>
							<span class='label red lighten-1 white-text'>Failed: 3</span>
							
						</div>
					
						<div class='category-tests'>
							<table class='bordered table-results'>
								<thead>
									<tr>
										<th>Timestamp</th>
										<th>TestName</th>
										<th>Status</th>
									</tr>
								</thead>
								<tbody>
									<tr>
										<td>Sep 2, 2021 01:57:26 AM</td>
										<td class='linked' test-id='1'>ShowReport</td>
										<td><span class='test-status pass'>pass</span></td>
									</tr>
									<tr>
										<td>Sep 2, 2021 01:57:47 AM</td>
										<td class='linked' test-id='2'>ShowReportInNewPage</td>
										<td><span class='test-status pass'>pass</span></td>
									</tr>
									<tr>
										<td>Sep 2, 2021 01:58:04 AM</td>
										<td class='linked' test-id='3'>database</td>
										<td><span class='test-status fail'>fail</span></td>
									</tr>
									<tr>
										<td>Sep 2, 2021 01:58:26 AM</td>
										<td class='linked' test-id='4'>VerifySearchByFeature</td>
										<td><span class='test-status pass'>pass</span></td>
									</tr>
									<tr>
										<td>Sep 2, 2021 01:58:49 AM</td>
										<td class='linked' test-id='5'>VerifySearchIsEqualTo</td>
										<td><span class='test-status pass'>pass</span></td>
									</tr>
									<tr>
										<td>Sep 2, 2021 01:59:13 AM</td>
										<td class='linked' test-id='6'>searchwithoutSearchTextbox</td>
										<td><span class='test-status pass'>pass</span></td>
									</tr>
									<tr>
										<td>Sep 2, 2021 01:59:34 AM</td>
										<td class='linked' test-id='7'>VerifySearchIsNotEqualTo</td>
										<td><span class='test-status pass'>pass</span></td>
									</tr>
									<tr>
										<td>Sep 2, 2021 01:59:56 AM</td>
										<td class='linked' test-id='8'>VerifySearchContains</td>
										<td><span class='test-status pass'>pass</span></td>
									</tr>
									<tr>
										<td>Sep 2, 2021 02:00:19 AM</td>
										<td class='linked' test-id='9'>VerifySearchDoesNotContains</td>
										<td><span class='test-status pass'>pass</span></td>
									</tr>
									<tr>
										<td>Sep 2, 2021 02:00:41 AM</td>
										<td class='linked' test-id='10'>VerifySearchStartsWith</td>
										<td><span class='test-status pass'>pass</span></td>
									</tr>
									<tr>
										<td>Sep 2, 2021 02:01:05 AM</td>
										<td class='linked' test-id='11'>VerifySearchEndsWith</td>
										<td><span class='test-status pass'>pass</span></td>
									</tr>
									<tr>
										<td>Sep 2, 2021 02:01:27 AM</td>
										<td class='linked' test-id='12'>SearchClearSearch</td>
										<td><span class='test-status pass'>pass</span></td>
									</tr>
									<tr>
										<td>Sep 2, 2021 02:01:48 AM</td>
										<td class='linked' test-id='13'>verifyAdvancedSearchIsEqualTo</td>
										<td><span class='test-status pass'>pass</span></td>
									</tr>
									<tr>
										<td>Sep 2, 2021 02:02:13 AM</td>
										<td class='linked' test-id='14'>verifyAdvancedSearchIsNotEqualTo</td>
										<td><span class='test-status pass'>pass</span></td>
									</tr>
									<tr>
										<td>Sep 2, 2021 02:02:39 AM</td>
										<td class='linked' test-id='15'>verifyAdvancedSearchContainsCriteria</td>
										<td><span class='test-status pass'>pass</span></td>
									</tr>
									<tr>
										<td>Sep 2, 2021 02:03:04 AM</td>
										<td class='linked' test-id='16'>verifyAdvancedSearchDoesnotContainsCriteria</td>
										<td><span class='test-status pass'>pass</span></td>
									</tr>
									<tr>
										<td>Sep 2, 2021 02:03:30 AM</td>
										<td class='linked' test-id='17'>verifyAdvancedSearchStartsWithCriteria</td>
										<td><span class='test-status pass'>pass</span></td>
									</tr>
									<tr>
										<td>Sep 2, 2021 02:03:56 AM</td>
										<td class='linked' test-id='18'>verifyAdvancedSearchEndsWithCriteria</td>
										<td><span class='test-status pass'>pass</span></td>
									</tr>
									<tr>
										<td>Sep 2, 2021 02:04:21 AM</td>
										<td class='linked' test-id='19'>ClearfiltersAdvSrch</td>
										<td><span class='test-status pass'>pass</span></td>
									</tr>
									<tr>
										<td>Sep 2, 2021 02:04:42 AM</td>
										<td class='linked' test-id='20'>GroupBy</td>
										<td><span class='test-status pass'>pass</span></td>
									</tr>
									<tr>
										<td>Sep 2, 2021 02:05:09 AM</td>
										<td class='linked' test-id='21'>ClearAll</td>
										<td><span class='test-status pass'>pass</span></td>
									</tr>
									<tr>
										<td>Sep 2, 2021 02:05:22 AM</td>
										<td class='linked' test-id='22'>OCMWindow</td>
										<td><span class='test-status pass'>pass</span></td>
									</tr>
									<tr>
										<td>Sep 2, 2021 02:05:39 AM</td>
										<td class='linked' test-id='23'>VerifyDropdownForAllTheColumns</td>
										<td><span class='test-status pass'>pass</span></td>
									</tr>
									<tr>
										<td>Sep 2, 2021 02:06:11 AM</td>
										<td class='linked' test-id='24'>VerifyColumnsHeaderEnable</td>
										<td><span class='test-status pass'>pass</span></td>
									</tr>
									<tr>
										<td>Sep 2, 2021 02:06:37 AM</td>
										<td class='linked' test-id='25'>VerifyColumnsHeaderDisable</td>
										<td><span class='test-status pass'>pass</span></td>
									</tr>
									<tr>
										<td>Sep 2, 2021 02:07:06 AM</td>
										<td class='linked' test-id='26'>VerifyArrowMoveForPreviousAndNextPage</td>
										<td><span class='test-status pass'>pass</span></td>
									</tr>
									<tr>
										<td>Sep 2, 2021 02:07:22 AM</td>
										<td class='linked' test-id='27'>VerifyArrowMoveForFirstAndLastPage</td>
										<td><span class='test-status pass'>pass</span></td>
									</tr>
									<tr>
										<td>Sep 2, 2021 02:07:37 AM</td>
										<td class='linked' test-id='28'>VerifyTotalNumberOfItemsPerPageDetails</td>
										<td><span class='test-status pass'>pass</span></td>
									</tr>
									<tr>
										<td>Sep 2, 2021 02:07:53 AM</td>
										<td class='linked' test-id='29'>ScheduleOCMChatTransferReport</td>
										<td><span class='test-status pass'>pass</span></td>
									</tr>
									<tr>
										<td>Sep 2, 2021 02:08:07 AM</td>
										<td class='linked' test-id='30'>ExportReportForSingleDate</td>
										<td><span class='test-status pass'>pass</span></td>
									</tr>
									<tr>
										<td>Sep 2, 2021 02:08:21 AM</td>
										<td class='linked' test-id='31'>ViewDownloadedReportInReportDownloadsPage</td>
										<td><span class='test-status pass'>pass</span></td>
									</tr>
									<tr>
										<td>Sep 2, 2021 02:08:33 AM</td>
										<td class='linked' test-id='32'>verifyExportedData</td>
										<td><span class='test-status pass'>pass</span></td>
									</tr>
									<tr>
										<td>Sep 2, 2021 02:08:51 AM</td>
										<td class='linked' test-id='33'>ShowReportForDateRange</td>
										<td><span class='test-status pass'>pass</span></td>
									</tr>
									<tr>
										<td>Sep 2, 2021 02:09:06 AM</td>
										<td class='linked' test-id='34'>ShowReportInNewPageForDateRange</td>
										<td><span class='test-status pass'>pass</span></td>
									</tr>
									<tr>
										<td>Sep 2, 2021 02:09:21 AM</td>
										<td class='linked' test-id='35'>ExportReportForDateRange</td>
										<td><span class='test-status pass'>pass</span></td>
									</tr>
									<tr>
										<td>Sep 2, 2021 02:09:35 AM</td>
										<td class='linked' test-id='36'>ViewDownloadedReportInReportDownloadsPageForDateRange</td>
										<td><span class='test-status pass'>pass</span></td>
									</tr>
									<tr>
										<td>Sep 2, 2021 02:09:48 AM</td>
										<td class='linked' test-id='37'>verifyDownloadedReportData</td>
										<td><span class='test-status pass'>pass</span></td>
									</tr>
									<tr>
										<td>Sep 2, 2021 02:10:06 AM</td>
										<td class='linked' test-id='38'>ScheduleOcmChatTransferReportforDateRange</td>
										<td><span class='test-status pass'>pass</span></td>
									</tr>
									<tr>
										<td>Sep 2, 2021 02:10:21 AM</td>
										<td class='linked' test-id='39'>ExportPage</td>
										<td><span class='test-status pass'>pass</span></td>
									</tr>
									<tr>
										<td>Sep 2, 2021 02:10:40 AM</td>
										<td class='linked' test-id='40'>VerifyExportedPage</td>
										<td><span class='test-status pass'>pass</span></td>
									</tr>
									<tr>
										<td>Sep 2, 2021 02:11:02 AM</td>
										<td class='linked' test-id='41'>SchedulereportinchatTransferpage</td>
										<td><span class='test-status pass'>pass</span></td>
									</tr>
									<tr>
										<td>Sep 2, 2021 02:11:19 AM</td>
										<td class='linked' test-id='42'>ExportToExcel</td>
										<td><span class='test-status pass'>pass</span></td>
									</tr>
									<tr>
										<td>Sep 2, 2021 02:11:35 AM</td>
										<td class='linked' test-id='43'>ViewExportedExcelDataInReportDownloadsPage</td>
										<td><span class='test-status pass'>pass</span></td>
									</tr>
									<tr>
										<td>Sep 2, 2021 02:11:56 AM</td>
										<td class='linked' test-id='44'>verifyExportedExcelData</td>
										<td><span class='test-status pass'>pass</span></td>
									</tr>
									<tr>
										<td>Sep 2, 2021 02:12:14 AM</td>
										<td class='linked' test-id='45'>DeleteRecordWithoutDeleteReasonInReportDownloadsForDateRange</td>
										<td><span class='test-status fail'>fail</span></td>
									</tr>
									<tr>
										<td>Sep 2, 2021 02:12:25 AM</td>
										<td class='linked' test-id='46'>VerifyDeleteCancelBtnInReportDownloadsPage</td>
										<td><span class='test-status pass'>pass</span></td>
									</tr>
									<tr>
										<td>Sep 2, 2021 02:12:58 AM</td>
										<td class='linked' test-id='47'>DeleteRecordInReportDownloadsPage</td>
										<td><span class='test-status fail'>fail</span></td>
									</tr>
								</tbody>
							</table>
						</div>
					</div>
				</li>

			</ul>
		</div>
	</div>

	<div class='subview-right left'>
		<div class='view-summary'>
			<h5 class='category-name'></h5>
		</div>
	</div>
</div>
<!-- category view -->
<div id='exception-view' class='view hide'>

    <section id='controls'>
        <div class='controls grey lighten-4'>
            <!-- search -->
            <div class='chip transparent' alt='Search Tests' title='Search Tests'>
                <a href="#" class='search-div'>
                    <i class='material-icons'>search</i> Search
                </a>

                <div class='input-field left hide'>
                    <input id='search-tests' type='text' class='validate browser-default' placeholder='Search Tests...'>
                </div>

            </div>
            <!-- search -->
        </div>
    </section>

    <div class='subview-left left'>

        <div class='view-summary'>
            <h5>Exceptions</h3>
                <ul id='exception-collection' class='exception-collection'>

                        <li class='exception displayed active'>
                            <div class='exception-heading'>
                                <span class='exception-name'>java.lang.AssertionError</span>
                                <span class='exception-count right'><span class='label red lighten-1 white-text'>2</span></span>
                            </div>
                            <div class='exception-content hide'>
                                <div class='exception-tests'>
                                    <table class='bordered table-results'>
                                        <thead>
                                        <tr>
                                            <th>Timestamp</th>
                                            <th>TestName</th>
                                            <th>Status</th>
                                        </tr>
                                        </thead>
                                        <tbody>
                                                    <tr>
                                                        <td>Sep 2, 2021 01:58:04 AM</td>
                                                        <td class='linked' test-id='3'>database</td>
                                                        <td><pre><pre>java.lang.AssertionError: Main report Data Mismatch did not expect to find [true] but found [false]
	at org.testng.Assert.fail(Assert.java:97)
	at org.testng.Assert.failNotEquals(Assert.java:969)
	at org.testng.Assert.assertTrue(Assert.java:43)
	at com.tetherfi.test.reports.OCMChatTransferReportTest.database(OCMChatTransferReportTest.java:59)
	at sun.reflect.NativeMethodAccessorImpl.invoke0(Native Method)
	at sun.reflect.NativeMethodAccessorImpl.invoke(Unknown Source)
	at sun.reflect.DelegatingMethodAccessorImpl.invoke(Unknown Source)
	at java.lang.reflect.Method.invoke(Unknown Source)
	at org.testng.internal.MethodInvocationHelper.invokeMethod(MethodInvocationHelper.java:133)
	at org.testng.internal.TestInvoker.invokeMethod(TestInvoker.java:584)
	at org.testng.internal.TestInvoker.invokeTestMethod(TestInvoker.java:172)
	at org.testng.internal.MethodRunner.runInSequence(MethodRunner.java:46)
	at org.testng.internal.TestInvoker$MethodInvocationAgent.invoke(TestInvoker.java:804)
	at org.testng.internal.TestInvoker.invokeTestMethods(TestInvoker.java:145)
	at org.testng.internal.TestMethodWorker.invokeTestMethods(TestMethodWorker.java:146)
	at org.testng.internal.TestMethodWorker.run(TestMethodWorker.java:128)
	at java.util.ArrayList.forEach(Unknown Source)
	at org.testng.TestRunner.privateRun(TestRunner.java:770)
	at org.testng.TestRunner.run(TestRunner.java:591)
	at org.testng.SuiteRunner.runTest(SuiteRunner.java:402)
	at org.testng.SuiteRunner.runSequentially(SuiteRunner.java:396)
	at org.testng.SuiteRunner.privateRun(SuiteRunner.java:355)
	at org.testng.SuiteRunner.run(SuiteRunner.java:304)
	at org.testng.SuiteRunnerWorker.runSuite(SuiteRunnerWorker.java:53)
	at org.testng.SuiteRunnerWorker.run(SuiteRunnerWorker.java:96)
	at org.testng.TestNG.runSuitesSequentially(TestNG.java:1180)
	at org.testng.TestNG.runSuitesLocally(TestNG.java:1102)
	at org.testng.TestNG.runSuites(TestNG.java:1032)
	at org.testng.TestNG.run(TestNG.java:1000)
	at org.testng.remote.AbstractRemoteTestNG.run(AbstractRemoteTestNG.java:115)
	at org.testng.remote.RemoteTestNG.initAndRun(RemoteTestNG.java:251)
	at org.testng.remote.RemoteTestNG.main(RemoteTestNG.java:77)
</pre></pre></td>
                                                    </tr>
                                                    <tr>
                                                        <td>Sep 2, 2021 02:12:14 AM</td>
                                                        <td class='linked' test-id='45'>DeleteRecordWithoutDeleteReasonInReportDownloadsForDateRange</td>
                                                        <td><pre><pre>java.lang.AssertionError: empty delete reason record assertion failed did not expect to find [true] but found [false]
	at org.testng.Assert.fail(Assert.java:97)
	at org.testng.Assert.failNotEquals(Assert.java:969)
	at org.testng.Assert.assertTrue(Assert.java:43)
	at com.tetherfi.test.reports.OCMChatTransferReportTest.DeleteRecordWithoutDeleteReasonInReportDownloadsForDateRange(OCMChatTransferReportTest.java:534)
	at sun.reflect.NativeMethodAccessorImpl.invoke0(Native Method)
	at sun.reflect.NativeMethodAccessorImpl.invoke(Unknown Source)
	at sun.reflect.DelegatingMethodAccessorImpl.invoke(Unknown Source)
	at java.lang.reflect.Method.invoke(Unknown Source)
	at org.testng.internal.MethodInvocationHelper.invokeMethod(MethodInvocationHelper.java:133)
	at org.testng.internal.TestInvoker.invokeMethod(TestInvoker.java:584)
	at org.testng.internal.TestInvoker.invokeTestMethod(TestInvoker.java:172)
	at org.testng.internal.MethodRunner.runInSequence(MethodRunner.java:46)
	at org.testng.internal.TestInvoker$MethodInvocationAgent.invoke(TestInvoker.java:804)
	at org.testng.internal.TestInvoker.invokeTestMethods(TestInvoker.java:145)
	at org.testng.internal.TestMethodWorker.invokeTestMethods(TestMethodWorker.java:146)
	at org.testng.internal.TestMethodWorker.run(TestMethodWorker.java:128)
	at java.util.ArrayList.forEach(Unknown Source)
	at org.testng.TestRunner.privateRun(TestRunner.java:770)
	at org.testng.TestRunner.run(TestRunner.java:591)
	at org.testng.SuiteRunner.runTest(SuiteRunner.java:402)
	at org.testng.SuiteRunner.runSequentially(SuiteRunner.java:396)
	at org.testng.SuiteRunner.privateRun(SuiteRunner.java:355)
	at org.testng.SuiteRunner.run(SuiteRunner.java:304)
	at org.testng.SuiteRunnerWorker.runSuite(SuiteRunnerWorker.java:53)
	at org.testng.SuiteRunnerWorker.run(SuiteRunnerWorker.java:96)
	at org.testng.TestNG.runSuitesSequentially(TestNG.java:1180)
	at org.testng.TestNG.runSuitesLocally(TestNG.java:1102)
	at org.testng.TestNG.runSuites(TestNG.java:1032)
	at org.testng.TestNG.run(TestNG.java:1000)
	at org.testng.remote.AbstractRemoteTestNG.run(AbstractRemoteTestNG.java:115)
	at org.testng.remote.RemoteTestNG.initAndRun(RemoteTestNG.java:251)
	at org.testng.remote.RemoteTestNG.main(RemoteTestNG.java:77)
</pre></pre></td>
                                                    </tr>
                                        </tbody>
                                    </table>
                                </div>
                            </div>
                        </li>
                        <li class='exception displayed active'>
                            <div class='exception-heading'>
                                <span class='exception-name'>java.lang.IllegalArgumentException</span>
                                <span class='exception-count right'><span class='label red lighten-1 white-text'>1</span></span>
                            </div>
                            <div class='exception-content hide'>
                                <div class='exception-tests'>
                                    <table class='bordered table-results'>
                                        <thead>
                                        <tr>
                                            <th>Timestamp</th>
                                            <th>TestName</th>
                                            <th>Status</th>
                                        </tr>
                                        </thead>
                                        <tbody>
                                                    <tr>
                                                        <td>Sep 2, 2021 02:12:58 AM</td>
                                                        <td class='linked' test-id='47'>DeleteRecordInReportDownloadsPage</td>
                                                        <td><pre><pre>java.lang.IllegalArgumentException: Keys to send should be a not null CharSequence
	at org.openqa.selenium.remote.RemoteWebElement.sendKeys(RemoteWebElement.java:97)
	at sun.reflect.GeneratedMethodAccessor5.invoke(Unknown Source)
	at sun.reflect.DelegatingMethodAccessorImpl.invoke(Unknown Source)
	at java.lang.reflect.Method.invoke(Unknown Source)
	at org.openqa.selenium.support.pagefactory.internal.LocatingElementHandler.invoke(LocatingElementHandler.java:51)
	at com.sun.proxy.$Proxy11.sendKeys(Unknown Source)
	at com.tetherfi.pages.BasePage.enterValueToTxtFieldWithoutClear(BasePage.java:184)
	at com.tetherfi.pages.OCMReportsPage.deleteRecordAtReportsDownloadsPage(OCMReportsPage.java:6760)
	at com.tetherfi.test.reports.OCMChatTransferReportTest.DeleteRecordInReportDownloadsPage(OCMChatTransferReportTest.java:555)
	at sun.reflect.NativeMethodAccessorImpl.invoke0(Native Method)
	at sun.reflect.NativeMethodAccessorImpl.invoke(Unknown Source)
	at sun.reflect.DelegatingMethodAccessorImpl.invoke(Unknown Source)
	at java.lang.reflect.Method.invoke(Unknown Source)
	at org.testng.internal.MethodInvocationHelper.invokeMethod(MethodInvocationHelper.java:133)
	at org.testng.internal.TestInvoker.invokeMethod(TestInvoker.java:584)
	at org.testng.internal.TestInvoker.invokeTestMethod(TestInvoker.java:172)
	at org.testng.internal.MethodRunner.runInSequence(MethodRunner.java:46)
	at org.testng.internal.TestInvoker$MethodInvocationAgent.invoke(TestInvoker.java:804)
	at org.testng.internal.TestInvoker.invokeTestMethods(TestInvoker.java:145)
	at org.testng.internal.TestMethodWorker.invokeTestMethods(TestMethodWorker.java:146)
	at org.testng.internal.TestMethodWorker.run(TestMethodWorker.java:128)
	at java.util.ArrayList.forEach(Unknown Source)
	at org.testng.TestRunner.privateRun(TestRunner.java:770)
	at org.testng.TestRunner.run(TestRunner.java:591)
	at org.testng.SuiteRunner.runTest(SuiteRunner.java:402)
	at org.testng.SuiteRunner.runSequentially(SuiteRunner.java:396)
	at org.testng.SuiteRunner.privateRun(SuiteRunner.java:355)
	at org.testng.SuiteRunner.run(SuiteRunner.java:304)
	at org.testng.SuiteRunnerWorker.runSuite(SuiteRunnerWorker.java:53)
	at org.testng.SuiteRunnerWorker.run(SuiteRunnerWorker.java:96)
	at org.testng.TestNG.runSuitesSequentially(TestNG.java:1180)
	at org.testng.TestNG.runSuitesLocally(TestNG.java:1102)
	at org.testng.TestNG.runSuites(TestNG.java:1032)
	at org.testng.TestNG.run(TestNG.java:1000)
	at org.testng.remote.AbstractRemoteTestNG.run(AbstractRemoteTestNG.java:115)
	at org.testng.remote.RemoteTestNG.initAndRun(RemoteTestNG.java:251)
	at org.testng.remote.RemoteTestNG.main(RemoteTestNG.java:77)
</pre></pre></td>
                                                    </tr>
                                        </tbody>
                                    </table>
                                </div>
                            </div>
                        </li>
                </ul>
        </div>
    </div>

    <div class='subview-right left'>
        <div class='view-summary'>
            <h5 class='exception-name'></h5>
        </div>
    </div>
</div>
<!-- exception view -->
<div id='dashboard-view' class='view hide'>
	<div class='card-panel transparent np-v'>
		<h5>Dashboard</h5>

		<div class='row'>
			<div class='col s2'>
				<div class='card-panel r'>
					Tests
					<div class='panel-lead'>47</div>
				</div>
			</div>
			<div class='col s2'>
				<div class='card-panel r'>
					Steps
					<div class='panel-lead'>0</div>
				</div>
			</div>
			<div class='col s2'>
				<div class='card-panel r'>
					Start
					<div class='panel-lead'>Sep 2, 2021 01:56:59 AM</div>
				</div>
			</div>
			<div class='col s2'>
				<div class='card-panel r'>
			 		End
			 		<div class='panel-lead'>Sep 2, 2021 02:13:08 AM</div>
				</div>
			</div>
			<div class='col s2'>
				<div class='card-panel r'>
					Time Taken
					<div class='panel-lead'>0h 16m 9s+545ms</div>
				</div>
			</div>
			<div class='col s6'>
				<div class='card-panel dashboard-categories'>
					<span class='right label cyan white-text'>Categories</span><p>&nbsp;</p>
					
					<table>
						<tr>
							<th>Name</th>
							<th>Passed</th>
							<th>Failed</th>
							<th>Others</th>
							<th>Passed %</th>
						</tr>
						<tr>
							<td>OCMModulesTestAutomation</td>
							<td>44</td>
							<td>3</td>
							<td>0</td>
							<td>
									93.617%
							</td>
						</tr>
						<tr>
							<td>OCMChatTransferReportTest</td>
							<td>44</td>
							<td>3</td>
							<td>0</td>
							<td>
									93.617%
							</td>
						</tr>
					</table>
				</div>
			</div>
		</div>
	</div>
</div>
<!-- dashboard view -->
<!-- testrunner-logs view -->
		</div>
		<!-- container -->

		<script>
			var statusGroup = {
				passParent: 44,
				failParent: 3,
				fatalParent: 0,
				errorParent: 0,
				warningParent: 0,
				skipParent: 0,
				exceptionsParent: 3,
				
				passChild: 0,
				failChild: 0,
				fatalChild: 0,
				errorChild: 0,
				warningChild: 0,
				skipChild: 0,
				infoChild: 0,
				exceptionsChild: 0,
				
				passGrandChild: 0,
				failGrandChild: 0,
				fatalGrandChild: 0,
				errorGrandChild: 0,
				warningGrandChild: 0,
				skipGrandChild: 0,
				infoGrandChild: 0,
				exceptionsGrandChild: 0,
			};
		</script>
		
			<script src='https://cdn.rawgit.com/anshooarora/extentreports-java/fca20fb7653aade98810546ab96a2a4360e3e712/dist/js/extent.js' type='text/javascript'></script>
		
		
 		<script type='text/javascript'>
 		</script>
	</body>
	
</html>
