<?xml version="1.0" encoding="UTF-8"?>
<!-- Generated by org.testng.reporters.JUnitXMLReporter -->
<testsuite ignored="0" hostname="DESKTOP-O6A5C2O" failures="1" tests="28" name="BranchManagementCreateTest " time="1508.838" errors="0" timestamp="2020-02-10T17:01:09 IST">
  <testcase classname="com.tetherfi.test.ivr.BranchManagementCreateTest" name="VerifyAddCancelButton" time="36.566">
    <failure type="org.openqa.selenium.TimeoutException" message="Expected condition failed: waiting for visibility of Proxy element for: DefaultElementLocator &amp;apos;By.cssSelector: .k-grid-cancel&amp;apos; (tried for 30 second(s) with 500 milliseconds interval)">
      <![CDATA[org.openqa.selenium.TimeoutException: Expected condition failed: waiting for visibility of Proxy element for: DefaultElementLocator 'By.cssSelector: .k-grid-cancel' (tried for 30 second(s) with 500 milliseconds interval)
at org.openqa.selenium.support.ui.WebDriverWait.timeoutException(WebDriverWait.java:95)
at org.openqa.selenium.support.ui.FluentWait.until(FluentWait.java:272)
at com.tetherfi.pages.BasePage.waitUntilWebElementIsVisible(BasePage.java:127)
at com.tetherfi.pages.BasePage.selectWebElement(BasePage.java:198)
at com.tetherfi.pages.BranchManagementPage.addCancelButton(BranchManagementPage.java:883)
at com.tetherfi.test.ivr.BranchManagementCreateTest.VerifyAddCancelButton(BranchManagementCreateTest.java:76)
at java.base/java.util.ArrayList.forEach(Unknown Source)
Caused by: org.openqa.selenium.NoSuchElementException: no such element: Unable to locate element: {"method":"css selector","selector":".k-grid-cancel"}
  (Session info: chrome=78.0.3904.97)
For documentation on this error, please visit: https://www.seleniumhq.org/exceptions/no_such_element.html
Build info: version: '3.141.59', revision: 'e82be7d358', time: '2018-11-14T08:17:03'
System info: host: 'DESKTOP-O6A5C2O', ip: '10.0.75.1', os.name: 'Windows 10', os.arch: 'amd64', os.version: '10.0', java.version: '9.0.4'
Driver info: org.openqa.selenium.chrome.ChromeDriver
Capabilities {acceptInsecureCerts: false, browserName: chrome, browserVersion: 78.0.3904.97, chrome: {chromedriverVersion: 78.0.3904.105 (60e2d8774a81..., userDataDir: C:\Users\admin\AppData\Loca...}, goog:chromeOptions: {debuggerAddress: localhost:63670}, javascriptEnabled: true, networkConnectionEnabled: false, pageLoadStrategy: normal, platform: XP, platformName: XP, proxy: Proxy(), setWindowRect: true, strictFileInteractability: false, timeouts: {implicit: 0, pageLoad: 300000, script: 30000}, unhandledPromptBehavior: dismiss and notify}
Session ID: 6b8e605fae62e79d6547f00d56fc8962
*** Element info: {Using=css selector, value=.k-grid-cancel}
at org.openqa.selenium.remote.http.W3CHttpResponseCodec.createException(W3CHttpResponseCodec.java:187)
at org.openqa.selenium.remote.http.W3CHttpResponseCodec.decode(W3CHttpResponseCodec.java:122)
at org.openqa.selenium.remote.http.W3CHttpResponseCodec.decode(W3CHttpResponseCodec.java:49)
at org.openqa.selenium.remote.HttpCommandExecutor.execute(HttpCommandExecutor.java:158)
at org.openqa.selenium.remote.service.DriverCommandExecutor.execute(DriverCommandExecutor.java:83)
at org.openqa.selenium.remote.RemoteWebDriver.execute(RemoteWebDriver.java:552)
at org.openqa.selenium.remote.RemoteWebDriver.findElement(RemoteWebDriver.java:323)
at org.openqa.selenium.remote.RemoteWebDriver.findElementByCssSelector(RemoteWebDriver.java:420)
at org.openqa.selenium.By$ByCssSelector.findElement(By.java:431)
at org.openqa.selenium.remote.RemoteWebDriver.findElement(RemoteWebDriver.java:315)
at org.openqa.selenium.support.pagefactory.DefaultElementLocator.findElement(DefaultElementLocator.java:69)
at org.openqa.selenium.support.pagefactory.internal.LocatingElementHandler.invoke(LocatingElementHandler.java:38)
at com.sun.proxy.$Proxy14.isDisplayed(Unknown Source)
at org.openqa.selenium.support.ui.ExpectedConditions.elementIfVisible(ExpectedConditions.java:314)
at org.openqa.selenium.support.ui.ExpectedConditions.access$000(ExpectedConditions.java:43)
at org.openqa.selenium.support.ui.ExpectedConditions$10.apply(ExpectedConditions.java:300)
at org.openqa.selenium.support.ui.ExpectedConditions$10.apply(ExpectedConditions.java:297)
at org.openqa.selenium.support.ui.FluentWait.until(FluentWait.java:249)
... 32 more
... Removed 30 stack frames]]>
    </failure>
  </testcase> <!-- VerifyAddCancelButton -->
  <testcase classname="com.tetherfi.test.ivr.BranchManagementCreateTest" name="VerifyAddRecordwithoutMainLines" time="21.364"/>
  <testcase classname="com.tetherfi.test.ivr.BranchManagementCreateTest" name="VerifyAddRecordWithoutSubLines" time="19.913"/>
  <testcase classname="com.tetherfi.test.ivr.BranchManagementCreateTest" name="VerifyAddRecordWithoutLocation" time="20.772"/>
  <testcase classname="com.tetherfi.test.ivr.BranchManagementCreateTest" name="VerifyAddRecordWithoutBranchType" time="19.798"/>
  <testcase classname="com.tetherfi.test.ivr.BranchManagementCreateTest" name="VerifyAddRecordWithoutBranchName" time="21.984"/>
  <testcase classname="com.tetherfi.test.ivr.BranchManagementCreateTest" name="VerifyAddRecordWithoutAddress" time="17.126"/>
  <testcase classname="com.tetherfi.test.ivr.BranchManagementCreateTest" name="VerifyAddRecordWithoutLineOrder" time="20.34"/>
  <testcase classname="com.tetherfi.test.ivr.BranchManagementCreateTest" name="VerifyAddRecordWithoutStatus" time="21.555"/>
  <testcase classname="com.tetherfi.test.ivr.BranchManagementCreateTest" name="VerifyAddRecordWithoutLanguage" time="20.548"/>
  <testcase classname="com.tetherfi.test.ivr.BranchManagementCreateTest" name="AddRevertRecord" time="24.605"/>
  <testcase classname="com.tetherfi.test.ivr.BranchManagementCreateTest" name="VerifyRevertForAddNewRecord" time="9.937"/>
  <testcase classname="com.tetherfi.test.ivr.BranchManagementCreateTest" name="VerifyApprovedDataSectionWithoutApproval" time="3.964"/>
  <testcase classname="com.tetherfi.test.ivr.BranchManagementCreateTest" name="VerifyAuditTrailReportForRevert" time="23.842"/>
  <testcase classname="com.tetherfi.test.ivr.BranchManagementCreateTest" name="AddRejectRecord" time="22.911"/>
  <testcase classname="com.tetherfi.test.ivr.BranchManagementCreateTest" name="VerifySendForApprovalForAddNewRecord" time="10.128"/>
  <testcase classname="com.tetherfi.test.ivr.BranchManagementCreateTest" name="RejectforAddNewBranchManagementRecord" time="9.987"/>
  <testcase classname="com.tetherfi.test.ivr.BranchManagementCreateTest" name="VerifyAuditTrailReportForReject" time="24.006"/>
  <testcase classname="com.tetherfi.test.ivr.BranchManagementCreateTest" name="VerifyRecordAfterRejection" time="3.301"/>
  <testcase classname="com.tetherfi.test.ivr.BranchManagementCreateTest" name="AddNewBranchManagementRecord" time="30.088"/>
  <testcase classname="com.tetherfi.test.ivr.BranchManagementCreateTest" name="VerifyAuditTrailReportForCreate" time="24.036"/>
  <testcase classname="com.tetherfi.test.ivr.BranchManagementCreateTest" name="VerifyAuditTrailDataForAddNewBranchManagementRecord" time="5.928"/>
  <testcase classname="com.tetherfi.test.ivr.BranchManagementCreateTest" name="VerifySendForApprovalForAddNewBranchManagementRecord" time="9.964"/>
  <testcase classname="com.tetherfi.test.ivr.BranchManagementCreateTest" name="VerifyAuditTrailReportForSendForApproval" time="23.347"/>
  <testcase classname="com.tetherfi.test.ivr.BranchManagementCreateTest" name="ApproveforAddNewBranchManagementRecord" time="11.985"/>
  <testcase classname="com.tetherfi.test.ivr.BranchManagementCreateTest" name="VerifyAuditTrailReportForApprove" time="23.348"/>
  <testcase classname="com.tetherfi.test.ivr.BranchManagementCreateTest" name="VerifyRecordApprovedDataSectionafterApproval" time="3.906"/>
  <testcase classname="com.tetherfi.test.ivr.BranchManagementCreateTest" name="AddDuplicateRecord" time="22.052"/>
</testsuite> <!-- BranchManagementCreateTest  -->
