<?xml version="1.0" encoding="UTF-8"?>
<!-- Generated by org.testng.reporters.JUnitXMLReporter -->
<testsuite ignored="0" hostname="DESKTOP-O6A5C2O" failures="2" tests="28" name="BranchManagementCreateTest" time="1433.778" errors="0" timestamp="2020-02-04T18:40:10 IST">
  <testcase classname="com.tetherfi.test.ivr.BranchManagementCreateTest" name="VerifyAddCancelButton" time="4.754"/>
  <testcase classname="com.tetherfi.test.ivr.BranchManagementCreateTest" name="VerifyAddRecordwithoutMainLines" time="18.683"/>
  <testcase classname="com.tetherfi.test.ivr.BranchManagementCreateTest" name="VerifyAddRecordWithoutSubLines" time="19.572"/>
  <testcase classname="com.tetherfi.test.ivr.BranchManagementCreateTest" name="VerifyAddRecordWithoutLocation" time="20.451"/>
  <testcase classname="com.tetherfi.test.ivr.BranchManagementCreateTest" name="VerifyAddRecordWithoutBranchType" time="33.626"/>
  <testcase classname="com.tetherfi.test.ivr.BranchManagementCreateTest" name="VerifyAddRecordWithoutBranchName" time="16.893"/>
  <testcase classname="com.tetherfi.test.ivr.BranchManagementCreateTest" name="VerifyAddRecordWithoutAddress" time="17.825"/>
  <testcase classname="com.tetherfi.test.ivr.BranchManagementCreateTest" name="VerifyAddRecordWithoutLineOrder" time="19.242"/>
  <testcase classname="com.tetherfi.test.ivr.BranchManagementCreateTest" name="VerifyAddRecordWithoutStatus" time="18.376"/>
  <testcase classname="com.tetherfi.test.ivr.BranchManagementCreateTest" name="VerifyAddRecordWithoutLanguage" time="25.884"/>
  <testcase classname="com.tetherfi.test.ivr.BranchManagementCreateTest" name="AddRevertRecord" time="22.027"/>
  <testcase classname="com.tetherfi.test.ivr.BranchManagementCreateTest" name="VerifyRevertForAddNewRecord" time="10.005"/>
  <testcase classname="com.tetherfi.test.ivr.BranchManagementCreateTest" name="VerifyApprovedDataSectionWithoutApproval" time="3.552"/>
  <testcase classname="com.tetherfi.test.ivr.BranchManagementCreateTest" name="VerifyAuditTrailReportForRevert" time="23.75"/>
  <testcase classname="com.tetherfi.test.ivr.BranchManagementCreateTest" name="AddRejectRecord" time="22.756"/>
  <testcase classname="com.tetherfi.test.ivr.BranchManagementCreateTest" name="VerifySendForApprovalForAddNewRecord" time="10.098"/>
  <testcase classname="com.tetherfi.test.ivr.BranchManagementCreateTest" name="RejectforAddNewBranchManagementRecord" time="10.006"/>
  <testcase classname="com.tetherfi.test.ivr.BranchManagementCreateTest" name="VerifyAuditTrailReportForReject" time="22.796"/>
  <testcase classname="com.tetherfi.test.ivr.BranchManagementCreateTest" name="VerifyRecordAfterRejection" time="4.03"/>
  <testcase classname="com.tetherfi.test.ivr.BranchManagementCreateTest" name="AddNewBranchManagementRecord" time="25.598"/>
  <testcase classname="com.tetherfi.test.ivr.BranchManagementCreateTest" name="VerifyAuditTrailReportForCreate" time="23.485"/>
  <testcase classname="com.tetherfi.test.ivr.BranchManagementCreateTest" name="VerifyAuditTrailDataForAddNewBranchManagementRecord" time="5.879"/>
  <testcase classname="com.tetherfi.test.ivr.BranchManagementCreateTest" name="VerifySendForApprovalForAddNewBranchManagementRecord" time="10.093"/>
  <testcase classname="com.tetherfi.test.ivr.BranchManagementCreateTest" name="VerifyAuditTrailReportForSendForApproval" time="29.88"/>
  <testcase classname="com.tetherfi.test.ivr.BranchManagementCreateTest" name="ApproveforAddNewBranchManagementRecord" time="37.27">
    <failure type="org.openqa.selenium.TimeoutException" message="Expected condition failed: waiting for visibility of Proxy element for: DefaultElementLocator &amp;apos;By.cssSelector: .toast-message&amp;apos; (tried for 30 second(s) with 500 milliseconds interval)">
      <![CDATA[org.openqa.selenium.TimeoutException: Expected condition failed: waiting for visibility of Proxy element for: DefaultElementLocator 'By.cssSelector: .toast-message' (tried for 30 second(s) with 500 milliseconds interval)
at org.openqa.selenium.support.ui.WebDriverWait.timeoutException(WebDriverWait.java:95)
at org.openqa.selenium.support.ui.FluentWait.until(FluentWait.java:272)
at com.tetherfi.pages.BasePage.waitUntilWebElementIsVisible(BasePage.java:127)
at com.tetherfi.pages.BranchManagementPage.getSuccessMessage(BranchManagementPage.java:856)
at com.tetherfi.pages.BranchManagementPage.verifyMessage(BranchManagementPage.java:1633)
at com.tetherfi.test.ivr.BranchManagementCreateTest.ApproveforAddNewBranchManagementRecord(BranchManagementCreateTest.java:326)
at java.base/java.util.ArrayList.forEach(Unknown Source)
Caused by: org.openqa.selenium.NoSuchElementException: no such element: Unable to locate element: {"method":"css selector","selector":".toast-message"}
  (Session info: chrome=79.0.3945.130)
For documentation on this error, please visit: https://www.seleniumhq.org/exceptions/no_such_element.html
Build info: version: '3.141.59', revision: 'e82be7d358', time: '2018-11-14T08:17:03'
System info: host: 'DESKTOP-O6A5C2O', ip: '10.0.75.1', os.name: 'Windows 10', os.arch: 'amd64', os.version: '10.0', java.version: '9.0.4'
Driver info: org.openqa.selenium.chrome.ChromeDriver
Capabilities {acceptInsecureCerts: false, browserName: chrome, browserVersion: 79.0.3945.130, chrome: {chromedriverVersion: 78.0.3904.70 (edb9c9f3de024..., userDataDir: C:\Users\admin\AppData\Loca...}, goog:chromeOptions: {debuggerAddress: localhost:54035}, javascriptEnabled: true, networkConnectionEnabled: false, pageLoadStrategy: normal, platform: XP, platformName: XP, proxy: Proxy(), setWindowRect: true, strictFileInteractability: false, timeouts: {implicit: 0, pageLoad: 300000, script: 30000}, unhandledPromptBehavior: dismiss and notify}
Session ID: 288b41d4e473adf88252ae22de1ed786
*** Element info: {Using=css selector, value=.toast-message}
at org.openqa.selenium.remote.http.W3CHttpResponseCodec.createException(W3CHttpResponseCodec.java:187)
at org.openqa.selenium.remote.http.W3CHttpResponseCodec.decode(W3CHttpResponseCodec.java:122)
at org.openqa.selenium.remote.http.W3CHttpResponseCodec.decode(W3CHttpResponseCodec.java:49)
at org.openqa.selenium.remote.HttpCommandExecutor.execute(HttpCommandExecutor.java:158)
at org.openqa.selenium.remote.service.DriverCommandExecutor.execute(DriverCommandExecutor.java:83)
at org.openqa.selenium.remote.RemoteWebDriver.execute(RemoteWebDriver.java:552)
at org.openqa.selenium.remote.RemoteWebDriver.findElement(RemoteWebDriver.java:323)
at org.openqa.selenium.remote.RemoteWebDriver.findElementByCssSelector(RemoteWebDriver.java:420)
at org.openqa.selenium.By$ByCssSelector.findElement(By.java:431)
at org.openqa.selenium.remote.RemoteWebDriver.findElement(RemoteWebDriver.java:315)
at org.openqa.selenium.support.pagefactory.DefaultElementLocator.findElement(DefaultElementLocator.java:69)
at org.openqa.selenium.support.pagefactory.internal.LocatingElementHandler.invoke(LocatingElementHandler.java:38)
at com.sun.proxy.$Proxy14.isDisplayed(Unknown Source)
at org.openqa.selenium.support.ui.ExpectedConditions.elementIfVisible(ExpectedConditions.java:314)
at org.openqa.selenium.support.ui.ExpectedConditions.access$000(ExpectedConditions.java:43)
at org.openqa.selenium.support.ui.ExpectedConditions$10.apply(ExpectedConditions.java:300)
at org.openqa.selenium.support.ui.ExpectedConditions$10.apply(ExpectedConditions.java:297)
at org.openqa.selenium.support.ui.FluentWait.until(FluentWait.java:249)
... 32 more
... Removed 30 stack frames]]>
    </failure>
  </testcase> <!-- ApproveforAddNewBranchManagementRecord -->
  <testcase classname="com.tetherfi.test.ivr.BranchManagementCreateTest" name="VerifyAuditTrailReportForApprove" time="0.0">
    <skipped/>
  </testcase> <!-- VerifyAuditTrailReportForApprove -->
  <testcase classname="com.tetherfi.test.ivr.BranchManagementCreateTest" name="VerifyRecordApprovedDataSectionafterApproval" time="0.0">
    <skipped/>
  </testcase> <!-- VerifyRecordApprovedDataSectionafterApproval -->
  <testcase classname="com.tetherfi.test.ivr.BranchManagementCreateTest" name="AddDuplicateRecord" time="37.486">
    <failure type="org.openqa.selenium.TimeoutException" message="Expected condition failed: waiting for visibility of Proxy element for: DefaultElementLocator &amp;apos;By.cssSelector: span[aria-owns=&amp;apos;MainLines_listbox&amp;apos;]&amp;apos; (tried for 30 second(s) with 500 milliseconds interval)">
      <![CDATA[org.openqa.selenium.TimeoutException: Expected condition failed: waiting for visibility of Proxy element for: DefaultElementLocator 'By.cssSelector: span[aria-owns='MainLines_listbox']' (tried for 30 second(s) with 500 milliseconds interval)
at org.openqa.selenium.support.ui.WebDriverWait.timeoutException(WebDriverWait.java:95)
at org.openqa.selenium.support.ui.FluentWait.until(FluentWait.java:272)
at com.tetherfi.pages.BasePage.waitUntilWebElementIsVisible(BasePage.java:127)
at com.tetherfi.pages.BasePage.selectWebElement(BasePage.java:198)
at com.tetherfi.pages.BranchManagementPage.addNewBranchManagementRecord(BranchManagementPage.java:897)
at com.tetherfi.test.ivr.BranchManagementCreateTest.AddDuplicateRecord(BranchManagementCreateTest.java:360)
at java.base/java.util.ArrayList.forEach(Unknown Source)
Caused by: org.openqa.selenium.NoSuchElementException: no such element: Unable to locate element: {"method":"css selector","selector":"span[aria-owns='MainLines_listbox']"}
  (Session info: chrome=79.0.3945.130)
For documentation on this error, please visit: https://www.seleniumhq.org/exceptions/no_such_element.html
Build info: version: '3.141.59', revision: 'e82be7d358', time: '2018-11-14T08:17:03'
System info: host: 'DESKTOP-O6A5C2O', ip: '10.0.75.1', os.name: 'Windows 10', os.arch: 'amd64', os.version: '10.0', java.version: '9.0.4'
Driver info: org.openqa.selenium.chrome.ChromeDriver
Capabilities {acceptInsecureCerts: false, browserName: chrome, browserVersion: 79.0.3945.130, chrome: {chromedriverVersion: 78.0.3904.70 (edb9c9f3de024..., userDataDir: C:\Users\admin\AppData\Loca...}, goog:chromeOptions: {debuggerAddress: localhost:54064}, javascriptEnabled: true, networkConnectionEnabled: false, pageLoadStrategy: normal, platform: XP, platformName: XP, proxy: Proxy(), setWindowRect: true, strictFileInteractability: false, timeouts: {implicit: 0, pageLoad: 300000, script: 30000}, unhandledPromptBehavior: dismiss and notify}
Session ID: cfcd2a9f4e70452cd008428fd8ac5e7f
*** Element info: {Using=css selector, value=span[aria-owns='MainLines_listbox']}
at org.openqa.selenium.remote.http.W3CHttpResponseCodec.createException(W3CHttpResponseCodec.java:187)
at org.openqa.selenium.remote.http.W3CHttpResponseCodec.decode(W3CHttpResponseCodec.java:122)
at org.openqa.selenium.remote.http.W3CHttpResponseCodec.decode(W3CHttpResponseCodec.java:49)
at org.openqa.selenium.remote.HttpCommandExecutor.execute(HttpCommandExecutor.java:158)
at org.openqa.selenium.remote.service.DriverCommandExecutor.execute(DriverCommandExecutor.java:83)
at org.openqa.selenium.remote.RemoteWebDriver.execute(RemoteWebDriver.java:552)
at org.openqa.selenium.remote.RemoteWebDriver.findElement(RemoteWebDriver.java:323)
at org.openqa.selenium.remote.RemoteWebDriver.findElementByCssSelector(RemoteWebDriver.java:420)
at org.openqa.selenium.By$ByCssSelector.findElement(By.java:431)
at org.openqa.selenium.remote.RemoteWebDriver.findElement(RemoteWebDriver.java:315)
at org.openqa.selenium.support.pagefactory.DefaultElementLocator.findElement(DefaultElementLocator.java:69)
at org.openqa.selenium.support.pagefactory.internal.LocatingElementHandler.invoke(LocatingElementHandler.java:38)
at com.sun.proxy.$Proxy14.isDisplayed(Unknown Source)
at org.openqa.selenium.support.ui.ExpectedConditions.elementIfVisible(ExpectedConditions.java:314)
at org.openqa.selenium.support.ui.ExpectedConditions.access$000(ExpectedConditions.java:43)
at org.openqa.selenium.support.ui.ExpectedConditions$10.apply(ExpectedConditions.java:300)
at org.openqa.selenium.support.ui.ExpectedConditions$10.apply(ExpectedConditions.java:297)
at org.openqa.selenium.support.ui.FluentWait.until(FluentWait.java:249)
... 32 more
... Removed 30 stack frames]]>
    </failure>
  </testcase> <!-- AddDuplicateRecord -->
</testsuite> <!-- BranchManagementCreateTest -->
