<?xml version="1.0" encoding="UTF-8"?>
<!-- Generated by org.testng.reporters.JUnitXMLReporter -->
<testsuite ignored="0" hostname="DESKTOP-O6A5C2O" failures="13" tests="110" name="ChatTemplatesTest" time="4954.146" errors="0" timestamp="2020-04-11T16:21:36 IST">
  <testcase classname="com.tetherfi.test.chat.ChatTemplatesTest" name="ChatTemplatePage" time="0.791"/>
  <testcase classname="com.tetherfi.test.chat.ChatTemplatesTest" name="VerifyDepartmentsDropdownForAllTheColumns" time="28.531"/>
  <testcase classname="com.tetherfi.test.chat.ChatTemplatesTest" name="VerifyDepartmentsColumnsHeaderEnable" time="5.508"/>
  <testcase classname="com.tetherfi.test.chat.ChatTemplatesTest" name="VerifyDepartmentsColumnsHeaderDisable" time="7.975"/>
  <testcase classname="com.tetherfi.test.chat.ChatTemplatesTest" name="VerifyGroupsDropdownForAllTheColumns" time="29.572"/>
  <testcase classname="com.tetherfi.test.chat.ChatTemplatesTest" name="VerifyGroupsColumnsHeaderEnable" time="7.267"/>
  <testcase classname="com.tetherfi.test.chat.ChatTemplatesTest" name="VerifyGroupsColumnsHeaderDisable" time="8.967"/>
  <testcase classname="com.tetherfi.test.chat.ChatTemplatesTest" name="VerifyMainsDropdownForAllTheColumns" time="33.227"/>
  <testcase classname="com.tetherfi.test.chat.ChatTemplatesTest" name="VerifyMainsColumnsHeaderEnable" time="8.72"/>
  <testcase classname="com.tetherfi.test.chat.ChatTemplatesTest" name="VerifyMainsColumnsHeaderDisable" time="9.703"/>
  <testcase classname="com.tetherfi.test.chat.ChatTemplatesTest" name="AddNewDepartmentRecord" time="5.644"/>
  <testcase classname="com.tetherfi.test.chat.ChatTemplatesTest" name="AddDuplicateDepartmentRecord" time="5.546"/>
  <testcase classname="com.tetherfi.test.chat.ChatTemplatesTest" name="VerifyAuditTrialReportForCreateDepartment" time="24.984"/>
  <testcase classname="com.tetherfi.test.chat.ChatTemplatesTest" name="AddEmptyDepartmentRecord" time="2.305"/>
  <testcase classname="com.tetherfi.test.chat.ChatTemplatesTest" name="AddRecordWithoutDepartment" time="5.133"/>
  <testcase classname="com.tetherfi.test.chat.ChatTemplatesTest" name="AddRecordWithoutEnabled" time="5.835"/>
  <testcase classname="com.tetherfi.test.chat.ChatTemplatesTest" name="AddRecordWithoutChannel" time="5.296"/>
  <testcase classname="com.tetherfi.test.chat.ChatTemplatesTest" name="VerifyCancelBtnAtAddDepartmentRecord" time="24.975"/>
  <testcase classname="com.tetherfi.test.chat.ChatTemplatesTest" name="AddNewGroupsRecord" time="91.761">
    <failure type="org.openqa.selenium.TimeoutException" message="Expected condition failed: waiting for text (&amp;apos;Record Created Successfully&amp;apos;) to be present in element Proxy element for: DefaultElementLocator &amp;apos;By.cssSelector: .toast-message&amp;apos; (tried for 20 second(s) with 500 milliseconds interval)">
      <![CDATA[org.openqa.selenium.TimeoutException: Expected condition failed: waiting for text ('Record Created Successfully') to be present in element Proxy element for: DefaultElementLocator 'By.cssSelector: .toast-message' (tried for 20 second(s) with 500 milliseconds interval)
at org.openqa.selenium.support.ui.WebDriverWait.timeoutException(WebDriverWait.java:95)
at org.openqa.selenium.support.ui.FluentWait.until(FluentWait.java:272)
at com.tetherfi.pages.BasePage.waitUntilTextToBePresentInWebElement(BasePage.java:146)
at com.tetherfi.pages.ChatTemplatesPage.verifyNewRecordCreated(ChatTemplatesPage.java:479)
at com.tetherfi.test.chat.ChatTemplatesTest.AddNewGroupsRecord(ChatTemplatesTest.java:269)
at java.base/java.util.ArrayList.forEach(Unknown Source)
Caused by: org.openqa.selenium.NoSuchElementException: no such element: Unable to locate element: {"method":"css selector","selector":".toast-message"}
  (Session info: chrome=80.0.3987.163)
For documentation on this error, please visit: https://www.seleniumhq.org/exceptions/no_such_element.html
Build info: version: '3.141.59', revision: 'e82be7d358', time: '2018-11-14T08:17:03'
System info: host: 'DESKTOP-O6A5C2O', ip: '10.0.75.1', os.name: 'Windows 10', os.arch: 'amd64', os.version: '10.0', java.version: '9.0.4'
Driver info: org.openqa.selenium.chrome.ChromeDriver
Capabilities {acceptInsecureCerts: false, browserName: chrome, browserVersion: 80.0.3987.163, chrome: {chromedriverVersion: 80.0.3987.106 (f68069574609..., userDataDir: C:\Users\admin\AppData\Loca...}, goog:chromeOptions: {debuggerAddress: localhost:62902}, javascriptEnabled: true, networkConnectionEnabled: false, pageLoadStrategy: normal, platform: WINDOWS, platformName: WINDOWS, proxy: Proxy(), setWindowRect: true, strictFileInteractability: false, timeouts: {implicit: 0, pageLoad: 300000, script: 30000}, unhandledPromptBehavior: dismiss and notify}
Session ID: 8a3076d6f50ed68044fea0441c598ad4
*** Element info: {Using=css selector, value=.toast-message}
at org.openqa.selenium.remote.http.W3CHttpResponseCodec.createException(W3CHttpResponseCodec.java:187)
at org.openqa.selenium.remote.http.W3CHttpResponseCodec.decode(W3CHttpResponseCodec.java:122)
at org.openqa.selenium.remote.http.W3CHttpResponseCodec.decode(W3CHttpResponseCodec.java:49)
at org.openqa.selenium.remote.HttpCommandExecutor.execute(HttpCommandExecutor.java:158)
at org.openqa.selenium.remote.service.DriverCommandExecutor.execute(DriverCommandExecutor.java:83)
at org.openqa.selenium.remote.RemoteWebDriver.execute(RemoteWebDriver.java:552)
at org.openqa.selenium.remote.RemoteWebDriver.findElement(RemoteWebDriver.java:323)
at org.openqa.selenium.remote.RemoteWebDriver.findElementByCssSelector(RemoteWebDriver.java:420)
at org.openqa.selenium.By$ByCssSelector.findElement(By.java:431)
at org.openqa.selenium.remote.RemoteWebDriver.findElement(RemoteWebDriver.java:315)
at org.openqa.selenium.support.pagefactory.DefaultElementLocator.findElement(DefaultElementLocator.java:69)
at org.openqa.selenium.support.pagefactory.internal.LocatingElementHandler.invoke(LocatingElementHandler.java:38)
at com.sun.proxy.$Proxy14.getText(Unknown Source)
at org.openqa.selenium.support.ui.ExpectedConditions$12.apply(ExpectedConditions.java:353)
at org.openqa.selenium.support.ui.ExpectedConditions$12.apply(ExpectedConditions.java:349)
at org.openqa.selenium.support.ui.FluentWait.until(FluentWait.java:249)
... 31 more
... Removed 31 stack frames]]>
    </failure>
  </testcase> <!-- AddNewGroupsRecord -->
  <testcase classname="com.tetherfi.test.chat.ChatTemplatesTest" name="AddDuplicateGroupsRecord" time="11.213"/>
  <testcase classname="com.tetherfi.test.chat.ChatTemplatesTest" name="VerifyAuditTrialReportForCreateGroup" time="31.226"/>
  <testcase classname="com.tetherfi.test.chat.ChatTemplatesTest" name="AddEmptyGroupRecord" time="7.903"/>
  <testcase classname="com.tetherfi.test.chat.ChatTemplatesTest" name="AddRecordWithoutDepartmentName" time="8.83"/>
  <testcase classname="com.tetherfi.test.chat.ChatTemplatesTest" name="AddRecordWithoutName" time="10.41"/>
  <testcase classname="com.tetherfi.test.chat.ChatTemplatesTest" name="AddRecordWithoutGroupEnabled" time="9.732"/>
  <testcase classname="com.tetherfi.test.chat.ChatTemplatesTest" name="VerifyCancelBtnAtAddGroupsRecord" time="25.01"/>
  <testcase classname="com.tetherfi.test.chat.ChatTemplatesTest" name="AddNewChatTemplatesRecord" time="12.908"/>
  <testcase classname="com.tetherfi.test.chat.ChatTemplatesTest" name="AddDuplicateChatTemplatesRecord" time="12.081"/>
  <testcase classname="com.tetherfi.test.chat.ChatTemplatesTest" name="VerifyAuditTrialReportForCreate" time="31.233"/>
  <testcase classname="com.tetherfi.test.chat.ChatTemplatesTest" name="AddEmptyChatTemplateRecord" time="7.485"/>
  <testcase classname="com.tetherfi.test.chat.ChatTemplatesTest" name="AddRecordWithoutChatDepartmentName" time="9.381"/>
  <testcase classname="com.tetherfi.test.chat.ChatTemplatesTest" name="AddRecordWithoutGroupsName" time="11.025"/>
  <testcase classname="com.tetherfi.test.chat.ChatTemplatesTest" name="AddRecordWithoutChatName" time="12.056"/>
  <testcase classname="com.tetherfi.test.chat.ChatTemplatesTest" name="AddRecordWithoutText" time="11.62"/>
  <testcase classname="com.tetherfi.test.chat.ChatTemplatesTest" name="AddRecordWithoutStartTime" time="13.02"/>
  <testcase classname="com.tetherfi.test.chat.ChatTemplatesTest" name="AddRecordWithoutEndTime" time="12.346"/>
  <testcase classname="com.tetherfi.test.chat.ChatTemplatesTest" name="AddRecordWithoutChatEnabled" time="11.796"/>
  <testcase classname="com.tetherfi.test.chat.ChatTemplatesTest" name="VerifyCancelBtnAtAddChatTemplateRecord" time="24.262"/>
  <testcase classname="com.tetherfi.test.chat.ChatTemplatesTest" name="DepartmentExportToExcel" time="3.371"/>
  <testcase classname="com.tetherfi.test.chat.ChatTemplatesTest" name="DepartmentExportToExcelData" time="4.34"/>
  <testcase classname="com.tetherfi.test.chat.ChatTemplatesTest" name="DepatmentSortingByAscending" time="7.689"/>
  <testcase classname="com.tetherfi.test.chat.ChatTemplatesTest" name="DepartmentSortingByDescending" time="7.316"/>
  <testcase classname="com.tetherfi.test.chat.ChatTemplatesTest" name="GroupsExportToExcel" time="3.351"/>
  <testcase classname="com.tetherfi.test.chat.ChatTemplatesTest" name="GroupsExportToExcelData" time="0.535">
    <failure type="java.lang.ArrayIndexOutOfBoundsException" message="1">
      <![CDATA[java.lang.ArrayIndexOutOfBoundsException: 1
at com.tetherfi.pages.ChatTemplatesPage.getGroupsData(ChatTemplatesPage.java:1064)
at com.tetherfi.pages.ChatTemplatesPage.verifyexportToExcelGroupsSheet(ChatTemplatesPage.java:1113)
at com.tetherfi.test.chat.ChatTemplatesTest.GroupsExportToExcelData(ChatTemplatesTest.java:525)
at java.base/java.util.ArrayList.forEach(Unknown Source)
... Removed 27 stack frames]]>
    </failure>
  </testcase> <!-- GroupsExportToExcelData -->
  <testcase classname="com.tetherfi.test.chat.ChatTemplatesTest" name="GroupsSortingByAscending" time="5.05"/>
  <testcase classname="com.tetherfi.test.chat.ChatTemplatesTest" name="GroupsSortingByDescending" time="5.379"/>
  <testcase classname="com.tetherfi.test.chat.ChatTemplatesTest" name="ExportToExcel" time="2.336"/>
  <testcase classname="com.tetherfi.test.chat.ChatTemplatesTest" name="ExportToExcelData" time="2.363">
    <failure type="java.lang.AssertionError" message="did not expect to find [true] but found [false]">
      <![CDATA[java.lang.AssertionError: did not expect to find [true] but found [false]
at com.tetherfi.test.chat.ChatTemplatesTest.ExportToExcelData(ChatTemplatesTest.java:561)
at java.base/java.util.ArrayList.forEach(Unknown Source)
... Removed 31 stack frames]]>
    </failure>
  </testcase> <!-- ExportToExcelData -->
  <testcase classname="com.tetherfi.test.chat.ChatTemplatesTest" name="SortingByAscending" time="5.589">
    <failure type="java.lang.AssertionError" message="did not expect to find [true] but found [false]">
      <![CDATA[java.lang.AssertionError: did not expect to find [true] but found [false]
at com.tetherfi.test.chat.ChatTemplatesTest.SortingByAscending(ChatTemplatesTest.java:570)
at java.base/java.util.ArrayList.forEach(Unknown Source)
... Removed 31 stack frames]]>
    </failure>
  </testcase> <!-- SortingByAscending -->
  <testcase classname="com.tetherfi.test.chat.ChatTemplatesTest" name="SortingByDescending" time="6.056">
    <failure type="java.lang.AssertionError" message="did not expect to find [true] but found [false]">
      <![CDATA[java.lang.AssertionError: did not expect to find [true] but found [false]
at com.tetherfi.test.chat.ChatTemplatesTest.SortingByDescending(ChatTemplatesTest.java:579)
at java.base/java.util.ArrayList.forEach(Unknown Source)
... Removed 31 stack frames]]>
    </failure>
  </testcase> <!-- SortingByDescending -->
  <testcase classname="com.tetherfi.test.chat.ChatTemplatesTest" name="VerifyDepartmentArrowMoveForPreviousAndNextPage" time="0.396"/>
  <testcase classname="com.tetherfi.test.chat.ChatTemplatesTest" name="VerifyDepartmentArrowMoveForFirstAndLastPage" time="0.512"/>
  <testcase classname="com.tetherfi.test.chat.ChatTemplatesTest" name="VerifyDepartmentTotalNumberOfItemsPerPageDetails" time="0.437">
    <failure type="java.lang.AssertionError" message="item per page assertion failed did not expect to find [true] but found [false]">
      <![CDATA[java.lang.AssertionError: item per page assertion failed did not expect to find [true] but found [false]
at com.tetherfi.test.chat.ChatTemplatesTest.VerifyDepartmentTotalNumberOfItemsPerPageDetails(ChatTemplatesTest.java:600)
at java.base/java.util.ArrayList.forEach(Unknown Source)
... Removed 30 stack frames]]>
    </failure>
  </testcase> <!-- VerifyDepartmentTotalNumberOfItemsPerPageDetails -->
  <testcase classname="com.tetherfi.test.chat.ChatTemplatesTest" name="VerifyDepartmentNumberOfItemsPerPageSelection" time="0.467">
    <failure type="java.lang.AssertionError" message="item per page assertion failed did not expect to find [true] but found [false]">
      <![CDATA[java.lang.AssertionError: item per page assertion failed did not expect to find [true] but found [false]
at com.tetherfi.test.chat.ChatTemplatesTest.VerifyDepartmentNumberOfItemsPerPageSelection(ChatTemplatesTest.java:607)
at java.base/java.util.ArrayList.forEach(Unknown Source)
... Removed 30 stack frames]]>
    </failure>
  </testcase> <!-- VerifyDepartmentNumberOfItemsPerPageSelection -->
  <testcase classname="com.tetherfi.test.chat.ChatTemplatesTest" name="VerifyGroupsArrowMoveForPreviousAndNextPage" time="0.388"/>
  <testcase classname="com.tetherfi.test.chat.ChatTemplatesTest" name="VerifyGroupsArrowMoveForFirstAndLastPage" time="0.468"/>
  <testcase classname="com.tetherfi.test.chat.ChatTemplatesTest" name="VerifyGroupsTotalNumberOfItemsPerPageDetails" time="0.436">
    <failure type="java.lang.AssertionError" message="item per page assertion failed did not expect to find [true] but found [false]">
      <![CDATA[java.lang.AssertionError: item per page assertion failed did not expect to find [true] but found [false]
at com.tetherfi.test.chat.ChatTemplatesTest.VerifyGroupsTotalNumberOfItemsPerPageDetails(ChatTemplatesTest.java:628)
at java.base/java.util.ArrayList.forEach(Unknown Source)
... Removed 30 stack frames]]>
    </failure>
  </testcase> <!-- VerifyGroupsTotalNumberOfItemsPerPageDetails -->
  <testcase classname="com.tetherfi.test.chat.ChatTemplatesTest" name="VerifyGroupsNumberOfItemsPerPageSelection" time="0.448">
    <failure type="java.lang.AssertionError" message="item per page assertion failed did not expect to find [true] but found [false]">
      <![CDATA[java.lang.AssertionError: item per page assertion failed did not expect to find [true] but found [false]
at com.tetherfi.test.chat.ChatTemplatesTest.VerifyGroupsNumberOfItemsPerPageSelection(ChatTemplatesTest.java:635)
at java.base/java.util.ArrayList.forEach(Unknown Source)
... Removed 30 stack frames]]>
    </failure>
  </testcase> <!-- VerifyGroupsNumberOfItemsPerPageSelection -->
  <testcase classname="com.tetherfi.test.chat.ChatTemplatesTest" name="VerifyArrowMoveForPreviousAndNextPage" time="0.044"/>
  <testcase classname="com.tetherfi.test.chat.ChatTemplatesTest" name="VerifyArrowMoveForFirstAndLastPage" time="0.032"/>
  <testcase classname="com.tetherfi.test.chat.ChatTemplatesTest" name="VerifyTotalNumberOfItemsPerPageDetails" time="0.056"/>
  <testcase classname="com.tetherfi.test.chat.ChatTemplatesTest" name="VerifyNumberOfItemsPerPageSelection" time="5.526"/>
  <testcase classname="com.tetherfi.test.chat.ChatTemplatesTest" name="VerifyDepartmentDragAndDrop" time="3.421"/>
  <testcase classname="com.tetherfi.test.chat.ChatTemplatesTest" name="VerifyDepartmentDragAndDropofAlreadyGroupedHeader" time="3.996"/>
  <testcase classname="com.tetherfi.test.chat.ChatTemplatesTest" name="VerifyGroupsDragAndDrop" time="3.609"/>
  <testcase classname="com.tetherfi.test.chat.ChatTemplatesTest" name="VerifyGroupsDragAndDropofAlreadyGroupedHeader" time="4.261"/>
  <testcase classname="com.tetherfi.test.chat.ChatTemplatesTest" name="VerifyDragAndDrop" time="3.364"/>
  <testcase classname="com.tetherfi.test.chat.ChatTemplatesTest" name="VerifyDragAndDropofAlreadyGroupedHeader" time="4.237"/>
  <testcase classname="com.tetherfi.test.chat.ChatTemplatesTest" name="EditChatTemplatesRecord" time="15.516"/>
  <testcase classname="com.tetherfi.test.chat.ChatTemplatesTest" name="VerifyAuditTrialReportForUpdate" time="30.544"/>
  <testcase classname="com.tetherfi.test.chat.ChatTemplatesTest" name="EditWithoutModifyReasonRecord" time="13.067"/>
  <testcase classname="com.tetherfi.test.chat.ChatTemplatesTest" name="VerifyCancelBtnAtEditRecord" time="30.052"/>
  <testcase classname="com.tetherfi.test.chat.ChatTemplatesTest" name="EditGroupRecord" time="13.379"/>
  <testcase classname="com.tetherfi.test.chat.ChatTemplatesTest" name="VerifyAuditTrialReportForGroupUpdate" time="30.01"/>
  <testcase classname="com.tetherfi.test.chat.ChatTemplatesTest" name="EditWithoutModifyReasonGroupRecord" time="12.752"/>
  <testcase classname="com.tetherfi.test.chat.ChatTemplatesTest" name="VerifyCancelBtnAtEditGroupRecord" time="30.032"/>
  <testcase classname="com.tetherfi.test.chat.ChatTemplatesTest" name="VerifyUpdateGroupRecordInMain" time="28.02"/>
  <testcase classname="com.tetherfi.test.chat.ChatTemplatesTest" name="EditDepartmentRecord" time="13.377"/>
  <testcase classname="com.tetherfi.test.chat.ChatTemplatesTest" name="VerifyAuditTrialReportForDepartmentUpdate" time="31.028"/>
  <testcase classname="com.tetherfi.test.chat.ChatTemplatesTest" name="EditWithoutModifyReasonDepartmentRecord" time="13.225"/>
  <testcase classname="com.tetherfi.test.chat.ChatTemplatesTest" name="VerifyCancelBtnAtEditDepartmentRecord" time="30.159"/>
  <testcase classname="com.tetherfi.test.chat.ChatTemplatesTest" name="VerifyUpdateDepartmentRecordInGroup" time="2.045"/>
  <testcase classname="com.tetherfi.test.chat.ChatTemplatesTest" name="VerifyUpdateDepartmentRecordInMain" time="1.124"/>
  <testcase classname="com.tetherfi.test.chat.ChatTemplatesTest" name="searchDepartmentPage" time="4.703"/>
  <testcase classname="com.tetherfi.test.chat.ChatTemplatesTest" name="searchDepartmentwithoutSearchTextbox" time="4.361"/>
  <testcase classname="com.tetherfi.test.chat.ChatTemplatesTest" name="searchGroupsPage" time="4.51"/>
  <testcase classname="com.tetherfi.test.chat.ChatTemplatesTest" name="searchGroupwithoutSearchTextbox" time="5.092"/>
  <testcase classname="com.tetherfi.test.chat.ChatTemplatesTest" name="searchPage" time="4.932"/>
  <testcase classname="com.tetherfi.test.chat.ChatTemplatesTest" name="searchwithoutSearchTextbox" time="4.071"/>
  <testcase classname="com.tetherfi.test.chat.ChatTemplatesTest" name="DeleteWithoutDeleteReasonRecord" time="6.143"/>
  <testcase classname="com.tetherfi.test.chat.ChatTemplatesTest" name="VerifyCancelBtnAtDeleteChatTemplateRecord" time="29.887"/>
  <testcase classname="com.tetherfi.test.chat.ChatTemplatesTest" name="DeleteChatTemplatesRecord" time="11.73"/>
  <testcase classname="com.tetherfi.test.chat.ChatTemplatesTest" name="VerifyAuditTrialReportForDelete" time="29.513"/>
  <testcase classname="com.tetherfi.test.chat.ChatTemplatesTest" name="DeleteGroupWithoutDeleteReasonRecord" time="6.039"/>
  <testcase classname="com.tetherfi.test.chat.ChatTemplatesTest" name="VerifyCancelBtnAtDeleteGroupRecord" time="29.659"/>
  <testcase classname="com.tetherfi.test.chat.ChatTemplatesTest" name="DeleteGroupRecord" time="16.278"/>
  <testcase classname="com.tetherfi.test.chat.ChatTemplatesTest" name="VerifyAuditTrialReportForGroupDelete" time="29.146">
    <failure type="java.lang.AssertionError" message="did not expect to find [true] but found [false]">
      <![CDATA[java.lang.AssertionError: did not expect to find [true] but found [false]
at com.tetherfi.test.chat.ChatTemplatesTest.VerifyAuditTrialReportForGroupDelete(ChatTemplatesTest.java:1052)
at java.base/java.util.ArrayList.forEach(Unknown Source)
... Removed 31 stack frames]]>
    </failure>
  </testcase> <!-- VerifyAuditTrialReportForGroupDelete -->
  <testcase classname="com.tetherfi.test.chat.ChatTemplatesTest" name="VerifyDeleteGroupRecordInMain" time="8.964">
    <failure type="org.openqa.selenium.ElementClickInterceptedException" message="element click intercepted: Element &amp;lt;span title=&amp;quot;&amp;quot; class=&amp;quot;k-widget k-dropdown&amp;quot; unselectable=&amp;quot;on&amp;quot; role=&amp;quot;listbox&amp;quot; aria-haspopup=&amp;quot;true&amp;quot; aria-expanded=&amp;quot;false&amp;quot; aria-owns=&amp;quot;GroupName_listbox&amp;quot; aria-live=&amp;quot;polite&amp;quot; aria-disabled=&amp;quot;true&amp;quot; style=&amp;quot;width: 100%;&amp;quot; aria-activedescendant=&amp;quot;a3c75452-f20e-4b8e-822c-c06b6eee4ade&amp;quot;&amp;gt;...&amp;lt;/span&amp;gt; is not clickable at point (983, 180). Other element would receive the click: &amp;lt;li tabindex=&amp;quot;-1&amp;quot; role=&amp;quot;option&amp;quot; unselectable=&amp;quot;on&amp;quot; class=&amp;quot;k-item&amp;quot; aria-selected=&amp;quot;false&amp;quot; data-offset-index=&amp;quot;0&amp;quot;&amp;gt;...&amp;lt;/li&amp;gt;
  (Session info: chrome=80.0.3987.163)
Build info: version: &amp;apos;3.141.59&amp;apos;, revision: &amp;apos;e82be7d358&amp;apos;, time: &amp;apos;2018-11-14T08:17:03&amp;apos;
System info: host: &amp;apos;DESKTOP-O6A5C2O&amp;apos;, ip: &amp;apos;10.0.75.1&amp;apos;, os.name: &amp;apos;Windows 10&amp;apos;, os.arch: &amp;apos;amd64&amp;apos;, os.version: &amp;apos;10.0&amp;apos;, java.version: &amp;apos;9.0.4&amp;apos;
Driver info: org.openqa.selenium.chrome.ChromeDriver
Capabilities {acceptInsecureCerts: false, browserName: chrome, browserVersion: 80.0.3987.163, chrome: {chromedriverVersion: 80.0.3987.106 (f68069574609..., userDataDir: C:\Users\admin\AppData\Loca...}, goog:chromeOptions: {debuggerAddress: localhost:49504}, javascriptEnabled: true, networkConnectionEnabled: false, pageLoadStrategy: normal, platform: WINDOWS, platformName: WINDOWS, proxy: Proxy(), setWindowRect: true, strictFileInteractability: false, timeouts: {implicit: 0, pageLoad: 300000, script: 30000}, unhandledPromptBehavior: dismiss and notify}
Session ID: a24f541c91cdaa59f38aeeb1b55fd450">
      <![CDATA[org.openqa.selenium.ElementClickInterceptedException: element click intercepted: Element <span title="" class="k-widget k-dropdown" unselectable="on" role="listbox" aria-haspopup="true" aria-expanded="false" aria-owns="GroupName_listbox" aria-live="polite" aria-disabled="true" style="width: 100%;" aria-activedescendant="a3c75452-f20e-4b8e-822c-c06b6eee4ade">...</span> is not clickable at point (983, 180). Other element would receive the click: <li tabindex="-1" role="option" unselectable="on" class="k-item" aria-selected="false" data-offset-index="0">...</li>
  (Session info: chrome=80.0.3987.163)
Build info: version: '3.141.59', revision: 'e82be7d358', time: '2018-11-14T08:17:03'
System info: host: 'DESKTOP-O6A5C2O', ip: '10.0.75.1', os.name: 'Windows 10', os.arch: 'amd64', os.version: '10.0', java.version: '9.0.4'
Driver info: org.openqa.selenium.chrome.ChromeDriver
Capabilities {acceptInsecureCerts: false, browserName: chrome, browserVersion: 80.0.3987.163, chrome: {chromedriverVersion: 80.0.3987.106 (f68069574609..., userDataDir: C:\Users\admin\AppData\Loca...}, goog:chromeOptions: {debuggerAddress: localhost:49504}, javascriptEnabled: true, networkConnectionEnabled: false, pageLoadStrategy: normal, platform: WINDOWS, platformName: WINDOWS, proxy: Proxy(), setWindowRect: true, strictFileInteractability: false, timeouts: {implicit: 0, pageLoad: 300000, script: 30000}, unhandledPromptBehavior: dismiss and notify}
Session ID: a24f541c91cdaa59f38aeeb1b55fd450
at org.openqa.selenium.remote.http.W3CHttpResponseCodec.createException(W3CHttpResponseCodec.java:187)
at org.openqa.selenium.remote.http.W3CHttpResponseCodec.decode(W3CHttpResponseCodec.java:122)
at org.openqa.selenium.remote.http.W3CHttpResponseCodec.decode(W3CHttpResponseCodec.java:49)
at org.openqa.selenium.remote.HttpCommandExecutor.execute(HttpCommandExecutor.java:158)
at org.openqa.selenium.remote.service.DriverCommandExecutor.execute(DriverCommandExecutor.java:83)
at org.openqa.selenium.remote.RemoteWebDriver.execute(RemoteWebDriver.java:552)
at org.openqa.selenium.remote.RemoteWebElement.execute(RemoteWebElement.java:285)
at org.openqa.selenium.remote.RemoteWebElement.click(RemoteWebElement.java:84)
at org.openqa.selenium.support.pagefactory.internal.LocatingElementHandler.invoke(LocatingElementHandler.java:51)
at com.sun.proxy.$Proxy14.click(Unknown Source)
at com.tetherfi.pages.BasePage.selectWebElement(BasePage.java:202)
at com.tetherfi.pages.ChatTemplatesPage.VerifyGroupDropdown(ChatTemplatesPage.java:1405)
at com.tetherfi.test.chat.ChatTemplatesTest.VerifyDeleteGroupRecordInMain(ChatTemplatesTest.java:1062)
at java.base/java.util.ArrayList.forEach(Unknown Source)
... Removed 34 stack frames]]>
    </failure>
  </testcase> <!-- VerifyDeleteGroupRecordInMain -->
  <testcase classname="com.tetherfi.test.chat.ChatTemplatesTest" name="DeleteDepartmentWithoutDeleteReasonRecord" time="5.951"/>
  <testcase classname="com.tetherfi.test.chat.ChatTemplatesTest" name="VerifyCancelBtnAtDeleteDepartmentRecord" time="29.982"/>
  <testcase classname="com.tetherfi.test.chat.ChatTemplatesTest" name="DeleteDepartmentRecord" time="11.735"/>
  <testcase classname="com.tetherfi.test.chat.ChatTemplatesTest" name="VerifyAuditTrialReportForDepartmentDelete" time="30.534">
    <failure type="java.lang.AssertionError" message="did not expect to find [true] but found [false]">
      <![CDATA[java.lang.AssertionError: did not expect to find [true] but found [false]
at com.tetherfi.test.chat.ChatTemplatesTest.VerifyAuditTrialReportForDepartmentDelete(ChatTemplatesTest.java:1109)
at java.base/java.util.ArrayList.forEach(Unknown Source)
... Removed 31 stack frames]]>
    </failure>
  </testcase> <!-- VerifyAuditTrialReportForDepartmentDelete -->
  <testcase classname="com.tetherfi.test.chat.ChatTemplatesTest" name="VerifyDeleteDepartmentRecordInGroup" time="1.987"/>
  <testcase classname="com.tetherfi.test.chat.ChatTemplatesTest" name="VerifyDeleteDepartmentRecordInMain" time="1.156"/>
  <testcase classname="com.tetherfi.test.chat.ChatTemplatesTest" name="SearchDepartmentClearSearch" time="6.503"/>
  <testcase classname="com.tetherfi.test.chat.ChatTemplatesTest" name="SearchGroupClearSearch" time="6.852"/>
  <testcase classname="com.tetherfi.test.chat.ChatTemplatesTest" name="SearchClearSearch" time="6.66"/>
  <testcase classname="com.tetherfi.test.chat.ChatTemplatesTest" name="DepartmentDatabase" time="3.227"/>
  <testcase classname="com.tetherfi.test.chat.ChatTemplatesTest" name="GroupDatabase" time="2.651"/>
  <testcase classname="com.tetherfi.test.chat.ChatTemplatesTest" name="Database" time="4.126">
    <failure type="java.lang.AssertionError" message="did not expect to find [true] but found [false]">
      <![CDATA[java.lang.AssertionError: did not expect to find [true] but found [false]
at com.tetherfi.test.chat.ChatTemplatesTest.Database(ChatTemplatesTest.java:1197)
at java.base/java.util.ArrayList.forEach(Unknown Source)
... Removed 31 stack frames]]>
    </failure>
  </testcase> <!-- Database -->
</testsuite> <!-- ChatTemplatesTest -->
