<html>
<head>
<title>TestNG:  ExportSchedulerTest</title>
<link href="../testng.css" rel="stylesheet" type="text/css" />
<link href="../my-testng.css" rel="stylesheet" type="text/css" />

<style type="text/css">
.log { display: none;} 
.stack-trace { display: none;} 
</style>
<script type="text/javascript">
<!--
function flip(e) {
  current = e.style.display;
  if (current == 'block') {
    e.style.display = 'none';
    return 0;
  }
  else {
    e.style.display = 'block';
    return 1;
  }
}

function toggleBox(szDivId, elem, msg1, msg2)
{
  var res = -1;  if (document.getElementById) {
    res = flip(document.getElementById(szDivId));
  }
  else if (document.all) {
    // this is the way old msie versions work
    res = flip(document.all[szDivId]);
  }
  if(elem) {
    if(res == 0) elem.innerHTML = msg1; else elem.innerHTML = msg2;
  }

}

function toggleAllBoxes() {
  if (document.getElementsByTagName) {
    d = document.getElementsByTagName('div');
    for (i = 0; i < d.length; i++) {
      if (d[i].className == 'log') {
        flip(d[i]);
      }
    }
  }
}

// -->
</script>

</head>
<body>
<h2 align='center'>ExportSchedulerTest</h2><table border='1' align="center">
<tr>
<td>Tests passed/Failed/Skipped:</td><td>45/9/0</td>
</tr><tr>
<td>Started on:</td><td>Wed Feb 05 16:01:29 IST 2020</td>
</tr>
<tr><td>Total time:</td><td>813 seconds (813437 ms)</td>
</tr><tr>
<td>Included groups:</td><td></td>
</tr><tr>
<td>Excluded groups:</td><td></td>
</tr>
</table><p/>
<small><i>(Hover the method name to see the test class name)</i></small><p/>
<table width='100%' border='1' class='invocation-failed'>
<tr><td colspan='4' align='center'><b>FAILED TESTS</b></td></tr>
<tr><td><b>Test method</b></td>
<td width="30%"><b>Exception</b></td>
<td width="10%"><b>Time (seconds)</b></td>
<td><b>Instance</b></td>
</tr>
<tr>
<td title='com.tetherfi.test.ExportSchedulerTest.AddRecordWithoutName()'><b>AddRecordWithoutName</b><br>Test class: com.tetherfi.test.ExportSchedulerTest</td>
<td><div><pre>org.openqa.selenium.TimeoutException: Expected condition failed: waiting for visibility of [[ChromeDriver: chrome on XP (d5f922bbb1154ac0aa4b56317cea3ddd)] -&gt; css selector: ul[id=&apos;Report_listbox&apos;] li] (tried for 20 second(s) with 500 milliseconds interval)
Build info: version: &apos;3.141.59&apos;, revision: &apos;e82be7d358&apos;, time: &apos;2018-11-14T08:17:03&apos;
System info: host: &apos;DESKTOP-O6A5C2O&apos;, ip: &apos;10.0.75.1&apos;, os.name: &apos;Windows 10&apos;, os.arch: &apos;amd64&apos;, os.version: &apos;10.0&apos;, java.version: &apos;9.0.4&apos;
Driver info: org.openqa.selenium.chrome.ChromeDriver
Capabilities {acceptInsecureCerts: false, browserName: chrome, browserVersion: 79.0.3945.130, chrome: {chromedriverVersion: 78.0.3904.70 (edb9c9f3de024..., userDataDir: C:\Users\admin\AppData\Loca...}, goog:chromeOptions: {debuggerAddress: localhost:55821}, javascriptEnabled: true, networkConnectionEnabled: false, pageLoadStrategy: normal, platform: XP, platformName: XP, proxy: Proxy(), setWindowRect: true, strictFileInteractability: false, timeouts: {implicit: 0, pageLoad: 300000, script: 30000}, unhandledPromptBehavior: dismiss and notify}
Session ID: d5f922bbb1154ac0aa4b56317cea3ddd
	at org.openqa.selenium.support.ui.WebDriverWait.timeoutException(WebDriverWait.java:95)
	at org.openqa.selenium.support.ui.FluentWait.until(FluentWait.java:272)
	at com.tetherfi.pages.BasePage.waitUntilWebElementListIsVisible(BasePage.java:139)
	at com.tetherfi.pages.BasePage.selectDropdownFromVisibleText(BasePage.java:335)
	at com.tetherfi.pages.ExportSchedulerPage.addNewRecordWithoutName(ExportSchedulerPage.java:926)
	at com.tetherfi.test.ExportSchedulerTest.AddRecordWithoutName(ExportSchedulerTest.java:187)
	at java.base/java.util.ArrayList.forEach(Unknown Source)
... Removed 27 stack frames</pre></div><a href='#' onClick='toggleBox("stack-trace684478771", this, "Click to show all stack frames", "Click to hide stack frames")'>Click to show all stack frames</a>
<div class='stack-trace' id='stack-trace684478771'><pre>org.openqa.selenium.TimeoutException: Expected condition failed: waiting for visibility of [[ChromeDriver: chrome on XP (d5f922bbb1154ac0aa4b56317cea3ddd)] -&gt; css selector: ul[id=&apos;Report_listbox&apos;] li] (tried for 20 second(s) with 500 milliseconds interval)
Build info: version: &apos;3.141.59&apos;, revision: &apos;e82be7d358&apos;, time: &apos;2018-11-14T08:17:03&apos;
System info: host: &apos;DESKTOP-O6A5C2O&apos;, ip: &apos;10.0.75.1&apos;, os.name: &apos;Windows 10&apos;, os.arch: &apos;amd64&apos;, os.version: &apos;10.0&apos;, java.version: &apos;9.0.4&apos;
Driver info: org.openqa.selenium.chrome.ChromeDriver
Capabilities {acceptInsecureCerts: false, browserName: chrome, browserVersion: 79.0.3945.130, chrome: {chromedriverVersion: 78.0.3904.70 (edb9c9f3de024..., userDataDir: C:\Users\admin\AppData\Loca...}, goog:chromeOptions: {debuggerAddress: localhost:55821}, javascriptEnabled: true, networkConnectionEnabled: false, pageLoadStrategy: normal, platform: XP, platformName: XP, proxy: Proxy(), setWindowRect: true, strictFileInteractability: false, timeouts: {implicit: 0, pageLoad: 300000, script: 30000}, unhandledPromptBehavior: dismiss and notify}
Session ID: d5f922bbb1154ac0aa4b56317cea3ddd
	at org.openqa.selenium.support.ui.WebDriverWait.timeoutException(WebDriverWait.java:95)
	at org.openqa.selenium.support.ui.FluentWait.until(FluentWait.java:272)
	at com.tetherfi.pages.BasePage.waitUntilWebElementListIsVisible(BasePage.java:139)
	at com.tetherfi.pages.BasePage.selectDropdownFromVisibleText(BasePage.java:335)
	at com.tetherfi.pages.ExportSchedulerPage.addNewRecordWithoutName(ExportSchedulerPage.java:926)
	at com.tetherfi.test.ExportSchedulerTest.AddRecordWithoutName(ExportSchedulerTest.java:187)
	at java.base/jdk.internal.reflect.NativeMethodAccessorImpl.invoke0(Native Method)
	at java.base/jdk.internal.reflect.NativeMethodAccessorImpl.invoke(Unknown Source)
	at java.base/jdk.internal.reflect.DelegatingMethodAccessorImpl.invoke(Unknown Source)
	at java.base/java.lang.reflect.Method.invoke(Unknown Source)
	at org.testng.internal.MethodInvocationHelper.invokeMethod(MethodInvocationHelper.java:133)
	at org.testng.internal.TestInvoker.invokeMethod(TestInvoker.java:584)
	at org.testng.internal.TestInvoker.invokeTestMethod(TestInvoker.java:172)
	at org.testng.internal.MethodRunner.runInSequence(MethodRunner.java:46)
	at org.testng.internal.TestInvoker$MethodInvocationAgent.invoke(TestInvoker.java:804)
	at org.testng.internal.TestInvoker.invokeTestMethods(TestInvoker.java:145)
	at org.testng.internal.TestMethodWorker.invokeTestMethods(TestMethodWorker.java:146)
	at org.testng.internal.TestMethodWorker.run(TestMethodWorker.java:128)
	at java.base/java.util.ArrayList.forEach(Unknown Source)
	at org.testng.TestRunner.privateRun(TestRunner.java:770)
	at org.testng.TestRunner.run(TestRunner.java:591)
	at org.testng.SuiteRunner.runTest(SuiteRunner.java:402)
	at org.testng.SuiteRunner.runSequentially(SuiteRunner.java:396)
	at org.testng.SuiteRunner.privateRun(SuiteRunner.java:355)
	at org.testng.SuiteRunner.run(SuiteRunner.java:304)
	at org.testng.SuiteRunnerWorker.runSuite(SuiteRunnerWorker.java:53)
	at org.testng.SuiteRunnerWorker.run(SuiteRunnerWorker.java:96)
	at org.testng.TestNG.runSuitesSequentially(TestNG.java:1180)
	at org.testng.TestNG.runSuitesLocally(TestNG.java:1102)
	at org.testng.TestNG.runSuites(TestNG.java:1032)
	at org.testng.TestNG.run(TestNG.java:1000)
	at org.testng.remote.AbstractRemoteTestNG.run(AbstractRemoteTestNG.java:115)
	at org.testng.remote.RemoteTestNG.initAndRun(RemoteTestNG.java:251)
	at org.testng.remote.RemoteTestNG.main(RemoteTestNG.java:77)
</pre></div></td>
<td>21</td>
<td>com.tetherfi.test.ExportSchedulerTest@467233e4</td></tr>
<tr>
<td title='com.tetherfi.test.ExportSchedulerTest.DeleteCustomdailyRecord()'><b>DeleteCustomdailyRecord</b><br>Test class: com.tetherfi.test.ExportSchedulerTest</td>
<td><div><pre>org.openqa.selenium.StaleElementReferenceException: stale element reference: element is not attached to the page document
  (Session info: chrome=79.0.3945.130)
For documentation on this error, please visit: https://www.seleniumhq.org/exceptions/stale_element_reference.html
Build info: version: &apos;3.141.59&apos;, revision: &apos;e82be7d358&apos;, time: &apos;2018-11-14T08:17:03&apos;
System info: host: &apos;DESKTOP-O6A5C2O&apos;, ip: &apos;10.0.75.1&apos;, os.name: &apos;Windows 10&apos;, os.arch: &apos;amd64&apos;, os.version: &apos;10.0&apos;, java.version: &apos;9.0.4&apos;
Driver info: org.openqa.selenium.chrome.ChromeDriver
Capabilities {acceptInsecureCerts: false, browserName: chrome, browserVersion: 79.0.3945.130, chrome: {chromedriverVersion: 78.0.3904.70 (edb9c9f3de024..., userDataDir: C:\Users\admin\AppData\Loca...}, goog:chromeOptions: {debuggerAddress: localhost:55821}, javascriptEnabled: true, networkConnectionEnabled: false, pageLoadStrategy: normal, platform: XP, platformName: XP, proxy: Proxy(), setWindowRect: true, strictFileInteractability: false, timeouts: {implicit: 0, pageLoad: 300000, script: 30000}, unhandledPromptBehavior: dismiss and notify}
Session ID: d5f922bbb1154ac0aa4b56317cea3ddd
	at org.openqa.selenium.remote.http.W3CHttpResponseCodec.createException(W3CHttpResponseCodec.java:187)
	at org.openqa.selenium.remote.http.W3CHttpResponseCodec.decode(W3CHttpResponseCodec.java:122)
	at org.openqa.selenium.remote.http.W3CHttpResponseCodec.decode(W3CHttpResponseCodec.java:49)
	at org.openqa.selenium.remote.HttpCommandExecutor.execute(HttpCommandExecutor.java:158)
	at org.openqa.selenium.remote.service.DriverCommandExecutor.execute(DriverCommandExecutor.java:83)
	at org.openqa.selenium.remote.RemoteWebDriver.execute(RemoteWebDriver.java:552)
	at org.openqa.selenium.remote.RemoteWebElement.execute(RemoteWebElement.java:285)
	at org.openqa.selenium.remote.RemoteWebElement.isDisplayed(RemoteWebElement.java:326)
	at org.openqa.selenium.support.pagefactory.internal.LocatingElementHandler.invoke(LocatingElementHandler.java:51)
	at com.sun.proxy.$Proxy16.isDisplayed(Unknown Source)
	at org.openqa.selenium.support.ui.ExpectedConditions.elementIfVisible(ExpectedConditions.java:314)
	at org.openqa.selenium.support.ui.ExpectedConditions.access$000(ExpectedConditions.java:43)
	at org.openqa.selenium.support.ui.ExpectedConditions$10.apply(ExpectedConditions.java:300)
	at org.openqa.selenium.support.ui.ExpectedConditions$10.apply(ExpectedConditions.java:297)
	at org.openqa.selenium.support.ui.ExpectedConditions$23.apply(ExpectedConditions.java:670)
	at org.openqa.selenium.support.ui.ExpectedConditions$23.apply(ExpectedConditions.java:666)
	at org.openqa.selenium.support.ui.FluentWait.until(FluentWait.java:249)
	at com.tetherfi.pages.BasePage.waitUntilWebElementIsClickable(BasePage.java:259)
	at com.tetherfi.pages.ExportSchedulerPage.deleteExportSchedulerRecord(ExportSchedulerPage.java:882)
	at com.tetherfi.test.ExportSchedulerTest.DeleteCustomdailyRecord(ExportSchedulerTest.java:562)
	at java.base/java.util.ArrayList.forEach(Unknown Source)
... Removed 34 stack frames</pre></div><a href='#' onClick='toggleBox("stack-trace558247139", this, "Click to show all stack frames", "Click to hide stack frames")'>Click to show all stack frames</a>
<div class='stack-trace' id='stack-trace558247139'><pre>org.openqa.selenium.StaleElementReferenceException: stale element reference: element is not attached to the page document
  (Session info: chrome=79.0.3945.130)
For documentation on this error, please visit: https://www.seleniumhq.org/exceptions/stale_element_reference.html
Build info: version: &apos;3.141.59&apos;, revision: &apos;e82be7d358&apos;, time: &apos;2018-11-14T08:17:03&apos;
System info: host: &apos;DESKTOP-O6A5C2O&apos;, ip: &apos;10.0.75.1&apos;, os.name: &apos;Windows 10&apos;, os.arch: &apos;amd64&apos;, os.version: &apos;10.0&apos;, java.version: &apos;9.0.4&apos;
Driver info: org.openqa.selenium.chrome.ChromeDriver
Capabilities {acceptInsecureCerts: false, browserName: chrome, browserVersion: 79.0.3945.130, chrome: {chromedriverVersion: 78.0.3904.70 (edb9c9f3de024..., userDataDir: C:\Users\admin\AppData\Loca...}, goog:chromeOptions: {debuggerAddress: localhost:55821}, javascriptEnabled: true, networkConnectionEnabled: false, pageLoadStrategy: normal, platform: XP, platformName: XP, proxy: Proxy(), setWindowRect: true, strictFileInteractability: false, timeouts: {implicit: 0, pageLoad: 300000, script: 30000}, unhandledPromptBehavior: dismiss and notify}
Session ID: d5f922bbb1154ac0aa4b56317cea3ddd
	at java.base/jdk.internal.reflect.NativeConstructorAccessorImpl.newInstance0(Native Method)
	at java.base/jdk.internal.reflect.NativeConstructorAccessorImpl.newInstance(Unknown Source)
	at java.base/jdk.internal.reflect.DelegatingConstructorAccessorImpl.newInstance(Unknown Source)
	at java.base/java.lang.reflect.Constructor.newInstance(Unknown Source)
	at org.openqa.selenium.remote.http.W3CHttpResponseCodec.createException(W3CHttpResponseCodec.java:187)
	at org.openqa.selenium.remote.http.W3CHttpResponseCodec.decode(W3CHttpResponseCodec.java:122)
	at org.openqa.selenium.remote.http.W3CHttpResponseCodec.decode(W3CHttpResponseCodec.java:49)
	at org.openqa.selenium.remote.HttpCommandExecutor.execute(HttpCommandExecutor.java:158)
	at org.openqa.selenium.remote.service.DriverCommandExecutor.execute(DriverCommandExecutor.java:83)
	at org.openqa.selenium.remote.RemoteWebDriver.execute(RemoteWebDriver.java:552)
	at org.openqa.selenium.remote.RemoteWebElement.execute(RemoteWebElement.java:285)
	at org.openqa.selenium.remote.RemoteWebElement.isDisplayed(RemoteWebElement.java:326)
	at jdk.internal.reflect.GeneratedMethodAccessor1.invoke(Unknown Source)
	at java.base/jdk.internal.reflect.DelegatingMethodAccessorImpl.invoke(Unknown Source)
	at java.base/java.lang.reflect.Method.invoke(Unknown Source)
	at org.openqa.selenium.support.pagefactory.internal.LocatingElementHandler.invoke(LocatingElementHandler.java:51)
	at com.sun.proxy.$Proxy16.isDisplayed(Unknown Source)
	at org.openqa.selenium.support.ui.ExpectedConditions.elementIfVisible(ExpectedConditions.java:314)
	at org.openqa.selenium.support.ui.ExpectedConditions.access$000(ExpectedConditions.java:43)
	at org.openqa.selenium.support.ui.ExpectedConditions$10.apply(ExpectedConditions.java:300)
	at org.openqa.selenium.support.ui.ExpectedConditions$10.apply(ExpectedConditions.java:297)
	at org.openqa.selenium.support.ui.ExpectedConditions$23.apply(ExpectedConditions.java:670)
	at org.openqa.selenium.support.ui.ExpectedConditions$23.apply(ExpectedConditions.java:666)
	at org.openqa.selenium.support.ui.FluentWait.until(FluentWait.java:249)
	at com.tetherfi.pages.BasePage.waitUntilWebElementIsClickable(BasePage.java:259)
	at com.tetherfi.pages.ExportSchedulerPage.deleteExportSchedulerRecord(ExportSchedulerPage.java:882)
	at com.tetherfi.test.ExportSchedulerTest.DeleteCustomdailyRecord(ExportSchedulerTest.java:562)
	at java.base/jdk.internal.reflect.NativeMethodAccessorImpl.invoke0(Native Method)
	at java.base/jdk.internal.reflect.NativeMethodAccessorImpl.invoke(Unknown Source)
	at java.base/jdk.internal.reflect.DelegatingMethodAccessorImpl.invoke(Unknown Source)
	at java.base/java.lang.reflect.Method.invoke(Unknown Source)
	at org.testng.internal.MethodInvocationHelper.invokeMethod(MethodInvocationHelper.java:133)
	at org.testng.internal.TestInvoker.invokeMethod(TestInvoker.java:584)
	at org.testng.internal.TestInvoker.invokeTestMethod(TestInvoker.java:172)
	at org.testng.internal.MethodRunner.runInSequence(MethodRunner.java:46)
	at org.testng.internal.TestInvoker$MethodInvocationAgent.invoke(TestInvoker.java:804)
	at org.testng.internal.TestInvoker.invokeTestMethods(TestInvoker.java:145)
	at org.testng.internal.TestMethodWorker.invokeTestMethods(TestMethodWorker.java:146)
	at org.testng.internal.TestMethodWorker.run(TestMethodWorker.java:128)
	at java.base/java.util.ArrayList.forEach(Unknown Source)
	at org.testng.TestRunner.privateRun(TestRunner.java:770)
	at org.testng.TestRunner.run(TestRunner.java:591)
	at org.testng.SuiteRunner.runTest(SuiteRunner.java:402)
	at org.testng.SuiteRunner.runSequentially(SuiteRunner.java:396)
	at org.testng.SuiteRunner.privateRun(SuiteRunner.java:355)
	at org.testng.SuiteRunner.run(SuiteRunner.java:304)
	at org.testng.SuiteRunnerWorker.runSuite(SuiteRunnerWorker.java:53)
	at org.testng.SuiteRunnerWorker.run(SuiteRunnerWorker.java:96)
	at org.testng.TestNG.runSuitesSequentially(TestNG.java:1180)
	at org.testng.TestNG.runSuitesLocally(TestNG.java:1102)
	at org.testng.TestNG.runSuites(TestNG.java:1032)
	at org.testng.TestNG.run(TestNG.java:1000)
	at org.testng.remote.AbstractRemoteTestNG.run(AbstractRemoteTestNG.java:115)
	at org.testng.remote.RemoteTestNG.initAndRun(RemoteTestNG.java:251)
	at org.testng.remote.RemoteTestNG.main(RemoteTestNG.java:77)
</pre></div></td>
<td>3</td>
<td>com.tetherfi.test.ExportSchedulerTest@467233e4</td></tr>
<tr>
<td title='com.tetherfi.test.ExportSchedulerTest.DeleteWeeklyRecord()'><b>DeleteWeeklyRecord</b><br>Test class: com.tetherfi.test.ExportSchedulerTest</td>
<td><div><pre>org.openqa.selenium.StaleElementReferenceException: stale element reference: element is not attached to the page document
  (Session info: chrome=79.0.3945.130)
For documentation on this error, please visit: https://www.seleniumhq.org/exceptions/stale_element_reference.html
Build info: version: &apos;3.141.59&apos;, revision: &apos;e82be7d358&apos;, time: &apos;2018-11-14T08:17:03&apos;
System info: host: &apos;DESKTOP-O6A5C2O&apos;, ip: &apos;10.0.75.1&apos;, os.name: &apos;Windows 10&apos;, os.arch: &apos;amd64&apos;, os.version: &apos;10.0&apos;, java.version: &apos;9.0.4&apos;
Driver info: org.openqa.selenium.chrome.ChromeDriver
Capabilities {acceptInsecureCerts: false, browserName: chrome, browserVersion: 79.0.3945.130, chrome: {chromedriverVersion: 78.0.3904.70 (edb9c9f3de024..., userDataDir: C:\Users\admin\AppData\Loca...}, goog:chromeOptions: {debuggerAddress: localhost:55821}, javascriptEnabled: true, networkConnectionEnabled: false, pageLoadStrategy: normal, platform: XP, platformName: XP, proxy: Proxy(), setWindowRect: true, strictFileInteractability: false, timeouts: {implicit: 0, pageLoad: 300000, script: 30000}, unhandledPromptBehavior: dismiss and notify}
Session ID: d5f922bbb1154ac0aa4b56317cea3ddd
	at org.openqa.selenium.remote.http.W3CHttpResponseCodec.createException(W3CHttpResponseCodec.java:187)
	at org.openqa.selenium.remote.http.W3CHttpResponseCodec.decode(W3CHttpResponseCodec.java:122)
	at org.openqa.selenium.remote.http.W3CHttpResponseCodec.decode(W3CHttpResponseCodec.java:49)
	at org.openqa.selenium.remote.HttpCommandExecutor.execute(HttpCommandExecutor.java:158)
	at org.openqa.selenium.remote.service.DriverCommandExecutor.execute(DriverCommandExecutor.java:83)
	at org.openqa.selenium.remote.RemoteWebDriver.execute(RemoteWebDriver.java:552)
	at org.openqa.selenium.remote.RemoteWebElement.execute(RemoteWebElement.java:285)
	at org.openqa.selenium.remote.RemoteWebElement.isDisplayed(RemoteWebElement.java:326)
	at org.openqa.selenium.support.pagefactory.internal.LocatingElementHandler.invoke(LocatingElementHandler.java:51)
	at com.sun.proxy.$Proxy16.isDisplayed(Unknown Source)
	at org.openqa.selenium.support.ui.ExpectedConditions.elementIfVisible(ExpectedConditions.java:314)
	at org.openqa.selenium.support.ui.ExpectedConditions.access$000(ExpectedConditions.java:43)
	at org.openqa.selenium.support.ui.ExpectedConditions$10.apply(ExpectedConditions.java:300)
	at org.openqa.selenium.support.ui.ExpectedConditions$10.apply(ExpectedConditions.java:297)
	at org.openqa.selenium.support.ui.ExpectedConditions$23.apply(ExpectedConditions.java:670)
	at org.openqa.selenium.support.ui.ExpectedConditions$23.apply(ExpectedConditions.java:666)
	at org.openqa.selenium.support.ui.FluentWait.until(FluentWait.java:249)
	at com.tetherfi.pages.BasePage.waitUntilWebElementIsClickable(BasePage.java:259)
	at com.tetherfi.pages.ExportSchedulerPage.deleteExportSchedulerRecord(ExportSchedulerPage.java:882)
	at com.tetherfi.test.ExportSchedulerTest.DeleteWeeklyRecord(ExportSchedulerTest.java:542)
	at java.base/java.util.ArrayList.forEach(Unknown Source)
... Removed 34 stack frames</pre></div><a href='#' onClick='toggleBox("stack-trace742728541", this, "Click to show all stack frames", "Click to hide stack frames")'>Click to show all stack frames</a>
<div class='stack-trace' id='stack-trace742728541'><pre>org.openqa.selenium.StaleElementReferenceException: stale element reference: element is not attached to the page document
  (Session info: chrome=79.0.3945.130)
For documentation on this error, please visit: https://www.seleniumhq.org/exceptions/stale_element_reference.html
Build info: version: &apos;3.141.59&apos;, revision: &apos;e82be7d358&apos;, time: &apos;2018-11-14T08:17:03&apos;
System info: host: &apos;DESKTOP-O6A5C2O&apos;, ip: &apos;10.0.75.1&apos;, os.name: &apos;Windows 10&apos;, os.arch: &apos;amd64&apos;, os.version: &apos;10.0&apos;, java.version: &apos;9.0.4&apos;
Driver info: org.openqa.selenium.chrome.ChromeDriver
Capabilities {acceptInsecureCerts: false, browserName: chrome, browserVersion: 79.0.3945.130, chrome: {chromedriverVersion: 78.0.3904.70 (edb9c9f3de024..., userDataDir: C:\Users\admin\AppData\Loca...}, goog:chromeOptions: {debuggerAddress: localhost:55821}, javascriptEnabled: true, networkConnectionEnabled: false, pageLoadStrategy: normal, platform: XP, platformName: XP, proxy: Proxy(), setWindowRect: true, strictFileInteractability: false, timeouts: {implicit: 0, pageLoad: 300000, script: 30000}, unhandledPromptBehavior: dismiss and notify}
Session ID: d5f922bbb1154ac0aa4b56317cea3ddd
	at java.base/jdk.internal.reflect.NativeConstructorAccessorImpl.newInstance0(Native Method)
	at java.base/jdk.internal.reflect.NativeConstructorAccessorImpl.newInstance(Unknown Source)
	at java.base/jdk.internal.reflect.DelegatingConstructorAccessorImpl.newInstance(Unknown Source)
	at java.base/java.lang.reflect.Constructor.newInstance(Unknown Source)
	at org.openqa.selenium.remote.http.W3CHttpResponseCodec.createException(W3CHttpResponseCodec.java:187)
	at org.openqa.selenium.remote.http.W3CHttpResponseCodec.decode(W3CHttpResponseCodec.java:122)
	at org.openqa.selenium.remote.http.W3CHttpResponseCodec.decode(W3CHttpResponseCodec.java:49)
	at org.openqa.selenium.remote.HttpCommandExecutor.execute(HttpCommandExecutor.java:158)
	at org.openqa.selenium.remote.service.DriverCommandExecutor.execute(DriverCommandExecutor.java:83)
	at org.openqa.selenium.remote.RemoteWebDriver.execute(RemoteWebDriver.java:552)
	at org.openqa.selenium.remote.RemoteWebElement.execute(RemoteWebElement.java:285)
	at org.openqa.selenium.remote.RemoteWebElement.isDisplayed(RemoteWebElement.java:326)
	at jdk.internal.reflect.GeneratedMethodAccessor1.invoke(Unknown Source)
	at java.base/jdk.internal.reflect.DelegatingMethodAccessorImpl.invoke(Unknown Source)
	at java.base/java.lang.reflect.Method.invoke(Unknown Source)
	at org.openqa.selenium.support.pagefactory.internal.LocatingElementHandler.invoke(LocatingElementHandler.java:51)
	at com.sun.proxy.$Proxy16.isDisplayed(Unknown Source)
	at org.openqa.selenium.support.ui.ExpectedConditions.elementIfVisible(ExpectedConditions.java:314)
	at org.openqa.selenium.support.ui.ExpectedConditions.access$000(ExpectedConditions.java:43)
	at org.openqa.selenium.support.ui.ExpectedConditions$10.apply(ExpectedConditions.java:300)
	at org.openqa.selenium.support.ui.ExpectedConditions$10.apply(ExpectedConditions.java:297)
	at org.openqa.selenium.support.ui.ExpectedConditions$23.apply(ExpectedConditions.java:670)
	at org.openqa.selenium.support.ui.ExpectedConditions$23.apply(ExpectedConditions.java:666)
	at org.openqa.selenium.support.ui.FluentWait.until(FluentWait.java:249)
	at com.tetherfi.pages.BasePage.waitUntilWebElementIsClickable(BasePage.java:259)
	at com.tetherfi.pages.ExportSchedulerPage.deleteExportSchedulerRecord(ExportSchedulerPage.java:882)
	at com.tetherfi.test.ExportSchedulerTest.DeleteWeeklyRecord(ExportSchedulerTest.java:542)
	at java.base/jdk.internal.reflect.NativeMethodAccessorImpl.invoke0(Native Method)
	at java.base/jdk.internal.reflect.NativeMethodAccessorImpl.invoke(Unknown Source)
	at java.base/jdk.internal.reflect.DelegatingMethodAccessorImpl.invoke(Unknown Source)
	at java.base/java.lang.reflect.Method.invoke(Unknown Source)
	at org.testng.internal.MethodInvocationHelper.invokeMethod(MethodInvocationHelper.java:133)
	at org.testng.internal.TestInvoker.invokeMethod(TestInvoker.java:584)
	at org.testng.internal.TestInvoker.invokeTestMethod(TestInvoker.java:172)
	at org.testng.internal.MethodRunner.runInSequence(MethodRunner.java:46)
	at org.testng.internal.TestInvoker$MethodInvocationAgent.invoke(TestInvoker.java:804)
	at org.testng.internal.TestInvoker.invokeTestMethods(TestInvoker.java:145)
	at org.testng.internal.TestMethodWorker.invokeTestMethods(TestMethodWorker.java:146)
	at org.testng.internal.TestMethodWorker.run(TestMethodWorker.java:128)
	at java.base/java.util.ArrayList.forEach(Unknown Source)
	at org.testng.TestRunner.privateRun(TestRunner.java:770)
	at org.testng.TestRunner.run(TestRunner.java:591)
	at org.testng.SuiteRunner.runTest(SuiteRunner.java:402)
	at org.testng.SuiteRunner.runSequentially(SuiteRunner.java:396)
	at org.testng.SuiteRunner.privateRun(SuiteRunner.java:355)
	at org.testng.SuiteRunner.run(SuiteRunner.java:304)
	at org.testng.SuiteRunnerWorker.runSuite(SuiteRunnerWorker.java:53)
	at org.testng.SuiteRunnerWorker.run(SuiteRunnerWorker.java:96)
	at org.testng.TestNG.runSuitesSequentially(TestNG.java:1180)
	at org.testng.TestNG.runSuitesLocally(TestNG.java:1102)
	at org.testng.TestNG.runSuites(TestNG.java:1032)
	at org.testng.TestNG.run(TestNG.java:1000)
	at org.testng.remote.AbstractRemoteTestNG.run(AbstractRemoteTestNG.java:115)
	at org.testng.remote.RemoteTestNG.initAndRun(RemoteTestNG.java:251)
	at org.testng.remote.RemoteTestNG.main(RemoteTestNG.java:77)
</pre></div></td>
<td>3</td>
<td>com.tetherfi.test.ExportSchedulerTest@467233e4</td></tr>
<tr>
<td title='com.tetherfi.test.ExportSchedulerTest.EditExportSchedulerRecord()'><b>EditExportSchedulerRecord</b><br>Test class: com.tetherfi.test.ExportSchedulerTest</td>
<td><div><pre>org.openqa.selenium.StaleElementReferenceException: stale element reference: element is not attached to the page document
  (Session info: chrome=79.0.3945.130)
For documentation on this error, please visit: https://www.seleniumhq.org/exceptions/stale_element_reference.html
Build info: version: &apos;3.141.59&apos;, revision: &apos;e82be7d358&apos;, time: &apos;2018-11-14T08:17:03&apos;
System info: host: &apos;DESKTOP-O6A5C2O&apos;, ip: &apos;10.0.75.1&apos;, os.name: &apos;Windows 10&apos;, os.arch: &apos;amd64&apos;, os.version: &apos;10.0&apos;, java.version: &apos;9.0.4&apos;
Driver info: org.openqa.selenium.chrome.ChromeDriver
Capabilities {acceptInsecureCerts: false, browserName: chrome, browserVersion: 79.0.3945.130, chrome: {chromedriverVersion: 78.0.3904.70 (edb9c9f3de024..., userDataDir: C:\Users\admin\AppData\Loca...}, goog:chromeOptions: {debuggerAddress: localhost:55821}, javascriptEnabled: true, networkConnectionEnabled: false, pageLoadStrategy: normal, platform: XP, platformName: XP, proxy: Proxy(), setWindowRect: true, strictFileInteractability: false, timeouts: {implicit: 0, pageLoad: 300000, script: 30000}, unhandledPromptBehavior: dismiss and notify}
Session ID: d5f922bbb1154ac0aa4b56317cea3ddd
	at org.openqa.selenium.remote.http.W3CHttpResponseCodec.createException(W3CHttpResponseCodec.java:187)
	at org.openqa.selenium.remote.http.W3CHttpResponseCodec.decode(W3CHttpResponseCodec.java:122)
	at org.openqa.selenium.remote.http.W3CHttpResponseCodec.decode(W3CHttpResponseCodec.java:49)
	at org.openqa.selenium.remote.HttpCommandExecutor.execute(HttpCommandExecutor.java:158)
	at org.openqa.selenium.remote.service.DriverCommandExecutor.execute(DriverCommandExecutor.java:83)
	at org.openqa.selenium.remote.RemoteWebDriver.execute(RemoteWebDriver.java:552)
	at org.openqa.selenium.remote.RemoteWebElement.execute(RemoteWebElement.java:285)
	at org.openqa.selenium.remote.RemoteWebElement.isDisplayed(RemoteWebElement.java:326)
	at org.openqa.selenium.support.pagefactory.internal.LocatingElementHandler.invoke(LocatingElementHandler.java:51)
	at com.sun.proxy.$Proxy16.isDisplayed(Unknown Source)
	at org.openqa.selenium.support.ui.ExpectedConditions.elementIfVisible(ExpectedConditions.java:314)
	at org.openqa.selenium.support.ui.ExpectedConditions.access$000(ExpectedConditions.java:43)
	at org.openqa.selenium.support.ui.ExpectedConditions$10.apply(ExpectedConditions.java:300)
	at org.openqa.selenium.support.ui.ExpectedConditions$10.apply(ExpectedConditions.java:297)
	at org.openqa.selenium.support.ui.ExpectedConditions$23.apply(ExpectedConditions.java:670)
	at org.openqa.selenium.support.ui.ExpectedConditions$23.apply(ExpectedConditions.java:666)
	at org.openqa.selenium.support.ui.FluentWait.until(FluentWait.java:249)
	at com.tetherfi.pages.BasePage.waitUntilWebElementIsClickable(BasePage.java:259)
	at com.tetherfi.pages.ExportSchedulerPage.editexportSchedulerRecord(ExportSchedulerPage.java:814)
	at com.tetherfi.test.ExportSchedulerTest.EditExportSchedulerRecord(ExportSchedulerTest.java:311)
	at java.base/java.util.ArrayList.forEach(Unknown Source)
... Removed 34 stack frames</pre></div><a href='#' onClick='toggleBox("stack-trace1622556919", this, "Click to show all stack frames", "Click to hide stack frames")'>Click to show all stack frames</a>
<div class='stack-trace' id='stack-trace1622556919'><pre>org.openqa.selenium.StaleElementReferenceException: stale element reference: element is not attached to the page document
  (Session info: chrome=79.0.3945.130)
For documentation on this error, please visit: https://www.seleniumhq.org/exceptions/stale_element_reference.html
Build info: version: &apos;3.141.59&apos;, revision: &apos;e82be7d358&apos;, time: &apos;2018-11-14T08:17:03&apos;
System info: host: &apos;DESKTOP-O6A5C2O&apos;, ip: &apos;10.0.75.1&apos;, os.name: &apos;Windows 10&apos;, os.arch: &apos;amd64&apos;, os.version: &apos;10.0&apos;, java.version: &apos;9.0.4&apos;
Driver info: org.openqa.selenium.chrome.ChromeDriver
Capabilities {acceptInsecureCerts: false, browserName: chrome, browserVersion: 79.0.3945.130, chrome: {chromedriverVersion: 78.0.3904.70 (edb9c9f3de024..., userDataDir: C:\Users\admin\AppData\Loca...}, goog:chromeOptions: {debuggerAddress: localhost:55821}, javascriptEnabled: true, networkConnectionEnabled: false, pageLoadStrategy: normal, platform: XP, platformName: XP, proxy: Proxy(), setWindowRect: true, strictFileInteractability: false, timeouts: {implicit: 0, pageLoad: 300000, script: 30000}, unhandledPromptBehavior: dismiss and notify}
Session ID: d5f922bbb1154ac0aa4b56317cea3ddd
	at java.base/jdk.internal.reflect.NativeConstructorAccessorImpl.newInstance0(Native Method)
	at java.base/jdk.internal.reflect.NativeConstructorAccessorImpl.newInstance(Unknown Source)
	at java.base/jdk.internal.reflect.DelegatingConstructorAccessorImpl.newInstance(Unknown Source)
	at java.base/java.lang.reflect.Constructor.newInstance(Unknown Source)
	at org.openqa.selenium.remote.http.W3CHttpResponseCodec.createException(W3CHttpResponseCodec.java:187)
	at org.openqa.selenium.remote.http.W3CHttpResponseCodec.decode(W3CHttpResponseCodec.java:122)
	at org.openqa.selenium.remote.http.W3CHttpResponseCodec.decode(W3CHttpResponseCodec.java:49)
	at org.openqa.selenium.remote.HttpCommandExecutor.execute(HttpCommandExecutor.java:158)
	at org.openqa.selenium.remote.service.DriverCommandExecutor.execute(DriverCommandExecutor.java:83)
	at org.openqa.selenium.remote.RemoteWebDriver.execute(RemoteWebDriver.java:552)
	at org.openqa.selenium.remote.RemoteWebElement.execute(RemoteWebElement.java:285)
	at org.openqa.selenium.remote.RemoteWebElement.isDisplayed(RemoteWebElement.java:326)
	at jdk.internal.reflect.GeneratedMethodAccessor1.invoke(Unknown Source)
	at java.base/jdk.internal.reflect.DelegatingMethodAccessorImpl.invoke(Unknown Source)
	at java.base/java.lang.reflect.Method.invoke(Unknown Source)
	at org.openqa.selenium.support.pagefactory.internal.LocatingElementHandler.invoke(LocatingElementHandler.java:51)
	at com.sun.proxy.$Proxy16.isDisplayed(Unknown Source)
	at org.openqa.selenium.support.ui.ExpectedConditions.elementIfVisible(ExpectedConditions.java:314)
	at org.openqa.selenium.support.ui.ExpectedConditions.access$000(ExpectedConditions.java:43)
	at org.openqa.selenium.support.ui.ExpectedConditions$10.apply(ExpectedConditions.java:300)
	at org.openqa.selenium.support.ui.ExpectedConditions$10.apply(ExpectedConditions.java:297)
	at org.openqa.selenium.support.ui.ExpectedConditions$23.apply(ExpectedConditions.java:670)
	at org.openqa.selenium.support.ui.ExpectedConditions$23.apply(ExpectedConditions.java:666)
	at org.openqa.selenium.support.ui.FluentWait.until(FluentWait.java:249)
	at com.tetherfi.pages.BasePage.waitUntilWebElementIsClickable(BasePage.java:259)
	at com.tetherfi.pages.ExportSchedulerPage.editexportSchedulerRecord(ExportSchedulerPage.java:814)
	at com.tetherfi.test.ExportSchedulerTest.EditExportSchedulerRecord(ExportSchedulerTest.java:311)
	at java.base/jdk.internal.reflect.NativeMethodAccessorImpl.invoke0(Native Method)
	at java.base/jdk.internal.reflect.NativeMethodAccessorImpl.invoke(Unknown Source)
	at java.base/jdk.internal.reflect.DelegatingMethodAccessorImpl.invoke(Unknown Source)
	at java.base/java.lang.reflect.Method.invoke(Unknown Source)
	at org.testng.internal.MethodInvocationHelper.invokeMethod(MethodInvocationHelper.java:133)
	at org.testng.internal.TestInvoker.invokeMethod(TestInvoker.java:584)
	at org.testng.internal.TestInvoker.invokeTestMethod(TestInvoker.java:172)
	at org.testng.internal.MethodRunner.runInSequence(MethodRunner.java:46)
	at org.testng.internal.TestInvoker$MethodInvocationAgent.invoke(TestInvoker.java:804)
	at org.testng.internal.TestInvoker.invokeTestMethods(TestInvoker.java:145)
	at org.testng.internal.TestMethodWorker.invokeTestMethods(TestMethodWorker.java:146)
	at org.testng.internal.TestMethodWorker.run(TestMethodWorker.java:128)
	at java.base/java.util.ArrayList.forEach(Unknown Source)
	at org.testng.TestRunner.privateRun(TestRunner.java:770)
	at org.testng.TestRunner.run(TestRunner.java:591)
	at org.testng.SuiteRunner.runTest(SuiteRunner.java:402)
	at org.testng.SuiteRunner.runSequentially(SuiteRunner.java:396)
	at org.testng.SuiteRunner.privateRun(SuiteRunner.java:355)
	at org.testng.SuiteRunner.run(SuiteRunner.java:304)
	at org.testng.SuiteRunnerWorker.runSuite(SuiteRunnerWorker.java:53)
	at org.testng.SuiteRunnerWorker.run(SuiteRunnerWorker.java:96)
	at org.testng.TestNG.runSuitesSequentially(TestNG.java:1180)
	at org.testng.TestNG.runSuitesLocally(TestNG.java:1102)
	at org.testng.TestNG.runSuites(TestNG.java:1032)
	at org.testng.TestNG.run(TestNG.java:1000)
	at org.testng.remote.AbstractRemoteTestNG.run(AbstractRemoteTestNG.java:115)
	at org.testng.remote.RemoteTestNG.initAndRun(RemoteTestNG.java:251)
	at org.testng.remote.RemoteTestNG.main(RemoteTestNG.java:77)
</pre></div></td>
<td>3</td>
<td>com.tetherfi.test.ExportSchedulerTest@467233e4</td></tr>
<tr>
<td title='com.tetherfi.test.ExportSchedulerTest.EditWithoutModifyReasonRecord()'><b>EditWithoutModifyReasonRecord</b><br>Test class: com.tetherfi.test.ExportSchedulerTest</td>
<td><div><pre>org.openqa.selenium.StaleElementReferenceException: stale element reference: element is not attached to the page document
  (Session info: chrome=79.0.3945.130)
For documentation on this error, please visit: https://www.seleniumhq.org/exceptions/stale_element_reference.html
Build info: version: &apos;3.141.59&apos;, revision: &apos;e82be7d358&apos;, time: &apos;2018-11-14T08:17:03&apos;
System info: host: &apos;DESKTOP-O6A5C2O&apos;, ip: &apos;10.0.75.1&apos;, os.name: &apos;Windows 10&apos;, os.arch: &apos;amd64&apos;, os.version: &apos;10.0&apos;, java.version: &apos;9.0.4&apos;
Driver info: org.openqa.selenium.chrome.ChromeDriver
Capabilities {acceptInsecureCerts: false, browserName: chrome, browserVersion: 79.0.3945.130, chrome: {chromedriverVersion: 78.0.3904.70 (edb9c9f3de024..., userDataDir: C:\Users\admin\AppData\Loca...}, goog:chromeOptions: {debuggerAddress: localhost:55821}, javascriptEnabled: true, networkConnectionEnabled: false, pageLoadStrategy: normal, platform: XP, platformName: XP, proxy: Proxy(), setWindowRect: true, strictFileInteractability: false, timeouts: {implicit: 0, pageLoad: 300000, script: 30000}, unhandledPromptBehavior: dismiss and notify}
Session ID: d5f922bbb1154ac0aa4b56317cea3ddd
	at org.openqa.selenium.remote.http.W3CHttpResponseCodec.createException(W3CHttpResponseCodec.java:187)
	at org.openqa.selenium.remote.http.W3CHttpResponseCodec.decode(W3CHttpResponseCodec.java:122)
	at org.openqa.selenium.remote.http.W3CHttpResponseCodec.decode(W3CHttpResponseCodec.java:49)
	at org.openqa.selenium.remote.HttpCommandExecutor.execute(HttpCommandExecutor.java:158)
	at org.openqa.selenium.remote.service.DriverCommandExecutor.execute(DriverCommandExecutor.java:83)
	at org.openqa.selenium.remote.RemoteWebDriver.execute(RemoteWebDriver.java:552)
	at org.openqa.selenium.remote.RemoteWebElement.execute(RemoteWebElement.java:285)
	at org.openqa.selenium.remote.RemoteWebElement.isDisplayed(RemoteWebElement.java:326)
	at org.openqa.selenium.support.pagefactory.internal.LocatingElementHandler.invoke(LocatingElementHandler.java:51)
	at com.sun.proxy.$Proxy16.isDisplayed(Unknown Source)
	at org.openqa.selenium.support.ui.ExpectedConditions.elementIfVisible(ExpectedConditions.java:314)
	at org.openqa.selenium.support.ui.ExpectedConditions.access$000(ExpectedConditions.java:43)
	at org.openqa.selenium.support.ui.ExpectedConditions$10.apply(ExpectedConditions.java:300)
	at org.openqa.selenium.support.ui.ExpectedConditions$10.apply(ExpectedConditions.java:297)
	at org.openqa.selenium.support.ui.ExpectedConditions$23.apply(ExpectedConditions.java:670)
	at org.openqa.selenium.support.ui.ExpectedConditions$23.apply(ExpectedConditions.java:666)
	at org.openqa.selenium.support.ui.FluentWait.until(FluentWait.java:249)
	at com.tetherfi.pages.BasePage.waitUntilWebElementIsClickable(BasePage.java:259)
	at com.tetherfi.pages.ExportSchedulerPage.editexportSchedulerRecordWithoutModifyReason(ExportSchedulerPage.java:835)
	at com.tetherfi.test.ExportSchedulerTest.EditWithoutModifyReasonRecord(ExportSchedulerTest.java:288)
	at java.base/java.util.ArrayList.forEach(Unknown Source)
... Removed 34 stack frames</pre></div><a href='#' onClick='toggleBox("stack-trace453131955", this, "Click to show all stack frames", "Click to hide stack frames")'>Click to show all stack frames</a>
<div class='stack-trace' id='stack-trace453131955'><pre>org.openqa.selenium.StaleElementReferenceException: stale element reference: element is not attached to the page document
  (Session info: chrome=79.0.3945.130)
For documentation on this error, please visit: https://www.seleniumhq.org/exceptions/stale_element_reference.html
Build info: version: &apos;3.141.59&apos;, revision: &apos;e82be7d358&apos;, time: &apos;2018-11-14T08:17:03&apos;
System info: host: &apos;DESKTOP-O6A5C2O&apos;, ip: &apos;10.0.75.1&apos;, os.name: &apos;Windows 10&apos;, os.arch: &apos;amd64&apos;, os.version: &apos;10.0&apos;, java.version: &apos;9.0.4&apos;
Driver info: org.openqa.selenium.chrome.ChromeDriver
Capabilities {acceptInsecureCerts: false, browserName: chrome, browserVersion: 79.0.3945.130, chrome: {chromedriverVersion: 78.0.3904.70 (edb9c9f3de024..., userDataDir: C:\Users\admin\AppData\Loca...}, goog:chromeOptions: {debuggerAddress: localhost:55821}, javascriptEnabled: true, networkConnectionEnabled: false, pageLoadStrategy: normal, platform: XP, platformName: XP, proxy: Proxy(), setWindowRect: true, strictFileInteractability: false, timeouts: {implicit: 0, pageLoad: 300000, script: 30000}, unhandledPromptBehavior: dismiss and notify}
Session ID: d5f922bbb1154ac0aa4b56317cea3ddd
	at java.base/jdk.internal.reflect.NativeConstructorAccessorImpl.newInstance0(Native Method)
	at java.base/jdk.internal.reflect.NativeConstructorAccessorImpl.newInstance(Unknown Source)
	at java.base/jdk.internal.reflect.DelegatingConstructorAccessorImpl.newInstance(Unknown Source)
	at java.base/java.lang.reflect.Constructor.newInstance(Unknown Source)
	at org.openqa.selenium.remote.http.W3CHttpResponseCodec.createException(W3CHttpResponseCodec.java:187)
	at org.openqa.selenium.remote.http.W3CHttpResponseCodec.decode(W3CHttpResponseCodec.java:122)
	at org.openqa.selenium.remote.http.W3CHttpResponseCodec.decode(W3CHttpResponseCodec.java:49)
	at org.openqa.selenium.remote.HttpCommandExecutor.execute(HttpCommandExecutor.java:158)
	at org.openqa.selenium.remote.service.DriverCommandExecutor.execute(DriverCommandExecutor.java:83)
	at org.openqa.selenium.remote.RemoteWebDriver.execute(RemoteWebDriver.java:552)
	at org.openqa.selenium.remote.RemoteWebElement.execute(RemoteWebElement.java:285)
	at org.openqa.selenium.remote.RemoteWebElement.isDisplayed(RemoteWebElement.java:326)
	at jdk.internal.reflect.GeneratedMethodAccessor1.invoke(Unknown Source)
	at java.base/jdk.internal.reflect.DelegatingMethodAccessorImpl.invoke(Unknown Source)
	at java.base/java.lang.reflect.Method.invoke(Unknown Source)
	at org.openqa.selenium.support.pagefactory.internal.LocatingElementHandler.invoke(LocatingElementHandler.java:51)
	at com.sun.proxy.$Proxy16.isDisplayed(Unknown Source)
	at org.openqa.selenium.support.ui.ExpectedConditions.elementIfVisible(ExpectedConditions.java:314)
	at org.openqa.selenium.support.ui.ExpectedConditions.access$000(ExpectedConditions.java:43)
	at org.openqa.selenium.support.ui.ExpectedConditions$10.apply(ExpectedConditions.java:300)
	at org.openqa.selenium.support.ui.ExpectedConditions$10.apply(ExpectedConditions.java:297)
	at org.openqa.selenium.support.ui.ExpectedConditions$23.apply(ExpectedConditions.java:670)
	at org.openqa.selenium.support.ui.ExpectedConditions$23.apply(ExpectedConditions.java:666)
	at org.openqa.selenium.support.ui.FluentWait.until(FluentWait.java:249)
	at com.tetherfi.pages.BasePage.waitUntilWebElementIsClickable(BasePage.java:259)
	at com.tetherfi.pages.ExportSchedulerPage.editexportSchedulerRecordWithoutModifyReason(ExportSchedulerPage.java:835)
	at com.tetherfi.test.ExportSchedulerTest.EditWithoutModifyReasonRecord(ExportSchedulerTest.java:288)
	at java.base/jdk.internal.reflect.NativeMethodAccessorImpl.invoke0(Native Method)
	at java.base/jdk.internal.reflect.NativeMethodAccessorImpl.invoke(Unknown Source)
	at java.base/jdk.internal.reflect.DelegatingMethodAccessorImpl.invoke(Unknown Source)
	at java.base/java.lang.reflect.Method.invoke(Unknown Source)
	at org.testng.internal.MethodInvocationHelper.invokeMethod(MethodInvocationHelper.java:133)
	at org.testng.internal.TestInvoker.invokeMethod(TestInvoker.java:584)
	at org.testng.internal.TestInvoker.invokeTestMethod(TestInvoker.java:172)
	at org.testng.internal.MethodRunner.runInSequence(MethodRunner.java:46)
	at org.testng.internal.TestInvoker$MethodInvocationAgent.invoke(TestInvoker.java:804)
	at org.testng.internal.TestInvoker.invokeTestMethods(TestInvoker.java:145)
	at org.testng.internal.TestMethodWorker.invokeTestMethods(TestMethodWorker.java:146)
	at org.testng.internal.TestMethodWorker.run(TestMethodWorker.java:128)
	at java.base/java.util.ArrayList.forEach(Unknown Source)
	at org.testng.TestRunner.privateRun(TestRunner.java:770)
	at org.testng.TestRunner.run(TestRunner.java:591)
	at org.testng.SuiteRunner.runTest(SuiteRunner.java:402)
	at org.testng.SuiteRunner.runSequentially(SuiteRunner.java:396)
	at org.testng.SuiteRunner.privateRun(SuiteRunner.java:355)
	at org.testng.SuiteRunner.run(SuiteRunner.java:304)
	at org.testng.SuiteRunnerWorker.runSuite(SuiteRunnerWorker.java:53)
	at org.testng.SuiteRunnerWorker.run(SuiteRunnerWorker.java:96)
	at org.testng.TestNG.runSuitesSequentially(TestNG.java:1180)
	at org.testng.TestNG.runSuitesLocally(TestNG.java:1102)
	at org.testng.TestNG.runSuites(TestNG.java:1032)
	at org.testng.TestNG.run(TestNG.java:1000)
	at org.testng.remote.AbstractRemoteTestNG.run(AbstractRemoteTestNG.java:115)
	at org.testng.remote.RemoteTestNG.initAndRun(RemoteTestNG.java:251)
	at org.testng.remote.RemoteTestNG.main(RemoteTestNG.java:77)
</pre></div></td>
<td>3</td>
<td>com.tetherfi.test.ExportSchedulerTest@467233e4</td></tr>
<tr>
<td title='com.tetherfi.test.ExportSchedulerTest.VerifyArrowMoveForFirstAndLastPage()'><b>VerifyArrowMoveForFirstAndLastPage</b><br>Test class: com.tetherfi.test.ExportSchedulerTest</td>
<td><div><pre>java.lang.AssertionError: arrow move for first and last page assertion failed did not expect to find [true] but found [false]
	at com.tetherfi.test.ExportSchedulerTest.VerifyArrowMoveForFirstAndLastPage(ExportSchedulerTest.java:436)
	at java.base/java.util.ArrayList.forEach(Unknown Source)
... Removed 30 stack frames</pre></div><a href='#' onClick='toggleBox("stack-trace1613098175", this, "Click to show all stack frames", "Click to hide stack frames")'>Click to show all stack frames</a>
<div class='stack-trace' id='stack-trace1613098175'><pre>java.lang.AssertionError: arrow move for first and last page assertion failed did not expect to find [true] but found [false]
	at org.testng.Assert.fail(Assert.java:97)
	at org.testng.Assert.failNotEquals(Assert.java:969)
	at org.testng.Assert.assertTrue(Assert.java:43)
	at com.tetherfi.test.ExportSchedulerTest.VerifyArrowMoveForFirstAndLastPage(ExportSchedulerTest.java:436)
	at java.base/jdk.internal.reflect.NativeMethodAccessorImpl.invoke0(Native Method)
	at java.base/jdk.internal.reflect.NativeMethodAccessorImpl.invoke(Unknown Source)
	at java.base/jdk.internal.reflect.DelegatingMethodAccessorImpl.invoke(Unknown Source)
	at java.base/java.lang.reflect.Method.invoke(Unknown Source)
	at org.testng.internal.MethodInvocationHelper.invokeMethod(MethodInvocationHelper.java:133)
	at org.testng.internal.TestInvoker.invokeMethod(TestInvoker.java:584)
	at org.testng.internal.TestInvoker.invokeTestMethod(TestInvoker.java:172)
	at org.testng.internal.MethodRunner.runInSequence(MethodRunner.java:46)
	at org.testng.internal.TestInvoker$MethodInvocationAgent.invoke(TestInvoker.java:804)
	at org.testng.internal.TestInvoker.invokeTestMethods(TestInvoker.java:145)
	at org.testng.internal.TestMethodWorker.invokeTestMethods(TestMethodWorker.java:146)
	at org.testng.internal.TestMethodWorker.run(TestMethodWorker.java:128)
	at java.base/java.util.ArrayList.forEach(Unknown Source)
	at org.testng.TestRunner.privateRun(TestRunner.java:770)
	at org.testng.TestRunner.run(TestRunner.java:591)
	at org.testng.SuiteRunner.runTest(SuiteRunner.java:402)
	at org.testng.SuiteRunner.runSequentially(SuiteRunner.java:396)
	at org.testng.SuiteRunner.privateRun(SuiteRunner.java:355)
	at org.testng.SuiteRunner.run(SuiteRunner.java:304)
	at org.testng.SuiteRunnerWorker.runSuite(SuiteRunnerWorker.java:53)
	at org.testng.SuiteRunnerWorker.run(SuiteRunnerWorker.java:96)
	at org.testng.TestNG.runSuitesSequentially(TestNG.java:1180)
	at org.testng.TestNG.runSuitesLocally(TestNG.java:1102)
	at org.testng.TestNG.runSuites(TestNG.java:1032)
	at org.testng.TestNG.run(TestNG.java:1000)
	at org.testng.remote.AbstractRemoteTestNG.run(AbstractRemoteTestNG.java:115)
	at org.testng.remote.RemoteTestNG.initAndRun(RemoteTestNG.java:251)
	at org.testng.remote.RemoteTestNG.main(RemoteTestNG.java:77)
</pre></div></td>
<td>0</td>
<td>com.tetherfi.test.ExportSchedulerTest@467233e4</td></tr>
<tr>
<td title='com.tetherfi.test.ExportSchedulerTest.VerifyAuditTrialReportForDelete()'><b>VerifyAuditTrialReportForDelete</b><br>Test class: com.tetherfi.test.ExportSchedulerTest</td>
<td><div><pre>java.lang.AssertionError: did not expect to find [true] but found [false]
	at com.tetherfi.test.ExportSchedulerTest.VerifyAuditTrialReportForDelete(ExportSchedulerTest.java:503)
	at java.base/java.util.ArrayList.forEach(Unknown Source)
... Removed 31 stack frames</pre></div><a href='#' onClick='toggleBox("stack-trace214438855", this, "Click to show all stack frames", "Click to hide stack frames")'>Click to show all stack frames</a>
<div class='stack-trace' id='stack-trace214438855'><pre>java.lang.AssertionError: did not expect to find [true] but found [false]
	at org.testng.Assert.fail(Assert.java:97)
	at org.testng.Assert.failNotEquals(Assert.java:969)
	at org.testng.Assert.assertTrue(Assert.java:43)
	at org.testng.Assert.assertTrue(Assert.java:53)
	at com.tetherfi.test.ExportSchedulerTest.VerifyAuditTrialReportForDelete(ExportSchedulerTest.java:503)
	at java.base/jdk.internal.reflect.NativeMethodAccessorImpl.invoke0(Native Method)
	at java.base/jdk.internal.reflect.NativeMethodAccessorImpl.invoke(Unknown Source)
	at java.base/jdk.internal.reflect.DelegatingMethodAccessorImpl.invoke(Unknown Source)
	at java.base/java.lang.reflect.Method.invoke(Unknown Source)
	at org.testng.internal.MethodInvocationHelper.invokeMethod(MethodInvocationHelper.java:133)
	at org.testng.internal.TestInvoker.invokeMethod(TestInvoker.java:584)
	at org.testng.internal.TestInvoker.invokeTestMethod(TestInvoker.java:172)
	at org.testng.internal.MethodRunner.runInSequence(MethodRunner.java:46)
	at org.testng.internal.TestInvoker$MethodInvocationAgent.invoke(TestInvoker.java:804)
	at org.testng.internal.TestInvoker.invokeTestMethods(TestInvoker.java:145)
	at org.testng.internal.TestMethodWorker.invokeTestMethods(TestMethodWorker.java:146)
	at org.testng.internal.TestMethodWorker.run(TestMethodWorker.java:128)
	at java.base/java.util.ArrayList.forEach(Unknown Source)
	at org.testng.TestRunner.privateRun(TestRunner.java:770)
	at org.testng.TestRunner.run(TestRunner.java:591)
	at org.testng.SuiteRunner.runTest(SuiteRunner.java:402)
	at org.testng.SuiteRunner.runSequentially(SuiteRunner.java:396)
	at org.testng.SuiteRunner.privateRun(SuiteRunner.java:355)
	at org.testng.SuiteRunner.run(SuiteRunner.java:304)
	at org.testng.SuiteRunnerWorker.runSuite(SuiteRunnerWorker.java:53)
	at org.testng.SuiteRunnerWorker.run(SuiteRunnerWorker.java:96)
	at org.testng.TestNG.runSuitesSequentially(TestNG.java:1180)
	at org.testng.TestNG.runSuitesLocally(TestNG.java:1102)
	at org.testng.TestNG.runSuites(TestNG.java:1032)
	at org.testng.TestNG.run(TestNG.java:1000)
	at org.testng.remote.AbstractRemoteTestNG.run(AbstractRemoteTestNG.java:115)
	at org.testng.remote.RemoteTestNG.initAndRun(RemoteTestNG.java:251)
	at org.testng.remote.RemoteTestNG.main(RemoteTestNG.java:77)
</pre></div></td>
<td>22</td>
<td>com.tetherfi.test.ExportSchedulerTest@467233e4</td></tr>
<tr>
<td title='com.tetherfi.test.ExportSchedulerTest.VerifyAuditTrialReportForUpdate()'><b>VerifyAuditTrialReportForUpdate</b><br>Test class: com.tetherfi.test.ExportSchedulerTest</td>
<td><div><pre>java.lang.IndexOutOfBoundsException: Index 1 out-of-bounds for length 1
	at java.base/jdk.internal.util.Preconditions.outOfBounds(Unknown Source)
	at java.base/jdk.internal.util.Preconditions.outOfBoundsCheckIndex(Unknown Source)
	at java.base/jdk.internal.util.Preconditions.checkIndex(Unknown Source)
	at java.base/java.util.Objects.checkIndex(Unknown Source)
	at java.base/java.util.ArrayList.get(Unknown Source)
	at com.tetherfi.pages.OCMReportsPage.getFirstRowDatafromTable1(OCMReportsPage.java:1282)
	at com.tetherfi.pages.OCMReportsPage.verifyExportSchedulerUpdate(OCMReportsPage.java:6211)
	at com.tetherfi.test.ExportSchedulerTest.VerifyAuditTrialReportForUpdate(ExportSchedulerTest.java:327)
	at java.base/java.util.ArrayList.forEach(Unknown Source)
... Removed 27 stack frames</pre></div><a href='#' onClick='toggleBox("stack-trace1088130184", this, "Click to show all stack frames", "Click to hide stack frames")'>Click to show all stack frames</a>
<div class='stack-trace' id='stack-trace1088130184'><pre>java.lang.IndexOutOfBoundsException: Index 1 out-of-bounds for length 1
	at java.base/jdk.internal.util.Preconditions.outOfBounds(Unknown Source)
	at java.base/jdk.internal.util.Preconditions.outOfBoundsCheckIndex(Unknown Source)
	at java.base/jdk.internal.util.Preconditions.checkIndex(Unknown Source)
	at java.base/java.util.Objects.checkIndex(Unknown Source)
	at java.base/java.util.ArrayList.get(Unknown Source)
	at com.tetherfi.pages.OCMReportsPage.getFirstRowDatafromTable1(OCMReportsPage.java:1282)
	at com.tetherfi.pages.OCMReportsPage.verifyExportSchedulerUpdate(OCMReportsPage.java:6211)
	at com.tetherfi.test.ExportSchedulerTest.VerifyAuditTrialReportForUpdate(ExportSchedulerTest.java:327)
	at java.base/jdk.internal.reflect.NativeMethodAccessorImpl.invoke0(Native Method)
	at java.base/jdk.internal.reflect.NativeMethodAccessorImpl.invoke(Unknown Source)
	at java.base/jdk.internal.reflect.DelegatingMethodAccessorImpl.invoke(Unknown Source)
	at java.base/java.lang.reflect.Method.invoke(Unknown Source)
	at org.testng.internal.MethodInvocationHelper.invokeMethod(MethodInvocationHelper.java:133)
	at org.testng.internal.TestInvoker.invokeMethod(TestInvoker.java:584)
	at org.testng.internal.TestInvoker.invokeTestMethod(TestInvoker.java:172)
	at org.testng.internal.MethodRunner.runInSequence(MethodRunner.java:46)
	at org.testng.internal.TestInvoker$MethodInvocationAgent.invoke(TestInvoker.java:804)
	at org.testng.internal.TestInvoker.invokeTestMethods(TestInvoker.java:145)
	at org.testng.internal.TestMethodWorker.invokeTestMethods(TestMethodWorker.java:146)
	at org.testng.internal.TestMethodWorker.run(TestMethodWorker.java:128)
	at java.base/java.util.ArrayList.forEach(Unknown Source)
	at org.testng.TestRunner.privateRun(TestRunner.java:770)
	at org.testng.TestRunner.run(TestRunner.java:591)
	at org.testng.SuiteRunner.runTest(SuiteRunner.java:402)
	at org.testng.SuiteRunner.runSequentially(SuiteRunner.java:396)
	at org.testng.SuiteRunner.privateRun(SuiteRunner.java:355)
	at org.testng.SuiteRunner.run(SuiteRunner.java:304)
	at org.testng.SuiteRunnerWorker.runSuite(SuiteRunnerWorker.java:53)
	at org.testng.SuiteRunnerWorker.run(SuiteRunnerWorker.java:96)
	at org.testng.TestNG.runSuitesSequentially(TestNG.java:1180)
	at org.testng.TestNG.runSuitesLocally(TestNG.java:1102)
	at org.testng.TestNG.runSuites(TestNG.java:1032)
	at org.testng.TestNG.run(TestNG.java:1000)
	at org.testng.remote.AbstractRemoteTestNG.run(AbstractRemoteTestNG.java:115)
	at org.testng.remote.RemoteTestNG.initAndRun(RemoteTestNG.java:251)
	at org.testng.remote.RemoteTestNG.main(RemoteTestNG.java:77)
</pre></div></td>
<td>22</td>
<td>com.tetherfi.test.ExportSchedulerTest@467233e4</td></tr>
<tr>
<td title='com.tetherfi.test.ExportSchedulerTest.VerifyCancelBtnAtAddRecord()'><b>VerifyCancelBtnAtAddRecord</b><br>Test class: com.tetherfi.test.ExportSchedulerTest</td>
<td><div><pre>java.lang.AssertionError: Cancel Btn at Add record assertion failed did not expect to find [false] but found [true]
	at com.tetherfi.test.ExportSchedulerTest.VerifyCancelBtnAtAddRecord(ExportSchedulerTest.java:178)
	at java.base/java.util.ArrayList.forEach(Unknown Source)
... Removed 30 stack frames</pre></div><a href='#' onClick='toggleBox("stack-trace2050450256", this, "Click to show all stack frames", "Click to hide stack frames")'>Click to show all stack frames</a>
<div class='stack-trace' id='stack-trace2050450256'><pre>java.lang.AssertionError: Cancel Btn at Add record assertion failed did not expect to find [false] but found [true]
	at org.testng.Assert.fail(Assert.java:97)
	at org.testng.Assert.failNotEquals(Assert.java:969)
	at org.testng.Assert.assertFalse(Assert.java:65)
	at com.tetherfi.test.ExportSchedulerTest.VerifyCancelBtnAtAddRecord(ExportSchedulerTest.java:178)
	at java.base/jdk.internal.reflect.NativeMethodAccessorImpl.invoke0(Native Method)
	at java.base/jdk.internal.reflect.NativeMethodAccessorImpl.invoke(Unknown Source)
	at java.base/jdk.internal.reflect.DelegatingMethodAccessorImpl.invoke(Unknown Source)
	at java.base/java.lang.reflect.Method.invoke(Unknown Source)
	at org.testng.internal.MethodInvocationHelper.invokeMethod(MethodInvocationHelper.java:133)
	at org.testng.internal.TestInvoker.invokeMethod(TestInvoker.java:584)
	at org.testng.internal.TestInvoker.invokeTestMethod(TestInvoker.java:172)
	at org.testng.internal.MethodRunner.runInSequence(MethodRunner.java:46)
	at org.testng.internal.TestInvoker$MethodInvocationAgent.invoke(TestInvoker.java:804)
	at org.testng.internal.TestInvoker.invokeTestMethods(TestInvoker.java:145)
	at org.testng.internal.TestMethodWorker.invokeTestMethods(TestMethodWorker.java:146)
	at org.testng.internal.TestMethodWorker.run(TestMethodWorker.java:128)
	at java.base/java.util.ArrayList.forEach(Unknown Source)
	at org.testng.TestRunner.privateRun(TestRunner.java:770)
	at org.testng.TestRunner.run(TestRunner.java:591)
	at org.testng.SuiteRunner.runTest(SuiteRunner.java:402)
	at org.testng.SuiteRunner.runSequentially(SuiteRunner.java:396)
	at org.testng.SuiteRunner.privateRun(SuiteRunner.java:355)
	at org.testng.SuiteRunner.run(SuiteRunner.java:304)
	at org.testng.SuiteRunnerWorker.runSuite(SuiteRunnerWorker.java:53)
	at org.testng.SuiteRunnerWorker.run(SuiteRunnerWorker.java:96)
	at org.testng.TestNG.runSuitesSequentially(TestNG.java:1180)
	at org.testng.TestNG.runSuitesLocally(TestNG.java:1102)
	at org.testng.TestNG.runSuites(TestNG.java:1032)
	at org.testng.TestNG.run(TestNG.java:1000)
	at org.testng.remote.AbstractRemoteTestNG.run(AbstractRemoteTestNG.java:115)
	at org.testng.remote.RemoteTestNG.initAndRun(RemoteTestNG.java:251)
	at org.testng.remote.RemoteTestNG.main(RemoteTestNG.java:77)
</pre></div></td>
<td>15</td>
<td>com.tetherfi.test.ExportSchedulerTest@467233e4</td></tr>
</table><p>
<table width='100%' border='1' class='invocation-passed'>
<tr><td colspan='4' align='center'><b>PASSED TESTS</b></td></tr>
<tr><td><b>Test method</b></td>
<td width="30%"><b>Exception</b></td>
<td width="10%"><b>Time (seconds)</b></td>
<td><b>Instance</b></td>
</tr>
<tr>
<td title='com.tetherfi.test.ExportSchedulerTest.AddExportSchedulerCustomDailyRecord()'><b>AddExportSchedulerCustomDailyRecord</b><br>Test class: com.tetherfi.test.ExportSchedulerTest</td>
<td></td>
<td>7</td>
<td>com.tetherfi.test.ExportSchedulerTest@467233e4</td></tr>
<tr>
<td title='com.tetherfi.test.ExportSchedulerTest.AddExportSchedulerDailyRecord()'><b>AddExportSchedulerDailyRecord</b><br>Test class: com.tetherfi.test.ExportSchedulerTest</td>
<td></td>
<td>7</td>
<td>com.tetherfi.test.ExportSchedulerTest@467233e4</td></tr>
<tr>
<td title='com.tetherfi.test.ExportSchedulerTest.AddExportSchedulerMonthlyRecord()'><b>AddExportSchedulerMonthlyRecord</b><br>Test class: com.tetherfi.test.ExportSchedulerTest</td>
<td></td>
<td>9</td>
<td>com.tetherfi.test.ExportSchedulerTest@467233e4</td></tr>
<tr>
<td title='com.tetherfi.test.ExportSchedulerTest.AddExportSchedulerWeeklyRecord()'><b>AddExportSchedulerWeeklyRecord</b><br>Test class: com.tetherfi.test.ExportSchedulerTest</td>
<td></td>
<td>8</td>
<td>com.tetherfi.test.ExportSchedulerTest@467233e4</td></tr>
<tr>
<td title='com.tetherfi.test.ExportSchedulerTest.AddRecordWithoutDay()'><b>AddRecordWithoutDay</b><br>Test class: com.tetherfi.test.ExportSchedulerTest</td>
<td></td>
<td>7</td>
<td>com.tetherfi.test.ExportSchedulerTest@467233e4</td></tr>
<tr>
<td title='com.tetherfi.test.ExportSchedulerTest.AddRecordWithoutEndTime()'><b>AddRecordWithoutEndTime</b><br>Test class: com.tetherfi.test.ExportSchedulerTest</td>
<td></td>
<td>7</td>
<td>com.tetherfi.test.ExportSchedulerTest@467233e4</td></tr>
<tr>
<td title='com.tetherfi.test.ExportSchedulerTest.AddRecordWithoutFrequency()'><b>AddRecordWithoutFrequency</b><br>Test class: com.tetherfi.test.ExportSchedulerTest</td>
<td></td>
<td>6</td>
<td>com.tetherfi.test.ExportSchedulerTest@467233e4</td></tr>
<tr>
<td title='com.tetherfi.test.ExportSchedulerTest.AddRecordWithoutMonthlyDate()'><b>AddRecordWithoutMonthlyDate</b><br>Test class: com.tetherfi.test.ExportSchedulerTest</td>
<td></td>
<td>7</td>
<td>com.tetherfi.test.ExportSchedulerTest@467233e4</td></tr>
<tr>
<td title='com.tetherfi.test.ExportSchedulerTest.AddRecordWithoutMonthlyTime()'><b>AddRecordWithoutMonthlyTime</b><br>Test class: com.tetherfi.test.ExportSchedulerTest</td>
<td></td>
<td>9</td>
<td>com.tetherfi.test.ExportSchedulerTest@467233e4</td></tr>
<tr>
<td title='com.tetherfi.test.ExportSchedulerTest.AddRecordWithoutReport()'><b>AddRecordWithoutReport</b><br>Test class: com.tetherfi.test.ExportSchedulerTest</td>
<td></td>
<td>4</td>
<td>com.tetherfi.test.ExportSchedulerTest@467233e4</td></tr>
<tr>
<td title='com.tetherfi.test.ExportSchedulerTest.AddRecordWithoutStartTime()'><b>AddRecordWithoutStartTime</b><br>Test class: com.tetherfi.test.ExportSchedulerTest</td>
<td></td>
<td>7</td>
<td>com.tetherfi.test.ExportSchedulerTest@467233e4</td></tr>
<tr>
<td title='com.tetherfi.test.ExportSchedulerTest.AddRecordWithoutTime()'><b>AddRecordWithoutTime</b><br>Test class: com.tetherfi.test.ExportSchedulerTest</td>
<td></td>
<td>6</td>
<td>com.tetherfi.test.ExportSchedulerTest@467233e4</td></tr>
<tr>
<td title='com.tetherfi.test.ExportSchedulerTest.AddRecordWithoutWeeklyTime()'><b>AddRecordWithoutWeeklyTime</b><br>Test class: com.tetherfi.test.ExportSchedulerTest</td>
<td></td>
<td>8</td>
<td>com.tetherfi.test.ExportSchedulerTest@467233e4</td></tr>
<tr>
<td title='com.tetherfi.test.ExportSchedulerTest.DeleteMonthlyRecord()'><b>DeleteMonthlyRecord</b><br>Test class: com.tetherfi.test.ExportSchedulerTest</td>
<td></td>
<td>6</td>
<td>com.tetherfi.test.ExportSchedulerTest@467233e4</td></tr>
<tr>
<td title='com.tetherfi.test.ExportSchedulerTest.DeleteRecord()'><b>DeleteRecord</b><br>Test class: com.tetherfi.test.ExportSchedulerTest</td>
<td></td>
<td>7</td>
<td>com.tetherfi.test.ExportSchedulerTest@467233e4</td></tr>
<tr>
<td title='com.tetherfi.test.ExportSchedulerTest.DeleteWithoutDeleteReasonRecord()'><b>DeleteWithoutDeleteReasonRecord</b><br>Test class: com.tetherfi.test.ExportSchedulerTest</td>
<td></td>
<td>7</td>
<td>com.tetherfi.test.ExportSchedulerTest@467233e4</td></tr>
<tr>
<td title='com.tetherfi.test.ExportSchedulerTest.DuplicateRecord()'><b>DuplicateRecord</b><br>Test class: com.tetherfi.test.ExportSchedulerTest</td>
<td></td>
<td>7</td>
<td>com.tetherfi.test.ExportSchedulerTest@467233e4</td></tr>
<tr>
<td title='com.tetherfi.test.ExportSchedulerTest.ExportSchedulerPage()'><b>ExportSchedulerPage</b><br>Test class: com.tetherfi.test.ExportSchedulerTest</td>
<td></td>
<td>0</td>
<td>com.tetherfi.test.ExportSchedulerTest@467233e4</td></tr>
<tr>
<td title='com.tetherfi.test.ExportSchedulerTest.ExportToExcel()'><b>ExportToExcel</b><br>Test class: com.tetherfi.test.ExportSchedulerTest</td>
<td></td>
<td>2</td>
<td>com.tetherfi.test.ExportSchedulerTest@467233e4</td></tr>
<tr>
<td title='com.tetherfi.test.ExportSchedulerTest.ExportToExcelData()'><b>ExportToExcelData</b><br>Test class: com.tetherfi.test.ExportSchedulerTest</td>
<td></td>
<td>5</td>
<td>com.tetherfi.test.ExportSchedulerTest@467233e4</td></tr>
<tr>
<td title='com.tetherfi.test.ExportSchedulerTest.ExporttoExcelWithoutData()'><b>ExporttoExcelWithoutData</b><br>Test class: com.tetherfi.test.ExportSchedulerTest</td>
<td></td>
<td>5</td>
<td>com.tetherfi.test.ExportSchedulerTest@467233e4</td></tr>
<tr>
<td title='com.tetherfi.test.ExportSchedulerTest.GroupBy()'><b>GroupBy</b><br>Test class: com.tetherfi.test.ExportSchedulerTest</td>
<td></td>
<td>2</td>
<td>com.tetherfi.test.ExportSchedulerTest@467233e4</td></tr>
<tr>
<td title='com.tetherfi.test.ExportSchedulerTest.SearchClearSearch()'><b>SearchClearSearch</b><br>Test class: com.tetherfi.test.ExportSchedulerTest</td>
<td></td>
<td>4</td>
<td>com.tetherfi.test.ExportSchedulerTest@467233e4</td></tr>
<tr>
<td title='com.tetherfi.test.ExportSchedulerTest.SortingByAscending()'><b>SortingByAscending</b><br>Test class: com.tetherfi.test.ExportSchedulerTest</td>
<td></td>
<td>9</td>
<td>com.tetherfi.test.ExportSchedulerTest@467233e4</td></tr>
<tr>
<td title='com.tetherfi.test.ExportSchedulerTest.SortingByDescending()'><b>SortingByDescending</b><br>Test class: com.tetherfi.test.ExportSchedulerTest</td>
<td></td>
<td>9</td>
<td>com.tetherfi.test.ExportSchedulerTest@467233e4</td></tr>
<tr>
<td title='com.tetherfi.test.ExportSchedulerTest.VerifyArrowMoveForPreviousAndNextPage()'><b>VerifyArrowMoveForPreviousAndNextPage</b><br>Test class: com.tetherfi.test.ExportSchedulerTest</td>
<td></td>
<td>2</td>
<td>com.tetherfi.test.ExportSchedulerTest@467233e4</td></tr>
<tr>
<td title='com.tetherfi.test.ExportSchedulerTest.VerifyAuditTrialReportForCreate()'><b>VerifyAuditTrialReportForCreate</b><br>Test class: com.tetherfi.test.ExportSchedulerTest</td>
<td></td>
<td>23</td>
<td>com.tetherfi.test.ExportSchedulerTest@467233e4</td></tr>
<tr>
<td title='com.tetherfi.test.ExportSchedulerTest.VerifyAuditTrialReportForCreateCustomDaily()'><b>VerifyAuditTrialReportForCreateCustomDaily</b><br>Test class: com.tetherfi.test.ExportSchedulerTest</td>
<td></td>
<td>22</td>
<td>com.tetherfi.test.ExportSchedulerTest@467233e4</td></tr>
<tr>
<td title='com.tetherfi.test.ExportSchedulerTest.VerifyAuditTrialReportForCreateMonthly()'><b>VerifyAuditTrialReportForCreateMonthly</b><br>Test class: com.tetherfi.test.ExportSchedulerTest</td>
<td></td>
<td>23</td>
<td>com.tetherfi.test.ExportSchedulerTest@467233e4</td></tr>
<tr>
<td title='com.tetherfi.test.ExportSchedulerTest.VerifyAuditTrialReportForWeeklyCreate()'><b>VerifyAuditTrialReportForWeeklyCreate</b><br>Test class: com.tetherfi.test.ExportSchedulerTest</td>
<td></td>
<td>23</td>
<td>com.tetherfi.test.ExportSchedulerTest@467233e4</td></tr>
<tr>
<td title='com.tetherfi.test.ExportSchedulerTest.VerifyCancelBtnAtDeleteExportSchedulerRecord()'><b>VerifyCancelBtnAtDeleteExportSchedulerRecord</b><br>Test class: com.tetherfi.test.ExportSchedulerTest</td>
<td></td>
<td>47</td>
<td>com.tetherfi.test.ExportSchedulerTest@467233e4</td></tr>
<tr>
<td title='com.tetherfi.test.ExportSchedulerTest.VerifyCancelBtnAtEditRecord()'><b>VerifyCancelBtnAtEditRecord</b><br>Test class: com.tetherfi.test.ExportSchedulerTest</td>
<td></td>
<td>52</td>
<td>com.tetherfi.test.ExportSchedulerTest@467233e4</td></tr>
<tr>
<td title='com.tetherfi.test.ExportSchedulerTest.VerifyColumnsHeaderDisable()'><b>VerifyColumnsHeaderDisable</b><br>Test class: com.tetherfi.test.ExportSchedulerTest</td>
<td></td>
<td>0</td>
<td>com.tetherfi.test.ExportSchedulerTest@467233e4</td></tr>
<tr>
<td title='com.tetherfi.test.ExportSchedulerTest.VerifyColumnsHeaderEnable()'><b>VerifyColumnsHeaderEnable</b><br>Test class: com.tetherfi.test.ExportSchedulerTest</td>
<td></td>
<td>7</td>
<td>com.tetherfi.test.ExportSchedulerTest@467233e4</td></tr>
<tr>
<td title='com.tetherfi.test.ExportSchedulerTest.VerifyDropdownForAllTheColumns()'><b>VerifyDropdownForAllTheColumns</b><br>Test class: com.tetherfi.test.ExportSchedulerTest</td>
<td></td>
<td>15</td>
<td>com.tetherfi.test.ExportSchedulerTest@467233e4</td></tr>
<tr>
<td title='com.tetherfi.test.ExportSchedulerTest.VerifyNumberOfItemsPerPageSelection()'><b>VerifyNumberOfItemsPerPageSelection</b><br>Test class: com.tetherfi.test.ExportSchedulerTest</td>
<td></td>
<td>9</td>
<td>com.tetherfi.test.ExportSchedulerTest@467233e4</td></tr>
<tr>
<td title='com.tetherfi.test.ExportSchedulerTest.VerifySearchContains()'><b>VerifySearchContains</b><br>Test class: com.tetherfi.test.ExportSchedulerTest</td>
<td></td>
<td>5</td>
<td>com.tetherfi.test.ExportSchedulerTest@467233e4</td></tr>
<tr>
<td title='com.tetherfi.test.ExportSchedulerTest.VerifySearchDoesNotContains()'><b>VerifySearchDoesNotContains</b><br>Test class: com.tetherfi.test.ExportSchedulerTest</td>
<td></td>
<td>6</td>
<td>com.tetherfi.test.ExportSchedulerTest@467233e4</td></tr>
<tr>
<td title='com.tetherfi.test.ExportSchedulerTest.VerifySearchEndsWith()'><b>VerifySearchEndsWith</b><br>Test class: com.tetherfi.test.ExportSchedulerTest</td>
<td></td>
<td>4</td>
<td>com.tetherfi.test.ExportSchedulerTest@467233e4</td></tr>
<tr>
<td title='com.tetherfi.test.ExportSchedulerTest.VerifySearchIsNotEqualTo()'><b>VerifySearchIsNotEqualTo</b><br>Test class: com.tetherfi.test.ExportSchedulerTest</td>
<td></td>
<td>9</td>
<td>com.tetherfi.test.ExportSchedulerTest@467233e4</td></tr>
<tr>
<td title='com.tetherfi.test.ExportSchedulerTest.VerifySearchStartsWith()'><b>VerifySearchStartsWith</b><br>Test class: com.tetherfi.test.ExportSchedulerTest</td>
<td></td>
<td>4</td>
<td>com.tetherfi.test.ExportSchedulerTest@467233e4</td></tr>
<tr>
<td title='com.tetherfi.test.ExportSchedulerTest.VerifyTotalNumberOfItemsPerPageDetails()'><b>VerifyTotalNumberOfItemsPerPageDetails</b><br>Test class: com.tetherfi.test.ExportSchedulerTest</td>
<td></td>
<td>0</td>
<td>com.tetherfi.test.ExportSchedulerTest@467233e4</td></tr>
<tr>
<td title='com.tetherfi.test.ExportSchedulerTest.database()'><b>database</b><br>Test class: com.tetherfi.test.ExportSchedulerTest</td>
<td></td>
<td>5</td>
<td>com.tetherfi.test.ExportSchedulerTest@467233e4</td></tr>
<tr>
<td title='com.tetherfi.test.ExportSchedulerTest.searchPage()'><b>searchPage</b><br>Test class: com.tetherfi.test.ExportSchedulerTest</td>
<td></td>
<td>3</td>
<td>com.tetherfi.test.ExportSchedulerTest@467233e4</td></tr>
<tr>
<td title='com.tetherfi.test.ExportSchedulerTest.searchwithoutSearchTextbox()'><b>searchwithoutSearchTextbox</b><br>Test class: com.tetherfi.test.ExportSchedulerTest</td>
<td></td>
<td>3</td>
<td>com.tetherfi.test.ExportSchedulerTest@467233e4</td></tr>
</table><p>
</body>
</html>