<html>
<head>
<title>TestNG:  FaxAutoACKConfigurationTest</title>
<link href="../testng.css" rel="stylesheet" type="text/css" />
<link href="../my-testng.css" rel="stylesheet" type="text/css" />

<style type="text/css">
.log { display: none;} 
.stack-trace { display: none;} 
</style>
<script type="text/javascript">
<!--
function flip(e) {
  current = e.style.display;
  if (current == 'block') {
    e.style.display = 'none';
    return 0;
  }
  else {
    e.style.display = 'block';
    return 1;
  }
}

function toggleBox(szDivId, elem, msg1, msg2)
{
  var res = -1;  if (document.getElementById) {
    res = flip(document.getElementById(szDivId));
  }
  else if (document.all) {
    // this is the way old msie versions work
    res = flip(document.all[szDivId]);
  }
  if(elem) {
    if(res == 0) elem.innerHTML = msg1; else elem.innerHTML = msg2;
  }

}

function toggleAllBoxes() {
  if (document.getElementsByTagName) {
    d = document.getElementsByTagName('div');
    for (i = 0; i < d.length; i++) {
      if (d[i].className == 'log') {
        flip(d[i]);
      }
    }
  }
}

// -->
</script>

</head>
<body>
<h2 align='center'>FaxAutoACKConfigurationTest</h2><table border='1' align="center">
<tr>
<td>Tests passed/Failed/Skipped:</td><td>33/3/0</td>
</tr><tr>
<td>Started on:</td><td>Mon Mar 16 20:35:18 IST 2020</td>
</tr>
<tr><td>Total time:</td><td>580 seconds (580914 ms)</td>
</tr><tr>
<td>Included groups:</td><td></td>
</tr><tr>
<td>Excluded groups:</td><td></td>
</tr>
</table><p/>
<small><i>(Hover the method name to see the test class name)</i></small><p/>
<table width='100%' border='1' class='invocation-failed'>
<tr><td colspan='4' align='center'><b>FAILED CONFIGURATIONS</b></td></tr>
<tr><td><b>Test method</b></td>
<td width="30%"><b>Exception</b></td>
<td width="10%"><b>Time (seconds)</b></td>
<td><b>Instance</b></td>
</tr>
<tr>
<td title='com.tetherfi.test.fax.FaxAutoACKConfigurationTest.DeleteFaxLineConfigRecord()'><b>DeleteFaxLineConfigRecord</b><br>Test class: com.tetherfi.test.fax.FaxAutoACKConfigurationTest</td>
<td><div><pre>org.openqa.selenium.StaleElementReferenceException: stale element reference: element is not attached to the page document
  (Session info: chrome=78.0.3904.70)
For documentation on this error, please visit: https://www.seleniumhq.org/exceptions/stale_element_reference.html
Build info: version: &apos;3.141.59&apos;, revision: &apos;e82be7d358&apos;, time: &apos;2018-11-14T08:17:03&apos;
System info: host: &apos;DESKTOP-O6A5C2O&apos;, ip: &apos;10.0.75.1&apos;, os.name: &apos;Windows 10&apos;, os.arch: &apos;amd64&apos;, os.version: &apos;10.0&apos;, java.version: &apos;9.0.4&apos;
Driver info: org.openqa.selenium.chrome.ChromeDriver
Capabilities {acceptInsecureCerts: false, browserName: chrome, browserVersion: 78.0.3904.70, chrome: {chromedriverVersion: 78.0.3904.105 (60e2d8774a81..., userDataDir: C:\Users\admin\AppData\Loca...}, goog:chromeOptions: {debuggerAddress: localhost:51660}, javascriptEnabled: true, networkConnectionEnabled: false, pageLoadStrategy: normal, platform: XP, platformName: XP, proxy: Proxy(), setWindowRect: true, strictFileInteractability: false, timeouts: {implicit: 0, pageLoad: 300000, script: 30000}, unhandledPromptBehavior: dismiss and notify}
Session ID: 2477a8c5eeeb97c456aa6e2985840fe1
	at org.openqa.selenium.remote.http.W3CHttpResponseCodec.createException(W3CHttpResponseCodec.java:187)
	at org.openqa.selenium.remote.http.W3CHttpResponseCodec.decode(W3CHttpResponseCodec.java:122)
	at org.openqa.selenium.remote.http.W3CHttpResponseCodec.decode(W3CHttpResponseCodec.java:49)
	at org.openqa.selenium.remote.HttpCommandExecutor.execute(HttpCommandExecutor.java:158)
	at org.openqa.selenium.remote.service.DriverCommandExecutor.execute(DriverCommandExecutor.java:83)
	at org.openqa.selenium.remote.RemoteWebDriver.execute(RemoteWebDriver.java:552)
	at org.openqa.selenium.remote.RemoteWebElement.execute(RemoteWebElement.java:285)
	at org.openqa.selenium.remote.RemoteWebElement.isDisplayed(RemoteWebElement.java:326)
	at org.openqa.selenium.support.ui.ExpectedConditions.elementIfVisible(ExpectedConditions.java:314)
	at org.openqa.selenium.support.ui.ExpectedConditions.access$000(ExpectedConditions.java:43)
	at org.openqa.selenium.support.ui.ExpectedConditions$10.apply(ExpectedConditions.java:300)
	at org.openqa.selenium.support.ui.ExpectedConditions$10.apply(ExpectedConditions.java:297)
	at org.openqa.selenium.support.ui.FluentWait.until(FluentWait.java:249)
	at com.tetherfi.pages.BasePage.waitUntilWebElementListIsVisible(BasePage.java:139)
	at com.tetherfi.pages.BasePage.selectDropdownFromVisibleText(BasePage.java:335)
	at com.tetherfi.pages.FaxLineConfigPage.searchFaxLineConfigRecord(FaxLineConfigPage.java:321)
	at com.tetherfi.pages.FaxLineConfigPage.deleteFaxLineConfig(FaxLineConfigPage.java:334)
	at com.tetherfi.test.fax.FaxAutoACKConfigurationTest.DeleteFaxLineConfigRecord(FaxAutoACKConfigurationTest.java:426)
	at java.base/java.util.ArrayList.forEach(Unknown Source)
... Removed 29 stack frames</pre></div><a href='#' onClick='toggleBox("stack-trace341957073", this, "Click to show all stack frames", "Click to hide stack frames")'>Click to show all stack frames</a>
<div class='stack-trace' id='stack-trace341957073'><pre>org.openqa.selenium.StaleElementReferenceException: stale element reference: element is not attached to the page document
  (Session info: chrome=78.0.3904.70)
For documentation on this error, please visit: https://www.seleniumhq.org/exceptions/stale_element_reference.html
Build info: version: &apos;3.141.59&apos;, revision: &apos;e82be7d358&apos;, time: &apos;2018-11-14T08:17:03&apos;
System info: host: &apos;DESKTOP-O6A5C2O&apos;, ip: &apos;10.0.75.1&apos;, os.name: &apos;Windows 10&apos;, os.arch: &apos;amd64&apos;, os.version: &apos;10.0&apos;, java.version: &apos;9.0.4&apos;
Driver info: org.openqa.selenium.chrome.ChromeDriver
Capabilities {acceptInsecureCerts: false, browserName: chrome, browserVersion: 78.0.3904.70, chrome: {chromedriverVersion: 78.0.3904.105 (60e2d8774a81..., userDataDir: C:\Users\admin\AppData\Loca...}, goog:chromeOptions: {debuggerAddress: localhost:51660}, javascriptEnabled: true, networkConnectionEnabled: false, pageLoadStrategy: normal, platform: XP, platformName: XP, proxy: Proxy(), setWindowRect: true, strictFileInteractability: false, timeouts: {implicit: 0, pageLoad: 300000, script: 30000}, unhandledPromptBehavior: dismiss and notify}
Session ID: 2477a8c5eeeb97c456aa6e2985840fe1
	at java.base/jdk.internal.reflect.NativeConstructorAccessorImpl.newInstance0(Native Method)
	at java.base/jdk.internal.reflect.NativeConstructorAccessorImpl.newInstance(Unknown Source)
	at java.base/jdk.internal.reflect.DelegatingConstructorAccessorImpl.newInstance(Unknown Source)
	at java.base/java.lang.reflect.Constructor.newInstance(Unknown Source)
	at org.openqa.selenium.remote.http.W3CHttpResponseCodec.createException(W3CHttpResponseCodec.java:187)
	at org.openqa.selenium.remote.http.W3CHttpResponseCodec.decode(W3CHttpResponseCodec.java:122)
	at org.openqa.selenium.remote.http.W3CHttpResponseCodec.decode(W3CHttpResponseCodec.java:49)
	at org.openqa.selenium.remote.HttpCommandExecutor.execute(HttpCommandExecutor.java:158)
	at org.openqa.selenium.remote.service.DriverCommandExecutor.execute(DriverCommandExecutor.java:83)
	at org.openqa.selenium.remote.RemoteWebDriver.execute(RemoteWebDriver.java:552)
	at org.openqa.selenium.remote.RemoteWebElement.execute(RemoteWebElement.java:285)
	at org.openqa.selenium.remote.RemoteWebElement.isDisplayed(RemoteWebElement.java:326)
	at org.openqa.selenium.support.ui.ExpectedConditions.elementIfVisible(ExpectedConditions.java:314)
	at org.openqa.selenium.support.ui.ExpectedConditions.access$000(ExpectedConditions.java:43)
	at org.openqa.selenium.support.ui.ExpectedConditions$10.apply(ExpectedConditions.java:300)
	at org.openqa.selenium.support.ui.ExpectedConditions$10.apply(ExpectedConditions.java:297)
	at org.openqa.selenium.support.ui.FluentWait.until(FluentWait.java:249)
	at com.tetherfi.pages.BasePage.waitUntilWebElementListIsVisible(BasePage.java:139)
	at com.tetherfi.pages.BasePage.selectDropdownFromVisibleText(BasePage.java:335)
	at com.tetherfi.pages.FaxLineConfigPage.searchFaxLineConfigRecord(FaxLineConfigPage.java:321)
	at com.tetherfi.pages.FaxLineConfigPage.deleteFaxLineConfig(FaxLineConfigPage.java:334)
	at com.tetherfi.test.fax.FaxAutoACKConfigurationTest.DeleteFaxLineConfigRecord(FaxAutoACKConfigurationTest.java:426)
	at java.base/jdk.internal.reflect.NativeMethodAccessorImpl.invoke0(Native Method)
	at java.base/jdk.internal.reflect.NativeMethodAccessorImpl.invoke(Unknown Source)
	at java.base/jdk.internal.reflect.DelegatingMethodAccessorImpl.invoke(Unknown Source)
	at java.base/java.lang.reflect.Method.invoke(Unknown Source)
	at org.testng.internal.MethodInvocationHelper.invokeMethod(MethodInvocationHelper.java:133)
	at org.testng.internal.MethodInvocationHelper.invokeMethodConsideringTimeout(MethodInvocationHelper.java:62)
	at org.testng.internal.ConfigInvoker.invokeConfigurationMethod(ConfigInvoker.java:340)
	at org.testng.internal.ConfigInvoker.invokeConfigurations(ConfigInvoker.java:294)
	at org.testng.internal.TestMethodWorker.invokeAfterClassMethods(TestMethodWorker.java:217)
	at org.testng.internal.TestMethodWorker.run(TestMethodWorker.java:130)
	at java.base/java.util.ArrayList.forEach(Unknown Source)
	at org.testng.TestRunner.privateRun(TestRunner.java:770)
	at org.testng.TestRunner.run(TestRunner.java:591)
	at org.testng.SuiteRunner.runTest(SuiteRunner.java:402)
	at org.testng.SuiteRunner.runSequentially(SuiteRunner.java:396)
	at org.testng.SuiteRunner.privateRun(SuiteRunner.java:355)
	at org.testng.SuiteRunner.run(SuiteRunner.java:304)
	at org.testng.SuiteRunnerWorker.runSuite(SuiteRunnerWorker.java:53)
	at org.testng.SuiteRunnerWorker.run(SuiteRunnerWorker.java:96)
	at org.testng.TestNG.runSuitesSequentially(TestNG.java:1180)
	at org.testng.TestNG.runSuitesLocally(TestNG.java:1102)
	at org.testng.TestNG.runSuites(TestNG.java:1032)
	at org.testng.TestNG.run(TestNG.java:1000)
	at org.testng.remote.AbstractRemoteTestNG.run(AbstractRemoteTestNG.java:115)
	at org.testng.remote.RemoteTestNG.initAndRun(RemoteTestNG.java:251)
	at org.testng.remote.RemoteTestNG.main(RemoteTestNG.java:77)
</pre></div></td>
<td>6</td>
<td>com.tetherfi.test.fax.FaxAutoACKConfigurationTest@60e3c26e</td></tr>
</table><p>
<table width='100%' border='1' class='invocation-skipped'>
<tr><td colspan='4' align='center'><b>SKIPPED CONFIGURATIONS</b></td></tr>
<tr><td><b>Test method</b></td>
<td width="30%"><b>Exception</b></td>
<td width="10%"><b>Time (seconds)</b></td>
<td><b>Instance</b></td>
</tr>
<tr>
<td title='com.tetherfi.test.fax.FaxAutoACKConfigurationTest.tearDown()'><b>tearDown</b><br>Test class: com.tetherfi.test.fax.FaxAutoACKConfigurationTest</td>
<td></td>
<td>-1584371699</td>
<td>com.tetherfi.test.fax.FaxAutoACKConfigurationTest@60e3c26e</td></tr>
</table><p>
<table width='100%' border='1' class='invocation-failed'>
<tr><td colspan='4' align='center'><b>FAILED TESTS</b></td></tr>
<tr><td><b>Test method</b></td>
<td width="30%"><b>Exception</b></td>
<td width="10%"><b>Time (seconds)</b></td>
<td><b>Instance</b></td>
</tr>
<tr>
<td title='com.tetherfi.test.fax.FaxAutoACKConfigurationTest.ExporttoExcelWithoutData()'><b>ExporttoExcelWithoutData</b><br>Test class: com.tetherfi.test.fax.FaxAutoACKConfigurationTest</td>
<td><div><pre>org.openqa.selenium.ElementClickInterceptedException: element click intercepted: Element &lt;i class=&quot;fas fa-search&quot; title=&quot;Search&quot;&gt;&lt;/i&gt; is not clickable at point (1536, 88). Other element would receive the click: &lt;div class=&quot;k-overlay&quot; style=&quot;display: block; z-index: 10002; opacity: 0; transition: all 350ms ease-out 0s;&quot;&gt;&lt;/div&gt;
  (Session info: chrome=78.0.3904.70)
Build info: version: &apos;3.141.59&apos;, revision: &apos;e82be7d358&apos;, time: &apos;2018-11-14T08:17:03&apos;
System info: host: &apos;DESKTOP-O6A5C2O&apos;, ip: &apos;10.0.75.1&apos;, os.name: &apos;Windows 10&apos;, os.arch: &apos;amd64&apos;, os.version: &apos;10.0&apos;, java.version: &apos;9.0.4&apos;
Driver info: org.openqa.selenium.chrome.ChromeDriver
Capabilities {acceptInsecureCerts: false, browserName: chrome, browserVersion: 78.0.3904.70, chrome: {chromedriverVersion: 78.0.3904.105 (60e2d8774a81..., userDataDir: C:\Users\admin\AppData\Loca...}, goog:chromeOptions: {debuggerAddress: localhost:51660}, javascriptEnabled: true, networkConnectionEnabled: false, pageLoadStrategy: normal, platform: XP, platformName: XP, proxy: Proxy(), setWindowRect: true, strictFileInteractability: false, timeouts: {implicit: 0, pageLoad: 300000, script: 30000}, unhandledPromptBehavior: dismiss and notify}
Session ID: 2477a8c5eeeb97c456aa6e2985840fe1
	at org.openqa.selenium.remote.http.W3CHttpResponseCodec.createException(W3CHttpResponseCodec.java:187)
	at org.openqa.selenium.remote.http.W3CHttpResponseCodec.decode(W3CHttpResponseCodec.java:122)
	at org.openqa.selenium.remote.http.W3CHttpResponseCodec.decode(W3CHttpResponseCodec.java:49)
	at org.openqa.selenium.remote.HttpCommandExecutor.execute(HttpCommandExecutor.java:158)
	at org.openqa.selenium.remote.service.DriverCommandExecutor.execute(DriverCommandExecutor.java:83)
	at org.openqa.selenium.remote.RemoteWebDriver.execute(RemoteWebDriver.java:552)
	at org.openqa.selenium.remote.RemoteWebElement.execute(RemoteWebElement.java:285)
	at org.openqa.selenium.remote.RemoteWebElement.click(RemoteWebElement.java:84)
	at org.openqa.selenium.support.pagefactory.internal.LocatingElementHandler.invoke(LocatingElementHandler.java:51)
	at com.sun.proxy.$Proxy16.click(Unknown Source)
	at com.tetherfi.pages.BasePage.selectWebElement(BasePage.java:202)
	at com.tetherfi.pages.FaxAutoACKConfigurationPage.searchFaxAutoACKConfigurationRecord(FaxAutoACKConfigurationPage.java:414)
	at com.tetherfi.pages.FaxAutoACKConfigurationPage.ExporttoExcelWithoutData(FaxAutoACKConfigurationPage.java:402)
	at com.tetherfi.test.fax.FaxAutoACKConfigurationTest.ExporttoExcelWithoutData(FaxAutoACKConfigurationTest.java:347)
	at java.base/java.util.ArrayList.forEach(Unknown Source)
... Removed 34 stack frames</pre></div><a href='#' onClick='toggleBox("stack-trace2122131852", this, "Click to show all stack frames", "Click to hide stack frames")'>Click to show all stack frames</a>
<div class='stack-trace' id='stack-trace2122131852'><pre>org.openqa.selenium.ElementClickInterceptedException: element click intercepted: Element &lt;i class=&quot;fas fa-search&quot; title=&quot;Search&quot;&gt;&lt;/i&gt; is not clickable at point (1536, 88). Other element would receive the click: &lt;div class=&quot;k-overlay&quot; style=&quot;display: block; z-index: 10002; opacity: 0; transition: all 350ms ease-out 0s;&quot;&gt;&lt;/div&gt;
  (Session info: chrome=78.0.3904.70)
Build info: version: &apos;3.141.59&apos;, revision: &apos;e82be7d358&apos;, time: &apos;2018-11-14T08:17:03&apos;
System info: host: &apos;DESKTOP-O6A5C2O&apos;, ip: &apos;10.0.75.1&apos;, os.name: &apos;Windows 10&apos;, os.arch: &apos;amd64&apos;, os.version: &apos;10.0&apos;, java.version: &apos;9.0.4&apos;
Driver info: org.openqa.selenium.chrome.ChromeDriver
Capabilities {acceptInsecureCerts: false, browserName: chrome, browserVersion: 78.0.3904.70, chrome: {chromedriverVersion: 78.0.3904.105 (60e2d8774a81..., userDataDir: C:\Users\admin\AppData\Loca...}, goog:chromeOptions: {debuggerAddress: localhost:51660}, javascriptEnabled: true, networkConnectionEnabled: false, pageLoadStrategy: normal, platform: XP, platformName: XP, proxy: Proxy(), setWindowRect: true, strictFileInteractability: false, timeouts: {implicit: 0, pageLoad: 300000, script: 30000}, unhandledPromptBehavior: dismiss and notify}
Session ID: 2477a8c5eeeb97c456aa6e2985840fe1
	at java.base/jdk.internal.reflect.NativeConstructorAccessorImpl.newInstance0(Native Method)
	at java.base/jdk.internal.reflect.NativeConstructorAccessorImpl.newInstance(Unknown Source)
	at java.base/jdk.internal.reflect.DelegatingConstructorAccessorImpl.newInstance(Unknown Source)
	at java.base/java.lang.reflect.Constructor.newInstance(Unknown Source)
	at org.openqa.selenium.remote.http.W3CHttpResponseCodec.createException(W3CHttpResponseCodec.java:187)
	at org.openqa.selenium.remote.http.W3CHttpResponseCodec.decode(W3CHttpResponseCodec.java:122)
	at org.openqa.selenium.remote.http.W3CHttpResponseCodec.decode(W3CHttpResponseCodec.java:49)
	at org.openqa.selenium.remote.HttpCommandExecutor.execute(HttpCommandExecutor.java:158)
	at org.openqa.selenium.remote.service.DriverCommandExecutor.execute(DriverCommandExecutor.java:83)
	at org.openqa.selenium.remote.RemoteWebDriver.execute(RemoteWebDriver.java:552)
	at org.openqa.selenium.remote.RemoteWebElement.execute(RemoteWebElement.java:285)
	at org.openqa.selenium.remote.RemoteWebElement.click(RemoteWebElement.java:84)
	at jdk.internal.reflect.GeneratedMethodAccessor4.invoke(Unknown Source)
	at java.base/jdk.internal.reflect.DelegatingMethodAccessorImpl.invoke(Unknown Source)
	at java.base/java.lang.reflect.Method.invoke(Unknown Source)
	at org.openqa.selenium.support.pagefactory.internal.LocatingElementHandler.invoke(LocatingElementHandler.java:51)
	at com.sun.proxy.$Proxy16.click(Unknown Source)
	at com.tetherfi.pages.BasePage.selectWebElement(BasePage.java:202)
	at com.tetherfi.pages.FaxAutoACKConfigurationPage.searchFaxAutoACKConfigurationRecord(FaxAutoACKConfigurationPage.java:414)
	at com.tetherfi.pages.FaxAutoACKConfigurationPage.ExporttoExcelWithoutData(FaxAutoACKConfigurationPage.java:402)
	at com.tetherfi.test.fax.FaxAutoACKConfigurationTest.ExporttoExcelWithoutData(FaxAutoACKConfigurationTest.java:347)
	at java.base/jdk.internal.reflect.NativeMethodAccessorImpl.invoke0(Native Method)
	at java.base/jdk.internal.reflect.NativeMethodAccessorImpl.invoke(Unknown Source)
	at java.base/jdk.internal.reflect.DelegatingMethodAccessorImpl.invoke(Unknown Source)
	at java.base/java.lang.reflect.Method.invoke(Unknown Source)
	at org.testng.internal.MethodInvocationHelper.invokeMethod(MethodInvocationHelper.java:133)
	at org.testng.internal.TestInvoker.invokeMethod(TestInvoker.java:584)
	at org.testng.internal.TestInvoker.invokeTestMethod(TestInvoker.java:172)
	at org.testng.internal.MethodRunner.runInSequence(MethodRunner.java:46)
	at org.testng.internal.TestInvoker$MethodInvocationAgent.invoke(TestInvoker.java:804)
	at org.testng.internal.TestInvoker.invokeTestMethods(TestInvoker.java:145)
	at org.testng.internal.TestMethodWorker.invokeTestMethods(TestMethodWorker.java:146)
	at org.testng.internal.TestMethodWorker.run(TestMethodWorker.java:128)
	at java.base/java.util.ArrayList.forEach(Unknown Source)
	at org.testng.TestRunner.privateRun(TestRunner.java:770)
	at org.testng.TestRunner.run(TestRunner.java:591)
	at org.testng.SuiteRunner.runTest(SuiteRunner.java:402)
	at org.testng.SuiteRunner.runSequentially(SuiteRunner.java:396)
	at org.testng.SuiteRunner.privateRun(SuiteRunner.java:355)
	at org.testng.SuiteRunner.run(SuiteRunner.java:304)
	at org.testng.SuiteRunnerWorker.runSuite(SuiteRunnerWorker.java:53)
	at org.testng.SuiteRunnerWorker.run(SuiteRunnerWorker.java:96)
	at org.testng.TestNG.runSuitesSequentially(TestNG.java:1180)
	at org.testng.TestNG.runSuitesLocally(TestNG.java:1102)
	at org.testng.TestNG.runSuites(TestNG.java:1032)
	at org.testng.TestNG.run(TestNG.java:1000)
	at org.testng.remote.AbstractRemoteTestNG.run(AbstractRemoteTestNG.java:115)
	at org.testng.remote.RemoteTestNG.initAndRun(RemoteTestNG.java:251)
	at org.testng.remote.RemoteTestNG.main(RemoteTestNG.java:77)
</pre></div></td>
<td>5</td>
<td>com.tetherfi.test.fax.FaxAutoACKConfigurationTest@60e3c26e</td></tr>
<tr>
<td title='com.tetherfi.test.fax.FaxAutoACKConfigurationTest.VerifyAuditTrialReportForDelete()'><b>VerifyAuditTrialReportForDelete</b><br>Test class: com.tetherfi.test.fax.FaxAutoACKConfigurationTest</td>
<td><div><pre>java.lang.AssertionError: did not expect to find [true] but found [false]
	at com.tetherfi.test.fax.FaxAutoACKConfigurationTest.VerifyAuditTrialReportForDelete(FaxAutoACKConfigurationTest.java:317)
	at java.base/java.util.ArrayList.forEach(Unknown Source)
... Removed 31 stack frames</pre></div><a href='#' onClick='toggleBox("stack-trace316178657", this, "Click to show all stack frames", "Click to hide stack frames")'>Click to show all stack frames</a>
<div class='stack-trace' id='stack-trace316178657'><pre>java.lang.AssertionError: did not expect to find [true] but found [false]
	at org.testng.Assert.fail(Assert.java:97)
	at org.testng.Assert.failNotEquals(Assert.java:969)
	at org.testng.Assert.assertTrue(Assert.java:43)
	at org.testng.Assert.assertTrue(Assert.java:53)
	at com.tetherfi.test.fax.FaxAutoACKConfigurationTest.VerifyAuditTrialReportForDelete(FaxAutoACKConfigurationTest.java:317)
	at java.base/jdk.internal.reflect.NativeMethodAccessorImpl.invoke0(Native Method)
	at java.base/jdk.internal.reflect.NativeMethodAccessorImpl.invoke(Unknown Source)
	at java.base/jdk.internal.reflect.DelegatingMethodAccessorImpl.invoke(Unknown Source)
	at java.base/java.lang.reflect.Method.invoke(Unknown Source)
	at org.testng.internal.MethodInvocationHelper.invokeMethod(MethodInvocationHelper.java:133)
	at org.testng.internal.TestInvoker.invokeMethod(TestInvoker.java:584)
	at org.testng.internal.TestInvoker.invokeTestMethod(TestInvoker.java:172)
	at org.testng.internal.MethodRunner.runInSequence(MethodRunner.java:46)
	at org.testng.internal.TestInvoker$MethodInvocationAgent.invoke(TestInvoker.java:804)
	at org.testng.internal.TestInvoker.invokeTestMethods(TestInvoker.java:145)
	at org.testng.internal.TestMethodWorker.invokeTestMethods(TestMethodWorker.java:146)
	at org.testng.internal.TestMethodWorker.run(TestMethodWorker.java:128)
	at java.base/java.util.ArrayList.forEach(Unknown Source)
	at org.testng.TestRunner.privateRun(TestRunner.java:770)
	at org.testng.TestRunner.run(TestRunner.java:591)
	at org.testng.SuiteRunner.runTest(SuiteRunner.java:402)
	at org.testng.SuiteRunner.runSequentially(SuiteRunner.java:396)
	at org.testng.SuiteRunner.privateRun(SuiteRunner.java:355)
	at org.testng.SuiteRunner.run(SuiteRunner.java:304)
	at org.testng.SuiteRunnerWorker.runSuite(SuiteRunnerWorker.java:53)
	at org.testng.SuiteRunnerWorker.run(SuiteRunnerWorker.java:96)
	at org.testng.TestNG.runSuitesSequentially(TestNG.java:1180)
	at org.testng.TestNG.runSuitesLocally(TestNG.java:1102)
	at org.testng.TestNG.runSuites(TestNG.java:1032)
	at org.testng.TestNG.run(TestNG.java:1000)
	at org.testng.remote.AbstractRemoteTestNG.run(AbstractRemoteTestNG.java:115)
	at org.testng.remote.RemoteTestNG.initAndRun(RemoteTestNG.java:251)
	at org.testng.remote.RemoteTestNG.main(RemoteTestNG.java:77)
</pre></div></td>
<td>22</td>
<td>com.tetherfi.test.fax.FaxAutoACKConfigurationTest@60e3c26e</td></tr>
<tr>
<td title='com.tetherfi.test.fax.FaxAutoACKConfigurationTest.VerifyAuditTrialReportForUpdate()'><b>VerifyAuditTrialReportForUpdate</b><br>Test class: com.tetherfi.test.fax.FaxAutoACKConfigurationTest</td>
<td><div><pre>org.openqa.selenium.StaleElementReferenceException: stale element reference: element is not attached to the page document
  (Session info: chrome=78.0.3904.70)
For documentation on this error, please visit: https://www.seleniumhq.org/exceptions/stale_element_reference.html
Build info: version: &apos;3.141.59&apos;, revision: &apos;e82be7d358&apos;, time: &apos;2018-11-14T08:17:03&apos;
System info: host: &apos;DESKTOP-O6A5C2O&apos;, ip: &apos;10.0.75.1&apos;, os.name: &apos;Windows 10&apos;, os.arch: &apos;amd64&apos;, os.version: &apos;10.0&apos;, java.version: &apos;9.0.4&apos;
Driver info: org.openqa.selenium.chrome.ChromeDriver
Capabilities {acceptInsecureCerts: false, browserName: chrome, browserVersion: 78.0.3904.70, chrome: {chromedriverVersion: 78.0.3904.105 (60e2d8774a81..., userDataDir: C:\Users\admin\AppData\Loca...}, goog:chromeOptions: {debuggerAddress: localhost:51660}, javascriptEnabled: true, networkConnectionEnabled: false, pageLoadStrategy: normal, platform: XP, platformName: XP, proxy: Proxy(), setWindowRect: true, strictFileInteractability: false, timeouts: {implicit: 0, pageLoad: 300000, script: 30000}, unhandledPromptBehavior: dismiss and notify}
Session ID: 2477a8c5eeeb97c456aa6e2985840fe1
	at org.openqa.selenium.remote.http.W3CHttpResponseCodec.createException(W3CHttpResponseCodec.java:187)
	at org.openqa.selenium.remote.http.W3CHttpResponseCodec.decode(W3CHttpResponseCodec.java:122)
	at org.openqa.selenium.remote.http.W3CHttpResponseCodec.decode(W3CHttpResponseCodec.java:49)
	at org.openqa.selenium.remote.HttpCommandExecutor.execute(HttpCommandExecutor.java:158)
	at org.openqa.selenium.remote.service.DriverCommandExecutor.execute(DriverCommandExecutor.java:83)
	at org.openqa.selenium.remote.RemoteWebDriver.execute(RemoteWebDriver.java:552)
	at org.openqa.selenium.remote.RemoteWebElement.execute(RemoteWebElement.java:285)
	at org.openqa.selenium.remote.RemoteWebElement.isDisplayed(RemoteWebElement.java:326)
	at org.openqa.selenium.support.ui.ExpectedConditions.elementIfVisible(ExpectedConditions.java:314)
	at org.openqa.selenium.support.ui.ExpectedConditions.access$000(ExpectedConditions.java:43)
	at org.openqa.selenium.support.ui.ExpectedConditions$10.apply(ExpectedConditions.java:300)
	at org.openqa.selenium.support.ui.ExpectedConditions$10.apply(ExpectedConditions.java:297)
	at org.openqa.selenium.support.ui.FluentWait.until(FluentWait.java:249)
	at com.tetherfi.pages.BasePage.waitUntilWebElementListIsVisible(BasePage.java:139)
	at com.tetherfi.pages.BasePage.selectDropdownFromVisibleText(BasePage.java:335)
	at com.tetherfi.pages.OCMReportsPage.booleansearchnew(OCMReportsPage.java:1160)
	at com.tetherfi.pages.OCMReportsPage.verifyFaxAutoACKConfigUpdate(OCMReportsPage.java:2558)
	at com.tetherfi.test.fax.FaxAutoACKConfigurationTest.VerifyAuditTrialReportForUpdate(FaxAutoACKConfigurationTest.java:227)
	at java.base/java.util.ArrayList.forEach(Unknown Source)
... Removed 31 stack frames</pre></div><a href='#' onClick='toggleBox("stack-trace1303965762", this, "Click to show all stack frames", "Click to hide stack frames")'>Click to show all stack frames</a>
<div class='stack-trace' id='stack-trace1303965762'><pre>org.openqa.selenium.StaleElementReferenceException: stale element reference: element is not attached to the page document
  (Session info: chrome=78.0.3904.70)
For documentation on this error, please visit: https://www.seleniumhq.org/exceptions/stale_element_reference.html
Build info: version: &apos;3.141.59&apos;, revision: &apos;e82be7d358&apos;, time: &apos;2018-11-14T08:17:03&apos;
System info: host: &apos;DESKTOP-O6A5C2O&apos;, ip: &apos;10.0.75.1&apos;, os.name: &apos;Windows 10&apos;, os.arch: &apos;amd64&apos;, os.version: &apos;10.0&apos;, java.version: &apos;9.0.4&apos;
Driver info: org.openqa.selenium.chrome.ChromeDriver
Capabilities {acceptInsecureCerts: false, browserName: chrome, browserVersion: 78.0.3904.70, chrome: {chromedriverVersion: 78.0.3904.105 (60e2d8774a81..., userDataDir: C:\Users\admin\AppData\Loca...}, goog:chromeOptions: {debuggerAddress: localhost:51660}, javascriptEnabled: true, networkConnectionEnabled: false, pageLoadStrategy: normal, platform: XP, platformName: XP, proxy: Proxy(), setWindowRect: true, strictFileInteractability: false, timeouts: {implicit: 0, pageLoad: 300000, script: 30000}, unhandledPromptBehavior: dismiss and notify}
Session ID: 2477a8c5eeeb97c456aa6e2985840fe1
	at java.base/jdk.internal.reflect.NativeConstructorAccessorImpl.newInstance0(Native Method)
	at java.base/jdk.internal.reflect.NativeConstructorAccessorImpl.newInstance(Unknown Source)
	at java.base/jdk.internal.reflect.DelegatingConstructorAccessorImpl.newInstance(Unknown Source)
	at java.base/java.lang.reflect.Constructor.newInstance(Unknown Source)
	at org.openqa.selenium.remote.http.W3CHttpResponseCodec.createException(W3CHttpResponseCodec.java:187)
	at org.openqa.selenium.remote.http.W3CHttpResponseCodec.decode(W3CHttpResponseCodec.java:122)
	at org.openqa.selenium.remote.http.W3CHttpResponseCodec.decode(W3CHttpResponseCodec.java:49)
	at org.openqa.selenium.remote.HttpCommandExecutor.execute(HttpCommandExecutor.java:158)
	at org.openqa.selenium.remote.service.DriverCommandExecutor.execute(DriverCommandExecutor.java:83)
	at org.openqa.selenium.remote.RemoteWebDriver.execute(RemoteWebDriver.java:552)
	at org.openqa.selenium.remote.RemoteWebElement.execute(RemoteWebElement.java:285)
	at org.openqa.selenium.remote.RemoteWebElement.isDisplayed(RemoteWebElement.java:326)
	at org.openqa.selenium.support.ui.ExpectedConditions.elementIfVisible(ExpectedConditions.java:314)
	at org.openqa.selenium.support.ui.ExpectedConditions.access$000(ExpectedConditions.java:43)
	at org.openqa.selenium.support.ui.ExpectedConditions$10.apply(ExpectedConditions.java:300)
	at org.openqa.selenium.support.ui.ExpectedConditions$10.apply(ExpectedConditions.java:297)
	at org.openqa.selenium.support.ui.FluentWait.until(FluentWait.java:249)
	at com.tetherfi.pages.BasePage.waitUntilWebElementListIsVisible(BasePage.java:139)
	at com.tetherfi.pages.BasePage.selectDropdownFromVisibleText(BasePage.java:335)
	at com.tetherfi.pages.OCMReportsPage.booleansearchnew(OCMReportsPage.java:1160)
	at com.tetherfi.pages.OCMReportsPage.verifyFaxAutoACKConfigUpdate(OCMReportsPage.java:2558)
	at com.tetherfi.test.fax.FaxAutoACKConfigurationTest.VerifyAuditTrialReportForUpdate(FaxAutoACKConfigurationTest.java:227)
	at java.base/jdk.internal.reflect.NativeMethodAccessorImpl.invoke0(Native Method)
	at java.base/jdk.internal.reflect.NativeMethodAccessorImpl.invoke(Unknown Source)
	at java.base/jdk.internal.reflect.DelegatingMethodAccessorImpl.invoke(Unknown Source)
	at java.base/java.lang.reflect.Method.invoke(Unknown Source)
	at org.testng.internal.MethodInvocationHelper.invokeMethod(MethodInvocationHelper.java:133)
	at org.testng.internal.TestInvoker.invokeMethod(TestInvoker.java:584)
	at org.testng.internal.TestInvoker.invokeTestMethod(TestInvoker.java:172)
	at org.testng.internal.MethodRunner.runInSequence(MethodRunner.java:46)
	at org.testng.internal.TestInvoker$MethodInvocationAgent.invoke(TestInvoker.java:804)
	at org.testng.internal.TestInvoker.invokeTestMethods(TestInvoker.java:145)
	at org.testng.internal.TestMethodWorker.invokeTestMethods(TestMethodWorker.java:146)
	at org.testng.internal.TestMethodWorker.run(TestMethodWorker.java:128)
	at java.base/java.util.ArrayList.forEach(Unknown Source)
	at org.testng.TestRunner.privateRun(TestRunner.java:770)
	at org.testng.TestRunner.run(TestRunner.java:591)
	at org.testng.SuiteRunner.runTest(SuiteRunner.java:402)
	at org.testng.SuiteRunner.runSequentially(SuiteRunner.java:396)
	at org.testng.SuiteRunner.privateRun(SuiteRunner.java:355)
	at org.testng.SuiteRunner.run(SuiteRunner.java:304)
	at org.testng.SuiteRunnerWorker.runSuite(SuiteRunnerWorker.java:53)
	at org.testng.SuiteRunnerWorker.run(SuiteRunnerWorker.java:96)
	at org.testng.TestNG.runSuitesSequentially(TestNG.java:1180)
	at org.testng.TestNG.runSuitesLocally(TestNG.java:1102)
	at org.testng.TestNG.runSuites(TestNG.java:1032)
	at org.testng.TestNG.run(TestNG.java:1000)
	at org.testng.remote.AbstractRemoteTestNG.run(AbstractRemoteTestNG.java:115)
	at org.testng.remote.RemoteTestNG.initAndRun(RemoteTestNG.java:251)
	at org.testng.remote.RemoteTestNG.main(RemoteTestNG.java:77)
</pre></div></td>
<td>15</td>
<td>com.tetherfi.test.fax.FaxAutoACKConfigurationTest@60e3c26e</td></tr>
</table><p>
<table width='100%' border='1' class='invocation-passed'>
<tr><td colspan='4' align='center'><b>PASSED TESTS</b></td></tr>
<tr><td><b>Test method</b></td>
<td width="30%"><b>Exception</b></td>
<td width="10%"><b>Time (seconds)</b></td>
<td><b>Instance</b></td>
</tr>
<tr>
<td title='com.tetherfi.test.fax.FaxAutoACKConfigurationTest.AddCancelAutoAckConfigRecord()'><b>AddCancelAutoAckConfigRecord</b><br>Test class: com.tetherfi.test.fax.FaxAutoACKConfigurationTest</td>
<td></td>
<td>1</td>
<td>com.tetherfi.test.fax.FaxAutoACKConfigurationTest@60e3c26e</td></tr>
<tr>
<td title='com.tetherfi.test.fax.FaxAutoACKConfigurationTest.AddDuplicateFaxlineDifferentSenderType()'><b>AddDuplicateFaxlineDifferentSenderType</b><br>Test class: com.tetherfi.test.fax.FaxAutoACKConfigurationTest</td>
<td></td>
<td>8</td>
<td>com.tetherfi.test.fax.FaxAutoACKConfigurationTest@60e3c26e</td></tr>
<tr>
<td title='com.tetherfi.test.fax.FaxAutoACKConfigurationTest.AddNewAutoAckConfigRecord()'><b>AddNewAutoAckConfigRecord</b><br>Test class: com.tetherfi.test.fax.FaxAutoACKConfigurationTest</td>
<td></td>
<td>7</td>
<td>com.tetherfi.test.fax.FaxAutoACKConfigurationTest@60e3c26e</td></tr>
<tr>
<td title='com.tetherfi.test.fax.FaxAutoACKConfigurationTest.AddRecordWithoutFaxLine()'><b>AddRecordWithoutFaxLine</b><br>Test class: com.tetherfi.test.fax.FaxAutoACKConfigurationTest</td>
<td></td>
<td>6</td>
<td>com.tetherfi.test.fax.FaxAutoACKConfigurationTest@60e3c26e</td></tr>
<tr>
<td title='com.tetherfi.test.fax.FaxAutoACKConfigurationTest.AddRecordWithoutName()'><b>AddRecordWithoutName</b><br>Test class: com.tetherfi.test.fax.FaxAutoACKConfigurationTest</td>
<td></td>
<td>7</td>
<td>com.tetherfi.test.fax.FaxAutoACKConfigurationTest@60e3c26e</td></tr>
<tr>
<td title='com.tetherfi.test.fax.FaxAutoACKConfigurationTest.AddRecordWithoutSenderType()'><b>AddRecordWithoutSenderType</b><br>Test class: com.tetherfi.test.fax.FaxAutoACKConfigurationTest</td>
<td></td>
<td>7</td>
<td>com.tetherfi.test.fax.FaxAutoACKConfigurationTest@60e3c26e</td></tr>
<tr>
<td title='com.tetherfi.test.fax.FaxAutoACKConfigurationTest.AddRecordWithoutStatus()'><b>AddRecordWithoutStatus</b><br>Test class: com.tetherfi.test.fax.FaxAutoACKConfigurationTest</td>
<td></td>
<td>6</td>
<td>com.tetherfi.test.fax.FaxAutoACKConfigurationTest@60e3c26e</td></tr>
<tr>
<td title='com.tetherfi.test.fax.FaxAutoACKConfigurationTest.AddRecordWithoutTemplate()'><b>AddRecordWithoutTemplate</b><br>Test class: com.tetherfi.test.fax.FaxAutoACKConfigurationTest</td>
<td></td>
<td>6</td>
<td>com.tetherfi.test.fax.FaxAutoACKConfigurationTest@60e3c26e</td></tr>
<tr>
<td title='com.tetherfi.test.fax.FaxAutoACKConfigurationTest.DeleteCancelFaxAutoAckConfigRecord()'><b>DeleteCancelFaxAutoAckConfigRecord</b><br>Test class: com.tetherfi.test.fax.FaxAutoACKConfigurationTest</td>
<td></td>
<td>4</td>
<td>com.tetherfi.test.fax.FaxAutoACKConfigurationTest@60e3c26e</td></tr>
<tr>
<td title='com.tetherfi.test.fax.FaxAutoACKConfigurationTest.DeleteFaxAutoAckConfigRecord()'><b>DeleteFaxAutoAckConfigRecord</b><br>Test class: com.tetherfi.test.fax.FaxAutoACKConfigurationTest</td>
<td></td>
<td>8</td>
<td>com.tetherfi.test.fax.FaxAutoACKConfigurationTest@60e3c26e</td></tr>
<tr>
<td title='com.tetherfi.test.fax.FaxAutoACKConfigurationTest.DeleteInvalidRecord()'><b>DeleteInvalidRecord</b><br>Test class: com.tetherfi.test.fax.FaxAutoACKConfigurationTest</td>
<td></td>
<td>4</td>
<td>com.tetherfi.test.fax.FaxAutoACKConfigurationTest@60e3c26e</td></tr>
<tr>
<td title='com.tetherfi.test.fax.FaxAutoACKConfigurationTest.DuplicateRecord()'><b>DuplicateRecord</b><br>Test class: com.tetherfi.test.fax.FaxAutoACKConfigurationTest</td>
<td></td>
<td>7</td>
<td>com.tetherfi.test.fax.FaxAutoACKConfigurationTest@60e3c26e</td></tr>
<tr>
<td title='com.tetherfi.test.fax.FaxAutoACKConfigurationTest.EditCancelFaxAutoACKConfigRecord()'><b>EditCancelFaxAutoACKConfigRecord</b><br>Test class: com.tetherfi.test.fax.FaxAutoACKConfigurationTest</td>
<td></td>
<td>5</td>
<td>com.tetherfi.test.fax.FaxAutoACKConfigurationTest@60e3c26e</td></tr>
<tr>
<td title='com.tetherfi.test.fax.FaxAutoACKConfigurationTest.EditFaxAutoAckConfigRecord()'><b>EditFaxAutoAckConfigRecord</b><br>Test class: com.tetherfi.test.fax.FaxAutoACKConfigurationTest</td>
<td></td>
<td>6</td>
<td>com.tetherfi.test.fax.FaxAutoACKConfigurationTest@60e3c26e</td></tr>
<tr>
<td title='com.tetherfi.test.fax.FaxAutoACKConfigurationTest.EditInvalidRecord()'><b>EditInvalidRecord</b><br>Test class: com.tetherfi.test.fax.FaxAutoACKConfigurationTest</td>
<td></td>
<td>6</td>
<td>com.tetherfi.test.fax.FaxAutoACKConfigurationTest@60e3c26e</td></tr>
<tr>
<td title='com.tetherfi.test.fax.FaxAutoACKConfigurationTest.ExportToExcel()'><b>ExportToExcel</b><br>Test class: com.tetherfi.test.fax.FaxAutoACKConfigurationTest</td>
<td></td>
<td>2</td>
<td>com.tetherfi.test.fax.FaxAutoACKConfigurationTest@60e3c26e</td></tr>
<tr>
<td title='com.tetherfi.test.fax.FaxAutoACKConfigurationTest.ExportToExcelData()'><b>ExportToExcelData</b><br>Test class: com.tetherfi.test.fax.FaxAutoACKConfigurationTest</td>
<td></td>
<td>2</td>
<td>com.tetherfi.test.fax.FaxAutoACKConfigurationTest@60e3c26e</td></tr>
<tr>
<td title='com.tetherfi.test.fax.FaxAutoACKConfigurationTest.FaxAutoACKConfigurationPage()'><b>FaxAutoACKConfigurationPage</b><br>Test class: com.tetherfi.test.fax.FaxAutoACKConfigurationTest</td>
<td></td>
<td>0</td>
<td>com.tetherfi.test.fax.FaxAutoACKConfigurationTest@60e3c26e</td></tr>
<tr>
<td title='com.tetherfi.test.fax.FaxAutoACKConfigurationTest.GroupBy()'><b>GroupBy</b><br>Test class: com.tetherfi.test.fax.FaxAutoACKConfigurationTest</td>
<td></td>
<td>2</td>
<td>com.tetherfi.test.fax.FaxAutoACKConfigurationTest@60e3c26e</td></tr>
<tr>
<td title='com.tetherfi.test.fax.FaxAutoACKConfigurationTest.SearchClearSearch()'><b>SearchClearSearch</b><br>Test class: com.tetherfi.test.fax.FaxAutoACKConfigurationTest</td>
<td></td>
<td>3</td>
<td>com.tetherfi.test.fax.FaxAutoACKConfigurationTest@60e3c26e</td></tr>
<tr>
<td title='com.tetherfi.test.fax.FaxAutoACKConfigurationTest.SortingByAscending()'><b>SortingByAscending</b><br>Test class: com.tetherfi.test.fax.FaxAutoACKConfigurationTest</td>
<td></td>
<td>5</td>
<td>com.tetherfi.test.fax.FaxAutoACKConfigurationTest@60e3c26e</td></tr>
<tr>
<td title='com.tetherfi.test.fax.FaxAutoACKConfigurationTest.SortingByDescending()'><b>SortingByDescending</b><br>Test class: com.tetherfi.test.fax.FaxAutoACKConfigurationTest</td>
<td></td>
<td>5</td>
<td>com.tetherfi.test.fax.FaxAutoACKConfigurationTest@60e3c26e</td></tr>
<tr>
<td title='com.tetherfi.test.fax.FaxAutoACKConfigurationTest.VerifyArrowMoveForFirstAndLastPage()'><b>VerifyArrowMoveForFirstAndLastPage</b><br>Test class: com.tetherfi.test.fax.FaxAutoACKConfigurationTest</td>
<td></td>
<td>0</td>
<td>com.tetherfi.test.fax.FaxAutoACKConfigurationTest@60e3c26e</td></tr>
<tr>
<td title='com.tetherfi.test.fax.FaxAutoACKConfigurationTest.VerifyArrowMoveForPreviousAndNextPage()'><b>VerifyArrowMoveForPreviousAndNextPage</b><br>Test class: com.tetherfi.test.fax.FaxAutoACKConfigurationTest</td>
<td></td>
<td>0</td>
<td>com.tetherfi.test.fax.FaxAutoACKConfigurationTest@60e3c26e</td></tr>
<tr>
<td title='com.tetherfi.test.fax.FaxAutoACKConfigurationTest.VerifyAuditTrialReportForCreate()'><b>VerifyAuditTrialReportForCreate</b><br>Test class: com.tetherfi.test.fax.FaxAutoACKConfigurationTest</td>
<td></td>
<td>23</td>
<td>com.tetherfi.test.fax.FaxAutoACKConfigurationTest@60e3c26e</td></tr>
<tr>
<td title='com.tetherfi.test.fax.FaxAutoACKConfigurationTest.VerifyColumnsHeaderDisable()'><b>VerifyColumnsHeaderDisable</b><br>Test class: com.tetherfi.test.fax.FaxAutoACKConfigurationTest</td>
<td></td>
<td>6</td>
<td>com.tetherfi.test.fax.FaxAutoACKConfigurationTest@60e3c26e</td></tr>
<tr>
<td title='com.tetherfi.test.fax.FaxAutoACKConfigurationTest.VerifyColumnsHeaderEnable()'><b>VerifyColumnsHeaderEnable</b><br>Test class: com.tetherfi.test.fax.FaxAutoACKConfigurationTest</td>
<td></td>
<td>5</td>
<td>com.tetherfi.test.fax.FaxAutoACKConfigurationTest@60e3c26e</td></tr>
<tr>
<td title='com.tetherfi.test.fax.FaxAutoACKConfigurationTest.VerifyDropdownForAllTheColumns()'><b>VerifyDropdownForAllTheColumns</b><br>Test class: com.tetherfi.test.fax.FaxAutoACKConfigurationTest</td>
<td></td>
<td>10</td>
<td>com.tetherfi.test.fax.FaxAutoACKConfigurationTest@60e3c26e</td></tr>
<tr>
<td title='com.tetherfi.test.fax.FaxAutoACKConfigurationTest.VerifyNumberOfItemsPerPageSelection()'><b>VerifyNumberOfItemsPerPageSelection</b><br>Test class: com.tetherfi.test.fax.FaxAutoACKConfigurationTest</td>
<td></td>
<td>5</td>
<td>com.tetherfi.test.fax.FaxAutoACKConfigurationTest@60e3c26e</td></tr>
<tr>
<td title='com.tetherfi.test.fax.FaxAutoACKConfigurationTest.VerifyTotalNumberOfItemsPerPageDetails()'><b>VerifyTotalNumberOfItemsPerPageDetails</b><br>Test class: com.tetherfi.test.fax.FaxAutoACKConfigurationTest</td>
<td></td>
<td>0</td>
<td>com.tetherfi.test.fax.FaxAutoACKConfigurationTest@60e3c26e</td></tr>
<tr>
<td title='com.tetherfi.test.fax.FaxAutoACKConfigurationTest.database()'><b>database</b><br>Test class: com.tetherfi.test.fax.FaxAutoACKConfigurationTest</td>
<td></td>
<td>4</td>
<td>com.tetherfi.test.fax.FaxAutoACKConfigurationTest@60e3c26e</td></tr>
<tr>
<td title='com.tetherfi.test.fax.FaxAutoACKConfigurationTest.searchPage()'><b>searchPage</b><br>Test class: com.tetherfi.test.fax.FaxAutoACKConfigurationTest</td>
<td></td>
<td>3</td>
<td>com.tetherfi.test.fax.FaxAutoACKConfigurationTest@60e3c26e</td></tr>
<tr>
<td title='com.tetherfi.test.fax.FaxAutoACKConfigurationTest.searchwithoutSearchTextbox()'><b>searchwithoutSearchTextbox</b><br>Test class: com.tetherfi.test.fax.FaxAutoACKConfigurationTest</td>
<td></td>
<td>2</td>
<td>com.tetherfi.test.fax.FaxAutoACKConfigurationTest@60e3c26e</td></tr>
</table><p>
</body>
</html>