<html>
<head>
<title>TestNG:  FaxAddressBookTest</title>
<link href="../testng.css" rel="stylesheet" type="text/css" />
<link href="../my-testng.css" rel="stylesheet" type="text/css" />

<style type="text/css">
.log { display: none;} 
.stack-trace { display: none;} 
</style>
<script type="text/javascript">
<!--
function flip(e) {
  current = e.style.display;
  if (current == 'block') {
    e.style.display = 'none';
    return 0;
  }
  else {
    e.style.display = 'block';
    return 1;
  }
}

function toggleBox(szDivId, elem, msg1, msg2)
{
  var res = -1;  if (document.getElementById) {
    res = flip(document.getElementById(szDivId));
  }
  else if (document.all) {
    // this is the way old msie versions work
    res = flip(document.all[szDivId]);
  }
  if(elem) {
    if(res == 0) elem.innerHTML = msg1; else elem.innerHTML = msg2;
  }

}

function toggleAllBoxes() {
  if (document.getElementsByTagName) {
    d = document.getElementsByTagName('div');
    for (i = 0; i < d.length; i++) {
      if (d[i].className == 'log') {
        flip(d[i]);
      }
    }
  }
}

// -->
</script>

</head>
<body>
<h2 align='center'>FaxAddressBookTest</h2><table border='1' align="center">
<tr>
<td>Tests passed/Failed/Skipped:</td><td>45/18/0</td>
</tr><tr>
<td>Started on:</td><td>Sun Apr 26 01:38:21 IST 2020</td>
</tr>
<tr><td>Total time:</td><td>864 seconds (864883 ms)</td>
</tr><tr>
<td>Included groups:</td><td></td>
</tr><tr>
<td>Excluded groups:</td><td></td>
</tr>
</table><p/>
<small><i>(Hover the method name to see the test class name)</i></small><p/>
<table width='100%' border='1' class='invocation-failed'>
<tr><td colspan='4' align='center'><b>FAILED TESTS</b></td></tr>
<tr><td><b>Test method</b></td>
<td width="30%"><b>Exception</b></td>
<td width="10%"><b>Time (seconds)</b></td>
<td><b>Instance</b></td>
</tr>
<tr>
<td title='com.tetherfi.test.fax.FaxAddressBookTest.AddNewRecordWithoutRecipients()'><b>AddNewRecordWithoutRecipients</b><br>Test class: com.tetherfi.test.fax.FaxAddressBookTest</td>
<td><div><pre>org.openqa.selenium.TimeoutException: Expected condition failed: waiting for visibility of [[ChromeDriver: chrome on WINDOWS (d8c804aef406ebb75d91e5e4fe4724f6)] -&gt; css selector: ul[id=&apos;FaxLine_listbox&apos;] li] (tried for 20 second(s) with 500 milliseconds interval)
Build info: version: &apos;3.141.59&apos;, revision: &apos;e82be7d358&apos;, time: &apos;2018-11-14T08:17:03&apos;
System info: host: &apos;DESKTOP-O6A5C2O&apos;, ip: &apos;10.0.75.1&apos;, os.name: &apos;Windows 10&apos;, os.arch: &apos;amd64&apos;, os.version: &apos;10.0&apos;, java.version: &apos;9.0.4&apos;
Driver info: org.openqa.selenium.chrome.ChromeDriver
Capabilities {acceptInsecureCerts: false, browserName: chrome, browserVersion: 80.0.3987.116, chrome: {chromedriverVersion: 80.0.3987.106 (f68069574609..., userDataDir: C:\Users\admin\AppData\Loca...}, goog:chromeOptions: {debuggerAddress: localhost:61675}, javascriptEnabled: true, networkConnectionEnabled: false, pageLoadStrategy: normal, platform: WINDOWS, platformName: WINDOWS, proxy: Proxy(), setWindowRect: true, strictFileInteractability: false, timeouts: {implicit: 0, pageLoad: 300000, script: 30000}, unhandledPromptBehavior: dismiss and notify}
Session ID: d8c804aef406ebb75d91e5e4fe4724f6
	at org.openqa.selenium.support.ui.WebDriverWait.timeoutException(WebDriverWait.java:95)
	at org.openqa.selenium.support.ui.FluentWait.until(FluentWait.java:272)
	at com.tetherfi.pages.BasePage.waitUntilWebElementListIsVisible(BasePage.java:139)
	at com.tetherfi.pages.BasePage.selectDropdownFromVisibleText(BasePage.java:335)
	at com.tetherfi.pages.FaxAddressBookPage.addNewAddressBookRecordWithoutRecipients(FaxAddressBookPage.java:1094)
	at com.tetherfi.test.fax.FaxAddressBookTest.AddNewRecordWithoutRecipients(FaxAddressBookTest.java:234)
	at java.base/java.util.ArrayList.forEach(Unknown Source)
... Removed 27 stack frames</pre></div><a href='#' onClick='toggleBox("stack-trace249157140", this, "Click to show all stack frames", "Click to hide stack frames")'>Click to show all stack frames</a>
<div class='stack-trace' id='stack-trace249157140'><pre>org.openqa.selenium.TimeoutException: Expected condition failed: waiting for visibility of [[ChromeDriver: chrome on WINDOWS (d8c804aef406ebb75d91e5e4fe4724f6)] -&gt; css selector: ul[id=&apos;FaxLine_listbox&apos;] li] (tried for 20 second(s) with 500 milliseconds interval)
Build info: version: &apos;3.141.59&apos;, revision: &apos;e82be7d358&apos;, time: &apos;2018-11-14T08:17:03&apos;
System info: host: &apos;DESKTOP-O6A5C2O&apos;, ip: &apos;10.0.75.1&apos;, os.name: &apos;Windows 10&apos;, os.arch: &apos;amd64&apos;, os.version: &apos;10.0&apos;, java.version: &apos;9.0.4&apos;
Driver info: org.openqa.selenium.chrome.ChromeDriver
Capabilities {acceptInsecureCerts: false, browserName: chrome, browserVersion: 80.0.3987.116, chrome: {chromedriverVersion: 80.0.3987.106 (f68069574609..., userDataDir: C:\Users\admin\AppData\Loca...}, goog:chromeOptions: {debuggerAddress: localhost:61675}, javascriptEnabled: true, networkConnectionEnabled: false, pageLoadStrategy: normal, platform: WINDOWS, platformName: WINDOWS, proxy: Proxy(), setWindowRect: true, strictFileInteractability: false, timeouts: {implicit: 0, pageLoad: 300000, script: 30000}, unhandledPromptBehavior: dismiss and notify}
Session ID: d8c804aef406ebb75d91e5e4fe4724f6
	at org.openqa.selenium.support.ui.WebDriverWait.timeoutException(WebDriverWait.java:95)
	at org.openqa.selenium.support.ui.FluentWait.until(FluentWait.java:272)
	at com.tetherfi.pages.BasePage.waitUntilWebElementListIsVisible(BasePage.java:139)
	at com.tetherfi.pages.BasePage.selectDropdownFromVisibleText(BasePage.java:335)
	at com.tetherfi.pages.FaxAddressBookPage.addNewAddressBookRecordWithoutRecipients(FaxAddressBookPage.java:1094)
	at com.tetherfi.test.fax.FaxAddressBookTest.AddNewRecordWithoutRecipients(FaxAddressBookTest.java:234)
	at java.base/jdk.internal.reflect.NativeMethodAccessorImpl.invoke0(Native Method)
	at java.base/jdk.internal.reflect.NativeMethodAccessorImpl.invoke(Unknown Source)
	at java.base/jdk.internal.reflect.DelegatingMethodAccessorImpl.invoke(Unknown Source)
	at java.base/java.lang.reflect.Method.invoke(Unknown Source)
	at org.testng.internal.MethodInvocationHelper.invokeMethod(MethodInvocationHelper.java:133)
	at org.testng.internal.TestInvoker.invokeMethod(TestInvoker.java:584)
	at org.testng.internal.TestInvoker.invokeTestMethod(TestInvoker.java:172)
	at org.testng.internal.MethodRunner.runInSequence(MethodRunner.java:46)
	at org.testng.internal.TestInvoker$MethodInvocationAgent.invoke(TestInvoker.java:804)
	at org.testng.internal.TestInvoker.invokeTestMethods(TestInvoker.java:145)
	at org.testng.internal.TestMethodWorker.invokeTestMethods(TestMethodWorker.java:146)
	at org.testng.internal.TestMethodWorker.run(TestMethodWorker.java:128)
	at java.base/java.util.ArrayList.forEach(Unknown Source)
	at org.testng.TestRunner.privateRun(TestRunner.java:770)
	at org.testng.TestRunner.run(TestRunner.java:591)
	at org.testng.SuiteRunner.runTest(SuiteRunner.java:402)
	at org.testng.SuiteRunner.runSequentially(SuiteRunner.java:396)
	at org.testng.SuiteRunner.privateRun(SuiteRunner.java:355)
	at org.testng.SuiteRunner.run(SuiteRunner.java:304)
	at org.testng.SuiteRunnerWorker.runSuite(SuiteRunnerWorker.java:53)
	at org.testng.SuiteRunnerWorker.run(SuiteRunnerWorker.java:96)
	at org.testng.TestNG.runSuitesSequentially(TestNG.java:1180)
	at org.testng.TestNG.runSuitesLocally(TestNG.java:1102)
	at org.testng.TestNG.runSuites(TestNG.java:1032)
	at org.testng.TestNG.run(TestNG.java:1000)
	at org.testng.remote.AbstractRemoteTestNG.run(AbstractRemoteTestNG.java:115)
	at org.testng.remote.RemoteTestNG.initAndRun(RemoteTestNG.java:251)
	at org.testng.remote.RemoteTestNG.main(RemoteTestNG.java:77)
</pre></div></td>
<td>23</td>
<td>com.tetherfi.test.fax.FaxAddressBookTest@7e62cfa3</td></tr>
<tr>
<td title='com.tetherfi.test.fax.FaxAddressBookTest.AddressBookExportToExcelData()'><b>AddressBookExportToExcelData</b><br>Test class: com.tetherfi.test.fax.FaxAddressBookTest</td>
<td><div><pre>java.lang.ArrayIndexOutOfBoundsException: 1
	at com.tetherfi.pages.FaxAddressBookPage.getAddressBookdata(FaxAddressBookPage.java:355)
	at com.tetherfi.pages.FaxAddressBookPage.verifyAddressBookexportToExcelSheet(FaxAddressBookPage.java:340)
	at com.tetherfi.test.fax.FaxAddressBookTest.AddressBookExportToExcelData(FaxAddressBookTest.java:289)
	at java.base/java.util.ArrayList.forEach(Unknown Source)
... Removed 27 stack frames</pre></div><a href='#' onClick='toggleBox("stack-trace1279547787", this, "Click to show all stack frames", "Click to hide stack frames")'>Click to show all stack frames</a>
<div class='stack-trace' id='stack-trace1279547787'><pre>java.lang.ArrayIndexOutOfBoundsException: 1
	at com.tetherfi.pages.FaxAddressBookPage.getAddressBookdata(FaxAddressBookPage.java:355)
	at com.tetherfi.pages.FaxAddressBookPage.verifyAddressBookexportToExcelSheet(FaxAddressBookPage.java:340)
	at com.tetherfi.test.fax.FaxAddressBookTest.AddressBookExportToExcelData(FaxAddressBookTest.java:289)
	at java.base/jdk.internal.reflect.NativeMethodAccessorImpl.invoke0(Native Method)
	at java.base/jdk.internal.reflect.NativeMethodAccessorImpl.invoke(Unknown Source)
	at java.base/jdk.internal.reflect.DelegatingMethodAccessorImpl.invoke(Unknown Source)
	at java.base/java.lang.reflect.Method.invoke(Unknown Source)
	at org.testng.internal.MethodInvocationHelper.invokeMethod(MethodInvocationHelper.java:133)
	at org.testng.internal.TestInvoker.invokeMethod(TestInvoker.java:584)
	at org.testng.internal.TestInvoker.invokeTestMethod(TestInvoker.java:172)
	at org.testng.internal.MethodRunner.runInSequence(MethodRunner.java:46)
	at org.testng.internal.TestInvoker$MethodInvocationAgent.invoke(TestInvoker.java:804)
	at org.testng.internal.TestInvoker.invokeTestMethods(TestInvoker.java:145)
	at org.testng.internal.TestMethodWorker.invokeTestMethods(TestMethodWorker.java:146)
	at org.testng.internal.TestMethodWorker.run(TestMethodWorker.java:128)
	at java.base/java.util.ArrayList.forEach(Unknown Source)
	at org.testng.TestRunner.privateRun(TestRunner.java:770)
	at org.testng.TestRunner.run(TestRunner.java:591)
	at org.testng.SuiteRunner.runTest(SuiteRunner.java:402)
	at org.testng.SuiteRunner.runSequentially(SuiteRunner.java:396)
	at org.testng.SuiteRunner.privateRun(SuiteRunner.java:355)
	at org.testng.SuiteRunner.run(SuiteRunner.java:304)
	at org.testng.SuiteRunnerWorker.runSuite(SuiteRunnerWorker.java:53)
	at org.testng.SuiteRunnerWorker.run(SuiteRunnerWorker.java:96)
	at org.testng.TestNG.runSuitesSequentially(TestNG.java:1180)
	at org.testng.TestNG.runSuitesLocally(TestNG.java:1102)
	at org.testng.TestNG.runSuites(TestNG.java:1032)
	at org.testng.TestNG.run(TestNG.java:1000)
	at org.testng.remote.AbstractRemoteTestNG.run(AbstractRemoteTestNG.java:115)
	at org.testng.remote.RemoteTestNG.initAndRun(RemoteTestNG.java:251)
	at org.testng.remote.RemoteTestNG.main(RemoteTestNG.java:77)
</pre></div></td>
<td>0</td>
<td>com.tetherfi.test.fax.FaxAddressBookTest@7e62cfa3</td></tr>
<tr>
<td title='com.tetherfi.test.fax.FaxAddressBookTest.EditWithoutModifyReasonAddressBookRecord()'><b>EditWithoutModifyReasonAddressBookRecord</b><br>Test class: com.tetherfi.test.fax.FaxAddressBookTest</td>
<td><div><pre>java.lang.IndexOutOfBoundsException: Index 0 out-of-bounds for length 0
	at java.base/jdk.internal.util.Preconditions.outOfBounds(Unknown Source)
	at java.base/jdk.internal.util.Preconditions.outOfBoundsCheckIndex(Unknown Source)
	at java.base/jdk.internal.util.Preconditions.checkIndex(Unknown Source)
	at java.base/java.util.Objects.checkIndex(Unknown Source)
	at java.base/java.util.ArrayList.get(Unknown Source)
	at org.openqa.selenium.support.pagefactory.internal.LocatingElementListHandler.invoke(LocatingElementListHandler.java:39)
	at com.sun.proxy.$Proxy17.get(Unknown Source)
	at com.tetherfi.pages.FaxAddressBookPage.editAddressBookWithoutModifyReason(FaxAddressBookPage.java:1118)
	at com.tetherfi.test.fax.FaxAddressBookTest.EditWithoutModifyReasonAddressBookRecord(FaxAddressBookTest.java:390)
	at java.base/java.util.ArrayList.forEach(Unknown Source)
... Removed 30 stack frames</pre></div><a href='#' onClick='toggleBox("stack-trace1295289733", this, "Click to show all stack frames", "Click to hide stack frames")'>Click to show all stack frames</a>
<div class='stack-trace' id='stack-trace1295289733'><pre>java.lang.IndexOutOfBoundsException: Index 0 out-of-bounds for length 0
	at java.base/jdk.internal.util.Preconditions.outOfBounds(Unknown Source)
	at java.base/jdk.internal.util.Preconditions.outOfBoundsCheckIndex(Unknown Source)
	at java.base/jdk.internal.util.Preconditions.checkIndex(Unknown Source)
	at java.base/java.util.Objects.checkIndex(Unknown Source)
	at java.base/java.util.ArrayList.get(Unknown Source)
	at java.base/jdk.internal.reflect.GeneratedMethodAccessor4.invoke(Unknown Source)
	at java.base/jdk.internal.reflect.DelegatingMethodAccessorImpl.invoke(Unknown Source)
	at java.base/java.lang.reflect.Method.invoke(Unknown Source)
	at org.openqa.selenium.support.pagefactory.internal.LocatingElementListHandler.invoke(LocatingElementListHandler.java:39)
	at com.sun.proxy.$Proxy17.get(Unknown Source)
	at com.tetherfi.pages.FaxAddressBookPage.editAddressBookWithoutModifyReason(FaxAddressBookPage.java:1118)
	at com.tetherfi.test.fax.FaxAddressBookTest.EditWithoutModifyReasonAddressBookRecord(FaxAddressBookTest.java:390)
	at java.base/jdk.internal.reflect.NativeMethodAccessorImpl.invoke0(Native Method)
	at java.base/jdk.internal.reflect.NativeMethodAccessorImpl.invoke(Unknown Source)
	at java.base/jdk.internal.reflect.DelegatingMethodAccessorImpl.invoke(Unknown Source)
	at java.base/java.lang.reflect.Method.invoke(Unknown Source)
	at org.testng.internal.MethodInvocationHelper.invokeMethod(MethodInvocationHelper.java:133)
	at org.testng.internal.TestInvoker.invokeMethod(TestInvoker.java:584)
	at org.testng.internal.TestInvoker.invokeTestMethod(TestInvoker.java:172)
	at org.testng.internal.MethodRunner.runInSequence(MethodRunner.java:46)
	at org.testng.internal.TestInvoker$MethodInvocationAgent.invoke(TestInvoker.java:804)
	at org.testng.internal.TestInvoker.invokeTestMethods(TestInvoker.java:145)
	at org.testng.internal.TestMethodWorker.invokeTestMethods(TestMethodWorker.java:146)
	at org.testng.internal.TestMethodWorker.run(TestMethodWorker.java:128)
	at java.base/java.util.ArrayList.forEach(Unknown Source)
	at org.testng.TestRunner.privateRun(TestRunner.java:770)
	at org.testng.TestRunner.run(TestRunner.java:591)
	at org.testng.SuiteRunner.runTest(SuiteRunner.java:402)
	at org.testng.SuiteRunner.runSequentially(SuiteRunner.java:396)
	at org.testng.SuiteRunner.privateRun(SuiteRunner.java:355)
	at org.testng.SuiteRunner.run(SuiteRunner.java:304)
	at org.testng.SuiteRunnerWorker.runSuite(SuiteRunnerWorker.java:53)
	at org.testng.SuiteRunnerWorker.run(SuiteRunnerWorker.java:96)
	at org.testng.TestNG.runSuitesSequentially(TestNG.java:1180)
	at org.testng.TestNG.runSuitesLocally(TestNG.java:1102)
	at org.testng.TestNG.runSuites(TestNG.java:1032)
	at org.testng.TestNG.run(TestNG.java:1000)
	at org.testng.remote.AbstractRemoteTestNG.run(AbstractRemoteTestNG.java:115)
	at org.testng.remote.RemoteTestNG.initAndRun(RemoteTestNG.java:251)
	at org.testng.remote.RemoteTestNG.main(RemoteTestNG.java:77)
</pre></div></td>
<td>43</td>
<td>com.tetherfi.test.fax.FaxAddressBookTest@7e62cfa3</td></tr>
<tr>
<td title='com.tetherfi.test.fax.FaxAddressBookTest.EditWithoutModifyReasonRecipientRecord()'><b>EditWithoutModifyReasonRecipientRecord</b><br>Test class: com.tetherfi.test.fax.FaxAddressBookTest</td>
<td><div><pre>java.lang.IndexOutOfBoundsException: Index 6 out-of-bounds for length 6
	at java.base/jdk.internal.util.Preconditions.outOfBounds(Unknown Source)
	at java.base/jdk.internal.util.Preconditions.outOfBoundsCheckIndex(Unknown Source)
	at java.base/jdk.internal.util.Preconditions.checkIndex(Unknown Source)
	at java.base/java.util.Objects.checkIndex(Unknown Source)
	at java.base/java.util.ArrayList.get(Unknown Source)
	at org.openqa.selenium.support.pagefactory.internal.LocatingElementListHandler.invoke(LocatingElementListHandler.java:39)
	at com.sun.proxy.$Proxy17.get(Unknown Source)
	at com.tetherfi.pages.FaxAddressBookPage.editRecipientWithoutModifyReason(FaxAddressBookPage.java:882)
	at com.tetherfi.test.fax.FaxAddressBookTest.EditWithoutModifyReasonRecipientRecord(FaxAddressBookTest.java:343)
	at java.base/java.util.ArrayList.forEach(Unknown Source)
... Removed 30 stack frames</pre></div><a href='#' onClick='toggleBox("stack-trace1254007206", this, "Click to show all stack frames", "Click to hide stack frames")'>Click to show all stack frames</a>
<div class='stack-trace' id='stack-trace1254007206'><pre>java.lang.IndexOutOfBoundsException: Index 6 out-of-bounds for length 6
	at java.base/jdk.internal.util.Preconditions.outOfBounds(Unknown Source)
	at java.base/jdk.internal.util.Preconditions.outOfBoundsCheckIndex(Unknown Source)
	at java.base/jdk.internal.util.Preconditions.checkIndex(Unknown Source)
	at java.base/java.util.Objects.checkIndex(Unknown Source)
	at java.base/java.util.ArrayList.get(Unknown Source)
	at java.base/jdk.internal.reflect.GeneratedMethodAccessor4.invoke(Unknown Source)
	at java.base/jdk.internal.reflect.DelegatingMethodAccessorImpl.invoke(Unknown Source)
	at java.base/java.lang.reflect.Method.invoke(Unknown Source)
	at org.openqa.selenium.support.pagefactory.internal.LocatingElementListHandler.invoke(LocatingElementListHandler.java:39)
	at com.sun.proxy.$Proxy17.get(Unknown Source)
	at com.tetherfi.pages.FaxAddressBookPage.editRecipientWithoutModifyReason(FaxAddressBookPage.java:882)
	at com.tetherfi.test.fax.FaxAddressBookTest.EditWithoutModifyReasonRecipientRecord(FaxAddressBookTest.java:343)
	at java.base/jdk.internal.reflect.NativeMethodAccessorImpl.invoke0(Native Method)
	at java.base/jdk.internal.reflect.NativeMethodAccessorImpl.invoke(Unknown Source)
	at java.base/jdk.internal.reflect.DelegatingMethodAccessorImpl.invoke(Unknown Source)
	at java.base/java.lang.reflect.Method.invoke(Unknown Source)
	at org.testng.internal.MethodInvocationHelper.invokeMethod(MethodInvocationHelper.java:133)
	at org.testng.internal.TestInvoker.invokeMethod(TestInvoker.java:584)
	at org.testng.internal.TestInvoker.invokeTestMethod(TestInvoker.java:172)
	at org.testng.internal.MethodRunner.runInSequence(MethodRunner.java:46)
	at org.testng.internal.TestInvoker$MethodInvocationAgent.invoke(TestInvoker.java:804)
	at org.testng.internal.TestInvoker.invokeTestMethods(TestInvoker.java:145)
	at org.testng.internal.TestMethodWorker.invokeTestMethods(TestMethodWorker.java:146)
	at org.testng.internal.TestMethodWorker.run(TestMethodWorker.java:128)
	at java.base/java.util.ArrayList.forEach(Unknown Source)
	at org.testng.TestRunner.privateRun(TestRunner.java:770)
	at org.testng.TestRunner.run(TestRunner.java:591)
	at org.testng.SuiteRunner.runTest(SuiteRunner.java:402)
	at org.testng.SuiteRunner.runSequentially(SuiteRunner.java:396)
	at org.testng.SuiteRunner.privateRun(SuiteRunner.java:355)
	at org.testng.SuiteRunner.run(SuiteRunner.java:304)
	at org.testng.SuiteRunnerWorker.runSuite(SuiteRunnerWorker.java:53)
	at org.testng.SuiteRunnerWorker.run(SuiteRunnerWorker.java:96)
	at org.testng.TestNG.runSuitesSequentially(TestNG.java:1180)
	at org.testng.TestNG.runSuitesLocally(TestNG.java:1102)
	at org.testng.TestNG.runSuites(TestNG.java:1032)
	at org.testng.TestNG.run(TestNG.java:1000)
	at org.testng.remote.AbstractRemoteTestNG.run(AbstractRemoteTestNG.java:115)
	at org.testng.remote.RemoteTestNG.initAndRun(RemoteTestNG.java:251)
	at org.testng.remote.RemoteTestNG.main(RemoteTestNG.java:77)
</pre></div></td>
<td>3</td>
<td>com.tetherfi.test.fax.FaxAddressBookTest@7e62cfa3</td></tr>
<tr>
<td title='com.tetherfi.test.fax.FaxAddressBookTest.ExportToExcelData()'><b>ExportToExcelData</b><br>Test class: com.tetherfi.test.fax.FaxAddressBookTest</td>
<td><div><pre>java.lang.ArrayIndexOutOfBoundsException: 1
	at com.tetherfi.pages.FaxAddressBookPage.getdata(FaxAddressBookPage.java:387)
	at com.tetherfi.pages.FaxAddressBookPage.verifyexportToExcelSheet(FaxAddressBookPage.java:325)
	at com.tetherfi.test.fax.FaxAddressBookTest.ExportToExcelData(FaxAddressBookTest.java:253)
	at java.base/java.util.ArrayList.forEach(Unknown Source)
... Removed 27 stack frames</pre></div><a href='#' onClick='toggleBox("stack-trace62985292", this, "Click to show all stack frames", "Click to hide stack frames")'>Click to show all stack frames</a>
<div class='stack-trace' id='stack-trace62985292'><pre>java.lang.ArrayIndexOutOfBoundsException: 1
	at com.tetherfi.pages.FaxAddressBookPage.getdata(FaxAddressBookPage.java:387)
	at com.tetherfi.pages.FaxAddressBookPage.verifyexportToExcelSheet(FaxAddressBookPage.java:325)
	at com.tetherfi.test.fax.FaxAddressBookTest.ExportToExcelData(FaxAddressBookTest.java:253)
	at java.base/jdk.internal.reflect.NativeMethodAccessorImpl.invoke0(Native Method)
	at java.base/jdk.internal.reflect.NativeMethodAccessorImpl.invoke(Unknown Source)
	at java.base/jdk.internal.reflect.DelegatingMethodAccessorImpl.invoke(Unknown Source)
	at java.base/java.lang.reflect.Method.invoke(Unknown Source)
	at org.testng.internal.MethodInvocationHelper.invokeMethod(MethodInvocationHelper.java:133)
	at org.testng.internal.TestInvoker.invokeMethod(TestInvoker.java:584)
	at org.testng.internal.TestInvoker.invokeTestMethod(TestInvoker.java:172)
	at org.testng.internal.MethodRunner.runInSequence(MethodRunner.java:46)
	at org.testng.internal.TestInvoker$MethodInvocationAgent.invoke(TestInvoker.java:804)
	at org.testng.internal.TestInvoker.invokeTestMethods(TestInvoker.java:145)
	at org.testng.internal.TestMethodWorker.invokeTestMethods(TestMethodWorker.java:146)
	at org.testng.internal.TestMethodWorker.run(TestMethodWorker.java:128)
	at java.base/java.util.ArrayList.forEach(Unknown Source)
	at org.testng.TestRunner.privateRun(TestRunner.java:770)
	at org.testng.TestRunner.run(TestRunner.java:591)
	at org.testng.SuiteRunner.runTest(SuiteRunner.java:402)
	at org.testng.SuiteRunner.runSequentially(SuiteRunner.java:396)
	at org.testng.SuiteRunner.privateRun(SuiteRunner.java:355)
	at org.testng.SuiteRunner.run(SuiteRunner.java:304)
	at org.testng.SuiteRunnerWorker.runSuite(SuiteRunnerWorker.java:53)
	at org.testng.SuiteRunnerWorker.run(SuiteRunnerWorker.java:96)
	at org.testng.TestNG.runSuitesSequentially(TestNG.java:1180)
	at org.testng.TestNG.runSuitesLocally(TestNG.java:1102)
	at org.testng.TestNG.runSuites(TestNG.java:1032)
	at org.testng.TestNG.run(TestNG.java:1000)
	at org.testng.remote.AbstractRemoteTestNG.run(AbstractRemoteTestNG.java:115)
	at org.testng.remote.RemoteTestNG.initAndRun(RemoteTestNG.java:251)
	at org.testng.remote.RemoteTestNG.main(RemoteTestNG.java:77)
</pre></div></td>
<td>0</td>
<td>com.tetherfi.test.fax.FaxAddressBookTest@7e62cfa3</td></tr>
<tr>
<td title='com.tetherfi.test.fax.FaxAddressBookTest.VerifyAddressBookColumnsHeaderEnable()'><b>VerifyAddressBookColumnsHeaderEnable</b><br>Test class: com.tetherfi.test.fax.FaxAddressBookTest</td>
<td><div><pre>org.openqa.selenium.TimeoutException: Expected condition failed: waiting for visibility of [[ChromeDriver: chrome on WINDOWS (d8c804aef406ebb75d91e5e4fe4724f6)] -&gt; css selector: th a[class=&apos;k-header-column-menu&apos;]] (tried for 30 second(s) with 500 milliseconds interval)
Build info: version: &apos;3.141.59&apos;, revision: &apos;e82be7d358&apos;, time: &apos;2018-11-14T08:17:03&apos;
System info: host: &apos;DESKTOP-O6A5C2O&apos;, ip: &apos;10.0.75.1&apos;, os.name: &apos;Windows 10&apos;, os.arch: &apos;amd64&apos;, os.version: &apos;10.0&apos;, java.version: &apos;9.0.4&apos;
Driver info: org.openqa.selenium.chrome.ChromeDriver
Capabilities {acceptInsecureCerts: false, browserName: chrome, browserVersion: 80.0.3987.116, chrome: {chromedriverVersion: 80.0.3987.106 (f68069574609..., userDataDir: C:\Users\admin\AppData\Loca...}, goog:chromeOptions: {debuggerAddress: localhost:61675}, javascriptEnabled: true, networkConnectionEnabled: false, pageLoadStrategy: normal, platform: WINDOWS, platformName: WINDOWS, proxy: Proxy(), setWindowRect: true, strictFileInteractability: false, timeouts: {implicit: 0, pageLoad: 300000, script: 30000}, unhandledPromptBehavior: dismiss and notify}
Session ID: d8c804aef406ebb75d91e5e4fe4724f6
	at org.openqa.selenium.support.ui.WebDriverWait.timeoutException(WebDriverWait.java:95)
	at org.openqa.selenium.support.ui.FluentWait.until(FluentWait.java:272)
	at com.tetherfi.pages.BasePage.waitUntilWebElementIsVisible(BasePage.java:127)
	at com.tetherfi.pages.FaxAddressBookPage.verifycolumnsHeaderEnabled(FaxAddressBookPage.java:704)
	at com.tetherfi.test.fax.FaxAddressBookTest.VerifyAddressBookColumnsHeaderEnable(FaxAddressBookTest.java:590)
	at java.base/java.util.ArrayList.forEach(Unknown Source)
... Removed 27 stack frames</pre></div><a href='#' onClick='toggleBox("stack-trace1278072101", this, "Click to show all stack frames", "Click to hide stack frames")'>Click to show all stack frames</a>
<div class='stack-trace' id='stack-trace1278072101'><pre>org.openqa.selenium.TimeoutException: Expected condition failed: waiting for visibility of [[ChromeDriver: chrome on WINDOWS (d8c804aef406ebb75d91e5e4fe4724f6)] -&gt; css selector: th a[class=&apos;k-header-column-menu&apos;]] (tried for 30 second(s) with 500 milliseconds interval)
Build info: version: &apos;3.141.59&apos;, revision: &apos;e82be7d358&apos;, time: &apos;2018-11-14T08:17:03&apos;
System info: host: &apos;DESKTOP-O6A5C2O&apos;, ip: &apos;10.0.75.1&apos;, os.name: &apos;Windows 10&apos;, os.arch: &apos;amd64&apos;, os.version: &apos;10.0&apos;, java.version: &apos;9.0.4&apos;
Driver info: org.openqa.selenium.chrome.ChromeDriver
Capabilities {acceptInsecureCerts: false, browserName: chrome, browserVersion: 80.0.3987.116, chrome: {chromedriverVersion: 80.0.3987.106 (f68069574609..., userDataDir: C:\Users\admin\AppData\Loca...}, goog:chromeOptions: {debuggerAddress: localhost:61675}, javascriptEnabled: true, networkConnectionEnabled: false, pageLoadStrategy: normal, platform: WINDOWS, platformName: WINDOWS, proxy: Proxy(), setWindowRect: true, strictFileInteractability: false, timeouts: {implicit: 0, pageLoad: 300000, script: 30000}, unhandledPromptBehavior: dismiss and notify}
Session ID: d8c804aef406ebb75d91e5e4fe4724f6
	at org.openqa.selenium.support.ui.WebDriverWait.timeoutException(WebDriverWait.java:95)
	at org.openqa.selenium.support.ui.FluentWait.until(FluentWait.java:272)
	at com.tetherfi.pages.BasePage.waitUntilWebElementIsVisible(BasePage.java:127)
	at com.tetherfi.pages.FaxAddressBookPage.verifycolumnsHeaderEnabled(FaxAddressBookPage.java:704)
	at com.tetherfi.test.fax.FaxAddressBookTest.VerifyAddressBookColumnsHeaderEnable(FaxAddressBookTest.java:590)
	at java.base/jdk.internal.reflect.NativeMethodAccessorImpl.invoke0(Native Method)
	at java.base/jdk.internal.reflect.NativeMethodAccessorImpl.invoke(Unknown Source)
	at java.base/jdk.internal.reflect.DelegatingMethodAccessorImpl.invoke(Unknown Source)
	at java.base/java.lang.reflect.Method.invoke(Unknown Source)
	at org.testng.internal.MethodInvocationHelper.invokeMethod(MethodInvocationHelper.java:133)
	at org.testng.internal.TestInvoker.invokeMethod(TestInvoker.java:584)
	at org.testng.internal.TestInvoker.invokeTestMethod(TestInvoker.java:172)
	at org.testng.internal.MethodRunner.runInSequence(MethodRunner.java:46)
	at org.testng.internal.TestInvoker$MethodInvocationAgent.invoke(TestInvoker.java:804)
	at org.testng.internal.TestInvoker.invokeTestMethods(TestInvoker.java:145)
	at org.testng.internal.TestMethodWorker.invokeTestMethods(TestMethodWorker.java:146)
	at org.testng.internal.TestMethodWorker.run(TestMethodWorker.java:128)
	at java.base/java.util.ArrayList.forEach(Unknown Source)
	at org.testng.TestRunner.privateRun(TestRunner.java:770)
	at org.testng.TestRunner.run(TestRunner.java:591)
	at org.testng.SuiteRunner.runTest(SuiteRunner.java:402)
	at org.testng.SuiteRunner.runSequentially(SuiteRunner.java:396)
	at org.testng.SuiteRunner.privateRun(SuiteRunner.java:355)
	at org.testng.SuiteRunner.run(SuiteRunner.java:304)
	at org.testng.SuiteRunnerWorker.runSuite(SuiteRunnerWorker.java:53)
	at org.testng.SuiteRunnerWorker.run(SuiteRunnerWorker.java:96)
	at org.testng.TestNG.runSuitesSequentially(TestNG.java:1180)
	at org.testng.TestNG.runSuitesLocally(TestNG.java:1102)
	at org.testng.TestNG.runSuites(TestNG.java:1032)
	at org.testng.TestNG.run(TestNG.java:1000)
	at org.testng.remote.AbstractRemoteTestNG.run(AbstractRemoteTestNG.java:115)
	at org.testng.remote.RemoteTestNG.initAndRun(RemoteTestNG.java:251)
	at org.testng.remote.RemoteTestNG.main(RemoteTestNG.java:77)
</pre></div></td>
<td>30</td>
<td>com.tetherfi.test.fax.FaxAddressBookTest@7e62cfa3</td></tr>
<tr>
<td title='com.tetherfi.test.fax.FaxAddressBookTest.VerifyAddressBookDropdownForAllTheColumns()'><b>VerifyAddressBookDropdownForAllTheColumns</b><br>Test class: com.tetherfi.test.fax.FaxAddressBookTest</td>
<td><div><pre>java.lang.AssertionError: Columns dropdown assertion failed did not expect to find [true] but found [false]
	at com.tetherfi.test.fax.FaxAddressBookTest.VerifyAddressBookDropdownForAllTheColumns(FaxAddressBookTest.java:584)
	at java.base/java.util.ArrayList.forEach(Unknown Source)
... Removed 30 stack frames</pre></div><a href='#' onClick='toggleBox("stack-trace884755032", this, "Click to show all stack frames", "Click to hide stack frames")'>Click to show all stack frames</a>
<div class='stack-trace' id='stack-trace884755032'><pre>java.lang.AssertionError: Columns dropdown assertion failed did not expect to find [true] but found [false]
	at org.testng.Assert.fail(Assert.java:97)
	at org.testng.Assert.failNotEquals(Assert.java:969)
	at org.testng.Assert.assertTrue(Assert.java:43)
	at com.tetherfi.test.fax.FaxAddressBookTest.VerifyAddressBookDropdownForAllTheColumns(FaxAddressBookTest.java:584)
	at java.base/jdk.internal.reflect.NativeMethodAccessorImpl.invoke0(Native Method)
	at java.base/jdk.internal.reflect.NativeMethodAccessorImpl.invoke(Unknown Source)
	at java.base/jdk.internal.reflect.DelegatingMethodAccessorImpl.invoke(Unknown Source)
	at java.base/java.lang.reflect.Method.invoke(Unknown Source)
	at org.testng.internal.MethodInvocationHelper.invokeMethod(MethodInvocationHelper.java:133)
	at org.testng.internal.TestInvoker.invokeMethod(TestInvoker.java:584)
	at org.testng.internal.TestInvoker.invokeTestMethod(TestInvoker.java:172)
	at org.testng.internal.MethodRunner.runInSequence(MethodRunner.java:46)
	at org.testng.internal.TestInvoker$MethodInvocationAgent.invoke(TestInvoker.java:804)
	at org.testng.internal.TestInvoker.invokeTestMethods(TestInvoker.java:145)
	at org.testng.internal.TestMethodWorker.invokeTestMethods(TestMethodWorker.java:146)
	at org.testng.internal.TestMethodWorker.run(TestMethodWorker.java:128)
	at java.base/java.util.ArrayList.forEach(Unknown Source)
	at org.testng.TestRunner.privateRun(TestRunner.java:770)
	at org.testng.TestRunner.run(TestRunner.java:591)
	at org.testng.SuiteRunner.runTest(SuiteRunner.java:402)
	at org.testng.SuiteRunner.runSequentially(SuiteRunner.java:396)
	at org.testng.SuiteRunner.privateRun(SuiteRunner.java:355)
	at org.testng.SuiteRunner.run(SuiteRunner.java:304)
	at org.testng.SuiteRunnerWorker.runSuite(SuiteRunnerWorker.java:53)
	at org.testng.SuiteRunnerWorker.run(SuiteRunnerWorker.java:96)
	at org.testng.TestNG.runSuitesSequentially(TestNG.java:1180)
	at org.testng.TestNG.runSuitesLocally(TestNG.java:1102)
	at org.testng.TestNG.runSuites(TestNG.java:1032)
	at org.testng.TestNG.run(TestNG.java:1000)
	at org.testng.remote.AbstractRemoteTestNG.run(AbstractRemoteTestNG.java:115)
	at org.testng.remote.RemoteTestNG.initAndRun(RemoteTestNG.java:251)
	at org.testng.remote.RemoteTestNG.main(RemoteTestNG.java:77)
</pre></div></td>
<td>0</td>
<td>com.tetherfi.test.fax.FaxAddressBookTest@7e62cfa3</td></tr>
<tr>
<td title='com.tetherfi.test.fax.FaxAddressBookTest.VerifyAuditTrialReportForAddressBookDelete()'><b>VerifyAuditTrialReportForAddressBookDelete</b><br>Test class: com.tetherfi.test.fax.FaxAddressBookTest</td>
<td><div><pre>java.lang.AssertionError: did not expect to find [true] but found [false]
	at com.tetherfi.test.fax.FaxAddressBookTest.VerifyAuditTrialReportForAddressBookDelete(FaxAddressBookTest.java:448)
	at java.base/java.util.ArrayList.forEach(Unknown Source)
... Removed 31 stack frames</pre></div><a href='#' onClick='toggleBox("stack-trace1072624495", this, "Click to show all stack frames", "Click to hide stack frames")'>Click to show all stack frames</a>
<div class='stack-trace' id='stack-trace1072624495'><pre>java.lang.AssertionError: did not expect to find [true] but found [false]
	at org.testng.Assert.fail(Assert.java:97)
	at org.testng.Assert.failNotEquals(Assert.java:969)
	at org.testng.Assert.assertTrue(Assert.java:43)
	at org.testng.Assert.assertTrue(Assert.java:53)
	at com.tetherfi.test.fax.FaxAddressBookTest.VerifyAuditTrialReportForAddressBookDelete(FaxAddressBookTest.java:448)
	at java.base/jdk.internal.reflect.NativeMethodAccessorImpl.invoke0(Native Method)
	at java.base/jdk.internal.reflect.NativeMethodAccessorImpl.invoke(Unknown Source)
	at java.base/jdk.internal.reflect.DelegatingMethodAccessorImpl.invoke(Unknown Source)
	at java.base/java.lang.reflect.Method.invoke(Unknown Source)
	at org.testng.internal.MethodInvocationHelper.invokeMethod(MethodInvocationHelper.java:133)
	at org.testng.internal.TestInvoker.invokeMethod(TestInvoker.java:584)
	at org.testng.internal.TestInvoker.invokeTestMethod(TestInvoker.java:172)
	at org.testng.internal.MethodRunner.runInSequence(MethodRunner.java:46)
	at org.testng.internal.TestInvoker$MethodInvocationAgent.invoke(TestInvoker.java:804)
	at org.testng.internal.TestInvoker.invokeTestMethods(TestInvoker.java:145)
	at org.testng.internal.TestMethodWorker.invokeTestMethods(TestMethodWorker.java:146)
	at org.testng.internal.TestMethodWorker.run(TestMethodWorker.java:128)
	at java.base/java.util.ArrayList.forEach(Unknown Source)
	at org.testng.TestRunner.privateRun(TestRunner.java:770)
	at org.testng.TestRunner.run(TestRunner.java:591)
	at org.testng.SuiteRunner.runTest(SuiteRunner.java:402)
	at org.testng.SuiteRunner.runSequentially(SuiteRunner.java:396)
	at org.testng.SuiteRunner.privateRun(SuiteRunner.java:355)
	at org.testng.SuiteRunner.run(SuiteRunner.java:304)
	at org.testng.SuiteRunnerWorker.runSuite(SuiteRunnerWorker.java:53)
	at org.testng.SuiteRunnerWorker.run(SuiteRunnerWorker.java:96)
	at org.testng.TestNG.runSuitesSequentially(TestNG.java:1180)
	at org.testng.TestNG.runSuitesLocally(TestNG.java:1102)
	at org.testng.TestNG.runSuites(TestNG.java:1032)
	at org.testng.TestNG.run(TestNG.java:1000)
	at org.testng.remote.AbstractRemoteTestNG.run(AbstractRemoteTestNG.java:115)
	at org.testng.remote.RemoteTestNG.initAndRun(RemoteTestNG.java:251)
	at org.testng.remote.RemoteTestNG.main(RemoteTestNG.java:77)
</pre></div></td>
<td>24</td>
<td>com.tetherfi.test.fax.FaxAddressBookTest@7e62cfa3</td></tr>
<tr>
<td title='com.tetherfi.test.fax.FaxAddressBookTest.VerifyAuditTrialReportForDelete()'><b>VerifyAuditTrialReportForDelete</b><br>Test class: com.tetherfi.test.fax.FaxAddressBookTest</td>
<td><div><pre>java.lang.AssertionError: did not expect to find [true] but found [false]
	at com.tetherfi.test.fax.FaxAddressBookTest.VerifyAuditTrialReportForDelete(FaxAddressBookTest.java:494)
	at java.base/java.util.ArrayList.forEach(Unknown Source)
... Removed 31 stack frames</pre></div><a href='#' onClick='toggleBox("stack-trace2087246371", this, "Click to show all stack frames", "Click to hide stack frames")'>Click to show all stack frames</a>
<div class='stack-trace' id='stack-trace2087246371'><pre>java.lang.AssertionError: did not expect to find [true] but found [false]
	at org.testng.Assert.fail(Assert.java:97)
	at org.testng.Assert.failNotEquals(Assert.java:969)
	at org.testng.Assert.assertTrue(Assert.java:43)
	at org.testng.Assert.assertTrue(Assert.java:53)
	at com.tetherfi.test.fax.FaxAddressBookTest.VerifyAuditTrialReportForDelete(FaxAddressBookTest.java:494)
	at java.base/jdk.internal.reflect.NativeMethodAccessorImpl.invoke0(Native Method)
	at java.base/jdk.internal.reflect.NativeMethodAccessorImpl.invoke(Unknown Source)
	at java.base/jdk.internal.reflect.DelegatingMethodAccessorImpl.invoke(Unknown Source)
	at java.base/java.lang.reflect.Method.invoke(Unknown Source)
	at org.testng.internal.MethodInvocationHelper.invokeMethod(MethodInvocationHelper.java:133)
	at org.testng.internal.TestInvoker.invokeMethod(TestInvoker.java:584)
	at org.testng.internal.TestInvoker.invokeTestMethod(TestInvoker.java:172)
	at org.testng.internal.MethodRunner.runInSequence(MethodRunner.java:46)
	at org.testng.internal.TestInvoker$MethodInvocationAgent.invoke(TestInvoker.java:804)
	at org.testng.internal.TestInvoker.invokeTestMethods(TestInvoker.java:145)
	at org.testng.internal.TestMethodWorker.invokeTestMethods(TestMethodWorker.java:146)
	at org.testng.internal.TestMethodWorker.run(TestMethodWorker.java:128)
	at java.base/java.util.ArrayList.forEach(Unknown Source)
	at org.testng.TestRunner.privateRun(TestRunner.java:770)
	at org.testng.TestRunner.run(TestRunner.java:591)
	at org.testng.SuiteRunner.runTest(SuiteRunner.java:402)
	at org.testng.SuiteRunner.runSequentially(SuiteRunner.java:396)
	at org.testng.SuiteRunner.privateRun(SuiteRunner.java:355)
	at org.testng.SuiteRunner.run(SuiteRunner.java:304)
	at org.testng.SuiteRunnerWorker.runSuite(SuiteRunnerWorker.java:53)
	at org.testng.SuiteRunnerWorker.run(SuiteRunnerWorker.java:96)
	at org.testng.TestNG.runSuitesSequentially(TestNG.java:1180)
	at org.testng.TestNG.runSuitesLocally(TestNG.java:1102)
	at org.testng.TestNG.runSuites(TestNG.java:1032)
	at org.testng.TestNG.run(TestNG.java:1000)
	at org.testng.remote.AbstractRemoteTestNG.run(AbstractRemoteTestNG.java:115)
	at org.testng.remote.RemoteTestNG.initAndRun(RemoteTestNG.java:251)
	at org.testng.remote.RemoteTestNG.main(RemoteTestNG.java:77)
</pre></div></td>
<td>26</td>
<td>com.tetherfi.test.fax.FaxAddressBookTest@7e62cfa3</td></tr>
<tr>
<td title='com.tetherfi.test.fax.FaxAddressBookTest.VerifyAuditTrialReportForFaxAddressBookUpdate()'><b>VerifyAuditTrialReportForFaxAddressBookUpdate</b><br>Test class: com.tetherfi.test.fax.FaxAddressBookTest</td>
<td><div><pre>java.lang.AssertionError: did not expect to find [true] but found [false]
	at com.tetherfi.test.fax.FaxAddressBookTest.VerifyAuditTrialReportForFaxAddressBookUpdate(FaxAddressBookTest.java:381)
	at java.base/java.util.ArrayList.forEach(Unknown Source)
... Removed 31 stack frames</pre></div><a href='#' onClick='toggleBox("stack-trace237071171", this, "Click to show all stack frames", "Click to hide stack frames")'>Click to show all stack frames</a>
<div class='stack-trace' id='stack-trace237071171'><pre>java.lang.AssertionError: did not expect to find [true] but found [false]
	at org.testng.Assert.fail(Assert.java:97)
	at org.testng.Assert.failNotEquals(Assert.java:969)
	at org.testng.Assert.assertTrue(Assert.java:43)
	at org.testng.Assert.assertTrue(Assert.java:53)
	at com.tetherfi.test.fax.FaxAddressBookTest.VerifyAuditTrialReportForFaxAddressBookUpdate(FaxAddressBookTest.java:381)
	at java.base/jdk.internal.reflect.NativeMethodAccessorImpl.invoke0(Native Method)
	at java.base/jdk.internal.reflect.NativeMethodAccessorImpl.invoke(Unknown Source)
	at java.base/jdk.internal.reflect.DelegatingMethodAccessorImpl.invoke(Unknown Source)
	at java.base/java.lang.reflect.Method.invoke(Unknown Source)
	at org.testng.internal.MethodInvocationHelper.invokeMethod(MethodInvocationHelper.java:133)
	at org.testng.internal.TestInvoker.invokeMethod(TestInvoker.java:584)
	at org.testng.internal.TestInvoker.invokeTestMethod(TestInvoker.java:172)
	at org.testng.internal.MethodRunner.runInSequence(MethodRunner.java:46)
	at org.testng.internal.TestInvoker$MethodInvocationAgent.invoke(TestInvoker.java:804)
	at org.testng.internal.TestInvoker.invokeTestMethods(TestInvoker.java:145)
	at org.testng.internal.TestMethodWorker.invokeTestMethods(TestMethodWorker.java:146)
	at org.testng.internal.TestMethodWorker.run(TestMethodWorker.java:128)
	at java.base/java.util.ArrayList.forEach(Unknown Source)
	at org.testng.TestRunner.privateRun(TestRunner.java:770)
	at org.testng.TestRunner.run(TestRunner.java:591)
	at org.testng.SuiteRunner.runTest(SuiteRunner.java:402)
	at org.testng.SuiteRunner.runSequentially(SuiteRunner.java:396)
	at org.testng.SuiteRunner.privateRun(SuiteRunner.java:355)
	at org.testng.SuiteRunner.run(SuiteRunner.java:304)
	at org.testng.SuiteRunnerWorker.runSuite(SuiteRunnerWorker.java:53)
	at org.testng.SuiteRunnerWorker.run(SuiteRunnerWorker.java:96)
	at org.testng.TestNG.runSuitesSequentially(TestNG.java:1180)
	at org.testng.TestNG.runSuitesLocally(TestNG.java:1102)
	at org.testng.TestNG.runSuites(TestNG.java:1032)
	at org.testng.TestNG.run(TestNG.java:1000)
	at org.testng.remote.AbstractRemoteTestNG.run(AbstractRemoteTestNG.java:115)
	at org.testng.remote.RemoteTestNG.initAndRun(RemoteTestNG.java:251)
	at org.testng.remote.RemoteTestNG.main(RemoteTestNG.java:77)
</pre></div></td>
<td>24</td>
<td>com.tetherfi.test.fax.FaxAddressBookTest@7e62cfa3</td></tr>
<tr>
<td title='com.tetherfi.test.fax.FaxAddressBookTest.VerifyCancelBtnAtDeleteRecepientRecord()'><b>VerifyCancelBtnAtDeleteRecepientRecord</b><br>Test class: com.tetherfi.test.fax.FaxAddressBookTest</td>
<td><div><pre>java.lang.IndexOutOfBoundsException: Index 1 out-of-bounds for length 1
	at java.base/jdk.internal.util.Preconditions.outOfBounds(Unknown Source)
	at java.base/jdk.internal.util.Preconditions.outOfBoundsCheckIndex(Unknown Source)
	at java.base/jdk.internal.util.Preconditions.checkIndex(Unknown Source)
	at java.base/java.util.Objects.checkIndex(Unknown Source)
	at java.base/java.util.ArrayList.get(Unknown Source)
	at com.tetherfi.test.fax.FaxAddressBookTest.VerifyCancelBtnAtDeleteRecepientRecord(FaxAddressBookTest.java:464)
	at java.base/java.util.ArrayList.forEach(Unknown Source)
... Removed 27 stack frames</pre></div><a href='#' onClick='toggleBox("stack-trace51578325", this, "Click to show all stack frames", "Click to hide stack frames")'>Click to show all stack frames</a>
<div class='stack-trace' id='stack-trace51578325'><pre>java.lang.IndexOutOfBoundsException: Index 1 out-of-bounds for length 1
	at java.base/jdk.internal.util.Preconditions.outOfBounds(Unknown Source)
	at java.base/jdk.internal.util.Preconditions.outOfBoundsCheckIndex(Unknown Source)
	at java.base/jdk.internal.util.Preconditions.checkIndex(Unknown Source)
	at java.base/java.util.Objects.checkIndex(Unknown Source)
	at java.base/java.util.ArrayList.get(Unknown Source)
	at com.tetherfi.test.fax.FaxAddressBookTest.VerifyCancelBtnAtDeleteRecepientRecord(FaxAddressBookTest.java:464)
	at java.base/jdk.internal.reflect.NativeMethodAccessorImpl.invoke0(Native Method)
	at java.base/jdk.internal.reflect.NativeMethodAccessorImpl.invoke(Unknown Source)
	at java.base/jdk.internal.reflect.DelegatingMethodAccessorImpl.invoke(Unknown Source)
	at java.base/java.lang.reflect.Method.invoke(Unknown Source)
	at org.testng.internal.MethodInvocationHelper.invokeMethod(MethodInvocationHelper.java:133)
	at org.testng.internal.TestInvoker.invokeMethod(TestInvoker.java:584)
	at org.testng.internal.TestInvoker.invokeTestMethod(TestInvoker.java:172)
	at org.testng.internal.MethodRunner.runInSequence(MethodRunner.java:46)
	at org.testng.internal.TestInvoker$MethodInvocationAgent.invoke(TestInvoker.java:804)
	at org.testng.internal.TestInvoker.invokeTestMethods(TestInvoker.java:145)
	at org.testng.internal.TestMethodWorker.invokeTestMethods(TestMethodWorker.java:146)
	at org.testng.internal.TestMethodWorker.run(TestMethodWorker.java:128)
	at java.base/java.util.ArrayList.forEach(Unknown Source)
	at org.testng.TestRunner.privateRun(TestRunner.java:770)
	at org.testng.TestRunner.run(TestRunner.java:591)
	at org.testng.SuiteRunner.runTest(SuiteRunner.java:402)
	at org.testng.SuiteRunner.runSequentially(SuiteRunner.java:396)
	at org.testng.SuiteRunner.privateRun(SuiteRunner.java:355)
	at org.testng.SuiteRunner.run(SuiteRunner.java:304)
	at org.testng.SuiteRunnerWorker.runSuite(SuiteRunnerWorker.java:53)
	at org.testng.SuiteRunnerWorker.run(SuiteRunnerWorker.java:96)
	at org.testng.TestNG.runSuitesSequentially(TestNG.java:1180)
	at org.testng.TestNG.runSuitesLocally(TestNG.java:1102)
	at org.testng.TestNG.runSuites(TestNG.java:1032)
	at org.testng.TestNG.run(TestNG.java:1000)
	at org.testng.remote.AbstractRemoteTestNG.run(AbstractRemoteTestNG.java:115)
	at org.testng.remote.RemoteTestNG.initAndRun(RemoteTestNG.java:251)
	at org.testng.remote.RemoteTestNG.main(RemoteTestNG.java:77)
</pre></div></td>
<td>0</td>
<td>com.tetherfi.test.fax.FaxAddressBookTest@7e62cfa3</td></tr>
<tr>
<td title='com.tetherfi.test.fax.FaxAddressBookTest.VerifyCancelBtnAtEditAddressBookRecord()'><b>VerifyCancelBtnAtEditAddressBookRecord</b><br>Test class: com.tetherfi.test.fax.FaxAddressBookTest</td>
<td><div><pre>org.openqa.selenium.ElementClickInterceptedException: element click intercepted: Element &lt;span unselectable=&quot;on&quot; class=&quot;k-select&quot; aria-label=&quot;select&quot;&gt;...&lt;/span&gt; is not clickable at point (828, 175). Other element would receive the click: &lt;span title=&quot;Please select the criteria&quot; class=&quot;k-widget k-dropdown&quot; unselectable=&quot;on&quot; role=&quot;listbox&quot; aria-haspopup=&quot;true&quot; aria-expanded=&quot;false&quot; aria-owns=&quot;1001sCriteria_listbox&quot; aria-live=&quot;polite&quot; aria-disabled=&quot;true&quot; style=&quot;&quot;&gt;...&lt;/span&gt;
  (Session info: chrome=80.0.3987.116)
Build info: version: &apos;3.141.59&apos;, revision: &apos;e82be7d358&apos;, time: &apos;2018-11-14T08:17:03&apos;
System info: host: &apos;DESKTOP-O6A5C2O&apos;, ip: &apos;10.0.75.1&apos;, os.name: &apos;Windows 10&apos;, os.arch: &apos;amd64&apos;, os.version: &apos;10.0&apos;, java.version: &apos;9.0.4&apos;
Driver info: org.openqa.selenium.chrome.ChromeDriver
Capabilities {acceptInsecureCerts: false, browserName: chrome, browserVersion: 80.0.3987.116, chrome: {chromedriverVersion: 80.0.3987.106 (f68069574609..., userDataDir: C:\Users\admin\AppData\Loca...}, goog:chromeOptions: {debuggerAddress: localhost:61675}, javascriptEnabled: true, networkConnectionEnabled: false, pageLoadStrategy: normal, platform: WINDOWS, platformName: WINDOWS, proxy: Proxy(), setWindowRect: true, strictFileInteractability: false, timeouts: {implicit: 0, pageLoad: 300000, script: 30000}, unhandledPromptBehavior: dismiss and notify}
Session ID: d8c804aef406ebb75d91e5e4fe4724f6
	at org.openqa.selenium.remote.http.W3CHttpResponseCodec.createException(W3CHttpResponseCodec.java:187)
	at org.openqa.selenium.remote.http.W3CHttpResponseCodec.decode(W3CHttpResponseCodec.java:122)
	at org.openqa.selenium.remote.http.W3CHttpResponseCodec.decode(W3CHttpResponseCodec.java:49)
	at org.openqa.selenium.remote.HttpCommandExecutor.execute(HttpCommandExecutor.java:158)
	at org.openqa.selenium.remote.service.DriverCommandExecutor.execute(DriverCommandExecutor.java:83)
	at org.openqa.selenium.remote.RemoteWebDriver.execute(RemoteWebDriver.java:552)
	at org.openqa.selenium.remote.RemoteWebElement.execute(RemoteWebElement.java:285)
	at org.openqa.selenium.remote.RemoteWebElement.click(RemoteWebElement.java:84)
	at com.tetherfi.pages.BasePage.selectWebElement(BasePage.java:202)
	at com.tetherfi.pages.FaxAddressBookPage.searchRecipientRecord(FaxAddressBookPage.java:869)
	at com.tetherfi.pages.FaxAddressBookPage.clickOnEditButtonAddress(FaxAddressBookPage.java:784)
	at com.tetherfi.test.fax.FaxAddressBookTest.VerifyCancelBtnAtEditAddressBookRecord(FaxAddressBookTest.java:400)
	at java.base/java.util.ArrayList.forEach(Unknown Source)
... Removed 31 stack frames</pre></div><a href='#' onClick='toggleBox("stack-trace37928382", this, "Click to show all stack frames", "Click to hide stack frames")'>Click to show all stack frames</a>
<div class='stack-trace' id='stack-trace37928382'><pre>org.openqa.selenium.ElementClickInterceptedException: element click intercepted: Element &lt;span unselectable=&quot;on&quot; class=&quot;k-select&quot; aria-label=&quot;select&quot;&gt;...&lt;/span&gt; is not clickable at point (828, 175). Other element would receive the click: &lt;span title=&quot;Please select the criteria&quot; class=&quot;k-widget k-dropdown&quot; unselectable=&quot;on&quot; role=&quot;listbox&quot; aria-haspopup=&quot;true&quot; aria-expanded=&quot;false&quot; aria-owns=&quot;1001sCriteria_listbox&quot; aria-live=&quot;polite&quot; aria-disabled=&quot;true&quot; style=&quot;&quot;&gt;...&lt;/span&gt;
  (Session info: chrome=80.0.3987.116)
Build info: version: &apos;3.141.59&apos;, revision: &apos;e82be7d358&apos;, time: &apos;2018-11-14T08:17:03&apos;
System info: host: &apos;DESKTOP-O6A5C2O&apos;, ip: &apos;10.0.75.1&apos;, os.name: &apos;Windows 10&apos;, os.arch: &apos;amd64&apos;, os.version: &apos;10.0&apos;, java.version: &apos;9.0.4&apos;
Driver info: org.openqa.selenium.chrome.ChromeDriver
Capabilities {acceptInsecureCerts: false, browserName: chrome, browserVersion: 80.0.3987.116, chrome: {chromedriverVersion: 80.0.3987.106 (f68069574609..., userDataDir: C:\Users\admin\AppData\Loca...}, goog:chromeOptions: {debuggerAddress: localhost:61675}, javascriptEnabled: true, networkConnectionEnabled: false, pageLoadStrategy: normal, platform: WINDOWS, platformName: WINDOWS, proxy: Proxy(), setWindowRect: true, strictFileInteractability: false, timeouts: {implicit: 0, pageLoad: 300000, script: 30000}, unhandledPromptBehavior: dismiss and notify}
Session ID: d8c804aef406ebb75d91e5e4fe4724f6
	at java.base/jdk.internal.reflect.NativeConstructorAccessorImpl.newInstance0(Native Method)
	at java.base/jdk.internal.reflect.NativeConstructorAccessorImpl.newInstance(Unknown Source)
	at java.base/jdk.internal.reflect.DelegatingConstructorAccessorImpl.newInstance(Unknown Source)
	at java.base/java.lang.reflect.Constructor.newInstance(Unknown Source)
	at org.openqa.selenium.remote.http.W3CHttpResponseCodec.createException(W3CHttpResponseCodec.java:187)
	at org.openqa.selenium.remote.http.W3CHttpResponseCodec.decode(W3CHttpResponseCodec.java:122)
	at org.openqa.selenium.remote.http.W3CHttpResponseCodec.decode(W3CHttpResponseCodec.java:49)
	at org.openqa.selenium.remote.HttpCommandExecutor.execute(HttpCommandExecutor.java:158)
	at org.openqa.selenium.remote.service.DriverCommandExecutor.execute(DriverCommandExecutor.java:83)
	at org.openqa.selenium.remote.RemoteWebDriver.execute(RemoteWebDriver.java:552)
	at org.openqa.selenium.remote.RemoteWebElement.execute(RemoteWebElement.java:285)
	at org.openqa.selenium.remote.RemoteWebElement.click(RemoteWebElement.java:84)
	at com.tetherfi.pages.BasePage.selectWebElement(BasePage.java:202)
	at com.tetherfi.pages.FaxAddressBookPage.searchRecipientRecord(FaxAddressBookPage.java:869)
	at com.tetherfi.pages.FaxAddressBookPage.clickOnEditButtonAddress(FaxAddressBookPage.java:784)
	at com.tetherfi.test.fax.FaxAddressBookTest.VerifyCancelBtnAtEditAddressBookRecord(FaxAddressBookTest.java:400)
	at java.base/jdk.internal.reflect.NativeMethodAccessorImpl.invoke0(Native Method)
	at java.base/jdk.internal.reflect.NativeMethodAccessorImpl.invoke(Unknown Source)
	at java.base/jdk.internal.reflect.DelegatingMethodAccessorImpl.invoke(Unknown Source)
	at java.base/java.lang.reflect.Method.invoke(Unknown Source)
	at org.testng.internal.MethodInvocationHelper.invokeMethod(MethodInvocationHelper.java:133)
	at org.testng.internal.TestInvoker.invokeMethod(TestInvoker.java:584)
	at org.testng.internal.TestInvoker.invokeTestMethod(TestInvoker.java:172)
	at org.testng.internal.MethodRunner.runInSequence(MethodRunner.java:46)
	at org.testng.internal.TestInvoker$MethodInvocationAgent.invoke(TestInvoker.java:804)
	at org.testng.internal.TestInvoker.invokeTestMethods(TestInvoker.java:145)
	at org.testng.internal.TestMethodWorker.invokeTestMethods(TestMethodWorker.java:146)
	at org.testng.internal.TestMethodWorker.run(TestMethodWorker.java:128)
	at java.base/java.util.ArrayList.forEach(Unknown Source)
	at org.testng.TestRunner.privateRun(TestRunner.java:770)
	at org.testng.TestRunner.run(TestRunner.java:591)
	at org.testng.SuiteRunner.runTest(SuiteRunner.java:402)
	at org.testng.SuiteRunner.runSequentially(SuiteRunner.java:396)
	at org.testng.SuiteRunner.privateRun(SuiteRunner.java:355)
	at org.testng.SuiteRunner.run(SuiteRunner.java:304)
	at org.testng.SuiteRunnerWorker.runSuite(SuiteRunnerWorker.java:53)
	at org.testng.SuiteRunnerWorker.run(SuiteRunnerWorker.java:96)
	at org.testng.TestNG.runSuitesSequentially(TestNG.java:1180)
	at org.testng.TestNG.runSuitesLocally(TestNG.java:1102)
	at org.testng.TestNG.runSuites(TestNG.java:1032)
	at org.testng.TestNG.run(TestNG.java:1000)
	at org.testng.remote.AbstractRemoteTestNG.run(AbstractRemoteTestNG.java:115)
	at org.testng.remote.RemoteTestNG.initAndRun(RemoteTestNG.java:251)
	at org.testng.remote.RemoteTestNG.main(RemoteTestNG.java:77)
</pre></div></td>
<td>2</td>
<td>com.tetherfi.test.fax.FaxAddressBookTest@7e62cfa3</td></tr>
<tr>
<td title='com.tetherfi.test.fax.FaxAddressBookTest.VerifyCancelBtnAtEditRecord()'><b>VerifyCancelBtnAtEditRecord</b><br>Test class: com.tetherfi.test.fax.FaxAddressBookTest</td>
<td><div><pre>java.lang.IndexOutOfBoundsException: Index 6 out-of-bounds for length 6
	at java.base/jdk.internal.util.Preconditions.outOfBounds(Unknown Source)
	at java.base/jdk.internal.util.Preconditions.outOfBoundsCheckIndex(Unknown Source)
	at java.base/jdk.internal.util.Preconditions.checkIndex(Unknown Source)
	at java.base/java.util.Objects.checkIndex(Unknown Source)
	at java.base/java.util.ArrayList.get(Unknown Source)
	at org.openqa.selenium.support.pagefactory.internal.LocatingElementListHandler.invoke(LocatingElementListHandler.java:39)
	at com.sun.proxy.$Proxy17.get(Unknown Source)
	at com.tetherfi.pages.FaxAddressBookPage.clickOnEditButtonrecepient(FaxAddressBookPage.java:779)
	at com.tetherfi.test.fax.FaxAddressBookTest.VerifyCancelBtnAtEditRecord(FaxAddressBookTest.java:354)
	at java.base/java.util.ArrayList.forEach(Unknown Source)
... Removed 30 stack frames</pre></div><a href='#' onClick='toggleBox("stack-trace1070346095", this, "Click to show all stack frames", "Click to hide stack frames")'>Click to show all stack frames</a>
<div class='stack-trace' id='stack-trace1070346095'><pre>java.lang.IndexOutOfBoundsException: Index 6 out-of-bounds for length 6
	at java.base/jdk.internal.util.Preconditions.outOfBounds(Unknown Source)
	at java.base/jdk.internal.util.Preconditions.outOfBoundsCheckIndex(Unknown Source)
	at java.base/jdk.internal.util.Preconditions.checkIndex(Unknown Source)
	at java.base/java.util.Objects.checkIndex(Unknown Source)
	at java.base/java.util.ArrayList.get(Unknown Source)
	at java.base/jdk.internal.reflect.GeneratedMethodAccessor4.invoke(Unknown Source)
	at java.base/jdk.internal.reflect.DelegatingMethodAccessorImpl.invoke(Unknown Source)
	at java.base/java.lang.reflect.Method.invoke(Unknown Source)
	at org.openqa.selenium.support.pagefactory.internal.LocatingElementListHandler.invoke(LocatingElementListHandler.java:39)
	at com.sun.proxy.$Proxy17.get(Unknown Source)
	at com.tetherfi.pages.FaxAddressBookPage.clickOnEditButtonrecepient(FaxAddressBookPage.java:779)
	at com.tetherfi.test.fax.FaxAddressBookTest.VerifyCancelBtnAtEditRecord(FaxAddressBookTest.java:354)
	at java.base/jdk.internal.reflect.NativeMethodAccessorImpl.invoke0(Native Method)
	at java.base/jdk.internal.reflect.NativeMethodAccessorImpl.invoke(Unknown Source)
	at java.base/jdk.internal.reflect.DelegatingMethodAccessorImpl.invoke(Unknown Source)
	at java.base/java.lang.reflect.Method.invoke(Unknown Source)
	at org.testng.internal.MethodInvocationHelper.invokeMethod(MethodInvocationHelper.java:133)
	at org.testng.internal.TestInvoker.invokeMethod(TestInvoker.java:584)
	at org.testng.internal.TestInvoker.invokeTestMethod(TestInvoker.java:172)
	at org.testng.internal.MethodRunner.runInSequence(MethodRunner.java:46)
	at org.testng.internal.TestInvoker$MethodInvocationAgent.invoke(TestInvoker.java:804)
	at org.testng.internal.TestInvoker.invokeTestMethods(TestInvoker.java:145)
	at org.testng.internal.TestMethodWorker.invokeTestMethods(TestMethodWorker.java:146)
	at org.testng.internal.TestMethodWorker.run(TestMethodWorker.java:128)
	at java.base/java.util.ArrayList.forEach(Unknown Source)
	at org.testng.TestRunner.privateRun(TestRunner.java:770)
	at org.testng.TestRunner.run(TestRunner.java:591)
	at org.testng.SuiteRunner.runTest(SuiteRunner.java:402)
	at org.testng.SuiteRunner.runSequentially(SuiteRunner.java:396)
	at org.testng.SuiteRunner.privateRun(SuiteRunner.java:355)
	at org.testng.SuiteRunner.run(SuiteRunner.java:304)
	at org.testng.SuiteRunnerWorker.runSuite(SuiteRunnerWorker.java:53)
	at org.testng.SuiteRunnerWorker.run(SuiteRunnerWorker.java:96)
	at org.testng.TestNG.runSuitesSequentially(TestNG.java:1180)
	at org.testng.TestNG.runSuitesLocally(TestNG.java:1102)
	at org.testng.TestNG.runSuites(TestNG.java:1032)
	at org.testng.TestNG.run(TestNG.java:1000)
	at org.testng.remote.AbstractRemoteTestNG.run(AbstractRemoteTestNG.java:115)
	at org.testng.remote.RemoteTestNG.initAndRun(RemoteTestNG.java:251)
	at org.testng.remote.RemoteTestNG.main(RemoteTestNG.java:77)
</pre></div></td>
<td>3</td>
<td>com.tetherfi.test.fax.FaxAddressBookTest@7e62cfa3</td></tr>
<tr>
<td title='com.tetherfi.test.fax.FaxAddressBookTest.VerifyDropdownForAllTheColumns()'><b>VerifyDropdownForAllTheColumns</b><br>Test class: com.tetherfi.test.fax.FaxAddressBookTest</td>
<td><div><pre>java.lang.AssertionError: Columns dropdown assertion failed did not expect to find [true] but found [false]
	at com.tetherfi.test.fax.FaxAddressBookTest.VerifyDropdownForAllTheColumns(FaxAddressBookTest.java:66)
	at java.base/java.util.ArrayList.forEach(Unknown Source)
... Removed 30 stack frames</pre></div><a href='#' onClick='toggleBox("stack-trace533177832", this, "Click to show all stack frames", "Click to hide stack frames")'>Click to show all stack frames</a>
<div class='stack-trace' id='stack-trace533177832'><pre>java.lang.AssertionError: Columns dropdown assertion failed did not expect to find [true] but found [false]
	at org.testng.Assert.fail(Assert.java:97)
	at org.testng.Assert.failNotEquals(Assert.java:969)
	at org.testng.Assert.assertTrue(Assert.java:43)
	at com.tetherfi.test.fax.FaxAddressBookTest.VerifyDropdownForAllTheColumns(FaxAddressBookTest.java:66)
	at java.base/jdk.internal.reflect.NativeMethodAccessorImpl.invoke0(Native Method)
	at java.base/jdk.internal.reflect.NativeMethodAccessorImpl.invoke(Unknown Source)
	at java.base/jdk.internal.reflect.DelegatingMethodAccessorImpl.invoke(Unknown Source)
	at java.base/java.lang.reflect.Method.invoke(Unknown Source)
	at org.testng.internal.MethodInvocationHelper.invokeMethod(MethodInvocationHelper.java:133)
	at org.testng.internal.TestInvoker.invokeMethod(TestInvoker.java:584)
	at org.testng.internal.TestInvoker.invokeTestMethod(TestInvoker.java:172)
	at org.testng.internal.MethodRunner.runInSequence(MethodRunner.java:46)
	at org.testng.internal.TestInvoker$MethodInvocationAgent.invoke(TestInvoker.java:804)
	at org.testng.internal.TestInvoker.invokeTestMethods(TestInvoker.java:145)
	at org.testng.internal.TestMethodWorker.invokeTestMethods(TestMethodWorker.java:146)
	at org.testng.internal.TestMethodWorker.run(TestMethodWorker.java:128)
	at java.base/java.util.ArrayList.forEach(Unknown Source)
	at org.testng.TestRunner.privateRun(TestRunner.java:770)
	at org.testng.TestRunner.run(TestRunner.java:591)
	at org.testng.SuiteRunner.runTest(SuiteRunner.java:402)
	at org.testng.SuiteRunner.runSequentially(SuiteRunner.java:396)
	at org.testng.SuiteRunner.privateRun(SuiteRunner.java:355)
	at org.testng.SuiteRunner.run(SuiteRunner.java:304)
	at org.testng.SuiteRunnerWorker.runSuite(SuiteRunnerWorker.java:53)
	at org.testng.SuiteRunnerWorker.run(SuiteRunnerWorker.java:96)
	at org.testng.TestNG.runSuitesSequentially(TestNG.java:1180)
	at org.testng.TestNG.runSuitesLocally(TestNG.java:1102)
	at org.testng.TestNG.runSuites(TestNG.java:1032)
	at org.testng.TestNG.run(TestNG.java:1000)
	at org.testng.remote.AbstractRemoteTestNG.run(AbstractRemoteTestNG.java:115)
	at org.testng.remote.RemoteTestNG.initAndRun(RemoteTestNG.java:251)
	at org.testng.remote.RemoteTestNG.main(RemoteTestNG.java:77)
</pre></div></td>
<td>20</td>
<td>com.tetherfi.test.fax.FaxAddressBookTest@7e62cfa3</td></tr>
<tr>
<td title='com.tetherfi.test.fax.FaxAddressBookTest.VerifyNumberOfItemsPerPageSelection()'><b>VerifyNumberOfItemsPerPageSelection</b><br>Test class: com.tetherfi.test.fax.FaxAddressBookTest</td>
<td><div><pre>java.lang.AssertionError: item per page assertion failed did not expect to find [true] but found [false]
	at com.tetherfi.test.fax.FaxAddressBookTest.VerifyNumberOfItemsPerPageSelection(FaxAddressBookTest.java:661)
	at java.base/java.util.ArrayList.forEach(Unknown Source)
... Removed 30 stack frames</pre></div><a href='#' onClick='toggleBox("stack-trace1227870346", this, "Click to show all stack frames", "Click to hide stack frames")'>Click to show all stack frames</a>
<div class='stack-trace' id='stack-trace1227870346'><pre>java.lang.AssertionError: item per page assertion failed did not expect to find [true] but found [false]
	at org.testng.Assert.fail(Assert.java:97)
	at org.testng.Assert.failNotEquals(Assert.java:969)
	at org.testng.Assert.assertTrue(Assert.java:43)
	at com.tetherfi.test.fax.FaxAddressBookTest.VerifyNumberOfItemsPerPageSelection(FaxAddressBookTest.java:661)
	at java.base/jdk.internal.reflect.NativeMethodAccessorImpl.invoke0(Native Method)
	at java.base/jdk.internal.reflect.NativeMethodAccessorImpl.invoke(Unknown Source)
	at java.base/jdk.internal.reflect.DelegatingMethodAccessorImpl.invoke(Unknown Source)
	at java.base/java.lang.reflect.Method.invoke(Unknown Source)
	at org.testng.internal.MethodInvocationHelper.invokeMethod(MethodInvocationHelper.java:133)
	at org.testng.internal.TestInvoker.invokeMethod(TestInvoker.java:584)
	at org.testng.internal.TestInvoker.invokeTestMethod(TestInvoker.java:172)
	at org.testng.internal.MethodRunner.runInSequence(MethodRunner.java:46)
	at org.testng.internal.TestInvoker$MethodInvocationAgent.invoke(TestInvoker.java:804)
	at org.testng.internal.TestInvoker.invokeTestMethods(TestInvoker.java:145)
	at org.testng.internal.TestMethodWorker.invokeTestMethods(TestMethodWorker.java:146)
	at org.testng.internal.TestMethodWorker.run(TestMethodWorker.java:128)
	at java.base/java.util.ArrayList.forEach(Unknown Source)
	at org.testng.TestRunner.privateRun(TestRunner.java:770)
	at org.testng.TestRunner.run(TestRunner.java:591)
	at org.testng.SuiteRunner.runTest(SuiteRunner.java:402)
	at org.testng.SuiteRunner.runSequentially(SuiteRunner.java:396)
	at org.testng.SuiteRunner.privateRun(SuiteRunner.java:355)
	at org.testng.SuiteRunner.run(SuiteRunner.java:304)
	at org.testng.SuiteRunnerWorker.runSuite(SuiteRunnerWorker.java:53)
	at org.testng.SuiteRunnerWorker.run(SuiteRunnerWorker.java:96)
	at org.testng.TestNG.runSuitesSequentially(TestNG.java:1180)
	at org.testng.TestNG.runSuitesLocally(TestNG.java:1102)
	at org.testng.TestNG.runSuites(TestNG.java:1032)
	at org.testng.TestNG.run(TestNG.java:1000)
	at org.testng.remote.AbstractRemoteTestNG.run(AbstractRemoteTestNG.java:115)
	at org.testng.remote.RemoteTestNG.initAndRun(RemoteTestNG.java:251)
	at org.testng.remote.RemoteTestNG.main(RemoteTestNG.java:77)
</pre></div></td>
<td>3</td>
<td>com.tetherfi.test.fax.FaxAddressBookTest@7e62cfa3</td></tr>
<tr>
<td title='com.tetherfi.test.fax.FaxAddressBookTest.VerifyRecipientDragAndDrop()'><b>VerifyRecipientDragAndDrop</b><br>Test class: com.tetherfi.test.fax.FaxAddressBookTest</td>
<td><div><pre>java.lang.AssertionError: drag and drop assertion failed did not expect to find [true] but found [false]
	at com.tetherfi.test.fax.FaxAddressBookTest.VerifyRecipientDragAndDrop(FaxAddressBookTest.java:551)
	at java.base/java.util.ArrayList.forEach(Unknown Source)
... Removed 30 stack frames</pre></div><a href='#' onClick='toggleBox("stack-trace607040743", this, "Click to show all stack frames", "Click to hide stack frames")'>Click to show all stack frames</a>
<div class='stack-trace' id='stack-trace607040743'><pre>java.lang.AssertionError: drag and drop assertion failed did not expect to find [true] but found [false]
	at org.testng.Assert.fail(Assert.java:97)
	at org.testng.Assert.failNotEquals(Assert.java:969)
	at org.testng.Assert.assertTrue(Assert.java:43)
	at com.tetherfi.test.fax.FaxAddressBookTest.VerifyRecipientDragAndDrop(FaxAddressBookTest.java:551)
	at java.base/jdk.internal.reflect.NativeMethodAccessorImpl.invoke0(Native Method)
	at java.base/jdk.internal.reflect.NativeMethodAccessorImpl.invoke(Unknown Source)
	at java.base/jdk.internal.reflect.DelegatingMethodAccessorImpl.invoke(Unknown Source)
	at java.base/java.lang.reflect.Method.invoke(Unknown Source)
	at org.testng.internal.MethodInvocationHelper.invokeMethod(MethodInvocationHelper.java:133)
	at org.testng.internal.TestInvoker.invokeMethod(TestInvoker.java:584)
	at org.testng.internal.TestInvoker.invokeTestMethod(TestInvoker.java:172)
	at org.testng.internal.MethodRunner.runInSequence(MethodRunner.java:46)
	at org.testng.internal.TestInvoker$MethodInvocationAgent.invoke(TestInvoker.java:804)
	at org.testng.internal.TestInvoker.invokeTestMethods(TestInvoker.java:145)
	at org.testng.internal.TestMethodWorker.invokeTestMethods(TestMethodWorker.java:146)
	at org.testng.internal.TestMethodWorker.run(TestMethodWorker.java:128)
	at java.base/java.util.ArrayList.forEach(Unknown Source)
	at org.testng.TestRunner.privateRun(TestRunner.java:770)
	at org.testng.TestRunner.run(TestRunner.java:591)
	at org.testng.SuiteRunner.runTest(SuiteRunner.java:402)
	at org.testng.SuiteRunner.runSequentially(SuiteRunner.java:396)
	at org.testng.SuiteRunner.privateRun(SuiteRunner.java:355)
	at org.testng.SuiteRunner.run(SuiteRunner.java:304)
	at org.testng.SuiteRunnerWorker.runSuite(SuiteRunnerWorker.java:53)
	at org.testng.SuiteRunnerWorker.run(SuiteRunnerWorker.java:96)
	at org.testng.TestNG.runSuitesSequentially(TestNG.java:1180)
	at org.testng.TestNG.runSuitesLocally(TestNG.java:1102)
	at org.testng.TestNG.runSuites(TestNG.java:1032)
	at org.testng.TestNG.run(TestNG.java:1000)
	at org.testng.remote.AbstractRemoteTestNG.run(AbstractRemoteTestNG.java:115)
	at org.testng.remote.RemoteTestNG.initAndRun(RemoteTestNG.java:251)
	at org.testng.remote.RemoteTestNG.main(RemoteTestNG.java:77)
</pre></div></td>
<td>2</td>
<td>com.tetherfi.test.fax.FaxAddressBookTest@7e62cfa3</td></tr>
<tr>
<td title='com.tetherfi.test.fax.FaxAddressBookTest.VerifyRecipientDragAndDropofAlreadyGroupedHeader()'><b>VerifyRecipientDragAndDropofAlreadyGroupedHeader</b><br>Test class: com.tetherfi.test.fax.FaxAddressBookTest</td>
<td><div><pre>java.lang.AssertionError: drag and drop assertion failed did not expect to find [true] but found [false]
	at com.tetherfi.test.fax.FaxAddressBookTest.VerifyRecipientDragAndDropofAlreadyGroupedHeader(FaxAddressBookTest.java:561)
	at java.base/java.util.ArrayList.forEach(Unknown Source)
... Removed 30 stack frames</pre></div><a href='#' onClick='toggleBox("stack-trace474983305", this, "Click to show all stack frames", "Click to hide stack frames")'>Click to show all stack frames</a>
<div class='stack-trace' id='stack-trace474983305'><pre>java.lang.AssertionError: drag and drop assertion failed did not expect to find [true] but found [false]
	at org.testng.Assert.fail(Assert.java:97)
	at org.testng.Assert.failNotEquals(Assert.java:969)
	at org.testng.Assert.assertTrue(Assert.java:43)
	at com.tetherfi.test.fax.FaxAddressBookTest.VerifyRecipientDragAndDropofAlreadyGroupedHeader(FaxAddressBookTest.java:561)
	at java.base/jdk.internal.reflect.NativeMethodAccessorImpl.invoke0(Native Method)
	at java.base/jdk.internal.reflect.NativeMethodAccessorImpl.invoke(Unknown Source)
	at java.base/jdk.internal.reflect.DelegatingMethodAccessorImpl.invoke(Unknown Source)
	at java.base/java.lang.reflect.Method.invoke(Unknown Source)
	at org.testng.internal.MethodInvocationHelper.invokeMethod(MethodInvocationHelper.java:133)
	at org.testng.internal.TestInvoker.invokeMethod(TestInvoker.java:584)
	at org.testng.internal.TestInvoker.invokeTestMethod(TestInvoker.java:172)
	at org.testng.internal.MethodRunner.runInSequence(MethodRunner.java:46)
	at org.testng.internal.TestInvoker$MethodInvocationAgent.invoke(TestInvoker.java:804)
	at org.testng.internal.TestInvoker.invokeTestMethods(TestInvoker.java:145)
	at org.testng.internal.TestMethodWorker.invokeTestMethods(TestMethodWorker.java:146)
	at org.testng.internal.TestMethodWorker.run(TestMethodWorker.java:128)
	at java.base/java.util.ArrayList.forEach(Unknown Source)
	at org.testng.TestRunner.privateRun(TestRunner.java:770)
	at org.testng.TestRunner.run(TestRunner.java:591)
	at org.testng.SuiteRunner.runTest(SuiteRunner.java:402)
	at org.testng.SuiteRunner.runSequentially(SuiteRunner.java:396)
	at org.testng.SuiteRunner.privateRun(SuiteRunner.java:355)
	at org.testng.SuiteRunner.run(SuiteRunner.java:304)
	at org.testng.SuiteRunnerWorker.runSuite(SuiteRunnerWorker.java:53)
	at org.testng.SuiteRunnerWorker.run(SuiteRunnerWorker.java:96)
	at org.testng.TestNG.runSuitesSequentially(TestNG.java:1180)
	at org.testng.TestNG.runSuitesLocally(TestNG.java:1102)
	at org.testng.TestNG.runSuites(TestNG.java:1032)
	at org.testng.TestNG.run(TestNG.java:1000)
	at org.testng.remote.AbstractRemoteTestNG.run(AbstractRemoteTestNG.java:115)
	at org.testng.remote.RemoteTestNG.initAndRun(RemoteTestNG.java:251)
	at org.testng.remote.RemoteTestNG.main(RemoteTestNG.java:77)
</pre></div></td>
<td>3</td>
<td>com.tetherfi.test.fax.FaxAddressBookTest@7e62cfa3</td></tr>
<tr>
<td title='com.tetherfi.test.fax.FaxAddressBookTest.VerifyRecipientNumberOfItemsPerPageSelection()'><b>VerifyRecipientNumberOfItemsPerPageSelection</b><br>Test class: com.tetherfi.test.fax.FaxAddressBookTest</td>
<td><div><pre>java.lang.AssertionError: item per page assertion failed did not expect to find [true] but found [false]
	at com.tetherfi.test.fax.FaxAddressBookTest.VerifyRecipientNumberOfItemsPerPageSelection(FaxAddressBookTest.java:522)
	at java.base/java.util.ArrayList.forEach(Unknown Source)
... Removed 30 stack frames</pre></div><a href='#' onClick='toggleBox("stack-trace1007544912", this, "Click to show all stack frames", "Click to hide stack frames")'>Click to show all stack frames</a>
<div class='stack-trace' id='stack-trace1007544912'><pre>java.lang.AssertionError: item per page assertion failed did not expect to find [true] but found [false]
	at org.testng.Assert.fail(Assert.java:97)
	at org.testng.Assert.failNotEquals(Assert.java:969)
	at org.testng.Assert.assertTrue(Assert.java:43)
	at com.tetherfi.test.fax.FaxAddressBookTest.VerifyRecipientNumberOfItemsPerPageSelection(FaxAddressBookTest.java:522)
	at java.base/jdk.internal.reflect.NativeMethodAccessorImpl.invoke0(Native Method)
	at java.base/jdk.internal.reflect.NativeMethodAccessorImpl.invoke(Unknown Source)
	at java.base/jdk.internal.reflect.DelegatingMethodAccessorImpl.invoke(Unknown Source)
	at java.base/java.lang.reflect.Method.invoke(Unknown Source)
	at org.testng.internal.MethodInvocationHelper.invokeMethod(MethodInvocationHelper.java:133)
	at org.testng.internal.TestInvoker.invokeMethod(TestInvoker.java:584)
	at org.testng.internal.TestInvoker.invokeTestMethod(TestInvoker.java:172)
	at org.testng.internal.MethodRunner.runInSequence(MethodRunner.java:46)
	at org.testng.internal.TestInvoker$MethodInvocationAgent.invoke(TestInvoker.java:804)
	at org.testng.internal.TestInvoker.invokeTestMethods(TestInvoker.java:145)
	at org.testng.internal.TestMethodWorker.invokeTestMethods(TestMethodWorker.java:146)
	at org.testng.internal.TestMethodWorker.run(TestMethodWorker.java:128)
	at java.base/java.util.ArrayList.forEach(Unknown Source)
	at org.testng.TestRunner.privateRun(TestRunner.java:770)
	at org.testng.TestRunner.run(TestRunner.java:591)
	at org.testng.SuiteRunner.runTest(SuiteRunner.java:402)
	at org.testng.SuiteRunner.runSequentially(SuiteRunner.java:396)
	at org.testng.SuiteRunner.privateRun(SuiteRunner.java:355)
	at org.testng.SuiteRunner.run(SuiteRunner.java:304)
	at org.testng.SuiteRunnerWorker.runSuite(SuiteRunnerWorker.java:53)
	at org.testng.SuiteRunnerWorker.run(SuiteRunnerWorker.java:96)
	at org.testng.TestNG.runSuitesSequentially(TestNG.java:1180)
	at org.testng.TestNG.runSuitesLocally(TestNG.java:1102)
	at org.testng.TestNG.runSuites(TestNG.java:1032)
	at org.testng.TestNG.run(TestNG.java:1000)
	at org.testng.remote.AbstractRemoteTestNG.run(AbstractRemoteTestNG.java:115)
	at org.testng.remote.RemoteTestNG.initAndRun(RemoteTestNG.java:251)
	at org.testng.remote.RemoteTestNG.main(RemoteTestNG.java:77)
</pre></div></td>
<td>0</td>
<td>com.tetherfi.test.fax.FaxAddressBookTest@7e62cfa3</td></tr>
</table><p>
<table width='100%' border='1' class='invocation-passed'>
<tr><td colspan='4' align='center'><b>PASSED TESTS</b></td></tr>
<tr><td><b>Test method</b></td>
<td width="30%"><b>Exception</b></td>
<td width="10%"><b>Time (seconds)</b></td>
<td><b>Instance</b></td>
</tr>
<tr>
<td title='com.tetherfi.test.fax.FaxAddressBookTest.AddDuplicateRecipientRecord()'><b>AddDuplicateRecipientRecord</b><br>Test class: com.tetherfi.test.fax.FaxAddressBookTest</td>
<td></td>
<td>3</td>
<td>com.tetherfi.test.fax.FaxAddressBookTest@7e62cfa3</td></tr>
<tr>
<td title='com.tetherfi.test.fax.FaxAddressBookTest.AddNewDuplicateRecord()'><b>AddNewDuplicateRecord</b><br>Test class: com.tetherfi.test.fax.FaxAddressBookTest</td>
<td></td>
<td>6</td>
<td>com.tetherfi.test.fax.FaxAddressBookTest@7e62cfa3</td></tr>
<tr>
<td title='com.tetherfi.test.fax.FaxAddressBookTest.AddNewEmptyFaxAddressBookRecipientRecord()'><b>AddNewEmptyFaxAddressBookRecipientRecord</b><br>Test class: com.tetherfi.test.fax.FaxAddressBookTest</td>
<td></td>
<td>2</td>
<td>com.tetherfi.test.fax.FaxAddressBookTest@7e62cfa3</td></tr>
<tr>
<td title='com.tetherfi.test.fax.FaxAddressBookTest.AddNewEmptyRecord()'><b>AddNewEmptyRecord</b><br>Test class: com.tetherfi.test.fax.FaxAddressBookTest</td>
<td></td>
<td>0</td>
<td>com.tetherfi.test.fax.FaxAddressBookTest@7e62cfa3</td></tr>
<tr>
<td title='com.tetherfi.test.fax.FaxAddressBookTest.AddNewFaxAddressBookRecipientWithoutFirstNameRecord()'><b>AddNewFaxAddressBookRecipientWithoutFirstNameRecord</b><br>Test class: com.tetherfi.test.fax.FaxAddressBookTest</td>
<td></td>
<td>3</td>
<td>com.tetherfi.test.fax.FaxAddressBookTest@7e62cfa3</td></tr>
<tr>
<td title='com.tetherfi.test.fax.FaxAddressBookTest.AddNewFaxAddressBookRecipientWithoutNumberRecord()'><b>AddNewFaxAddressBookRecipientWithoutNumberRecord</b><br>Test class: com.tetherfi.test.fax.FaxAddressBookTest</td>
<td></td>
<td>3</td>
<td>com.tetherfi.test.fax.FaxAddressBookTest@7e62cfa3</td></tr>
<tr>
<td title='com.tetherfi.test.fax.FaxAddressBookTest.AddNewFaxAddressBookRecord()'><b>AddNewFaxAddressBookRecord</b><br>Test class: com.tetherfi.test.fax.FaxAddressBookTest</td>
<td></td>
<td>6</td>
<td>com.tetherfi.test.fax.FaxAddressBookTest@7e62cfa3</td></tr>
<tr>
<td title='com.tetherfi.test.fax.FaxAddressBookTest.AddNewRecipientRecord()'><b>AddNewRecipientRecord</b><br>Test class: com.tetherfi.test.fax.FaxAddressBookTest</td>
<td></td>
<td>2</td>
<td>com.tetherfi.test.fax.FaxAddressBookTest@7e62cfa3</td></tr>
<tr>
<td title='com.tetherfi.test.fax.FaxAddressBookTest.AddNewRecordWithoutFaxLine()'><b>AddNewRecordWithoutFaxLine</b><br>Test class: com.tetherfi.test.fax.FaxAddressBookTest</td>
<td></td>
<td>3</td>
<td>com.tetherfi.test.fax.FaxAddressBookTest@7e62cfa3</td></tr>
<tr>
<td title='com.tetherfi.test.fax.FaxAddressBookTest.AddNewRecordWithoutName()'><b>AddNewRecordWithoutName</b><br>Test class: com.tetherfi.test.fax.FaxAddressBookTest</td>
<td></td>
<td>6</td>
<td>com.tetherfi.test.fax.FaxAddressBookTest@7e62cfa3</td></tr>
<tr>
<td title='com.tetherfi.test.fax.FaxAddressBookTest.AddressBookExportToExcel()'><b>AddressBookExportToExcel</b><br>Test class: com.tetherfi.test.fax.FaxAddressBookTest</td>
<td></td>
<td>3</td>
<td>com.tetherfi.test.fax.FaxAddressBookTest@7e62cfa3</td></tr>
<tr>
<td title='com.tetherfi.test.fax.FaxAddressBookTest.AddressBookSortingByAscending()'><b>AddressBookSortingByAscending</b><br>Test class: com.tetherfi.test.fax.FaxAddressBookTest</td>
<td></td>
<td>7</td>
<td>com.tetherfi.test.fax.FaxAddressBookTest@7e62cfa3</td></tr>
<tr>
<td title='com.tetherfi.test.fax.FaxAddressBookTest.AddressBookSortingByDescending()'><b>AddressBookSortingByDescending</b><br>Test class: com.tetherfi.test.fax.FaxAddressBookTest</td>
<td></td>
<td>7</td>
<td>com.tetherfi.test.fax.FaxAddressBookTest@7e62cfa3</td></tr>
<tr>
<td title='com.tetherfi.test.fax.FaxAddressBookTest.DeleteAddressBookRecord()'><b>DeleteAddressBookRecord</b><br>Test class: com.tetherfi.test.fax.FaxAddressBookTest</td>
<td></td>
<td>4</td>
<td>com.tetherfi.test.fax.FaxAddressBookTest@7e62cfa3</td></tr>
<tr>
<td title='com.tetherfi.test.fax.FaxAddressBookTest.DeleteRecepientWithoutDeleteReasonRecord()'><b>DeleteRecepientWithoutDeleteReasonRecord</b><br>Test class: com.tetherfi.test.fax.FaxAddressBookTest</td>
<td></td>
<td>3</td>
<td>com.tetherfi.test.fax.FaxAddressBookTest@7e62cfa3</td></tr>
<tr>
<td title='com.tetherfi.test.fax.FaxAddressBookTest.DeleteRecipientRecord()'><b>DeleteRecipientRecord</b><br>Test class: com.tetherfi.test.fax.FaxAddressBookTest</td>
<td></td>
<td>4</td>
<td>com.tetherfi.test.fax.FaxAddressBookTest@7e62cfa3</td></tr>
<tr>
<td title='com.tetherfi.test.fax.FaxAddressBookTest.DeleteWithoutDeleteReasonAddressBookRecord()'><b>DeleteWithoutDeleteReasonAddressBookRecord</b><br>Test class: com.tetherfi.test.fax.FaxAddressBookTest</td>
<td></td>
<td>5</td>
<td>com.tetherfi.test.fax.FaxAddressBookTest@7e62cfa3</td></tr>
<tr>
<td title='com.tetherfi.test.fax.FaxAddressBookTest.EditFaxAddressBookRecord()'><b>EditFaxAddressBookRecord</b><br>Test class: com.tetherfi.test.fax.FaxAddressBookTest</td>
<td></td>
<td>5</td>
<td>com.tetherfi.test.fax.FaxAddressBookTest@7e62cfa3</td></tr>
<tr>
<td title='com.tetherfi.test.fax.FaxAddressBookTest.EditRecipientRecord()'><b>EditRecipientRecord</b><br>Test class: com.tetherfi.test.fax.FaxAddressBookTest</td>
<td></td>
<td>6</td>
<td>com.tetherfi.test.fax.FaxAddressBookTest@7e62cfa3</td></tr>
<tr>
<td title='com.tetherfi.test.fax.FaxAddressBookTest.ExportToExcel()'><b>ExportToExcel</b><br>Test class: com.tetherfi.test.fax.FaxAddressBookTest</td>
<td></td>
<td>3</td>
<td>com.tetherfi.test.fax.FaxAddressBookTest@7e62cfa3</td></tr>
<tr>
<td title='com.tetherfi.test.fax.FaxAddressBookTest.FaxSendersPage()'><b>FaxSendersPage</b><br>Test class: com.tetherfi.test.fax.FaxAddressBookTest</td>
<td></td>
<td>0</td>
<td>com.tetherfi.test.fax.FaxAddressBookTest@7e62cfa3</td></tr>
<tr>
<td title='com.tetherfi.test.fax.FaxAddressBookTest.SearchClearSearch()'><b>SearchClearSearch</b><br>Test class: com.tetherfi.test.fax.FaxAddressBookTest</td>
<td></td>
<td>4</td>
<td>com.tetherfi.test.fax.FaxAddressBookTest@7e62cfa3</td></tr>
<tr>
<td title='com.tetherfi.test.fax.FaxAddressBookTest.SearchRecipientClearSearch()'><b>SearchRecipientClearSearch</b><br>Test class: com.tetherfi.test.fax.FaxAddressBookTest</td>
<td></td>
<td>4</td>
<td>com.tetherfi.test.fax.FaxAddressBookTest@7e62cfa3</td></tr>
<tr>
<td title='com.tetherfi.test.fax.FaxAddressBookTest.SortingByAscending()'><b>SortingByAscending</b><br>Test class: com.tetherfi.test.fax.FaxAddressBookTest</td>
<td></td>
<td>4</td>
<td>com.tetherfi.test.fax.FaxAddressBookTest@7e62cfa3</td></tr>
<tr>
<td title='com.tetherfi.test.fax.FaxAddressBookTest.SortingByDescending()'><b>SortingByDescending</b><br>Test class: com.tetherfi.test.fax.FaxAddressBookTest</td>
<td></td>
<td>4</td>
<td>com.tetherfi.test.fax.FaxAddressBookTest@7e62cfa3</td></tr>
<tr>
<td title='com.tetherfi.test.fax.FaxAddressBookTest.VerifyAddressBookColumnsHeaderDisable()'><b>VerifyAddressBookColumnsHeaderDisable</b><br>Test class: com.tetherfi.test.fax.FaxAddressBookTest</td>
<td></td>
<td>7</td>
<td>com.tetherfi.test.fax.FaxAddressBookTest@7e62cfa3</td></tr>
<tr>
<td title='com.tetherfi.test.fax.FaxAddressBookTest.VerifyArrowMoveForFirstAndLastPage()'><b>VerifyArrowMoveForFirstAndLastPage</b><br>Test class: com.tetherfi.test.fax.FaxAddressBookTest</td>
<td></td>
<td>0</td>
<td>com.tetherfi.test.fax.FaxAddressBookTest@7e62cfa3</td></tr>
<tr>
<td title='com.tetherfi.test.fax.FaxAddressBookTest.VerifyArrowMoveForPreviousAndNextPage()'><b>VerifyArrowMoveForPreviousAndNextPage</b><br>Test class: com.tetherfi.test.fax.FaxAddressBookTest</td>
<td></td>
<td>0</td>
<td>com.tetherfi.test.fax.FaxAddressBookTest@7e62cfa3</td></tr>
<tr>
<td title='com.tetherfi.test.fax.FaxAddressBookTest.VerifyAuditTrailReportForAddressCreate()'><b>VerifyAuditTrailReportForAddressCreate</b><br>Test class: com.tetherfi.test.fax.FaxAddressBookTest</td>
<td></td>
<td>26</td>
<td>com.tetherfi.test.fax.FaxAddressBookTest@7e62cfa3</td></tr>
<tr>
<td title='com.tetherfi.test.fax.FaxAddressBookTest.VerifyAuditTrailReportForCreate()'><b>VerifyAuditTrailReportForCreate</b><br>Test class: com.tetherfi.test.fax.FaxAddressBookTest</td>
<td></td>
<td>27</td>
<td>com.tetherfi.test.fax.FaxAddressBookTest@7e62cfa3</td></tr>
<tr>
<td title='com.tetherfi.test.fax.FaxAddressBookTest.VerifyAuditTrialReportForRecipientUpdate()'><b>VerifyAuditTrialReportForRecipientUpdate</b><br>Test class: com.tetherfi.test.fax.FaxAddressBookTest</td>
<td></td>
<td>25</td>
<td>com.tetherfi.test.fax.FaxAddressBookTest@7e62cfa3</td></tr>
<tr>
<td title='com.tetherfi.test.fax.FaxAddressBookTest.VerifyCancelBtnAtDeleteAddressRecord()'><b>VerifyCancelBtnAtDeleteAddressRecord</b><br>Test class: com.tetherfi.test.fax.FaxAddressBookTest</td>
<td></td>
<td>4</td>
<td>com.tetherfi.test.fax.FaxAddressBookTest@7e62cfa3</td></tr>
<tr>
<td title='com.tetherfi.test.fax.FaxAddressBookTest.VerifyCancelButtonAtAddAdhocOptionEnhancementRecord()'><b>VerifyCancelButtonAtAddAdhocOptionEnhancementRecord</b><br>Test class: com.tetherfi.test.fax.FaxAddressBookTest</td>
<td></td>
<td>1</td>
<td>com.tetherfi.test.fax.FaxAddressBookTest@7e62cfa3</td></tr>
<tr>
<td title='com.tetherfi.test.fax.FaxAddressBookTest.VerifyColumnsHeaderDisable()'><b>VerifyColumnsHeaderDisable</b><br>Test class: com.tetherfi.test.fax.FaxAddressBookTest</td>
<td></td>
<td>22</td>
<td>com.tetherfi.test.fax.FaxAddressBookTest@7e62cfa3</td></tr>
<tr>
<td title='com.tetherfi.test.fax.FaxAddressBookTest.VerifyColumnsHeaderEnableRecepient()'><b>VerifyColumnsHeaderEnableRecepient</b><br>Test class: com.tetherfi.test.fax.FaxAddressBookTest</td>
<td></td>
<td>7</td>
<td>com.tetherfi.test.fax.FaxAddressBookTest@7e62cfa3</td></tr>
<tr>
<td title='com.tetherfi.test.fax.FaxAddressBookTest.VerifyDragAndDrop()'><b>VerifyDragAndDrop</b><br>Test class: com.tetherfi.test.fax.FaxAddressBookTest</td>
<td></td>
<td>2</td>
<td>com.tetherfi.test.fax.FaxAddressBookTest@7e62cfa3</td></tr>
<tr>
<td title='com.tetherfi.test.fax.FaxAddressBookTest.VerifyDragAndDropofAlreadyGroupedHeader()'><b>VerifyDragAndDropofAlreadyGroupedHeader</b><br>Test class: com.tetherfi.test.fax.FaxAddressBookTest</td>
<td></td>
<td>3</td>
<td>com.tetherfi.test.fax.FaxAddressBookTest@7e62cfa3</td></tr>
<tr>
<td title='com.tetherfi.test.fax.FaxAddressBookTest.VerifyRecipientArrowMoveForFirstAndLastPage()'><b>VerifyRecipientArrowMoveForFirstAndLastPage</b><br>Test class: com.tetherfi.test.fax.FaxAddressBookTest</td>
<td></td>
<td>0</td>
<td>com.tetherfi.test.fax.FaxAddressBookTest@7e62cfa3</td></tr>
<tr>
<td title='com.tetherfi.test.fax.FaxAddressBookTest.VerifyRecipientArrowMoveForPreviousAndNextPage()'><b>VerifyRecipientArrowMoveForPreviousAndNextPage</b><br>Test class: com.tetherfi.test.fax.FaxAddressBookTest</td>
<td></td>
<td>0</td>
<td>com.tetherfi.test.fax.FaxAddressBookTest@7e62cfa3</td></tr>
<tr>
<td title='com.tetherfi.test.fax.FaxAddressBookTest.VerifyRecipientTotalNumberOfItemsPerPageDetails()'><b>VerifyRecipientTotalNumberOfItemsPerPageDetails</b><br>Test class: com.tetherfi.test.fax.FaxAddressBookTest</td>
<td></td>
<td>0</td>
<td>com.tetherfi.test.fax.FaxAddressBookTest@7e62cfa3</td></tr>
<tr>
<td title='com.tetherfi.test.fax.FaxAddressBookTest.VerifyTotalNumberOfItemsPerPageDetails()'><b>VerifyTotalNumberOfItemsPerPageDetails</b><br>Test class: com.tetherfi.test.fax.FaxAddressBookTest</td>
<td></td>
<td>0</td>
<td>com.tetherfi.test.fax.FaxAddressBookTest@7e62cfa3</td></tr>
<tr>
<td title='com.tetherfi.test.fax.FaxAddressBookTest.searchAddressBookwithoutSearchTextbox()'><b>searchAddressBookwithoutSearchTextbox</b><br>Test class: com.tetherfi.test.fax.FaxAddressBookTest</td>
<td></td>
<td>3</td>
<td>com.tetherfi.test.fax.FaxAddressBookTest@7e62cfa3</td></tr>
<tr>
<td title='com.tetherfi.test.fax.FaxAddressBookTest.searchRecipientPage()'><b>searchRecipientPage</b><br>Test class: com.tetherfi.test.fax.FaxAddressBookTest</td>
<td></td>
<td>4</td>
<td>com.tetherfi.test.fax.FaxAddressBookTest@7e62cfa3</td></tr>
<tr>
<td title='com.tetherfi.test.fax.FaxAddressBookTest.searchRecipientPageClose()'><b>searchRecipientPageClose</b><br>Test class: com.tetherfi.test.fax.FaxAddressBookTest</td>
<td></td>
<td>3</td>
<td>com.tetherfi.test.fax.FaxAddressBookTest@7e62cfa3</td></tr>
<tr>
<td title='com.tetherfi.test.fax.FaxAddressBookTest.searchRecipientwithoutSearchTextbox()'><b>searchRecipientwithoutSearchTextbox</b><br>Test class: com.tetherfi.test.fax.FaxAddressBookTest</td>
<td></td>
<td>4</td>
<td>com.tetherfi.test.fax.FaxAddressBookTest@7e62cfa3</td></tr>
</table><p>
</body>
</html>