<html>
<head>
<title>TestNG:  FaxTemplateUpdateTest</title>
<link href="../testng.css" rel="stylesheet" type="text/css" />
<link href="../my-testng.css" rel="stylesheet" type="text/css" />

<style type="text/css">
.log { display: none;} 
.stack-trace { display: none;} 
</style>
<script type="text/javascript">
<!--
function flip(e) {
  current = e.style.display;
  if (current == 'block') {
    e.style.display = 'none';
    return 0;
  }
  else {
    e.style.display = 'block';
    return 1;
  }
}

function toggleBox(szDivId, elem, msg1, msg2)
{
  var res = -1;  if (document.getElementById) {
    res = flip(document.getElementById(szDivId));
  }
  else if (document.all) {
    // this is the way old msie versions work
    res = flip(document.all[szDivId]);
  }
  if(elem) {
    if(res == 0) elem.innerHTML = msg1; else elem.innerHTML = msg2;
  }

}

function toggleAllBoxes() {
  if (document.getElementsByTagName) {
    d = document.getElementsByTagName('div');
    for (i = 0; i < d.length; i++) {
      if (d[i].className == 'log') {
        flip(d[i]);
      }
    }
  }
}

// -->
</script>

</head>
<body>
<h2 align='center'>FaxTemplateUpdateTest</h2><table border='1' align="center">
<tr>
<td>Tests passed/Failed/Skipped:</td><td>14/1/1</td>
</tr><tr>
<td>Started on:</td><td>Wed Mar 18 01:15:53 IST 2020</td>
</tr>
<tr><td>Total time:</td><td>924 seconds (924181 ms)</td>
</tr><tr>
<td>Included groups:</td><td></td>
</tr><tr>
<td>Excluded groups:</td><td></td>
</tr>
</table><p/>
<small><i>(Hover the method name to see the test class name)</i></small><p/>
<table width='100%' border='1' class='invocation-failed'>
<tr><td colspan='4' align='center'><b>FAILED TESTS</b></td></tr>
<tr><td><b>Test method</b></td>
<td width="30%"><b>Exception</b></td>
<td width="10%"><b>Time (seconds)</b></td>
<td><b>Instance</b></td>
</tr>
<tr>
<td title='com.tetherfi.test.fax.FaxTemplateUpdateTest.ApproveForUpdatedFaxTemplateRecord()'><b>ApproveForUpdatedFaxTemplateRecord</b><br>Test class: com.tetherfi.test.fax.FaxTemplateUpdateTest</td>
<td><div><pre>org.openqa.selenium.StaleElementReferenceException: stale element reference: element is not attached to the page document
  (Session info: chrome=78.0.3904.70)
For documentation on this error, please visit: https://www.seleniumhq.org/exceptions/stale_element_reference.html
Build info: version: &apos;3.141.59&apos;, revision: &apos;e82be7d358&apos;, time: &apos;2018-11-14T08:17:03&apos;
System info: host: &apos;DESKTOP-O6A5C2O&apos;, ip: &apos;10.0.75.1&apos;, os.name: &apos;Windows 10&apos;, os.arch: &apos;amd64&apos;, os.version: &apos;10.0&apos;, java.version: &apos;9.0.4&apos;
Driver info: org.openqa.selenium.chrome.ChromeDriver
Capabilities {acceptInsecureCerts: false, browserName: chrome, browserVersion: 78.0.3904.70, chrome: {chromedriverVersion: 78.0.3904.105 (60e2d8774a81..., userDataDir: C:\Users\admin\AppData\Loca...}, goog:chromeOptions: {debuggerAddress: localhost:52574}, javascriptEnabled: true, networkConnectionEnabled: false, pageLoadStrategy: normal, platform: XP, platformName: XP, proxy: Proxy(), setWindowRect: true, strictFileInteractability: false, timeouts: {implicit: 0, pageLoad: 300000, script: 30000}, unhandledPromptBehavior: dismiss and notify}
Session ID: 07bd499b13c1c57c057353fd12db923a
*** Element info: {Using=id, value=isEnabled}
	at org.openqa.selenium.remote.http.W3CHttpResponseCodec.createException(W3CHttpResponseCodec.java:187)
	at org.openqa.selenium.remote.http.W3CHttpResponseCodec.decode(W3CHttpResponseCodec.java:122)
	at org.openqa.selenium.remote.http.W3CHttpResponseCodec.decode(W3CHttpResponseCodec.java:49)
	at org.openqa.selenium.remote.HttpCommandExecutor.execute(HttpCommandExecutor.java:158)
	at org.openqa.selenium.remote.service.DriverCommandExecutor.execute(DriverCommandExecutor.java:83)
	at org.openqa.selenium.remote.RemoteWebDriver.execute(RemoteWebDriver.java:552)
	at org.openqa.selenium.remote.RemoteWebElement.execute(RemoteWebElement.java:285)
	at org.openqa.selenium.remote.RemoteWebElement.findElement(RemoteWebElement.java:185)
	at org.openqa.selenium.remote.RemoteWebElement.findElementById(RemoteWebElement.java:221)
	at org.openqa.selenium.By$ById.findElement(By.java:188)
	at org.openqa.selenium.remote.RemoteWebElement.findElement(RemoteWebElement.java:181)
	at com.tetherfi.pages.FaxTemplatePage.selectRecord(FaxTemplatePage.java:1016)
	at com.tetherfi.pages.FaxTemplatePage.clickonApprove(FaxTemplatePage.java:1196)
	at com.tetherfi.test.fax.FaxTemplateUpdateTest.ApproveForUpdatedFaxTemplateRecord(FaxTemplateUpdateTest.java:217)
	at java.base/java.util.ArrayList.forEach(Unknown Source)
... Removed 31 stack frames</pre></div><a href='#' onClick='toggleBox("stack-trace369745667", this, "Click to show all stack frames", "Click to hide stack frames")'>Click to show all stack frames</a>
<div class='stack-trace' id='stack-trace369745667'><pre>org.openqa.selenium.StaleElementReferenceException: stale element reference: element is not attached to the page document
  (Session info: chrome=78.0.3904.70)
For documentation on this error, please visit: https://www.seleniumhq.org/exceptions/stale_element_reference.html
Build info: version: &apos;3.141.59&apos;, revision: &apos;e82be7d358&apos;, time: &apos;2018-11-14T08:17:03&apos;
System info: host: &apos;DESKTOP-O6A5C2O&apos;, ip: &apos;10.0.75.1&apos;, os.name: &apos;Windows 10&apos;, os.arch: &apos;amd64&apos;, os.version: &apos;10.0&apos;, java.version: &apos;9.0.4&apos;
Driver info: org.openqa.selenium.chrome.ChromeDriver
Capabilities {acceptInsecureCerts: false, browserName: chrome, browserVersion: 78.0.3904.70, chrome: {chromedriverVersion: 78.0.3904.105 (60e2d8774a81..., userDataDir: C:\Users\admin\AppData\Loca...}, goog:chromeOptions: {debuggerAddress: localhost:52574}, javascriptEnabled: true, networkConnectionEnabled: false, pageLoadStrategy: normal, platform: XP, platformName: XP, proxy: Proxy(), setWindowRect: true, strictFileInteractability: false, timeouts: {implicit: 0, pageLoad: 300000, script: 30000}, unhandledPromptBehavior: dismiss and notify}
Session ID: 07bd499b13c1c57c057353fd12db923a
*** Element info: {Using=id, value=isEnabled}
	at java.base/jdk.internal.reflect.NativeConstructorAccessorImpl.newInstance0(Native Method)
	at java.base/jdk.internal.reflect.NativeConstructorAccessorImpl.newInstance(Unknown Source)
	at java.base/jdk.internal.reflect.DelegatingConstructorAccessorImpl.newInstance(Unknown Source)
	at java.base/java.lang.reflect.Constructor.newInstance(Unknown Source)
	at org.openqa.selenium.remote.http.W3CHttpResponseCodec.createException(W3CHttpResponseCodec.java:187)
	at org.openqa.selenium.remote.http.W3CHttpResponseCodec.decode(W3CHttpResponseCodec.java:122)
	at org.openqa.selenium.remote.http.W3CHttpResponseCodec.decode(W3CHttpResponseCodec.java:49)
	at org.openqa.selenium.remote.HttpCommandExecutor.execute(HttpCommandExecutor.java:158)
	at org.openqa.selenium.remote.service.DriverCommandExecutor.execute(DriverCommandExecutor.java:83)
	at org.openqa.selenium.remote.RemoteWebDriver.execute(RemoteWebDriver.java:552)
	at org.openqa.selenium.remote.RemoteWebElement.execute(RemoteWebElement.java:285)
	at org.openqa.selenium.remote.RemoteWebElement.findElement(RemoteWebElement.java:185)
	at org.openqa.selenium.remote.RemoteWebElement.findElementById(RemoteWebElement.java:221)
	at org.openqa.selenium.By$ById.findElement(By.java:188)
	at org.openqa.selenium.remote.RemoteWebElement.findElement(RemoteWebElement.java:181)
	at com.tetherfi.pages.FaxTemplatePage.selectRecord(FaxTemplatePage.java:1016)
	at com.tetherfi.pages.FaxTemplatePage.clickonApprove(FaxTemplatePage.java:1196)
	at com.tetherfi.test.fax.FaxTemplateUpdateTest.ApproveForUpdatedFaxTemplateRecord(FaxTemplateUpdateTest.java:217)
	at java.base/jdk.internal.reflect.NativeMethodAccessorImpl.invoke0(Native Method)
	at java.base/jdk.internal.reflect.NativeMethodAccessorImpl.invoke(Unknown Source)
	at java.base/jdk.internal.reflect.DelegatingMethodAccessorImpl.invoke(Unknown Source)
	at java.base/java.lang.reflect.Method.invoke(Unknown Source)
	at org.testng.internal.MethodInvocationHelper.invokeMethod(MethodInvocationHelper.java:133)
	at org.testng.internal.TestInvoker.invokeMethod(TestInvoker.java:584)
	at org.testng.internal.TestInvoker.invokeTestMethod(TestInvoker.java:172)
	at org.testng.internal.MethodRunner.runInSequence(MethodRunner.java:46)
	at org.testng.internal.TestInvoker$MethodInvocationAgent.invoke(TestInvoker.java:804)
	at org.testng.internal.TestInvoker.invokeTestMethods(TestInvoker.java:145)
	at org.testng.internal.TestMethodWorker.invokeTestMethods(TestMethodWorker.java:146)
	at org.testng.internal.TestMethodWorker.run(TestMethodWorker.java:128)
	at java.base/java.util.ArrayList.forEach(Unknown Source)
	at org.testng.TestRunner.privateRun(TestRunner.java:770)
	at org.testng.TestRunner.run(TestRunner.java:591)
	at org.testng.SuiteRunner.runTest(SuiteRunner.java:402)
	at org.testng.SuiteRunner.runSequentially(SuiteRunner.java:396)
	at org.testng.SuiteRunner.privateRun(SuiteRunner.java:355)
	at org.testng.SuiteRunner.run(SuiteRunner.java:304)
	at org.testng.SuiteRunnerWorker.runSuite(SuiteRunnerWorker.java:53)
	at org.testng.SuiteRunnerWorker.run(SuiteRunnerWorker.java:96)
	at org.testng.TestNG.runSuitesSequentially(TestNG.java:1180)
	at org.testng.TestNG.runSuitesLocally(TestNG.java:1102)
	at org.testng.TestNG.runSuites(TestNG.java:1032)
	at org.testng.TestNG.run(TestNG.java:1000)
	at org.testng.remote.AbstractRemoteTestNG.run(AbstractRemoteTestNG.java:115)
	at org.testng.remote.RemoteTestNG.initAndRun(RemoteTestNG.java:251)
	at org.testng.remote.RemoteTestNG.main(RemoteTestNG.java:77)
</pre></div></td>
<td>3</td>
<td>com.tetherfi.test.fax.FaxTemplateUpdateTest@6a1ef65c</td></tr>
</table><p>
<table width='100%' border='1' class='invocation-passed'>
<tr><td colspan='4' align='center'><b>PASSED TESTS</b></td></tr>
<tr><td><b>Test method</b></td>
<td width="30%"><b>Exception</b></td>
<td width="10%"><b>Time (seconds)</b></td>
<td><b>Instance</b></td>
</tr>
<tr>
<td title='com.tetherfi.test.fax.FaxTemplateUpdateTest.EditApproveFaxTemplateRecord()'><b>EditApproveFaxTemplateRecord</b><br>Test class: com.tetherfi.test.fax.FaxTemplateUpdateTest</td>
<td></td>
<td>16</td>
<td>com.tetherfi.test.fax.FaxTemplateUpdateTest@6a1ef65c</td></tr>
<tr>
<td title='com.tetherfi.test.fax.FaxTemplateUpdateTest.EditApproveFaxTemplateRecordWithOutModifyReson()'><b>EditApproveFaxTemplateRecordWithOutModifyReson</b><br>Test class: com.tetherfi.test.fax.FaxTemplateUpdateTest</td>
<td></td>
<td>10</td>
<td>com.tetherfi.test.fax.FaxTemplateUpdateTest@6a1ef65c</td></tr>
<tr>
<td title='com.tetherfi.test.fax.FaxTemplateUpdateTest.EditRejectFaxTemplateRecord()'><b>EditRejectFaxTemplateRecord</b><br>Test class: com.tetherfi.test.fax.FaxTemplateUpdateTest</td>
<td></td>
<td>14</td>
<td>com.tetherfi.test.fax.FaxTemplateUpdateTest@6a1ef65c</td></tr>
<tr>
<td title='com.tetherfi.test.fax.FaxTemplateUpdateTest.EditRevertFaxTemplateRecord()'><b>EditRevertFaxTemplateRecord</b><br>Test class: com.tetherfi.test.fax.FaxTemplateUpdateTest</td>
<td></td>
<td>14</td>
<td>com.tetherfi.test.fax.FaxTemplateUpdateTest@6a1ef65c</td></tr>
<tr>
<td title='com.tetherfi.test.fax.FaxTemplateUpdateTest.RejectforEditFaxTemplateRecord()'><b>RejectforEditFaxTemplateRecord</b><br>Test class: com.tetherfi.test.fax.FaxTemplateUpdateTest</td>
<td></td>
<td>15</td>
<td>com.tetherfi.test.fax.FaxTemplateUpdateTest@6a1ef65c</td></tr>
<tr>
<td title='com.tetherfi.test.fax.FaxTemplateUpdateTest.VerifyAuditTrailDataForApproveRecord()'><b>VerifyAuditTrailDataForApproveRecord</b><br>Test class: com.tetherfi.test.fax.FaxTemplateUpdateTest</td>
<td></td>
<td>6</td>
<td>com.tetherfi.test.fax.FaxTemplateUpdateTest@6a1ef65c</td></tr>
<tr>
<td title='com.tetherfi.test.fax.FaxTemplateUpdateTest.VerifyAuditTrailReportForEditRevertRecord()'><b>VerifyAuditTrailReportForEditRevertRecord</b><br>Test class: com.tetherfi.test.fax.FaxTemplateUpdateTest</td>
<td></td>
<td>31</td>
<td>com.tetherfi.test.fax.FaxTemplateUpdateTest@6a1ef65c</td></tr>
<tr>
<td title='com.tetherfi.test.fax.FaxTemplateUpdateTest.VerifyAuditTrailReportForRejectRecord()'><b>VerifyAuditTrailReportForRejectRecord</b><br>Test class: com.tetherfi.test.fax.FaxTemplateUpdateTest</td>
<td></td>
<td>33</td>
<td>com.tetherfi.test.fax.FaxTemplateUpdateTest@6a1ef65c</td></tr>
<tr>
<td title='com.tetherfi.test.fax.FaxTemplateUpdateTest.VerifyAuditTrailReportForSendForApproval()'><b>VerifyAuditTrailReportForSendForApproval</b><br>Test class: com.tetherfi.test.fax.FaxTemplateUpdateTest</td>
<td></td>
<td>34</td>
<td>com.tetherfi.test.fax.FaxTemplateUpdateTest@6a1ef65c</td></tr>
<tr>
<td title='com.tetherfi.test.fax.FaxTemplateUpdateTest.VerifyAuditTrailReportForUpdate()'><b>VerifyAuditTrailReportForUpdate</b><br>Test class: com.tetherfi.test.fax.FaxTemplateUpdateTest</td>
<td></td>
<td>34</td>
<td>com.tetherfi.test.fax.FaxTemplateUpdateTest@6a1ef65c</td></tr>
<tr>
<td title='com.tetherfi.test.fax.FaxTemplateUpdateTest.VerifyEditCancelButton()'><b>VerifyEditCancelButton</b><br>Test class: com.tetherfi.test.fax.FaxTemplateUpdateTest</td>
<td></td>
<td>10</td>
<td>com.tetherfi.test.fax.FaxTemplateUpdateTest@6a1ef65c</td></tr>
<tr>
<td title='com.tetherfi.test.fax.FaxTemplateUpdateTest.VerifyRevertforEditRecord()'><b>VerifyRevertforEditRecord</b><br>Test class: com.tetherfi.test.fax.FaxTemplateUpdateTest</td>
<td></td>
<td>10</td>
<td>com.tetherfi.test.fax.FaxTemplateUpdateTest@6a1ef65c</td></tr>
<tr>
<td title='com.tetherfi.test.fax.FaxTemplateUpdateTest.VerifySendForApprovalForEditApproveRecord()'><b>VerifySendForApprovalForEditApproveRecord</b><br>Test class: com.tetherfi.test.fax.FaxTemplateUpdateTest</td>
<td></td>
<td>11</td>
<td>com.tetherfi.test.fax.FaxTemplateUpdateTest@6a1ef65c</td></tr>
<tr>
<td title='com.tetherfi.test.fax.FaxTemplateUpdateTest.VerifySendForApprovalForEditRejectRecord()'><b>VerifySendForApprovalForEditRejectRecord</b><br>Test class: com.tetherfi.test.fax.FaxTemplateUpdateTest</td>
<td></td>
<td>10</td>
<td>com.tetherfi.test.fax.FaxTemplateUpdateTest@6a1ef65c</td></tr>
</table><p>
<table width='100%' border='1' class='invocation-skipped'>
<tr><td colspan='4' align='center'><b>SKIPPED TESTS</b></td></tr>
<tr><td><b>Test method</b></td>
<td width="30%"><b>Exception</b></td>
<td width="10%"><b>Time (seconds)</b></td>
<td><b>Instance</b></td>
</tr>
<tr>
<td title='com.tetherfi.test.fax.FaxTemplateUpdateTest.VerifyAuditTrailReportForApprove()'><b>VerifyAuditTrailReportForApprove</b><br>Test class: com.tetherfi.test.fax.FaxTemplateUpdateTest</td>
<td><div><pre>java.lang.Throwable: Method FaxTemplateUpdateTest.VerifyAuditTrailReportForApprove()[pri:15, instance:com.tetherfi.test.fax.FaxTemplateUpdateTest@6a1ef65c] depends on not successfully finished methods
	at java.base/java.util.ArrayList.forEach(Unknown Source)
... Removed 18 stack frames</pre></div><a href='#' onClick='toggleBox("stack-trace1032551150", this, "Click to show all stack frames", "Click to hide stack frames")'>Click to show all stack frames</a>
<div class='stack-trace' id='stack-trace1032551150'><pre>java.lang.Throwable: Method FaxTemplateUpdateTest.VerifyAuditTrailReportForApprove()[pri:15, instance:com.tetherfi.test.fax.FaxTemplateUpdateTest@6a1ef65c] depends on not successfully finished methods
	at org.testng.internal.TestInvoker.invokeTestMethods(TestInvoker.java:99)
	at org.testng.internal.TestMethodWorker.invokeTestMethods(TestMethodWorker.java:146)
	at org.testng.internal.TestMethodWorker.run(TestMethodWorker.java:128)
	at java.base/java.util.ArrayList.forEach(Unknown Source)
	at org.testng.TestRunner.privateRun(TestRunner.java:770)
	at org.testng.TestRunner.run(TestRunner.java:591)
	at org.testng.SuiteRunner.runTest(SuiteRunner.java:402)
	at org.testng.SuiteRunner.runSequentially(SuiteRunner.java:396)
	at org.testng.SuiteRunner.privateRun(SuiteRunner.java:355)
	at org.testng.SuiteRunner.run(SuiteRunner.java:304)
	at org.testng.SuiteRunnerWorker.runSuite(SuiteRunnerWorker.java:53)
	at org.testng.SuiteRunnerWorker.run(SuiteRunnerWorker.java:96)
	at org.testng.TestNG.runSuitesSequentially(TestNG.java:1180)
	at org.testng.TestNG.runSuitesLocally(TestNG.java:1102)
	at org.testng.TestNG.runSuites(TestNG.java:1032)
	at org.testng.TestNG.run(TestNG.java:1000)
	at org.testng.remote.AbstractRemoteTestNG.run(AbstractRemoteTestNG.java:115)
	at org.testng.remote.RemoteTestNG.initAndRun(RemoteTestNG.java:251)
	at org.testng.remote.RemoteTestNG.main(RemoteTestNG.java:77)
</pre></div></td>
<td>0</td>
<td>com.tetherfi.test.fax.FaxTemplateUpdateTest@6a1ef65c</td></tr>
</table><p>
</body>
</html>