<?xml version="1.0" encoding="UTF-8"?>
<!-- Generated by org.testng.reporters.JUnitXMLReporter -->
<testsuite ignored="0" hostname="DESKTOP-O6A5C2O" failures="1" tests="16" name="FaxTemplateUpdateTest" time="924.181" errors="0" timestamp="2020-03-18T01:31:17 IST">
  <testcase classname="com.tetherfi.test.fax.FaxTemplateUpdateTest" name="VerifyEditCancelButton" time="10.672"/>
  <testcase classname="com.tetherfi.test.fax.FaxTemplateUpdateTest" name="EditRevertFaxTemplateRecord" time="14.692"/>
  <testcase classname="com.tetherfi.test.fax.FaxTemplateUpdateTest" name="VerifyRevertforEditRecord" time="10.806"/>
  <testcase classname="com.tetherfi.test.fax.FaxTemplateUpdateTest" name="VerifyAuditTrailReportForEditRevertRecord" time="31.983"/>
  <testcase classname="com.tetherfi.test.fax.FaxTemplateUpdateTest" name="EditRejectFaxTemplateRecord" time="14.335"/>
  <testcase classname="com.tetherfi.test.fax.FaxTemplateUpdateTest" name="VerifySendForApprovalForEditRejectRecord" time="10.849"/>
  <testcase classname="com.tetherfi.test.fax.FaxTemplateUpdateTest" name="RejectforEditFaxTemplateRecord" time="15.537"/>
  <testcase classname="com.tetherfi.test.fax.FaxTemplateUpdateTest" name="VerifyAuditTrailReportForRejectRecord" time="33.332"/>
  <testcase classname="com.tetherfi.test.fax.FaxTemplateUpdateTest" name="EditApproveFaxTemplateRecord" time="16.099"/>
  <testcase classname="com.tetherfi.test.fax.FaxTemplateUpdateTest" name="VerifyAuditTrailDataForApproveRecord" time="6.495"/>
  <testcase classname="com.tetherfi.test.fax.FaxTemplateUpdateTest" name="VerifyAuditTrailReportForUpdate" time="34.867"/>
  <testcase classname="com.tetherfi.test.fax.FaxTemplateUpdateTest" name="VerifySendForApprovalForEditApproveRecord" time="11.051"/>
  <testcase classname="com.tetherfi.test.fax.FaxTemplateUpdateTest" name="VerifyAuditTrailReportForSendForApproval" time="34.917"/>
  <testcase classname="com.tetherfi.test.fax.FaxTemplateUpdateTest" name="ApproveForUpdatedFaxTemplateRecord" time="3.516">
    <failure type="org.openqa.selenium.StaleElementReferenceException" message="stale element reference: element is not attached to the page document
  (Session info: chrome=78.0.3904.70)
For documentation on this error, please visit: https://www.seleniumhq.org/exceptions/stale_element_reference.html
Build info: version: &amp;apos;3.141.59&amp;apos;, revision: &amp;apos;e82be7d358&amp;apos;, time: &amp;apos;2018-11-14T08:17:03&amp;apos;
System info: host: &amp;apos;DESKTOP-O6A5C2O&amp;apos;, ip: &amp;apos;10.0.75.1&amp;apos;, os.name: &amp;apos;Windows 10&amp;apos;, os.arch: &amp;apos;amd64&amp;apos;, os.version: &amp;apos;10.0&amp;apos;, java.version: &amp;apos;9.0.4&amp;apos;
Driver info: org.openqa.selenium.chrome.ChromeDriver
Capabilities {acceptInsecureCerts: false, browserName: chrome, browserVersion: 78.0.3904.70, chrome: {chromedriverVersion: 78.0.3904.105 (60e2d8774a81..., userDataDir: C:\Users\admin\AppData\Loca...}, goog:chromeOptions: {debuggerAddress: localhost:52574}, javascriptEnabled: true, networkConnectionEnabled: false, pageLoadStrategy: normal, platform: XP, platformName: XP, proxy: Proxy(), setWindowRect: true, strictFileInteractability: false, timeouts: {implicit: 0, pageLoad: 300000, script: 30000}, unhandledPromptBehavior: dismiss and notify}
Session ID: 07bd499b13c1c57c057353fd12db923a
*** Element info: {Using=id, value=isEnabled}">
      <![CDATA[org.openqa.selenium.StaleElementReferenceException: stale element reference: element is not attached to the page document
  (Session info: chrome=78.0.3904.70)
For documentation on this error, please visit: https://www.seleniumhq.org/exceptions/stale_element_reference.html
Build info: version: '3.141.59', revision: 'e82be7d358', time: '2018-11-14T08:17:03'
System info: host: 'DESKTOP-O6A5C2O', ip: '10.0.75.1', os.name: 'Windows 10', os.arch: 'amd64', os.version: '10.0', java.version: '9.0.4'
Driver info: org.openqa.selenium.chrome.ChromeDriver
Capabilities {acceptInsecureCerts: false, browserName: chrome, browserVersion: 78.0.3904.70, chrome: {chromedriverVersion: 78.0.3904.105 (60e2d8774a81..., userDataDir: C:\Users\admin\AppData\Loca...}, goog:chromeOptions: {debuggerAddress: localhost:52574}, javascriptEnabled: true, networkConnectionEnabled: false, pageLoadStrategy: normal, platform: XP, platformName: XP, proxy: Proxy(), setWindowRect: true, strictFileInteractability: false, timeouts: {implicit: 0, pageLoad: 300000, script: 30000}, unhandledPromptBehavior: dismiss and notify}
Session ID: 07bd499b13c1c57c057353fd12db923a
*** Element info: {Using=id, value=isEnabled}
at org.openqa.selenium.remote.http.W3CHttpResponseCodec.createException(W3CHttpResponseCodec.java:187)
at org.openqa.selenium.remote.http.W3CHttpResponseCodec.decode(W3CHttpResponseCodec.java:122)
at org.openqa.selenium.remote.http.W3CHttpResponseCodec.decode(W3CHttpResponseCodec.java:49)
at org.openqa.selenium.remote.HttpCommandExecutor.execute(HttpCommandExecutor.java:158)
at org.openqa.selenium.remote.service.DriverCommandExecutor.execute(DriverCommandExecutor.java:83)
at org.openqa.selenium.remote.RemoteWebDriver.execute(RemoteWebDriver.java:552)
at org.openqa.selenium.remote.RemoteWebElement.execute(RemoteWebElement.java:285)
at org.openqa.selenium.remote.RemoteWebElement.findElement(RemoteWebElement.java:185)
at org.openqa.selenium.remote.RemoteWebElement.findElementById(RemoteWebElement.java:221)
at org.openqa.selenium.By$ById.findElement(By.java:188)
at org.openqa.selenium.remote.RemoteWebElement.findElement(RemoteWebElement.java:181)
at com.tetherfi.pages.FaxTemplatePage.selectRecord(FaxTemplatePage.java:1016)
at com.tetherfi.pages.FaxTemplatePage.clickonApprove(FaxTemplatePage.java:1196)
at com.tetherfi.test.fax.FaxTemplateUpdateTest.ApproveForUpdatedFaxTemplateRecord(FaxTemplateUpdateTest.java:217)
at java.base/java.util.ArrayList.forEach(Unknown Source)
... Removed 31 stack frames]]>
    </failure>
  </testcase> <!-- ApproveForUpdatedFaxTemplateRecord -->
  <testcase classname="com.tetherfi.test.fax.FaxTemplateUpdateTest" name="VerifyAuditTrailReportForApprove" time="0.0">
    <skipped/>
  </testcase> <!-- VerifyAuditTrailReportForApprove -->
  <testcase classname="com.tetherfi.test.fax.FaxTemplateUpdateTest" name="EditApproveFaxTemplateRecordWithOutModifyReson" time="10.292"/>
</testsuite> <!-- FaxTemplateUpdateTest -->
