<?xml version="1.0" encoding="UTF-8"?>
<!-- Generated by org.testng.reporters.JUnitXMLReporter -->
<testsuite ignored="0" hostname="DESKTOP-O6A5C2O" failures="2" tests="16" name="FaxTemplateDeleteTest" time="883.732" errors="0" timestamp="2020-03-18T01:47:46 IST">
  <testcase classname="com.tetherfi.test.fax.FaxTemplateDeleteTest" name="VerifyDeleteCancelFaxTemplateRecord" time="7.577"/>
  <testcase classname="com.tetherfi.test.fax.FaxTemplateDeleteTest" name="VerifyDeleteFaxTemplateRecordWithOutDeleteReason" time="9.971"/>
  <testcase classname="com.tetherfi.test.fax.FaxTemplateDeleteTest" name="VerifyDeleteFaxTemplateRevertRecord" time="13.527"/>
  <testcase classname="com.tetherfi.test.fax.FaxTemplateDeleteTest" name="VerifyRevertforDeleteRecord" time="12.219">
    <failure type="java.lang.AssertionError" message="Revert Assertion Failed did not expect to find [true] but found [false]">
      <![CDATA[java.lang.AssertionError: Revert Assertion Failed did not expect to find [true] but found [false]
at com.tetherfi.test.fax.FaxTemplateDeleteTest.VerifyRevertforDeleteRecord(FaxTemplateDeleteTest.java:106)
at java.base/java.util.ArrayList.forEach(Unknown Source)
... Removed 30 stack frames]]>
    </failure>
  </testcase> <!-- VerifyRevertforDeleteRecord -->
  <testcase classname="com.tetherfi.test.fax.FaxTemplateDeleteTest" name="VerifyAuditTrailReportForDeleteRevertRecord" time="31.85"/>
  <testcase classname="com.tetherfi.test.fax.FaxTemplateDeleteTest" name="VerifyDeleteFaxTemplateRejectRecord" time="14.769"/>
  <testcase classname="com.tetherfi.test.fax.FaxTemplateDeleteTest" name="VerifySendForApprovalDeleteRejectRecord" time="11.319"/>
  <testcase classname="com.tetherfi.test.fax.FaxTemplateDeleteTest" name="RejectForDeleteFaxTemplateRecord" time="15.305"/>
  <testcase classname="com.tetherfi.test.fax.FaxTemplateDeleteTest" name="VerifyAuditTrailReportForRejectRecord" time="35.151"/>
  <testcase classname="com.tetherfi.test.fax.FaxTemplateDeleteTest" name="VerifyDeleteFaxTemplateApproveRecord" time="16.222"/>
  <testcase classname="com.tetherfi.test.fax.FaxTemplateDeleteTest" name="VerifyAuditTrailReportForDeleteApproveRecord" time="33.028"/>
  <testcase classname="com.tetherfi.test.fax.FaxTemplateDeleteTest" name="VerifyAuditTrailDataForApproveRecord" time="6.485"/>
  <testcase classname="com.tetherfi.test.fax.FaxTemplateDeleteTest" name="VerifySendForApprovalDeleteApproveRecord" time="10.667"/>
  <testcase classname="com.tetherfi.test.fax.FaxTemplateDeleteTest" name="VerifyAuditTrailReportForSendForApproval" time="19.258">
    <failure type="org.openqa.selenium.StaleElementReferenceException" message="stale element reference: element is not attached to the page document
  (Session info: chrome=78.0.3904.70)
For documentation on this error, please visit: https://www.seleniumhq.org/exceptions/stale_element_reference.html
Build info: version: &amp;apos;3.141.59&amp;apos;, revision: &amp;apos;e82be7d358&amp;apos;, time: &amp;apos;2018-11-14T08:17:03&amp;apos;
System info: host: &amp;apos;DESKTOP-O6A5C2O&amp;apos;, ip: &amp;apos;10.0.75.1&amp;apos;, os.name: &amp;apos;Windows 10&amp;apos;, os.arch: &amp;apos;amd64&amp;apos;, os.version: &amp;apos;10.0&amp;apos;, java.version: &amp;apos;9.0.4&amp;apos;
Driver info: org.openqa.selenium.chrome.ChromeDriver
Capabilities {acceptInsecureCerts: false, browserName: chrome, browserVersion: 78.0.3904.70, chrome: {chromedriverVersion: 78.0.3904.105 (60e2d8774a81..., userDataDir: C:\Users\admin\AppData\Loca...}, goog:chromeOptions: {debuggerAddress: localhost:53055}, javascriptEnabled: true, networkConnectionEnabled: false, pageLoadStrategy: normal, platform: XP, platformName: XP, proxy: Proxy(), setWindowRect: true, strictFileInteractability: false, timeouts: {implicit: 0, pageLoad: 300000, script: 30000}, unhandledPromptBehavior: dismiss and notify}
Session ID: 35c242d2fd604aa9dfccbe03925d0244">
      <![CDATA[org.openqa.selenium.StaleElementReferenceException: stale element reference: element is not attached to the page document
  (Session info: chrome=78.0.3904.70)
For documentation on this error, please visit: https://www.seleniumhq.org/exceptions/stale_element_reference.html
Build info: version: '3.141.59', revision: 'e82be7d358', time: '2018-11-14T08:17:03'
System info: host: 'DESKTOP-O6A5C2O', ip: '10.0.75.1', os.name: 'Windows 10', os.arch: 'amd64', os.version: '10.0', java.version: '9.0.4'
Driver info: org.openqa.selenium.chrome.ChromeDriver
Capabilities {acceptInsecureCerts: false, browserName: chrome, browserVersion: 78.0.3904.70, chrome: {chromedriverVersion: 78.0.3904.105 (60e2d8774a81..., userDataDir: C:\Users\admin\AppData\Loca...}, goog:chromeOptions: {debuggerAddress: localhost:53055}, javascriptEnabled: true, networkConnectionEnabled: false, pageLoadStrategy: normal, platform: XP, platformName: XP, proxy: Proxy(), setWindowRect: true, strictFileInteractability: false, timeouts: {implicit: 0, pageLoad: 300000, script: 30000}, unhandledPromptBehavior: dismiss and notify}
Session ID: 35c242d2fd604aa9dfccbe03925d0244
at org.openqa.selenium.remote.http.W3CHttpResponseCodec.createException(W3CHttpResponseCodec.java:187)
at org.openqa.selenium.remote.http.W3CHttpResponseCodec.decode(W3CHttpResponseCodec.java:122)
at org.openqa.selenium.remote.http.W3CHttpResponseCodec.decode(W3CHttpResponseCodec.java:49)
at org.openqa.selenium.remote.HttpCommandExecutor.execute(HttpCommandExecutor.java:158)
at org.openqa.selenium.remote.service.DriverCommandExecutor.execute(DriverCommandExecutor.java:83)
at org.openqa.selenium.remote.RemoteWebDriver.execute(RemoteWebDriver.java:552)
at org.openqa.selenium.remote.RemoteWebElement.execute(RemoteWebElement.java:285)
at org.openqa.selenium.remote.RemoteWebElement.isDisplayed(RemoteWebElement.java:326)
at org.openqa.selenium.support.ui.ExpectedConditions.elementIfVisible(ExpectedConditions.java:314)
at org.openqa.selenium.support.ui.ExpectedConditions.access$000(ExpectedConditions.java:43)
at org.openqa.selenium.support.ui.ExpectedConditions$10.apply(ExpectedConditions.java:300)
at org.openqa.selenium.support.ui.ExpectedConditions$10.apply(ExpectedConditions.java:297)
at org.openqa.selenium.support.ui.FluentWait.until(FluentWait.java:249)
at com.tetherfi.pages.BasePage.waitUntilWebElementListIsVisible(BasePage.java:139)
at com.tetherfi.pages.BasePage.selectDropdownFromVisibleText(BasePage.java:335)
at com.tetherfi.pages.OCMReportsPage.booleansearchold(OCMReportsPage.java:1186)
at com.tetherfi.pages.OCMReportsPage.verifyFaxTemplateDelete(OCMReportsPage.java:2499)
at com.tetherfi.test.fax.FaxTemplateDeleteTest.VerifyAuditTrailReportForSendForApproval(FaxTemplateDeleteTest.java:222)
at java.base/java.util.ArrayList.forEach(Unknown Source)
... Removed 30 stack frames]]>
    </failure>
  </testcase> <!-- VerifyAuditTrailReportForSendForApproval -->
  <testcase classname="com.tetherfi.test.fax.FaxTemplateDeleteTest" name="ApproveForDeleteFaxTemplateRecord" time="0.001">
    <skipped/>
  </testcase> <!-- ApproveForDeleteFaxTemplateRecord -->
  <testcase classname="com.tetherfi.test.fax.FaxTemplateDeleteTest" name="VerifyAuditTrailReportForApprove" time="0.0">
    <skipped/>
  </testcase> <!-- VerifyAuditTrailReportForApprove -->
</testsuite> <!-- FaxTemplateDeleteTest -->
