<?xml version="1.0" encoding="UTF-8"?>
<!-- Generated by org.testng.reporters.JUnitXMLReporter -->
<testsuite ignored="0" hostname="DESKTOP-O6A5C2O" failures="6" tests="16" name="IntroMessageAnnouncementUpdateTest" time="684.722" errors="0" timestamp="2020-04-16T12:37:23 IST">
  <testcase classname="com.tetherfi.test.ivr.IntroMessageAnnouncementUpdateTest" name="EditCancelIntroMessageAnnouncementRecord" time="9.004">
    <failure type="java.lang.AssertionError" message="Edit Cancel assertion Failed did not expect to find [true] but found [false]">
      <![CDATA[java.lang.AssertionError: Edit Cancel assertion Failed did not expect to find [true] but found [false]
at com.tetherfi.test.ivr.IntroMessageAnnouncementUpdateTest.EditCancelIntroMessageAnnouncementRecord(IntroMessageAnnouncementUpdateTest.java:75)
at java.base/java.util.ArrayList.forEach(Unknown Source)
... Removed 30 stack frames]]>
    </failure>
  </testcase> <!-- EditCancelIntroMessageAnnouncementRecord -->
  <testcase classname="com.tetherfi.test.ivr.IntroMessageAnnouncementUpdateTest" name="EditRecordWithoutModifyReason" time="10.847"/>
  <testcase classname="com.tetherfi.test.ivr.IntroMessageAnnouncementUpdateTest" name="EditRevertIntroMessageAnnouncementRecord" time="12.097"/>
  <testcase classname="com.tetherfi.test.ivr.IntroMessageAnnouncementUpdateTest" name="VerifyRevertForEditRecord" time="10.779">
    <failure type="java.lang.AssertionError" message="approval status details failed did not expect to find [true] but found [false]">
      <![CDATA[java.lang.AssertionError: approval status details failed did not expect to find [true] but found [false]
at com.tetherfi.test.ivr.IntroMessageAnnouncementUpdateTest.VerifyRevertForEditRecord(IntroMessageAnnouncementUpdateTest.java:105)
at java.base/java.util.ArrayList.forEach(Unknown Source)
... Removed 30 stack frames]]>
    </failure>
  </testcase> <!-- VerifyRevertForEditRecord -->
  <testcase classname="com.tetherfi.test.ivr.IntroMessageAnnouncementUpdateTest" name="VerifyAuditTrialReportForRevertUpdate" time="0.0">
    <skipped/>
  </testcase> <!-- VerifyAuditTrialReportForRevertUpdate -->
  <testcase classname="com.tetherfi.test.ivr.IntroMessageAnnouncementUpdateTest" name="EditRejectRecord" time="12.266"/>
  <testcase classname="com.tetherfi.test.ivr.IntroMessageAnnouncementUpdateTest" name="VerifySendForApprovalForEditRejectRecord" time="10.744">
    <failure type="java.lang.AssertionError" message="approal status details failed did not expect to find [true] but found [false]">
      <![CDATA[java.lang.AssertionError: approal status details failed did not expect to find [true] but found [false]
at com.tetherfi.test.ivr.IntroMessageAnnouncementUpdateTest.VerifySendForApprovalForEditRejectRecord(IntroMessageAnnouncementUpdateTest.java:139)
at java.base/java.util.ArrayList.forEach(Unknown Source)
... Removed 30 stack frames]]>
    </failure>
  </testcase> <!-- VerifySendForApprovalForEditRejectRecord -->
  <testcase classname="com.tetherfi.test.ivr.IntroMessageAnnouncementUpdateTest" name="RejectforEditIntroMessageAnnouncementRecord" time="0.0">
    <skipped/>
  </testcase> <!-- RejectforEditIntroMessageAnnouncementRecord -->
  <testcase classname="com.tetherfi.test.ivr.IntroMessageAnnouncementUpdateTest" name="VerifyAuditTrailReportForReject" time="0.0">
    <skipped/>
  </testcase> <!-- VerifyAuditTrailReportForReject -->
  <testcase classname="com.tetherfi.test.ivr.IntroMessageAnnouncementUpdateTest" name="EditIntroMessageAnnouncementRecord" time="12.376"/>
  <testcase classname="com.tetherfi.test.ivr.IntroMessageAnnouncementUpdateTest" name="VerifyAuditTrailDataForEditIntroMessageAnnouncementRecord" time="6.522"/>
  <testcase classname="com.tetherfi.test.ivr.IntroMessageAnnouncementUpdateTest" name="VerifyAuditTrialReportForUpdate" time="29.859"/>
  <testcase classname="com.tetherfi.test.ivr.IntroMessageAnnouncementUpdateTest" name="VerifySendForApprovalForRecord" time="11.739">
    <failure type="java.lang.AssertionError" message="approal status details failed did not expect to find [true] but found [false]">
      <![CDATA[java.lang.AssertionError: approal status details failed did not expect to find [true] but found [false]
at com.tetherfi.test.ivr.IntroMessageAnnouncementUpdateTest.VerifySendForApprovalForRecord(IntroMessageAnnouncementUpdateTest.java:207)
at java.base/java.util.ArrayList.forEach(Unknown Source)
... Removed 30 stack frames]]>
    </failure>
  </testcase> <!-- VerifySendForApprovalForRecord -->
  <testcase classname="com.tetherfi.test.ivr.IntroMessageAnnouncementUpdateTest" name="VerifyAuditTrialReportForSendForApprovalUpdate" time="29.86">
    <failure type="java.lang.AssertionError" message="did not expect to find [true] but found [false]">
      <![CDATA[java.lang.AssertionError: did not expect to find [true] but found [false]
at com.tetherfi.test.ivr.IntroMessageAnnouncementUpdateTest.VerifyAuditTrialReportForSendForApprovalUpdate(IntroMessageAnnouncementUpdateTest.java:222)
at java.base/java.util.ArrayList.forEach(Unknown Source)
... Removed 31 stack frames]]>
    </failure>
  </testcase> <!-- VerifyAuditTrialReportForSendForApprovalUpdate -->
  <testcase classname="com.tetherfi.test.ivr.IntroMessageAnnouncementUpdateTest" name="ApproveforEditIntroMessageAnnouncementRecord" time="10.331">
    <failure type="java.lang.AssertionError" message="did not expect to find [true] but found [false]">
      <![CDATA[java.lang.AssertionError: did not expect to find [true] but found [false]
at com.tetherfi.test.ivr.IntroMessageAnnouncementUpdateTest.ApproveforEditIntroMessageAnnouncementRecord(IntroMessageAnnouncementUpdateTest.java:230)
at java.base/java.util.ArrayList.forEach(Unknown Source)
... Removed 31 stack frames]]>
    </failure>
  </testcase> <!-- ApproveforEditIntroMessageAnnouncementRecord -->
  <testcase classname="com.tetherfi.test.ivr.IntroMessageAnnouncementUpdateTest" name="VerifyAuditTrailReportForApprove" time="0.0">
    <skipped/>
  </testcase> <!-- VerifyAuditTrailReportForApprove -->
</testsuite> <!-- IntroMessageAnnouncementUpdateTest -->
