<?xml version="1.0" encoding="UTF-8"?>
<!-- Generated by org.testng.reporters.JUnitXMLReporter -->
<testsuite ignored="0" hostname="DESKTOP-O6A5C2O" failures="10" tests="46" name="IVR VIPListManagementTest" time="646.252" errors="0" timestamp="2019-11-11T14:55:35 IST">
  <testcase classname="com.tetherfi.test.ivr.VIPListManagementTest" name="VIPListManagementPage" time="1.14"/>
  <testcase classname="com.tetherfi.test.ivr.VIPListManagementTest" name="VerifyDropdownForAllTheColumns" time="17.413"/>
  <testcase classname="com.tetherfi.test.ivr.VIPListManagementTest" name="VerifyColumnsHeaderEnable" time="7.807"/>
  <testcase classname="com.tetherfi.test.ivr.VIPListManagementTest" name="VerifyColumnsHeaderDisable" time="10.134"/>
  <testcase classname="com.tetherfi.test.ivr.VIPListManagementTest" name="AddNewVIPListRecord" time="9.965"/>
  <testcase classname="com.tetherfi.test.ivr.VIPListManagementTest" name="AddDuplicateVIPListRecord" time="7.036"/>
  <testcase classname="com.tetherfi.test.ivr.VIPListManagementTest" name="VerifyAuditTrialReportForCreate" time="21.691">
    <failure type="java.lang.AssertionError" message="did not expect to find [true] but found [false]">
      <![CDATA[java.lang.AssertionError: did not expect to find [true] but found [false]
at com.tetherfi.test.ivr.VIPListManagementTest.VerifyAuditTrialReportForCreate(VIPListManagementTest.java:111)
at java.base/java.util.ArrayList.forEach(Unknown Source)
... Removed 31 stack frames]]>
    </failure>
  </testcase> <!-- VerifyAuditTrialReportForCreate -->
  <testcase classname="com.tetherfi.test.ivr.VIPListManagementTest" name="AddEmptyRecord" time="41.035">
    <failure type="java.lang.AssertionError" message="did not expect to find [false] but found [true]">
      <![CDATA[java.lang.AssertionError: did not expect to find [false] but found [true]
at com.tetherfi.test.ivr.VIPListManagementTest.AddEmptyRecord(VIPListManagementTest.java:121)
at java.base/java.util.ArrayList.forEach(Unknown Source)
... Removed 31 stack frames]]>
    </failure>
  </testcase> <!-- AddEmptyRecord -->
  <testcase classname="com.tetherfi.test.ivr.VIPListManagementTest" name="AddRecordWithoutCallerID" time="6.719"/>
  <testcase classname="com.tetherfi.test.ivr.VIPListManagementTest" name="AddRecordWithoutEmailId" time="6.545"/>
  <testcase classname="com.tetherfi.test.ivr.VIPListManagementTest" name="AddRecordWithoutFBHandle" time="6.685">
    <failure type="java.lang.AssertionError" message="Add New record assertion failed expected [Record Created Successfully] but found [Record Creation Failed, Already Exist]">
      <![CDATA[java.lang.AssertionError: Add New record assertion failed expected [Record Created Successfully] but found [Record Creation Failed, Already Exist]
at com.tetherfi.test.ivr.VIPListManagementTest.AddRecordWithoutFBHandle(VIPListManagementTest.java:151)
at java.base/java.util.ArrayList.forEach(Unknown Source)
... Removed 31 stack frames]]>
    </failure>
  </testcase> <!-- AddRecordWithoutFBHandle -->
  <testcase classname="com.tetherfi.test.ivr.VIPListManagementTest" name="AddRecordWithoutMessengerID" time="6.605"/>
  <testcase classname="com.tetherfi.test.ivr.VIPListManagementTest" name="AddRecordWithoutCustomerIDType" time="6.158"/>
  <testcase classname="com.tetherfi.test.ivr.VIPListManagementTest" name="AddRecordWithoutCustomerIDNo" time="6.852"/>
  <testcase classname="com.tetherfi.test.ivr.VIPListManagementTest" name="AddRecordWithoutCountry" time="6.721"/>
  <testcase classname="com.tetherfi.test.ivr.VIPListManagementTest" name="AddRecordWithoutContactType" time="5.854"/>
  <testcase classname="com.tetherfi.test.ivr.VIPListManagementTest" name="AddRecordWithoutInclusionFlag" time="6.059"/>
  <testcase classname="com.tetherfi.test.ivr.VIPListManagementTest" name="AddRecordWithoutExclusionFlag" time="6.018"/>
  <testcase classname="com.tetherfi.test.ivr.VIPListManagementTest" name="AddRecordWithoutOtherData" time="6.723"/>
  <testcase classname="com.tetherfi.test.ivr.VIPListManagementTest" name="VerifySearchIsNotEqualTo" time="3.404">
    <failure type="org.openqa.selenium.StaleElementReferenceException" message="stale element reference: element is not attached to the page document
  (Session info: chrome=78.0.3904.97)
For documentation on this error, please visit: https://www.seleniumhq.org/exceptions/stale_element_reference.html
Build info: version: &amp;apos;3.141.59&amp;apos;, revision: &amp;apos;e82be7d358&amp;apos;, time: &amp;apos;2018-11-14T08:17:03&amp;apos;
System info: host: &amp;apos;DESKTOP-O6A5C2O&amp;apos;, ip: &amp;apos;10.0.75.1&amp;apos;, os.name: &amp;apos;Windows 10&amp;apos;, os.arch: &amp;apos;amd64&amp;apos;, os.version: &amp;apos;10.0&amp;apos;, java.version: &amp;apos;9.0.4&amp;apos;
Driver info: org.openqa.selenium.chrome.ChromeDriver
Capabilities {acceptInsecureCerts: false, browserName: chrome, browserVersion: 78.0.3904.97, chrome: {chromedriverVersion: 78.0.3904.70 (edb9c9f3de024..., userDataDir: C:\Users\admin\AppData\Loca...}, goog:chromeOptions: {debuggerAddress: localhost:61020}, javascriptEnabled: true, networkConnectionEnabled: false, pageLoadStrategy: normal, platform: XP, platformName: XP, proxy: Proxy(), setWindowRect: true, strictFileInteractability: false, timeouts: {implicit: 0, pageLoad: 300000, script: 30000}, unhandledPromptBehavior: dismiss and notify}
Session ID: c12f8a0b6aeea815124e65f9b8774f80
*** Element info: {Using=tag name, value=td}">
      <![CDATA[org.openqa.selenium.StaleElementReferenceException: stale element reference: element is not attached to the page document
  (Session info: chrome=78.0.3904.97)
For documentation on this error, please visit: https://www.seleniumhq.org/exceptions/stale_element_reference.html
Build info: version: '3.141.59', revision: 'e82be7d358', time: '2018-11-14T08:17:03'
System info: host: 'DESKTOP-O6A5C2O', ip: '10.0.75.1', os.name: 'Windows 10', os.arch: 'amd64', os.version: '10.0', java.version: '9.0.4'
Driver info: org.openqa.selenium.chrome.ChromeDriver
Capabilities {acceptInsecureCerts: false, browserName: chrome, browserVersion: 78.0.3904.97, chrome: {chromedriverVersion: 78.0.3904.70 (edb9c9f3de024..., userDataDir: C:\Users\admin\AppData\Loca...}, goog:chromeOptions: {debuggerAddress: localhost:61020}, javascriptEnabled: true, networkConnectionEnabled: false, pageLoadStrategy: normal, platform: XP, platformName: XP, proxy: Proxy(), setWindowRect: true, strictFileInteractability: false, timeouts: {implicit: 0, pageLoad: 300000, script: 30000}, unhandledPromptBehavior: dismiss and notify}
Session ID: c12f8a0b6aeea815124e65f9b8774f80
*** Element info: {Using=tag name, value=td}
at org.openqa.selenium.remote.http.W3CHttpResponseCodec.createException(W3CHttpResponseCodec.java:187)
at org.openqa.selenium.remote.http.W3CHttpResponseCodec.decode(W3CHttpResponseCodec.java:122)
at org.openqa.selenium.remote.http.W3CHttpResponseCodec.decode(W3CHttpResponseCodec.java:49)
at org.openqa.selenium.remote.HttpCommandExecutor.execute(HttpCommandExecutor.java:158)
at org.openqa.selenium.remote.service.DriverCommandExecutor.execute(DriverCommandExecutor.java:83)
at org.openqa.selenium.remote.RemoteWebDriver.execute(RemoteWebDriver.java:552)
at org.openqa.selenium.remote.RemoteWebElement.execute(RemoteWebElement.java:285)
at org.openqa.selenium.remote.RemoteWebElement.findElements(RemoteWebElement.java:204)
at org.openqa.selenium.remote.RemoteWebElement.findElementsByTagName(RemoteWebElement.java:281)
at org.openqa.selenium.By$ByTagName.findElements(By.java:312)
at org.openqa.selenium.remote.RemoteWebElement.findElements(RemoteWebElement.java:177)
at com.tetherfi.pages.VipListManagementPage.gettable(VipListManagementPage.java:386)
at com.tetherfi.pages.VipListManagementPage.verifySearchIsNotEqualTo(VipListManagementPage.java:978)
at com.tetherfi.test.ivr.VIPListManagementTest.VerifySearchIsNotEqualTo(VIPListManagementTest.java:240)
at java.base/java.util.ArrayList.forEach(Unknown Source)
... Removed 31 stack frames]]>
    </failure>
  </testcase> <!-- VerifySearchIsNotEqualTo -->
  <testcase classname="com.tetherfi.test.ivr.VIPListManagementTest" name="VerifySearchContains" time="3.312">
    <failure type="org.openqa.selenium.StaleElementReferenceException" message="stale element reference: element is not attached to the page document
  (Session info: chrome=78.0.3904.97)
For documentation on this error, please visit: https://www.seleniumhq.org/exceptions/stale_element_reference.html
Build info: version: &amp;apos;3.141.59&amp;apos;, revision: &amp;apos;e82be7d358&amp;apos;, time: &amp;apos;2018-11-14T08:17:03&amp;apos;
System info: host: &amp;apos;DESKTOP-O6A5C2O&amp;apos;, ip: &amp;apos;10.0.75.1&amp;apos;, os.name: &amp;apos;Windows 10&amp;apos;, os.arch: &amp;apos;amd64&amp;apos;, os.version: &amp;apos;10.0&amp;apos;, java.version: &amp;apos;9.0.4&amp;apos;
Driver info: org.openqa.selenium.chrome.ChromeDriver
Capabilities {acceptInsecureCerts: false, browserName: chrome, browserVersion: 78.0.3904.97, chrome: {chromedriverVersion: 78.0.3904.70 (edb9c9f3de024..., userDataDir: C:\Users\admin\AppData\Loca...}, goog:chromeOptions: {debuggerAddress: localhost:61020}, javascriptEnabled: true, networkConnectionEnabled: false, pageLoadStrategy: normal, platform: XP, platformName: XP, proxy: Proxy(), setWindowRect: true, strictFileInteractability: false, timeouts: {implicit: 0, pageLoad: 300000, script: 30000}, unhandledPromptBehavior: dismiss and notify}
Session ID: c12f8a0b6aeea815124e65f9b8774f80">
      <![CDATA[org.openqa.selenium.StaleElementReferenceException: stale element reference: element is not attached to the page document
  (Session info: chrome=78.0.3904.97)
For documentation on this error, please visit: https://www.seleniumhq.org/exceptions/stale_element_reference.html
Build info: version: '3.141.59', revision: 'e82be7d358', time: '2018-11-14T08:17:03'
System info: host: 'DESKTOP-O6A5C2O', ip: '10.0.75.1', os.name: 'Windows 10', os.arch: 'amd64', os.version: '10.0', java.version: '9.0.4'
Driver info: org.openqa.selenium.chrome.ChromeDriver
Capabilities {acceptInsecureCerts: false, browserName: chrome, browserVersion: 78.0.3904.97, chrome: {chromedriverVersion: 78.0.3904.70 (edb9c9f3de024..., userDataDir: C:\Users\admin\AppData\Loca...}, goog:chromeOptions: {debuggerAddress: localhost:61020}, javascriptEnabled: true, networkConnectionEnabled: false, pageLoadStrategy: normal, platform: XP, platformName: XP, proxy: Proxy(), setWindowRect: true, strictFileInteractability: false, timeouts: {implicit: 0, pageLoad: 300000, script: 30000}, unhandledPromptBehavior: dismiss and notify}
Session ID: c12f8a0b6aeea815124e65f9b8774f80
at org.openqa.selenium.remote.http.W3CHttpResponseCodec.createException(W3CHttpResponseCodec.java:187)
at org.openqa.selenium.remote.http.W3CHttpResponseCodec.decode(W3CHttpResponseCodec.java:122)
at org.openqa.selenium.remote.http.W3CHttpResponseCodec.decode(W3CHttpResponseCodec.java:49)
at org.openqa.selenium.remote.HttpCommandExecutor.execute(HttpCommandExecutor.java:158)
at org.openqa.selenium.remote.service.DriverCommandExecutor.execute(DriverCommandExecutor.java:83)
at org.openqa.selenium.remote.RemoteWebDriver.execute(RemoteWebDriver.java:552)
at org.openqa.selenium.remote.RemoteWebElement.execute(RemoteWebElement.java:285)
at org.openqa.selenium.remote.RemoteWebElement.getText(RemoteWebElement.java:166)
at com.tetherfi.pages.VipListManagementPage.gettable(VipListManagementPage.java:401)
at com.tetherfi.pages.VipListManagementPage.verifySearchContains(VipListManagementPage.java:1000)
at com.tetherfi.test.ivr.VIPListManagementTest.VerifySearchContains(VIPListManagementTest.java:249)
at java.base/java.util.ArrayList.forEach(Unknown Source)
... Removed 31 stack frames]]>
    </failure>
  </testcase> <!-- VerifySearchContains -->
  <testcase classname="com.tetherfi.test.ivr.VIPListManagementTest" name="VerifySearchDoesNotContains" time="8.117"/>
  <testcase classname="com.tetherfi.test.ivr.VIPListManagementTest" name="VerifySearchStartsWith" time="4.067"/>
  <testcase classname="com.tetherfi.test.ivr.VIPListManagementTest" name="VerifySearchEndsWith" time="8.811"/>
  <testcase classname="com.tetherfi.test.ivr.VIPListManagementTest" name="VerifyCancelBtnAtAddRecord" time="3.791">
    <failure type="java.lang.AssertionError" message="Cancel Btn at Add record assertion failed did not expect to find [false] but found [true]">
      <![CDATA[java.lang.AssertionError: Cancel Btn at Add record assertion failed did not expect to find [false] but found [true]
at com.tetherfi.test.ivr.VIPListManagementTest.VerifyCancelBtnAtAddRecord(VIPListManagementTest.java:281)
at java.base/java.util.ArrayList.forEach(Unknown Source)
... Removed 30 stack frames]]>
    </failure>
  </testcase> <!-- VerifyCancelBtnAtAddRecord -->
  <testcase classname="com.tetherfi.test.ivr.VIPListManagementTest" name="EditVIPListRecord" time="5.237"/>
  <testcase classname="com.tetherfi.test.ivr.VIPListManagementTest" name="VerifyAuditTrialReportForUpdate" time="27.83">
    <failure type="java.lang.NullPointerException">
      <![CDATA[java.lang.NullPointerException
at com.tetherfi.pages.OCMReportsPage.verifyVIPListManagementUpdate(OCMReportsPage.java:3401)
at com.tetherfi.test.ivr.VIPListManagementTest.VerifyAuditTrialReportForUpdate(VIPListManagementTest.java:306)
at java.base/java.util.ArrayList.forEach(Unknown Source)
... Removed 27 stack frames]]>
    </failure>
  </testcase> <!-- VerifyAuditTrialReportForUpdate -->
  <testcase classname="com.tetherfi.test.ivr.VIPListManagementTest" name="EditWithoutModifyReasonRecord" time="4.319"/>
  <testcase classname="com.tetherfi.test.ivr.VIPListManagementTest" name="VerifyCancelBtnAtEditConfigRecord" time="7.161">
    <failure type="java.lang.AssertionError" message="Cancel Btn at Edit record assertion failed did not expect to find [false] but found [true]">
      <![CDATA[java.lang.AssertionError: Cancel Btn at Edit record assertion failed did not expect to find [false] but found [true]
at com.tetherfi.test.ivr.VIPListManagementTest.VerifyCancelBtnAtEditConfigRecord(VIPListManagementTest.java:325)
at java.base/java.util.ArrayList.forEach(Unknown Source)
... Removed 30 stack frames]]>
    </failure>
  </testcase> <!-- VerifyCancelBtnAtEditConfigRecord -->
  <testcase classname="com.tetherfi.test.ivr.VIPListManagementTest" name="searchPage" time="3.425"/>
  <testcase classname="com.tetherfi.test.ivr.VIPListManagementTest" name="searchwithoutSearchTextbox" time="3.503"/>
  <testcase classname="com.tetherfi.test.ivr.VIPListManagementTest" name="ExportToExcel" time="2.773"/>
  <testcase classname="com.tetherfi.test.ivr.VIPListManagementTest" name="ExportToExcelData" time="4.176"/>
  <testcase classname="com.tetherfi.test.ivr.VIPListManagementTest" name="DeleteWithoutDeleteReasonRecord" time="3.211">
    <failure type="org.openqa.selenium.StaleElementReferenceException" message="stale element reference: element is not attached to the page document
  (Session info: chrome=78.0.3904.97)
For documentation on this error, please visit: https://www.seleniumhq.org/exceptions/stale_element_reference.html
Build info: version: &amp;apos;3.141.59&amp;apos;, revision: &amp;apos;e82be7d358&amp;apos;, time: &amp;apos;2018-11-14T08:17:03&amp;apos;
System info: host: &amp;apos;DESKTOP-O6A5C2O&amp;apos;, ip: &amp;apos;10.0.75.1&amp;apos;, os.name: &amp;apos;Windows 10&amp;apos;, os.arch: &amp;apos;amd64&amp;apos;, os.version: &amp;apos;10.0&amp;apos;, java.version: &amp;apos;9.0.4&amp;apos;
Driver info: org.openqa.selenium.chrome.ChromeDriver
Capabilities {acceptInsecureCerts: false, browserName: chrome, browserVersion: 78.0.3904.97, chrome: {chromedriverVersion: 78.0.3904.70 (edb9c9f3de024..., userDataDir: C:\Users\admin\AppData\Loca...}, goog:chromeOptions: {debuggerAddress: localhost:61020}, javascriptEnabled: true, networkConnectionEnabled: false, pageLoadStrategy: normal, platform: XP, platformName: XP, proxy: Proxy(), setWindowRect: true, strictFileInteractability: false, timeouts: {implicit: 0, pageLoad: 300000, script: 30000}, unhandledPromptBehavior: dismiss and notify}
Session ID: c12f8a0b6aeea815124e65f9b8774f80">
      <![CDATA[org.openqa.selenium.StaleElementReferenceException: stale element reference: element is not attached to the page document
  (Session info: chrome=78.0.3904.97)
For documentation on this error, please visit: https://www.seleniumhq.org/exceptions/stale_element_reference.html
Build info: version: '3.141.59', revision: 'e82be7d358', time: '2018-11-14T08:17:03'
System info: host: 'DESKTOP-O6A5C2O', ip: '10.0.75.1', os.name: 'Windows 10', os.arch: 'amd64', os.version: '10.0', java.version: '9.0.4'
Driver info: org.openqa.selenium.chrome.ChromeDriver
Capabilities {acceptInsecureCerts: false, browserName: chrome, browserVersion: 78.0.3904.97, chrome: {chromedriverVersion: 78.0.3904.70 (edb9c9f3de024..., userDataDir: C:\Users\admin\AppData\Loca...}, goog:chromeOptions: {debuggerAddress: localhost:61020}, javascriptEnabled: true, networkConnectionEnabled: false, pageLoadStrategy: normal, platform: XP, platformName: XP, proxy: Proxy(), setWindowRect: true, strictFileInteractability: false, timeouts: {implicit: 0, pageLoad: 300000, script: 30000}, unhandledPromptBehavior: dismiss and notify}
Session ID: c12f8a0b6aeea815124e65f9b8774f80
at org.openqa.selenium.remote.http.W3CHttpResponseCodec.createException(W3CHttpResponseCodec.java:187)
at org.openqa.selenium.remote.http.W3CHttpResponseCodec.decode(W3CHttpResponseCodec.java:122)
at org.openqa.selenium.remote.http.W3CHttpResponseCodec.decode(W3CHttpResponseCodec.java:49)
at org.openqa.selenium.remote.HttpCommandExecutor.execute(HttpCommandExecutor.java:158)
at org.openqa.selenium.remote.service.DriverCommandExecutor.execute(DriverCommandExecutor.java:83)
at org.openqa.selenium.remote.RemoteWebDriver.execute(RemoteWebDriver.java:552)
at org.openqa.selenium.remote.RemoteWebElement.execute(RemoteWebElement.java:285)
at org.openqa.selenium.remote.RemoteWebElement.isDisplayed(RemoteWebElement.java:326)
at org.openqa.selenium.support.pagefactory.internal.LocatingElementHandler.invoke(LocatingElementHandler.java:51)
at com.sun.proxy.$Proxy16.isDisplayed(Unknown Source)
at org.openqa.selenium.support.ui.ExpectedConditions.elementIfVisible(ExpectedConditions.java:314)
at org.openqa.selenium.support.ui.ExpectedConditions.access$000(ExpectedConditions.java:43)
at org.openqa.selenium.support.ui.ExpectedConditions$10.apply(ExpectedConditions.java:300)
at org.openqa.selenium.support.ui.ExpectedConditions$10.apply(ExpectedConditions.java:297)
at org.openqa.selenium.support.ui.ExpectedConditions$23.apply(ExpectedConditions.java:670)
at org.openqa.selenium.support.ui.ExpectedConditions$23.apply(ExpectedConditions.java:666)
at org.openqa.selenium.support.ui.FluentWait.until(FluentWait.java:249)
at com.tetherfi.pages.BasePage.waitUntilWebElementIsClickable(BasePage.java:259)
at com.tetherfi.pages.BasePage.selectWebElement(BasePage.java:199)
at com.tetherfi.pages.VipListManagementPage.deleteVIPListWithoutDeleteReasonRecord(VipListManagementPage.java:1138)
at com.tetherfi.test.ivr.VIPListManagementTest.DeleteWithoutDeleteReasonRecord(VIPListManagementTest.java:368)
at java.base/java.util.ArrayList.forEach(Unknown Source)
... Removed 34 stack frames]]>
    </failure>
  </testcase> <!-- DeleteWithoutDeleteReasonRecord -->
  <testcase classname="com.tetherfi.test.ivr.VIPListManagementTest" name="VerifyCancelBtnAtDeleteVIPListRecord" time="46.557"/>
  <testcase classname="com.tetherfi.test.ivr.VIPListManagementTest" name="DeleteVIPListRecord" time="4.396"/>
  <testcase classname="com.tetherfi.test.ivr.VIPListManagementTest" name="VerifyAuditTrialReportForDelete" time="22.099"/>
  <testcase classname="com.tetherfi.test.ivr.VIPListManagementTest" name="SearchClearSearch" time="3.304"/>
  <testcase classname="com.tetherfi.test.ivr.VIPListManagementTest" name="ExporttoExcelWithoutData" time="4.427"/>
  <testcase classname="com.tetherfi.test.ivr.VIPListManagementTest" name="SortingByAscending" time="6.689"/>
  <testcase classname="com.tetherfi.test.ivr.VIPListManagementTest" name="SortingByDescending" time="6.894"/>
  <testcase classname="com.tetherfi.test.ivr.VIPListManagementTest" name="GroupBy" time="2.886"/>
  <testcase classname="com.tetherfi.test.ivr.VIPListManagementTest" name="VerifyArrowMoveForPreviousAndNextPage" time="0.027"/>
  <testcase classname="com.tetherfi.test.ivr.VIPListManagementTest" name="VerifyArrowMoveForFirstAndLastPage" time="0.027"/>
  <testcase classname="com.tetherfi.test.ivr.VIPListManagementTest" name="VerifyTotalNumberOfItemsPerPageDetails" time="0.033"/>
  <testcase classname="com.tetherfi.test.ivr.VIPListManagementTest" name="database" time="5.192">
    <failure type="java.lang.AssertionError" message="did not expect to find [true] but found [false]">
      <![CDATA[java.lang.AssertionError: did not expect to find [true] but found [false]
at com.tetherfi.test.ivr.VIPListManagementTest.database(VIPListManagementTest.java:485)
at java.base/java.util.ArrayList.forEach(Unknown Source)
... Removed 31 stack frames]]>
    </failure>
  </testcase> <!-- database -->
</testsuite> <!-- IVR VIPListManagementTest -->
