<?xml version="1.0" encoding="UTF-8"?>
<!-- Generated by org.testng.reporters.JUnitXMLReporter -->
<testsuite ignored="0" hostname="DESKTOP-O6A5C2O" failures="3" tests="40" name="IVR OperatingHoursTest" time="307.896" errors="0" timestamp="2019-11-11T14:35:40 IST">
  <testcase classname="com.tetherfi.test.ivr.OperatingHoursTest" name="OperatingHoursPage" time="1.227"/>
  <testcase classname="com.tetherfi.test.ivr.OperatingHoursTest" name="AddNewOperatingHoursRecord" time="103.431">
    <failure type="org.openqa.selenium.TimeoutException" message="Expected condition failed: waiting for text (&amp;apos;Record Created Successfully&amp;apos;) to be present in element Proxy element for: DefaultElementLocator &amp;apos;By.cssSelector: .toast-message&amp;apos; (tried for 20 second(s) with 500 milliseconds interval)">
      <![CDATA[org.openqa.selenium.TimeoutException: Expected condition failed: waiting for text ('Record Created Successfully') to be present in element Proxy element for: DefaultElementLocator 'By.cssSelector: .toast-message' (tried for 20 second(s) with 500 milliseconds interval)
at org.openqa.selenium.support.ui.WebDriverWait.timeoutException(WebDriverWait.java:95)
at org.openqa.selenium.support.ui.FluentWait.until(FluentWait.java:272)
at com.tetherfi.pages.BasePage.waitUntilTextToBePresentInWebElement(BasePage.java:146)
at com.tetherfi.pages.OperatingHoursPage.verifyNewRecordCreated(OperatingHoursPage.java:481)
at com.tetherfi.test.ivr.OperatingHoursTest.AddNewOperatingHoursRecord(OperatingHoursTest.java:59)
at java.base/java.util.ArrayList.forEach(Unknown Source)
Caused by: org.openqa.selenium.NoSuchElementException: no such element: Unable to locate element: {"method":"css selector","selector":".toast-message"}
  (Session info: chrome=78.0.3904.97)
For documentation on this error, please visit: https://www.seleniumhq.org/exceptions/no_such_element.html
Build info: version: '3.141.59', revision: 'e82be7d358', time: '2018-11-14T08:17:03'
System info: host: 'DESKTOP-O6A5C2O', ip: '10.0.75.1', os.name: 'Windows 10', os.arch: 'amd64', os.version: '10.0', java.version: '9.0.4'
Driver info: org.openqa.selenium.chrome.ChromeDriver
Capabilities {acceptInsecureCerts: false, browserName: chrome, browserVersion: 78.0.3904.97, chrome: {chromedriverVersion: 78.0.3904.70 (edb9c9f3de024..., userDataDir: C:\Users\admin\AppData\Loca...}, goog:chromeOptions: {debuggerAddress: localhost:60346}, javascriptEnabled: true, networkConnectionEnabled: false, pageLoadStrategy: normal, platform: XP, platformName: XP, proxy: Proxy(), setWindowRect: true, strictFileInteractability: false, timeouts: {implicit: 0, pageLoad: 300000, script: 30000}, unhandledPromptBehavior: dismiss and notify}
Session ID: b25955a65783c651c24dc1976aeb1499
*** Element info: {Using=css selector, value=.toast-message}
at org.openqa.selenium.remote.http.W3CHttpResponseCodec.createException(W3CHttpResponseCodec.java:187)
at org.openqa.selenium.remote.http.W3CHttpResponseCodec.decode(W3CHttpResponseCodec.java:122)
at org.openqa.selenium.remote.http.W3CHttpResponseCodec.decode(W3CHttpResponseCodec.java:49)
at org.openqa.selenium.remote.HttpCommandExecutor.execute(HttpCommandExecutor.java:158)
at org.openqa.selenium.remote.service.DriverCommandExecutor.execute(DriverCommandExecutor.java:83)
at org.openqa.selenium.remote.RemoteWebDriver.execute(RemoteWebDriver.java:552)
at org.openqa.selenium.remote.RemoteWebDriver.findElement(RemoteWebDriver.java:323)
at org.openqa.selenium.remote.RemoteWebDriver.findElementByCssSelector(RemoteWebDriver.java:420)
at org.openqa.selenium.By$ByCssSelector.findElement(By.java:431)
at org.openqa.selenium.remote.RemoteWebDriver.findElement(RemoteWebDriver.java:315)
at org.openqa.selenium.support.pagefactory.DefaultElementLocator.findElement(DefaultElementLocator.java:69)
at org.openqa.selenium.support.pagefactory.internal.LocatingElementHandler.invoke(LocatingElementHandler.java:38)
at com.sun.proxy.$Proxy16.getText(Unknown Source)
at org.openqa.selenium.support.ui.ExpectedConditions$12.apply(ExpectedConditions.java:353)
at org.openqa.selenium.support.ui.ExpectedConditions$12.apply(ExpectedConditions.java:349)
at org.openqa.selenium.support.ui.FluentWait.until(FluentWait.java:249)
... 31 more
... Removed 31 stack frames]]>
    </failure>
  </testcase> <!-- AddNewOperatingHoursRecord -->
  <testcase classname="com.tetherfi.test.ivr.OperatingHoursTest" name="AddAlldaysOperatingHoursRecord" time="91.951">
    <failure type="org.openqa.selenium.TimeoutException" message="Expected condition failed: waiting for text (&amp;apos;Record Created Successfully&amp;apos;) to be present in element Proxy element for: DefaultElementLocator &amp;apos;By.cssSelector: .toast-message&amp;apos; (tried for 20 second(s) with 500 milliseconds interval)">
      <![CDATA[org.openqa.selenium.TimeoutException: Expected condition failed: waiting for text ('Record Created Successfully') to be present in element Proxy element for: DefaultElementLocator 'By.cssSelector: .toast-message' (tried for 20 second(s) with 500 milliseconds interval)
at org.openqa.selenium.support.ui.WebDriverWait.timeoutException(WebDriverWait.java:95)
at org.openqa.selenium.support.ui.FluentWait.until(FluentWait.java:272)
at com.tetherfi.pages.BasePage.waitUntilTextToBePresentInWebElement(BasePage.java:146)
at com.tetherfi.pages.OperatingHoursPage.verifyNewRecordCreated(OperatingHoursPage.java:481)
at com.tetherfi.test.ivr.OperatingHoursTest.AddAlldaysOperatingHoursRecord(OperatingHoursTest.java:70)
at java.base/java.util.ArrayList.forEach(Unknown Source)
Caused by: org.openqa.selenium.NoSuchElementException: no such element: Unable to locate element: {"method":"css selector","selector":".toast-message"}
  (Session info: chrome=78.0.3904.97)
For documentation on this error, please visit: https://www.seleniumhq.org/exceptions/no_such_element.html
Build info: version: '3.141.59', revision: 'e82be7d358', time: '2018-11-14T08:17:03'
System info: host: 'DESKTOP-O6A5C2O', ip: '10.0.75.1', os.name: 'Windows 10', os.arch: 'amd64', os.version: '10.0', java.version: '9.0.4'
Driver info: org.openqa.selenium.chrome.ChromeDriver
Capabilities {acceptInsecureCerts: false, browserName: chrome, browserVersion: 78.0.3904.97, chrome: {chromedriverVersion: 78.0.3904.70 (edb9c9f3de024..., userDataDir: C:\Users\admin\AppData\Loca...}, goog:chromeOptions: {debuggerAddress: localhost:60346}, javascriptEnabled: true, networkConnectionEnabled: false, pageLoadStrategy: normal, platform: XP, platformName: XP, proxy: Proxy(), setWindowRect: true, strictFileInteractability: false, timeouts: {implicit: 0, pageLoad: 300000, script: 30000}, unhandledPromptBehavior: dismiss and notify}
Session ID: b25955a65783c651c24dc1976aeb1499
*** Element info: {Using=css selector, value=.toast-message}
at org.openqa.selenium.remote.http.W3CHttpResponseCodec.createException(W3CHttpResponseCodec.java:187)
at org.openqa.selenium.remote.http.W3CHttpResponseCodec.decode(W3CHttpResponseCodec.java:122)
at org.openqa.selenium.remote.http.W3CHttpResponseCodec.decode(W3CHttpResponseCodec.java:49)
at org.openqa.selenium.remote.HttpCommandExecutor.execute(HttpCommandExecutor.java:158)
at org.openqa.selenium.remote.service.DriverCommandExecutor.execute(DriverCommandExecutor.java:83)
at org.openqa.selenium.remote.RemoteWebDriver.execute(RemoteWebDriver.java:552)
at org.openqa.selenium.remote.RemoteWebDriver.findElement(RemoteWebDriver.java:323)
at org.openqa.selenium.remote.RemoteWebDriver.findElementByCssSelector(RemoteWebDriver.java:420)
at org.openqa.selenium.By$ByCssSelector.findElement(By.java:431)
at org.openqa.selenium.remote.RemoteWebDriver.findElement(RemoteWebDriver.java:315)
at org.openqa.selenium.support.pagefactory.DefaultElementLocator.findElement(DefaultElementLocator.java:69)
at org.openqa.selenium.support.pagefactory.internal.LocatingElementHandler.invoke(LocatingElementHandler.java:38)
at com.sun.proxy.$Proxy16.getText(Unknown Source)
at org.openqa.selenium.support.ui.ExpectedConditions$12.apply(ExpectedConditions.java:353)
at org.openqa.selenium.support.ui.ExpectedConditions$12.apply(ExpectedConditions.java:349)
at org.openqa.selenium.support.ui.FluentWait.until(FluentWait.java:249)
... 31 more
... Removed 31 stack frames]]>
    </failure>
  </testcase> <!-- AddAlldaysOperatingHoursRecord -->
  <testcase classname="com.tetherfi.test.ivr.OperatingHoursTest" name="AddLeavingFieldsBlank" time="41.137">
    <failure type="java.lang.AssertionError" message="did not expect to find [false] but found [true]">
      <![CDATA[java.lang.AssertionError: did not expect to find [false] but found [true]
at com.tetherfi.test.ivr.OperatingHoursTest.AddLeavingFieldsBlank(OperatingHoursTest.java:81)
at java.base/java.util.ArrayList.forEach(Unknown Source)
... Removed 31 stack frames]]>
    </failure>
  </testcase> <!-- AddLeavingFieldsBlank -->
  <testcase classname="com.tetherfi.test.ivr.OperatingHoursTest" name="AddLeavingVDNBlankBlank" time="9.047"/>
  <testcase classname="com.tetherfi.test.ivr.OperatingHoursTest" name="AddLeavingWeekDayFieldsBlank" time="0.0">
    <skipped/>
  </testcase> <!-- AddLeavingWeekDayFieldsBlank -->
  <testcase classname="com.tetherfi.test.ivr.OperatingHoursTest" name="AddLeavingStartTimeFieldsBlank" time="0.0">
    <skipped/>
  </testcase> <!-- AddLeavingStartTimeFieldsBlank -->
  <testcase classname="com.tetherfi.test.ivr.OperatingHoursTest" name="AddLeavingEndTimeFieldsBlank" time="0.0">
    <skipped/>
  </testcase> <!-- AddLeavingEndTimeFieldsBlank -->
  <testcase classname="com.tetherfi.test.ivr.OperatingHoursTest" name="AddLeavingBypassPublicHolidayFieldsBlank" time="0.0">
    <skipped/>
  </testcase> <!-- AddLeavingBypassPublicHolidayFieldsBlank -->
  <testcase classname="com.tetherfi.test.ivr.OperatingHoursTest" name="AddDuplicateRecord" time="0.0">
    <skipped/>
  </testcase> <!-- AddDuplicateRecord -->
  <testcase classname="com.tetherfi.test.ivr.OperatingHoursTest" name="AddInvalidVDNRecord" time="0.0">
    <skipped/>
  </testcase> <!-- AddInvalidVDNRecord -->
  <testcase classname="com.tetherfi.test.ivr.OperatingHoursTest" name="AddInvalidStartTimeRecord" time="0.0">
    <skipped/>
  </testcase> <!-- AddInvalidStartTimeRecord -->
  <testcase classname="com.tetherfi.test.ivr.OperatingHoursTest" name="AddInvalidStartAndEndTimeRecord" time="0.0">
    <skipped/>
  </testcase> <!-- AddInvalidStartAndEndTimeRecord -->
  <testcase classname="com.tetherfi.test.ivr.OperatingHoursTest" name="EditOperatingHoursCancelRecord" time="0.0">
    <skipped/>
  </testcase> <!-- EditOperatingHoursCancelRecord -->
  <testcase classname="com.tetherfi.test.ivr.OperatingHoursTest" name="EditOperatingHoursRecord" time="0.0">
    <skipped/>
  </testcase> <!-- EditOperatingHoursRecord -->
  <testcase classname="com.tetherfi.test.ivr.OperatingHoursTest" name="EditInvalidRecord" time="0.0">
    <skipped/>
  </testcase> <!-- EditInvalidRecord -->
  <testcase classname="com.tetherfi.test.ivr.OperatingHoursTest" name="EditRecordWithoutReason" time="0.0">
    <skipped/>
  </testcase> <!-- EditRecordWithoutReason -->
  <testcase classname="com.tetherfi.test.ivr.OperatingHoursTest" name="searchPage" time="0.0">
    <skipped/>
  </testcase> <!-- searchPage -->
  <testcase classname="com.tetherfi.test.ivr.OperatingHoursTest" name="VerifySearchIsNotEqualTo" time="0.0">
    <skipped/>
  </testcase> <!-- VerifySearchIsNotEqualTo -->
  <testcase classname="com.tetherfi.test.ivr.OperatingHoursTest" name="VerifySearchContains" time="0.0">
    <skipped/>
  </testcase> <!-- VerifySearchContains -->
  <testcase classname="com.tetherfi.test.ivr.OperatingHoursTest" name="VerifySearchDoesNotContains" time="0.0">
    <skipped/>
  </testcase> <!-- VerifySearchDoesNotContains -->
  <testcase classname="com.tetherfi.test.ivr.OperatingHoursTest" name="VerifySearchStartsWith" time="0.0">
    <skipped/>
  </testcase> <!-- VerifySearchStartsWith -->
  <testcase classname="com.tetherfi.test.ivr.OperatingHoursTest" name="VerifySearchEndsWith" time="0.0">
    <skipped/>
  </testcase> <!-- VerifySearchEndsWith -->
  <testcase classname="com.tetherfi.test.ivr.OperatingHoursTest" name="SearchClearSearch" time="0.0">
    <skipped/>
  </testcase> <!-- SearchClearSearch -->
  <testcase classname="com.tetherfi.test.ivr.OperatingHoursTest" name="ExportToExcel" time="0.0">
    <skipped/>
  </testcase> <!-- ExportToExcel -->
  <testcase classname="com.tetherfi.test.ivr.OperatingHoursTest" name="ExportToExcelData" time="0.0">
    <skipped/>
  </testcase> <!-- ExportToExcelData -->
  <testcase classname="com.tetherfi.test.ivr.OperatingHoursTest" name="ExporttoExcelWithoutData" time="0.0">
    <skipped/>
  </testcase> <!-- ExporttoExcelWithoutData -->
  <testcase classname="com.tetherfi.test.ivr.OperatingHoursTest" name="SortingByAscending" time="0.0">
    <skipped/>
  </testcase> <!-- SortingByAscending -->
  <testcase classname="com.tetherfi.test.ivr.OperatingHoursTest" name="SortingByDescending" time="0.0">
    <skipped/>
  </testcase> <!-- SortingByDescending -->
  <testcase classname="com.tetherfi.test.ivr.OperatingHoursTest" name="GroupBy" time="0.0">
    <skipped/>
  </testcase> <!-- GroupBy -->
  <testcase classname="com.tetherfi.test.ivr.OperatingHoursTest" name="VerifyArrowMoveForPreviousAndNextPage" time="0.0">
    <skipped/>
  </testcase> <!-- VerifyArrowMoveForPreviousAndNextPage -->
  <testcase classname="com.tetherfi.test.ivr.OperatingHoursTest" name="VerifyArrowMoveForFirstAndLastPage" time="0.0">
    <skipped/>
  </testcase> <!-- VerifyArrowMoveForFirstAndLastPage -->
  <testcase classname="com.tetherfi.test.ivr.OperatingHoursTest" name="VerifyTotalNumberOfItemsPerPageDetails" time="0.0">
    <skipped/>
  </testcase> <!-- VerifyTotalNumberOfItemsPerPageDetails -->
  <testcase classname="com.tetherfi.test.ivr.OperatingHoursTest" name="VerifyNumberOfItemsPerPageSelection" time="0.0">
    <skipped/>
  </testcase> <!-- VerifyNumberOfItemsPerPageSelection -->
  <testcase classname="com.tetherfi.test.ivr.OperatingHoursTest" name="VerifyDropdownForAllTheColumns" time="0.0">
    <skipped/>
  </testcase> <!-- VerifyDropdownForAllTheColumns -->
  <testcase classname="com.tetherfi.test.ivr.OperatingHoursTest" name="VerifyColumnsHeaderEnable" time="0.0">
    <skipped/>
  </testcase> <!-- VerifyColumnsHeaderEnable -->
  <testcase classname="com.tetherfi.test.ivr.OperatingHoursTest" name="VerifyColumnsHeaderDisable" time="0.0">
    <skipped/>
  </testcase> <!-- VerifyColumnsHeaderDisable -->
  <testcase classname="com.tetherfi.test.ivr.OperatingHoursTest" name="DeleteNoRecord" time="0.0">
    <skipped/>
  </testcase> <!-- DeleteNoRecord -->
  <testcase classname="com.tetherfi.test.ivr.OperatingHoursTest" name="DeleteAgentTeamManagementRecord" time="0.0">
    <skipped/>
  </testcase> <!-- DeleteAgentTeamManagementRecord -->
  <testcase classname="com.tetherfi.test.ivr.OperatingHoursTest" name="database" time="0.0">
    <skipped/>
  </testcase> <!-- database -->
</testsuite> <!-- IVR OperatingHoursTest -->
