<?xml version="1.0" encoding="UTF-8"?>
<!-- Generated by org.testng.reporters.JUnitXMLReporter -->
<testsuite ignored="0" hostname="DESKTOP-O6A5C2O" failures="5" tests="13" name="IvrConfigDeleteTest" time="630.592" errors="0" timestamp="2020-02-10T21:53:45 IST">
  <testcase classname="com.tetherfi.test.ivr.IvrConfigDeleteTest" name="@BeforeMethod NavigateToIvrConfigPage" time="63.53">
    <failure type="org.openqa.selenium.WebDriverException" message="chrome not reachable
  (Session info: chrome=78.0.3904.97)
Build info: version: &amp;apos;3.141.59&amp;apos;, revision: &amp;apos;e82be7d358&amp;apos;, time: &amp;apos;2018-11-14T08:17:03&amp;apos;
System info: host: &amp;apos;DESKTOP-O6A5C2O&amp;apos;, ip: &amp;apos;10.0.75.1&amp;apos;, os.name: &amp;apos;Windows 10&amp;apos;, os.arch: &amp;apos;amd64&amp;apos;, os.version: &amp;apos;10.0&amp;apos;, java.version: &amp;apos;9.0.4&amp;apos;
Driver info: org.openqa.selenium.chrome.ChromeDriver
Capabilities {acceptInsecureCerts: false, browserName: chrome, browserVersion: 78.0.3904.97, chrome: {chromedriverVersion: 78.0.3904.105 (60e2d8774a81..., userDataDir: C:\Users\admin\AppData\Loca...}, goog:chromeOptions: {debuggerAddress: localhost:54346}, javascriptEnabled: true, networkConnectionEnabled: false, pageLoadStrategy: normal, platform: XP, platformName: XP, proxy: Proxy(), setWindowRect: true, strictFileInteractability: false, timeouts: {implicit: 0, pageLoad: 300000, script: 30000}, unhandledPromptBehavior: dismiss and notify}
Session ID: 4e7ba7e38b62c6e73d25782193a016d1
*** Element info: {Using=xpath, value=//a[@class=&amp;apos;OCM-sidebar-toggle white-color&amp;apos;]}">
      <![CDATA[org.openqa.selenium.WebDriverException: chrome not reachable
  (Session info: chrome=78.0.3904.97)
Build info: version: '3.141.59', revision: 'e82be7d358', time: '2018-11-14T08:17:03'
System info: host: 'DESKTOP-O6A5C2O', ip: '10.0.75.1', os.name: 'Windows 10', os.arch: 'amd64', os.version: '10.0', java.version: '9.0.4'
Driver info: org.openqa.selenium.chrome.ChromeDriver
Capabilities {acceptInsecureCerts: false, browserName: chrome, browserVersion: 78.0.3904.97, chrome: {chromedriverVersion: 78.0.3904.105 (60e2d8774a81..., userDataDir: C:\Users\admin\AppData\Loca...}, goog:chromeOptions: {debuggerAddress: localhost:54346}, javascriptEnabled: true, networkConnectionEnabled: false, pageLoadStrategy: normal, platform: XP, platformName: XP, proxy: Proxy(), setWindowRect: true, strictFileInteractability: false, timeouts: {implicit: 0, pageLoad: 300000, script: 30000}, unhandledPromptBehavior: dismiss and notify}
Session ID: 4e7ba7e38b62c6e73d25782193a016d1
*** Element info: {Using=xpath, value=//a[@class='OCM-sidebar-toggle white-color']}
at org.openqa.selenium.remote.http.W3CHttpResponseCodec.createException(W3CHttpResponseCodec.java:187)
at org.openqa.selenium.remote.http.W3CHttpResponseCodec.decode(W3CHttpResponseCodec.java:122)
at org.openqa.selenium.remote.http.W3CHttpResponseCodec.decode(W3CHttpResponseCodec.java:49)
at org.openqa.selenium.remote.HttpCommandExecutor.execute(HttpCommandExecutor.java:158)
at org.openqa.selenium.remote.service.DriverCommandExecutor.execute(DriverCommandExecutor.java:83)
at org.openqa.selenium.remote.RemoteWebDriver.execute(RemoteWebDriver.java:552)
at org.openqa.selenium.remote.RemoteWebDriver.findElement(RemoteWebDriver.java:323)
at org.openqa.selenium.remote.RemoteWebDriver.findElementByXPath(RemoteWebDriver.java:428)
at org.openqa.selenium.By$ByXPath.findElement(By.java:353)
at org.openqa.selenium.remote.RemoteWebDriver.findElement(RemoteWebDriver.java:315)
at org.openqa.selenium.support.pagefactory.DefaultElementLocator.findElement(DefaultElementLocator.java:69)
at org.openqa.selenium.support.pagefactory.internal.LocatingElementHandler.invoke(LocatingElementHandler.java:38)
at com.sun.proxy.$Proxy14.isDisplayed(Unknown Source)
at org.openqa.selenium.support.ui.ExpectedConditions.elementIfVisible(ExpectedConditions.java:314)
at org.openqa.selenium.support.ui.ExpectedConditions.access$000(ExpectedConditions.java:43)
at org.openqa.selenium.support.ui.ExpectedConditions$10.apply(ExpectedConditions.java:300)
at org.openqa.selenium.support.ui.ExpectedConditions$10.apply(ExpectedConditions.java:297)
at org.openqa.selenium.support.ui.FluentWait.until(FluentWait.java:249)
at com.tetherfi.pages.BasePage.waitUntilWebElementIsVisible(BasePage.java:127)
at com.tetherfi.pages.BasePage.selectWebElement(BasePage.java:198)
at com.tetherfi.pages.HomePage.navigateToOCMPage(HomePage.java:60)
at com.tetherfi.test.ivr.IvrConfigDeleteTest.NavigateToIvrConfigPage(IvrConfigDeleteTest.java:62)
at java.base/java.util.ArrayList.forEach(Unknown Source)
... Removed 35 stack frames]]>
    </failure>
  </testcase> <!-- @BeforeMethod NavigateToIvrConfigPage -->
  <testcase classname="com.tetherfi.test.ivr.IvrConfigDeleteTest" name="@AfterMethod afterEachMethod" time="-1.581351825346E9">
    <skipped/>
  </testcase> <!-- @AfterMethod afterEachMethod -->
  <testcase classname="com.tetherfi.test.ivr.IvrConfigDeleteTest" name="DeleteCancelIvrConfigRecord" time="6.266"/>
  <testcase classname="com.tetherfi.test.ivr.IvrConfigDeleteTest" name="DeleteWithoutModifyReasonRecord" time="9.411"/>
  <testcase classname="com.tetherfi.test.ivr.IvrConfigDeleteTest" name="DeleteRecord" time="6.88"/>
  <testcase classname="com.tetherfi.test.ivr.IvrConfigDeleteTest" name="VerifyRevertForDeleteRecord" time="10.328"/>
  <testcase classname="com.tetherfi.test.ivr.IvrConfigDeleteTest" name="VerifyAuditTrialReportForRevertDelete" time="22.13">
    <failure type="java.lang.AssertionError" message="did not expect to find [true] but found [false]">
      <![CDATA[java.lang.AssertionError: did not expect to find [true] but found [false]
at com.tetherfi.test.ivr.IvrConfigDeleteTest.VerifyAuditTrialReportForRevertDelete(IvrConfigDeleteTest.java:126)
at java.base/java.util.ArrayList.forEach(Unknown Source)
... Removed 31 stack frames]]>
    </failure>
  </testcase> <!-- VerifyAuditTrialReportForRevertDelete -->
  <testcase classname="com.tetherfi.test.ivr.IvrConfigDeleteTest" name="RejectDeleteRecord" time="6.572"/>
  <testcase classname="com.tetherfi.test.ivr.IvrConfigDeleteTest" name="VerifySendForApprovalForDeleteNewRecord" time="10.299"/>
  <testcase classname="com.tetherfi.test.ivr.IvrConfigDeleteTest" name="RejectforDeleteIvrConfigRecord" time="47.168">
    <failure type="java.lang.AssertionError" message="Reject Assertion Failed did not expect to find [false] but found [true]">
      <![CDATA[java.lang.AssertionError: Reject Assertion Failed did not expect to find [false] but found [true]
at com.tetherfi.test.ivr.IvrConfigDeleteTest.RejectforDeleteIvrConfigRecord(IvrConfigDeleteTest.java:152)
at java.base/java.util.ArrayList.forEach(Unknown Source)
... Removed 30 stack frames]]>
    </failure>
  </testcase> <!-- RejectforDeleteIvrConfigRecord -->
  <testcase classname="com.tetherfi.test.ivr.IvrConfigDeleteTest" name="VerifyAuditTrailReportForReject" time="21.408">
    <failure type="java.lang.IndexOutOfBoundsException" message="Index 1 out-of-bounds for length 1">
      <![CDATA[java.lang.IndexOutOfBoundsException: Index 1 out-of-bounds for length 1
at java.base/jdk.internal.util.Preconditions.outOfBounds(Unknown Source)
at java.base/jdk.internal.util.Preconditions.outOfBoundsCheckIndex(Unknown Source)
at java.base/jdk.internal.util.Preconditions.checkIndex(Unknown Source)
at java.base/java.util.Objects.checkIndex(Unknown Source)
at java.base/java.util.ArrayList.get(Unknown Source)
at com.tetherfi.pages.OCMReportsPage.getFirstRowDatafromTable1(OCMReportsPage.java:1282)
at com.tetherfi.pages.OCMReportsPage.verifyIvrConfigdelete(OCMReportsPage.java:3473)
at com.tetherfi.test.ivr.IvrConfigDeleteTest.VerifyAuditTrailReportForReject(IvrConfigDeleteTest.java:168)
at java.base/java.util.ArrayList.forEach(Unknown Source)
... Removed 27 stack frames]]>
    </failure>
  </testcase> <!-- VerifyAuditTrailReportForReject -->
  <testcase classname="com.tetherfi.test.ivr.IvrConfigDeleteTest" name="DeleteIvrConfigRecord" time="6.674"/>
  <testcase classname="com.tetherfi.test.ivr.IvrConfigDeleteTest" name="VerifyAuditTrialReportForDelete" time="21.29">
    <failure type="java.lang.IndexOutOfBoundsException" message="Index 1 out-of-bounds for length 1">
      <![CDATA[java.lang.IndexOutOfBoundsException: Index 1 out-of-bounds for length 1
at java.base/jdk.internal.util.Preconditions.outOfBounds(Unknown Source)
at java.base/jdk.internal.util.Preconditions.outOfBoundsCheckIndex(Unknown Source)
at java.base/jdk.internal.util.Preconditions.checkIndex(Unknown Source)
at java.base/java.util.Objects.checkIndex(Unknown Source)
at java.base/java.util.ArrayList.get(Unknown Source)
at com.tetherfi.pages.OCMReportsPage.getFirstRowDatafromTable1(OCMReportsPage.java:1282)
at com.tetherfi.pages.OCMReportsPage.verifyIvrConfigdelete(OCMReportsPage.java:3473)
at com.tetherfi.test.ivr.IvrConfigDeleteTest.VerifyAuditTrialReportForDelete(IvrConfigDeleteTest.java:193)
at java.base/java.util.ArrayList.forEach(Unknown Source)
... Removed 27 stack frames]]>
    </failure>
  </testcase> <!-- VerifyAuditTrialReportForDelete -->
  <testcase classname="com.tetherfi.test.ivr.IvrConfigDeleteTest" name="ApproveForDeleteIvrConfigRecord" time="23.824">
    <failure type="org.openqa.selenium.TimeoutException" message="Expected condition failed: waiting for element to be clickable: [[[[[[[[ChromeDriver: chrome on XP (a7ff5138cae21560d575c905fdc8794f)] -&amp;gt; id: tGrid]] -&amp;gt; tag name: tr]] -&amp;gt; tag name: td]] -&amp;gt; id: isEnabled] (tried for 20 second(s) with 500 milliseconds interval)
Build info: version: &amp;apos;3.141.59&amp;apos;, revision: &amp;apos;e82be7d358&amp;apos;, time: &amp;apos;2018-11-14T08:17:03&amp;apos;
System info: host: &amp;apos;DESKTOP-O6A5C2O&amp;apos;, ip: &amp;apos;10.0.75.1&amp;apos;, os.name: &amp;apos;Windows 10&amp;apos;, os.arch: &amp;apos;amd64&amp;apos;, os.version: &amp;apos;10.0&amp;apos;, java.version: &amp;apos;9.0.4&amp;apos;
Driver info: org.openqa.selenium.chrome.ChromeDriver
Capabilities {acceptInsecureCerts: false, browserName: chrome, browserVersion: 78.0.3904.97, chrome: {chromedriverVersion: 78.0.3904.105 (60e2d8774a81..., userDataDir: C:\Users\admin\AppData\Loca...}, goog:chromeOptions: {debuggerAddress: localhost:54312}, javascriptEnabled: true, networkConnectionEnabled: false, pageLoadStrategy: normal, platform: XP, platformName: XP, proxy: Proxy(), setWindowRect: true, strictFileInteractability: false, timeouts: {implicit: 0, pageLoad: 300000, script: 30000}, unhandledPromptBehavior: dismiss and notify}
Session ID: a7ff5138cae21560d575c905fdc8794f">
      <![CDATA[org.openqa.selenium.TimeoutException: Expected condition failed: waiting for element to be clickable: [[[[[[[[ChromeDriver: chrome on XP (a7ff5138cae21560d575c905fdc8794f)] -> id: tGrid]] -> tag name: tr]] -> tag name: td]] -> id: isEnabled] (tried for 20 second(s) with 500 milliseconds interval)
Build info: version: '3.141.59', revision: 'e82be7d358', time: '2018-11-14T08:17:03'
System info: host: 'DESKTOP-O6A5C2O', ip: '10.0.75.1', os.name: 'Windows 10', os.arch: 'amd64', os.version: '10.0', java.version: '9.0.4'
Driver info: org.openqa.selenium.chrome.ChromeDriver
Capabilities {acceptInsecureCerts: false, browserName: chrome, browserVersion: 78.0.3904.97, chrome: {chromedriverVersion: 78.0.3904.105 (60e2d8774a81..., userDataDir: C:\Users\admin\AppData\Loca...}, goog:chromeOptions: {debuggerAddress: localhost:54312}, javascriptEnabled: true, networkConnectionEnabled: false, pageLoadStrategy: normal, platform: XP, platformName: XP, proxy: Proxy(), setWindowRect: true, strictFileInteractability: false, timeouts: {implicit: 0, pageLoad: 300000, script: 30000}, unhandledPromptBehavior: dismiss and notify}
Session ID: a7ff5138cae21560d575c905fdc8794f
at org.openqa.selenium.support.ui.WebDriverWait.timeoutException(WebDriverWait.java:95)
at org.openqa.selenium.support.ui.FluentWait.until(FluentWait.java:272)
at com.tetherfi.pages.BasePage.waitUntilWebElementIsClickable(BasePage.java:259)
at com.tetherfi.pages.BasePage.selectWebElement(BasePage.java:199)
at com.tetherfi.pages.IvrConfigPage.selectRecord(IvrConfigPage.java:1016)
at com.tetherfi.pages.IvrConfigPage.clickOnApprove(IvrConfigPage.java:1103)
at com.tetherfi.test.ivr.IvrConfigDeleteTest.ApproveForDeleteIvrConfigRecord(IvrConfigDeleteTest.java:199)
at java.base/java.util.ArrayList.forEach(Unknown Source)
... Removed 27 stack frames]]>
    </failure>
  </testcase> <!-- ApproveForDeleteIvrConfigRecord -->
  <testcase classname="com.tetherfi.test.ivr.IvrConfigDeleteTest" name="VerifyAuditTrailReportForApprove" time="0.0">
    <skipped/>
  </testcase> <!-- VerifyAuditTrailReportForApprove -->
</testsuite> <!-- IvrConfigDeleteTest -->
