<html>
<head>
<title>TestNG:  OperatingHoursTest</title>
<link href="../testng.css" rel="stylesheet" type="text/css" />
<link href="../my-testng.css" rel="stylesheet" type="text/css" />

<style type="text/css">
.log { display: none;} 
.stack-trace { display: none;} 
</style>
<script type="text/javascript">
<!--
function flip(e) {
  current = e.style.display;
  if (current == 'block') {
    e.style.display = 'none';
    return 0;
  }
  else {
    e.style.display = 'block';
    return 1;
  }
}

function toggleBox(szDivId, elem, msg1, msg2)
{
  var res = -1;  if (document.getElementById) {
    res = flip(document.getElementById(szDivId));
  }
  else if (document.all) {
    // this is the way old msie versions work
    res = flip(document.all[szDivId]);
  }
  if(elem) {
    if(res == 0) elem.innerHTML = msg1; else elem.innerHTML = msg2;
  }

}

function toggleAllBoxes() {
  if (document.getElementsByTagName) {
    d = document.getElementsByTagName('div');
    for (i = 0; i < d.length; i++) {
      if (d[i].className == 'log') {
        flip(d[i]);
      }
    }
  }
}

// -->
</script>

</head>
<body>
<h2 align='center'>OperatingHoursTest</h2><table border='1' align="center">
<tr>
<td>Tests passed/Failed/Skipped:</td><td>36/4/0</td>
</tr><tr>
<td>Started on:</td><td>Fri Apr 10 16:26:11 IST 2020</td>
</tr>
<tr><td>Total time:</td><td>674 seconds (674175 ms)</td>
</tr><tr>
<td>Included groups:</td><td></td>
</tr><tr>
<td>Excluded groups:</td><td></td>
</tr>
</table><p/>
<small><i>(Hover the method name to see the test class name)</i></small><p/>
<table width='100%' border='1' class='invocation-failed'>
<tr><td colspan='4' align='center'><b>FAILED TESTS</b></td></tr>
<tr><td><b>Test method</b></td>
<td width="30%"><b>Exception</b></td>
<td width="10%"><b>Time (seconds)</b></td>
<td><b>Instance</b></td>
</tr>
<tr>
<td title='com.tetherfi.test.ivr.OperatingHoursTest.AddAlldaysOperatingHoursRecord()'><b>AddAlldaysOperatingHoursRecord</b><br>Test class: com.tetherfi.test.ivr.OperatingHoursTest</td>
<td><div><pre>java.lang.AssertionError: Add New record assertion failed expected [Record Created Successfully] but found [Record Already Exists]
	at com.tetherfi.test.ivr.OperatingHoursTest.AddAlldaysOperatingHoursRecord(OperatingHoursTest.java:68)
	at java.base/java.util.ArrayList.forEach(Unknown Source)
... Removed 31 stack frames</pre></div><a href='#' onClick='toggleBox("stack-trace933965532", this, "Click to show all stack frames", "Click to hide stack frames")'>Click to show all stack frames</a>
<div class='stack-trace' id='stack-trace933965532'><pre>java.lang.AssertionError: Add New record assertion failed expected [Record Created Successfully] but found [Record Already Exists]
	at org.testng.Assert.fail(Assert.java:97)
	at org.testng.Assert.assertEqualsImpl(Assert.java:136)
	at org.testng.Assert.assertEquals(Assert.java:118)
	at org.testng.Assert.assertEquals(Assert.java:575)
	at com.tetherfi.test.ivr.OperatingHoursTest.AddAlldaysOperatingHoursRecord(OperatingHoursTest.java:68)
	at java.base/jdk.internal.reflect.NativeMethodAccessorImpl.invoke0(Native Method)
	at java.base/jdk.internal.reflect.NativeMethodAccessorImpl.invoke(Unknown Source)
	at java.base/jdk.internal.reflect.DelegatingMethodAccessorImpl.invoke(Unknown Source)
	at java.base/java.lang.reflect.Method.invoke(Unknown Source)
	at org.testng.internal.MethodInvocationHelper.invokeMethod(MethodInvocationHelper.java:133)
	at org.testng.internal.TestInvoker.invokeMethod(TestInvoker.java:584)
	at org.testng.internal.TestInvoker.invokeTestMethod(TestInvoker.java:172)
	at org.testng.internal.MethodRunner.runInSequence(MethodRunner.java:46)
	at org.testng.internal.TestInvoker$MethodInvocationAgent.invoke(TestInvoker.java:804)
	at org.testng.internal.TestInvoker.invokeTestMethods(TestInvoker.java:145)
	at org.testng.internal.TestMethodWorker.invokeTestMethods(TestMethodWorker.java:146)
	at org.testng.internal.TestMethodWorker.run(TestMethodWorker.java:128)
	at java.base/java.util.ArrayList.forEach(Unknown Source)
	at org.testng.TestRunner.privateRun(TestRunner.java:770)
	at org.testng.TestRunner.run(TestRunner.java:591)
	at org.testng.SuiteRunner.runTest(SuiteRunner.java:402)
	at org.testng.SuiteRunner.runSequentially(SuiteRunner.java:396)
	at org.testng.SuiteRunner.privateRun(SuiteRunner.java:355)
	at org.testng.SuiteRunner.run(SuiteRunner.java:304)
	at org.testng.SuiteRunnerWorker.runSuite(SuiteRunnerWorker.java:53)
	at org.testng.SuiteRunnerWorker.run(SuiteRunnerWorker.java:96)
	at org.testng.TestNG.runSuitesSequentially(TestNG.java:1180)
	at org.testng.TestNG.runSuitesLocally(TestNG.java:1102)
	at org.testng.TestNG.runSuites(TestNG.java:1032)
	at org.testng.TestNG.run(TestNG.java:1000)
	at org.testng.remote.AbstractRemoteTestNG.run(AbstractRemoteTestNG.java:115)
	at org.testng.remote.RemoteTestNG.initAndRun(RemoteTestNG.java:251)
	at org.testng.remote.RemoteTestNG.main(RemoteTestNG.java:77)
</pre></div></td>
<td>5</td>
<td>com.tetherfi.test.ivr.OperatingHoursTest@32eae6f2</td></tr>
<tr>
<td title='com.tetherfi.test.ivr.OperatingHoursTest.SearchClearSearch()'><b>SearchClearSearch</b><br>Test class: com.tetherfi.test.ivr.OperatingHoursTest</td>
<td><div><pre>org.openqa.selenium.NoSuchElementException: no such element: Unable to locate element: {&quot;method&quot;:&quot;xpath&quot;,&quot;selector&quot;:&quot;//div[text()=&apos;No records to display&apos;]&quot;}
  (Session info: chrome=80.0.3987.163)
For documentation on this error, please visit: https://www.seleniumhq.org/exceptions/no_such_element.html
Build info: version: &apos;3.141.59&apos;, revision: &apos;e82be7d358&apos;, time: &apos;2018-11-14T08:17:03&apos;
System info: host: &apos;DESKTOP-O6A5C2O&apos;, ip: &apos;10.0.75.1&apos;, os.name: &apos;Windows 10&apos;, os.arch: &apos;amd64&apos;, os.version: &apos;10.0&apos;, java.version: &apos;9.0.4&apos;
Driver info: org.openqa.selenium.chrome.ChromeDriver
Capabilities {acceptInsecureCerts: false, browserName: chrome, browserVersion: 80.0.3987.163, chrome: {chromedriverVersion: 80.0.3987.106 (f68069574609..., userDataDir: C:\Users\admin\AppData\Loca...}, goog:chromeOptions: {debuggerAddress: localhost:57710}, javascriptEnabled: true, networkConnectionEnabled: false, pageLoadStrategy: normal, platform: WINDOWS, platformName: WINDOWS, proxy: Proxy(), setWindowRect: true, strictFileInteractability: false, timeouts: {implicit: 0, pageLoad: 300000, script: 30000}, unhandledPromptBehavior: dismiss and notify}
Session ID: 365ad4db2c85edd6d8d67a2ae8cff474
*** Element info: {Using=xpath, value=//div[text()=&apos;No records to display&apos;]}
	at org.openqa.selenium.remote.http.W3CHttpResponseCodec.createException(W3CHttpResponseCodec.java:187)
	at org.openqa.selenium.remote.http.W3CHttpResponseCodec.decode(W3CHttpResponseCodec.java:122)
	at org.openqa.selenium.remote.http.W3CHttpResponseCodec.decode(W3CHttpResponseCodec.java:49)
	at org.openqa.selenium.remote.HttpCommandExecutor.execute(HttpCommandExecutor.java:158)
	at org.openqa.selenium.remote.service.DriverCommandExecutor.execute(DriverCommandExecutor.java:83)
	at org.openqa.selenium.remote.RemoteWebDriver.execute(RemoteWebDriver.java:552)
	at org.openqa.selenium.remote.RemoteWebDriver.findElement(RemoteWebDriver.java:323)
	at org.openqa.selenium.remote.RemoteWebDriver.findElementByXPath(RemoteWebDriver.java:428)
	at org.openqa.selenium.By$ByXPath.findElement(By.java:353)
	at org.openqa.selenium.remote.RemoteWebDriver.findElement(RemoteWebDriver.java:315)
	at org.openqa.selenium.support.pagefactory.DefaultElementLocator.findElement(DefaultElementLocator.java:69)
	at org.openqa.selenium.support.pagefactory.internal.LocatingElementHandler.invoke(LocatingElementHandler.java:38)
	at com.sun.proxy.$Proxy16.isDisplayed(Unknown Source)
	at com.tetherfi.pages.OperatingHoursPage.verifyinvalidsearchwithwrongdata(OperatingHoursPage.java:1000)
	at com.tetherfi.test.ivr.OperatingHoursTest.SearchClearSearch(OperatingHoursTest.java:292)
	at java.base/java.util.ArrayList.forEach(Unknown Source)
... Removed 31 stack frames</pre></div><a href='#' onClick='toggleBox("stack-trace777011505", this, "Click to show all stack frames", "Click to hide stack frames")'>Click to show all stack frames</a>
<div class='stack-trace' id='stack-trace777011505'><pre>org.openqa.selenium.NoSuchElementException: no such element: Unable to locate element: {&quot;method&quot;:&quot;xpath&quot;,&quot;selector&quot;:&quot;//div[text()=&apos;No records to display&apos;]&quot;}
  (Session info: chrome=80.0.3987.163)
For documentation on this error, please visit: https://www.seleniumhq.org/exceptions/no_such_element.html
Build info: version: &apos;3.141.59&apos;, revision: &apos;e82be7d358&apos;, time: &apos;2018-11-14T08:17:03&apos;
System info: host: &apos;DESKTOP-O6A5C2O&apos;, ip: &apos;10.0.75.1&apos;, os.name: &apos;Windows 10&apos;, os.arch: &apos;amd64&apos;, os.version: &apos;10.0&apos;, java.version: &apos;9.0.4&apos;
Driver info: org.openqa.selenium.chrome.ChromeDriver
Capabilities {acceptInsecureCerts: false, browserName: chrome, browserVersion: 80.0.3987.163, chrome: {chromedriverVersion: 80.0.3987.106 (f68069574609..., userDataDir: C:\Users\admin\AppData\Loca...}, goog:chromeOptions: {debuggerAddress: localhost:57710}, javascriptEnabled: true, networkConnectionEnabled: false, pageLoadStrategy: normal, platform: WINDOWS, platformName: WINDOWS, proxy: Proxy(), setWindowRect: true, strictFileInteractability: false, timeouts: {implicit: 0, pageLoad: 300000, script: 30000}, unhandledPromptBehavior: dismiss and notify}
Session ID: 365ad4db2c85edd6d8d67a2ae8cff474
*** Element info: {Using=xpath, value=//div[text()=&apos;No records to display&apos;]}
	at java.base/jdk.internal.reflect.NativeConstructorAccessorImpl.newInstance0(Native Method)
	at java.base/jdk.internal.reflect.NativeConstructorAccessorImpl.newInstance(Unknown Source)
	at java.base/jdk.internal.reflect.DelegatingConstructorAccessorImpl.newInstance(Unknown Source)
	at java.base/java.lang.reflect.Constructor.newInstance(Unknown Source)
	at org.openqa.selenium.remote.http.W3CHttpResponseCodec.createException(W3CHttpResponseCodec.java:187)
	at org.openqa.selenium.remote.http.W3CHttpResponseCodec.decode(W3CHttpResponseCodec.java:122)
	at org.openqa.selenium.remote.http.W3CHttpResponseCodec.decode(W3CHttpResponseCodec.java:49)
	at org.openqa.selenium.remote.HttpCommandExecutor.execute(HttpCommandExecutor.java:158)
	at org.openqa.selenium.remote.service.DriverCommandExecutor.execute(DriverCommandExecutor.java:83)
	at org.openqa.selenium.remote.RemoteWebDriver.execute(RemoteWebDriver.java:552)
	at org.openqa.selenium.remote.RemoteWebDriver.findElement(RemoteWebDriver.java:323)
	at org.openqa.selenium.remote.RemoteWebDriver.findElementByXPath(RemoteWebDriver.java:428)
	at org.openqa.selenium.By$ByXPath.findElement(By.java:353)
	at org.openqa.selenium.remote.RemoteWebDriver.findElement(RemoteWebDriver.java:315)
	at org.openqa.selenium.support.pagefactory.DefaultElementLocator.findElement(DefaultElementLocator.java:69)
	at org.openqa.selenium.support.pagefactory.internal.LocatingElementHandler.invoke(LocatingElementHandler.java:38)
	at com.sun.proxy.$Proxy16.isDisplayed(Unknown Source)
	at com.tetherfi.pages.OperatingHoursPage.verifyinvalidsearchwithwrongdata(OperatingHoursPage.java:1000)
	at com.tetherfi.test.ivr.OperatingHoursTest.SearchClearSearch(OperatingHoursTest.java:292)
	at java.base/jdk.internal.reflect.NativeMethodAccessorImpl.invoke0(Native Method)
	at java.base/jdk.internal.reflect.NativeMethodAccessorImpl.invoke(Unknown Source)
	at java.base/jdk.internal.reflect.DelegatingMethodAccessorImpl.invoke(Unknown Source)
	at java.base/java.lang.reflect.Method.invoke(Unknown Source)
	at org.testng.internal.MethodInvocationHelper.invokeMethod(MethodInvocationHelper.java:133)
	at org.testng.internal.TestInvoker.invokeMethod(TestInvoker.java:584)
	at org.testng.internal.TestInvoker.invokeTestMethod(TestInvoker.java:172)
	at org.testng.internal.MethodRunner.runInSequence(MethodRunner.java:46)
	at org.testng.internal.TestInvoker$MethodInvocationAgent.invoke(TestInvoker.java:804)
	at org.testng.internal.TestInvoker.invokeTestMethods(TestInvoker.java:145)
	at org.testng.internal.TestMethodWorker.invokeTestMethods(TestMethodWorker.java:146)
	at org.testng.internal.TestMethodWorker.run(TestMethodWorker.java:128)
	at java.base/java.util.ArrayList.forEach(Unknown Source)
	at org.testng.TestRunner.privateRun(TestRunner.java:770)
	at org.testng.TestRunner.run(TestRunner.java:591)
	at org.testng.SuiteRunner.runTest(SuiteRunner.java:402)
	at org.testng.SuiteRunner.runSequentially(SuiteRunner.java:396)
	at org.testng.SuiteRunner.privateRun(SuiteRunner.java:355)
	at org.testng.SuiteRunner.run(SuiteRunner.java:304)
	at org.testng.SuiteRunnerWorker.runSuite(SuiteRunnerWorker.java:53)
	at org.testng.SuiteRunnerWorker.run(SuiteRunnerWorker.java:96)
	at org.testng.TestNG.runSuitesSequentially(TestNG.java:1180)
	at org.testng.TestNG.runSuitesLocally(TestNG.java:1102)
	at org.testng.TestNG.runSuites(TestNG.java:1032)
	at org.testng.TestNG.run(TestNG.java:1000)
	at org.testng.remote.AbstractRemoteTestNG.run(AbstractRemoteTestNG.java:115)
	at org.testng.remote.RemoteTestNG.initAndRun(RemoteTestNG.java:251)
	at org.testng.remote.RemoteTestNG.main(RemoteTestNG.java:77)
</pre></div></td>
<td>43</td>
<td>com.tetherfi.test.ivr.OperatingHoursTest@32eae6f2</td></tr>
<tr>
<td title='com.tetherfi.test.ivr.OperatingHoursTest.VerifySearchContains()'><b>VerifySearchContains</b><br>Test class: com.tetherfi.test.ivr.OperatingHoursTest</td>
<td><div><pre>org.openqa.selenium.StaleElementReferenceException: stale element reference: element is not attached to the page document
  (Session info: chrome=80.0.3987.163)
For documentation on this error, please visit: https://www.seleniumhq.org/exceptions/stale_element_reference.html
Build info: version: &apos;3.141.59&apos;, revision: &apos;e82be7d358&apos;, time: &apos;2018-11-14T08:17:03&apos;
System info: host: &apos;DESKTOP-O6A5C2O&apos;, ip: &apos;10.0.75.1&apos;, os.name: &apos;Windows 10&apos;, os.arch: &apos;amd64&apos;, os.version: &apos;10.0&apos;, java.version: &apos;9.0.4&apos;
Driver info: org.openqa.selenium.chrome.ChromeDriver
Capabilities {acceptInsecureCerts: false, browserName: chrome, browserVersion: 80.0.3987.163, chrome: {chromedriverVersion: 80.0.3987.106 (f68069574609..., userDataDir: C:\Users\admin\AppData\Loca...}, goog:chromeOptions: {debuggerAddress: localhost:57710}, javascriptEnabled: true, networkConnectionEnabled: false, pageLoadStrategy: normal, platform: WINDOWS, platformName: WINDOWS, proxy: Proxy(), setWindowRect: true, strictFileInteractability: false, timeouts: {implicit: 0, pageLoad: 300000, script: 30000}, unhandledPromptBehavior: dismiss and notify}
Session ID: 365ad4db2c85edd6d8d67a2ae8cff474
*** Element info: {Using=tag name, value=td}
	at org.openqa.selenium.remote.http.W3CHttpResponseCodec.createException(W3CHttpResponseCodec.java:187)
	at org.openqa.selenium.remote.http.W3CHttpResponseCodec.decode(W3CHttpResponseCodec.java:122)
	at org.openqa.selenium.remote.http.W3CHttpResponseCodec.decode(W3CHttpResponseCodec.java:49)
	at org.openqa.selenium.remote.HttpCommandExecutor.execute(HttpCommandExecutor.java:158)
	at org.openqa.selenium.remote.service.DriverCommandExecutor.execute(DriverCommandExecutor.java:83)
	at org.openqa.selenium.remote.RemoteWebDriver.execute(RemoteWebDriver.java:552)
	at org.openqa.selenium.remote.RemoteWebElement.execute(RemoteWebElement.java:285)
	at org.openqa.selenium.remote.RemoteWebElement.findElements(RemoteWebElement.java:204)
	at org.openqa.selenium.remote.RemoteWebElement.findElementsByTagName(RemoteWebElement.java:281)
	at org.openqa.selenium.By$ByTagName.findElements(By.java:312)
	at org.openqa.selenium.remote.RemoteWebElement.findElements(RemoteWebElement.java:177)
	at com.tetherfi.pages.OperatingHoursPage.gettable(OperatingHoursPage.java:688)
	at com.tetherfi.pages.OperatingHoursPage.verifySearchContains(OperatingHoursPage.java:342)
	at com.tetherfi.test.ivr.OperatingHoursTest.VerifySearchContains(OperatingHoursTest.java:256)
	at java.base/java.util.ArrayList.forEach(Unknown Source)
... Removed 31 stack frames</pre></div><a href='#' onClick='toggleBox("stack-trace51444793", this, "Click to show all stack frames", "Click to hide stack frames")'>Click to show all stack frames</a>
<div class='stack-trace' id='stack-trace51444793'><pre>org.openqa.selenium.StaleElementReferenceException: stale element reference: element is not attached to the page document
  (Session info: chrome=80.0.3987.163)
For documentation on this error, please visit: https://www.seleniumhq.org/exceptions/stale_element_reference.html
Build info: version: &apos;3.141.59&apos;, revision: &apos;e82be7d358&apos;, time: &apos;2018-11-14T08:17:03&apos;
System info: host: &apos;DESKTOP-O6A5C2O&apos;, ip: &apos;10.0.75.1&apos;, os.name: &apos;Windows 10&apos;, os.arch: &apos;amd64&apos;, os.version: &apos;10.0&apos;, java.version: &apos;9.0.4&apos;
Driver info: org.openqa.selenium.chrome.ChromeDriver
Capabilities {acceptInsecureCerts: false, browserName: chrome, browserVersion: 80.0.3987.163, chrome: {chromedriverVersion: 80.0.3987.106 (f68069574609..., userDataDir: C:\Users\admin\AppData\Loca...}, goog:chromeOptions: {debuggerAddress: localhost:57710}, javascriptEnabled: true, networkConnectionEnabled: false, pageLoadStrategy: normal, platform: WINDOWS, platformName: WINDOWS, proxy: Proxy(), setWindowRect: true, strictFileInteractability: false, timeouts: {implicit: 0, pageLoad: 300000, script: 30000}, unhandledPromptBehavior: dismiss and notify}
Session ID: 365ad4db2c85edd6d8d67a2ae8cff474
*** Element info: {Using=tag name, value=td}
	at java.base/jdk.internal.reflect.NativeConstructorAccessorImpl.newInstance0(Native Method)
	at java.base/jdk.internal.reflect.NativeConstructorAccessorImpl.newInstance(Unknown Source)
	at java.base/jdk.internal.reflect.DelegatingConstructorAccessorImpl.newInstance(Unknown Source)
	at java.base/java.lang.reflect.Constructor.newInstance(Unknown Source)
	at org.openqa.selenium.remote.http.W3CHttpResponseCodec.createException(W3CHttpResponseCodec.java:187)
	at org.openqa.selenium.remote.http.W3CHttpResponseCodec.decode(W3CHttpResponseCodec.java:122)
	at org.openqa.selenium.remote.http.W3CHttpResponseCodec.decode(W3CHttpResponseCodec.java:49)
	at org.openqa.selenium.remote.HttpCommandExecutor.execute(HttpCommandExecutor.java:158)
	at org.openqa.selenium.remote.service.DriverCommandExecutor.execute(DriverCommandExecutor.java:83)
	at org.openqa.selenium.remote.RemoteWebDriver.execute(RemoteWebDriver.java:552)
	at org.openqa.selenium.remote.RemoteWebElement.execute(RemoteWebElement.java:285)
	at org.openqa.selenium.remote.RemoteWebElement.findElements(RemoteWebElement.java:204)
	at org.openqa.selenium.remote.RemoteWebElement.findElementsByTagName(RemoteWebElement.java:281)
	at org.openqa.selenium.By$ByTagName.findElements(By.java:312)
	at org.openqa.selenium.remote.RemoteWebElement.findElements(RemoteWebElement.java:177)
	at com.tetherfi.pages.OperatingHoursPage.gettable(OperatingHoursPage.java:688)
	at com.tetherfi.pages.OperatingHoursPage.verifySearchContains(OperatingHoursPage.java:342)
	at com.tetherfi.test.ivr.OperatingHoursTest.VerifySearchContains(OperatingHoursTest.java:256)
	at java.base/jdk.internal.reflect.NativeMethodAccessorImpl.invoke0(Native Method)
	at java.base/jdk.internal.reflect.NativeMethodAccessorImpl.invoke(Unknown Source)
	at java.base/jdk.internal.reflect.DelegatingMethodAccessorImpl.invoke(Unknown Source)
	at java.base/java.lang.reflect.Method.invoke(Unknown Source)
	at org.testng.internal.MethodInvocationHelper.invokeMethod(MethodInvocationHelper.java:133)
	at org.testng.internal.TestInvoker.invokeMethod(TestInvoker.java:584)
	at org.testng.internal.TestInvoker.invokeTestMethod(TestInvoker.java:172)
	at org.testng.internal.MethodRunner.runInSequence(MethodRunner.java:46)
	at org.testng.internal.TestInvoker$MethodInvocationAgent.invoke(TestInvoker.java:804)
	at org.testng.internal.TestInvoker.invokeTestMethods(TestInvoker.java:145)
	at org.testng.internal.TestMethodWorker.invokeTestMethods(TestMethodWorker.java:146)
	at org.testng.internal.TestMethodWorker.run(TestMethodWorker.java:128)
	at java.base/java.util.ArrayList.forEach(Unknown Source)
	at org.testng.TestRunner.privateRun(TestRunner.java:770)
	at org.testng.TestRunner.run(TestRunner.java:591)
	at org.testng.SuiteRunner.runTest(SuiteRunner.java:402)
	at org.testng.SuiteRunner.runSequentially(SuiteRunner.java:396)
	at org.testng.SuiteRunner.privateRun(SuiteRunner.java:355)
	at org.testng.SuiteRunner.run(SuiteRunner.java:304)
	at org.testng.SuiteRunnerWorker.runSuite(SuiteRunnerWorker.java:53)
	at org.testng.SuiteRunnerWorker.run(SuiteRunnerWorker.java:96)
	at org.testng.TestNG.runSuitesSequentially(TestNG.java:1180)
	at org.testng.TestNG.runSuitesLocally(TestNG.java:1102)
	at org.testng.TestNG.runSuites(TestNG.java:1032)
	at org.testng.TestNG.run(TestNG.java:1000)
	at org.testng.remote.AbstractRemoteTestNG.run(AbstractRemoteTestNG.java:115)
	at org.testng.remote.RemoteTestNG.initAndRun(RemoteTestNG.java:251)
	at org.testng.remote.RemoteTestNG.main(RemoteTestNG.java:77)
</pre></div></td>
<td>3</td>
<td>com.tetherfi.test.ivr.OperatingHoursTest@32eae6f2</td></tr>
<tr>
<td title='com.tetherfi.test.ivr.OperatingHoursTest.VerifySearchEndsWith()'><b>VerifySearchEndsWith</b><br>Test class: com.tetherfi.test.ivr.OperatingHoursTest</td>
<td><div><pre>org.openqa.selenium.StaleElementReferenceException: stale element reference: element is not attached to the page document
  (Session info: chrome=80.0.3987.163)
For documentation on this error, please visit: https://www.seleniumhq.org/exceptions/stale_element_reference.html
Build info: version: &apos;3.141.59&apos;, revision: &apos;e82be7d358&apos;, time: &apos;2018-11-14T08:17:03&apos;
System info: host: &apos;DESKTOP-O6A5C2O&apos;, ip: &apos;10.0.75.1&apos;, os.name: &apos;Windows 10&apos;, os.arch: &apos;amd64&apos;, os.version: &apos;10.0&apos;, java.version: &apos;9.0.4&apos;
Driver info: org.openqa.selenium.chrome.ChromeDriver
Capabilities {acceptInsecureCerts: false, browserName: chrome, browserVersion: 80.0.3987.163, chrome: {chromedriverVersion: 80.0.3987.106 (f68069574609..., userDataDir: C:\Users\admin\AppData\Loca...}, goog:chromeOptions: {debuggerAddress: localhost:57710}, javascriptEnabled: true, networkConnectionEnabled: false, pageLoadStrategy: normal, platform: WINDOWS, platformName: WINDOWS, proxy: Proxy(), setWindowRect: true, strictFileInteractability: false, timeouts: {implicit: 0, pageLoad: 300000, script: 30000}, unhandledPromptBehavior: dismiss and notify}
Session ID: 365ad4db2c85edd6d8d67a2ae8cff474
*** Element info: {Using=tag name, value=td}
	at org.openqa.selenium.remote.http.W3CHttpResponseCodec.createException(W3CHttpResponseCodec.java:187)
	at org.openqa.selenium.remote.http.W3CHttpResponseCodec.decode(W3CHttpResponseCodec.java:122)
	at org.openqa.selenium.remote.http.W3CHttpResponseCodec.decode(W3CHttpResponseCodec.java:49)
	at org.openqa.selenium.remote.HttpCommandExecutor.execute(HttpCommandExecutor.java:158)
	at org.openqa.selenium.remote.service.DriverCommandExecutor.execute(DriverCommandExecutor.java:83)
	at org.openqa.selenium.remote.RemoteWebDriver.execute(RemoteWebDriver.java:552)
	at org.openqa.selenium.remote.RemoteWebElement.execute(RemoteWebElement.java:285)
	at org.openqa.selenium.remote.RemoteWebElement.findElements(RemoteWebElement.java:204)
	at org.openqa.selenium.remote.RemoteWebElement.findElementsByTagName(RemoteWebElement.java:281)
	at org.openqa.selenium.By$ByTagName.findElements(By.java:312)
	at org.openqa.selenium.remote.RemoteWebElement.findElements(RemoteWebElement.java:177)
	at com.tetherfi.pages.OperatingHoursPage.gettable(OperatingHoursPage.java:688)
	at com.tetherfi.pages.OperatingHoursPage.verifySearchEndsWith(OperatingHoursPage.java:405)
	at com.tetherfi.test.ivr.OperatingHoursTest.VerifySearchEndsWith(OperatingHoursTest.java:283)
	at java.base/java.util.ArrayList.forEach(Unknown Source)
... Removed 31 stack frames</pre></div><a href='#' onClick='toggleBox("stack-trace1165835712", this, "Click to show all stack frames", "Click to hide stack frames")'>Click to show all stack frames</a>
<div class='stack-trace' id='stack-trace1165835712'><pre>org.openqa.selenium.StaleElementReferenceException: stale element reference: element is not attached to the page document
  (Session info: chrome=80.0.3987.163)
For documentation on this error, please visit: https://www.seleniumhq.org/exceptions/stale_element_reference.html
Build info: version: &apos;3.141.59&apos;, revision: &apos;e82be7d358&apos;, time: &apos;2018-11-14T08:17:03&apos;
System info: host: &apos;DESKTOP-O6A5C2O&apos;, ip: &apos;10.0.75.1&apos;, os.name: &apos;Windows 10&apos;, os.arch: &apos;amd64&apos;, os.version: &apos;10.0&apos;, java.version: &apos;9.0.4&apos;
Driver info: org.openqa.selenium.chrome.ChromeDriver
Capabilities {acceptInsecureCerts: false, browserName: chrome, browserVersion: 80.0.3987.163, chrome: {chromedriverVersion: 80.0.3987.106 (f68069574609..., userDataDir: C:\Users\admin\AppData\Loca...}, goog:chromeOptions: {debuggerAddress: localhost:57710}, javascriptEnabled: true, networkConnectionEnabled: false, pageLoadStrategy: normal, platform: WINDOWS, platformName: WINDOWS, proxy: Proxy(), setWindowRect: true, strictFileInteractability: false, timeouts: {implicit: 0, pageLoad: 300000, script: 30000}, unhandledPromptBehavior: dismiss and notify}
Session ID: 365ad4db2c85edd6d8d67a2ae8cff474
*** Element info: {Using=tag name, value=td}
	at java.base/jdk.internal.reflect.NativeConstructorAccessorImpl.newInstance0(Native Method)
	at java.base/jdk.internal.reflect.NativeConstructorAccessorImpl.newInstance(Unknown Source)
	at java.base/jdk.internal.reflect.DelegatingConstructorAccessorImpl.newInstance(Unknown Source)
	at java.base/java.lang.reflect.Constructor.newInstance(Unknown Source)
	at org.openqa.selenium.remote.http.W3CHttpResponseCodec.createException(W3CHttpResponseCodec.java:187)
	at org.openqa.selenium.remote.http.W3CHttpResponseCodec.decode(W3CHttpResponseCodec.java:122)
	at org.openqa.selenium.remote.http.W3CHttpResponseCodec.decode(W3CHttpResponseCodec.java:49)
	at org.openqa.selenium.remote.HttpCommandExecutor.execute(HttpCommandExecutor.java:158)
	at org.openqa.selenium.remote.service.DriverCommandExecutor.execute(DriverCommandExecutor.java:83)
	at org.openqa.selenium.remote.RemoteWebDriver.execute(RemoteWebDriver.java:552)
	at org.openqa.selenium.remote.RemoteWebElement.execute(RemoteWebElement.java:285)
	at org.openqa.selenium.remote.RemoteWebElement.findElements(RemoteWebElement.java:204)
	at org.openqa.selenium.remote.RemoteWebElement.findElementsByTagName(RemoteWebElement.java:281)
	at org.openqa.selenium.By$ByTagName.findElements(By.java:312)
	at org.openqa.selenium.remote.RemoteWebElement.findElements(RemoteWebElement.java:177)
	at com.tetherfi.pages.OperatingHoursPage.gettable(OperatingHoursPage.java:688)
	at com.tetherfi.pages.OperatingHoursPage.verifySearchEndsWith(OperatingHoursPage.java:405)
	at com.tetherfi.test.ivr.OperatingHoursTest.VerifySearchEndsWith(OperatingHoursTest.java:283)
	at java.base/jdk.internal.reflect.NativeMethodAccessorImpl.invoke0(Native Method)
	at java.base/jdk.internal.reflect.NativeMethodAccessorImpl.invoke(Unknown Source)
	at java.base/jdk.internal.reflect.DelegatingMethodAccessorImpl.invoke(Unknown Source)
	at java.base/java.lang.reflect.Method.invoke(Unknown Source)
	at org.testng.internal.MethodInvocationHelper.invokeMethod(MethodInvocationHelper.java:133)
	at org.testng.internal.TestInvoker.invokeMethod(TestInvoker.java:584)
	at org.testng.internal.TestInvoker.invokeTestMethod(TestInvoker.java:172)
	at org.testng.internal.MethodRunner.runInSequence(MethodRunner.java:46)
	at org.testng.internal.TestInvoker$MethodInvocationAgent.invoke(TestInvoker.java:804)
	at org.testng.internal.TestInvoker.invokeTestMethods(TestInvoker.java:145)
	at org.testng.internal.TestMethodWorker.invokeTestMethods(TestMethodWorker.java:146)
	at org.testng.internal.TestMethodWorker.run(TestMethodWorker.java:128)
	at java.base/java.util.ArrayList.forEach(Unknown Source)
	at org.testng.TestRunner.privateRun(TestRunner.java:770)
	at org.testng.TestRunner.run(TestRunner.java:591)
	at org.testng.SuiteRunner.runTest(SuiteRunner.java:402)
	at org.testng.SuiteRunner.runSequentially(SuiteRunner.java:396)
	at org.testng.SuiteRunner.privateRun(SuiteRunner.java:355)
	at org.testng.SuiteRunner.run(SuiteRunner.java:304)
	at org.testng.SuiteRunnerWorker.runSuite(SuiteRunnerWorker.java:53)
	at org.testng.SuiteRunnerWorker.run(SuiteRunnerWorker.java:96)
	at org.testng.TestNG.runSuitesSequentially(TestNG.java:1180)
	at org.testng.TestNG.runSuitesLocally(TestNG.java:1102)
	at org.testng.TestNG.runSuites(TestNG.java:1032)
	at org.testng.TestNG.run(TestNG.java:1000)
	at org.testng.remote.AbstractRemoteTestNG.run(AbstractRemoteTestNG.java:115)
	at org.testng.remote.RemoteTestNG.initAndRun(RemoteTestNG.java:251)
	at org.testng.remote.RemoteTestNG.main(RemoteTestNG.java:77)
</pre></div></td>
<td>3</td>
<td>com.tetherfi.test.ivr.OperatingHoursTest@32eae6f2</td></tr>
</table><p>
<table width='100%' border='1' class='invocation-passed'>
<tr><td colspan='4' align='center'><b>PASSED TESTS</b></td></tr>
<tr><td><b>Test method</b></td>
<td width="30%"><b>Exception</b></td>
<td width="10%"><b>Time (seconds)</b></td>
<td><b>Instance</b></td>
</tr>
<tr>
<td title='com.tetherfi.test.ivr.OperatingHoursTest.AddDuplicateRecord()'><b>AddDuplicateRecord</b><br>Test class: com.tetherfi.test.ivr.OperatingHoursTest</td>
<td></td>
<td>5</td>
<td>com.tetherfi.test.ivr.OperatingHoursTest@32eae6f2</td></tr>
<tr>
<td title='com.tetherfi.test.ivr.OperatingHoursTest.AddInvalidStartAndEndTimeRecord()'><b>AddInvalidStartAndEndTimeRecord</b><br>Test class: com.tetherfi.test.ivr.OperatingHoursTest</td>
<td></td>
<td>9</td>
<td>com.tetherfi.test.ivr.OperatingHoursTest@32eae6f2</td></tr>
<tr>
<td title='com.tetherfi.test.ivr.OperatingHoursTest.AddInvalidStartTimeRecord()'><b>AddInvalidStartTimeRecord</b><br>Test class: com.tetherfi.test.ivr.OperatingHoursTest</td>
<td></td>
<td>11</td>
<td>com.tetherfi.test.ivr.OperatingHoursTest@32eae6f2</td></tr>
<tr>
<td title='com.tetherfi.test.ivr.OperatingHoursTest.AddInvalidVDNRecord()'><b>AddInvalidVDNRecord</b><br>Test class: com.tetherfi.test.ivr.OperatingHoursTest</td>
<td></td>
<td>9</td>
<td>com.tetherfi.test.ivr.OperatingHoursTest@32eae6f2</td></tr>
<tr>
<td title='com.tetherfi.test.ivr.OperatingHoursTest.AddLeavingBypassPublicHolidayFieldsBlank()'><b>AddLeavingBypassPublicHolidayFieldsBlank</b><br>Test class: com.tetherfi.test.ivr.OperatingHoursTest</td>
<td></td>
<td>9</td>
<td>com.tetherfi.test.ivr.OperatingHoursTest@32eae6f2</td></tr>
<tr>
<td title='com.tetherfi.test.ivr.OperatingHoursTest.AddLeavingEndTimeFieldsBlank()'><b>AddLeavingEndTimeFieldsBlank</b><br>Test class: com.tetherfi.test.ivr.OperatingHoursTest</td>
<td></td>
<td>9</td>
<td>com.tetherfi.test.ivr.OperatingHoursTest@32eae6f2</td></tr>
<tr>
<td title='com.tetherfi.test.ivr.OperatingHoursTest.AddLeavingFieldsBlank()'><b>AddLeavingFieldsBlank</b><br>Test class: com.tetherfi.test.ivr.OperatingHoursTest</td>
<td></td>
<td>1</td>
<td>com.tetherfi.test.ivr.OperatingHoursTest@32eae6f2</td></tr>
<tr>
<td title='com.tetherfi.test.ivr.OperatingHoursTest.AddLeavingStartTimeFieldsBlank()'><b>AddLeavingStartTimeFieldsBlank</b><br>Test class: com.tetherfi.test.ivr.OperatingHoursTest</td>
<td></td>
<td>9</td>
<td>com.tetherfi.test.ivr.OperatingHoursTest@32eae6f2</td></tr>
<tr>
<td title='com.tetherfi.test.ivr.OperatingHoursTest.AddLeavingVDNBlankBlank()'><b>AddLeavingVDNBlankBlank</b><br>Test class: com.tetherfi.test.ivr.OperatingHoursTest</td>
<td></td>
<td>9</td>
<td>com.tetherfi.test.ivr.OperatingHoursTest@32eae6f2</td></tr>
<tr>
<td title='com.tetherfi.test.ivr.OperatingHoursTest.AddLeavingWeekDayFieldsBlank()'><b>AddLeavingWeekDayFieldsBlank</b><br>Test class: com.tetherfi.test.ivr.OperatingHoursTest</td>
<td></td>
<td>6</td>
<td>com.tetherfi.test.ivr.OperatingHoursTest@32eae6f2</td></tr>
<tr>
<td title='com.tetherfi.test.ivr.OperatingHoursTest.AddNewOperatingHoursRecord()'><b>AddNewOperatingHoursRecord</b><br>Test class: com.tetherfi.test.ivr.OperatingHoursTest</td>
<td></td>
<td>17</td>
<td>com.tetherfi.test.ivr.OperatingHoursTest@32eae6f2</td></tr>
<tr>
<td title='com.tetherfi.test.ivr.OperatingHoursTest.DeleteNoRecord()'><b>DeleteNoRecord</b><br>Test class: com.tetherfi.test.ivr.OperatingHoursTest</td>
<td></td>
<td>8</td>
<td>com.tetherfi.test.ivr.OperatingHoursTest@32eae6f2</td></tr>
<tr>
<td title='com.tetherfi.test.ivr.OperatingHoursTest.DeleteOperatinghoursRecord()'><b>DeleteOperatinghoursRecord</b><br>Test class: com.tetherfi.test.ivr.OperatingHoursTest</td>
<td></td>
<td>7</td>
<td>com.tetherfi.test.ivr.OperatingHoursTest@32eae6f2</td></tr>
<tr>
<td title='com.tetherfi.test.ivr.OperatingHoursTest.EditInvalidRecord()'><b>EditInvalidRecord</b><br>Test class: com.tetherfi.test.ivr.OperatingHoursTest</td>
<td></td>
<td>23</td>
<td>com.tetherfi.test.ivr.OperatingHoursTest@32eae6f2</td></tr>
<tr>
<td title='com.tetherfi.test.ivr.OperatingHoursTest.EditOperatingHoursCancelRecord()'><b>EditOperatingHoursCancelRecord</b><br>Test class: com.tetherfi.test.ivr.OperatingHoursTest</td>
<td></td>
<td>11</td>
<td>com.tetherfi.test.ivr.OperatingHoursTest@32eae6f2</td></tr>
<tr>
<td title='com.tetherfi.test.ivr.OperatingHoursTest.EditOperatingHoursRecord()'><b>EditOperatingHoursRecord</b><br>Test class: com.tetherfi.test.ivr.OperatingHoursTest</td>
<td></td>
<td>11</td>
<td>com.tetherfi.test.ivr.OperatingHoursTest@32eae6f2</td></tr>
<tr>
<td title='com.tetherfi.test.ivr.OperatingHoursTest.EditRecordWithoutReason()'><b>EditRecordWithoutReason</b><br>Test class: com.tetherfi.test.ivr.OperatingHoursTest</td>
<td></td>
<td>10</td>
<td>com.tetherfi.test.ivr.OperatingHoursTest@32eae6f2</td></tr>
<tr>
<td title='com.tetherfi.test.ivr.OperatingHoursTest.ExportToExcel()'><b>ExportToExcel</b><br>Test class: com.tetherfi.test.ivr.OperatingHoursTest</td>
<td></td>
<td>2</td>
<td>com.tetherfi.test.ivr.OperatingHoursTest@32eae6f2</td></tr>
<tr>
<td title='com.tetherfi.test.ivr.OperatingHoursTest.ExportToExcelData()'><b>ExportToExcelData</b><br>Test class: com.tetherfi.test.ivr.OperatingHoursTest</td>
<td></td>
<td>15</td>
<td>com.tetherfi.test.ivr.OperatingHoursTest@32eae6f2</td></tr>
<tr>
<td title='com.tetherfi.test.ivr.OperatingHoursTest.ExporttoExcelWithoutData()'><b>ExporttoExcelWithoutData</b><br>Test class: com.tetherfi.test.ivr.OperatingHoursTest</td>
<td></td>
<td>3</td>
<td>com.tetherfi.test.ivr.OperatingHoursTest@32eae6f2</td></tr>
<tr>
<td title='com.tetherfi.test.ivr.OperatingHoursTest.GroupBy()'><b>GroupBy</b><br>Test class: com.tetherfi.test.ivr.OperatingHoursTest</td>
<td></td>
<td>3</td>
<td>com.tetherfi.test.ivr.OperatingHoursTest@32eae6f2</td></tr>
<tr>
<td title='com.tetherfi.test.ivr.OperatingHoursTest.OperatingHoursPage()'><b>OperatingHoursPage</b><br>Test class: com.tetherfi.test.ivr.OperatingHoursTest</td>
<td></td>
<td>1</td>
<td>com.tetherfi.test.ivr.OperatingHoursTest@32eae6f2</td></tr>
<tr>
<td title='com.tetherfi.test.ivr.OperatingHoursTest.SortingByAscending()'><b>SortingByAscending</b><br>Test class: com.tetherfi.test.ivr.OperatingHoursTest</td>
<td></td>
<td>17</td>
<td>com.tetherfi.test.ivr.OperatingHoursTest@32eae6f2</td></tr>
<tr>
<td title='com.tetherfi.test.ivr.OperatingHoursTest.SortingByDescending()'><b>SortingByDescending</b><br>Test class: com.tetherfi.test.ivr.OperatingHoursTest</td>
<td></td>
<td>19</td>
<td>com.tetherfi.test.ivr.OperatingHoursTest@32eae6f2</td></tr>
<tr>
<td title='com.tetherfi.test.ivr.OperatingHoursTest.VerifyArrowMoveForFirstAndLastPage()'><b>VerifyArrowMoveForFirstAndLastPage</b><br>Test class: com.tetherfi.test.ivr.OperatingHoursTest</td>
<td></td>
<td>0</td>
<td>com.tetherfi.test.ivr.OperatingHoursTest@32eae6f2</td></tr>
<tr>
<td title='com.tetherfi.test.ivr.OperatingHoursTest.VerifyArrowMoveForPreviousAndNextPage()'><b>VerifyArrowMoveForPreviousAndNextPage</b><br>Test class: com.tetherfi.test.ivr.OperatingHoursTest</td>
<td></td>
<td>0</td>
<td>com.tetherfi.test.ivr.OperatingHoursTest@32eae6f2</td></tr>
<tr>
<td title='com.tetherfi.test.ivr.OperatingHoursTest.VerifyColumnsHeaderDisable()'><b>VerifyColumnsHeaderDisable</b><br>Test class: com.tetherfi.test.ivr.OperatingHoursTest</td>
<td></td>
<td>6</td>
<td>com.tetherfi.test.ivr.OperatingHoursTest@32eae6f2</td></tr>
<tr>
<td title='com.tetherfi.test.ivr.OperatingHoursTest.VerifyColumnsHeaderEnable()'><b>VerifyColumnsHeaderEnable</b><br>Test class: com.tetherfi.test.ivr.OperatingHoursTest</td>
<td></td>
<td>5</td>
<td>com.tetherfi.test.ivr.OperatingHoursTest@32eae6f2</td></tr>
<tr>
<td title='com.tetherfi.test.ivr.OperatingHoursTest.VerifyDropdownForAllTheColumns()'><b>VerifyDropdownForAllTheColumns</b><br>Test class: com.tetherfi.test.ivr.OperatingHoursTest</td>
<td></td>
<td>49</td>
<td>com.tetherfi.test.ivr.OperatingHoursTest@32eae6f2</td></tr>
<tr>
<td title='com.tetherfi.test.ivr.OperatingHoursTest.VerifyNumberOfItemsPerPageSelection()'><b>VerifyNumberOfItemsPerPageSelection</b><br>Test class: com.tetherfi.test.ivr.OperatingHoursTest</td>
<td></td>
<td>9</td>
<td>com.tetherfi.test.ivr.OperatingHoursTest@32eae6f2</td></tr>
<tr>
<td title='com.tetherfi.test.ivr.OperatingHoursTest.VerifySearchDoesNotContains()'><b>VerifySearchDoesNotContains</b><br>Test class: com.tetherfi.test.ivr.OperatingHoursTest</td>
<td></td>
<td>10</td>
<td>com.tetherfi.test.ivr.OperatingHoursTest@32eae6f2</td></tr>
<tr>
<td title='com.tetherfi.test.ivr.OperatingHoursTest.VerifySearchIsNotEqualTo()'><b>VerifySearchIsNotEqualTo</b><br>Test class: com.tetherfi.test.ivr.OperatingHoursTest</td>
<td></td>
<td>13</td>
<td>com.tetherfi.test.ivr.OperatingHoursTest@32eae6f2</td></tr>
<tr>
<td title='com.tetherfi.test.ivr.OperatingHoursTest.VerifySearchStartsWith()'><b>VerifySearchStartsWith</b><br>Test class: com.tetherfi.test.ivr.OperatingHoursTest</td>
<td></td>
<td>5</td>
<td>com.tetherfi.test.ivr.OperatingHoursTest@32eae6f2</td></tr>
<tr>
<td title='com.tetherfi.test.ivr.OperatingHoursTest.VerifyTotalNumberOfItemsPerPageDetails()'><b>VerifyTotalNumberOfItemsPerPageDetails</b><br>Test class: com.tetherfi.test.ivr.OperatingHoursTest</td>
<td></td>
<td>0</td>
<td>com.tetherfi.test.ivr.OperatingHoursTest@32eae6f2</td></tr>
<tr>
<td title='com.tetherfi.test.ivr.OperatingHoursTest.database()'><b>database</b><br>Test class: com.tetherfi.test.ivr.OperatingHoursTest</td>
<td></td>
<td>10</td>
<td>com.tetherfi.test.ivr.OperatingHoursTest@32eae6f2</td></tr>
<tr>
<td title='com.tetherfi.test.ivr.OperatingHoursTest.searchPage()'><b>searchPage</b><br>Test class: com.tetherfi.test.ivr.OperatingHoursTest</td>
<td></td>
<td>4</td>
<td>com.tetherfi.test.ivr.OperatingHoursTest@32eae6f2</td></tr>
</table><p>
</body>
</html>