<?xml version="1.0" encoding="UTF-8"?>
<!-- Generated by org.testng.reporters.JUnitXMLReporter -->
<testsuite ignored="0" hostname="DESKTOP-O6A5C2O" failures="2" tests="20" name="RoleBasedAccessManagementCreateTest" time="953.203" errors="0" timestamp="2020-03-17T01:45:20 IST">
  <testcase classname="com.tetherfi.test.RoleBasedAccessManagementCreateTest" name="VerifyAddCancelButton" time="3.625"/>
  <testcase classname="com.tetherfi.test.RoleBasedAccessManagementCreateTest" name="VerifyAddRecordWithoutRole" time="2.432"/>
  <testcase classname="com.tetherfi.test.RoleBasedAccessManagementCreateTest" name="AddRevertRecord" time="4.415"/>
  <testcase classname="com.tetherfi.test.RoleBasedAccessManagementCreateTest" name="VerifyRevertForAddNewRecord" time="9.966"/>
  <testcase classname="com.tetherfi.test.RoleBasedAccessManagementCreateTest" name="VerifyApprovedDataSectionWithoutApproval" time="2.535">
    <failure type="org.openqa.selenium.StaleElementReferenceException" message="stale element reference: element is not attached to the page document
  (Session info: chrome=78.0.3904.70)
For documentation on this error, please visit: https://www.seleniumhq.org/exceptions/stale_element_reference.html
Build info: version: &amp;apos;3.141.59&amp;apos;, revision: &amp;apos;e82be7d358&amp;apos;, time: &amp;apos;2018-11-14T08:17:03&amp;apos;
System info: host: &amp;apos;DESKTOP-O6A5C2O&amp;apos;, ip: &amp;apos;10.0.75.1&amp;apos;, os.name: &amp;apos;Windows 10&amp;apos;, os.arch: &amp;apos;amd64&amp;apos;, os.version: &amp;apos;10.0&amp;apos;, java.version: &amp;apos;9.0.4&amp;apos;
Driver info: org.openqa.selenium.chrome.ChromeDriver
Capabilities {acceptInsecureCerts: false, browserName: chrome, browserVersion: 78.0.3904.70, chrome: {chromedriverVersion: 78.0.3904.105 (60e2d8774a81..., userDataDir: C:\Users\admin\AppData\Loca...}, goog:chromeOptions: {debuggerAddress: localhost:56626}, javascriptEnabled: true, networkConnectionEnabled: false, pageLoadStrategy: normal, platform: XP, platformName: XP, proxy: Proxy(), setWindowRect: true, strictFileInteractability: false, timeouts: {implicit: 0, pageLoad: 300000, script: 30000}, unhandledPromptBehavior: dismiss and notify}
Session ID: fe6bf98d7598592d302443c37b6c464d">
      <![CDATA[org.openqa.selenium.StaleElementReferenceException: stale element reference: element is not attached to the page document
  (Session info: chrome=78.0.3904.70)
For documentation on this error, please visit: https://www.seleniumhq.org/exceptions/stale_element_reference.html
Build info: version: '3.141.59', revision: 'e82be7d358', time: '2018-11-14T08:17:03'
System info: host: 'DESKTOP-O6A5C2O', ip: '10.0.75.1', os.name: 'Windows 10', os.arch: 'amd64', os.version: '10.0', java.version: '9.0.4'
Driver info: org.openqa.selenium.chrome.ChromeDriver
Capabilities {acceptInsecureCerts: false, browserName: chrome, browserVersion: 78.0.3904.70, chrome: {chromedriverVersion: 78.0.3904.105 (60e2d8774a81..., userDataDir: C:\Users\admin\AppData\Loca...}, goog:chromeOptions: {debuggerAddress: localhost:56626}, javascriptEnabled: true, networkConnectionEnabled: false, pageLoadStrategy: normal, platform: XP, platformName: XP, proxy: Proxy(), setWindowRect: true, strictFileInteractability: false, timeouts: {implicit: 0, pageLoad: 300000, script: 30000}, unhandledPromptBehavior: dismiss and notify}
Session ID: fe6bf98d7598592d302443c37b6c464d
at org.openqa.selenium.remote.http.W3CHttpResponseCodec.createException(W3CHttpResponseCodec.java:187)
at org.openqa.selenium.remote.http.W3CHttpResponseCodec.decode(W3CHttpResponseCodec.java:122)
at org.openqa.selenium.remote.http.W3CHttpResponseCodec.decode(W3CHttpResponseCodec.java:49)
at org.openqa.selenium.remote.HttpCommandExecutor.execute(HttpCommandExecutor.java:158)
at org.openqa.selenium.remote.service.DriverCommandExecutor.execute(DriverCommandExecutor.java:83)
at org.openqa.selenium.remote.RemoteWebDriver.execute(RemoteWebDriver.java:552)
at org.openqa.selenium.remote.RemoteWebElement.execute(RemoteWebElement.java:285)
at org.openqa.selenium.remote.RemoteWebElement.isDisplayed(RemoteWebElement.java:326)
at org.openqa.selenium.support.ui.ExpectedConditions.elementIfVisible(ExpectedConditions.java:314)
at org.openqa.selenium.support.ui.ExpectedConditions.access$000(ExpectedConditions.java:43)
at org.openqa.selenium.support.ui.ExpectedConditions$10.apply(ExpectedConditions.java:300)
at org.openqa.selenium.support.ui.ExpectedConditions$10.apply(ExpectedConditions.java:297)
at org.openqa.selenium.support.ui.FluentWait.until(FluentWait.java:249)
at com.tetherfi.pages.BasePage.waitUntilWebElementListIsVisible(BasePage.java:139)
at com.tetherfi.pages.BasePage.selectDropdownFromVisibleText(BasePage.java:335)
at com.tetherfi.pages.RoleBasedAccessManagementPage.searchRoleBasedAccessManagementRecordApprovedData(RoleBasedAccessManagementPage.java:916)
at com.tetherfi.pages.RoleBasedAccessManagementPage.verifyApprovedSectionData(RoleBasedAccessManagementPage.java:904)
at com.tetherfi.test.RoleBasedAccessManagementCreateTest.VerifyApprovedDataSectionWithoutApproval(RoleBasedAccessManagementCreateTest.java:109)
at java.base/java.util.ArrayList.forEach(Unknown Source)
... Removed 31 stack frames]]>
    </failure>
  </testcase> <!-- VerifyApprovedDataSectionWithoutApproval -->
  <testcase classname="com.tetherfi.test.RoleBasedAccessManagementCreateTest" name="VerifyAuditTrailReportForRevert" time="0.0">
    <skipped/>
  </testcase> <!-- VerifyAuditTrailReportForRevert -->
  <testcase classname="com.tetherfi.test.RoleBasedAccessManagementCreateTest" name="AddRejectRecord" time="4.359"/>
  <testcase classname="com.tetherfi.test.RoleBasedAccessManagementCreateTest" name="VerifySendForApprovalForAddNewRecord" time="10.006"/>
  <testcase classname="com.tetherfi.test.RoleBasedAccessManagementCreateTest" name="RejectforAddNewNewRoleBasedAccessManagementRecord" time="11.779"/>
  <testcase classname="com.tetherfi.test.RoleBasedAccessManagementCreateTest" name="VerifyAuditTrailReportForReject" time="23.875"/>
  <testcase classname="com.tetherfi.test.RoleBasedAccessManagementCreateTest" name="VerifyRecordAfterRejection" time="2.375">
    <failure type="org.openqa.selenium.StaleElementReferenceException" message="stale element reference: element is not attached to the page document
  (Session info: chrome=78.0.3904.70)
For documentation on this error, please visit: https://www.seleniumhq.org/exceptions/stale_element_reference.html
Build info: version: &amp;apos;3.141.59&amp;apos;, revision: &amp;apos;e82be7d358&amp;apos;, time: &amp;apos;2018-11-14T08:17:03&amp;apos;
System info: host: &amp;apos;DESKTOP-O6A5C2O&amp;apos;, ip: &amp;apos;10.0.75.1&amp;apos;, os.name: &amp;apos;Windows 10&amp;apos;, os.arch: &amp;apos;amd64&amp;apos;, os.version: &amp;apos;10.0&amp;apos;, java.version: &amp;apos;9.0.4&amp;apos;
Driver info: org.openqa.selenium.chrome.ChromeDriver
Capabilities {acceptInsecureCerts: false, browserName: chrome, browserVersion: 78.0.3904.70, chrome: {chromedriverVersion: 78.0.3904.105 (60e2d8774a81..., userDataDir: C:\Users\admin\AppData\Loca...}, goog:chromeOptions: {debuggerAddress: localhost:56791}, javascriptEnabled: true, networkConnectionEnabled: false, pageLoadStrategy: normal, platform: XP, platformName: XP, proxy: Proxy(), setWindowRect: true, strictFileInteractability: false, timeouts: {implicit: 0, pageLoad: 300000, script: 30000}, unhandledPromptBehavior: dismiss and notify}
Session ID: 85c67aa36cd315642bc6844324e39f15">
      <![CDATA[org.openqa.selenium.StaleElementReferenceException: stale element reference: element is not attached to the page document
  (Session info: chrome=78.0.3904.70)
For documentation on this error, please visit: https://www.seleniumhq.org/exceptions/stale_element_reference.html
Build info: version: '3.141.59', revision: 'e82be7d358', time: '2018-11-14T08:17:03'
System info: host: 'DESKTOP-O6A5C2O', ip: '10.0.75.1', os.name: 'Windows 10', os.arch: 'amd64', os.version: '10.0', java.version: '9.0.4'
Driver info: org.openqa.selenium.chrome.ChromeDriver
Capabilities {acceptInsecureCerts: false, browserName: chrome, browserVersion: 78.0.3904.70, chrome: {chromedriverVersion: 78.0.3904.105 (60e2d8774a81..., userDataDir: C:\Users\admin\AppData\Loca...}, goog:chromeOptions: {debuggerAddress: localhost:56791}, javascriptEnabled: true, networkConnectionEnabled: false, pageLoadStrategy: normal, platform: XP, platformName: XP, proxy: Proxy(), setWindowRect: true, strictFileInteractability: false, timeouts: {implicit: 0, pageLoad: 300000, script: 30000}, unhandledPromptBehavior: dismiss and notify}
Session ID: 85c67aa36cd315642bc6844324e39f15
at org.openqa.selenium.remote.http.W3CHttpResponseCodec.createException(W3CHttpResponseCodec.java:187)
at org.openqa.selenium.remote.http.W3CHttpResponseCodec.decode(W3CHttpResponseCodec.java:122)
at org.openqa.selenium.remote.http.W3CHttpResponseCodec.decode(W3CHttpResponseCodec.java:49)
at org.openqa.selenium.remote.HttpCommandExecutor.execute(HttpCommandExecutor.java:158)
at org.openqa.selenium.remote.service.DriverCommandExecutor.execute(DriverCommandExecutor.java:83)
at org.openqa.selenium.remote.RemoteWebDriver.execute(RemoteWebDriver.java:552)
at org.openqa.selenium.remote.RemoteWebElement.execute(RemoteWebElement.java:285)
at org.openqa.selenium.remote.RemoteWebElement.isDisplayed(RemoteWebElement.java:326)
at org.openqa.selenium.support.ui.ExpectedConditions.elementIfVisible(ExpectedConditions.java:314)
at org.openqa.selenium.support.ui.ExpectedConditions.access$000(ExpectedConditions.java:43)
at org.openqa.selenium.support.ui.ExpectedConditions$10.apply(ExpectedConditions.java:300)
at org.openqa.selenium.support.ui.ExpectedConditions$10.apply(ExpectedConditions.java:297)
at org.openqa.selenium.support.ui.FluentWait.until(FluentWait.java:249)
at com.tetherfi.pages.BasePage.waitUntilWebElementListIsVisible(BasePage.java:139)
at com.tetherfi.pages.BasePage.selectDropdownFromVisibleText(BasePage.java:335)
at com.tetherfi.pages.RoleBasedAccessManagementPage.searchRoleBasedAccessManagementRecordApprovedData(RoleBasedAccessManagementPage.java:916)
at com.tetherfi.pages.RoleBasedAccessManagementPage.verifyApprovedSectionData(RoleBasedAccessManagementPage.java:904)
at com.tetherfi.test.RoleBasedAccessManagementCreateTest.VerifyRecordAfterRejection(RoleBasedAccessManagementCreateTest.java:175)
at java.base/java.util.ArrayList.forEach(Unknown Source)
... Removed 31 stack frames]]>
    </failure>
  </testcase> <!-- VerifyRecordAfterRejection -->
  <testcase classname="com.tetherfi.test.RoleBasedAccessManagementCreateTest" name="AddNewNewRoleBasedAccessManagementRecord" time="4.241"/>
  <testcase classname="com.tetherfi.test.RoleBasedAccessManagementCreateTest" name="VerifyAuditTrailReportForCreate" time="22.894"/>
  <testcase classname="com.tetherfi.test.RoleBasedAccessManagementCreateTest" name="VerifyAuditTrailDataForAddNewNewRoleBasedAccessManagementRecord" time="5.912"/>
  <testcase classname="com.tetherfi.test.RoleBasedAccessManagementCreateTest" name="VerifySendForApprovalForAddNewNewRoleBasedAccessManagementRecord" time="9.857"/>
  <testcase classname="com.tetherfi.test.RoleBasedAccessManagementCreateTest" name="VerifyAuditTrailReportForSendForApproval" time="23.189"/>
  <testcase classname="com.tetherfi.test.RoleBasedAccessManagementCreateTest" name="ApproveforAddNewNewRoleBasedAccessManagementRecord" time="13.354"/>
  <testcase classname="com.tetherfi.test.RoleBasedAccessManagementCreateTest" name="VerifyAuditTrailReportForApprove" time="24.102"/>
  <testcase classname="com.tetherfi.test.RoleBasedAccessManagementCreateTest" name="VerifyRecordApprovedDataSectionafterApproval" time="3.289"/>
  <testcase classname="com.tetherfi.test.RoleBasedAccessManagementCreateTest" name="AddDuplicateRecord" time="3.269"/>
</testsuite> <!-- RoleBasedAccessManagementCreateTest -->
