<?xml version="1.0" encoding="UTF-8"?>
<!-- Generated by org.testng.reporters.JUnitXMLReporter -->
<testsuite ignored="0" hostname="DESKTOP-O6A5C2O" failures="2" tests="16" name="RoleBasedAccessManagementUpdateTest" time="792.879" errors="0" timestamp="2020-03-06T14:28:37 IST">
  <testcase classname="com.tetherfi.test.RoleBasedAccessManagementUpdateTest" name="EditCancelRoleBasedAccessManagementRecord" time="5.403">
    <failure type="org.openqa.selenium.StaleElementReferenceException" message="stale element reference: element is not attached to the page document
  (Session info: chrome=78.0.3904.70)
For documentation on this error, please visit: https://www.seleniumhq.org/exceptions/stale_element_reference.html
Build info: version: &amp;apos;3.141.59&amp;apos;, revision: &amp;apos;e82be7d358&amp;apos;, time: &amp;apos;2018-11-14T08:17:03&amp;apos;
System info: host: &amp;apos;DESKTOP-O6A5C2O&amp;apos;, ip: &amp;apos;10.0.75.1&amp;apos;, os.name: &amp;apos;Windows 10&amp;apos;, os.arch: &amp;apos;amd64&amp;apos;, os.version: &amp;apos;10.0&amp;apos;, java.version: &amp;apos;9.0.4&amp;apos;
Driver info: org.openqa.selenium.chrome.ChromeDriver
Capabilities {acceptInsecureCerts: false, browserName: chrome, browserVersion: 78.0.3904.70, chrome: {chromedriverVersion: 78.0.3904.105 (60e2d8774a81..., userDataDir: C:\Users\admin\AppData\Loca...}, goog:chromeOptions: {debuggerAddress: localhost:51229}, javascriptEnabled: true, networkConnectionEnabled: false, pageLoadStrategy: normal, platform: XP, platformName: XP, proxy: Proxy(), setWindowRect: true, strictFileInteractability: false, timeouts: {implicit: 0, pageLoad: 300000, script: 30000}, unhandledPromptBehavior: dismiss and notify}
Session ID: 3c50d91b13657c0e9d078a88ece01d52">
      <![CDATA[org.openqa.selenium.StaleElementReferenceException: stale element reference: element is not attached to the page document
  (Session info: chrome=78.0.3904.70)
For documentation on this error, please visit: https://www.seleniumhq.org/exceptions/stale_element_reference.html
Build info: version: '3.141.59', revision: 'e82be7d358', time: '2018-11-14T08:17:03'
System info: host: 'DESKTOP-O6A5C2O', ip: '10.0.75.1', os.name: 'Windows 10', os.arch: 'amd64', os.version: '10.0', java.version: '9.0.4'
Driver info: org.openqa.selenium.chrome.ChromeDriver
Capabilities {acceptInsecureCerts: false, browserName: chrome, browserVersion: 78.0.3904.70, chrome: {chromedriverVersion: 78.0.3904.105 (60e2d8774a81..., userDataDir: C:\Users\admin\AppData\Loca...}, goog:chromeOptions: {debuggerAddress: localhost:51229}, javascriptEnabled: true, networkConnectionEnabled: false, pageLoadStrategy: normal, platform: XP, platformName: XP, proxy: Proxy(), setWindowRect: true, strictFileInteractability: false, timeouts: {implicit: 0, pageLoad: 300000, script: 30000}, unhandledPromptBehavior: dismiss and notify}
Session ID: 3c50d91b13657c0e9d078a88ece01d52
at org.openqa.selenium.remote.http.W3CHttpResponseCodec.createException(W3CHttpResponseCodec.java:187)
at org.openqa.selenium.remote.http.W3CHttpResponseCodec.decode(W3CHttpResponseCodec.java:122)
at org.openqa.selenium.remote.http.W3CHttpResponseCodec.decode(W3CHttpResponseCodec.java:49)
at org.openqa.selenium.remote.HttpCommandExecutor.execute(HttpCommandExecutor.java:158)
at org.openqa.selenium.remote.service.DriverCommandExecutor.execute(DriverCommandExecutor.java:83)
at org.openqa.selenium.remote.RemoteWebDriver.execute(RemoteWebDriver.java:552)
at org.openqa.selenium.remote.RemoteWebElement.execute(RemoteWebElement.java:285)
at org.openqa.selenium.remote.RemoteWebElement.isDisplayed(RemoteWebElement.java:326)
at org.openqa.selenium.support.ui.ExpectedConditions.elementIfVisible(ExpectedConditions.java:314)
at org.openqa.selenium.support.ui.ExpectedConditions.access$000(ExpectedConditions.java:43)
at org.openqa.selenium.support.ui.ExpectedConditions$10.apply(ExpectedConditions.java:300)
at org.openqa.selenium.support.ui.ExpectedConditions$10.apply(ExpectedConditions.java:297)
at org.openqa.selenium.support.ui.FluentWait.until(FluentWait.java:249)
at com.tetherfi.pages.BasePage.waitUntilWebElementListIsVisible(BasePage.java:139)
at com.tetherfi.pages.BasePage.selectDropdownFromVisibleText(BasePage.java:335)
at com.tetherfi.pages.RoleBasedAccessManagementPage.searchRoleBasedAccessManagementRecord(RoleBasedAccessManagementPage.java:354)
at com.tetherfi.pages.RoleBasedAccessManagementPage.EditCancel(RoleBasedAccessManagementPage.java:1140)
at com.tetherfi.test.RoleBasedAccessManagementUpdateTest.EditCancelRoleBasedAccessManagementRecord(RoleBasedAccessManagementUpdateTest.java:69)
at java.base/java.util.ArrayList.forEach(Unknown Source)
... Removed 31 stack frames]]>
    </failure>
  </testcase> <!-- EditCancelRoleBasedAccessManagementRecord -->
  <testcase classname="com.tetherfi.test.RoleBasedAccessManagementUpdateTest" name="EditRevertRoleBasedAccessManagementRecord" time="11.167"/>
  <testcase classname="com.tetherfi.test.RoleBasedAccessManagementUpdateTest" name="VerifyRevertForEditRecord" time="9.914"/>
  <testcase classname="com.tetherfi.test.RoleBasedAccessManagementUpdateTest" name="VerifyAuditTrialReportForRevertUpdate" time="23.383"/>
  <testcase classname="com.tetherfi.test.RoleBasedAccessManagementUpdateTest" name="EditRejectRecord" time="11.762"/>
  <testcase classname="com.tetherfi.test.RoleBasedAccessManagementUpdateTest" name="VerifySendForApprovalForEditRejectRecord" time="10.081"/>
  <testcase classname="com.tetherfi.test.RoleBasedAccessManagementUpdateTest" name="RejectforEditRoleBasedAccessManagementRecord" time="11.834"/>
  <testcase classname="com.tetherfi.test.RoleBasedAccessManagementUpdateTest" name="VerifyAuditTrailReportForReject" time="23.526"/>
  <testcase classname="com.tetherfi.test.RoleBasedAccessManagementUpdateTest" name="EditRoleBasedAccessManagementRecord" time="10.959"/>
  <testcase classname="com.tetherfi.test.RoleBasedAccessManagementUpdateTest" name="VerifyAuditTrailDataForEditRoleBasedAccessManagementRecord" time="5.865">
    <failure type="java.lang.AssertionError" message="Audit trail details failed did not expect to find [true] but found [false]">
      <![CDATA[java.lang.AssertionError: Audit trail details failed did not expect to find [true] but found [false]
at com.tetherfi.test.RoleBasedAccessManagementUpdateTest.VerifyAuditTrailDataForEditRoleBasedAccessManagementRecord(RoleBasedAccessManagementUpdateTest.java:165)
at java.base/java.util.ArrayList.forEach(Unknown Source)
... Removed 30 stack frames]]>
    </failure>
  </testcase> <!-- VerifyAuditTrailDataForEditRoleBasedAccessManagementRecord -->
  <testcase classname="com.tetherfi.test.RoleBasedAccessManagementUpdateTest" name="VerifyAuditTrialReportForUpdate" time="23.677"/>
  <testcase classname="com.tetherfi.test.RoleBasedAccessManagementUpdateTest" name="VerifySendForApprovalForEditRecord" time="9.965"/>
  <testcase classname="com.tetherfi.test.RoleBasedAccessManagementUpdateTest" name="VerifyAuditTrialReportForSendForApprovalUpdate" time="22.982"/>
  <testcase classname="com.tetherfi.test.RoleBasedAccessManagementUpdateTest" name="ApproveforEditRoleBasedAccessManagementRecord" time="12.368"/>
  <testcase classname="com.tetherfi.test.RoleBasedAccessManagementUpdateTest" name="VerifyAuditTrailReportForApprove" time="22.844"/>
  <testcase classname="com.tetherfi.test.RoleBasedAccessManagementUpdateTest" name="EditRecordWithoutModifyReason" time="8.945"/>
</testsuite> <!-- RoleBasedAccessManagementUpdateTest -->
