<?xml version="1.0" encoding="UTF-8"?>
<!-- Generated by org.testng.reporters.JUnitXMLReporter -->
<testsuite ignored="0" hostname="admin" failures="48" tests="68" name="Template" time="1180.342" errors="0" timestamp="2021-06-04T10:49:30 IST">
  <testcase classname="com.tetherfi.test.tmac.Templates_TemplateTabTest" name="VerifyaddBtn" time="0.396"/>
  <testcase classname="com.tetherfi.test.tmac.Templates_TemplateTabTest" name="AddnewtemplateRecordWithDuplicateOrgunit" time="69.056">
    <failure type="java.lang.IndexOutOfBoundsException" message="Index 0 out of bounds for length 0">
      <![CDATA[java.lang.IndexOutOfBoundsException: Index 0 out of bounds for length 0
at java.base/jdk.internal.util.Preconditions.outOfBounds(Preconditions.java:64)
at java.base/jdk.internal.util.Preconditions.outOfBoundsCheckIndex(Preconditions.java:70)
at java.base/jdk.internal.util.Preconditions.checkIndex(Preconditions.java:248)
at java.base/java.util.Objects.checkIndex(Objects.java:373)
at java.base/java.util.ArrayList.get(ArrayList.java:427)
at org.openqa.selenium.support.pagefactory.internal.LocatingElementListHandler.invoke(LocatingElementListHandler.java:39)
at com.sun.proxy.$Proxy17.get(Unknown Source)
at com.tetherfi.pages.AgentTemplatePage.getErrorMsg(AgentTemplatePage.java:1574)
at com.tetherfi.test.tmac.Templates_TemplateTabTest.AddnewtemplateRecordWithDuplicateOrgunit(Templates_TemplateTabTest.java:55)
at java.base/java.util.ArrayList.forEach(ArrayList.java:1511)
... Removed 31 stack frames]]>
    </failure>
  </testcase> <!-- AddnewtemplateRecordWithDuplicateOrgunit -->
  <testcase classname="com.tetherfi.test.tmac.Templates_TemplateTabTest" name="AddnewtemplateRecord" time="7.001">
    <failure type="org.openqa.selenium.ElementClickInterceptedException" message="element click intercepted: Element &amp;lt;span unselectable=&amp;quot;on&amp;quot; class=&amp;quot;k-input&amp;quot;&amp;gt;...&amp;lt;/span&amp;gt; is not clickable at point (668, 211). Other element would receive the click: &amp;lt;div class=&amp;quot;k-mid&amp;quot;&amp;gt;...&amp;lt;/div&amp;gt;
  (Session info: chrome=91.0.4472.77)
Build info: version: &amp;apos;3.141.59&amp;apos;, revision: &amp;apos;e82be7d358&amp;apos;, time: &amp;apos;2018-11-14T08:17:03&amp;apos;
System info: host: &amp;apos;ADMIN&amp;apos;, ip: &amp;apos;192.168.50.8&amp;apos;, os.name: &amp;apos;Windows 8.1&amp;apos;, os.arch: &amp;apos;amd64&amp;apos;, os.version: &amp;apos;6.3&amp;apos;, java.version: &amp;apos;14.0.2&amp;apos;
Driver info: org.openqa.selenium.chrome.ChromeDriver
Capabilities {acceptInsecureCerts: false, browserName: chrome, browserVersion: 91.0.4472.77, chrome: {chromedriverVersion: 90.0.4430.24 (4c6d850f087da..., userDataDir: C:\Users\ADMINP~1\AppData\L...}, goog:chromeOptions: {debuggerAddress: localhost:56513}, javascriptEnabled: true, networkConnectionEnabled: false, pageLoadStrategy: normal, platform: WINDOWS, platformName: WINDOWS, proxy: Proxy(), setWindowRect: true, strictFileInteractability: false, timeouts: {implicit: 0, pageLoad: 300000, script: 30000}, unhandledPromptBehavior: dismiss and notify, webauthn:extension:largeBlob: true, webauthn:virtualAuthenticators: true}
Session ID: 549bf24b3b173d21e8222e6848bdfda1">
      <![CDATA[org.openqa.selenium.ElementClickInterceptedException: element click intercepted: Element <span unselectable="on" class="k-input">...</span> is not clickable at point (668, 211). Other element would receive the click: <div class="k-mid">...</div>
  (Session info: chrome=91.0.4472.77)
Build info: version: '3.141.59', revision: 'e82be7d358', time: '2018-11-14T08:17:03'
System info: host: 'ADMIN', ip: '192.168.50.8', os.name: 'Windows 8.1', os.arch: 'amd64', os.version: '6.3', java.version: '14.0.2'
Driver info: org.openqa.selenium.chrome.ChromeDriver
Capabilities {acceptInsecureCerts: false, browserName: chrome, browserVersion: 91.0.4472.77, chrome: {chromedriverVersion: 90.0.4430.24 (4c6d850f087da..., userDataDir: C:\Users\ADMINP~1\AppData\L...}, goog:chromeOptions: {debuggerAddress: localhost:56513}, javascriptEnabled: true, networkConnectionEnabled: false, pageLoadStrategy: normal, platform: WINDOWS, platformName: WINDOWS, proxy: Proxy(), setWindowRect: true, strictFileInteractability: false, timeouts: {implicit: 0, pageLoad: 300000, script: 30000}, unhandledPromptBehavior: dismiss and notify, webauthn:extension:largeBlob: true, webauthn:virtualAuthenticators: true}
Session ID: 549bf24b3b173d21e8222e6848bdfda1
at org.openqa.selenium.remote.http.W3CHttpResponseCodec.createException(W3CHttpResponseCodec.java:187)
at org.openqa.selenium.remote.http.W3CHttpResponseCodec.decode(W3CHttpResponseCodec.java:122)
at org.openqa.selenium.remote.http.W3CHttpResponseCodec.decode(W3CHttpResponseCodec.java:49)
at org.openqa.selenium.remote.HttpCommandExecutor.execute(HttpCommandExecutor.java:158)
at org.openqa.selenium.remote.service.DriverCommandExecutor.execute(DriverCommandExecutor.java:83)
at org.openqa.selenium.remote.RemoteWebDriver.execute(RemoteWebDriver.java:552)
at org.openqa.selenium.remote.RemoteWebElement.execute(RemoteWebElement.java:285)
at org.openqa.selenium.remote.RemoteWebElement.click(RemoteWebElement.java:84)
at org.openqa.selenium.support.pagefactory.internal.LocatingElementHandler.invoke(LocatingElementHandler.java:51)
at com.sun.proxy.$Proxy16.click(Unknown Source)
at com.tetherfi.pages.BasePage.selectWebElement(BasePage.java:200)
at com.tetherfi.pages.AgentTemplatePage.addnewTemplateRecord(AgentTemplatePage.java:1512)
at com.tetherfi.test.tmac.Templates_TemplateTabTest.AddnewtemplateRecord(Templates_TemplateTabTest.java:64)
at java.base/java.util.ArrayList.forEach(ArrayList.java:1511)
... Removed 36 stack frames]]>
    </failure>
  </testcase> <!-- AddnewtemplateRecord -->
  <testcase classname="com.tetherfi.test.tmac.Templates_TemplateTabTest" name="AddRecWithoutOrgunit" time="1.936">
    <failure type="org.openqa.selenium.StaleElementReferenceException" message="stale element reference: element is not attached to the page document
  (Session info: chrome=91.0.4472.77)
For documentation on this error, please visit: https://www.seleniumhq.org/exceptions/stale_element_reference.html
Build info: version: &amp;apos;3.141.59&amp;apos;, revision: &amp;apos;e82be7d358&amp;apos;, time: &amp;apos;2018-11-14T08:17:03&amp;apos;
System info: host: &amp;apos;ADMIN&amp;apos;, ip: &amp;apos;192.168.50.8&amp;apos;, os.name: &amp;apos;Windows 8.1&amp;apos;, os.arch: &amp;apos;amd64&amp;apos;, os.version: &amp;apos;6.3&amp;apos;, java.version: &amp;apos;14.0.2&amp;apos;
Driver info: org.openqa.selenium.chrome.ChromeDriver
Capabilities {acceptInsecureCerts: false, browserName: chrome, browserVersion: 91.0.4472.77, chrome: {chromedriverVersion: 90.0.4430.24 (4c6d850f087da..., userDataDir: C:\Users\ADMINP~1\AppData\L...}, goog:chromeOptions: {debuggerAddress: localhost:56513}, javascriptEnabled: true, networkConnectionEnabled: false, pageLoadStrategy: normal, platform: WINDOWS, platformName: WINDOWS, proxy: Proxy(), setWindowRect: true, strictFileInteractability: false, timeouts: {implicit: 0, pageLoad: 300000, script: 30000}, unhandledPromptBehavior: dismiss and notify, webauthn:extension:largeBlob: true, webauthn:virtualAuthenticators: true}
Session ID: 549bf24b3b173d21e8222e6848bdfda1">
      <![CDATA[org.openqa.selenium.StaleElementReferenceException: stale element reference: element is not attached to the page document
  (Session info: chrome=91.0.4472.77)
For documentation on this error, please visit: https://www.seleniumhq.org/exceptions/stale_element_reference.html
Build info: version: '3.141.59', revision: 'e82be7d358', time: '2018-11-14T08:17:03'
System info: host: 'ADMIN', ip: '192.168.50.8', os.name: 'Windows 8.1', os.arch: 'amd64', os.version: '6.3', java.version: '14.0.2'
Driver info: org.openqa.selenium.chrome.ChromeDriver
Capabilities {acceptInsecureCerts: false, browserName: chrome, browserVersion: 91.0.4472.77, chrome: {chromedriverVersion: 90.0.4430.24 (4c6d850f087da..., userDataDir: C:\Users\ADMINP~1\AppData\L...}, goog:chromeOptions: {debuggerAddress: localhost:56513}, javascriptEnabled: true, networkConnectionEnabled: false, pageLoadStrategy: normal, platform: WINDOWS, platformName: WINDOWS, proxy: Proxy(), setWindowRect: true, strictFileInteractability: false, timeouts: {implicit: 0, pageLoad: 300000, script: 30000}, unhandledPromptBehavior: dismiss and notify, webauthn:extension:largeBlob: true, webauthn:virtualAuthenticators: true}
Session ID: 549bf24b3b173d21e8222e6848bdfda1
at org.openqa.selenium.remote.http.W3CHttpResponseCodec.createException(W3CHttpResponseCodec.java:187)
at org.openqa.selenium.remote.http.W3CHttpResponseCodec.decode(W3CHttpResponseCodec.java:122)
at org.openqa.selenium.remote.http.W3CHttpResponseCodec.decode(W3CHttpResponseCodec.java:49)
at org.openqa.selenium.remote.HttpCommandExecutor.execute(HttpCommandExecutor.java:158)
at org.openqa.selenium.remote.service.DriverCommandExecutor.execute(DriverCommandExecutor.java:83)
at org.openqa.selenium.remote.RemoteWebDriver.execute(RemoteWebDriver.java:552)
at org.openqa.selenium.remote.RemoteWebElement.execute(RemoteWebElement.java:285)
at org.openqa.selenium.remote.RemoteWebElement.isDisplayed(RemoteWebElement.java:326)
at org.openqa.selenium.support.ui.ExpectedConditions.elementIfVisible(ExpectedConditions.java:314)
at org.openqa.selenium.support.ui.ExpectedConditions.access$000(ExpectedConditions.java:43)
at org.openqa.selenium.support.ui.ExpectedConditions$10.apply(ExpectedConditions.java:300)
at org.openqa.selenium.support.ui.ExpectedConditions$10.apply(ExpectedConditions.java:297)
at org.openqa.selenium.support.ui.FluentWait.until(FluentWait.java:249)
at com.tetherfi.pages.BasePage.waitUntilWebElementListIsVisible(BasePage.java:136)
at com.tetherfi.pages.BasePage.selectDropdownFromVisibleText(BasePage.java:341)
at com.tetherfi.pages.AgentTemplatePage.addRecwithoutOrgUnit(AgentTemplatePage.java:1523)
at com.tetherfi.test.tmac.Templates_TemplateTabTest.AddRecWithoutOrgunit(Templates_TemplateTabTest.java:74)
at java.base/java.util.ArrayList.forEach(ArrayList.java:1511)
... Removed 32 stack frames]]>
    </failure>
  </testcase> <!-- AddRecWithoutOrgunit -->
  <testcase classname="com.tetherfi.test.tmac.Templates_TemplateTabTest" name="AddRecWithoutTemplateName" time="26.704"/>
  <testcase classname="com.tetherfi.test.tmac.Templates_TemplateTabTest" name="AddRecWithoutTheme" time="25.867"/>
  <testcase classname="com.tetherfi.test.tmac.Templates_TemplateTabTest" name="AddRecWithDuplicateTemplateName" time="6.739">
    <failure type="org.openqa.selenium.ElementClickInterceptedException" message="element click intercepted: Element &amp;lt;span unselectable=&amp;quot;on&amp;quot; class=&amp;quot;k-input&amp;quot;&amp;gt;...&amp;lt;/span&amp;gt; is not clickable at point (668, 211). Other element would receive the click: &amp;lt;div class=&amp;quot;k-bot&amp;quot;&amp;gt;...&amp;lt;/div&amp;gt;
  (Session info: chrome=91.0.4472.77)
Build info: version: &amp;apos;3.141.59&amp;apos;, revision: &amp;apos;e82be7d358&amp;apos;, time: &amp;apos;2018-11-14T08:17:03&amp;apos;
System info: host: &amp;apos;ADMIN&amp;apos;, ip: &amp;apos;192.168.50.8&amp;apos;, os.name: &amp;apos;Windows 8.1&amp;apos;, os.arch: &amp;apos;amd64&amp;apos;, os.version: &amp;apos;6.3&amp;apos;, java.version: &amp;apos;14.0.2&amp;apos;
Driver info: org.openqa.selenium.chrome.ChromeDriver
Capabilities {acceptInsecureCerts: false, browserName: chrome, browserVersion: 91.0.4472.77, chrome: {chromedriverVersion: 90.0.4430.24 (4c6d850f087da..., userDataDir: C:\Users\ADMINP~1\AppData\L...}, goog:chromeOptions: {debuggerAddress: localhost:56513}, javascriptEnabled: true, networkConnectionEnabled: false, pageLoadStrategy: normal, platform: WINDOWS, platformName: WINDOWS, proxy: Proxy(), setWindowRect: true, strictFileInteractability: false, timeouts: {implicit: 0, pageLoad: 300000, script: 30000}, unhandledPromptBehavior: dismiss and notify, webauthn:extension:largeBlob: true, webauthn:virtualAuthenticators: true}
Session ID: 549bf24b3b173d21e8222e6848bdfda1">
      <![CDATA[org.openqa.selenium.ElementClickInterceptedException: element click intercepted: Element <span unselectable="on" class="k-input">...</span> is not clickable at point (668, 211). Other element would receive the click: <div class="k-bot">...</div>
  (Session info: chrome=91.0.4472.77)
Build info: version: '3.141.59', revision: 'e82be7d358', time: '2018-11-14T08:17:03'
System info: host: 'ADMIN', ip: '192.168.50.8', os.name: 'Windows 8.1', os.arch: 'amd64', os.version: '6.3', java.version: '14.0.2'
Driver info: org.openqa.selenium.chrome.ChromeDriver
Capabilities {acceptInsecureCerts: false, browserName: chrome, browserVersion: 91.0.4472.77, chrome: {chromedriverVersion: 90.0.4430.24 (4c6d850f087da..., userDataDir: C:\Users\ADMINP~1\AppData\L...}, goog:chromeOptions: {debuggerAddress: localhost:56513}, javascriptEnabled: true, networkConnectionEnabled: false, pageLoadStrategy: normal, platform: WINDOWS, platformName: WINDOWS, proxy: Proxy(), setWindowRect: true, strictFileInteractability: false, timeouts: {implicit: 0, pageLoad: 300000, script: 30000}, unhandledPromptBehavior: dismiss and notify, webauthn:extension:largeBlob: true, webauthn:virtualAuthenticators: true}
Session ID: 549bf24b3b173d21e8222e6848bdfda1
at org.openqa.selenium.remote.http.W3CHttpResponseCodec.createException(W3CHttpResponseCodec.java:187)
at org.openqa.selenium.remote.http.W3CHttpResponseCodec.decode(W3CHttpResponseCodec.java:122)
at org.openqa.selenium.remote.http.W3CHttpResponseCodec.decode(W3CHttpResponseCodec.java:49)
at org.openqa.selenium.remote.HttpCommandExecutor.execute(HttpCommandExecutor.java:158)
at org.openqa.selenium.remote.service.DriverCommandExecutor.execute(DriverCommandExecutor.java:83)
at org.openqa.selenium.remote.RemoteWebDriver.execute(RemoteWebDriver.java:552)
at org.openqa.selenium.remote.RemoteWebElement.execute(RemoteWebElement.java:285)
at org.openqa.selenium.remote.RemoteWebElement.click(RemoteWebElement.java:84)
at org.openqa.selenium.support.pagefactory.internal.LocatingElementHandler.invoke(LocatingElementHandler.java:51)
at com.sun.proxy.$Proxy16.click(Unknown Source)
at com.tetherfi.pages.BasePage.selectWebElement(BasePage.java:200)
at com.tetherfi.pages.AgentTemplatePage.addnewTemplateRecord(AgentTemplatePage.java:1512)
at com.tetherfi.test.tmac.Templates_TemplateTabTest.AddRecWithDuplicateTemplateName(Templates_TemplateTabTest.java:105)
at java.base/java.util.ArrayList.forEach(ArrayList.java:1511)
... Removed 35 stack frames]]>
    </failure>
  </testcase> <!-- AddRecWithDuplicateTemplateName -->
  <testcase classname="com.tetherfi.test.tmac.Templates_TemplateTabTest" name="EditRecord" time="4.326">
    <failure type="java.lang.ArrayIndexOutOfBoundsException" message="Index 1 out of bounds for length 1">
      <![CDATA[java.lang.ArrayIndexOutOfBoundsException: Index 1 out of bounds for length 1
at com.tetherfi.pages.AgentTemplatePage.gettable(AgentTemplatePage.java:1211)
at com.tetherfi.pages.AgentTemplatePage.verifySearchIsEqualTo(AgentTemplatePage.java:1666)
at com.tetherfi.pages.AgentTemplatePage.editRecord(AgentTemplatePage.java:1578)
at com.tetherfi.test.tmac.Templates_TemplateTabTest.EditRecord(Templates_TemplateTabTest.java:115)
at java.base/java.util.ArrayList.forEach(ArrayList.java:1511)
... Removed 27 stack frames]]>
    </failure>
  </testcase> <!-- EditRecord -->
  <testcase classname="com.tetherfi.test.tmac.Templates_TemplateTabTest" name="EditRecordwithoutModifyreason" time="4.769">
    <failure type="java.lang.ArrayIndexOutOfBoundsException" message="Index 1 out of bounds for length 1">
      <![CDATA[java.lang.ArrayIndexOutOfBoundsException: Index 1 out of bounds for length 1
at com.tetherfi.pages.AgentTemplatePage.gettable(AgentTemplatePage.java:1211)
at com.tetherfi.pages.AgentTemplatePage.verifySearchIsEqualTo(AgentTemplatePage.java:1666)
at com.tetherfi.pages.AgentTemplatePage.editRecordWithoutModifyreason(AgentTemplatePage.java:1591)
at com.tetherfi.test.tmac.Templates_TemplateTabTest.EditRecordwithoutModifyreason(Templates_TemplateTabTest.java:125)
at java.base/java.util.ArrayList.forEach(ArrayList.java:1511)
... Removed 27 stack frames]]>
    </failure>
  </testcase> <!-- EditRecordwithoutModifyreason -->
  <testcase classname="com.tetherfi.test.tmac.Templates_TemplateTabTest" name="VerifyCancelBtnatEditRecord" time="4.353">
    <failure type="java.lang.ArrayIndexOutOfBoundsException" message="Index 1 out of bounds for length 1">
      <![CDATA[java.lang.ArrayIndexOutOfBoundsException: Index 1 out of bounds for length 1
at com.tetherfi.pages.AgentTemplatePage.gettable(AgentTemplatePage.java:1211)
at com.tetherfi.pages.AgentTemplatePage.verifySearchIsEqualTo(AgentTemplatePage.java:1666)
at com.tetherfi.pages.AgentTemplatePage.editCancel(AgentTemplatePage.java:1606)
at com.tetherfi.test.tmac.Templates_TemplateTabTest.VerifyCancelBtnatEditRecord(Templates_TemplateTabTest.java:135)
at java.base/java.util.ArrayList.forEach(ArrayList.java:1511)
... Removed 27 stack frames]]>
    </failure>
  </testcase> <!-- VerifyCancelBtnatEditRecord -->
  <testcase classname="com.tetherfi.test.tmac.Templates_TemplateTabTest" name="DeleteRecordwithoutModifyreason" time="4.259">
    <failure type="java.lang.ArrayIndexOutOfBoundsException" message="Index 1 out of bounds for length 1">
      <![CDATA[java.lang.ArrayIndexOutOfBoundsException: Index 1 out of bounds for length 1
at com.tetherfi.pages.AgentTemplatePage.gettable(AgentTemplatePage.java:1211)
at com.tetherfi.pages.AgentTemplatePage.verifySearchIsEqualTo(AgentTemplatePage.java:1666)
at com.tetherfi.pages.AgentTemplatePage.deleteRecordWithoutDeletereason(AgentTemplatePage.java:1630)
at com.tetherfi.test.tmac.Templates_TemplateTabTest.DeleteRecordwithoutModifyreason(Templates_TemplateTabTest.java:145)
at java.base/java.util.ArrayList.forEach(ArrayList.java:1511)
... Removed 27 stack frames]]>
    </failure>
  </testcase> <!-- DeleteRecordwithoutModifyreason -->
  <testcase classname="com.tetherfi.test.tmac.Templates_TemplateTabTest" name="VerifyCancelBtnatDeleteRecord" time="4.303">
    <failure type="java.lang.ArrayIndexOutOfBoundsException" message="Index 1 out of bounds for length 1">
      <![CDATA[java.lang.ArrayIndexOutOfBoundsException: Index 1 out of bounds for length 1
at com.tetherfi.pages.AgentTemplatePage.gettable(AgentTemplatePage.java:1211)
at com.tetherfi.pages.AgentTemplatePage.verifySearchIsEqualTo(AgentTemplatePage.java:1666)
at com.tetherfi.pages.AgentTemplatePage.DeleteCancelTemplateTab(AgentTemplatePage.java:1640)
at com.tetherfi.test.tmac.Templates_TemplateTabTest.VerifyCancelBtnatDeleteRecord(Templates_TemplateTabTest.java:154)
at java.base/java.util.ArrayList.forEach(ArrayList.java:1511)
... Removed 27 stack frames]]>
    </failure>
  </testcase> <!-- VerifyCancelBtnatDeleteRecord -->
  <testcase classname="com.tetherfi.test.tmac.Templates_TemplateTabTest" name="DeleteRecord" time="4.289">
    <failure type="java.lang.ArrayIndexOutOfBoundsException" message="Index 1 out of bounds for length 1">
      <![CDATA[java.lang.ArrayIndexOutOfBoundsException: Index 1 out of bounds for length 1
at com.tetherfi.pages.AgentTemplatePage.gettable(AgentTemplatePage.java:1211)
at com.tetherfi.pages.AgentTemplatePage.verifySearchIsEqualTo(AgentTemplatePage.java:1666)
at com.tetherfi.pages.AgentTemplatePage.deleteRecord(AgentTemplatePage.java:1622)
at com.tetherfi.test.tmac.Templates_TemplateTabTest.DeleteRecord(Templates_TemplateTabTest.java:163)
at java.base/java.util.ArrayList.forEach(ArrayList.java:1511)
... Removed 27 stack frames]]>
    </failure>
  </testcase> <!-- DeleteRecord -->
  <testcase classname="com.tetherfi.test.tmac.Templates_TemplateTabTest" name="verifydatabase" time="5.693"/>
  <testcase classname="com.tetherfi.test.tmac.Templates_ScreenTabTest" name="AddRecWithoutTemplateName" time="2.553"/>
  <testcase classname="com.tetherfi.test.tmac.Templates_ScreenTabTest" name="AddTemplatewithOutScreen" time="3.278"/>
  <testcase classname="com.tetherfi.test.tmac.Templates_ScreenTabTest" name="VerifyAddNewScreenTemplateWindowCancelButton" time="2.436"/>
  <testcase classname="com.tetherfi.test.tmac.Templates_ScreenTabTest" name="AddNewScreenTemplate" time="4.212"/>
  <testcase classname="com.tetherfi.test.tmac.Templates_ScreenTabTest" name="VerifyTransferAllToBtn" time="2.017">
    <failure type="org.openqa.selenium.StaleElementReferenceException" message="stale element reference: element is not attached to the page document
  (Session info: chrome=91.0.4472.77)
For documentation on this error, please visit: https://www.seleniumhq.org/exceptions/stale_element_reference.html
Build info: version: &amp;apos;3.141.59&amp;apos;, revision: &amp;apos;e82be7d358&amp;apos;, time: &amp;apos;2018-11-14T08:17:03&amp;apos;
System info: host: &amp;apos;ADMIN&amp;apos;, ip: &amp;apos;192.168.50.8&amp;apos;, os.name: &amp;apos;Windows 8.1&amp;apos;, os.arch: &amp;apos;amd64&amp;apos;, os.version: &amp;apos;6.3&amp;apos;, java.version: &amp;apos;14.0.2&amp;apos;
Driver info: org.openqa.selenium.chrome.ChromeDriver
Capabilities {acceptInsecureCerts: false, browserName: chrome, browserVersion: 91.0.4472.77, chrome: {chromedriverVersion: 90.0.4430.24 (4c6d850f087da..., userDataDir: C:\Users\ADMINP~1\AppData\L...}, goog:chromeOptions: {debuggerAddress: localhost:52628}, javascriptEnabled: true, networkConnectionEnabled: false, pageLoadStrategy: normal, platform: WINDOWS, platformName: WINDOWS, proxy: Proxy(), setWindowRect: true, strictFileInteractability: false, timeouts: {implicit: 0, pageLoad: 300000, script: 30000}, unhandledPromptBehavior: dismiss and notify, webauthn:extension:largeBlob: true, webauthn:virtualAuthenticators: true}
Session ID: 4ee3240d205e4b1b64f2ac07c5e065b0">
      <![CDATA[org.openqa.selenium.StaleElementReferenceException: stale element reference: element is not attached to the page document
  (Session info: chrome=91.0.4472.77)
For documentation on this error, please visit: https://www.seleniumhq.org/exceptions/stale_element_reference.html
Build info: version: '3.141.59', revision: 'e82be7d358', time: '2018-11-14T08:17:03'
System info: host: 'ADMIN', ip: '192.168.50.8', os.name: 'Windows 8.1', os.arch: 'amd64', os.version: '6.3', java.version: '14.0.2'
Driver info: org.openqa.selenium.chrome.ChromeDriver
Capabilities {acceptInsecureCerts: false, browserName: chrome, browserVersion: 91.0.4472.77, chrome: {chromedriverVersion: 90.0.4430.24 (4c6d850f087da..., userDataDir: C:\Users\ADMINP~1\AppData\L...}, goog:chromeOptions: {debuggerAddress: localhost:52628}, javascriptEnabled: true, networkConnectionEnabled: false, pageLoadStrategy: normal, platform: WINDOWS, platformName: WINDOWS, proxy: Proxy(), setWindowRect: true, strictFileInteractability: false, timeouts: {implicit: 0, pageLoad: 300000, script: 30000}, unhandledPromptBehavior: dismiss and notify, webauthn:extension:largeBlob: true, webauthn:virtualAuthenticators: true}
Session ID: 4ee3240d205e4b1b64f2ac07c5e065b0
at org.openqa.selenium.remote.http.W3CHttpResponseCodec.createException(W3CHttpResponseCodec.java:187)
at org.openqa.selenium.remote.http.W3CHttpResponseCodec.decode(W3CHttpResponseCodec.java:122)
at org.openqa.selenium.remote.http.W3CHttpResponseCodec.decode(W3CHttpResponseCodec.java:49)
at org.openqa.selenium.remote.HttpCommandExecutor.execute(HttpCommandExecutor.java:158)
at org.openqa.selenium.remote.service.DriverCommandExecutor.execute(DriverCommandExecutor.java:83)
at org.openqa.selenium.remote.RemoteWebDriver.execute(RemoteWebDriver.java:552)
at org.openqa.selenium.remote.RemoteWebElement.execute(RemoteWebElement.java:285)
at org.openqa.selenium.remote.RemoteWebElement.isDisplayed(RemoteWebElement.java:326)
at org.openqa.selenium.support.ui.ExpectedConditions.elementIfVisible(ExpectedConditions.java:314)
at org.openqa.selenium.support.ui.ExpectedConditions.access$000(ExpectedConditions.java:43)
at org.openqa.selenium.support.ui.ExpectedConditions$10.apply(ExpectedConditions.java:300)
at org.openqa.selenium.support.ui.ExpectedConditions$10.apply(ExpectedConditions.java:297)
at org.openqa.selenium.support.ui.FluentWait.until(FluentWait.java:249)
at com.tetherfi.pages.BasePage.waitUntilWebElementListIsVisible(BasePage.java:136)
at com.tetherfi.pages.BasePage.selectDropdownFromVisibleText(BasePage.java:341)
at com.tetherfi.pages.AgentTemplatePage.verifyTransferAllToBtn(AgentTemplatePage.java:1768)
at com.tetherfi.test.tmac.Templates_ScreenTabTest.VerifyTransferAllToBtn(Templates_ScreenTabTest.java:80)
at java.base/java.util.ArrayList.forEach(ArrayList.java:1511)
... Removed 32 stack frames]]>
    </failure>
  </testcase> <!-- VerifyTransferAllToBtn -->
  <testcase classname="com.tetherfi.test.tmac.Templates_ScreenTabTest" name="VerifyTransferAllFromBtn" time="6.692">
    <failure type="org.openqa.selenium.ElementClickInterceptedException" message="element click intercepted: Element &amp;lt;a href=&amp;quot;#&amp;quot; class=&amp;quot;k-button k-button-icon&amp;quot; data-command=&amp;quot;transferAllFrom&amp;quot; title=&amp;quot;Transfer All From&amp;quot; aria-label=&amp;quot;Transfer All From&amp;quot; role=&amp;quot;button&amp;quot;&amp;gt;...&amp;lt;/a&amp;gt; is not clickable at point (740, 309). Other element would receive the click: &amp;lt;div class=&amp;quot;k-list-scroller k-selectable&amp;quot; data-role=&amp;quot;selectable&amp;quot;&amp;gt;...&amp;lt;/div&amp;gt;
  (Session info: chrome=91.0.4472.77)
Build info: version: &amp;apos;3.141.59&amp;apos;, revision: &amp;apos;e82be7d358&amp;apos;, time: &amp;apos;2018-11-14T08:17:03&amp;apos;
System info: host: &amp;apos;ADMIN&amp;apos;, ip: &amp;apos;192.168.50.8&amp;apos;, os.name: &amp;apos;Windows 8.1&amp;apos;, os.arch: &amp;apos;amd64&amp;apos;, os.version: &amp;apos;6.3&amp;apos;, java.version: &amp;apos;14.0.2&amp;apos;
Driver info: org.openqa.selenium.chrome.ChromeDriver
Capabilities {acceptInsecureCerts: false, browserName: chrome, browserVersion: 91.0.4472.77, chrome: {chromedriverVersion: 90.0.4430.24 (4c6d850f087da..., userDataDir: C:\Users\ADMINP~1\AppData\L...}, goog:chromeOptions: {debuggerAddress: localhost:52628}, javascriptEnabled: true, networkConnectionEnabled: false, pageLoadStrategy: normal, platform: WINDOWS, platformName: WINDOWS, proxy: Proxy(), setWindowRect: true, strictFileInteractability: false, timeouts: {implicit: 0, pageLoad: 300000, script: 30000}, unhandledPromptBehavior: dismiss and notify, webauthn:extension:largeBlob: true, webauthn:virtualAuthenticators: true}
Session ID: 4ee3240d205e4b1b64f2ac07c5e065b0">
      <![CDATA[org.openqa.selenium.ElementClickInterceptedException: element click intercepted: Element <a href="#" class="k-button k-button-icon" data-command="transferAllFrom" title="Transfer All From" aria-label="Transfer All From" role="button">...</a> is not clickable at point (740, 309). Other element would receive the click: <div class="k-list-scroller k-selectable" data-role="selectable">...</div>
  (Session info: chrome=91.0.4472.77)
Build info: version: '3.141.59', revision: 'e82be7d358', time: '2018-11-14T08:17:03'
System info: host: 'ADMIN', ip: '192.168.50.8', os.name: 'Windows 8.1', os.arch: 'amd64', os.version: '6.3', java.version: '14.0.2'
Driver info: org.openqa.selenium.chrome.ChromeDriver
Capabilities {acceptInsecureCerts: false, browserName: chrome, browserVersion: 91.0.4472.77, chrome: {chromedriverVersion: 90.0.4430.24 (4c6d850f087da..., userDataDir: C:\Users\ADMINP~1\AppData\L...}, goog:chromeOptions: {debuggerAddress: localhost:52628}, javascriptEnabled: true, networkConnectionEnabled: false, pageLoadStrategy: normal, platform: WINDOWS, platformName: WINDOWS, proxy: Proxy(), setWindowRect: true, strictFileInteractability: false, timeouts: {implicit: 0, pageLoad: 300000, script: 30000}, unhandledPromptBehavior: dismiss and notify, webauthn:extension:largeBlob: true, webauthn:virtualAuthenticators: true}
Session ID: 4ee3240d205e4b1b64f2ac07c5e065b0
at org.openqa.selenium.remote.http.W3CHttpResponseCodec.createException(W3CHttpResponseCodec.java:187)
at org.openqa.selenium.remote.http.W3CHttpResponseCodec.decode(W3CHttpResponseCodec.java:122)
at org.openqa.selenium.remote.http.W3CHttpResponseCodec.decode(W3CHttpResponseCodec.java:49)
at org.openqa.selenium.remote.HttpCommandExecutor.execute(HttpCommandExecutor.java:158)
at org.openqa.selenium.remote.service.DriverCommandExecutor.execute(DriverCommandExecutor.java:83)
at org.openqa.selenium.remote.RemoteWebDriver.execute(RemoteWebDriver.java:552)
at org.openqa.selenium.remote.RemoteWebElement.execute(RemoteWebElement.java:285)
at org.openqa.selenium.remote.RemoteWebElement.click(RemoteWebElement.java:84)
at org.openqa.selenium.support.pagefactory.internal.LocatingElementHandler.invoke(LocatingElementHandler.java:51)
at com.sun.proxy.$Proxy16.click(Unknown Source)
at com.tetherfi.pages.BasePage.selectWebElement(BasePage.java:200)
at com.tetherfi.pages.AgentTemplatePage.verifyTransferAllFromBtn(AgentTemplatePage.java:1783)
at com.tetherfi.test.tmac.Templates_ScreenTabTest.VerifyTransferAllFromBtn(Templates_ScreenTabTest.java:89)
at java.base/java.util.ArrayList.forEach(ArrayList.java:1511)
... Removed 35 stack frames]]>
    </failure>
  </testcase> <!-- VerifyTransferAllFromBtn -->
  <testcase classname="com.tetherfi.test.tmac.Templates_ScreenTabTest" name="EditRecordwithoutModifyreason" time="8.651">
    <failure type="org.openqa.selenium.ElementClickInterceptedException" message="element click intercepted: Element &amp;lt;a href=&amp;quot;#&amp;quot; class=&amp;quot;k-button k-button-icon k-state-disabled&amp;quot; data-command=&amp;quot;transferFrom&amp;quot; title=&amp;quot;Transfer From&amp;quot; aria-label=&amp;quot;Transfer From&amp;quot; role=&amp;quot;button&amp;quot; tabindex=&amp;quot;-1&amp;quot;&amp;gt;...&amp;lt;/a&amp;gt; is not clickable at point (712, 244). Other element would receive the click: &amp;lt;li&amp;gt;...&amp;lt;/li&amp;gt;
  (Session info: chrome=91.0.4472.77)
Build info: version: &amp;apos;3.141.59&amp;apos;, revision: &amp;apos;e82be7d358&amp;apos;, time: &amp;apos;2018-11-14T08:17:03&amp;apos;
System info: host: &amp;apos;ADMIN&amp;apos;, ip: &amp;apos;192.168.50.8&amp;apos;, os.name: &amp;apos;Windows 8.1&amp;apos;, os.arch: &amp;apos;amd64&amp;apos;, os.version: &amp;apos;6.3&amp;apos;, java.version: &amp;apos;14.0.2&amp;apos;
Driver info: org.openqa.selenium.chrome.ChromeDriver
Capabilities {acceptInsecureCerts: false, browserName: chrome, browserVersion: 91.0.4472.77, chrome: {chromedriverVersion: 90.0.4430.24 (4c6d850f087da..., userDataDir: C:\Users\ADMINP~1\AppData\L...}, goog:chromeOptions: {debuggerAddress: localhost:52628}, javascriptEnabled: true, networkConnectionEnabled: false, pageLoadStrategy: normal, platform: WINDOWS, platformName: WINDOWS, proxy: Proxy(), setWindowRect: true, strictFileInteractability: false, timeouts: {implicit: 0, pageLoad: 300000, script: 30000}, unhandledPromptBehavior: dismiss and notify, webauthn:extension:largeBlob: true, webauthn:virtualAuthenticators: true}
Session ID: 4ee3240d205e4b1b64f2ac07c5e065b0">
      <![CDATA[org.openqa.selenium.ElementClickInterceptedException: element click intercepted: Element <a href="#" class="k-button k-button-icon k-state-disabled" data-command="transferFrom" title="Transfer From" aria-label="Transfer From" role="button" tabindex="-1">...</a> is not clickable at point (712, 244). Other element would receive the click: <li>...</li>
  (Session info: chrome=91.0.4472.77)
Build info: version: '3.141.59', revision: 'e82be7d358', time: '2018-11-14T08:17:03'
System info: host: 'ADMIN', ip: '192.168.50.8', os.name: 'Windows 8.1', os.arch: 'amd64', os.version: '6.3', java.version: '14.0.2'
Driver info: org.openqa.selenium.chrome.ChromeDriver
Capabilities {acceptInsecureCerts: false, browserName: chrome, browserVersion: 91.0.4472.77, chrome: {chromedriverVersion: 90.0.4430.24 (4c6d850f087da..., userDataDir: C:\Users\ADMINP~1\AppData\L...}, goog:chromeOptions: {debuggerAddress: localhost:52628}, javascriptEnabled: true, networkConnectionEnabled: false, pageLoadStrategy: normal, platform: WINDOWS, platformName: WINDOWS, proxy: Proxy(), setWindowRect: true, strictFileInteractability: false, timeouts: {implicit: 0, pageLoad: 300000, script: 30000}, unhandledPromptBehavior: dismiss and notify, webauthn:extension:largeBlob: true, webauthn:virtualAuthenticators: true}
Session ID: 4ee3240d205e4b1b64f2ac07c5e065b0
at org.openqa.selenium.remote.http.W3CHttpResponseCodec.createException(W3CHttpResponseCodec.java:187)
at org.openqa.selenium.remote.http.W3CHttpResponseCodec.decode(W3CHttpResponseCodec.java:122)
at org.openqa.selenium.remote.http.W3CHttpResponseCodec.decode(W3CHttpResponseCodec.java:49)
at org.openqa.selenium.remote.HttpCommandExecutor.execute(HttpCommandExecutor.java:158)
at org.openqa.selenium.remote.service.DriverCommandExecutor.execute(DriverCommandExecutor.java:83)
at org.openqa.selenium.remote.RemoteWebDriver.execute(RemoteWebDriver.java:552)
at org.openqa.selenium.remote.RemoteWebElement.execute(RemoteWebElement.java:285)
at org.openqa.selenium.remote.RemoteWebElement.click(RemoteWebElement.java:84)
at org.openqa.selenium.support.pagefactory.internal.LocatingElementHandler.invoke(LocatingElementHandler.java:51)
at com.sun.proxy.$Proxy16.click(Unknown Source)
at com.tetherfi.pages.BasePage.selectWebElement(BasePage.java:200)
at com.tetherfi.pages.AgentTemplatePage.editScreenRecordWithoutModifyreason(AgentTemplatePage.java:1817)
at com.tetherfi.test.tmac.Templates_ScreenTabTest.EditRecordwithoutModifyreason(Templates_ScreenTabTest.java:99)
at java.base/java.util.ArrayList.forEach(ArrayList.java:1511)
... Removed 35 stack frames]]>
    </failure>
  </testcase> <!-- EditRecordwithoutModifyreason -->
  <testcase classname="com.tetherfi.test.tmac.Templates_ScreenTabTest" name="VerifyCancelBtnatEditRecord" time="29.606"/>
  <testcase classname="com.tetherfi.test.tmac.Templates_ScreenTabTest" name="EditScreenRecord" time="7.244">
    <failure type="org.openqa.selenium.ElementClickInterceptedException" message="element click intercepted: Element &amp;lt;a href=&amp;quot;#&amp;quot; class=&amp;quot;k-button k-button-icon k-state-disabled&amp;quot; data-command=&amp;quot;transferFrom&amp;quot; title=&amp;quot;Transfer From&amp;quot; aria-label=&amp;quot;Transfer From&amp;quot; role=&amp;quot;button&amp;quot; tabindex=&amp;quot;-1&amp;quot;&amp;gt;...&amp;lt;/a&amp;gt; is not clickable at point (712, 244). Other element would receive the click: &amp;lt;li&amp;gt;...&amp;lt;/li&amp;gt;
  (Session info: chrome=91.0.4472.77)
Build info: version: &amp;apos;3.141.59&amp;apos;, revision: &amp;apos;e82be7d358&amp;apos;, time: &amp;apos;2018-11-14T08:17:03&amp;apos;
System info: host: &amp;apos;ADMIN&amp;apos;, ip: &amp;apos;192.168.50.8&amp;apos;, os.name: &amp;apos;Windows 8.1&amp;apos;, os.arch: &amp;apos;amd64&amp;apos;, os.version: &amp;apos;6.3&amp;apos;, java.version: &amp;apos;14.0.2&amp;apos;
Driver info: org.openqa.selenium.chrome.ChromeDriver
Capabilities {acceptInsecureCerts: false, browserName: chrome, browserVersion: 91.0.4472.77, chrome: {chromedriverVersion: 90.0.4430.24 (4c6d850f087da..., userDataDir: C:\Users\ADMINP~1\AppData\L...}, goog:chromeOptions: {debuggerAddress: localhost:52628}, javascriptEnabled: true, networkConnectionEnabled: false, pageLoadStrategy: normal, platform: WINDOWS, platformName: WINDOWS, proxy: Proxy(), setWindowRect: true, strictFileInteractability: false, timeouts: {implicit: 0, pageLoad: 300000, script: 30000}, unhandledPromptBehavior: dismiss and notify, webauthn:extension:largeBlob: true, webauthn:virtualAuthenticators: true}
Session ID: 4ee3240d205e4b1b64f2ac07c5e065b0">
      <![CDATA[org.openqa.selenium.ElementClickInterceptedException: element click intercepted: Element <a href="#" class="k-button k-button-icon k-state-disabled" data-command="transferFrom" title="Transfer From" aria-label="Transfer From" role="button" tabindex="-1">...</a> is not clickable at point (712, 244). Other element would receive the click: <li>...</li>
  (Session info: chrome=91.0.4472.77)
Build info: version: '3.141.59', revision: 'e82be7d358', time: '2018-11-14T08:17:03'
System info: host: 'ADMIN', ip: '192.168.50.8', os.name: 'Windows 8.1', os.arch: 'amd64', os.version: '6.3', java.version: '14.0.2'
Driver info: org.openqa.selenium.chrome.ChromeDriver
Capabilities {acceptInsecureCerts: false, browserName: chrome, browserVersion: 91.0.4472.77, chrome: {chromedriverVersion: 90.0.4430.24 (4c6d850f087da..., userDataDir: C:\Users\ADMINP~1\AppData\L...}, goog:chromeOptions: {debuggerAddress: localhost:52628}, javascriptEnabled: true, networkConnectionEnabled: false, pageLoadStrategy: normal, platform: WINDOWS, platformName: WINDOWS, proxy: Proxy(), setWindowRect: true, strictFileInteractability: false, timeouts: {implicit: 0, pageLoad: 300000, script: 30000}, unhandledPromptBehavior: dismiss and notify, webauthn:extension:largeBlob: true, webauthn:virtualAuthenticators: true}
Session ID: 4ee3240d205e4b1b64f2ac07c5e065b0
at org.openqa.selenium.remote.http.W3CHttpResponseCodec.createException(W3CHttpResponseCodec.java:187)
at org.openqa.selenium.remote.http.W3CHttpResponseCodec.decode(W3CHttpResponseCodec.java:122)
at org.openqa.selenium.remote.http.W3CHttpResponseCodec.decode(W3CHttpResponseCodec.java:49)
at org.openqa.selenium.remote.HttpCommandExecutor.execute(HttpCommandExecutor.java:158)
at org.openqa.selenium.remote.service.DriverCommandExecutor.execute(DriverCommandExecutor.java:83)
at org.openqa.selenium.remote.RemoteWebDriver.execute(RemoteWebDriver.java:552)
at org.openqa.selenium.remote.RemoteWebElement.execute(RemoteWebElement.java:285)
at org.openqa.selenium.remote.RemoteWebElement.click(RemoteWebElement.java:84)
at org.openqa.selenium.support.pagefactory.internal.LocatingElementHandler.invoke(LocatingElementHandler.java:51)
at com.sun.proxy.$Proxy16.click(Unknown Source)
at com.tetherfi.pages.BasePage.selectWebElement(BasePage.java:200)
at com.tetherfi.pages.AgentTemplatePage.editScreenRecord(AgentTemplatePage.java:1796)
at com.tetherfi.test.tmac.Templates_ScreenTabTest.EditScreenRecord(Templates_ScreenTabTest.java:120)
at java.base/java.util.ArrayList.forEach(ArrayList.java:1511)
... Removed 35 stack frames]]>
    </failure>
  </testcase> <!-- EditScreenRecord -->
  <testcase classname="com.tetherfi.test.tmac.Templates_ScreenTabTest" name="DeleteRecordwithoutDeletereason" time="5.485"/>
  <testcase classname="com.tetherfi.test.tmac.Templates_ScreenTabTest" name="VerifyCancelBtnatDeleteRecord" time="5.573"/>
  <testcase classname="com.tetherfi.test.tmac.Templates_ScreenTabTest" name="DeletescreenTemplateRecord" time="8.215"/>
  <testcase classname="com.tetherfi.test.tmac.Templates_ScreenTabTest" name="verifyDatabase" time="4.68">
    <failure type="java.lang.ArrayIndexOutOfBoundsException" message="Index 1 out of bounds for length 1">
      <![CDATA[java.lang.ArrayIndexOutOfBoundsException: Index 1 out of bounds for length 1
at com.tetherfi.pages.AgentTemplatePage.getDatatable(AgentTemplatePage.java:2473)
at com.tetherfi.pages.AgentTemplatePage.verifyDatabase1(AgentTemplatePage.java:2359)
at com.tetherfi.test.tmac.Templates_ScreenTabTest.verifyDatabase(Templates_ScreenTabTest.java:159)
at java.base/java.util.ArrayList.forEach(ArrayList.java:1511)
... Removed 27 stack frames]]>
    </failure>
  </testcase> <!-- verifyDatabase -->
  <testcase classname="com.tetherfi.test.tmac.Templates_WidgetTabTest" name="addTemplateWithoutWidget" time="62.977">
    <failure type="java.lang.AssertionError" message="did not expect to find [true] but found [false]">
      <![CDATA[java.lang.AssertionError: did not expect to find [true] but found [false]
at com.tetherfi.test.tmac.Templates_WidgetTabTest.addTemplateWithoutWidget(Templates_WidgetTabTest.java:45)
at java.base/java.util.ArrayList.forEach(ArrayList.java:1511)
... Removed 31 stack frames]]>
    </failure>
  </testcase> <!-- addTemplateWithoutWidget -->
  <testcase classname="com.tetherfi.test.tmac.Templates_WidgetTabTest" name="AddTemplatewithOutTemplateName" time="1.304"/>
  <testcase classname="com.tetherfi.test.tmac.Templates_WidgetTabTest" name="AddWidgetwithOutScreen" time="1.933">
    <failure type="org.openqa.selenium.StaleElementReferenceException" message="stale element reference: element is not attached to the page document
  (Session info: chrome=91.0.4472.77)
For documentation on this error, please visit: https://www.seleniumhq.org/exceptions/stale_element_reference.html
Build info: version: &amp;apos;3.141.59&amp;apos;, revision: &amp;apos;e82be7d358&amp;apos;, time: &amp;apos;2018-11-14T08:17:03&amp;apos;
System info: host: &amp;apos;ADMIN&amp;apos;, ip: &amp;apos;192.168.50.8&amp;apos;, os.name: &amp;apos;Windows 8.1&amp;apos;, os.arch: &amp;apos;amd64&amp;apos;, os.version: &amp;apos;6.3&amp;apos;, java.version: &amp;apos;14.0.2&amp;apos;
Driver info: org.openqa.selenium.chrome.ChromeDriver
Capabilities {acceptInsecureCerts: false, browserName: chrome, browserVersion: 91.0.4472.77, chrome: {chromedriverVersion: 90.0.4430.24 (4c6d850f087da..., userDataDir: C:\Users\ADMINP~1\AppData\L...}, goog:chromeOptions: {debuggerAddress: localhost:63078}, javascriptEnabled: true, networkConnectionEnabled: false, pageLoadStrategy: normal, platform: WINDOWS, platformName: WINDOWS, proxy: Proxy(), setWindowRect: true, strictFileInteractability: false, timeouts: {implicit: 0, pageLoad: 300000, script: 30000}, unhandledPromptBehavior: dismiss and notify, webauthn:extension:largeBlob: true, webauthn:virtualAuthenticators: true}
Session ID: a4c0185b949f804973067ddd5e6000a6">
      <![CDATA[org.openqa.selenium.StaleElementReferenceException: stale element reference: element is not attached to the page document
  (Session info: chrome=91.0.4472.77)
For documentation on this error, please visit: https://www.seleniumhq.org/exceptions/stale_element_reference.html
Build info: version: '3.141.59', revision: 'e82be7d358', time: '2018-11-14T08:17:03'
System info: host: 'ADMIN', ip: '192.168.50.8', os.name: 'Windows 8.1', os.arch: 'amd64', os.version: '6.3', java.version: '14.0.2'
Driver info: org.openqa.selenium.chrome.ChromeDriver
Capabilities {acceptInsecureCerts: false, browserName: chrome, browserVersion: 91.0.4472.77, chrome: {chromedriverVersion: 90.0.4430.24 (4c6d850f087da..., userDataDir: C:\Users\ADMINP~1\AppData\L...}, goog:chromeOptions: {debuggerAddress: localhost:63078}, javascriptEnabled: true, networkConnectionEnabled: false, pageLoadStrategy: normal, platform: WINDOWS, platformName: WINDOWS, proxy: Proxy(), setWindowRect: true, strictFileInteractability: false, timeouts: {implicit: 0, pageLoad: 300000, script: 30000}, unhandledPromptBehavior: dismiss and notify, webauthn:extension:largeBlob: true, webauthn:virtualAuthenticators: true}
Session ID: a4c0185b949f804973067ddd5e6000a6
at org.openqa.selenium.remote.http.W3CHttpResponseCodec.createException(W3CHttpResponseCodec.java:187)
at org.openqa.selenium.remote.http.W3CHttpResponseCodec.decode(W3CHttpResponseCodec.java:122)
at org.openqa.selenium.remote.http.W3CHttpResponseCodec.decode(W3CHttpResponseCodec.java:49)
at org.openqa.selenium.remote.HttpCommandExecutor.execute(HttpCommandExecutor.java:158)
at org.openqa.selenium.remote.service.DriverCommandExecutor.execute(DriverCommandExecutor.java:83)
at org.openqa.selenium.remote.RemoteWebDriver.execute(RemoteWebDriver.java:552)
at org.openqa.selenium.remote.RemoteWebElement.execute(RemoteWebElement.java:285)
at org.openqa.selenium.remote.RemoteWebElement.isDisplayed(RemoteWebElement.java:326)
at org.openqa.selenium.support.ui.ExpectedConditions.elementIfVisible(ExpectedConditions.java:314)
at org.openqa.selenium.support.ui.ExpectedConditions.access$000(ExpectedConditions.java:43)
at org.openqa.selenium.support.ui.ExpectedConditions$10.apply(ExpectedConditions.java:300)
at org.openqa.selenium.support.ui.ExpectedConditions$10.apply(ExpectedConditions.java:297)
at org.openqa.selenium.support.ui.FluentWait.until(FluentWait.java:249)
at com.tetherfi.pages.BasePage.waitUntilWebElementListIsVisible(BasePage.java:136)
at com.tetherfi.pages.BasePage.selectDropdownFromVisibleText(BasePage.java:341)
at com.tetherfi.pages.AgentTemplatePage.verifyAddwidgetTmpwithoutScreen(AgentTemplatePage.java:2122)
at com.tetherfi.test.tmac.Templates_WidgetTabTest.AddWidgetwithOutScreen(Templates_WidgetTabTest.java:65)
at java.base/java.util.ArrayList.forEach(ArrayList.java:1511)
... Removed 32 stack frames]]>
    </failure>
  </testcase> <!-- AddWidgetwithOutScreen -->
  <testcase classname="com.tetherfi.test.tmac.Templates_WidgetTabTest" name="VerifyAddNewWidgtTemplateWindowCloseButton" time="2.531"/>
  <testcase classname="com.tetherfi.test.tmac.Templates_WidgetTabTest" name="AddNewWidgetTemplate" time="1.944">
    <failure type="org.openqa.selenium.StaleElementReferenceException" message="stale element reference: element is not attached to the page document
  (Session info: chrome=91.0.4472.77)
For documentation on this error, please visit: https://www.seleniumhq.org/exceptions/stale_element_reference.html
Build info: version: &amp;apos;3.141.59&amp;apos;, revision: &amp;apos;e82be7d358&amp;apos;, time: &amp;apos;2018-11-14T08:17:03&amp;apos;
System info: host: &amp;apos;ADMIN&amp;apos;, ip: &amp;apos;192.168.50.8&amp;apos;, os.name: &amp;apos;Windows 8.1&amp;apos;, os.arch: &amp;apos;amd64&amp;apos;, os.version: &amp;apos;6.3&amp;apos;, java.version: &amp;apos;14.0.2&amp;apos;
Driver info: org.openqa.selenium.chrome.ChromeDriver
Capabilities {acceptInsecureCerts: false, browserName: chrome, browserVersion: 91.0.4472.77, chrome: {chromedriverVersion: 90.0.4430.24 (4c6d850f087da..., userDataDir: C:\Users\ADMINP~1\AppData\L...}, goog:chromeOptions: {debuggerAddress: localhost:63078}, javascriptEnabled: true, networkConnectionEnabled: false, pageLoadStrategy: normal, platform: WINDOWS, platformName: WINDOWS, proxy: Proxy(), setWindowRect: true, strictFileInteractability: false, timeouts: {implicit: 0, pageLoad: 300000, script: 30000}, unhandledPromptBehavior: dismiss and notify, webauthn:extension:largeBlob: true, webauthn:virtualAuthenticators: true}
Session ID: a4c0185b949f804973067ddd5e6000a6">
      <![CDATA[org.openqa.selenium.StaleElementReferenceException: stale element reference: element is not attached to the page document
  (Session info: chrome=91.0.4472.77)
For documentation on this error, please visit: https://www.seleniumhq.org/exceptions/stale_element_reference.html
Build info: version: '3.141.59', revision: 'e82be7d358', time: '2018-11-14T08:17:03'
System info: host: 'ADMIN', ip: '192.168.50.8', os.name: 'Windows 8.1', os.arch: 'amd64', os.version: '6.3', java.version: '14.0.2'
Driver info: org.openqa.selenium.chrome.ChromeDriver
Capabilities {acceptInsecureCerts: false, browserName: chrome, browserVersion: 91.0.4472.77, chrome: {chromedriverVersion: 90.0.4430.24 (4c6d850f087da..., userDataDir: C:\Users\ADMINP~1\AppData\L...}, goog:chromeOptions: {debuggerAddress: localhost:63078}, javascriptEnabled: true, networkConnectionEnabled: false, pageLoadStrategy: normal, platform: WINDOWS, platformName: WINDOWS, proxy: Proxy(), setWindowRect: true, strictFileInteractability: false, timeouts: {implicit: 0, pageLoad: 300000, script: 30000}, unhandledPromptBehavior: dismiss and notify, webauthn:extension:largeBlob: true, webauthn:virtualAuthenticators: true}
Session ID: a4c0185b949f804973067ddd5e6000a6
at org.openqa.selenium.remote.http.W3CHttpResponseCodec.createException(W3CHttpResponseCodec.java:187)
at org.openqa.selenium.remote.http.W3CHttpResponseCodec.decode(W3CHttpResponseCodec.java:122)
at org.openqa.selenium.remote.http.W3CHttpResponseCodec.decode(W3CHttpResponseCodec.java:49)
at org.openqa.selenium.remote.HttpCommandExecutor.execute(HttpCommandExecutor.java:158)
at org.openqa.selenium.remote.service.DriverCommandExecutor.execute(DriverCommandExecutor.java:83)
at org.openqa.selenium.remote.RemoteWebDriver.execute(RemoteWebDriver.java:552)
at org.openqa.selenium.remote.RemoteWebElement.execute(RemoteWebElement.java:285)
at org.openqa.selenium.remote.RemoteWebElement.isDisplayed(RemoteWebElement.java:326)
at org.openqa.selenium.support.ui.ExpectedConditions.elementIfVisible(ExpectedConditions.java:314)
at org.openqa.selenium.support.ui.ExpectedConditions.access$000(ExpectedConditions.java:43)
at org.openqa.selenium.support.ui.ExpectedConditions$10.apply(ExpectedConditions.java:300)
at org.openqa.selenium.support.ui.ExpectedConditions$10.apply(ExpectedConditions.java:297)
at org.openqa.selenium.support.ui.FluentWait.until(FluentWait.java:249)
at com.tetherfi.pages.BasePage.waitUntilWebElementListIsVisible(BasePage.java:136)
at com.tetherfi.pages.BasePage.selectDropdownFromVisibleText(BasePage.java:341)
at com.tetherfi.pages.AgentTemplatePage.verifyAddnewWidgetTemplate(AgentTemplatePage.java:2085)
at com.tetherfi.test.tmac.Templates_WidgetTabTest.AddNewWidgetTemplate(Templates_WidgetTabTest.java:82)
at java.base/java.util.ArrayList.forEach(ArrayList.java:1511)
... Removed 32 stack frames]]>
    </failure>
  </testcase> <!-- AddNewWidgetTemplate -->
  <testcase classname="com.tetherfi.test.tmac.Templates_WidgetTabTest" name="EditRecordwithoutModifyreason" time="4.422">
    <failure type="java.lang.ArrayIndexOutOfBoundsException" message="Index 1 out of bounds for length 1">
      <![CDATA[java.lang.ArrayIndexOutOfBoundsException: Index 1 out of bounds for length 1
at com.tetherfi.pages.AgentTemplatePage.gettable(AgentTemplatePage.java:1211)
at com.tetherfi.pages.AgentTemplatePage.verifySearchIsEqualToWidget(AgentTemplatePage.java:1691)
at com.tetherfi.pages.AgentTemplatePage.editWidgetRecordWithoutModifyreason(AgentTemplatePage.java:2187)
at com.tetherfi.test.tmac.Templates_WidgetTabTest.EditRecordwithoutModifyreason(Templates_WidgetTabTest.java:124)
at java.base/java.util.ArrayList.forEach(ArrayList.java:1511)
... Removed 27 stack frames]]>
    </failure>
  </testcase> <!-- EditRecordwithoutModifyreason -->
  <testcase classname="com.tetherfi.test.tmac.Templates_WidgetTabTest" name="VerifyCancelBtnatEditRecord" time="4.331">
    <failure type="java.lang.ArrayIndexOutOfBoundsException" message="Index 1 out of bounds for length 1">
      <![CDATA[java.lang.ArrayIndexOutOfBoundsException: Index 1 out of bounds for length 1
at com.tetherfi.pages.AgentTemplatePage.gettable(AgentTemplatePage.java:1211)
at com.tetherfi.pages.AgentTemplatePage.verifySearchIsEqualToWidget(AgentTemplatePage.java:1691)
at com.tetherfi.pages.AgentTemplatePage.editCancelWidgetTab(AgentTemplatePage.java:2174)
at com.tetherfi.test.tmac.Templates_WidgetTabTest.VerifyCancelBtnatEditRecord(Templates_WidgetTabTest.java:134)
at java.base/java.util.ArrayList.forEach(ArrayList.java:1511)
... Removed 27 stack frames]]>
    </failure>
  </testcase> <!-- VerifyCancelBtnatEditRecord -->
  <testcase classname="com.tetherfi.test.tmac.Templates_WidgetTabTest" name="EditWidgetRecord" time="4.24">
    <failure type="java.lang.ArrayIndexOutOfBoundsException" message="Index 1 out of bounds for length 1">
      <![CDATA[java.lang.ArrayIndexOutOfBoundsException: Index 1 out of bounds for length 1
at com.tetherfi.pages.AgentTemplatePage.gettable(AgentTemplatePage.java:1211)
at com.tetherfi.pages.AgentTemplatePage.verifySearchIsEqualToWidget(AgentTemplatePage.java:1691)
at com.tetherfi.pages.AgentTemplatePage.editWidgetRecord(AgentTemplatePage.java:2163)
at com.tetherfi.test.tmac.Templates_WidgetTabTest.EditWidgetRecord(Templates_WidgetTabTest.java:143)
at java.base/java.util.ArrayList.forEach(ArrayList.java:1511)
... Removed 27 stack frames]]>
    </failure>
  </testcase> <!-- EditWidgetRecord -->
  <testcase classname="com.tetherfi.test.tmac.Templates_WidgetTabTest" name="deleteWithoutDeletereason" time="4.336">
    <failure type="java.lang.ArrayIndexOutOfBoundsException" message="Index 1 out of bounds for length 1">
      <![CDATA[java.lang.ArrayIndexOutOfBoundsException: Index 1 out of bounds for length 1
at com.tetherfi.pages.AgentTemplatePage.gettable(AgentTemplatePage.java:1211)
at com.tetherfi.pages.AgentTemplatePage.verifySearchIsEqualToWidget(AgentTemplatePage.java:1691)
at com.tetherfi.pages.AgentTemplatePage.deleteWithoutDeletereasonWidgettab(AgentTemplatePage.java:2199)
at com.tetherfi.test.tmac.Templates_WidgetTabTest.deleteWithoutDeletereason(Templates_WidgetTabTest.java:153)
at java.base/java.util.ArrayList.forEach(ArrayList.java:1511)
... Removed 27 stack frames]]>
    </failure>
  </testcase> <!-- deleteWithoutDeletereason -->
  <testcase classname="com.tetherfi.test.tmac.Templates_WidgetTabTest" name="VerifyCancelBtnatDeleteRecord" time="4.238">
    <failure type="java.lang.ArrayIndexOutOfBoundsException" message="Index 1 out of bounds for length 1">
      <![CDATA[java.lang.ArrayIndexOutOfBoundsException: Index 1 out of bounds for length 1
at com.tetherfi.pages.AgentTemplatePage.gettable(AgentTemplatePage.java:1211)
at com.tetherfi.pages.AgentTemplatePage.verifySearchIsEqualToWidget(AgentTemplatePage.java:1691)
at com.tetherfi.pages.AgentTemplatePage.DeleteCancelWidgettab(AgentTemplatePage.java:2209)
at com.tetherfi.test.tmac.Templates_WidgetTabTest.VerifyCancelBtnatDeleteRecord(Templates_WidgetTabTest.java:163)
at java.base/java.util.ArrayList.forEach(ArrayList.java:1511)
... Removed 27 stack frames]]>
    </failure>
  </testcase> <!-- VerifyCancelBtnatDeleteRecord -->
  <testcase classname="com.tetherfi.test.tmac.Templates_WidgetTabTest" name="DeleteWidgetRecord" time="4.93">
    <failure type="java.lang.ArrayIndexOutOfBoundsException" message="Index 1 out of bounds for length 1">
      <![CDATA[java.lang.ArrayIndexOutOfBoundsException: Index 1 out of bounds for length 1
at com.tetherfi.pages.AgentTemplatePage.gettable(AgentTemplatePage.java:1211)
at com.tetherfi.pages.AgentTemplatePage.verifySearchIsEqualToWidget(AgentTemplatePage.java:1691)
at com.tetherfi.pages.AgentTemplatePage.deleteWidgetRecord(AgentTemplatePage.java:2223)
at com.tetherfi.test.tmac.Templates_WidgetTabTest.DeleteWidgetRecord(Templates_WidgetTabTest.java:172)
at java.base/java.util.ArrayList.forEach(ArrayList.java:1511)
... Removed 27 stack frames]]>
    </failure>
  </testcase> <!-- DeleteWidgetRecord -->
  <testcase classname="com.tetherfi.test.tmac.Templates_AuxCodeTabTest" name="AddRecWithoutTemplateName" time="3.785">
    <failure type="org.openqa.selenium.ElementClickInterceptedException" message="element click intercepted: Element &amp;lt;a href=&amp;quot;#&amp;quot; class=&amp;quot;k-button k-button-icon k-state-disabled&amp;quot; data-command=&amp;quot;transferTo&amp;quot; title=&amp;quot;Transfer To&amp;quot; aria-label=&amp;quot;Transfer To&amp;quot; role=&amp;quot;button&amp;quot; tabindex=&amp;quot;-1&amp;quot;&amp;gt;...&amp;lt;/a&amp;gt; is not clickable at point (712, 211). Other element would receive the click: &amp;lt;li&amp;gt;...&amp;lt;/li&amp;gt;
  (Session info: chrome=91.0.4472.77)
Build info: version: &amp;apos;3.141.59&amp;apos;, revision: &amp;apos;e82be7d358&amp;apos;, time: &amp;apos;2018-11-14T08:17:03&amp;apos;
System info: host: &amp;apos;ADMIN&amp;apos;, ip: &amp;apos;192.168.50.8&amp;apos;, os.name: &amp;apos;Windows 8.1&amp;apos;, os.arch: &amp;apos;amd64&amp;apos;, os.version: &amp;apos;6.3&amp;apos;, java.version: &amp;apos;14.0.2&amp;apos;
Driver info: org.openqa.selenium.chrome.ChromeDriver
Capabilities {acceptInsecureCerts: false, browserName: chrome, browserVersion: 91.0.4472.77, chrome: {chromedriverVersion: 90.0.4430.24 (4c6d850f087da..., userDataDir: C:\Users\ADMINP~1\AppData\L...}, goog:chromeOptions: {debuggerAddress: localhost:56477}, javascriptEnabled: true, networkConnectionEnabled: false, pageLoadStrategy: normal, platform: WINDOWS, platformName: WINDOWS, proxy: Proxy(), setWindowRect: true, strictFileInteractability: false, timeouts: {implicit: 0, pageLoad: 300000, script: 30000}, unhandledPromptBehavior: dismiss and notify, webauthn:extension:largeBlob: true, webauthn:virtualAuthenticators: true}
Session ID: 45e4c7962ed462145e7df25b6b8567cb">
      <![CDATA[org.openqa.selenium.ElementClickInterceptedException: element click intercepted: Element <a href="#" class="k-button k-button-icon k-state-disabled" data-command="transferTo" title="Transfer To" aria-label="Transfer To" role="button" tabindex="-1">...</a> is not clickable at point (712, 211). Other element would receive the click: <li>...</li>
  (Session info: chrome=91.0.4472.77)
Build info: version: '3.141.59', revision: 'e82be7d358', time: '2018-11-14T08:17:03'
System info: host: 'ADMIN', ip: '192.168.50.8', os.name: 'Windows 8.1', os.arch: 'amd64', os.version: '6.3', java.version: '14.0.2'
Driver info: org.openqa.selenium.chrome.ChromeDriver
Capabilities {acceptInsecureCerts: false, browserName: chrome, browserVersion: 91.0.4472.77, chrome: {chromedriverVersion: 90.0.4430.24 (4c6d850f087da..., userDataDir: C:\Users\ADMINP~1\AppData\L...}, goog:chromeOptions: {debuggerAddress: localhost:56477}, javascriptEnabled: true, networkConnectionEnabled: false, pageLoadStrategy: normal, platform: WINDOWS, platformName: WINDOWS, proxy: Proxy(), setWindowRect: true, strictFileInteractability: false, timeouts: {implicit: 0, pageLoad: 300000, script: 30000}, unhandledPromptBehavior: dismiss and notify, webauthn:extension:largeBlob: true, webauthn:virtualAuthenticators: true}
Session ID: 45e4c7962ed462145e7df25b6b8567cb
at org.openqa.selenium.remote.http.W3CHttpResponseCodec.createException(W3CHttpResponseCodec.java:187)
at org.openqa.selenium.remote.http.W3CHttpResponseCodec.decode(W3CHttpResponseCodec.java:122)
at org.openqa.selenium.remote.http.W3CHttpResponseCodec.decode(W3CHttpResponseCodec.java:49)
at org.openqa.selenium.remote.HttpCommandExecutor.execute(HttpCommandExecutor.java:158)
at org.openqa.selenium.remote.service.DriverCommandExecutor.execute(DriverCommandExecutor.java:83)
at org.openqa.selenium.remote.RemoteWebDriver.execute(RemoteWebDriver.java:552)
at org.openqa.selenium.remote.RemoteWebElement.execute(RemoteWebElement.java:285)
at org.openqa.selenium.remote.RemoteWebElement.click(RemoteWebElement.java:84)
at org.openqa.selenium.support.pagefactory.internal.LocatingElementHandler.invoke(LocatingElementHandler.java:51)
at com.sun.proxy.$Proxy16.click(Unknown Source)
at com.tetherfi.pages.BasePage.selectWebElement(BasePage.java:200)
at com.tetherfi.pages.AgentTemplatePage.verifyAddTmpwithoutTemplatename(AgentTemplatePage.java:1915)
at com.tetherfi.test.tmac.Templates_AuxCodeTabTest.AddRecWithoutTemplateName(Templates_AuxCodeTabTest.java:48)
at java.base/java.util.ArrayList.forEach(ArrayList.java:1511)
... Removed 35 stack frames]]>
    </failure>
  </testcase> <!-- AddRecWithoutTemplateName -->
  <testcase classname="com.tetherfi.test.tmac.Templates_AuxCodeTabTest" name="AddTemplatewithOutAuxCode" time="22.563">
    <failure type="org.openqa.selenium.TimeoutException" message="Expected condition failed: waiting for visibility of [[ChromeDriver: chrome on WINDOWS (45e4c7962ed462145e7df25b6b8567cb)] -&amp;gt; css selector: ul[id=&amp;apos;TemplateAuxID_listbox&amp;apos;] li] (tried for 20 second(s) with 500 milliseconds interval)
Build info: version: &amp;apos;3.141.59&amp;apos;, revision: &amp;apos;e82be7d358&amp;apos;, time: &amp;apos;2018-11-14T08:17:03&amp;apos;
System info: host: &amp;apos;ADMIN&amp;apos;, ip: &amp;apos;192.168.50.8&amp;apos;, os.name: &amp;apos;Windows 8.1&amp;apos;, os.arch: &amp;apos;amd64&amp;apos;, os.version: &amp;apos;6.3&amp;apos;, java.version: &amp;apos;14.0.2&amp;apos;
Driver info: org.openqa.selenium.chrome.ChromeDriver
Capabilities {acceptInsecureCerts: false, browserName: chrome, browserVersion: 91.0.4472.77, chrome: {chromedriverVersion: 90.0.4430.24 (4c6d850f087da..., userDataDir: C:\Users\ADMINP~1\AppData\L...}, goog:chromeOptions: {debuggerAddress: localhost:56477}, javascriptEnabled: true, networkConnectionEnabled: false, pageLoadStrategy: normal, platform: WINDOWS, platformName: WINDOWS, proxy: Proxy(), setWindowRect: true, strictFileInteractability: false, timeouts: {implicit: 0, pageLoad: 300000, script: 30000}, unhandledPromptBehavior: dismiss and notify, webauthn:extension:largeBlob: true, webauthn:virtualAuthenticators: true}
Session ID: 45e4c7962ed462145e7df25b6b8567cb">
      <![CDATA[org.openqa.selenium.TimeoutException: Expected condition failed: waiting for visibility of [[ChromeDriver: chrome on WINDOWS (45e4c7962ed462145e7df25b6b8567cb)] -> css selector: ul[id='TemplateAuxID_listbox'] li] (tried for 20 second(s) with 500 milliseconds interval)
Build info: version: '3.141.59', revision: 'e82be7d358', time: '2018-11-14T08:17:03'
System info: host: 'ADMIN', ip: '192.168.50.8', os.name: 'Windows 8.1', os.arch: 'amd64', os.version: '6.3', java.version: '14.0.2'
Driver info: org.openqa.selenium.chrome.ChromeDriver
Capabilities {acceptInsecureCerts: false, browserName: chrome, browserVersion: 91.0.4472.77, chrome: {chromedriverVersion: 90.0.4430.24 (4c6d850f087da..., userDataDir: C:\Users\ADMINP~1\AppData\L...}, goog:chromeOptions: {debuggerAddress: localhost:56477}, javascriptEnabled: true, networkConnectionEnabled: false, pageLoadStrategy: normal, platform: WINDOWS, platformName: WINDOWS, proxy: Proxy(), setWindowRect: true, strictFileInteractability: false, timeouts: {implicit: 0, pageLoad: 300000, script: 30000}, unhandledPromptBehavior: dismiss and notify, webauthn:extension:largeBlob: true, webauthn:virtualAuthenticators: true}
Session ID: 45e4c7962ed462145e7df25b6b8567cb
at org.openqa.selenium.support.ui.WebDriverWait.timeoutException(WebDriverWait.java:95)
at org.openqa.selenium.support.ui.FluentWait.until(FluentWait.java:272)
at com.tetherfi.pages.BasePage.waitUntilWebElementListIsVisible(BasePage.java:136)
at com.tetherfi.pages.BasePage.selectDropdownFromVisibleText(BasePage.java:341)
at com.tetherfi.pages.AgentTemplatePage.addNewAuxTemplateWithoutAuxcode(AgentTemplatePage.java:1865)
at com.tetherfi.test.tmac.Templates_AuxCodeTabTest.AddTemplatewithOutAuxCode(Templates_AuxCodeTabTest.java:57)
at java.base/java.util.ArrayList.forEach(ArrayList.java:1511)
... Removed 27 stack frames]]>
    </failure>
  </testcase> <!-- AddTemplatewithOutAuxCode -->
  <testcase classname="com.tetherfi.test.tmac.Templates_AuxCodeTabTest" name="VerifyAddNewAuxTemplateWindowCancelButton" time="3.045"/>
  <testcase classname="com.tetherfi.test.tmac.Templates_AuxCodeTabTest" name="AddNewAuxTemplate" time="21.863">
    <failure type="org.openqa.selenium.TimeoutException" message="Expected condition failed: waiting for visibility of [[ChromeDriver: chrome on WINDOWS (45e4c7962ed462145e7df25b6b8567cb)] -&amp;gt; css selector: ul[id=&amp;apos;TemplateAuxID_listbox&amp;apos;] li] (tried for 20 second(s) with 500 milliseconds interval)
Build info: version: &amp;apos;3.141.59&amp;apos;, revision: &amp;apos;e82be7d358&amp;apos;, time: &amp;apos;2018-11-14T08:17:03&amp;apos;
System info: host: &amp;apos;ADMIN&amp;apos;, ip: &amp;apos;192.168.50.8&amp;apos;, os.name: &amp;apos;Windows 8.1&amp;apos;, os.arch: &amp;apos;amd64&amp;apos;, os.version: &amp;apos;6.3&amp;apos;, java.version: &amp;apos;14.0.2&amp;apos;
Driver info: org.openqa.selenium.chrome.ChromeDriver
Capabilities {acceptInsecureCerts: false, browserName: chrome, browserVersion: 91.0.4472.77, chrome: {chromedriverVersion: 90.0.4430.24 (4c6d850f087da..., userDataDir: C:\Users\ADMINP~1\AppData\L...}, goog:chromeOptions: {debuggerAddress: localhost:56477}, javascriptEnabled: true, networkConnectionEnabled: false, pageLoadStrategy: normal, platform: WINDOWS, platformName: WINDOWS, proxy: Proxy(), setWindowRect: true, strictFileInteractability: false, timeouts: {implicit: 0, pageLoad: 300000, script: 30000}, unhandledPromptBehavior: dismiss and notify, webauthn:extension:largeBlob: true, webauthn:virtualAuthenticators: true}
Session ID: 45e4c7962ed462145e7df25b6b8567cb">
      <![CDATA[org.openqa.selenium.TimeoutException: Expected condition failed: waiting for visibility of [[ChromeDriver: chrome on WINDOWS (45e4c7962ed462145e7df25b6b8567cb)] -> css selector: ul[id='TemplateAuxID_listbox'] li] (tried for 20 second(s) with 500 milliseconds interval)
Build info: version: '3.141.59', revision: 'e82be7d358', time: '2018-11-14T08:17:03'
System info: host: 'ADMIN', ip: '192.168.50.8', os.name: 'Windows 8.1', os.arch: 'amd64', os.version: '6.3', java.version: '14.0.2'
Driver info: org.openqa.selenium.chrome.ChromeDriver
Capabilities {acceptInsecureCerts: false, browserName: chrome, browserVersion: 91.0.4472.77, chrome: {chromedriverVersion: 90.0.4430.24 (4c6d850f087da..., userDataDir: C:\Users\ADMINP~1\AppData\L...}, goog:chromeOptions: {debuggerAddress: localhost:56477}, javascriptEnabled: true, networkConnectionEnabled: false, pageLoadStrategy: normal, platform: WINDOWS, platformName: WINDOWS, proxy: Proxy(), setWindowRect: true, strictFileInteractability: false, timeouts: {implicit: 0, pageLoad: 300000, script: 30000}, unhandledPromptBehavior: dismiss and notify, webauthn:extension:largeBlob: true, webauthn:virtualAuthenticators: true}
Session ID: 45e4c7962ed462145e7df25b6b8567cb
at org.openqa.selenium.support.ui.WebDriverWait.timeoutException(WebDriverWait.java:95)
at org.openqa.selenium.support.ui.FluentWait.until(FluentWait.java:272)
at com.tetherfi.pages.BasePage.waitUntilWebElementListIsVisible(BasePage.java:136)
at com.tetherfi.pages.BasePage.selectDropdownFromVisibleText(BasePage.java:341)
at com.tetherfi.pages.AgentTemplatePage.verifyAddnewAuxTemplate(AgentTemplatePage.java:1894)
at com.tetherfi.test.tmac.Templates_AuxCodeTabTest.AddNewAuxTemplate(Templates_AuxCodeTabTest.java:73)
at java.base/java.util.ArrayList.forEach(ArrayList.java:1511)
... Removed 27 stack frames]]>
    </failure>
  </testcase> <!-- AddNewAuxTemplate -->
  <testcase classname="com.tetherfi.test.tmac.Templates_AuxCodeTabTest" name="VerifyTransferAllToBtn" time="4.753">
    <failure type="java.lang.ArrayIndexOutOfBoundsException" message="Index 1 out of bounds for length 1">
      <![CDATA[java.lang.ArrayIndexOutOfBoundsException: Index 1 out of bounds for length 1
at com.tetherfi.pages.AgentTemplatePage.gettable(AgentTemplatePage.java:1211)
at com.tetherfi.pages.AgentTemplatePage.verifySearchIsEqualTo(AgentTemplatePage.java:1666)
at com.tetherfi.pages.AgentTemplatePage.verifyTransferAllToBtnAuxTab(AgentTemplatePage.java:1923)
at com.tetherfi.test.tmac.Templates_AuxCodeTabTest.VerifyTransferAllToBtn(Templates_AuxCodeTabTest.java:83)
at java.base/java.util.ArrayList.forEach(ArrayList.java:1511)
... Removed 27 stack frames]]>
    </failure>
  </testcase> <!-- VerifyTransferAllToBtn -->
  <testcase classname="com.tetherfi.test.tmac.Templates_AuxCodeTabTest" name="VerifyTransferFromBtn" time="4.763">
    <failure type="java.lang.ArrayIndexOutOfBoundsException" message="Index 1 out of bounds for length 1">
      <![CDATA[java.lang.ArrayIndexOutOfBoundsException: Index 1 out of bounds for length 1
at com.tetherfi.pages.AgentTemplatePage.gettable(AgentTemplatePage.java:1211)
at com.tetherfi.pages.AgentTemplatePage.verifySearchIsEqualTo(AgentTemplatePage.java:1666)
at com.tetherfi.pages.AgentTemplatePage.verifyTransferFromBtn(AgentTemplatePage.java:1947)
at com.tetherfi.test.tmac.Templates_AuxCodeTabTest.VerifyTransferFromBtn(Templates_AuxCodeTabTest.java:94)
at java.base/java.util.ArrayList.forEach(ArrayList.java:1511)
... Removed 27 stack frames]]>
    </failure>
  </testcase> <!-- VerifyTransferFromBtn -->
  <testcase classname="com.tetherfi.test.tmac.Templates_AuxCodeTabTest" name="VerifyTransferAllFromBtn" time="4.702">
    <failure type="java.lang.ArrayIndexOutOfBoundsException" message="Index 1 out of bounds for length 1">
      <![CDATA[java.lang.ArrayIndexOutOfBoundsException: Index 1 out of bounds for length 1
at com.tetherfi.pages.AgentTemplatePage.gettable(AgentTemplatePage.java:1211)
at com.tetherfi.pages.AgentTemplatePage.verifySearchIsEqualTo(AgentTemplatePage.java:1666)
at com.tetherfi.pages.AgentTemplatePage.verifyTransferAllFromBtnAuxTab(AgentTemplatePage.java:1937)
at com.tetherfi.test.tmac.Templates_AuxCodeTabTest.VerifyTransferAllFromBtn(Templates_AuxCodeTabTest.java:105)
at java.base/java.util.ArrayList.forEach(ArrayList.java:1511)
... Removed 27 stack frames]]>
    </failure>
  </testcase> <!-- VerifyTransferAllFromBtn -->
  <testcase classname="com.tetherfi.test.tmac.Templates_AuxCodeTabTest" name="EditRecordwithoutModifyreason" time="4.137">
    <failure type="java.lang.ArrayIndexOutOfBoundsException" message="Index 1 out of bounds for length 1">
      <![CDATA[java.lang.ArrayIndexOutOfBoundsException: Index 1 out of bounds for length 1
at com.tetherfi.pages.AgentTemplatePage.gettable(AgentTemplatePage.java:1211)
at com.tetherfi.pages.AgentTemplatePage.verifySearchIsEqualTo(AgentTemplatePage.java:1666)
at com.tetherfi.pages.AgentTemplatePage.editAuxRecordWithoutModifyreason(AgentTemplatePage.java:1981)
at com.tetherfi.test.tmac.Templates_AuxCodeTabTest.EditRecordwithoutModifyreason(Templates_AuxCodeTabTest.java:116)
at java.base/java.util.ArrayList.forEach(ArrayList.java:1511)
... Removed 27 stack frames]]>
    </failure>
  </testcase> <!-- EditRecordwithoutModifyreason -->
  <testcase classname="com.tetherfi.test.tmac.Templates_AuxCodeTabTest" name="VerifyCancelBtnatEditRecord" time="4.802">
    <failure type="java.lang.ArrayIndexOutOfBoundsException" message="Index 1 out of bounds for length 1">
      <![CDATA[java.lang.ArrayIndexOutOfBoundsException: Index 1 out of bounds for length 1
at com.tetherfi.pages.AgentTemplatePage.gettable(AgentTemplatePage.java:1211)
at com.tetherfi.pages.AgentTemplatePage.verifySearchIsEqualTo(AgentTemplatePage.java:1666)
at com.tetherfi.pages.AgentTemplatePage.editCancelAuxTab(AgentTemplatePage.java:1972)
at com.tetherfi.test.tmac.Templates_AuxCodeTabTest.VerifyCancelBtnatEditRecord(Templates_AuxCodeTabTest.java:125)
at java.base/java.util.ArrayList.forEach(ArrayList.java:1511)
... Removed 27 stack frames]]>
    </failure>
  </testcase> <!-- VerifyCancelBtnatEditRecord -->
  <testcase classname="com.tetherfi.test.tmac.Templates_AuxCodeTabTest" name="EditAuxRecord" time="4.331">
    <failure type="java.lang.ArrayIndexOutOfBoundsException" message="Index 1 out of bounds for length 1">
      <![CDATA[java.lang.ArrayIndexOutOfBoundsException: Index 1 out of bounds for length 1
at com.tetherfi.pages.AgentTemplatePage.gettable(AgentTemplatePage.java:1211)
at com.tetherfi.pages.AgentTemplatePage.verifySearchIsEqualTo(AgentTemplatePage.java:1666)
at com.tetherfi.pages.AgentTemplatePage.editAuxRecord(AgentTemplatePage.java:1960)
at com.tetherfi.test.tmac.Templates_AuxCodeTabTest.EditAuxRecord(Templates_AuxCodeTabTest.java:135)
at java.base/java.util.ArrayList.forEach(ArrayList.java:1511)
... Removed 27 stack frames]]>
    </failure>
  </testcase> <!-- EditAuxRecord -->
  <testcase classname="com.tetherfi.test.tmac.Templates_AuxCodeTabTest" name="deleteWithoutDeletereasonAuxtab" time="4.176">
    <failure type="java.lang.ArrayIndexOutOfBoundsException" message="Index 1 out of bounds for length 1">
      <![CDATA[java.lang.ArrayIndexOutOfBoundsException: Index 1 out of bounds for length 1
at com.tetherfi.pages.AgentTemplatePage.gettable(AgentTemplatePage.java:1211)
at com.tetherfi.pages.AgentTemplatePage.verifySearchIsEqualTo(AgentTemplatePage.java:1666)
at com.tetherfi.pages.AgentTemplatePage.deleteWithoutDeletereasonAuxtab(AgentTemplatePage.java:1994)
at com.tetherfi.test.tmac.Templates_AuxCodeTabTest.deleteWithoutDeletereasonAuxtab(Templates_AuxCodeTabTest.java:144)
at java.base/java.util.ArrayList.forEach(ArrayList.java:1511)
... Removed 27 stack frames]]>
    </failure>
  </testcase> <!-- deleteWithoutDeletereasonAuxtab -->
  <testcase classname="com.tetherfi.test.tmac.Templates_AuxCodeTabTest" name="VerifyCancelBtnatDeleteRecord" time="4.779">
    <failure type="java.lang.ArrayIndexOutOfBoundsException" message="Index 1 out of bounds for length 1">
      <![CDATA[java.lang.ArrayIndexOutOfBoundsException: Index 1 out of bounds for length 1
at com.tetherfi.pages.AgentTemplatePage.gettable(AgentTemplatePage.java:1211)
at com.tetherfi.pages.AgentTemplatePage.verifySearchIsEqualTo(AgentTemplatePage.java:1666)
at com.tetherfi.pages.AgentTemplatePage.DeleteCancelAuxtab(AgentTemplatePage.java:2005)
at com.tetherfi.test.tmac.Templates_AuxCodeTabTest.VerifyCancelBtnatDeleteRecord(Templates_AuxCodeTabTest.java:153)
at java.base/java.util.ArrayList.forEach(ArrayList.java:1511)
... Removed 27 stack frames]]>
    </failure>
  </testcase> <!-- VerifyCancelBtnatDeleteRecord -->
  <testcase classname="com.tetherfi.test.tmac.Templates_AuxCodeTabTest" name="DeleteAuxRecord" time="4.286">
    <failure type="java.lang.ArrayIndexOutOfBoundsException" message="Index 1 out of bounds for length 1">
      <![CDATA[java.lang.ArrayIndexOutOfBoundsException: Index 1 out of bounds for length 1
at com.tetherfi.pages.AgentTemplatePage.gettable(AgentTemplatePage.java:1211)
at com.tetherfi.pages.AgentTemplatePage.verifySearchIsEqualTo(AgentTemplatePage.java:1666)
at com.tetherfi.pages.AgentTemplatePage.deleteAuxRecord(AgentTemplatePage.java:2019)
at com.tetherfi.test.tmac.Templates_AuxCodeTabTest.DeleteAuxRecord(Templates_AuxCodeTabTest.java:161)
at java.base/java.util.ArrayList.forEach(ArrayList.java:1511)
... Removed 27 stack frames]]>
    </failure>
  </testcase> <!-- DeleteAuxRecord -->
  <testcase classname="com.tetherfi.test.tmac.Templates_OpHoursTabTest" name="verifysaveWithoutFromTime" time="4.101"/>
  <testcase classname="com.tetherfi.test.tmac.Templates_OpHoursTabTest" name="verifysaveWithoutToTime" time="7.29"/>
  <testcase classname="com.tetherfi.test.tmac.Templates_OpHoursTabTest" name="verifysaveWithoutWeekday" time="3.142"/>
  <testcase classname="com.tetherfi.test.tmac.Templates_OpHoursTabTest" name="VerifyCancelBtnatDeleteRecord" time="22.8">
    <failure type="org.openqa.selenium.NoSuchElementException" message="no such element: Unable to locate element: {&amp;quot;method&amp;quot;:&amp;quot;css selector&amp;quot;,&amp;quot;selector&amp;quot;:&amp;quot;#gridDetails .k-grid-CustomDelete&amp;quot;}
  (Session info: chrome=91.0.4472.77)
For documentation on this error, please visit: https://www.seleniumhq.org/exceptions/no_such_element.html
Build info: version: &amp;apos;3.141.59&amp;apos;, revision: &amp;apos;e82be7d358&amp;apos;, time: &amp;apos;2018-11-14T08:17:03&amp;apos;
System info: host: &amp;apos;ADMIN&amp;apos;, ip: &amp;apos;192.168.50.8&amp;apos;, os.name: &amp;apos;Windows 8.1&amp;apos;, os.arch: &amp;apos;amd64&amp;apos;, os.version: &amp;apos;6.3&amp;apos;, java.version: &amp;apos;14.0.2&amp;apos;
Driver info: org.openqa.selenium.chrome.ChromeDriver
Capabilities {acceptInsecureCerts: false, browserName: chrome, browserVersion: 91.0.4472.77, chrome: {chromedriverVersion: 90.0.4430.24 (4c6d850f087da..., userDataDir: C:\Users\ADMINP~1\AppData\L...}, goog:chromeOptions: {debuggerAddress: localhost:49994}, javascriptEnabled: true, networkConnectionEnabled: false, pageLoadStrategy: normal, platform: WINDOWS, platformName: WINDOWS, proxy: Proxy(), setWindowRect: true, strictFileInteractability: false, timeouts: {implicit: 0, pageLoad: 300000, script: 30000}, unhandledPromptBehavior: dismiss and notify, webauthn:extension:largeBlob: true, webauthn:virtualAuthenticators: true}
Session ID: e807cc3e7d2dcd9c5193b5b056675ede
*** Element info: {Using=css selector, value=#gridDetails .k-grid-CustomDelete}">
      <![CDATA[org.openqa.selenium.NoSuchElementException: no such element: Unable to locate element: {"method":"css selector","selector":"#gridDetails .k-grid-CustomDelete"}
  (Session info: chrome=91.0.4472.77)
For documentation on this error, please visit: https://www.seleniumhq.org/exceptions/no_such_element.html
Build info: version: '3.141.59', revision: 'e82be7d358', time: '2018-11-14T08:17:03'
System info: host: 'ADMIN', ip: '192.168.50.8', os.name: 'Windows 8.1', os.arch: 'amd64', os.version: '6.3', java.version: '14.0.2'
Driver info: org.openqa.selenium.chrome.ChromeDriver
Capabilities {acceptInsecureCerts: false, browserName: chrome, browserVersion: 91.0.4472.77, chrome: {chromedriverVersion: 90.0.4430.24 (4c6d850f087da..., userDataDir: C:\Users\ADMINP~1\AppData\L...}, goog:chromeOptions: {debuggerAddress: localhost:49994}, javascriptEnabled: true, networkConnectionEnabled: false, pageLoadStrategy: normal, platform: WINDOWS, platformName: WINDOWS, proxy: Proxy(), setWindowRect: true, strictFileInteractability: false, timeouts: {implicit: 0, pageLoad: 300000, script: 30000}, unhandledPromptBehavior: dismiss and notify, webauthn:extension:largeBlob: true, webauthn:virtualAuthenticators: true}
Session ID: e807cc3e7d2dcd9c5193b5b056675ede
*** Element info: {Using=css selector, value=#gridDetails .k-grid-CustomDelete}
at org.openqa.selenium.remote.http.W3CHttpResponseCodec.createException(W3CHttpResponseCodec.java:187)
at org.openqa.selenium.remote.http.W3CHttpResponseCodec.decode(W3CHttpResponseCodec.java:122)
at org.openqa.selenium.remote.http.W3CHttpResponseCodec.decode(W3CHttpResponseCodec.java:49)
at org.openqa.selenium.remote.HttpCommandExecutor.execute(HttpCommandExecutor.java:158)
at org.openqa.selenium.remote.service.DriverCommandExecutor.execute(DriverCommandExecutor.java:83)
at org.openqa.selenium.remote.RemoteWebDriver.execute(RemoteWebDriver.java:552)
at org.openqa.selenium.remote.RemoteWebDriver.findElement(RemoteWebDriver.java:323)
at org.openqa.selenium.remote.RemoteWebDriver.findElementByCssSelector(RemoteWebDriver.java:420)
at org.openqa.selenium.By$ByCssSelector.findElement(By.java:431)
at org.openqa.selenium.remote.RemoteWebDriver.findElement(RemoteWebDriver.java:315)
at org.openqa.selenium.support.pagefactory.DefaultElementLocator.findElement(DefaultElementLocator.java:69)
at org.openqa.selenium.support.pagefactory.internal.LocatingElementHandler.invoke(LocatingElementHandler.java:38)
at com.sun.proxy.$Proxy16.click(Unknown Source)
at com.tetherfi.pages.AgentTemplatePage.DeleteCancelOPtab(AgentTemplatePage.java:2277)
at com.tetherfi.test.tmac.Templates_OpHoursTabTest.VerifyCancelBtnatDeleteRecord(Templates_OpHoursTabTest.java:78)
at java.base/java.util.ArrayList.forEach(ArrayList.java:1511)
... Removed 32 stack frames]]>
    </failure>
  </testcase> <!-- VerifyCancelBtnatDeleteRecord -->
  <testcase classname="com.tetherfi.test.tmac.Templates_OpHoursTabTest" name="verifyDeleteActioninDrillDownForrecord" time="22.809">
    <failure type="org.openqa.selenium.NoSuchElementException" message="no such element: Unable to locate element: {&amp;quot;method&amp;quot;:&amp;quot;css selector&amp;quot;,&amp;quot;selector&amp;quot;:&amp;quot;#gridDetails .k-grid-CustomDelete&amp;quot;}
  (Session info: chrome=91.0.4472.77)
For documentation on this error, please visit: https://www.seleniumhq.org/exceptions/no_such_element.html
Build info: version: &amp;apos;3.141.59&amp;apos;, revision: &amp;apos;e82be7d358&amp;apos;, time: &amp;apos;2018-11-14T08:17:03&amp;apos;
System info: host: &amp;apos;ADMIN&amp;apos;, ip: &amp;apos;192.168.50.8&amp;apos;, os.name: &amp;apos;Windows 8.1&amp;apos;, os.arch: &amp;apos;amd64&amp;apos;, os.version: &amp;apos;6.3&amp;apos;, java.version: &amp;apos;14.0.2&amp;apos;
Driver info: org.openqa.selenium.chrome.ChromeDriver
Capabilities {acceptInsecureCerts: false, browserName: chrome, browserVersion: 91.0.4472.77, chrome: {chromedriverVersion: 90.0.4430.24 (4c6d850f087da..., userDataDir: C:\Users\ADMINP~1\AppData\L...}, goog:chromeOptions: {debuggerAddress: localhost:49994}, javascriptEnabled: true, networkConnectionEnabled: false, pageLoadStrategy: normal, platform: WINDOWS, platformName: WINDOWS, proxy: Proxy(), setWindowRect: true, strictFileInteractability: false, timeouts: {implicit: 0, pageLoad: 300000, script: 30000}, unhandledPromptBehavior: dismiss and notify, webauthn:extension:largeBlob: true, webauthn:virtualAuthenticators: true}
Session ID: e807cc3e7d2dcd9c5193b5b056675ede
*** Element info: {Using=css selector, value=#gridDetails .k-grid-CustomDelete}">
      <![CDATA[org.openqa.selenium.NoSuchElementException: no such element: Unable to locate element: {"method":"css selector","selector":"#gridDetails .k-grid-CustomDelete"}
  (Session info: chrome=91.0.4472.77)
For documentation on this error, please visit: https://www.seleniumhq.org/exceptions/no_such_element.html
Build info: version: '3.141.59', revision: 'e82be7d358', time: '2018-11-14T08:17:03'
System info: host: 'ADMIN', ip: '192.168.50.8', os.name: 'Windows 8.1', os.arch: 'amd64', os.version: '6.3', java.version: '14.0.2'
Driver info: org.openqa.selenium.chrome.ChromeDriver
Capabilities {acceptInsecureCerts: false, browserName: chrome, browserVersion: 91.0.4472.77, chrome: {chromedriverVersion: 90.0.4430.24 (4c6d850f087da..., userDataDir: C:\Users\ADMINP~1\AppData\L...}, goog:chromeOptions: {debuggerAddress: localhost:49994}, javascriptEnabled: true, networkConnectionEnabled: false, pageLoadStrategy: normal, platform: WINDOWS, platformName: WINDOWS, proxy: Proxy(), setWindowRect: true, strictFileInteractability: false, timeouts: {implicit: 0, pageLoad: 300000, script: 30000}, unhandledPromptBehavior: dismiss and notify, webauthn:extension:largeBlob: true, webauthn:virtualAuthenticators: true}
Session ID: e807cc3e7d2dcd9c5193b5b056675ede
*** Element info: {Using=css selector, value=#gridDetails .k-grid-CustomDelete}
at org.openqa.selenium.remote.http.W3CHttpResponseCodec.createException(W3CHttpResponseCodec.java:187)
at org.openqa.selenium.remote.http.W3CHttpResponseCodec.decode(W3CHttpResponseCodec.java:122)
at org.openqa.selenium.remote.http.W3CHttpResponseCodec.decode(W3CHttpResponseCodec.java:49)
at org.openqa.selenium.remote.HttpCommandExecutor.execute(HttpCommandExecutor.java:158)
at org.openqa.selenium.remote.service.DriverCommandExecutor.execute(DriverCommandExecutor.java:83)
at org.openqa.selenium.remote.RemoteWebDriver.execute(RemoteWebDriver.java:552)
at org.openqa.selenium.remote.RemoteWebDriver.findElement(RemoteWebDriver.java:323)
at org.openqa.selenium.remote.RemoteWebDriver.findElementByCssSelector(RemoteWebDriver.java:420)
at org.openqa.selenium.By$ByCssSelector.findElement(By.java:431)
at org.openqa.selenium.remote.RemoteWebDriver.findElement(RemoteWebDriver.java:315)
at org.openqa.selenium.support.pagefactory.DefaultElementLocator.findElement(DefaultElementLocator.java:69)
at org.openqa.selenium.support.pagefactory.internal.LocatingElementHandler.invoke(LocatingElementHandler.java:38)
at com.sun.proxy.$Proxy16.click(Unknown Source)
at com.tetherfi.pages.AgentTemplatePage.verifyDeleteforDrillDown(AgentTemplatePage.java:2261)
at com.tetherfi.test.tmac.Templates_OpHoursTabTest.verifyDeleteActioninDrillDownForrecord(Templates_OpHoursTabTest.java:86)
at java.base/java.util.ArrayList.forEach(ArrayList.java:1511)
... Removed 32 stack frames]]>
    </failure>
  </testcase> <!-- verifyDeleteActioninDrillDownForrecord -->
  <testcase classname="com.tetherfi.test.tmac.Templates_OpHoursTabTest" name="verifyDatabase" time="8.614"/>
  <testcase classname="com.tetherfi.test.tmac.Templates_FeaturesTabTest" name="VerifyAddNewTemplateFeaturesandPopUpCancelButton" time="2.939"/>
  <testcase classname="com.tetherfi.test.tmac.Templates_FeaturesTabTest" name="AddRecWithoutTemplate" time="22.141">
    <failure type="org.openqa.selenium.NoSuchElementException" message="no such element: Unable to locate element: {&amp;quot;method&amp;quot;:&amp;quot;css selector&amp;quot;,&amp;quot;selector&amp;quot;:&amp;quot;#IsScreenCaptureEnabled&amp;quot;}
  (Session info: chrome=91.0.4472.77)
For documentation on this error, please visit: https://www.seleniumhq.org/exceptions/no_such_element.html
Build info: version: &amp;apos;3.141.59&amp;apos;, revision: &amp;apos;e82be7d358&amp;apos;, time: &amp;apos;2018-11-14T08:17:03&amp;apos;
System info: host: &amp;apos;ADMIN&amp;apos;, ip: &amp;apos;192.168.50.8&amp;apos;, os.name: &amp;apos;Windows 8.1&amp;apos;, os.arch: &amp;apos;amd64&amp;apos;, os.version: &amp;apos;6.3&amp;apos;, java.version: &amp;apos;14.0.2&amp;apos;
Driver info: org.openqa.selenium.chrome.ChromeDriver
Capabilities {acceptInsecureCerts: false, browserName: chrome, browserVersion: 91.0.4472.77, chrome: {chromedriverVersion: 90.0.4430.24 (4c6d850f087da..., userDataDir: C:\Users\ADMINP~1\AppData\L...}, goog:chromeOptions: {debuggerAddress: localhost:54798}, javascriptEnabled: true, networkConnectionEnabled: false, pageLoadStrategy: normal, platform: WINDOWS, platformName: WINDOWS, proxy: Proxy(), setWindowRect: true, strictFileInteractability: false, timeouts: {implicit: 0, pageLoad: 300000, script: 30000}, unhandledPromptBehavior: dismiss and notify, webauthn:extension:largeBlob: true, webauthn:virtualAuthenticators: true}
Session ID: 0553efd5a1f31ebf3bc779b9f1432724
*** Element info: {Using=id, value=IsScreenCaptureEnabled}">
      <![CDATA[org.openqa.selenium.NoSuchElementException: no such element: Unable to locate element: {"method":"css selector","selector":"#IsScreenCaptureEnabled"}
  (Session info: chrome=91.0.4472.77)
For documentation on this error, please visit: https://www.seleniumhq.org/exceptions/no_such_element.html
Build info: version: '3.141.59', revision: 'e82be7d358', time: '2018-11-14T08:17:03'
System info: host: 'ADMIN', ip: '192.168.50.8', os.name: 'Windows 8.1', os.arch: 'amd64', os.version: '6.3', java.version: '14.0.2'
Driver info: org.openqa.selenium.chrome.ChromeDriver
Capabilities {acceptInsecureCerts: false, browserName: chrome, browserVersion: 91.0.4472.77, chrome: {chromedriverVersion: 90.0.4430.24 (4c6d850f087da..., userDataDir: C:\Users\ADMINP~1\AppData\L...}, goog:chromeOptions: {debuggerAddress: localhost:54798}, javascriptEnabled: true, networkConnectionEnabled: false, pageLoadStrategy: normal, platform: WINDOWS, platformName: WINDOWS, proxy: Proxy(), setWindowRect: true, strictFileInteractability: false, timeouts: {implicit: 0, pageLoad: 300000, script: 30000}, unhandledPromptBehavior: dismiss and notify, webauthn:extension:largeBlob: true, webauthn:virtualAuthenticators: true}
Session ID: 0553efd5a1f31ebf3bc779b9f1432724
*** Element info: {Using=id, value=IsScreenCaptureEnabled}
at org.openqa.selenium.remote.http.W3CHttpResponseCodec.createException(W3CHttpResponseCodec.java:187)
at org.openqa.selenium.remote.http.W3CHttpResponseCodec.decode(W3CHttpResponseCodec.java:122)
at org.openqa.selenium.remote.http.W3CHttpResponseCodec.decode(W3CHttpResponseCodec.java:49)
at org.openqa.selenium.remote.HttpCommandExecutor.execute(HttpCommandExecutor.java:158)
at org.openqa.selenium.remote.service.DriverCommandExecutor.execute(DriverCommandExecutor.java:83)
at org.openqa.selenium.remote.RemoteWebDriver.execute(RemoteWebDriver.java:552)
at org.openqa.selenium.remote.RemoteWebDriver.findElement(RemoteWebDriver.java:323)
at org.openqa.selenium.remote.RemoteWebDriver.findElementById(RemoteWebDriver.java:372)
at org.openqa.selenium.By$ById.findElement(By.java:188)
at org.openqa.selenium.remote.RemoteWebDriver.findElement(RemoteWebDriver.java:315)
at org.openqa.selenium.support.pagefactory.DefaultElementLocator.findElement(DefaultElementLocator.java:69)
at org.openqa.selenium.support.pagefactory.internal.LocatingElementHandler.invoke(LocatingElementHandler.java:38)
at com.sun.proxy.$Proxy16.isSelected(Unknown Source)
at com.tetherfi.pages.AgentTemplatePage.selectCheckBox(AgentTemplatePage.java:2526)
at com.tetherfi.pages.AgentTemplatePage.VerifyAddNewTemplateFeaturesWithoutTemplate(AgentTemplatePage.java:2539)
at com.tetherfi.test.tmac.Templates_FeaturesTabTest.AddRecWithoutTemplate(Templates_FeaturesTabTest.java:52)
at java.base/java.util.ArrayList.forEach(ArrayList.java:1511)
... Removed 32 stack frames]]>
    </failure>
  </testcase> <!-- AddRecWithoutTemplate -->
  <testcase classname="com.tetherfi.test.tmac.Templates_FeaturesTabTest" name="AddRecWithoutTemplateFeatures" time="3.331">
    <failure type="java.lang.AssertionError" message="Screen Assertion Failed expected [Record inserted Successfully] but found [Please Select the Template]">
      <![CDATA[java.lang.AssertionError: Screen Assertion Failed expected [Record inserted Successfully] but found [Please Select the Template]
at com.tetherfi.test.tmac.Templates_FeaturesTabTest.AddRecWithoutTemplateFeatures(Templates_FeaturesTabTest.java:63)
at java.base/java.util.ArrayList.forEach(ArrayList.java:1511)
... Removed 31 stack frames]]>
    </failure>
  </testcase> <!-- AddRecWithoutTemplateFeatures -->
  <testcase classname="com.tetherfi.test.tmac.Templates_FeaturesTabTest" name="AddValidTemplateFeaturesRecord" time="63.226">
    <failure type="org.openqa.selenium.TimeoutException" message="Expected condition failed: waiting for visibility of Proxy element for: DefaultElementLocator &amp;apos;By.xpath: //div[@class=&amp;apos;k-widget k-window k-state-focused&amp;apos;]//span[@class=&amp;apos;k-window-title&amp;apos;][normalize-space()=&amp;apos;Template Features&amp;apos;]&amp;apos; (tried for 30 second(s) with 500 milliseconds interval)">
      <![CDATA[org.openqa.selenium.TimeoutException: Expected condition failed: waiting for visibility of Proxy element for: DefaultElementLocator 'By.xpath: //div[@class='k-widget k-window k-state-focused']//span[@class='k-window-title'][normalize-space()='Template Features']' (tried for 30 second(s) with 500 milliseconds interval)
at org.openqa.selenium.support.ui.WebDriverWait.timeoutException(WebDriverWait.java:95)
at org.openqa.selenium.support.ui.FluentWait.until(FluentWait.java:272)
at com.tetherfi.pages.BasePage.waitUntilWebElementIsVisible(BasePage.java:129)
at com.tetherfi.pages.AgentTemplatePage.VerifyAddNewValidTemplateFeaturesRecord(AgentTemplatePage.java:2564)
at com.tetherfi.test.tmac.Templates_FeaturesTabTest.AddValidTemplateFeaturesRecord(Templates_FeaturesTabTest.java:72)
at java.base/java.util.ArrayList.forEach(ArrayList.java:1511)
Caused by: org.openqa.selenium.NoSuchElementException: no such element: Unable to locate element: {"method":"xpath","selector":"//div[@class='k-widget k-window k-state-focused']//span[@class='k-window-title'][normalize-space()='Template Features']"}
  (Session info: chrome=91.0.4472.77)
For documentation on this error, please visit: https://www.seleniumhq.org/exceptions/no_such_element.html
Build info: version: '3.141.59', revision: 'e82be7d358', time: '2018-11-14T08:17:03'
System info: host: 'ADMIN', ip: '192.168.50.8', os.name: 'Windows 8.1', os.arch: 'amd64', os.version: '6.3', java.version: '14.0.2'
Driver info: org.openqa.selenium.chrome.ChromeDriver
Capabilities {acceptInsecureCerts: false, browserName: chrome, browserVersion: 91.0.4472.77, chrome: {chromedriverVersion: 90.0.4430.24 (4c6d850f087da..., userDataDir: C:\Users\ADMINP~1\AppData\L...}, goog:chromeOptions: {debuggerAddress: localhost:54798}, javascriptEnabled: true, networkConnectionEnabled: false, pageLoadStrategy: normal, platform: WINDOWS, platformName: WINDOWS, proxy: Proxy(), setWindowRect: true, strictFileInteractability: false, timeouts: {implicit: 0, pageLoad: 300000, script: 30000}, unhandledPromptBehavior: dismiss and notify, webauthn:extension:largeBlob: true, webauthn:virtualAuthenticators: true}
Session ID: 0553efd5a1f31ebf3bc779b9f1432724
*** Element info: {Using=xpath, value=//div[@class='k-widget k-window k-state-focused']//span[@class='k-window-title'][normalize-space()='Template Features']}
at org.openqa.selenium.remote.http.W3CHttpResponseCodec.createException(W3CHttpResponseCodec.java:187)
at org.openqa.selenium.remote.http.W3CHttpResponseCodec.decode(W3CHttpResponseCodec.java:122)
at org.openqa.selenium.remote.http.W3CHttpResponseCodec.decode(W3CHttpResponseCodec.java:49)
at org.openqa.selenium.remote.HttpCommandExecutor.execute(HttpCommandExecutor.java:158)
at org.openqa.selenium.remote.service.DriverCommandExecutor.execute(DriverCommandExecutor.java:83)
at org.openqa.selenium.remote.RemoteWebDriver.execute(RemoteWebDriver.java:552)
at org.openqa.selenium.remote.RemoteWebDriver.findElement(RemoteWebDriver.java:323)
at org.openqa.selenium.remote.RemoteWebDriver.findElementByXPath(RemoteWebDriver.java:428)
at org.openqa.selenium.By$ByXPath.findElement(By.java:353)
at org.openqa.selenium.remote.RemoteWebDriver.findElement(RemoteWebDriver.java:315)
at org.openqa.selenium.support.pagefactory.DefaultElementLocator.findElement(DefaultElementLocator.java:69)
at org.openqa.selenium.support.pagefactory.internal.LocatingElementHandler.invoke(LocatingElementHandler.java:38)
at com.sun.proxy.$Proxy16.isDisplayed(Unknown Source)
at org.openqa.selenium.support.ui.ExpectedConditions.elementIfVisible(ExpectedConditions.java:314)
at org.openqa.selenium.support.ui.ExpectedConditions.access$000(ExpectedConditions.java:43)
at org.openqa.selenium.support.ui.ExpectedConditions$10.apply(ExpectedConditions.java:300)
at org.openqa.selenium.support.ui.ExpectedConditions$10.apply(ExpectedConditions.java:297)
at org.openqa.selenium.support.ui.FluentWait.until(FluentWait.java:249)
... 31 more
... Removed 32 stack frames]]>
    </failure>
  </testcase> <!-- AddValidTemplateFeaturesRecord -->
  <testcase classname="com.tetherfi.test.tmac.Templates_FeaturesTabTest" name="EditRecordwithoutModifyreason" time="4.944">
    <failure type="java.lang.ArrayIndexOutOfBoundsException" message="Index 1 out of bounds for length 1">
      <![CDATA[java.lang.ArrayIndexOutOfBoundsException: Index 1 out of bounds for length 1
at com.tetherfi.pages.AgentTemplatePage.gettable(AgentTemplatePage.java:1211)
at com.tetherfi.pages.AgentTemplatePage.verifySearchIsEqualTo(AgentTemplatePage.java:1666)
at com.tetherfi.pages.AgentTemplatePage.editFeaturesRecordWithoutModifyreason(AgentTemplatePage.java:2578)
at com.tetherfi.test.tmac.Templates_FeaturesTabTest.EditRecordwithoutModifyreason(Templates_FeaturesTabTest.java:82)
at java.base/java.util.ArrayList.forEach(ArrayList.java:1511)
... Removed 27 stack frames]]>
    </failure>
  </testcase> <!-- EditRecordwithoutModifyreason -->
  <testcase classname="com.tetherfi.test.tmac.Templates_FeaturesTabTest" name="VerifyCancelBtnatEditRecord" time="4.898">
    <failure type="java.lang.ArrayIndexOutOfBoundsException" message="Index 1 out of bounds for length 1">
      <![CDATA[java.lang.ArrayIndexOutOfBoundsException: Index 1 out of bounds for length 1
at com.tetherfi.pages.AgentTemplatePage.gettable(AgentTemplatePage.java:1211)
at com.tetherfi.pages.AgentTemplatePage.verifySearchIsEqualTo(AgentTemplatePage.java:1666)
at com.tetherfi.pages.AgentTemplatePage.editCancelFeaturesTab(AgentTemplatePage.java:2590)
at com.tetherfi.test.tmac.Templates_FeaturesTabTest.VerifyCancelBtnatEditRecord(Templates_FeaturesTabTest.java:92)
at java.base/java.util.ArrayList.forEach(ArrayList.java:1511)
... Removed 27 stack frames]]>
    </failure>
  </testcase> <!-- VerifyCancelBtnatEditRecord -->
  <testcase classname="com.tetherfi.test.tmac.Templates_FeaturesTabTest" name="EditScreenRecord" time="4.782">
    <failure type="java.lang.ArrayIndexOutOfBoundsException" message="Index 1 out of bounds for length 1">
      <![CDATA[java.lang.ArrayIndexOutOfBoundsException: Index 1 out of bounds for length 1
at com.tetherfi.pages.AgentTemplatePage.gettable(AgentTemplatePage.java:1211)
at com.tetherfi.pages.AgentTemplatePage.verifySearchIsEqualTo(AgentTemplatePage.java:1666)
at com.tetherfi.pages.AgentTemplatePage.editFeaturesRecord(AgentTemplatePage.java:2600)
at com.tetherfi.test.tmac.Templates_FeaturesTabTest.EditScreenRecord(Templates_FeaturesTabTest.java:102)
at java.base/java.util.ArrayList.forEach(ArrayList.java:1511)
... Removed 27 stack frames]]>
    </failure>
  </testcase> <!-- EditScreenRecord -->
  <testcase classname="com.tetherfi.test.tmac.Templates_FeaturesTabTest" name="DeleteRecordwithoutDeletereason" time="5.384">
    <failure type="java.lang.ArrayIndexOutOfBoundsException" message="Index 1 out of bounds for length 1">
      <![CDATA[java.lang.ArrayIndexOutOfBoundsException: Index 1 out of bounds for length 1
at com.tetherfi.pages.AgentTemplatePage.gettable(AgentTemplatePage.java:1211)
at com.tetherfi.pages.AgentTemplatePage.verifySearchIsEqualTo(AgentTemplatePage.java:1666)
at com.tetherfi.pages.AgentTemplatePage.deleteWithoutDeletereasonFeaturestab(AgentTemplatePage.java:2614)
at com.tetherfi.test.tmac.Templates_FeaturesTabTest.DeleteRecordwithoutDeletereason(Templates_FeaturesTabTest.java:112)
at java.base/java.util.ArrayList.forEach(ArrayList.java:1511)
... Removed 27 stack frames]]>
    </failure>
  </testcase> <!-- DeleteRecordwithoutDeletereason -->
  <testcase classname="com.tetherfi.test.tmac.Templates_FeaturesTabTest" name="VerifyCancelBtnatDeleteRecord" time="5.007">
    <failure type="java.lang.ArrayIndexOutOfBoundsException" message="Index 1 out of bounds for length 1">
      <![CDATA[java.lang.ArrayIndexOutOfBoundsException: Index 1 out of bounds for length 1
at com.tetherfi.pages.AgentTemplatePage.gettable(AgentTemplatePage.java:1211)
at com.tetherfi.pages.AgentTemplatePage.verifySearchIsEqualTo(AgentTemplatePage.java:1666)
at com.tetherfi.pages.AgentTemplatePage.DeleteCancelFeaturestab(AgentTemplatePage.java:2625)
at com.tetherfi.test.tmac.Templates_FeaturesTabTest.VerifyCancelBtnatDeleteRecord(Templates_FeaturesTabTest.java:122)
at java.base/java.util.ArrayList.forEach(ArrayList.java:1511)
... Removed 27 stack frames]]>
    </failure>
  </testcase> <!-- VerifyCancelBtnatDeleteRecord -->
  <testcase classname="com.tetherfi.test.tmac.Templates_FeaturesTabTest" name="DeleteFeaturesTemplateRecord" time="4.861">
    <failure type="java.lang.ArrayIndexOutOfBoundsException" message="Index 1 out of bounds for length 1">
      <![CDATA[java.lang.ArrayIndexOutOfBoundsException: Index 1 out of bounds for length 1
at com.tetherfi.pages.AgentTemplatePage.gettable(AgentTemplatePage.java:1211)
at com.tetherfi.pages.AgentTemplatePage.verifySearchIsEqualTo(AgentTemplatePage.java:1666)
at com.tetherfi.pages.AgentTemplatePage.deleteFeaturesRecord(AgentTemplatePage.java:2641)
at com.tetherfi.test.tmac.Templates_FeaturesTabTest.DeleteFeaturesTemplateRecord(Templates_FeaturesTabTest.java:131)
at java.base/java.util.ArrayList.forEach(ArrayList.java:1511)
... Removed 27 stack frames]]>
    </failure>
  </testcase> <!-- DeleteFeaturesTemplateRecord -->
  <testcase classname="com.tetherfi.test.tmac.Templates_FeaturesTabTest" name="DeleteRecordwithoutFeatures" time="4.875">
    <failure type="java.lang.ArrayIndexOutOfBoundsException" message="Index 1 out of bounds for length 1">
      <![CDATA[java.lang.ArrayIndexOutOfBoundsException: Index 1 out of bounds for length 1
at com.tetherfi.pages.AgentTemplatePage.gettable(AgentTemplatePage.java:1211)
at com.tetherfi.pages.AgentTemplatePage.verifySearchIsEqualTo(AgentTemplatePage.java:1666)
at com.tetherfi.pages.AgentTemplatePage.deleteFeaturesRecord(AgentTemplatePage.java:2641)
at com.tetherfi.test.tmac.Templates_FeaturesTabTest.DeleteRecordwithoutFeatures(Templates_FeaturesTabTest.java:141)
at java.base/java.util.ArrayList.forEach(ArrayList.java:1511)
... Removed 27 stack frames]]>
    </failure>
  </testcase> <!-- DeleteRecordwithoutFeatures -->
</testsuite> <!-- Template -->
