<?xml version="1.0" encoding="UTF-8"?>
<!-- Generated by org.testng.reporters.JUnitXMLReporter -->
<testsuite ignored="0" hostname="DESKTOP-O6A5C2O" failures="11" tests="64" name="Tmac Broadcast msg" time="884.77" errors="0" timestamp="2019-11-11T13:48:22 IST">
  <testcase classname="com.tetherfi.test.tmac.TmacTransferListTest" name="VerifyTmacTransferListModuleDisplay" time="0.849"/>
  <testcase classname="com.tetherfi.test.tmac.TmacTransferListTest" name="VerifyTmacConsultTransferTableHeaders" time="0.815"/>
  <testcase classname="com.tetherfi.test.tmac.TmacTransferListTest" name="VerifyAddNewConsultTransferButton" time="0.058"/>
  <testcase classname="com.tetherfi.test.tmac.TmacTransferListTest" name="VerifyAddConsultTransferPopUpContentDisplayed" time="2.653"/>
  <testcase classname="com.tetherfi.test.tmac.TmacTransferListTest" name="VerifyErrMsgNameBlank" time="5.654"/>
  <testcase classname="com.tetherfi.test.tmac.TmacTransferListTest" name="VerifyErrMsgAgtExtBlank" time="5.633"/>
  <testcase classname="com.tetherfi.test.tmac.TmacTransferListTest" name="VerifyErrMsgTypeNotSelected" time="4.636"/>
  <testcase classname="com.tetherfi.test.tmac.TmacTransferListTest" name="VerifyCancelonNewConsulTransfer" time="3.333"/>
  <testcase classname="com.tetherfi.test.tmac.TmacTransferListTest" name="AddNewTmacConsultTransferRecord" time="31.653">
    <failure type="org.openqa.selenium.TimeoutException" message="Expected condition failed: waiting for visibility of [[ChromeDriver: chrome on XP (7d1352031a3b866f87d581d8cc51a28c)] -&amp;gt; css selector: #Value] (tried for 30 second(s) with 500 milliseconds interval)
Build info: version: &amp;apos;3.141.59&amp;apos;, revision: &amp;apos;e82be7d358&amp;apos;, time: &amp;apos;2018-11-14T08:17:03&amp;apos;
System info: host: &amp;apos;DESKTOP-O6A5C2O&amp;apos;, ip: &amp;apos;10.0.75.1&amp;apos;, os.name: &amp;apos;Windows 10&amp;apos;, os.arch: &amp;apos;amd64&amp;apos;, os.version: &amp;apos;10.0&amp;apos;, java.version: &amp;apos;9.0.4&amp;apos;
Driver info: org.openqa.selenium.chrome.ChromeDriver
Capabilities {acceptInsecureCerts: false, browserName: chrome, browserVersion: 78.0.3904.97, chrome: {chromedriverVersion: 78.0.3904.70 (edb9c9f3de024..., userDataDir: C:\Users\admin\AppData\Loca...}, goog:chromeOptions: {debuggerAddress: localhost:59382}, javascriptEnabled: true, networkConnectionEnabled: false, pageLoadStrategy: normal, platform: XP, platformName: XP, proxy: Proxy(), setWindowRect: true, strictFileInteractability: false, timeouts: {implicit: 0, pageLoad: 300000, script: 30000}, unhandledPromptBehavior: dismiss and notify}
Session ID: 7d1352031a3b866f87d581d8cc51a28c">
      <![CDATA[org.openqa.selenium.TimeoutException: Expected condition failed: waiting for visibility of [[ChromeDriver: chrome on XP (7d1352031a3b866f87d581d8cc51a28c)] -> css selector: #Value] (tried for 30 second(s) with 500 milliseconds interval)
Build info: version: '3.141.59', revision: 'e82be7d358', time: '2018-11-14T08:17:03'
System info: host: 'DESKTOP-O6A5C2O', ip: '10.0.75.1', os.name: 'Windows 10', os.arch: 'amd64', os.version: '10.0', java.version: '9.0.4'
Driver info: org.openqa.selenium.chrome.ChromeDriver
Capabilities {acceptInsecureCerts: false, browserName: chrome, browserVersion: 78.0.3904.97, chrome: {chromedriverVersion: 78.0.3904.70 (edb9c9f3de024..., userDataDir: C:\Users\admin\AppData\Loca...}, goog:chromeOptions: {debuggerAddress: localhost:59382}, javascriptEnabled: true, networkConnectionEnabled: false, pageLoadStrategy: normal, platform: XP, platformName: XP, proxy: Proxy(), setWindowRect: true, strictFileInteractability: false, timeouts: {implicit: 0, pageLoad: 300000, script: 30000}, unhandledPromptBehavior: dismiss and notify}
Session ID: 7d1352031a3b866f87d581d8cc51a28c
at org.openqa.selenium.support.ui.WebDriverWait.timeoutException(WebDriverWait.java:95)
at org.openqa.selenium.support.ui.FluentWait.until(FluentWait.java:272)
at com.tetherfi.pages.BasePage.waitUntilWebElementIsVisible(BasePage.java:127)
at com.tetherfi.pages.BasePage.enterValueToTxtField(BasePage.java:150)
at com.tetherfi.pages.TmacTransferListPage.addNewTmacConsultTransferList(TmacTransferListPage.java:354)
at com.tetherfi.test.tmac.TmacTransferListTest.AddNewTmacConsultTransferRecord(TmacTransferListTest.java:130)
at java.base/java.util.ArrayList.forEach(Unknown Source)
... Removed 27 stack frames]]>
    </failure>
  </testcase> <!-- AddNewTmacConsultTransferRecord -->
  <testcase classname="com.tetherfi.test.tmac.TmacTransferListTest" name="VerifyErrMsgDuplicateName" time="3.419">
    <failure type="org.openqa.selenium.ElementClickInterceptedException" message="element click intercepted: Element &amp;lt;a role=&amp;quot;button&amp;quot; class=&amp;quot;k-button k-button-icontext k-grid-cancel&amp;quot; style=&amp;quot;width=10px;&amp;quot; href=&amp;quot;#&amp;quot;&amp;gt;...&amp;lt;/a&amp;gt; is not clickable at point (1114, 276). Other element would receive the click: &amp;lt;div class=&amp;quot;k-loading-image&amp;quot;&amp;gt;&amp;lt;/div&amp;gt;
  (Session info: chrome=78.0.3904.97)
Build info: version: &amp;apos;3.141.59&amp;apos;, revision: &amp;apos;e82be7d358&amp;apos;, time: &amp;apos;2018-11-14T08:17:03&amp;apos;
System info: host: &amp;apos;DESKTOP-O6A5C2O&amp;apos;, ip: &amp;apos;10.0.75.1&amp;apos;, os.name: &amp;apos;Windows 10&amp;apos;, os.arch: &amp;apos;amd64&amp;apos;, os.version: &amp;apos;10.0&amp;apos;, java.version: &amp;apos;9.0.4&amp;apos;
Driver info: org.openqa.selenium.chrome.ChromeDriver
Capabilities {acceptInsecureCerts: false, browserName: chrome, browserVersion: 78.0.3904.97, chrome: {chromedriverVersion: 78.0.3904.70 (edb9c9f3de024..., userDataDir: C:\Users\admin\AppData\Loca...}, goog:chromeOptions: {debuggerAddress: localhost:59382}, javascriptEnabled: true, networkConnectionEnabled: false, pageLoadStrategy: normal, platform: XP, platformName: XP, proxy: Proxy(), setWindowRect: true, strictFileInteractability: false, timeouts: {implicit: 0, pageLoad: 300000, script: 30000}, unhandledPromptBehavior: dismiss and notify}
Session ID: 7d1352031a3b866f87d581d8cc51a28c">
      <![CDATA[org.openqa.selenium.ElementClickInterceptedException: element click intercepted: Element <a role="button" class="k-button k-button-icontext k-grid-cancel" style="width=10px;" href="#">...</a> is not clickable at point (1114, 276). Other element would receive the click: <div class="k-loading-image"></div>
  (Session info: chrome=78.0.3904.97)
Build info: version: '3.141.59', revision: 'e82be7d358', time: '2018-11-14T08:17:03'
System info: host: 'DESKTOP-O6A5C2O', ip: '10.0.75.1', os.name: 'Windows 10', os.arch: 'amd64', os.version: '10.0', java.version: '9.0.4'
Driver info: org.openqa.selenium.chrome.ChromeDriver
Capabilities {acceptInsecureCerts: false, browserName: chrome, browserVersion: 78.0.3904.97, chrome: {chromedriverVersion: 78.0.3904.70 (edb9c9f3de024..., userDataDir: C:\Users\admin\AppData\Loca...}, goog:chromeOptions: {debuggerAddress: localhost:59382}, javascriptEnabled: true, networkConnectionEnabled: false, pageLoadStrategy: normal, platform: XP, platformName: XP, proxy: Proxy(), setWindowRect: true, strictFileInteractability: false, timeouts: {implicit: 0, pageLoad: 300000, script: 30000}, unhandledPromptBehavior: dismiss and notify}
Session ID: 7d1352031a3b866f87d581d8cc51a28c
at org.openqa.selenium.remote.http.W3CHttpResponseCodec.createException(W3CHttpResponseCodec.java:187)
at org.openqa.selenium.remote.http.W3CHttpResponseCodec.decode(W3CHttpResponseCodec.java:122)
at org.openqa.selenium.remote.http.W3CHttpResponseCodec.decode(W3CHttpResponseCodec.java:49)
at org.openqa.selenium.remote.HttpCommandExecutor.execute(HttpCommandExecutor.java:158)
at org.openqa.selenium.remote.service.DriverCommandExecutor.execute(DriverCommandExecutor.java:83)
at org.openqa.selenium.remote.RemoteWebDriver.execute(RemoteWebDriver.java:552)
at org.openqa.selenium.remote.RemoteWebElement.execute(RemoteWebElement.java:285)
at org.openqa.selenium.remote.RemoteWebElement.click(RemoteWebElement.java:84)
at org.openqa.selenium.support.pagefactory.internal.LocatingElementHandler.invoke(LocatingElementHandler.java:51)
at com.sun.proxy.$Proxy16.click(Unknown Source)
at com.tetherfi.pages.BasePage.selectWebElement(BasePage.java:202)
at com.tetherfi.pages.TmacTransferListPage.selectCancelOnAddNewConsulTransPopUp(TmacTransferListPage.java:345)
at com.tetherfi.test.tmac.TmacTransferListTest.VerifyErrMsgDuplicateName(TmacTransferListTest.java:145)
at java.base/java.util.ArrayList.forEach(Unknown Source)
... Removed 34 stack frames]]>
    </failure>
  </testcase> <!-- VerifyErrMsgDuplicateName -->
  <testcase classname="com.tetherfi.test.tmac.TmacTransferListTest" name="VerifyErrMsgDuplicateValue" time="83.969">
    <failure type="org.openqa.selenium.TimeoutException" message="Expected condition failed: waiting for element to be clickable: Proxy element for: DefaultElementLocator &amp;apos;By.cssSelector: .k-grid-cancel&amp;apos; (tried for 20 second(s) with 500 milliseconds interval)">
      <![CDATA[org.openqa.selenium.TimeoutException: Expected condition failed: waiting for element to be clickable: Proxy element for: DefaultElementLocator 'By.cssSelector: .k-grid-cancel' (tried for 20 second(s) with 500 milliseconds interval)
at org.openqa.selenium.support.ui.WebDriverWait.timeoutException(WebDriverWait.java:95)
at org.openqa.selenium.support.ui.FluentWait.until(FluentWait.java:272)
at com.tetherfi.pages.BasePage.waitUntilWebElementIsClickable(BasePage.java:259)
at com.tetherfi.pages.BasePage.selectWebElement(BasePage.java:199)
at com.tetherfi.pages.TmacTransferListPage.selectCancelOnAddNewConsulTransPopUp(TmacTransferListPage.java:345)
at com.tetherfi.test.tmac.TmacTransferListTest.VerifyErrMsgDuplicateValue(TmacTransferListTest.java:160)
at java.base/java.util.ArrayList.forEach(Unknown Source)
Caused by: org.openqa.selenium.NoSuchElementException: no such element: Unable to locate element: {"method":"css selector","selector":".k-grid-cancel"}
  (Session info: chrome=78.0.3904.97)
For documentation on this error, please visit: https://www.seleniumhq.org/exceptions/no_such_element.html
Build info: version: '3.141.59', revision: 'e82be7d358', time: '2018-11-14T08:17:03'
System info: host: 'DESKTOP-O6A5C2O', ip: '10.0.75.1', os.name: 'Windows 10', os.arch: 'amd64', os.version: '10.0', java.version: '9.0.4'
Driver info: org.openqa.selenium.chrome.ChromeDriver
Capabilities {acceptInsecureCerts: false, browserName: chrome, browserVersion: 78.0.3904.97, chrome: {chromedriverVersion: 78.0.3904.70 (edb9c9f3de024..., userDataDir: C:\Users\admin\AppData\Loca...}, goog:chromeOptions: {debuggerAddress: localhost:59382}, javascriptEnabled: true, networkConnectionEnabled: false, pageLoadStrategy: normal, platform: XP, platformName: XP, proxy: Proxy(), setWindowRect: true, strictFileInteractability: false, timeouts: {implicit: 0, pageLoad: 300000, script: 30000}, unhandledPromptBehavior: dismiss and notify}
Session ID: 7d1352031a3b866f87d581d8cc51a28c
*** Element info: {Using=css selector, value=.k-grid-cancel}
at org.openqa.selenium.remote.http.W3CHttpResponseCodec.createException(W3CHttpResponseCodec.java:187)
at org.openqa.selenium.remote.http.W3CHttpResponseCodec.decode(W3CHttpResponseCodec.java:122)
at org.openqa.selenium.remote.http.W3CHttpResponseCodec.decode(W3CHttpResponseCodec.java:49)
at org.openqa.selenium.remote.HttpCommandExecutor.execute(HttpCommandExecutor.java:158)
at org.openqa.selenium.remote.service.DriverCommandExecutor.execute(DriverCommandExecutor.java:83)
at org.openqa.selenium.remote.RemoteWebDriver.execute(RemoteWebDriver.java:552)
at org.openqa.selenium.remote.RemoteWebDriver.findElement(RemoteWebDriver.java:323)
at org.openqa.selenium.remote.RemoteWebDriver.findElementByCssSelector(RemoteWebDriver.java:420)
at org.openqa.selenium.By$ByCssSelector.findElement(By.java:431)
at org.openqa.selenium.remote.RemoteWebDriver.findElement(RemoteWebDriver.java:315)
at org.openqa.selenium.support.pagefactory.DefaultElementLocator.findElement(DefaultElementLocator.java:69)
at org.openqa.selenium.support.pagefactory.internal.LocatingElementHandler.invoke(LocatingElementHandler.java:38)
at com.sun.proxy.$Proxy16.isDisplayed(Unknown Source)
at org.openqa.selenium.support.ui.ExpectedConditions.elementIfVisible(ExpectedConditions.java:314)
at org.openqa.selenium.support.ui.ExpectedConditions.access$000(ExpectedConditions.java:43)
at org.openqa.selenium.support.ui.ExpectedConditions$10.apply(ExpectedConditions.java:300)
at org.openqa.selenium.support.ui.ExpectedConditions$10.apply(ExpectedConditions.java:297)
at org.openqa.selenium.support.ui.ExpectedConditions$23.apply(ExpectedConditions.java:670)
at org.openqa.selenium.support.ui.ExpectedConditions$23.apply(ExpectedConditions.java:666)
at org.openqa.selenium.support.ui.FluentWait.until(FluentWait.java:249)
... 32 more
... Removed 31 stack frames]]>
    </failure>
  </testcase> <!-- VerifyErrMsgDuplicateValue -->
  <testcase classname="com.tetherfi.test.tmac.TmacTransferListTest" name="AddNewTmacConsultTransferRecord2" time="31.628">
    <failure type="org.openqa.selenium.TimeoutException" message="Expected condition failed: waiting for visibility of [[ChromeDriver: chrome on XP (7d1352031a3b866f87d581d8cc51a28c)] -&amp;gt; css selector: #Value] (tried for 30 second(s) with 500 milliseconds interval)
Build info: version: &amp;apos;3.141.59&amp;apos;, revision: &amp;apos;e82be7d358&amp;apos;, time: &amp;apos;2018-11-14T08:17:03&amp;apos;
System info: host: &amp;apos;DESKTOP-O6A5C2O&amp;apos;, ip: &amp;apos;10.0.75.1&amp;apos;, os.name: &amp;apos;Windows 10&amp;apos;, os.arch: &amp;apos;amd64&amp;apos;, os.version: &amp;apos;10.0&amp;apos;, java.version: &amp;apos;9.0.4&amp;apos;
Driver info: org.openqa.selenium.chrome.ChromeDriver
Capabilities {acceptInsecureCerts: false, browserName: chrome, browserVersion: 78.0.3904.97, chrome: {chromedriverVersion: 78.0.3904.70 (edb9c9f3de024..., userDataDir: C:\Users\admin\AppData\Loca...}, goog:chromeOptions: {debuggerAddress: localhost:59382}, javascriptEnabled: true, networkConnectionEnabled: false, pageLoadStrategy: normal, platform: XP, platformName: XP, proxy: Proxy(), setWindowRect: true, strictFileInteractability: false, timeouts: {implicit: 0, pageLoad: 300000, script: 30000}, unhandledPromptBehavior: dismiss and notify}
Session ID: 7d1352031a3b866f87d581d8cc51a28c">
      <![CDATA[org.openqa.selenium.TimeoutException: Expected condition failed: waiting for visibility of [[ChromeDriver: chrome on XP (7d1352031a3b866f87d581d8cc51a28c)] -> css selector: #Value] (tried for 30 second(s) with 500 milliseconds interval)
Build info: version: '3.141.59', revision: 'e82be7d358', time: '2018-11-14T08:17:03'
System info: host: 'DESKTOP-O6A5C2O', ip: '10.0.75.1', os.name: 'Windows 10', os.arch: 'amd64', os.version: '10.0', java.version: '9.0.4'
Driver info: org.openqa.selenium.chrome.ChromeDriver
Capabilities {acceptInsecureCerts: false, browserName: chrome, browserVersion: 78.0.3904.97, chrome: {chromedriverVersion: 78.0.3904.70 (edb9c9f3de024..., userDataDir: C:\Users\admin\AppData\Loca...}, goog:chromeOptions: {debuggerAddress: localhost:59382}, javascriptEnabled: true, networkConnectionEnabled: false, pageLoadStrategy: normal, platform: XP, platformName: XP, proxy: Proxy(), setWindowRect: true, strictFileInteractability: false, timeouts: {implicit: 0, pageLoad: 300000, script: 30000}, unhandledPromptBehavior: dismiss and notify}
Session ID: 7d1352031a3b866f87d581d8cc51a28c
at org.openqa.selenium.support.ui.WebDriverWait.timeoutException(WebDriverWait.java:95)
at org.openqa.selenium.support.ui.FluentWait.until(FluentWait.java:272)
at com.tetherfi.pages.BasePage.waitUntilWebElementIsVisible(BasePage.java:127)
at com.tetherfi.pages.BasePage.enterValueToTxtField(BasePage.java:150)
at com.tetherfi.pages.TmacTransferListPage.addNewTmacConsultTransferList(TmacTransferListPage.java:354)
at com.tetherfi.test.tmac.TmacTransferListTest.AddNewTmacConsultTransferRecord2(TmacTransferListTest.java:171)
at java.base/java.util.ArrayList.forEach(Unknown Source)
... Removed 27 stack frames]]>
    </failure>
  </testcase> <!-- AddNewTmacConsultTransferRecord2 -->
  <testcase classname="com.tetherfi.test.tmac.TmacTransferListTest" name="VerifyDupNameErrMsgOnEditConsulRecd" time="0.0">
    <skipped/>
  </testcase> <!-- VerifyDupNameErrMsgOnEditConsulRecd -->
  <testcase classname="com.tetherfi.test.tmac.TmacTransferListTest" name="VerifyDupValueErrMsgOnEditConsulRecd" time="0.0">
    <skipped/>
  </testcase> <!-- VerifyDupValueErrMsgOnEditConsulRecd -->
  <testcase classname="com.tetherfi.test.tmac.TmacTransferListTest" name="VerifyNoModReasonErrMsgOnEditConsulRecd" time="0.0">
    <skipped/>
  </testcase> <!-- VerifyNoModReasonErrMsgOnEditConsulRecd -->
  <testcase classname="com.tetherfi.test.tmac.TmacTransferListTest" name="EditNameOnTmacConsultTransferRecord" time="6.468"/>
  <testcase classname="com.tetherfi.test.tmac.TmacTransferListTest" name="EditAgtExtOnTmacConsultTransferRecord" time="6.282"/>
  <testcase classname="com.tetherfi.test.tmac.TmacTransferListTest" name="EditTypeOnTmacConsultTransferRecord" time="6.175"/>
  <testcase classname="com.tetherfi.test.tmac.TmacTransferListTest" name="EditAllOnTmacConsultTransferRecord" time="6.054"/>
  <testcase classname="com.tetherfi.test.tmac.TmacTransferListTest" name="VerifySearchIsNotEqualTo" time="5.729"/>
  <testcase classname="com.tetherfi.test.tmac.TmacTransferListTest" name="VerifySearchContains" time="3.978"/>
  <testcase classname="com.tetherfi.test.tmac.TmacTransferListTest" name="VerifySearchDoesNotContains" time="4.578"/>
  <testcase classname="com.tetherfi.test.tmac.TmacTransferListTest" name="VerifySearchStartsWith" time="3.849"/>
  <testcase classname="com.tetherfi.test.tmac.TmacTransferListTest" name="VerifySearchEndsWith" time="3.42"/>
  <testcase classname="com.tetherfi.test.tmac.TmacTransferListTest" name="ExportToExcel" time="1.401"/>
  <testcase classname="com.tetherfi.test.tmac.TmacTransferListTest" name="ExportToExcelData" time="1.929">
    <failure type="org.openqa.selenium.ElementClickInterceptedException" message="element click intercepted: Element &amp;lt;span class=&amp;quot;k-icon k-i-arrow-60-right&amp;quot;&amp;gt;&amp;lt;/span&amp;gt; is not clickable at point (135, 552). Other element would receive the click: &amp;lt;div class=&amp;quot;theme-color&amp;quot;&amp;gt;...&amp;lt;/div&amp;gt;
  (Session info: chrome=78.0.3904.97)
Build info: version: &amp;apos;3.141.59&amp;apos;, revision: &amp;apos;e82be7d358&amp;apos;, time: &amp;apos;2018-11-14T08:17:03&amp;apos;
System info: host: &amp;apos;DESKTOP-O6A5C2O&amp;apos;, ip: &amp;apos;10.0.75.1&amp;apos;, os.name: &amp;apos;Windows 10&amp;apos;, os.arch: &amp;apos;amd64&amp;apos;, os.version: &amp;apos;10.0&amp;apos;, java.version: &amp;apos;9.0.4&amp;apos;
Driver info: org.openqa.selenium.chrome.ChromeDriver
Capabilities {acceptInsecureCerts: false, browserName: chrome, browserVersion: 78.0.3904.97, chrome: {chromedriverVersion: 78.0.3904.70 (edb9c9f3de024..., userDataDir: C:\Users\admin\AppData\Loca...}, goog:chromeOptions: {debuggerAddress: localhost:59382}, javascriptEnabled: true, networkConnectionEnabled: false, pageLoadStrategy: normal, platform: XP, platformName: XP, proxy: Proxy(), setWindowRect: true, strictFileInteractability: false, timeouts: {implicit: 0, pageLoad: 300000, script: 30000}, unhandledPromptBehavior: dismiss and notify}
Session ID: 7d1352031a3b866f87d581d8cc51a28c">
      <![CDATA[org.openqa.selenium.ElementClickInterceptedException: element click intercepted: Element <span class="k-icon k-i-arrow-60-right"></span> is not clickable at point (135, 552). Other element would receive the click: <div class="theme-color">...</div>
  (Session info: chrome=78.0.3904.97)
Build info: version: '3.141.59', revision: 'e82be7d358', time: '2018-11-14T08:17:03'
System info: host: 'DESKTOP-O6A5C2O', ip: '10.0.75.1', os.name: 'Windows 10', os.arch: 'amd64', os.version: '10.0', java.version: '9.0.4'
Driver info: org.openqa.selenium.chrome.ChromeDriver
Capabilities {acceptInsecureCerts: false, browserName: chrome, browserVersion: 78.0.3904.97, chrome: {chromedriverVersion: 78.0.3904.70 (edb9c9f3de024..., userDataDir: C:\Users\admin\AppData\Loca...}, goog:chromeOptions: {debuggerAddress: localhost:59382}, javascriptEnabled: true, networkConnectionEnabled: false, pageLoadStrategy: normal, platform: XP, platformName: XP, proxy: Proxy(), setWindowRect: true, strictFileInteractability: false, timeouts: {implicit: 0, pageLoad: 300000, script: 30000}, unhandledPromptBehavior: dismiss and notify}
Session ID: 7d1352031a3b866f87d581d8cc51a28c
at org.openqa.selenium.remote.http.W3CHttpResponseCodec.createException(W3CHttpResponseCodec.java:187)
at org.openqa.selenium.remote.http.W3CHttpResponseCodec.decode(W3CHttpResponseCodec.java:122)
at org.openqa.selenium.remote.http.W3CHttpResponseCodec.decode(W3CHttpResponseCodec.java:49)
at org.openqa.selenium.remote.HttpCommandExecutor.execute(HttpCommandExecutor.java:158)
at org.openqa.selenium.remote.service.DriverCommandExecutor.execute(DriverCommandExecutor.java:83)
at org.openqa.selenium.remote.RemoteWebDriver.execute(RemoteWebDriver.java:552)
at org.openqa.selenium.remote.RemoteWebElement.execute(RemoteWebElement.java:285)
at org.openqa.selenium.remote.RemoteWebElement.click(RemoteWebElement.java:84)
at org.openqa.selenium.support.pagefactory.internal.LocatingElementHandler.invoke(LocatingElementHandler.java:51)
at com.sun.proxy.$Proxy16.click(Unknown Source)
at com.tetherfi.pages.TmacTransferListPage.getdata(TmacTransferListPage.java:855)
at com.tetherfi.pages.TmacTransferListPage.verifyexportToExcelSheet(TmacTransferListPage.java:812)
at com.tetherfi.test.tmac.TmacTransferListTest.ExportToExcelData(TmacTransferListTest.java:313)
at java.base/java.util.ArrayList.forEach(Unknown Source)
... Removed 34 stack frames]]>
    </failure>
  </testcase> <!-- ExportToExcelData -->
  <testcase classname="com.tetherfi.test.tmac.TmacTransferListTest" name="database" time="2.933">
    <failure type="org.openqa.selenium.ElementClickInterceptedException" message="element click intercepted: Element &amp;lt;span class=&amp;quot;k-icon k-i-arrow-60-right&amp;quot;&amp;gt;&amp;lt;/span&amp;gt; is not clickable at point (135, 552). Other element would receive the click: &amp;lt;div class=&amp;quot;theme-color&amp;quot;&amp;gt;...&amp;lt;/div&amp;gt;
  (Session info: chrome=78.0.3904.97)
Build info: version: &amp;apos;3.141.59&amp;apos;, revision: &amp;apos;e82be7d358&amp;apos;, time: &amp;apos;2018-11-14T08:17:03&amp;apos;
System info: host: &amp;apos;DESKTOP-O6A5C2O&amp;apos;, ip: &amp;apos;10.0.75.1&amp;apos;, os.name: &amp;apos;Windows 10&amp;apos;, os.arch: &amp;apos;amd64&amp;apos;, os.version: &amp;apos;10.0&amp;apos;, java.version: &amp;apos;9.0.4&amp;apos;
Driver info: org.openqa.selenium.chrome.ChromeDriver
Capabilities {acceptInsecureCerts: false, browserName: chrome, browserVersion: 78.0.3904.97, chrome: {chromedriverVersion: 78.0.3904.70 (edb9c9f3de024..., userDataDir: C:\Users\admin\AppData\Loca...}, goog:chromeOptions: {debuggerAddress: localhost:59382}, javascriptEnabled: true, networkConnectionEnabled: false, pageLoadStrategy: normal, platform: XP, platformName: XP, proxy: Proxy(), setWindowRect: true, strictFileInteractability: false, timeouts: {implicit: 0, pageLoad: 300000, script: 30000}, unhandledPromptBehavior: dismiss and notify}
Session ID: 7d1352031a3b866f87d581d8cc51a28c">
      <![CDATA[org.openqa.selenium.ElementClickInterceptedException: element click intercepted: Element <span class="k-icon k-i-arrow-60-right"></span> is not clickable at point (135, 552). Other element would receive the click: <div class="theme-color">...</div>
  (Session info: chrome=78.0.3904.97)
Build info: version: '3.141.59', revision: 'e82be7d358', time: '2018-11-14T08:17:03'
System info: host: 'DESKTOP-O6A5C2O', ip: '10.0.75.1', os.name: 'Windows 10', os.arch: 'amd64', os.version: '10.0', java.version: '9.0.4'
Driver info: org.openqa.selenium.chrome.ChromeDriver
Capabilities {acceptInsecureCerts: false, browserName: chrome, browserVersion: 78.0.3904.97, chrome: {chromedriverVersion: 78.0.3904.70 (edb9c9f3de024..., userDataDir: C:\Users\admin\AppData\Loca...}, goog:chromeOptions: {debuggerAddress: localhost:59382}, javascriptEnabled: true, networkConnectionEnabled: false, pageLoadStrategy: normal, platform: XP, platformName: XP, proxy: Proxy(), setWindowRect: true, strictFileInteractability: false, timeouts: {implicit: 0, pageLoad: 300000, script: 30000}, unhandledPromptBehavior: dismiss and notify}
Session ID: 7d1352031a3b866f87d581d8cc51a28c
at org.openqa.selenium.remote.http.W3CHttpResponseCodec.createException(W3CHttpResponseCodec.java:187)
at org.openqa.selenium.remote.http.W3CHttpResponseCodec.decode(W3CHttpResponseCodec.java:122)
at org.openqa.selenium.remote.http.W3CHttpResponseCodec.decode(W3CHttpResponseCodec.java:49)
at org.openqa.selenium.remote.HttpCommandExecutor.execute(HttpCommandExecutor.java:158)
at org.openqa.selenium.remote.service.DriverCommandExecutor.execute(DriverCommandExecutor.java:83)
at org.openqa.selenium.remote.RemoteWebDriver.execute(RemoteWebDriver.java:552)
at org.openqa.selenium.remote.RemoteWebElement.execute(RemoteWebElement.java:285)
at org.openqa.selenium.remote.RemoteWebElement.click(RemoteWebElement.java:84)
at org.openqa.selenium.support.pagefactory.internal.LocatingElementHandler.invoke(LocatingElementHandler.java:51)
at com.sun.proxy.$Proxy16.click(Unknown Source)
at com.tetherfi.pages.TmacTransferListPage.gettable(TmacTransferListPage.java:942)
at com.tetherfi.pages.TmacTransferListPage.verifyDatabase(TmacTransferListPage.java:895)
at com.tetherfi.test.tmac.TmacTransferListTest.database(TmacTransferListTest.java:322)
at java.base/java.util.ArrayList.forEach(Unknown Source)
... Removed 34 stack frames]]>
    </failure>
  </testcase> <!-- database -->
  <testcase classname="com.tetherfi.test.tmac.TmacTransferListTest" name="GroupBy" time="1.598"/>
  <testcase classname="com.tetherfi.test.tmac.TmacTransferListTest" name="DeleteNoReasonErrMsgTmacConsultTransferRecord" time="4.996"/>
  <testcase classname="com.tetherfi.test.tmac.TmacTransferListTest" name="DeleteNoReasonNoBtnTmacConsultTransferRecord" time="44.641"/>
  <testcase classname="com.tetherfi.test.tmac.TmacTransferListTest" name="DeleteTmacConsultTransferRecord" time="4.164"/>
  <testcase classname="com.tetherfi.test.tmac.TmacTransferListTest" name="DeleteTmacConsultTransferRecord2" time="3.883"/>
  <testcase classname="com.tetherfi.test.tmac.TmacTransferListTest" name="fullScreenAndRestore" time="4.307"/>
  <testcase classname="com.tetherfi.test.tmac.TmacTransferListTest" name="VerifyTmacBlindTransferTableHeaders" time="1.417"/>
  <testcase classname="com.tetherfi.test.tmac.TmacTransferListTest" name="VerifyAddNewBlindTransferButton" time="0.39"/>
  <testcase classname="com.tetherfi.test.tmac.TmacTransferListTest" name="VerifyAddBlindTransferPopUpContentDisplayed" time="2.694"/>
  <testcase classname="com.tetherfi.test.tmac.TmacTransferListTest" name="VerifyErrMsgNoData" time="4.78"/>
  <testcase classname="com.tetherfi.test.tmac.TmacTransferListTest" name="VerifyErrMsgVDNBlank" time="39.783">
    <failure type="org.openqa.selenium.TimeoutException" message="Expected condition failed: waiting for visibility of [[ChromeDriver: chrome on XP (7d1352031a3b866f87d581d8cc51a28c)] -&amp;gt; css selector: ul[id=&amp;apos;SkillName_listbox&amp;apos;] li] (tried for 20 second(s) with 500 milliseconds interval)
Build info: version: &amp;apos;3.141.59&amp;apos;, revision: &amp;apos;e82be7d358&amp;apos;, time: &amp;apos;2018-11-14T08:17:03&amp;apos;
System info: host: &amp;apos;DESKTOP-O6A5C2O&amp;apos;, ip: &amp;apos;10.0.75.1&amp;apos;, os.name: &amp;apos;Windows 10&amp;apos;, os.arch: &amp;apos;amd64&amp;apos;, os.version: &amp;apos;10.0&amp;apos;, java.version: &amp;apos;9.0.4&amp;apos;
Driver info: org.openqa.selenium.chrome.ChromeDriver
Capabilities {acceptInsecureCerts: false, browserName: chrome, browserVersion: 78.0.3904.97, chrome: {chromedriverVersion: 78.0.3904.70 (edb9c9f3de024..., userDataDir: C:\Users\admin\AppData\Loca...}, goog:chromeOptions: {debuggerAddress: localhost:59382}, javascriptEnabled: true, networkConnectionEnabled: false, pageLoadStrategy: normal, platform: XP, platformName: XP, proxy: Proxy(), setWindowRect: true, strictFileInteractability: false, timeouts: {implicit: 0, pageLoad: 300000, script: 30000}, unhandledPromptBehavior: dismiss and notify}
Session ID: 7d1352031a3b866f87d581d8cc51a28c">
      <![CDATA[org.openqa.selenium.TimeoutException: Expected condition failed: waiting for visibility of [[ChromeDriver: chrome on XP (7d1352031a3b866f87d581d8cc51a28c)] -> css selector: ul[id='SkillName_listbox'] li] (tried for 20 second(s) with 500 milliseconds interval)
Build info: version: '3.141.59', revision: 'e82be7d358', time: '2018-11-14T08:17:03'
System info: host: 'DESKTOP-O6A5C2O', ip: '10.0.75.1', os.name: 'Windows 10', os.arch: 'amd64', os.version: '10.0', java.version: '9.0.4'
Driver info: org.openqa.selenium.chrome.ChromeDriver
Capabilities {acceptInsecureCerts: false, browserName: chrome, browserVersion: 78.0.3904.97, chrome: {chromedriverVersion: 78.0.3904.70 (edb9c9f3de024..., userDataDir: C:\Users\admin\AppData\Loca...}, goog:chromeOptions: {debuggerAddress: localhost:59382}, javascriptEnabled: true, networkConnectionEnabled: false, pageLoadStrategy: normal, platform: XP, platformName: XP, proxy: Proxy(), setWindowRect: true, strictFileInteractability: false, timeouts: {implicit: 0, pageLoad: 300000, script: 30000}, unhandledPromptBehavior: dismiss and notify}
Session ID: 7d1352031a3b866f87d581d8cc51a28c
at org.openqa.selenium.support.ui.WebDriverWait.timeoutException(WebDriverWait.java:95)
at org.openqa.selenium.support.ui.FluentWait.until(FluentWait.java:272)
at com.tetherfi.pages.BasePage.waitUntilWebElementListIsVisible(BasePage.java:139)
at com.tetherfi.pages.BasePage.selectDropdownFromVisibleText(BasePage.java:335)
at com.tetherfi.pages.TmacTransferListPage.addWithoutVDNBlank(TmacTransferListPage.java:1088)
at com.tetherfi.test.tmac.TmacTransferListTest.VerifyErrMsgVDNBlank(TmacTransferListTest.java:433)
at java.base/java.util.ArrayList.forEach(Unknown Source)
... Removed 27 stack frames]]>
    </failure>
  </testcase> <!-- VerifyErrMsgVDNBlank -->
  <testcase classname="com.tetherfi.test.tmac.TmacTransferListTest" name="VerifyErrMsgSkillNameNotSelected" time="5.099"/>
  <testcase classname="com.tetherfi.test.tmac.TmacTransferListTest" name="VerifyErrMsgChannelNotSelected" time="4.528"/>
  <testcase classname="com.tetherfi.test.tmac.TmacTransferListTest" name="VerifyCancelonNewBlindTransfer" time="6.926"/>
  <testcase classname="com.tetherfi.test.tmac.TmacTransferListTest" name="AddNewTmacBlindTransferRecord" time="6.409">
    <failure type="java.lang.AssertionError" message="Add New record assertion failed expected [Record Created Successfully] but found [Duplicate SkillName]">
      <![CDATA[java.lang.AssertionError: Add New record assertion failed expected [Record Created Successfully] but found [Duplicate SkillName]
at com.tetherfi.test.tmac.TmacTransferListTest.AddNewTmacBlindTransferRecord(TmacTransferListTest.java:480)
at java.base/java.util.ArrayList.forEach(Unknown Source)
... Removed 31 stack frames]]>
    </failure>
  </testcase> <!-- AddNewTmacBlindTransferRecord -->
  <testcase classname="com.tetherfi.test.tmac.TmacTransferListTest" name="VerifyErrMsgDupSkillIdNameVdn" time="0.0">
    <skipped/>
  </testcase> <!-- VerifyErrMsgDupSkillIdNameVdn -->
  <testcase classname="com.tetherfi.test.tmac.TmacTransferListTest" name="VerifyErrMsgDupSkillIdName" time="0.0">
    <skipped/>
  </testcase> <!-- VerifyErrMsgDupSkillIdName -->
  <testcase classname="com.tetherfi.test.tmac.TmacTransferListTest" name="VerifyRecdBlindTransDupVDN" time="0.0">
    <skipped/>
  </testcase> <!-- VerifyRecdBlindTransDupVDN -->
  <testcase classname="com.tetherfi.test.tmac.TmacTransferListTest" name="VerifyRecdBlindTransDiffVDN" time="0.0">
    <skipped/>
  </testcase> <!-- VerifyRecdBlindTransDiffVDN -->
  <testcase classname="com.tetherfi.test.tmac.TmacTransferListTest" name="VerifyDupErrMsgEditTmacBlindTransferRecord" time="16.984">
    <failure type="org.openqa.selenium.StaleElementReferenceException" message="stale element reference: element is not attached to the page document
  (Session info: chrome=78.0.3904.97)
For documentation on this error, please visit: https://www.seleniumhq.org/exceptions/stale_element_reference.html
Build info: version: &amp;apos;3.141.59&amp;apos;, revision: &amp;apos;e82be7d358&amp;apos;, time: &amp;apos;2018-11-14T08:17:03&amp;apos;
System info: host: &amp;apos;DESKTOP-O6A5C2O&amp;apos;, ip: &amp;apos;10.0.75.1&amp;apos;, os.name: &amp;apos;Windows 10&amp;apos;, os.arch: &amp;apos;amd64&amp;apos;, os.version: &amp;apos;10.0&amp;apos;, java.version: &amp;apos;9.0.4&amp;apos;
Driver info: org.openqa.selenium.chrome.ChromeDriver
Capabilities {acceptInsecureCerts: false, browserName: chrome, browserVersion: 78.0.3904.97, chrome: {chromedriverVersion: 78.0.3904.70 (edb9c9f3de024..., userDataDir: C:\Users\admin\AppData\Loca...}, goog:chromeOptions: {debuggerAddress: localhost:59382}, javascriptEnabled: true, networkConnectionEnabled: false, pageLoadStrategy: normal, platform: XP, platformName: XP, proxy: Proxy(), setWindowRect: true, strictFileInteractability: false, timeouts: {implicit: 0, pageLoad: 300000, script: 30000}, unhandledPromptBehavior: dismiss and notify}
Session ID: 7d1352031a3b866f87d581d8cc51a28c">
      <![CDATA[org.openqa.selenium.StaleElementReferenceException: stale element reference: element is not attached to the page document
  (Session info: chrome=78.0.3904.97)
For documentation on this error, please visit: https://www.seleniumhq.org/exceptions/stale_element_reference.html
Build info: version: '3.141.59', revision: 'e82be7d358', time: '2018-11-14T08:17:03'
System info: host: 'DESKTOP-O6A5C2O', ip: '10.0.75.1', os.name: 'Windows 10', os.arch: 'amd64', os.version: '10.0', java.version: '9.0.4'
Driver info: org.openqa.selenium.chrome.ChromeDriver
Capabilities {acceptInsecureCerts: false, browserName: chrome, browserVersion: 78.0.3904.97, chrome: {chromedriverVersion: 78.0.3904.70 (edb9c9f3de024..., userDataDir: C:\Users\admin\AppData\Loca...}, goog:chromeOptions: {debuggerAddress: localhost:59382}, javascriptEnabled: true, networkConnectionEnabled: false, pageLoadStrategy: normal, platform: XP, platformName: XP, proxy: Proxy(), setWindowRect: true, strictFileInteractability: false, timeouts: {implicit: 0, pageLoad: 300000, script: 30000}, unhandledPromptBehavior: dismiss and notify}
Session ID: 7d1352031a3b866f87d581d8cc51a28c
at org.openqa.selenium.remote.http.W3CHttpResponseCodec.createException(W3CHttpResponseCodec.java:187)
at org.openqa.selenium.remote.http.W3CHttpResponseCodec.decode(W3CHttpResponseCodec.java:122)
at org.openqa.selenium.remote.http.W3CHttpResponseCodec.decode(W3CHttpResponseCodec.java:49)
at org.openqa.selenium.remote.HttpCommandExecutor.execute(HttpCommandExecutor.java:158)
at org.openqa.selenium.remote.service.DriverCommandExecutor.execute(DriverCommandExecutor.java:83)
at org.openqa.selenium.remote.RemoteWebDriver.execute(RemoteWebDriver.java:552)
at org.openqa.selenium.remote.RemoteWebElement.execute(RemoteWebElement.java:285)
at org.openqa.selenium.remote.RemoteWebElement.isDisplayed(RemoteWebElement.java:326)
at org.openqa.selenium.support.ui.ExpectedConditions.elementIfVisible(ExpectedConditions.java:314)
at org.openqa.selenium.support.ui.ExpectedConditions.access$000(ExpectedConditions.java:43)
at org.openqa.selenium.support.ui.ExpectedConditions$10.apply(ExpectedConditions.java:300)
at org.openqa.selenium.support.ui.ExpectedConditions$10.apply(ExpectedConditions.java:297)
at org.openqa.selenium.support.ui.FluentWait.until(FluentWait.java:249)
at com.tetherfi.pages.BasePage.waitUntilWebElementListIsVisible(BasePage.java:139)
at com.tetherfi.pages.BasePage.selectDropdownFromVisibleText(BasePage.java:335)
at com.tetherfi.pages.TmacTransferListPage.editTmacBlindTransferList(TmacTransferListPage.java:653)
at com.tetherfi.test.tmac.TmacTransferListTest.VerifyDupErrMsgEditTmacBlindTransferRecord(TmacTransferListTest.java:538)
at java.base/java.util.ArrayList.forEach(Unknown Source)
... Removed 31 stack frames]]>
    </failure>
  </testcase> <!-- VerifyDupErrMsgEditTmacBlindTransferRecord -->
  <testcase classname="com.tetherfi.test.tmac.TmacTransferListTest" name="VerifyErrMsgNoModReasonEditTmacBlindTransferRecord" time="7.437"/>
  <testcase classname="com.tetherfi.test.tmac.TmacTransferListTest" name="VerifyTmacBlindSearchIsNotEqualTo" time="5.31"/>
  <testcase classname="com.tetherfi.test.tmac.TmacTransferListTest" name="VerifyTmacBlindSearchContains" time="5.432"/>
  <testcase classname="com.tetherfi.test.tmac.TmacTransferListTest" name="VerifyTmacBlindSearchDoesNotContains" time="3.799"/>
  <testcase classname="com.tetherfi.test.tmac.TmacTransferListTest" name="VerifyTmacBlindSearchStartsWith" time="3.964"/>
  <testcase classname="com.tetherfi.test.tmac.TmacTransferListTest" name="VerifyTmacBlindSearchEndsWith" time="4.095"/>
  <testcase classname="com.tetherfi.test.tmac.TmacTransferListTest" name="EditTmacBlindTransferRecord" time="7.074"/>
  <testcase classname="com.tetherfi.test.tmac.TmacTransferListTest" name="ExportToExcelBlindTrans" time="2.318"/>
  <testcase classname="com.tetherfi.test.tmac.TmacTransferListTest" name="ExportToExcelDataBlindTrans" time="4.138"/>
  <testcase classname="com.tetherfi.test.tmac.TmacTransferListTest" name="databaseBlindTrans" time="0.471">
    <failure type="java.lang.ArrayIndexOutOfBoundsException" message="1">
      <![CDATA[java.lang.ArrayIndexOutOfBoundsException: 1
at com.tetherfi.pages.TmacTransferListPage.gettableBlindTrans(TmacTransferListPage.java:948)
at com.tetherfi.pages.TmacTransferListPage.verifyDatabaseBlindTrans(TmacTransferListPage.java:906)
at com.tetherfi.test.tmac.TmacTransferListTest.databaseBlindTrans(TmacTransferListTest.java:642)
at java.base/java.util.ArrayList.forEach(Unknown Source)
... Removed 27 stack frames]]>
    </failure>
  </testcase> <!-- databaseBlindTrans -->
  <testcase classname="com.tetherfi.test.tmac.TmacTransferListTest" name="GroupByBlindTrans" time="2.937"/>
  <testcase classname="com.tetherfi.test.tmac.TmacTransferListTest" name="DeleteNoReasonErrMsgTmacBlindTransferRecord" time="5.668"/>
  <testcase classname="com.tetherfi.test.tmac.TmacTransferListTest" name="DeleteNoReasonNoBtnTmacBlindTransferRecord" time="44.852"/>
  <testcase classname="com.tetherfi.test.tmac.TmacTransferListTest" name="DeleteTmacBlindTransferRecord" time="4.133"/>
  <testcase classname="com.tetherfi.test.tmac.TmacTransferListTest" name="DeleteTmacBlindTransferRecord2" time="83.242">
    <failure type="org.openqa.selenium.TimeoutException" message="Expected condition failed: waiting for visibility of Proxy element for: DefaultElementLocator &amp;apos;By.cssSelector: #drillgrid .k-grid-CustomDelete&amp;apos; (tried for 30 second(s) with 500 milliseconds interval)">
      <![CDATA[org.openqa.selenium.TimeoutException: Expected condition failed: waiting for visibility of Proxy element for: DefaultElementLocator 'By.cssSelector: #drillgrid .k-grid-CustomDelete' (tried for 30 second(s) with 500 milliseconds interval)
at org.openqa.selenium.support.ui.WebDriverWait.timeoutException(WebDriverWait.java:95)
at org.openqa.selenium.support.ui.FluentWait.until(FluentWait.java:272)
at com.tetherfi.pages.BasePage.waitUntilWebElementIsVisible(BasePage.java:127)
at com.tetherfi.pages.TmacTransferListPage.deleteTmacBlindTransferList(TmacTransferListPage.java:662)
at com.tetherfi.test.tmac.TmacTransferListTest.DeleteTmacBlindTransferRecord2(TmacTransferListTest.java:696)
at java.base/java.util.ArrayList.forEach(Unknown Source)
Caused by: org.openqa.selenium.NoSuchElementException: no such element: Unable to locate element: {"method":"css selector","selector":"#drillgrid .k-grid-CustomDelete"}
  (Session info: chrome=78.0.3904.97)
For documentation on this error, please visit: https://www.seleniumhq.org/exceptions/no_such_element.html
Build info: version: '3.141.59', revision: 'e82be7d358', time: '2018-11-14T08:17:03'
System info: host: 'DESKTOP-O6A5C2O', ip: '10.0.75.1', os.name: 'Windows 10', os.arch: 'amd64', os.version: '10.0', java.version: '9.0.4'
Driver info: org.openqa.selenium.chrome.ChromeDriver
Capabilities {acceptInsecureCerts: false, browserName: chrome, browserVersion: 78.0.3904.97, chrome: {chromedriverVersion: 78.0.3904.70 (edb9c9f3de024..., userDataDir: C:\Users\admin\AppData\Loca...}, goog:chromeOptions: {debuggerAddress: localhost:59382}, javascriptEnabled: true, networkConnectionEnabled: false, pageLoadStrategy: normal, platform: XP, platformName: XP, proxy: Proxy(), setWindowRect: true, strictFileInteractability: false, timeouts: {implicit: 0, pageLoad: 300000, script: 30000}, unhandledPromptBehavior: dismiss and notify}
Session ID: 7d1352031a3b866f87d581d8cc51a28c
*** Element info: {Using=css selector, value=#drillgrid .k-grid-CustomDelete}
at org.openqa.selenium.remote.http.W3CHttpResponseCodec.createException(W3CHttpResponseCodec.java:187)
at org.openqa.selenium.remote.http.W3CHttpResponseCodec.decode(W3CHttpResponseCodec.java:122)
at org.openqa.selenium.remote.http.W3CHttpResponseCodec.decode(W3CHttpResponseCodec.java:49)
at org.openqa.selenium.remote.HttpCommandExecutor.execute(HttpCommandExecutor.java:158)
at org.openqa.selenium.remote.service.DriverCommandExecutor.execute(DriverCommandExecutor.java:83)
at org.openqa.selenium.remote.RemoteWebDriver.execute(RemoteWebDriver.java:552)
at org.openqa.selenium.remote.RemoteWebDriver.findElement(RemoteWebDriver.java:323)
at org.openqa.selenium.remote.RemoteWebDriver.findElementByCssSelector(RemoteWebDriver.java:420)
at org.openqa.selenium.By$ByCssSelector.findElement(By.java:431)
at org.openqa.selenium.remote.RemoteWebDriver.findElement(RemoteWebDriver.java:315)
at org.openqa.selenium.support.pagefactory.DefaultElementLocator.findElement(DefaultElementLocator.java:69)
at org.openqa.selenium.support.pagefactory.internal.LocatingElementHandler.invoke(LocatingElementHandler.java:38)
at com.sun.proxy.$Proxy16.isDisplayed(Unknown Source)
at org.openqa.selenium.support.ui.ExpectedConditions.elementIfVisible(ExpectedConditions.java:314)
at org.openqa.selenium.support.ui.ExpectedConditions.access$000(ExpectedConditions.java:43)
at org.openqa.selenium.support.ui.ExpectedConditions$10.apply(ExpectedConditions.java:300)
at org.openqa.selenium.support.ui.ExpectedConditions$10.apply(ExpectedConditions.java:297)
at org.openqa.selenium.support.ui.FluentWait.until(FluentWait.java:249)
... 31 more
... Removed 31 stack frames]]>
    </failure>
  </testcase> <!-- DeleteTmacBlindTransferRecord2 -->
  <testcase classname="com.tetherfi.test.tmac.TmacTransferListTest" name="DeleteTmacBlindTransferRecord3" time="4.107"/>
  <testcase classname="com.tetherfi.test.tmac.TmacTransferListTest" name="fullScreenAndRestoreBlindTrans" time="4.512"/>
</testsuite> <!-- Tmac Broadcast msg -->
