<html>
<head>
<title>TestNG:  Tmac Broadcast msg</title>
<link href="../testng.css" rel="stylesheet" type="text/css" />
<link href="../my-testng.css" rel="stylesheet" type="text/css" />

<style type="text/css">
.log { display: none;} 
.stack-trace { display: none;} 
</style>
<script type="text/javascript">
<!--
function flip(e) {
  current = e.style.display;
  if (current == 'block') {
    e.style.display = 'none';
    return 0;
  }
  else {
    e.style.display = 'block';
    return 1;
  }
}

function toggleBox(szDivId, elem, msg1, msg2)
{
  var res = -1;  if (document.getElementById) {
    res = flip(document.getElementById(szDivId));
  }
  else if (document.all) {
    // this is the way old msie versions work
    res = flip(document.all[szDivId]);
  }
  if(elem) {
    if(res == 0) elem.innerHTML = msg1; else elem.innerHTML = msg2;
  }

}

function toggleAllBoxes() {
  if (document.getElementsByTagName) {
    d = document.getElementsByTagName('div');
    for (i = 0; i < d.length; i++) {
      if (d[i].className == 'log') {
        flip(d[i]);
      }
    }
  }
}

// -->
</script>

</head>
<body>
<h2 align='center'>Tmac Broadcast msg</h2><table border='1' align="center">
<tr>
<td>Tests passed/Failed/Skipped:</td><td>46/11/7</td>
</tr><tr>
<td>Started on:</td><td>Mon Nov 11 13:33:37 IST 2019</td>
</tr>
<tr><td>Total time:</td><td>884 seconds (884770 ms)</td>
</tr><tr>
<td>Included groups:</td><td></td>
</tr><tr>
<td>Excluded groups:</td><td></td>
</tr>
</table><p/>
<small><i>(Hover the method name to see the test class name)</i></small><p/>
<table width='100%' border='1' class='invocation-failed'>
<tr><td colspan='4' align='center'><b>FAILED TESTS</b></td></tr>
<tr><td><b>Test method</b></td>
<td width="30%"><b>Exception</b></td>
<td width="10%"><b>Time (seconds)</b></td>
<td><b>Instance</b></td>
</tr>
<tr>
<td title='com.tetherfi.test.tmac.TmacTransferListTest.AddNewTmacBlindTransferRecord()'><b>AddNewTmacBlindTransferRecord</b><br>Test class: com.tetherfi.test.tmac.TmacTransferListTest<br/>
<a href="#Output-1433056465" onClick='toggleBox("Output-1433056465", this, "Show output", "Hide output");'>Show output</a>

<a href="#Output-1433056465" onClick="toggleAllBoxes();">Show all outputs</a>
<div class='log' id="Output-1433056465">
Test Case <b style="color:red;" "font-size:25px;">FAILED</b>
<br/>
<img src="Screenshot\AddNewTmacBlindTransferRecord.jpg" alt="Image Not Found"/><br /><br/>
</div>
</td>
<td><div><pre>java.lang.AssertionError: Add New record assertion failed expected [Record Created Successfully] but found [Duplicate SkillName]
	at com.tetherfi.test.tmac.TmacTransferListTest.AddNewTmacBlindTransferRecord(TmacTransferListTest.java:480)
	at java.base/java.util.ArrayList.forEach(Unknown Source)
... Removed 31 stack frames</pre></div><a href='#' onClick='toggleBox("stack-trace1433056465", this, "Click to show all stack frames", "Click to hide stack frames")'>Click to show all stack frames</a>
<div class='stack-trace' id='stack-trace1433056465'><pre>java.lang.AssertionError: Add New record assertion failed expected [Record Created Successfully] but found [Duplicate SkillName]
	at org.testng.Assert.fail(Assert.java:97)
	at org.testng.Assert.assertEqualsImpl(Assert.java:136)
	at org.testng.Assert.assertEquals(Assert.java:118)
	at org.testng.Assert.assertEquals(Assert.java:575)
	at com.tetherfi.test.tmac.TmacTransferListTest.AddNewTmacBlindTransferRecord(TmacTransferListTest.java:480)
	at java.base/jdk.internal.reflect.NativeMethodAccessorImpl.invoke0(Native Method)
	at java.base/jdk.internal.reflect.NativeMethodAccessorImpl.invoke(Unknown Source)
	at java.base/jdk.internal.reflect.DelegatingMethodAccessorImpl.invoke(Unknown Source)
	at java.base/java.lang.reflect.Method.invoke(Unknown Source)
	at org.testng.internal.MethodInvocationHelper.invokeMethod(MethodInvocationHelper.java:133)
	at org.testng.internal.TestInvoker.invokeMethod(TestInvoker.java:584)
	at org.testng.internal.TestInvoker.invokeTestMethod(TestInvoker.java:172)
	at org.testng.internal.MethodRunner.runInSequence(MethodRunner.java:46)
	at org.testng.internal.TestInvoker$MethodInvocationAgent.invoke(TestInvoker.java:804)
	at org.testng.internal.TestInvoker.invokeTestMethods(TestInvoker.java:145)
	at org.testng.internal.TestMethodWorker.invokeTestMethods(TestMethodWorker.java:146)
	at org.testng.internal.TestMethodWorker.run(TestMethodWorker.java:128)
	at java.base/java.util.ArrayList.forEach(Unknown Source)
	at org.testng.TestRunner.privateRun(TestRunner.java:770)
	at org.testng.TestRunner.run(TestRunner.java:591)
	at org.testng.SuiteRunner.runTest(SuiteRunner.java:402)
	at org.testng.SuiteRunner.runSequentially(SuiteRunner.java:396)
	at org.testng.SuiteRunner.privateRun(SuiteRunner.java:355)
	at org.testng.SuiteRunner.run(SuiteRunner.java:304)
	at org.testng.SuiteRunnerWorker.runSuite(SuiteRunnerWorker.java:53)
	at org.testng.SuiteRunnerWorker.run(SuiteRunnerWorker.java:96)
	at org.testng.TestNG.runSuitesSequentially(TestNG.java:1180)
	at org.testng.TestNG.runSuitesLocally(TestNG.java:1102)
	at org.testng.TestNG.runSuites(TestNG.java:1032)
	at org.testng.TestNG.run(TestNG.java:1000)
	at org.testng.remote.AbstractRemoteTestNG.run(AbstractRemoteTestNG.java:115)
	at org.testng.remote.RemoteTestNG.initAndRun(RemoteTestNG.java:251)
	at org.testng.remote.RemoteTestNG.main(RemoteTestNG.java:77)
</pre></div></td>
<td>6</td>
<td>com.tetherfi.test.tmac.TmacTransferListTest@158e9f6e</td></tr>
<tr>
<td title='com.tetherfi.test.tmac.TmacTransferListTest.AddNewTmacConsultTransferRecord()'><b>AddNewTmacConsultTransferRecord</b><br>Test class: com.tetherfi.test.tmac.TmacTransferListTest<br/>
<a href="#Output-830753455" onClick='toggleBox("Output-830753455", this, "Show output", "Hide output");'>Show output</a>

<a href="#Output-830753455" onClick="toggleAllBoxes();">Show all outputs</a>
<div class='log' id="Output-830753455">
Test Case <b style="color:red;" "font-size:25px;">FAILED</b>
<br/>
<img src="Screenshot\AddNewTmacConsultTransferRecord.jpg" alt="Image Not Found"/><br /><br/>
</div>
</td>
<td><div><pre>org.openqa.selenium.TimeoutException: Expected condition failed: waiting for visibility of [[ChromeDriver: chrome on XP (7d1352031a3b866f87d581d8cc51a28c)] -&gt; css selector: #Value] (tried for 30 second(s) with 500 milliseconds interval)
Build info: version: &apos;3.141.59&apos;, revision: &apos;e82be7d358&apos;, time: &apos;2018-11-14T08:17:03&apos;
System info: host: &apos;DESKTOP-O6A5C2O&apos;, ip: &apos;10.0.75.1&apos;, os.name: &apos;Windows 10&apos;, os.arch: &apos;amd64&apos;, os.version: &apos;10.0&apos;, java.version: &apos;9.0.4&apos;
Driver info: org.openqa.selenium.chrome.ChromeDriver
Capabilities {acceptInsecureCerts: false, browserName: chrome, browserVersion: 78.0.3904.97, chrome: {chromedriverVersion: 78.0.3904.70 (edb9c9f3de024..., userDataDir: C:\Users\admin\AppData\Loca...}, goog:chromeOptions: {debuggerAddress: localhost:59382}, javascriptEnabled: true, networkConnectionEnabled: false, pageLoadStrategy: normal, platform: XP, platformName: XP, proxy: Proxy(), setWindowRect: true, strictFileInteractability: false, timeouts: {implicit: 0, pageLoad: 300000, script: 30000}, unhandledPromptBehavior: dismiss and notify}
Session ID: 7d1352031a3b866f87d581d8cc51a28c
	at org.openqa.selenium.support.ui.WebDriverWait.timeoutException(WebDriverWait.java:95)
	at org.openqa.selenium.support.ui.FluentWait.until(FluentWait.java:272)
	at com.tetherfi.pages.BasePage.waitUntilWebElementIsVisible(BasePage.java:127)
	at com.tetherfi.pages.BasePage.enterValueToTxtField(BasePage.java:150)
	at com.tetherfi.pages.TmacTransferListPage.addNewTmacConsultTransferList(TmacTransferListPage.java:354)
	at com.tetherfi.test.tmac.TmacTransferListTest.AddNewTmacConsultTransferRecord(TmacTransferListTest.java:130)
	at java.base/java.util.ArrayList.forEach(Unknown Source)
... Removed 27 stack frames</pre></div><a href='#' onClick='toggleBox("stack-trace830753455", this, "Click to show all stack frames", "Click to hide stack frames")'>Click to show all stack frames</a>
<div class='stack-trace' id='stack-trace830753455'><pre>org.openqa.selenium.TimeoutException: Expected condition failed: waiting for visibility of [[ChromeDriver: chrome on XP (7d1352031a3b866f87d581d8cc51a28c)] -&gt; css selector: #Value] (tried for 30 second(s) with 500 milliseconds interval)
Build info: version: &apos;3.141.59&apos;, revision: &apos;e82be7d358&apos;, time: &apos;2018-11-14T08:17:03&apos;
System info: host: &apos;DESKTOP-O6A5C2O&apos;, ip: &apos;10.0.75.1&apos;, os.name: &apos;Windows 10&apos;, os.arch: &apos;amd64&apos;, os.version: &apos;10.0&apos;, java.version: &apos;9.0.4&apos;
Driver info: org.openqa.selenium.chrome.ChromeDriver
Capabilities {acceptInsecureCerts: false, browserName: chrome, browserVersion: 78.0.3904.97, chrome: {chromedriverVersion: 78.0.3904.70 (edb9c9f3de024..., userDataDir: C:\Users\admin\AppData\Loca...}, goog:chromeOptions: {debuggerAddress: localhost:59382}, javascriptEnabled: true, networkConnectionEnabled: false, pageLoadStrategy: normal, platform: XP, platformName: XP, proxy: Proxy(), setWindowRect: true, strictFileInteractability: false, timeouts: {implicit: 0, pageLoad: 300000, script: 30000}, unhandledPromptBehavior: dismiss and notify}
Session ID: 7d1352031a3b866f87d581d8cc51a28c
	at org.openqa.selenium.support.ui.WebDriverWait.timeoutException(WebDriverWait.java:95)
	at org.openqa.selenium.support.ui.FluentWait.until(FluentWait.java:272)
	at com.tetherfi.pages.BasePage.waitUntilWebElementIsVisible(BasePage.java:127)
	at com.tetherfi.pages.BasePage.enterValueToTxtField(BasePage.java:150)
	at com.tetherfi.pages.TmacTransferListPage.addNewTmacConsultTransferList(TmacTransferListPage.java:354)
	at com.tetherfi.test.tmac.TmacTransferListTest.AddNewTmacConsultTransferRecord(TmacTransferListTest.java:130)
	at java.base/jdk.internal.reflect.NativeMethodAccessorImpl.invoke0(Native Method)
	at java.base/jdk.internal.reflect.NativeMethodAccessorImpl.invoke(Unknown Source)
	at java.base/jdk.internal.reflect.DelegatingMethodAccessorImpl.invoke(Unknown Source)
	at java.base/java.lang.reflect.Method.invoke(Unknown Source)
	at org.testng.internal.MethodInvocationHelper.invokeMethod(MethodInvocationHelper.java:133)
	at org.testng.internal.TestInvoker.invokeMethod(TestInvoker.java:584)
	at org.testng.internal.TestInvoker.invokeTestMethod(TestInvoker.java:172)
	at org.testng.internal.MethodRunner.runInSequence(MethodRunner.java:46)
	at org.testng.internal.TestInvoker$MethodInvocationAgent.invoke(TestInvoker.java:804)
	at org.testng.internal.TestInvoker.invokeTestMethods(TestInvoker.java:145)
	at org.testng.internal.TestMethodWorker.invokeTestMethods(TestMethodWorker.java:146)
	at org.testng.internal.TestMethodWorker.run(TestMethodWorker.java:128)
	at java.base/java.util.ArrayList.forEach(Unknown Source)
	at org.testng.TestRunner.privateRun(TestRunner.java:770)
	at org.testng.TestRunner.run(TestRunner.java:591)
	at org.testng.SuiteRunner.runTest(SuiteRunner.java:402)
	at org.testng.SuiteRunner.runSequentially(SuiteRunner.java:396)
	at org.testng.SuiteRunner.privateRun(SuiteRunner.java:355)
	at org.testng.SuiteRunner.run(SuiteRunner.java:304)
	at org.testng.SuiteRunnerWorker.runSuite(SuiteRunnerWorker.java:53)
	at org.testng.SuiteRunnerWorker.run(SuiteRunnerWorker.java:96)
	at org.testng.TestNG.runSuitesSequentially(TestNG.java:1180)
	at org.testng.TestNG.runSuitesLocally(TestNG.java:1102)
	at org.testng.TestNG.runSuites(TestNG.java:1032)
	at org.testng.TestNG.run(TestNG.java:1000)
	at org.testng.remote.AbstractRemoteTestNG.run(AbstractRemoteTestNG.java:115)
	at org.testng.remote.RemoteTestNG.initAndRun(RemoteTestNG.java:251)
	at org.testng.remote.RemoteTestNG.main(RemoteTestNG.java:77)
</pre></div></td>
<td>31</td>
<td>com.tetherfi.test.tmac.TmacTransferListTest@158e9f6e</td></tr>
<tr>
<td title='com.tetherfi.test.tmac.TmacTransferListTest.AddNewTmacConsultTransferRecord2()'><b>AddNewTmacConsultTransferRecord2</b><br>Test class: com.tetherfi.test.tmac.TmacTransferListTest<br/>
<a href="#Output-677239531" onClick='toggleBox("Output-677239531", this, "Show output", "Hide output");'>Show output</a>

<a href="#Output-677239531" onClick="toggleAllBoxes();">Show all outputs</a>
<div class='log' id="Output-677239531">
Test Case <b style="color:red;" "font-size:25px;">FAILED</b>
<br/>
<img src="Screenshot\AddNewTmacConsultTransferRecord2.jpg" alt="Image Not Found"/><br /><br/>
</div>
</td>
<td><div><pre>org.openqa.selenium.TimeoutException: Expected condition failed: waiting for visibility of [[ChromeDriver: chrome on XP (7d1352031a3b866f87d581d8cc51a28c)] -&gt; css selector: #Value] (tried for 30 second(s) with 500 milliseconds interval)
Build info: version: &apos;3.141.59&apos;, revision: &apos;e82be7d358&apos;, time: &apos;2018-11-14T08:17:03&apos;
System info: host: &apos;DESKTOP-O6A5C2O&apos;, ip: &apos;10.0.75.1&apos;, os.name: &apos;Windows 10&apos;, os.arch: &apos;amd64&apos;, os.version: &apos;10.0&apos;, java.version: &apos;9.0.4&apos;
Driver info: org.openqa.selenium.chrome.ChromeDriver
Capabilities {acceptInsecureCerts: false, browserName: chrome, browserVersion: 78.0.3904.97, chrome: {chromedriverVersion: 78.0.3904.70 (edb9c9f3de024..., userDataDir: C:\Users\admin\AppData\Loca...}, goog:chromeOptions: {debuggerAddress: localhost:59382}, javascriptEnabled: true, networkConnectionEnabled: false, pageLoadStrategy: normal, platform: XP, platformName: XP, proxy: Proxy(), setWindowRect: true, strictFileInteractability: false, timeouts: {implicit: 0, pageLoad: 300000, script: 30000}, unhandledPromptBehavior: dismiss and notify}
Session ID: 7d1352031a3b866f87d581d8cc51a28c
	at org.openqa.selenium.support.ui.WebDriverWait.timeoutException(WebDriverWait.java:95)
	at org.openqa.selenium.support.ui.FluentWait.until(FluentWait.java:272)
	at com.tetherfi.pages.BasePage.waitUntilWebElementIsVisible(BasePage.java:127)
	at com.tetherfi.pages.BasePage.enterValueToTxtField(BasePage.java:150)
	at com.tetherfi.pages.TmacTransferListPage.addNewTmacConsultTransferList(TmacTransferListPage.java:354)
	at com.tetherfi.test.tmac.TmacTransferListTest.AddNewTmacConsultTransferRecord2(TmacTransferListTest.java:171)
	at java.base/java.util.ArrayList.forEach(Unknown Source)
... Removed 27 stack frames</pre></div><a href='#' onClick='toggleBox("stack-trace677239531", this, "Click to show all stack frames", "Click to hide stack frames")'>Click to show all stack frames</a>
<div class='stack-trace' id='stack-trace677239531'><pre>org.openqa.selenium.TimeoutException: Expected condition failed: waiting for visibility of [[ChromeDriver: chrome on XP (7d1352031a3b866f87d581d8cc51a28c)] -&gt; css selector: #Value] (tried for 30 second(s) with 500 milliseconds interval)
Build info: version: &apos;3.141.59&apos;, revision: &apos;e82be7d358&apos;, time: &apos;2018-11-14T08:17:03&apos;
System info: host: &apos;DESKTOP-O6A5C2O&apos;, ip: &apos;10.0.75.1&apos;, os.name: &apos;Windows 10&apos;, os.arch: &apos;amd64&apos;, os.version: &apos;10.0&apos;, java.version: &apos;9.0.4&apos;
Driver info: org.openqa.selenium.chrome.ChromeDriver
Capabilities {acceptInsecureCerts: false, browserName: chrome, browserVersion: 78.0.3904.97, chrome: {chromedriverVersion: 78.0.3904.70 (edb9c9f3de024..., userDataDir: C:\Users\admin\AppData\Loca...}, goog:chromeOptions: {debuggerAddress: localhost:59382}, javascriptEnabled: true, networkConnectionEnabled: false, pageLoadStrategy: normal, platform: XP, platformName: XP, proxy: Proxy(), setWindowRect: true, strictFileInteractability: false, timeouts: {implicit: 0, pageLoad: 300000, script: 30000}, unhandledPromptBehavior: dismiss and notify}
Session ID: 7d1352031a3b866f87d581d8cc51a28c
	at org.openqa.selenium.support.ui.WebDriverWait.timeoutException(WebDriverWait.java:95)
	at org.openqa.selenium.support.ui.FluentWait.until(FluentWait.java:272)
	at com.tetherfi.pages.BasePage.waitUntilWebElementIsVisible(BasePage.java:127)
	at com.tetherfi.pages.BasePage.enterValueToTxtField(BasePage.java:150)
	at com.tetherfi.pages.TmacTransferListPage.addNewTmacConsultTransferList(TmacTransferListPage.java:354)
	at com.tetherfi.test.tmac.TmacTransferListTest.AddNewTmacConsultTransferRecord2(TmacTransferListTest.java:171)
	at java.base/jdk.internal.reflect.NativeMethodAccessorImpl.invoke0(Native Method)
	at java.base/jdk.internal.reflect.NativeMethodAccessorImpl.invoke(Unknown Source)
	at java.base/jdk.internal.reflect.DelegatingMethodAccessorImpl.invoke(Unknown Source)
	at java.base/java.lang.reflect.Method.invoke(Unknown Source)
	at org.testng.internal.MethodInvocationHelper.invokeMethod(MethodInvocationHelper.java:133)
	at org.testng.internal.TestInvoker.invokeMethod(TestInvoker.java:584)
	at org.testng.internal.TestInvoker.invokeTestMethod(TestInvoker.java:172)
	at org.testng.internal.MethodRunner.runInSequence(MethodRunner.java:46)
	at org.testng.internal.TestInvoker$MethodInvocationAgent.invoke(TestInvoker.java:804)
	at org.testng.internal.TestInvoker.invokeTestMethods(TestInvoker.java:145)
	at org.testng.internal.TestMethodWorker.invokeTestMethods(TestMethodWorker.java:146)
	at org.testng.internal.TestMethodWorker.run(TestMethodWorker.java:128)
	at java.base/java.util.ArrayList.forEach(Unknown Source)
	at org.testng.TestRunner.privateRun(TestRunner.java:770)
	at org.testng.TestRunner.run(TestRunner.java:591)
	at org.testng.SuiteRunner.runTest(SuiteRunner.java:402)
	at org.testng.SuiteRunner.runSequentially(SuiteRunner.java:396)
	at org.testng.SuiteRunner.privateRun(SuiteRunner.java:355)
	at org.testng.SuiteRunner.run(SuiteRunner.java:304)
	at org.testng.SuiteRunnerWorker.runSuite(SuiteRunnerWorker.java:53)
	at org.testng.SuiteRunnerWorker.run(SuiteRunnerWorker.java:96)
	at org.testng.TestNG.runSuitesSequentially(TestNG.java:1180)
	at org.testng.TestNG.runSuitesLocally(TestNG.java:1102)
	at org.testng.TestNG.runSuites(TestNG.java:1032)
	at org.testng.TestNG.run(TestNG.java:1000)
	at org.testng.remote.AbstractRemoteTestNG.run(AbstractRemoteTestNG.java:115)
	at org.testng.remote.RemoteTestNG.initAndRun(RemoteTestNG.java:251)
	at org.testng.remote.RemoteTestNG.main(RemoteTestNG.java:77)
</pre></div></td>
<td>31</td>
<td>com.tetherfi.test.tmac.TmacTransferListTest@158e9f6e</td></tr>
<tr>
<td title='com.tetherfi.test.tmac.TmacTransferListTest.DeleteTmacBlindTransferRecord2()'><b>DeleteTmacBlindTransferRecord2</b><br>Test class: com.tetherfi.test.tmac.TmacTransferListTest<br/>
<a href="#Output-1276416119" onClick='toggleBox("Output-1276416119", this, "Show output", "Hide output");'>Show output</a>

<a href="#Output-1276416119" onClick="toggleAllBoxes();">Show all outputs</a>
<div class='log' id="Output-1276416119">
Test Case <b style="color:red;" "font-size:25px;">FAILED</b>
<br/>
<img src="Screenshot\DeleteTmacBlindTransferRecord2.jpg" alt="Image Not Found"/><br /><br/>
</div>
</td>
<td><div><pre>org.openqa.selenium.TimeoutException: Expected condition failed: waiting for visibility of Proxy element for: DefaultElementLocator &apos;By.cssSelector: #drillgrid .k-grid-CustomDelete&apos; (tried for 30 second(s) with 500 milliseconds interval)
	at org.openqa.selenium.support.ui.WebDriverWait.timeoutException(WebDriverWait.java:95)
	at org.openqa.selenium.support.ui.FluentWait.until(FluentWait.java:272)
	at com.tetherfi.pages.BasePage.waitUntilWebElementIsVisible(BasePage.java:127)
	at com.tetherfi.pages.TmacTransferListPage.deleteTmacBlindTransferList(TmacTransferListPage.java:662)
	at com.tetherfi.test.tmac.TmacTransferListTest.DeleteTmacBlindTransferRecord2(TmacTransferListTest.java:696)
	at java.base/java.util.ArrayList.forEach(Unknown Source)
Caused by: org.openqa.selenium.NoSuchElementException: no such element: Unable to locate element: {&quot;method&quot;:&quot;css selector&quot;,&quot;selector&quot;:&quot;#drillgrid .k-grid-CustomDelete&quot;}
  (Session info: chrome=78.0.3904.97)
For documentation on this error, please visit: https://www.seleniumhq.org/exceptions/no_such_element.html
Build info: version: &apos;3.141.59&apos;, revision: &apos;e82be7d358&apos;, time: &apos;2018-11-14T08:17:03&apos;
System info: host: &apos;DESKTOP-O6A5C2O&apos;, ip: &apos;10.0.75.1&apos;, os.name: &apos;Windows 10&apos;, os.arch: &apos;amd64&apos;, os.version: &apos;10.0&apos;, java.version: &apos;9.0.4&apos;
Driver info: org.openqa.selenium.chrome.ChromeDriver
Capabilities {acceptInsecureCerts: false, browserName: chrome, browserVersion: 78.0.3904.97, chrome: {chromedriverVersion: 78.0.3904.70 (edb9c9f3de024..., userDataDir: C:\Users\admin\AppData\Loca...}, goog:chromeOptions: {debuggerAddress: localhost:59382}, javascriptEnabled: true, networkConnectionEnabled: false, pageLoadStrategy: normal, platform: XP, platformName: XP, proxy: Proxy(), setWindowRect: true, strictFileInteractability: false, timeouts: {implicit: 0, pageLoad: 300000, script: 30000}, unhandledPromptBehavior: dismiss and notify}
Session ID: 7d1352031a3b866f87d581d8cc51a28c
*** Element info: {Using=css selector, value=#drillgrid .k-grid-CustomDelete}
	at org.openqa.selenium.remote.http.W3CHttpResponseCodec.createException(W3CHttpResponseCodec.java:187)
	at org.openqa.selenium.remote.http.W3CHttpResponseCodec.decode(W3CHttpResponseCodec.java:122)
	at org.openqa.selenium.remote.http.W3CHttpResponseCodec.decode(W3CHttpResponseCodec.java:49)
	at org.openqa.selenium.remote.HttpCommandExecutor.execute(HttpCommandExecutor.java:158)
	at org.openqa.selenium.remote.service.DriverCommandExecutor.execute(DriverCommandExecutor.java:83)
	at org.openqa.selenium.remote.RemoteWebDriver.execute(RemoteWebDriver.java:552)
	at org.openqa.selenium.remote.RemoteWebDriver.findElement(RemoteWebDriver.java:323)
	at org.openqa.selenium.remote.RemoteWebDriver.findElementByCssSelector(RemoteWebDriver.java:420)
	at org.openqa.selenium.By$ByCssSelector.findElement(By.java:431)
	at org.openqa.selenium.remote.RemoteWebDriver.findElement(RemoteWebDriver.java:315)
	at org.openqa.selenium.support.pagefactory.DefaultElementLocator.findElement(DefaultElementLocator.java:69)
	at org.openqa.selenium.support.pagefactory.internal.LocatingElementHandler.invoke(LocatingElementHandler.java:38)
	at com.sun.proxy.$Proxy16.isDisplayed(Unknown Source)
	at org.openqa.selenium.support.ui.ExpectedConditions.elementIfVisible(ExpectedConditions.java:314)
	at org.openqa.selenium.support.ui.ExpectedConditions.access$000(ExpectedConditions.java:43)
	at org.openqa.selenium.support.ui.ExpectedConditions$10.apply(ExpectedConditions.java:300)
	at org.openqa.selenium.support.ui.ExpectedConditions$10.apply(ExpectedConditions.java:297)
	at org.openqa.selenium.support.ui.FluentWait.until(FluentWait.java:249)
	... 31 more
... Removed 31 stack frames</pre></div><a href='#' onClick='toggleBox("stack-trace1276416119", this, "Click to show all stack frames", "Click to hide stack frames")'>Click to show all stack frames</a>
<div class='stack-trace' id='stack-trace1276416119'><pre>org.openqa.selenium.TimeoutException: Expected condition failed: waiting for visibility of Proxy element for: DefaultElementLocator &apos;By.cssSelector: #drillgrid .k-grid-CustomDelete&apos; (tried for 30 second(s) with 500 milliseconds interval)
	at org.openqa.selenium.support.ui.WebDriverWait.timeoutException(WebDriverWait.java:95)
	at org.openqa.selenium.support.ui.FluentWait.until(FluentWait.java:272)
	at com.tetherfi.pages.BasePage.waitUntilWebElementIsVisible(BasePage.java:127)
	at com.tetherfi.pages.TmacTransferListPage.deleteTmacBlindTransferList(TmacTransferListPage.java:662)
	at com.tetherfi.test.tmac.TmacTransferListTest.DeleteTmacBlindTransferRecord2(TmacTransferListTest.java:696)
	at java.base/jdk.internal.reflect.NativeMethodAccessorImpl.invoke0(Native Method)
	at java.base/jdk.internal.reflect.NativeMethodAccessorImpl.invoke(Unknown Source)
	at java.base/jdk.internal.reflect.DelegatingMethodAccessorImpl.invoke(Unknown Source)
	at java.base/java.lang.reflect.Method.invoke(Unknown Source)
	at org.testng.internal.MethodInvocationHelper.invokeMethod(MethodInvocationHelper.java:133)
	at org.testng.internal.TestInvoker.invokeMethod(TestInvoker.java:584)
	at org.testng.internal.TestInvoker.invokeTestMethod(TestInvoker.java:172)
	at org.testng.internal.MethodRunner.runInSequence(MethodRunner.java:46)
	at org.testng.internal.TestInvoker$MethodInvocationAgent.invoke(TestInvoker.java:804)
	at org.testng.internal.TestInvoker.invokeTestMethods(TestInvoker.java:145)
	at org.testng.internal.TestMethodWorker.invokeTestMethods(TestMethodWorker.java:146)
	at org.testng.internal.TestMethodWorker.run(TestMethodWorker.java:128)
	at java.base/java.util.ArrayList.forEach(Unknown Source)
	at org.testng.TestRunner.privateRun(TestRunner.java:770)
	at org.testng.TestRunner.run(TestRunner.java:591)
	at org.testng.SuiteRunner.runTest(SuiteRunner.java:402)
	at org.testng.SuiteRunner.runSequentially(SuiteRunner.java:396)
	at org.testng.SuiteRunner.privateRun(SuiteRunner.java:355)
	at org.testng.SuiteRunner.run(SuiteRunner.java:304)
	at org.testng.SuiteRunnerWorker.runSuite(SuiteRunnerWorker.java:53)
	at org.testng.SuiteRunnerWorker.run(SuiteRunnerWorker.java:96)
	at org.testng.TestNG.runSuitesSequentially(TestNG.java:1180)
	at org.testng.TestNG.runSuitesLocally(TestNG.java:1102)
	at org.testng.TestNG.runSuites(TestNG.java:1032)
	at org.testng.TestNG.run(TestNG.java:1000)
	at org.testng.remote.AbstractRemoteTestNG.run(AbstractRemoteTestNG.java:115)
	at org.testng.remote.RemoteTestNG.initAndRun(RemoteTestNG.java:251)
	at org.testng.remote.RemoteTestNG.main(RemoteTestNG.java:77)
Caused by: org.openqa.selenium.NoSuchElementException: no such element: Unable to locate element: {&quot;method&quot;:&quot;css selector&quot;,&quot;selector&quot;:&quot;#drillgrid .k-grid-CustomDelete&quot;}
  (Session info: chrome=78.0.3904.97)
For documentation on this error, please visit: https://www.seleniumhq.org/exceptions/no_such_element.html
Build info: version: &apos;3.141.59&apos;, revision: &apos;e82be7d358&apos;, time: &apos;2018-11-14T08:17:03&apos;
System info: host: &apos;DESKTOP-O6A5C2O&apos;, ip: &apos;10.0.75.1&apos;, os.name: &apos;Windows 10&apos;, os.arch: &apos;amd64&apos;, os.version: &apos;10.0&apos;, java.version: &apos;9.0.4&apos;
Driver info: org.openqa.selenium.chrome.ChromeDriver
Capabilities {acceptInsecureCerts: false, browserName: chrome, browserVersion: 78.0.3904.97, chrome: {chromedriverVersion: 78.0.3904.70 (edb9c9f3de024..., userDataDir: C:\Users\admin\AppData\Loca...}, goog:chromeOptions: {debuggerAddress: localhost:59382}, javascriptEnabled: true, networkConnectionEnabled: false, pageLoadStrategy: normal, platform: XP, platformName: XP, proxy: Proxy(), setWindowRect: true, strictFileInteractability: false, timeouts: {implicit: 0, pageLoad: 300000, script: 30000}, unhandledPromptBehavior: dismiss and notify}
Session ID: 7d1352031a3b866f87d581d8cc51a28c
*** Element info: {Using=css selector, value=#drillgrid .k-grid-CustomDelete}
	at java.base/jdk.internal.reflect.NativeConstructorAccessorImpl.newInstance0(Native Method)
	at java.base/jdk.internal.reflect.NativeConstructorAccessorImpl.newInstance(Unknown Source)
	at java.base/jdk.internal.reflect.DelegatingConstructorAccessorImpl.newInstance(Unknown Source)
	at java.base/java.lang.reflect.Constructor.newInstance(Unknown Source)
	at org.openqa.selenium.remote.http.W3CHttpResponseCodec.createException(W3CHttpResponseCodec.java:187)
	at org.openqa.selenium.remote.http.W3CHttpResponseCodec.decode(W3CHttpResponseCodec.java:122)
	at org.openqa.selenium.remote.http.W3CHttpResponseCodec.decode(W3CHttpResponseCodec.java:49)
	at org.openqa.selenium.remote.HttpCommandExecutor.execute(HttpCommandExecutor.java:158)
	at org.openqa.selenium.remote.service.DriverCommandExecutor.execute(DriverCommandExecutor.java:83)
	at org.openqa.selenium.remote.RemoteWebDriver.execute(RemoteWebDriver.java:552)
	at org.openqa.selenium.remote.RemoteWebDriver.findElement(RemoteWebDriver.java:323)
	at org.openqa.selenium.remote.RemoteWebDriver.findElementByCssSelector(RemoteWebDriver.java:420)
	at org.openqa.selenium.By$ByCssSelector.findElement(By.java:431)
	at org.openqa.selenium.remote.RemoteWebDriver.findElement(RemoteWebDriver.java:315)
	at org.openqa.selenium.support.pagefactory.DefaultElementLocator.findElement(DefaultElementLocator.java:69)
	at org.openqa.selenium.support.pagefactory.internal.LocatingElementHandler.invoke(LocatingElementHandler.java:38)
	at com.sun.proxy.$Proxy16.isDisplayed(Unknown Source)
	at org.openqa.selenium.support.ui.ExpectedConditions.elementIfVisible(ExpectedConditions.java:314)
	at org.openqa.selenium.support.ui.ExpectedConditions.access$000(ExpectedConditions.java:43)
	at org.openqa.selenium.support.ui.ExpectedConditions$10.apply(ExpectedConditions.java:300)
	at org.openqa.selenium.support.ui.ExpectedConditions$10.apply(ExpectedConditions.java:297)
	at org.openqa.selenium.support.ui.FluentWait.until(FluentWait.java:249)
	... 31 more
</pre></div></td>
<td>83</td>
<td>com.tetherfi.test.tmac.TmacTransferListTest@158e9f6e</td></tr>
<tr>
<td title='com.tetherfi.test.tmac.TmacTransferListTest.ExportToExcelData()'><b>ExportToExcelData</b><br>Test class: com.tetherfi.test.tmac.TmacTransferListTest<br/>
<a href="#Output-462372115" onClick='toggleBox("Output-462372115", this, "Show output", "Hide output");'>Show output</a>

<a href="#Output-462372115" onClick="toggleAllBoxes();">Show all outputs</a>
<div class='log' id="Output-462372115">
Test Case <b style="color:red;" "font-size:25px;">FAILED</b>
<br/>
<img src="Screenshot\ExportToExcelData.jpg" alt="Image Not Found"/><br /><br/>
</div>
</td>
<td><div><pre>org.openqa.selenium.ElementClickInterceptedException: element click intercepted: Element &lt;span class=&quot;k-icon k-i-arrow-60-right&quot;&gt;&lt;/span&gt; is not clickable at point (135, 552). Other element would receive the click: &lt;div class=&quot;theme-color&quot;&gt;...&lt;/div&gt;
  (Session info: chrome=78.0.3904.97)
Build info: version: &apos;3.141.59&apos;, revision: &apos;e82be7d358&apos;, time: &apos;2018-11-14T08:17:03&apos;
System info: host: &apos;DESKTOP-O6A5C2O&apos;, ip: &apos;10.0.75.1&apos;, os.name: &apos;Windows 10&apos;, os.arch: &apos;amd64&apos;, os.version: &apos;10.0&apos;, java.version: &apos;9.0.4&apos;
Driver info: org.openqa.selenium.chrome.ChromeDriver
Capabilities {acceptInsecureCerts: false, browserName: chrome, browserVersion: 78.0.3904.97, chrome: {chromedriverVersion: 78.0.3904.70 (edb9c9f3de024..., userDataDir: C:\Users\admin\AppData\Loca...}, goog:chromeOptions: {debuggerAddress: localhost:59382}, javascriptEnabled: true, networkConnectionEnabled: false, pageLoadStrategy: normal, platform: XP, platformName: XP, proxy: Proxy(), setWindowRect: true, strictFileInteractability: false, timeouts: {implicit: 0, pageLoad: 300000, script: 30000}, unhandledPromptBehavior: dismiss and notify}
Session ID: 7d1352031a3b866f87d581d8cc51a28c
	at org.openqa.selenium.remote.http.W3CHttpResponseCodec.createException(W3CHttpResponseCodec.java:187)
	at org.openqa.selenium.remote.http.W3CHttpResponseCodec.decode(W3CHttpResponseCodec.java:122)
	at org.openqa.selenium.remote.http.W3CHttpResponseCodec.decode(W3CHttpResponseCodec.java:49)
	at org.openqa.selenium.remote.HttpCommandExecutor.execute(HttpCommandExecutor.java:158)
	at org.openqa.selenium.remote.service.DriverCommandExecutor.execute(DriverCommandExecutor.java:83)
	at org.openqa.selenium.remote.RemoteWebDriver.execute(RemoteWebDriver.java:552)
	at org.openqa.selenium.remote.RemoteWebElement.execute(RemoteWebElement.java:285)
	at org.openqa.selenium.remote.RemoteWebElement.click(RemoteWebElement.java:84)
	at org.openqa.selenium.support.pagefactory.internal.LocatingElementHandler.invoke(LocatingElementHandler.java:51)
	at com.sun.proxy.$Proxy16.click(Unknown Source)
	at com.tetherfi.pages.TmacTransferListPage.getdata(TmacTransferListPage.java:855)
	at com.tetherfi.pages.TmacTransferListPage.verifyexportToExcelSheet(TmacTransferListPage.java:812)
	at com.tetherfi.test.tmac.TmacTransferListTest.ExportToExcelData(TmacTransferListTest.java:313)
	at java.base/java.util.ArrayList.forEach(Unknown Source)
... Removed 34 stack frames</pre></div><a href='#' onClick='toggleBox("stack-trace462372115", this, "Click to show all stack frames", "Click to hide stack frames")'>Click to show all stack frames</a>
<div class='stack-trace' id='stack-trace462372115'><pre>org.openqa.selenium.ElementClickInterceptedException: element click intercepted: Element &lt;span class=&quot;k-icon k-i-arrow-60-right&quot;&gt;&lt;/span&gt; is not clickable at point (135, 552). Other element would receive the click: &lt;div class=&quot;theme-color&quot;&gt;...&lt;/div&gt;
  (Session info: chrome=78.0.3904.97)
Build info: version: &apos;3.141.59&apos;, revision: &apos;e82be7d358&apos;, time: &apos;2018-11-14T08:17:03&apos;
System info: host: &apos;DESKTOP-O6A5C2O&apos;, ip: &apos;10.0.75.1&apos;, os.name: &apos;Windows 10&apos;, os.arch: &apos;amd64&apos;, os.version: &apos;10.0&apos;, java.version: &apos;9.0.4&apos;
Driver info: org.openqa.selenium.chrome.ChromeDriver
Capabilities {acceptInsecureCerts: false, browserName: chrome, browserVersion: 78.0.3904.97, chrome: {chromedriverVersion: 78.0.3904.70 (edb9c9f3de024..., userDataDir: C:\Users\admin\AppData\Loca...}, goog:chromeOptions: {debuggerAddress: localhost:59382}, javascriptEnabled: true, networkConnectionEnabled: false, pageLoadStrategy: normal, platform: XP, platformName: XP, proxy: Proxy(), setWindowRect: true, strictFileInteractability: false, timeouts: {implicit: 0, pageLoad: 300000, script: 30000}, unhandledPromptBehavior: dismiss and notify}
Session ID: 7d1352031a3b866f87d581d8cc51a28c
	at java.base/jdk.internal.reflect.NativeConstructorAccessorImpl.newInstance0(Native Method)
	at java.base/jdk.internal.reflect.NativeConstructorAccessorImpl.newInstance(Unknown Source)
	at java.base/jdk.internal.reflect.DelegatingConstructorAccessorImpl.newInstance(Unknown Source)
	at java.base/java.lang.reflect.Constructor.newInstance(Unknown Source)
	at org.openqa.selenium.remote.http.W3CHttpResponseCodec.createException(W3CHttpResponseCodec.java:187)
	at org.openqa.selenium.remote.http.W3CHttpResponseCodec.decode(W3CHttpResponseCodec.java:122)
	at org.openqa.selenium.remote.http.W3CHttpResponseCodec.decode(W3CHttpResponseCodec.java:49)
	at org.openqa.selenium.remote.HttpCommandExecutor.execute(HttpCommandExecutor.java:158)
	at org.openqa.selenium.remote.service.DriverCommandExecutor.execute(DriverCommandExecutor.java:83)
	at org.openqa.selenium.remote.RemoteWebDriver.execute(RemoteWebDriver.java:552)
	at org.openqa.selenium.remote.RemoteWebElement.execute(RemoteWebElement.java:285)
	at org.openqa.selenium.remote.RemoteWebElement.click(RemoteWebElement.java:84)
	at jdk.internal.reflect.GeneratedMethodAccessor5.invoke(Unknown Source)
	at java.base/jdk.internal.reflect.DelegatingMethodAccessorImpl.invoke(Unknown Source)
	at java.base/java.lang.reflect.Method.invoke(Unknown Source)
	at org.openqa.selenium.support.pagefactory.internal.LocatingElementHandler.invoke(LocatingElementHandler.java:51)
	at com.sun.proxy.$Proxy16.click(Unknown Source)
	at com.tetherfi.pages.TmacTransferListPage.getdata(TmacTransferListPage.java:855)
	at com.tetherfi.pages.TmacTransferListPage.verifyexportToExcelSheet(TmacTransferListPage.java:812)
	at com.tetherfi.test.tmac.TmacTransferListTest.ExportToExcelData(TmacTransferListTest.java:313)
	at java.base/jdk.internal.reflect.NativeMethodAccessorImpl.invoke0(Native Method)
	at java.base/jdk.internal.reflect.NativeMethodAccessorImpl.invoke(Unknown Source)
	at java.base/jdk.internal.reflect.DelegatingMethodAccessorImpl.invoke(Unknown Source)
	at java.base/java.lang.reflect.Method.invoke(Unknown Source)
	at org.testng.internal.MethodInvocationHelper.invokeMethod(MethodInvocationHelper.java:133)
	at org.testng.internal.TestInvoker.invokeMethod(TestInvoker.java:584)
	at org.testng.internal.TestInvoker.invokeTestMethod(TestInvoker.java:172)
	at org.testng.internal.MethodRunner.runInSequence(MethodRunner.java:46)
	at org.testng.internal.TestInvoker$MethodInvocationAgent.invoke(TestInvoker.java:804)
	at org.testng.internal.TestInvoker.invokeTestMethods(TestInvoker.java:145)
	at org.testng.internal.TestMethodWorker.invokeTestMethods(TestMethodWorker.java:146)
	at org.testng.internal.TestMethodWorker.run(TestMethodWorker.java:128)
	at java.base/java.util.ArrayList.forEach(Unknown Source)
	at org.testng.TestRunner.privateRun(TestRunner.java:770)
	at org.testng.TestRunner.run(TestRunner.java:591)
	at org.testng.SuiteRunner.runTest(SuiteRunner.java:402)
	at org.testng.SuiteRunner.runSequentially(SuiteRunner.java:396)
	at org.testng.SuiteRunner.privateRun(SuiteRunner.java:355)
	at org.testng.SuiteRunner.run(SuiteRunner.java:304)
	at org.testng.SuiteRunnerWorker.runSuite(SuiteRunnerWorker.java:53)
	at org.testng.SuiteRunnerWorker.run(SuiteRunnerWorker.java:96)
	at org.testng.TestNG.runSuitesSequentially(TestNG.java:1180)
	at org.testng.TestNG.runSuitesLocally(TestNG.java:1102)
	at org.testng.TestNG.runSuites(TestNG.java:1032)
	at org.testng.TestNG.run(TestNG.java:1000)
	at org.testng.remote.AbstractRemoteTestNG.run(AbstractRemoteTestNG.java:115)
	at org.testng.remote.RemoteTestNG.initAndRun(RemoteTestNG.java:251)
	at org.testng.remote.RemoteTestNG.main(RemoteTestNG.java:77)
</pre></div></td>
<td>1</td>
<td>com.tetherfi.test.tmac.TmacTransferListTest@158e9f6e</td></tr>
<tr>
<td title='com.tetherfi.test.tmac.TmacTransferListTest.VerifyDupErrMsgEditTmacBlindTransferRecord()'><b>VerifyDupErrMsgEditTmacBlindTransferRecord</b><br>Test class: com.tetherfi.test.tmac.TmacTransferListTest<br/>
<a href="#Output-21705680" onClick='toggleBox("Output-21705680", this, "Show output", "Hide output");'>Show output</a>

<a href="#Output-21705680" onClick="toggleAllBoxes();">Show all outputs</a>
<div class='log' id="Output-21705680">
Test Case <b style="color:red;" "font-size:25px;">FAILED</b>
<br/>
<img src="Screenshot\VerifyDupErrMsgEditTmacBlindTransferRecord.jpg" alt="Image Not Found"/><br /><br/>
</div>
</td>
<td><div><pre>org.openqa.selenium.StaleElementReferenceException: stale element reference: element is not attached to the page document
  (Session info: chrome=78.0.3904.97)
For documentation on this error, please visit: https://www.seleniumhq.org/exceptions/stale_element_reference.html
Build info: version: &apos;3.141.59&apos;, revision: &apos;e82be7d358&apos;, time: &apos;2018-11-14T08:17:03&apos;
System info: host: &apos;DESKTOP-O6A5C2O&apos;, ip: &apos;10.0.75.1&apos;, os.name: &apos;Windows 10&apos;, os.arch: &apos;amd64&apos;, os.version: &apos;10.0&apos;, java.version: &apos;9.0.4&apos;
Driver info: org.openqa.selenium.chrome.ChromeDriver
Capabilities {acceptInsecureCerts: false, browserName: chrome, browserVersion: 78.0.3904.97, chrome: {chromedriverVersion: 78.0.3904.70 (edb9c9f3de024..., userDataDir: C:\Users\admin\AppData\Loca...}, goog:chromeOptions: {debuggerAddress: localhost:59382}, javascriptEnabled: true, networkConnectionEnabled: false, pageLoadStrategy: normal, platform: XP, platformName: XP, proxy: Proxy(), setWindowRect: true, strictFileInteractability: false, timeouts: {implicit: 0, pageLoad: 300000, script: 30000}, unhandledPromptBehavior: dismiss and notify}
Session ID: 7d1352031a3b866f87d581d8cc51a28c
	at org.openqa.selenium.remote.http.W3CHttpResponseCodec.createException(W3CHttpResponseCodec.java:187)
	at org.openqa.selenium.remote.http.W3CHttpResponseCodec.decode(W3CHttpResponseCodec.java:122)
	at org.openqa.selenium.remote.http.W3CHttpResponseCodec.decode(W3CHttpResponseCodec.java:49)
	at org.openqa.selenium.remote.HttpCommandExecutor.execute(HttpCommandExecutor.java:158)
	at org.openqa.selenium.remote.service.DriverCommandExecutor.execute(DriverCommandExecutor.java:83)
	at org.openqa.selenium.remote.RemoteWebDriver.execute(RemoteWebDriver.java:552)
	at org.openqa.selenium.remote.RemoteWebElement.execute(RemoteWebElement.java:285)
	at org.openqa.selenium.remote.RemoteWebElement.isDisplayed(RemoteWebElement.java:326)
	at org.openqa.selenium.support.ui.ExpectedConditions.elementIfVisible(ExpectedConditions.java:314)
	at org.openqa.selenium.support.ui.ExpectedConditions.access$000(ExpectedConditions.java:43)
	at org.openqa.selenium.support.ui.ExpectedConditions$10.apply(ExpectedConditions.java:300)
	at org.openqa.selenium.support.ui.ExpectedConditions$10.apply(ExpectedConditions.java:297)
	at org.openqa.selenium.support.ui.FluentWait.until(FluentWait.java:249)
	at com.tetherfi.pages.BasePage.waitUntilWebElementListIsVisible(BasePage.java:139)
	at com.tetherfi.pages.BasePage.selectDropdownFromVisibleText(BasePage.java:335)
	at com.tetherfi.pages.TmacTransferListPage.editTmacBlindTransferList(TmacTransferListPage.java:653)
	at com.tetherfi.test.tmac.TmacTransferListTest.VerifyDupErrMsgEditTmacBlindTransferRecord(TmacTransferListTest.java:538)
	at java.base/java.util.ArrayList.forEach(Unknown Source)
... Removed 31 stack frames</pre></div><a href='#' onClick='toggleBox("stack-trace21705680", this, "Click to show all stack frames", "Click to hide stack frames")'>Click to show all stack frames</a>
<div class='stack-trace' id='stack-trace21705680'><pre>org.openqa.selenium.StaleElementReferenceException: stale element reference: element is not attached to the page document
  (Session info: chrome=78.0.3904.97)
For documentation on this error, please visit: https://www.seleniumhq.org/exceptions/stale_element_reference.html
Build info: version: &apos;3.141.59&apos;, revision: &apos;e82be7d358&apos;, time: &apos;2018-11-14T08:17:03&apos;
System info: host: &apos;DESKTOP-O6A5C2O&apos;, ip: &apos;10.0.75.1&apos;, os.name: &apos;Windows 10&apos;, os.arch: &apos;amd64&apos;, os.version: &apos;10.0&apos;, java.version: &apos;9.0.4&apos;
Driver info: org.openqa.selenium.chrome.ChromeDriver
Capabilities {acceptInsecureCerts: false, browserName: chrome, browserVersion: 78.0.3904.97, chrome: {chromedriverVersion: 78.0.3904.70 (edb9c9f3de024..., userDataDir: C:\Users\admin\AppData\Loca...}, goog:chromeOptions: {debuggerAddress: localhost:59382}, javascriptEnabled: true, networkConnectionEnabled: false, pageLoadStrategy: normal, platform: XP, platformName: XP, proxy: Proxy(), setWindowRect: true, strictFileInteractability: false, timeouts: {implicit: 0, pageLoad: 300000, script: 30000}, unhandledPromptBehavior: dismiss and notify}
Session ID: 7d1352031a3b866f87d581d8cc51a28c
	at java.base/jdk.internal.reflect.NativeConstructorAccessorImpl.newInstance0(Native Method)
	at java.base/jdk.internal.reflect.NativeConstructorAccessorImpl.newInstance(Unknown Source)
	at java.base/jdk.internal.reflect.DelegatingConstructorAccessorImpl.newInstance(Unknown Source)
	at java.base/java.lang.reflect.Constructor.newInstance(Unknown Source)
	at org.openqa.selenium.remote.http.W3CHttpResponseCodec.createException(W3CHttpResponseCodec.java:187)
	at org.openqa.selenium.remote.http.W3CHttpResponseCodec.decode(W3CHttpResponseCodec.java:122)
	at org.openqa.selenium.remote.http.W3CHttpResponseCodec.decode(W3CHttpResponseCodec.java:49)
	at org.openqa.selenium.remote.HttpCommandExecutor.execute(HttpCommandExecutor.java:158)
	at org.openqa.selenium.remote.service.DriverCommandExecutor.execute(DriverCommandExecutor.java:83)
	at org.openqa.selenium.remote.RemoteWebDriver.execute(RemoteWebDriver.java:552)
	at org.openqa.selenium.remote.RemoteWebElement.execute(RemoteWebElement.java:285)
	at org.openqa.selenium.remote.RemoteWebElement.isDisplayed(RemoteWebElement.java:326)
	at org.openqa.selenium.support.ui.ExpectedConditions.elementIfVisible(ExpectedConditions.java:314)
	at org.openqa.selenium.support.ui.ExpectedConditions.access$000(ExpectedConditions.java:43)
	at org.openqa.selenium.support.ui.ExpectedConditions$10.apply(ExpectedConditions.java:300)
	at org.openqa.selenium.support.ui.ExpectedConditions$10.apply(ExpectedConditions.java:297)
	at org.openqa.selenium.support.ui.FluentWait.until(FluentWait.java:249)
	at com.tetherfi.pages.BasePage.waitUntilWebElementListIsVisible(BasePage.java:139)
	at com.tetherfi.pages.BasePage.selectDropdownFromVisibleText(BasePage.java:335)
	at com.tetherfi.pages.TmacTransferListPage.editTmacBlindTransferList(TmacTransferListPage.java:653)
	at com.tetherfi.test.tmac.TmacTransferListTest.VerifyDupErrMsgEditTmacBlindTransferRecord(TmacTransferListTest.java:538)
	at java.base/jdk.internal.reflect.NativeMethodAccessorImpl.invoke0(Native Method)
	at java.base/jdk.internal.reflect.NativeMethodAccessorImpl.invoke(Unknown Source)
	at java.base/jdk.internal.reflect.DelegatingMethodAccessorImpl.invoke(Unknown Source)
	at java.base/java.lang.reflect.Method.invoke(Unknown Source)
	at org.testng.internal.MethodInvocationHelper.invokeMethod(MethodInvocationHelper.java:133)
	at org.testng.internal.TestInvoker.invokeMethod(TestInvoker.java:584)
	at org.testng.internal.TestInvoker.invokeTestMethod(TestInvoker.java:172)
	at org.testng.internal.MethodRunner.runInSequence(MethodRunner.java:46)
	at org.testng.internal.TestInvoker$MethodInvocationAgent.invoke(TestInvoker.java:804)
	at org.testng.internal.TestInvoker.invokeTestMethods(TestInvoker.java:145)
	at org.testng.internal.TestMethodWorker.invokeTestMethods(TestMethodWorker.java:146)
	at org.testng.internal.TestMethodWorker.run(TestMethodWorker.java:128)
	at java.base/java.util.ArrayList.forEach(Unknown Source)
	at org.testng.TestRunner.privateRun(TestRunner.java:770)
	at org.testng.TestRunner.run(TestRunner.java:591)
	at org.testng.SuiteRunner.runTest(SuiteRunner.java:402)
	at org.testng.SuiteRunner.runSequentially(SuiteRunner.java:396)
	at org.testng.SuiteRunner.privateRun(SuiteRunner.java:355)
	at org.testng.SuiteRunner.run(SuiteRunner.java:304)
	at org.testng.SuiteRunnerWorker.runSuite(SuiteRunnerWorker.java:53)
	at org.testng.SuiteRunnerWorker.run(SuiteRunnerWorker.java:96)
	at org.testng.TestNG.runSuitesSequentially(TestNG.java:1180)
	at org.testng.TestNG.runSuitesLocally(TestNG.java:1102)
	at org.testng.TestNG.runSuites(TestNG.java:1032)
	at org.testng.TestNG.run(TestNG.java:1000)
	at org.testng.remote.AbstractRemoteTestNG.run(AbstractRemoteTestNG.java:115)
	at org.testng.remote.RemoteTestNG.initAndRun(RemoteTestNG.java:251)
	at org.testng.remote.RemoteTestNG.main(RemoteTestNG.java:77)
</pre></div></td>
<td>16</td>
<td>com.tetherfi.test.tmac.TmacTransferListTest@158e9f6e</td></tr>
<tr>
<td title='com.tetherfi.test.tmac.TmacTransferListTest.VerifyErrMsgDuplicateName()'><b>VerifyErrMsgDuplicateName</b><br>Test class: com.tetherfi.test.tmac.TmacTransferListTest<br/>
<a href="#Output-76440776" onClick='toggleBox("Output-76440776", this, "Show output", "Hide output");'>Show output</a>

<a href="#Output-76440776" onClick="toggleAllBoxes();">Show all outputs</a>
<div class='log' id="Output-76440776">
Test Case <b style="color:red;" "font-size:25px;">FAILED</b>
<br/>
<img src="Screenshot\VerifyErrMsgDuplicateName.jpg" alt="Image Not Found"/><br /><br/>
</div>
</td>
<td><div><pre>org.openqa.selenium.ElementClickInterceptedException: element click intercepted: Element &lt;a role=&quot;button&quot; class=&quot;k-button k-button-icontext k-grid-cancel&quot; style=&quot;width=10px;&quot; href=&quot;#&quot;&gt;...&lt;/a&gt; is not clickable at point (1114, 276). Other element would receive the click: &lt;div class=&quot;k-loading-image&quot;&gt;&lt;/div&gt;
  (Session info: chrome=78.0.3904.97)
Build info: version: &apos;3.141.59&apos;, revision: &apos;e82be7d358&apos;, time: &apos;2018-11-14T08:17:03&apos;
System info: host: &apos;DESKTOP-O6A5C2O&apos;, ip: &apos;10.0.75.1&apos;, os.name: &apos;Windows 10&apos;, os.arch: &apos;amd64&apos;, os.version: &apos;10.0&apos;, java.version: &apos;9.0.4&apos;
Driver info: org.openqa.selenium.chrome.ChromeDriver
Capabilities {acceptInsecureCerts: false, browserName: chrome, browserVersion: 78.0.3904.97, chrome: {chromedriverVersion: 78.0.3904.70 (edb9c9f3de024..., userDataDir: C:\Users\admin\AppData\Loca...}, goog:chromeOptions: {debuggerAddress: localhost:59382}, javascriptEnabled: true, networkConnectionEnabled: false, pageLoadStrategy: normal, platform: XP, platformName: XP, proxy: Proxy(), setWindowRect: true, strictFileInteractability: false, timeouts: {implicit: 0, pageLoad: 300000, script: 30000}, unhandledPromptBehavior: dismiss and notify}
Session ID: 7d1352031a3b866f87d581d8cc51a28c
	at org.openqa.selenium.remote.http.W3CHttpResponseCodec.createException(W3CHttpResponseCodec.java:187)
	at org.openqa.selenium.remote.http.W3CHttpResponseCodec.decode(W3CHttpResponseCodec.java:122)
	at org.openqa.selenium.remote.http.W3CHttpResponseCodec.decode(W3CHttpResponseCodec.java:49)
	at org.openqa.selenium.remote.HttpCommandExecutor.execute(HttpCommandExecutor.java:158)
	at org.openqa.selenium.remote.service.DriverCommandExecutor.execute(DriverCommandExecutor.java:83)
	at org.openqa.selenium.remote.RemoteWebDriver.execute(RemoteWebDriver.java:552)
	at org.openqa.selenium.remote.RemoteWebElement.execute(RemoteWebElement.java:285)
	at org.openqa.selenium.remote.RemoteWebElement.click(RemoteWebElement.java:84)
	at org.openqa.selenium.support.pagefactory.internal.LocatingElementHandler.invoke(LocatingElementHandler.java:51)
	at com.sun.proxy.$Proxy16.click(Unknown Source)
	at com.tetherfi.pages.BasePage.selectWebElement(BasePage.java:202)
	at com.tetherfi.pages.TmacTransferListPage.selectCancelOnAddNewConsulTransPopUp(TmacTransferListPage.java:345)
	at com.tetherfi.test.tmac.TmacTransferListTest.VerifyErrMsgDuplicateName(TmacTransferListTest.java:145)
	at java.base/java.util.ArrayList.forEach(Unknown Source)
... Removed 34 stack frames</pre></div><a href='#' onClick='toggleBox("stack-trace76440776", this, "Click to show all stack frames", "Click to hide stack frames")'>Click to show all stack frames</a>
<div class='stack-trace' id='stack-trace76440776'><pre>org.openqa.selenium.ElementClickInterceptedException: element click intercepted: Element &lt;a role=&quot;button&quot; class=&quot;k-button k-button-icontext k-grid-cancel&quot; style=&quot;width=10px;&quot; href=&quot;#&quot;&gt;...&lt;/a&gt; is not clickable at point (1114, 276). Other element would receive the click: &lt;div class=&quot;k-loading-image&quot;&gt;&lt;/div&gt;
  (Session info: chrome=78.0.3904.97)
Build info: version: &apos;3.141.59&apos;, revision: &apos;e82be7d358&apos;, time: &apos;2018-11-14T08:17:03&apos;
System info: host: &apos;DESKTOP-O6A5C2O&apos;, ip: &apos;10.0.75.1&apos;, os.name: &apos;Windows 10&apos;, os.arch: &apos;amd64&apos;, os.version: &apos;10.0&apos;, java.version: &apos;9.0.4&apos;
Driver info: org.openqa.selenium.chrome.ChromeDriver
Capabilities {acceptInsecureCerts: false, browserName: chrome, browserVersion: 78.0.3904.97, chrome: {chromedriverVersion: 78.0.3904.70 (edb9c9f3de024..., userDataDir: C:\Users\admin\AppData\Loca...}, goog:chromeOptions: {debuggerAddress: localhost:59382}, javascriptEnabled: true, networkConnectionEnabled: false, pageLoadStrategy: normal, platform: XP, platformName: XP, proxy: Proxy(), setWindowRect: true, strictFileInteractability: false, timeouts: {implicit: 0, pageLoad: 300000, script: 30000}, unhandledPromptBehavior: dismiss and notify}
Session ID: 7d1352031a3b866f87d581d8cc51a28c
	at java.base/jdk.internal.reflect.NativeConstructorAccessorImpl.newInstance0(Native Method)
	at java.base/jdk.internal.reflect.NativeConstructorAccessorImpl.newInstance(Unknown Source)
	at java.base/jdk.internal.reflect.DelegatingConstructorAccessorImpl.newInstance(Unknown Source)
	at java.base/java.lang.reflect.Constructor.newInstance(Unknown Source)
	at org.openqa.selenium.remote.http.W3CHttpResponseCodec.createException(W3CHttpResponseCodec.java:187)
	at org.openqa.selenium.remote.http.W3CHttpResponseCodec.decode(W3CHttpResponseCodec.java:122)
	at org.openqa.selenium.remote.http.W3CHttpResponseCodec.decode(W3CHttpResponseCodec.java:49)
	at org.openqa.selenium.remote.HttpCommandExecutor.execute(HttpCommandExecutor.java:158)
	at org.openqa.selenium.remote.service.DriverCommandExecutor.execute(DriverCommandExecutor.java:83)
	at org.openqa.selenium.remote.RemoteWebDriver.execute(RemoteWebDriver.java:552)
	at org.openqa.selenium.remote.RemoteWebElement.execute(RemoteWebElement.java:285)
	at org.openqa.selenium.remote.RemoteWebElement.click(RemoteWebElement.java:84)
	at jdk.internal.reflect.GeneratedMethodAccessor5.invoke(Unknown Source)
	at java.base/jdk.internal.reflect.DelegatingMethodAccessorImpl.invoke(Unknown Source)
	at java.base/java.lang.reflect.Method.invoke(Unknown Source)
	at org.openqa.selenium.support.pagefactory.internal.LocatingElementHandler.invoke(LocatingElementHandler.java:51)
	at com.sun.proxy.$Proxy16.click(Unknown Source)
	at com.tetherfi.pages.BasePage.selectWebElement(BasePage.java:202)
	at com.tetherfi.pages.TmacTransferListPage.selectCancelOnAddNewConsulTransPopUp(TmacTransferListPage.java:345)
	at com.tetherfi.test.tmac.TmacTransferListTest.VerifyErrMsgDuplicateName(TmacTransferListTest.java:145)
	at java.base/jdk.internal.reflect.NativeMethodAccessorImpl.invoke0(Native Method)
	at java.base/jdk.internal.reflect.NativeMethodAccessorImpl.invoke(Unknown Source)
	at java.base/jdk.internal.reflect.DelegatingMethodAccessorImpl.invoke(Unknown Source)
	at java.base/java.lang.reflect.Method.invoke(Unknown Source)
	at org.testng.internal.MethodInvocationHelper.invokeMethod(MethodInvocationHelper.java:133)
	at org.testng.internal.TestInvoker.invokeMethod(TestInvoker.java:584)
	at org.testng.internal.TestInvoker.invokeTestMethod(TestInvoker.java:172)
	at org.testng.internal.MethodRunner.runInSequence(MethodRunner.java:46)
	at org.testng.internal.TestInvoker$MethodInvocationAgent.invoke(TestInvoker.java:804)
	at org.testng.internal.TestInvoker.invokeTestMethods(TestInvoker.java:145)
	at org.testng.internal.TestMethodWorker.invokeTestMethods(TestMethodWorker.java:146)
	at org.testng.internal.TestMethodWorker.run(TestMethodWorker.java:128)
	at java.base/java.util.ArrayList.forEach(Unknown Source)
	at org.testng.TestRunner.privateRun(TestRunner.java:770)
	at org.testng.TestRunner.run(TestRunner.java:591)
	at org.testng.SuiteRunner.runTest(SuiteRunner.java:402)
	at org.testng.SuiteRunner.runSequentially(SuiteRunner.java:396)
	at org.testng.SuiteRunner.privateRun(SuiteRunner.java:355)
	at org.testng.SuiteRunner.run(SuiteRunner.java:304)
	at org.testng.SuiteRunnerWorker.runSuite(SuiteRunnerWorker.java:53)
	at org.testng.SuiteRunnerWorker.run(SuiteRunnerWorker.java:96)
	at org.testng.TestNG.runSuitesSequentially(TestNG.java:1180)
	at org.testng.TestNG.runSuitesLocally(TestNG.java:1102)
	at org.testng.TestNG.runSuites(TestNG.java:1032)
	at org.testng.TestNG.run(TestNG.java:1000)
	at org.testng.remote.AbstractRemoteTestNG.run(AbstractRemoteTestNG.java:115)
	at org.testng.remote.RemoteTestNG.initAndRun(RemoteTestNG.java:251)
	at org.testng.remote.RemoteTestNG.main(RemoteTestNG.java:77)
</pre></div></td>
<td>3</td>
<td>com.tetherfi.test.tmac.TmacTransferListTest@158e9f6e</td></tr>
<tr>
<td title='com.tetherfi.test.tmac.TmacTransferListTest.VerifyErrMsgDuplicateValue()'><b>VerifyErrMsgDuplicateValue</b><br>Test class: com.tetherfi.test.tmac.TmacTransferListTest<br/>
<a href="#Output-1556474954" onClick='toggleBox("Output-1556474954", this, "Show output", "Hide output");'>Show output</a>

<a href="#Output-1556474954" onClick="toggleAllBoxes();">Show all outputs</a>
<div class='log' id="Output-1556474954">
Test Case <b style="color:red;" "font-size:25px;">FAILED</b>
<br/>
<img src="Screenshot\VerifyErrMsgDuplicateValue.jpg" alt="Image Not Found"/><br /><br/>
</div>
</td>
<td><div><pre>org.openqa.selenium.TimeoutException: Expected condition failed: waiting for element to be clickable: Proxy element for: DefaultElementLocator &apos;By.cssSelector: .k-grid-cancel&apos; (tried for 20 second(s) with 500 milliseconds interval)
	at org.openqa.selenium.support.ui.WebDriverWait.timeoutException(WebDriverWait.java:95)
	at org.openqa.selenium.support.ui.FluentWait.until(FluentWait.java:272)
	at com.tetherfi.pages.BasePage.waitUntilWebElementIsClickable(BasePage.java:259)
	at com.tetherfi.pages.BasePage.selectWebElement(BasePage.java:199)
	at com.tetherfi.pages.TmacTransferListPage.selectCancelOnAddNewConsulTransPopUp(TmacTransferListPage.java:345)
	at com.tetherfi.test.tmac.TmacTransferListTest.VerifyErrMsgDuplicateValue(TmacTransferListTest.java:160)
	at java.base/java.util.ArrayList.forEach(Unknown Source)
Caused by: org.openqa.selenium.NoSuchElementException: no such element: Unable to locate element: {&quot;method&quot;:&quot;css selector&quot;,&quot;selector&quot;:&quot;.k-grid-cancel&quot;}
  (Session info: chrome=78.0.3904.97)
For documentation on this error, please visit: https://www.seleniumhq.org/exceptions/no_such_element.html
Build info: version: &apos;3.141.59&apos;, revision: &apos;e82be7d358&apos;, time: &apos;2018-11-14T08:17:03&apos;
System info: host: &apos;DESKTOP-O6A5C2O&apos;, ip: &apos;10.0.75.1&apos;, os.name: &apos;Windows 10&apos;, os.arch: &apos;amd64&apos;, os.version: &apos;10.0&apos;, java.version: &apos;9.0.4&apos;
Driver info: org.openqa.selenium.chrome.ChromeDriver
Capabilities {acceptInsecureCerts: false, browserName: chrome, browserVersion: 78.0.3904.97, chrome: {chromedriverVersion: 78.0.3904.70 (edb9c9f3de024..., userDataDir: C:\Users\admin\AppData\Loca...}, goog:chromeOptions: {debuggerAddress: localhost:59382}, javascriptEnabled: true, networkConnectionEnabled: false, pageLoadStrategy: normal, platform: XP, platformName: XP, proxy: Proxy(), setWindowRect: true, strictFileInteractability: false, timeouts: {implicit: 0, pageLoad: 300000, script: 30000}, unhandledPromptBehavior: dismiss and notify}
Session ID: 7d1352031a3b866f87d581d8cc51a28c
*** Element info: {Using=css selector, value=.k-grid-cancel}
	at org.openqa.selenium.remote.http.W3CHttpResponseCodec.createException(W3CHttpResponseCodec.java:187)
	at org.openqa.selenium.remote.http.W3CHttpResponseCodec.decode(W3CHttpResponseCodec.java:122)
	at org.openqa.selenium.remote.http.W3CHttpResponseCodec.decode(W3CHttpResponseCodec.java:49)
	at org.openqa.selenium.remote.HttpCommandExecutor.execute(HttpCommandExecutor.java:158)
	at org.openqa.selenium.remote.service.DriverCommandExecutor.execute(DriverCommandExecutor.java:83)
	at org.openqa.selenium.remote.RemoteWebDriver.execute(RemoteWebDriver.java:552)
	at org.openqa.selenium.remote.RemoteWebDriver.findElement(RemoteWebDriver.java:323)
	at org.openqa.selenium.remote.RemoteWebDriver.findElementByCssSelector(RemoteWebDriver.java:420)
	at org.openqa.selenium.By$ByCssSelector.findElement(By.java:431)
	at org.openqa.selenium.remote.RemoteWebDriver.findElement(RemoteWebDriver.java:315)
	at org.openqa.selenium.support.pagefactory.DefaultElementLocator.findElement(DefaultElementLocator.java:69)
	at org.openqa.selenium.support.pagefactory.internal.LocatingElementHandler.invoke(LocatingElementHandler.java:38)
	at com.sun.proxy.$Proxy16.isDisplayed(Unknown Source)
	at org.openqa.selenium.support.ui.ExpectedConditions.elementIfVisible(ExpectedConditions.java:314)
	at org.openqa.selenium.support.ui.ExpectedConditions.access$000(ExpectedConditions.java:43)
	at org.openqa.selenium.support.ui.ExpectedConditions$10.apply(ExpectedConditions.java:300)
	at org.openqa.selenium.support.ui.ExpectedConditions$10.apply(ExpectedConditions.java:297)
	at org.openqa.selenium.support.ui.ExpectedConditions$23.apply(ExpectedConditions.java:670)
	at org.openqa.selenium.support.ui.ExpectedConditions$23.apply(ExpectedConditions.java:666)
	at org.openqa.selenium.support.ui.FluentWait.until(FluentWait.java:249)
	... 32 more
... Removed 31 stack frames</pre></div><a href='#' onClick='toggleBox("stack-trace1556474954", this, "Click to show all stack frames", "Click to hide stack frames")'>Click to show all stack frames</a>
<div class='stack-trace' id='stack-trace1556474954'><pre>org.openqa.selenium.TimeoutException: Expected condition failed: waiting for element to be clickable: Proxy element for: DefaultElementLocator &apos;By.cssSelector: .k-grid-cancel&apos; (tried for 20 second(s) with 500 milliseconds interval)
	at org.openqa.selenium.support.ui.WebDriverWait.timeoutException(WebDriverWait.java:95)
	at org.openqa.selenium.support.ui.FluentWait.until(FluentWait.java:272)
	at com.tetherfi.pages.BasePage.waitUntilWebElementIsClickable(BasePage.java:259)
	at com.tetherfi.pages.BasePage.selectWebElement(BasePage.java:199)
	at com.tetherfi.pages.TmacTransferListPage.selectCancelOnAddNewConsulTransPopUp(TmacTransferListPage.java:345)
	at com.tetherfi.test.tmac.TmacTransferListTest.VerifyErrMsgDuplicateValue(TmacTransferListTest.java:160)
	at java.base/jdk.internal.reflect.NativeMethodAccessorImpl.invoke0(Native Method)
	at java.base/jdk.internal.reflect.NativeMethodAccessorImpl.invoke(Unknown Source)
	at java.base/jdk.internal.reflect.DelegatingMethodAccessorImpl.invoke(Unknown Source)
	at java.base/java.lang.reflect.Method.invoke(Unknown Source)
	at org.testng.internal.MethodInvocationHelper.invokeMethod(MethodInvocationHelper.java:133)
	at org.testng.internal.TestInvoker.invokeMethod(TestInvoker.java:584)
	at org.testng.internal.TestInvoker.invokeTestMethod(TestInvoker.java:172)
	at org.testng.internal.MethodRunner.runInSequence(MethodRunner.java:46)
	at org.testng.internal.TestInvoker$MethodInvocationAgent.invoke(TestInvoker.java:804)
	at org.testng.internal.TestInvoker.invokeTestMethods(TestInvoker.java:145)
	at org.testng.internal.TestMethodWorker.invokeTestMethods(TestMethodWorker.java:146)
	at org.testng.internal.TestMethodWorker.run(TestMethodWorker.java:128)
	at java.base/java.util.ArrayList.forEach(Unknown Source)
	at org.testng.TestRunner.privateRun(TestRunner.java:770)
	at org.testng.TestRunner.run(TestRunner.java:591)
	at org.testng.SuiteRunner.runTest(SuiteRunner.java:402)
	at org.testng.SuiteRunner.runSequentially(SuiteRunner.java:396)
	at org.testng.SuiteRunner.privateRun(SuiteRunner.java:355)
	at org.testng.SuiteRunner.run(SuiteRunner.java:304)
	at org.testng.SuiteRunnerWorker.runSuite(SuiteRunnerWorker.java:53)
	at org.testng.SuiteRunnerWorker.run(SuiteRunnerWorker.java:96)
	at org.testng.TestNG.runSuitesSequentially(TestNG.java:1180)
	at org.testng.TestNG.runSuitesLocally(TestNG.java:1102)
	at org.testng.TestNG.runSuites(TestNG.java:1032)
	at org.testng.TestNG.run(TestNG.java:1000)
	at org.testng.remote.AbstractRemoteTestNG.run(AbstractRemoteTestNG.java:115)
	at org.testng.remote.RemoteTestNG.initAndRun(RemoteTestNG.java:251)
	at org.testng.remote.RemoteTestNG.main(RemoteTestNG.java:77)
Caused by: org.openqa.selenium.NoSuchElementException: no such element: Unable to locate element: {&quot;method&quot;:&quot;css selector&quot;,&quot;selector&quot;:&quot;.k-grid-cancel&quot;}
  (Session info: chrome=78.0.3904.97)
For documentation on this error, please visit: https://www.seleniumhq.org/exceptions/no_such_element.html
Build info: version: &apos;3.141.59&apos;, revision: &apos;e82be7d358&apos;, time: &apos;2018-11-14T08:17:03&apos;
System info: host: &apos;DESKTOP-O6A5C2O&apos;, ip: &apos;10.0.75.1&apos;, os.name: &apos;Windows 10&apos;, os.arch: &apos;amd64&apos;, os.version: &apos;10.0&apos;, java.version: &apos;9.0.4&apos;
Driver info: org.openqa.selenium.chrome.ChromeDriver
Capabilities {acceptInsecureCerts: false, browserName: chrome, browserVersion: 78.0.3904.97, chrome: {chromedriverVersion: 78.0.3904.70 (edb9c9f3de024..., userDataDir: C:\Users\admin\AppData\Loca...}, goog:chromeOptions: {debuggerAddress: localhost:59382}, javascriptEnabled: true, networkConnectionEnabled: false, pageLoadStrategy: normal, platform: XP, platformName: XP, proxy: Proxy(), setWindowRect: true, strictFileInteractability: false, timeouts: {implicit: 0, pageLoad: 300000, script: 30000}, unhandledPromptBehavior: dismiss and notify}
Session ID: 7d1352031a3b866f87d581d8cc51a28c
*** Element info: {Using=css selector, value=.k-grid-cancel}
	at java.base/jdk.internal.reflect.NativeConstructorAccessorImpl.newInstance0(Native Method)
	at java.base/jdk.internal.reflect.NativeConstructorAccessorImpl.newInstance(Unknown Source)
	at java.base/jdk.internal.reflect.DelegatingConstructorAccessorImpl.newInstance(Unknown Source)
	at java.base/java.lang.reflect.Constructor.newInstance(Unknown Source)
	at org.openqa.selenium.remote.http.W3CHttpResponseCodec.createException(W3CHttpResponseCodec.java:187)
	at org.openqa.selenium.remote.http.W3CHttpResponseCodec.decode(W3CHttpResponseCodec.java:122)
	at org.openqa.selenium.remote.http.W3CHttpResponseCodec.decode(W3CHttpResponseCodec.java:49)
	at org.openqa.selenium.remote.HttpCommandExecutor.execute(HttpCommandExecutor.java:158)
	at org.openqa.selenium.remote.service.DriverCommandExecutor.execute(DriverCommandExecutor.java:83)
	at org.openqa.selenium.remote.RemoteWebDriver.execute(RemoteWebDriver.java:552)
	at org.openqa.selenium.remote.RemoteWebDriver.findElement(RemoteWebDriver.java:323)
	at org.openqa.selenium.remote.RemoteWebDriver.findElementByCssSelector(RemoteWebDriver.java:420)
	at org.openqa.selenium.By$ByCssSelector.findElement(By.java:431)
	at org.openqa.selenium.remote.RemoteWebDriver.findElement(RemoteWebDriver.java:315)
	at org.openqa.selenium.support.pagefactory.DefaultElementLocator.findElement(DefaultElementLocator.java:69)
	at org.openqa.selenium.support.pagefactory.internal.LocatingElementHandler.invoke(LocatingElementHandler.java:38)
	at com.sun.proxy.$Proxy16.isDisplayed(Unknown Source)
	at org.openqa.selenium.support.ui.ExpectedConditions.elementIfVisible(ExpectedConditions.java:314)
	at org.openqa.selenium.support.ui.ExpectedConditions.access$000(ExpectedConditions.java:43)
	at org.openqa.selenium.support.ui.ExpectedConditions$10.apply(ExpectedConditions.java:300)
	at org.openqa.selenium.support.ui.ExpectedConditions$10.apply(ExpectedConditions.java:297)
	at org.openqa.selenium.support.ui.ExpectedConditions$23.apply(ExpectedConditions.java:670)
	at org.openqa.selenium.support.ui.ExpectedConditions$23.apply(ExpectedConditions.java:666)
	at org.openqa.selenium.support.ui.FluentWait.until(FluentWait.java:249)
	... 32 more
</pre></div></td>
<td>83</td>
<td>com.tetherfi.test.tmac.TmacTransferListTest@158e9f6e</td></tr>
<tr>
<td title='com.tetherfi.test.tmac.TmacTransferListTest.VerifyErrMsgVDNBlank()'><b>VerifyErrMsgVDNBlank</b><br>Test class: com.tetherfi.test.tmac.TmacTransferListTest<br/>
<a href="#Output-272066966" onClick='toggleBox("Output-272066966", this, "Show output", "Hide output");'>Show output</a>

<a href="#Output-272066966" onClick="toggleAllBoxes();">Show all outputs</a>
<div class='log' id="Output-272066966">
Test Case <b style="color:red;" "font-size:25px;">FAILED</b>
<br/>
<img src="Screenshot\VerifyErrMsgVDNBlank.jpg" alt="Image Not Found"/><br /><br/>
</div>
</td>
<td><div><pre>org.openqa.selenium.TimeoutException: Expected condition failed: waiting for visibility of [[ChromeDriver: chrome on XP (7d1352031a3b866f87d581d8cc51a28c)] -&gt; css selector: ul[id=&apos;SkillName_listbox&apos;] li] (tried for 20 second(s) with 500 milliseconds interval)
Build info: version: &apos;3.141.59&apos;, revision: &apos;e82be7d358&apos;, time: &apos;2018-11-14T08:17:03&apos;
System info: host: &apos;DESKTOP-O6A5C2O&apos;, ip: &apos;10.0.75.1&apos;, os.name: &apos;Windows 10&apos;, os.arch: &apos;amd64&apos;, os.version: &apos;10.0&apos;, java.version: &apos;9.0.4&apos;
Driver info: org.openqa.selenium.chrome.ChromeDriver
Capabilities {acceptInsecureCerts: false, browserName: chrome, browserVersion: 78.0.3904.97, chrome: {chromedriverVersion: 78.0.3904.70 (edb9c9f3de024..., userDataDir: C:\Users\admin\AppData\Loca...}, goog:chromeOptions: {debuggerAddress: localhost:59382}, javascriptEnabled: true, networkConnectionEnabled: false, pageLoadStrategy: normal, platform: XP, platformName: XP, proxy: Proxy(), setWindowRect: true, strictFileInteractability: false, timeouts: {implicit: 0, pageLoad: 300000, script: 30000}, unhandledPromptBehavior: dismiss and notify}
Session ID: 7d1352031a3b866f87d581d8cc51a28c
	at org.openqa.selenium.support.ui.WebDriverWait.timeoutException(WebDriverWait.java:95)
	at org.openqa.selenium.support.ui.FluentWait.until(FluentWait.java:272)
	at com.tetherfi.pages.BasePage.waitUntilWebElementListIsVisible(BasePage.java:139)
	at com.tetherfi.pages.BasePage.selectDropdownFromVisibleText(BasePage.java:335)
	at com.tetherfi.pages.TmacTransferListPage.addWithoutVDNBlank(TmacTransferListPage.java:1088)
	at com.tetherfi.test.tmac.TmacTransferListTest.VerifyErrMsgVDNBlank(TmacTransferListTest.java:433)
	at java.base/java.util.ArrayList.forEach(Unknown Source)
... Removed 27 stack frames</pre></div><a href='#' onClick='toggleBox("stack-trace272066966", this, "Click to show all stack frames", "Click to hide stack frames")'>Click to show all stack frames</a>
<div class='stack-trace' id='stack-trace272066966'><pre>org.openqa.selenium.TimeoutException: Expected condition failed: waiting for visibility of [[ChromeDriver: chrome on XP (7d1352031a3b866f87d581d8cc51a28c)] -&gt; css selector: ul[id=&apos;SkillName_listbox&apos;] li] (tried for 20 second(s) with 500 milliseconds interval)
Build info: version: &apos;3.141.59&apos;, revision: &apos;e82be7d358&apos;, time: &apos;2018-11-14T08:17:03&apos;
System info: host: &apos;DESKTOP-O6A5C2O&apos;, ip: &apos;10.0.75.1&apos;, os.name: &apos;Windows 10&apos;, os.arch: &apos;amd64&apos;, os.version: &apos;10.0&apos;, java.version: &apos;9.0.4&apos;
Driver info: org.openqa.selenium.chrome.ChromeDriver
Capabilities {acceptInsecureCerts: false, browserName: chrome, browserVersion: 78.0.3904.97, chrome: {chromedriverVersion: 78.0.3904.70 (edb9c9f3de024..., userDataDir: C:\Users\admin\AppData\Loca...}, goog:chromeOptions: {debuggerAddress: localhost:59382}, javascriptEnabled: true, networkConnectionEnabled: false, pageLoadStrategy: normal, platform: XP, platformName: XP, proxy: Proxy(), setWindowRect: true, strictFileInteractability: false, timeouts: {implicit: 0, pageLoad: 300000, script: 30000}, unhandledPromptBehavior: dismiss and notify}
Session ID: 7d1352031a3b866f87d581d8cc51a28c
	at org.openqa.selenium.support.ui.WebDriverWait.timeoutException(WebDriverWait.java:95)
	at org.openqa.selenium.support.ui.FluentWait.until(FluentWait.java:272)
	at com.tetherfi.pages.BasePage.waitUntilWebElementListIsVisible(BasePage.java:139)
	at com.tetherfi.pages.BasePage.selectDropdownFromVisibleText(BasePage.java:335)
	at com.tetherfi.pages.TmacTransferListPage.addWithoutVDNBlank(TmacTransferListPage.java:1088)
	at com.tetherfi.test.tmac.TmacTransferListTest.VerifyErrMsgVDNBlank(TmacTransferListTest.java:433)
	at java.base/jdk.internal.reflect.NativeMethodAccessorImpl.invoke0(Native Method)
	at java.base/jdk.internal.reflect.NativeMethodAccessorImpl.invoke(Unknown Source)
	at java.base/jdk.internal.reflect.DelegatingMethodAccessorImpl.invoke(Unknown Source)
	at java.base/java.lang.reflect.Method.invoke(Unknown Source)
	at org.testng.internal.MethodInvocationHelper.invokeMethod(MethodInvocationHelper.java:133)
	at org.testng.internal.TestInvoker.invokeMethod(TestInvoker.java:584)
	at org.testng.internal.TestInvoker.invokeTestMethod(TestInvoker.java:172)
	at org.testng.internal.MethodRunner.runInSequence(MethodRunner.java:46)
	at org.testng.internal.TestInvoker$MethodInvocationAgent.invoke(TestInvoker.java:804)
	at org.testng.internal.TestInvoker.invokeTestMethods(TestInvoker.java:145)
	at org.testng.internal.TestMethodWorker.invokeTestMethods(TestMethodWorker.java:146)
	at org.testng.internal.TestMethodWorker.run(TestMethodWorker.java:128)
	at java.base/java.util.ArrayList.forEach(Unknown Source)
	at org.testng.TestRunner.privateRun(TestRunner.java:770)
	at org.testng.TestRunner.run(TestRunner.java:591)
	at org.testng.SuiteRunner.runTest(SuiteRunner.java:402)
	at org.testng.SuiteRunner.runSequentially(SuiteRunner.java:396)
	at org.testng.SuiteRunner.privateRun(SuiteRunner.java:355)
	at org.testng.SuiteRunner.run(SuiteRunner.java:304)
	at org.testng.SuiteRunnerWorker.runSuite(SuiteRunnerWorker.java:53)
	at org.testng.SuiteRunnerWorker.run(SuiteRunnerWorker.java:96)
	at org.testng.TestNG.runSuitesSequentially(TestNG.java:1180)
	at org.testng.TestNG.runSuitesLocally(TestNG.java:1102)
	at org.testng.TestNG.runSuites(TestNG.java:1032)
	at org.testng.TestNG.run(TestNG.java:1000)
	at org.testng.remote.AbstractRemoteTestNG.run(AbstractRemoteTestNG.java:115)
	at org.testng.remote.RemoteTestNG.initAndRun(RemoteTestNG.java:251)
	at org.testng.remote.RemoteTestNG.main(RemoteTestNG.java:77)
</pre></div></td>
<td>39</td>
<td>com.tetherfi.test.tmac.TmacTransferListTest@158e9f6e</td></tr>
<tr>
<td title='com.tetherfi.test.tmac.TmacTransferListTest.database()'><b>database</b><br>Test class: com.tetherfi.test.tmac.TmacTransferListTest<br/>
<a href="#Output-225658250" onClick='toggleBox("Output-225658250", this, "Show output", "Hide output");'>Show output</a>

<a href="#Output-225658250" onClick="toggleAllBoxes();">Show all outputs</a>
<div class='log' id="Output-225658250">
Test Case <b style="color:red;" "font-size:25px;">FAILED</b>
<br/>
<img src="Screenshot\database.jpg" alt="Image Not Found"/><br /><br/>
</div>
</td>
<td><div><pre>org.openqa.selenium.ElementClickInterceptedException: element click intercepted: Element &lt;span class=&quot;k-icon k-i-arrow-60-right&quot;&gt;&lt;/span&gt; is not clickable at point (135, 552). Other element would receive the click: &lt;div class=&quot;theme-color&quot;&gt;...&lt;/div&gt;
  (Session info: chrome=78.0.3904.97)
Build info: version: &apos;3.141.59&apos;, revision: &apos;e82be7d358&apos;, time: &apos;2018-11-14T08:17:03&apos;
System info: host: &apos;DESKTOP-O6A5C2O&apos;, ip: &apos;10.0.75.1&apos;, os.name: &apos;Windows 10&apos;, os.arch: &apos;amd64&apos;, os.version: &apos;10.0&apos;, java.version: &apos;9.0.4&apos;
Driver info: org.openqa.selenium.chrome.ChromeDriver
Capabilities {acceptInsecureCerts: false, browserName: chrome, browserVersion: 78.0.3904.97, chrome: {chromedriverVersion: 78.0.3904.70 (edb9c9f3de024..., userDataDir: C:\Users\admin\AppData\Loca...}, goog:chromeOptions: {debuggerAddress: localhost:59382}, javascriptEnabled: true, networkConnectionEnabled: false, pageLoadStrategy: normal, platform: XP, platformName: XP, proxy: Proxy(), setWindowRect: true, strictFileInteractability: false, timeouts: {implicit: 0, pageLoad: 300000, script: 30000}, unhandledPromptBehavior: dismiss and notify}
Session ID: 7d1352031a3b866f87d581d8cc51a28c
	at org.openqa.selenium.remote.http.W3CHttpResponseCodec.createException(W3CHttpResponseCodec.java:187)
	at org.openqa.selenium.remote.http.W3CHttpResponseCodec.decode(W3CHttpResponseCodec.java:122)
	at org.openqa.selenium.remote.http.W3CHttpResponseCodec.decode(W3CHttpResponseCodec.java:49)
	at org.openqa.selenium.remote.HttpCommandExecutor.execute(HttpCommandExecutor.java:158)
	at org.openqa.selenium.remote.service.DriverCommandExecutor.execute(DriverCommandExecutor.java:83)
	at org.openqa.selenium.remote.RemoteWebDriver.execute(RemoteWebDriver.java:552)
	at org.openqa.selenium.remote.RemoteWebElement.execute(RemoteWebElement.java:285)
	at org.openqa.selenium.remote.RemoteWebElement.click(RemoteWebElement.java:84)
	at org.openqa.selenium.support.pagefactory.internal.LocatingElementHandler.invoke(LocatingElementHandler.java:51)
	at com.sun.proxy.$Proxy16.click(Unknown Source)
	at com.tetherfi.pages.TmacTransferListPage.gettable(TmacTransferListPage.java:942)
	at com.tetherfi.pages.TmacTransferListPage.verifyDatabase(TmacTransferListPage.java:895)
	at com.tetherfi.test.tmac.TmacTransferListTest.database(TmacTransferListTest.java:322)
	at java.base/java.util.ArrayList.forEach(Unknown Source)
... Removed 34 stack frames</pre></div><a href='#' onClick='toggleBox("stack-trace225658250", this, "Click to show all stack frames", "Click to hide stack frames")'>Click to show all stack frames</a>
<div class='stack-trace' id='stack-trace225658250'><pre>org.openqa.selenium.ElementClickInterceptedException: element click intercepted: Element &lt;span class=&quot;k-icon k-i-arrow-60-right&quot;&gt;&lt;/span&gt; is not clickable at point (135, 552). Other element would receive the click: &lt;div class=&quot;theme-color&quot;&gt;...&lt;/div&gt;
  (Session info: chrome=78.0.3904.97)
Build info: version: &apos;3.141.59&apos;, revision: &apos;e82be7d358&apos;, time: &apos;2018-11-14T08:17:03&apos;
System info: host: &apos;DESKTOP-O6A5C2O&apos;, ip: &apos;10.0.75.1&apos;, os.name: &apos;Windows 10&apos;, os.arch: &apos;amd64&apos;, os.version: &apos;10.0&apos;, java.version: &apos;9.0.4&apos;
Driver info: org.openqa.selenium.chrome.ChromeDriver
Capabilities {acceptInsecureCerts: false, browserName: chrome, browserVersion: 78.0.3904.97, chrome: {chromedriverVersion: 78.0.3904.70 (edb9c9f3de024..., userDataDir: C:\Users\admin\AppData\Loca...}, goog:chromeOptions: {debuggerAddress: localhost:59382}, javascriptEnabled: true, networkConnectionEnabled: false, pageLoadStrategy: normal, platform: XP, platformName: XP, proxy: Proxy(), setWindowRect: true, strictFileInteractability: false, timeouts: {implicit: 0, pageLoad: 300000, script: 30000}, unhandledPromptBehavior: dismiss and notify}
Session ID: 7d1352031a3b866f87d581d8cc51a28c
	at java.base/jdk.internal.reflect.NativeConstructorAccessorImpl.newInstance0(Native Method)
	at java.base/jdk.internal.reflect.NativeConstructorAccessorImpl.newInstance(Unknown Source)
	at java.base/jdk.internal.reflect.DelegatingConstructorAccessorImpl.newInstance(Unknown Source)
	at java.base/java.lang.reflect.Constructor.newInstance(Unknown Source)
	at org.openqa.selenium.remote.http.W3CHttpResponseCodec.createException(W3CHttpResponseCodec.java:187)
	at org.openqa.selenium.remote.http.W3CHttpResponseCodec.decode(W3CHttpResponseCodec.java:122)
	at org.openqa.selenium.remote.http.W3CHttpResponseCodec.decode(W3CHttpResponseCodec.java:49)
	at org.openqa.selenium.remote.HttpCommandExecutor.execute(HttpCommandExecutor.java:158)
	at org.openqa.selenium.remote.service.DriverCommandExecutor.execute(DriverCommandExecutor.java:83)
	at org.openqa.selenium.remote.RemoteWebDriver.execute(RemoteWebDriver.java:552)
	at org.openqa.selenium.remote.RemoteWebElement.execute(RemoteWebElement.java:285)
	at org.openqa.selenium.remote.RemoteWebElement.click(RemoteWebElement.java:84)
	at jdk.internal.reflect.GeneratedMethodAccessor5.invoke(Unknown Source)
	at java.base/jdk.internal.reflect.DelegatingMethodAccessorImpl.invoke(Unknown Source)
	at java.base/java.lang.reflect.Method.invoke(Unknown Source)
	at org.openqa.selenium.support.pagefactory.internal.LocatingElementHandler.invoke(LocatingElementHandler.java:51)
	at com.sun.proxy.$Proxy16.click(Unknown Source)
	at com.tetherfi.pages.TmacTransferListPage.gettable(TmacTransferListPage.java:942)
	at com.tetherfi.pages.TmacTransferListPage.verifyDatabase(TmacTransferListPage.java:895)
	at com.tetherfi.test.tmac.TmacTransferListTest.database(TmacTransferListTest.java:322)
	at java.base/jdk.internal.reflect.NativeMethodAccessorImpl.invoke0(Native Method)
	at java.base/jdk.internal.reflect.NativeMethodAccessorImpl.invoke(Unknown Source)
	at java.base/jdk.internal.reflect.DelegatingMethodAccessorImpl.invoke(Unknown Source)
	at java.base/java.lang.reflect.Method.invoke(Unknown Source)
	at org.testng.internal.MethodInvocationHelper.invokeMethod(MethodInvocationHelper.java:133)
	at org.testng.internal.TestInvoker.invokeMethod(TestInvoker.java:584)
	at org.testng.internal.TestInvoker.invokeTestMethod(TestInvoker.java:172)
	at org.testng.internal.MethodRunner.runInSequence(MethodRunner.java:46)
	at org.testng.internal.TestInvoker$MethodInvocationAgent.invoke(TestInvoker.java:804)
	at org.testng.internal.TestInvoker.invokeTestMethods(TestInvoker.java:145)
	at org.testng.internal.TestMethodWorker.invokeTestMethods(TestMethodWorker.java:146)
	at org.testng.internal.TestMethodWorker.run(TestMethodWorker.java:128)
	at java.base/java.util.ArrayList.forEach(Unknown Source)
	at org.testng.TestRunner.privateRun(TestRunner.java:770)
	at org.testng.TestRunner.run(TestRunner.java:591)
	at org.testng.SuiteRunner.runTest(SuiteRunner.java:402)
	at org.testng.SuiteRunner.runSequentially(SuiteRunner.java:396)
	at org.testng.SuiteRunner.privateRun(SuiteRunner.java:355)
	at org.testng.SuiteRunner.run(SuiteRunner.java:304)
	at org.testng.SuiteRunnerWorker.runSuite(SuiteRunnerWorker.java:53)
	at org.testng.SuiteRunnerWorker.run(SuiteRunnerWorker.java:96)
	at org.testng.TestNG.runSuitesSequentially(TestNG.java:1180)
	at org.testng.TestNG.runSuitesLocally(TestNG.java:1102)
	at org.testng.TestNG.runSuites(TestNG.java:1032)
	at org.testng.TestNG.run(TestNG.java:1000)
	at org.testng.remote.AbstractRemoteTestNG.run(AbstractRemoteTestNG.java:115)
	at org.testng.remote.RemoteTestNG.initAndRun(RemoteTestNG.java:251)
	at org.testng.remote.RemoteTestNG.main(RemoteTestNG.java:77)
</pre></div></td>
<td>2</td>
<td>com.tetherfi.test.tmac.TmacTransferListTest@158e9f6e</td></tr>
<tr>
<td title='com.tetherfi.test.tmac.TmacTransferListTest.databaseBlindTrans()'><b>databaseBlindTrans</b><br>Test class: com.tetherfi.test.tmac.TmacTransferListTest<br/>
<a href="#Output-1644853715" onClick='toggleBox("Output-1644853715", this, "Show output", "Hide output");'>Show output</a>

<a href="#Output-1644853715" onClick="toggleAllBoxes();">Show all outputs</a>
<div class='log' id="Output-1644853715">
Test Case <b style="color:red;" "font-size:25px;">FAILED</b>
<br/>
<img src="Screenshot\databaseBlindTrans.jpg" alt="Image Not Found"/><br /><br/>
</div>
</td>
<td><div><pre>java.lang.ArrayIndexOutOfBoundsException: 1
	at com.tetherfi.pages.TmacTransferListPage.gettableBlindTrans(TmacTransferListPage.java:948)
	at com.tetherfi.pages.TmacTransferListPage.verifyDatabaseBlindTrans(TmacTransferListPage.java:906)
	at com.tetherfi.test.tmac.TmacTransferListTest.databaseBlindTrans(TmacTransferListTest.java:642)
	at java.base/java.util.ArrayList.forEach(Unknown Source)
... Removed 27 stack frames</pre></div><a href='#' onClick='toggleBox("stack-trace1644853715", this, "Click to show all stack frames", "Click to hide stack frames")'>Click to show all stack frames</a>
<div class='stack-trace' id='stack-trace1644853715'><pre>java.lang.ArrayIndexOutOfBoundsException: 1
	at com.tetherfi.pages.TmacTransferListPage.gettableBlindTrans(TmacTransferListPage.java:948)
	at com.tetherfi.pages.TmacTransferListPage.verifyDatabaseBlindTrans(TmacTransferListPage.java:906)
	at com.tetherfi.test.tmac.TmacTransferListTest.databaseBlindTrans(TmacTransferListTest.java:642)
	at java.base/jdk.internal.reflect.NativeMethodAccessorImpl.invoke0(Native Method)
	at java.base/jdk.internal.reflect.NativeMethodAccessorImpl.invoke(Unknown Source)
	at java.base/jdk.internal.reflect.DelegatingMethodAccessorImpl.invoke(Unknown Source)
	at java.base/java.lang.reflect.Method.invoke(Unknown Source)
	at org.testng.internal.MethodInvocationHelper.invokeMethod(MethodInvocationHelper.java:133)
	at org.testng.internal.TestInvoker.invokeMethod(TestInvoker.java:584)
	at org.testng.internal.TestInvoker.invokeTestMethod(TestInvoker.java:172)
	at org.testng.internal.MethodRunner.runInSequence(MethodRunner.java:46)
	at org.testng.internal.TestInvoker$MethodInvocationAgent.invoke(TestInvoker.java:804)
	at org.testng.internal.TestInvoker.invokeTestMethods(TestInvoker.java:145)
	at org.testng.internal.TestMethodWorker.invokeTestMethods(TestMethodWorker.java:146)
	at org.testng.internal.TestMethodWorker.run(TestMethodWorker.java:128)
	at java.base/java.util.ArrayList.forEach(Unknown Source)
	at org.testng.TestRunner.privateRun(TestRunner.java:770)
	at org.testng.TestRunner.run(TestRunner.java:591)
	at org.testng.SuiteRunner.runTest(SuiteRunner.java:402)
	at org.testng.SuiteRunner.runSequentially(SuiteRunner.java:396)
	at org.testng.SuiteRunner.privateRun(SuiteRunner.java:355)
	at org.testng.SuiteRunner.run(SuiteRunner.java:304)
	at org.testng.SuiteRunnerWorker.runSuite(SuiteRunnerWorker.java:53)
	at org.testng.SuiteRunnerWorker.run(SuiteRunnerWorker.java:96)
	at org.testng.TestNG.runSuitesSequentially(TestNG.java:1180)
	at org.testng.TestNG.runSuitesLocally(TestNG.java:1102)
	at org.testng.TestNG.runSuites(TestNG.java:1032)
	at org.testng.TestNG.run(TestNG.java:1000)
	at org.testng.remote.AbstractRemoteTestNG.run(AbstractRemoteTestNG.java:115)
	at org.testng.remote.RemoteTestNG.initAndRun(RemoteTestNG.java:251)
	at org.testng.remote.RemoteTestNG.main(RemoteTestNG.java:77)
</pre></div></td>
<td>0</td>
<td>com.tetherfi.test.tmac.TmacTransferListTest@158e9f6e</td></tr>
</table><p>
<table width='100%' border='1' class='invocation-passed'>
<tr><td colspan='4' align='center'><b>PASSED TESTS</b></td></tr>
<tr><td><b>Test method</b></td>
<td width="30%"><b>Exception</b></td>
<td width="10%"><b>Time (seconds)</b></td>
<td><b>Instance</b></td>
</tr>
<tr>
<td title='com.tetherfi.test.tmac.TmacTransferListTest.DeleteNoReasonErrMsgTmacBlindTransferRecord()'><b>DeleteNoReasonErrMsgTmacBlindTransferRecord</b><br>Test class: com.tetherfi.test.tmac.TmacTransferListTest<br/>
<a href="#Output-1237865356" onClick='toggleBox("Output-1237865356", this, "Show output", "Hide output");'>Show output</a>

<a href="#Output-1237865356" onClick="toggleAllBoxes();">Show all outputs</a>
<div class='log' id="Output-1237865356">
Test Case <b style="color:green;" "font-size:25px;">Passed</b>
<br/>
<img src="Screenshot\DeleteNoReasonErrMsgTmacBlindTransferRecord.jpg" alt="Image Not Found"/><br /><br/>
</div>
</td>
<td></td>
<td>5</td>
<td>com.tetherfi.test.tmac.TmacTransferListTest@158e9f6e</td></tr>
<tr>
<td title='com.tetherfi.test.tmac.TmacTransferListTest.DeleteNoReasonErrMsgTmacConsultTransferRecord()'><b>DeleteNoReasonErrMsgTmacConsultTransferRecord</b><br>Test class: com.tetherfi.test.tmac.TmacTransferListTest<br/>
<a href="#Output-1064168241" onClick='toggleBox("Output-1064168241", this, "Show output", "Hide output");'>Show output</a>

<a href="#Output-1064168241" onClick="toggleAllBoxes();">Show all outputs</a>
<div class='log' id="Output-1064168241">
Test Case <b style="color:green;" "font-size:25px;">Passed</b>
<br/>
<img src="Screenshot\DeleteNoReasonErrMsgTmacConsultTransferRecord.jpg" alt="Image Not Found"/><br /><br/>
</div>
</td>
<td></td>
<td>4</td>
<td>com.tetherfi.test.tmac.TmacTransferListTest@158e9f6e</td></tr>
<tr>
<td title='com.tetherfi.test.tmac.TmacTransferListTest.DeleteNoReasonNoBtnTmacBlindTransferRecord()'><b>DeleteNoReasonNoBtnTmacBlindTransferRecord</b><br>Test class: com.tetherfi.test.tmac.TmacTransferListTest<br/>
<a href="#Output-869597131" onClick='toggleBox("Output-869597131", this, "Show output", "Hide output");'>Show output</a>

<a href="#Output-869597131" onClick="toggleAllBoxes();">Show all outputs</a>
<div class='log' id="Output-869597131">
Test Case <b style="color:green;" "font-size:25px;">Passed</b>
<br/>
<img src="Screenshot\DeleteNoReasonNoBtnTmacBlindTransferRecord.jpg" alt="Image Not Found"/><br /><br/>
</div>
</td>
<td></td>
<td>44</td>
<td>com.tetherfi.test.tmac.TmacTransferListTest@158e9f6e</td></tr>
<tr>
<td title='com.tetherfi.test.tmac.TmacTransferListTest.DeleteNoReasonNoBtnTmacConsultTransferRecord()'><b>DeleteNoReasonNoBtnTmacConsultTransferRecord</b><br>Test class: com.tetherfi.test.tmac.TmacTransferListTest<br/>
<a href="#Output-2051592499" onClick='toggleBox("Output-2051592499", this, "Show output", "Hide output");'>Show output</a>

<a href="#Output-2051592499" onClick="toggleAllBoxes();">Show all outputs</a>
<div class='log' id="Output-2051592499">
Test Case <b style="color:green;" "font-size:25px;">Passed</b>
<br/>
<img src="Screenshot\DeleteNoReasonNoBtnTmacConsultTransferRecord.jpg" alt="Image Not Found"/><br /><br/>
</div>
</td>
<td></td>
<td>44</td>
<td>com.tetherfi.test.tmac.TmacTransferListTest@158e9f6e</td></tr>
<tr>
<td title='com.tetherfi.test.tmac.TmacTransferListTest.DeleteTmacBlindTransferRecord()'><b>DeleteTmacBlindTransferRecord</b><br>Test class: com.tetherfi.test.tmac.TmacTransferListTest<br/>
<a href="#Output-469139185" onClick='toggleBox("Output-469139185", this, "Show output", "Hide output");'>Show output</a>

<a href="#Output-469139185" onClick="toggleAllBoxes();">Show all outputs</a>
<div class='log' id="Output-469139185">
Test Case <b style="color:green;" "font-size:25px;">Passed</b>
<br/>
<img src="Screenshot\DeleteTmacBlindTransferRecord.jpg" alt="Image Not Found"/><br /><br/>
</div>
</td>
<td></td>
<td>4</td>
<td>com.tetherfi.test.tmac.TmacTransferListTest@158e9f6e</td></tr>
<tr>
<td title='com.tetherfi.test.tmac.TmacTransferListTest.DeleteTmacBlindTransferRecord3()'><b>DeleteTmacBlindTransferRecord3</b><br>Test class: com.tetherfi.test.tmac.TmacTransferListTest<br/>
<a href="#Output-1661909501" onClick='toggleBox("Output-1661909501", this, "Show output", "Hide output");'>Show output</a>

<a href="#Output-1661909501" onClick="toggleAllBoxes();">Show all outputs</a>
<div class='log' id="Output-1661909501">
Test Case <b style="color:green;" "font-size:25px;">Passed</b>
<br/>
<img src="Screenshot\DeleteTmacBlindTransferRecord3.jpg" alt="Image Not Found"/><br /><br/>
</div>
</td>
<td></td>
<td>4</td>
<td>com.tetherfi.test.tmac.TmacTransferListTest@158e9f6e</td></tr>
<tr>
<td title='com.tetherfi.test.tmac.TmacTransferListTest.DeleteTmacConsultTransferRecord()'><b>DeleteTmacConsultTransferRecord</b><br>Test class: com.tetherfi.test.tmac.TmacTransferListTest<br/>
<a href="#Output-964895533" onClick='toggleBox("Output-964895533", this, "Show output", "Hide output");'>Show output</a>

<a href="#Output-964895533" onClick="toggleAllBoxes();">Show all outputs</a>
<div class='log' id="Output-964895533">
Test Case <b style="color:green;" "font-size:25px;">Passed</b>
<br/>
<img src="Screenshot\DeleteTmacConsultTransferRecord.jpg" alt="Image Not Found"/><br /><br/>
</div>
</td>
<td></td>
<td>4</td>
<td>com.tetherfi.test.tmac.TmacTransferListTest@158e9f6e</td></tr>
<tr>
<td title='com.tetherfi.test.tmac.TmacTransferListTest.DeleteTmacConsultTransferRecord2()'><b>DeleteTmacConsultTransferRecord2</b><br>Test class: com.tetherfi.test.tmac.TmacTransferListTest<br/>
<a href="#Output-1119895357" onClick='toggleBox("Output-1119895357", this, "Show output", "Hide output");'>Show output</a>

<a href="#Output-1119895357" onClick="toggleAllBoxes();">Show all outputs</a>
<div class='log' id="Output-1119895357">
Test Case <b style="color:green;" "font-size:25px;">Passed</b>
<br/>
<img src="Screenshot\DeleteTmacConsultTransferRecord2.jpg" alt="Image Not Found"/><br /><br/>
</div>
</td>
<td></td>
<td>3</td>
<td>com.tetherfi.test.tmac.TmacTransferListTest@158e9f6e</td></tr>
<tr>
<td title='com.tetherfi.test.tmac.TmacTransferListTest.EditAgtExtOnTmacConsultTransferRecord()'><b>EditAgtExtOnTmacConsultTransferRecord</b><br>Test class: com.tetherfi.test.tmac.TmacTransferListTest<br/>
<a href="#Output-1851336450" onClick='toggleBox("Output-1851336450", this, "Show output", "Hide output");'>Show output</a>

<a href="#Output-1851336450" onClick="toggleAllBoxes();">Show all outputs</a>
<div class='log' id="Output-1851336450">
Test Case <b style="color:green;" "font-size:25px;">Passed</b>
<br/>
<img src="Screenshot\EditAgtExtOnTmacConsultTransferRecord.jpg" alt="Image Not Found"/><br /><br/>
</div>
</td>
<td></td>
<td>6</td>
<td>com.tetherfi.test.tmac.TmacTransferListTest@158e9f6e</td></tr>
<tr>
<td title='com.tetherfi.test.tmac.TmacTransferListTest.EditAllOnTmacConsultTransferRecord()'><b>EditAllOnTmacConsultTransferRecord</b><br>Test class: com.tetherfi.test.tmac.TmacTransferListTest<br/>
<a href="#Output-1382553865" onClick='toggleBox("Output-1382553865", this, "Show output", "Hide output");'>Show output</a>

<a href="#Output-1382553865" onClick="toggleAllBoxes();">Show all outputs</a>
<div class='log' id="Output-1382553865">
Test Case <b style="color:green;" "font-size:25px;">Passed</b>
<br/>
<img src="Screenshot\EditAllOnTmacConsultTransferRecord.jpg" alt="Image Not Found"/><br /><br/>
</div>
</td>
<td></td>
<td>6</td>
<td>com.tetherfi.test.tmac.TmacTransferListTest@158e9f6e</td></tr>
<tr>
<td title='com.tetherfi.test.tmac.TmacTransferListTest.EditNameOnTmacConsultTransferRecord()'><b>EditNameOnTmacConsultTransferRecord</b><br>Test class: com.tetherfi.test.tmac.TmacTransferListTest<br/>
<a href="#Output-1664791916" onClick='toggleBox("Output-1664791916", this, "Show output", "Hide output");'>Show output</a>

<a href="#Output-1664791916" onClick="toggleAllBoxes();">Show all outputs</a>
<div class='log' id="Output-1664791916">
Test Case <b style="color:green;" "font-size:25px;">Passed</b>
<br/>
<img src="Screenshot\EditNameOnTmacConsultTransferRecord.jpg" alt="Image Not Found"/><br /><br/>
</div>
</td>
<td></td>
<td>6</td>
<td>com.tetherfi.test.tmac.TmacTransferListTest@158e9f6e</td></tr>
<tr>
<td title='com.tetherfi.test.tmac.TmacTransferListTest.EditTmacBlindTransferRecord()'><b>EditTmacBlindTransferRecord</b><br>Test class: com.tetherfi.test.tmac.TmacTransferListTest<br/>
<a href="#Output-89262202" onClick='toggleBox("Output-89262202", this, "Show output", "Hide output");'>Show output</a>

<a href="#Output-89262202" onClick="toggleAllBoxes();">Show all outputs</a>
<div class='log' id="Output-89262202">
Test Case <b style="color:green;" "font-size:25px;">Passed</b>
<br/>
<img src="Screenshot\EditTmacBlindTransferRecord.jpg" alt="Image Not Found"/><br /><br/>
</div>
</td>
<td></td>
<td>7</td>
<td>com.tetherfi.test.tmac.TmacTransferListTest@158e9f6e</td></tr>
<tr>
<td title='com.tetherfi.test.tmac.TmacTransferListTest.EditTypeOnTmacConsultTransferRecord()'><b>EditTypeOnTmacConsultTransferRecord</b><br>Test class: com.tetherfi.test.tmac.TmacTransferListTest<br/>
<a href="#Output-1190694945" onClick='toggleBox("Output-1190694945", this, "Show output", "Hide output");'>Show output</a>

<a href="#Output-1190694945" onClick="toggleAllBoxes();">Show all outputs</a>
<div class='log' id="Output-1190694945">
Test Case <b style="color:green;" "font-size:25px;">Passed</b>
<br/>
<img src="Screenshot\EditTypeOnTmacConsultTransferRecord.jpg" alt="Image Not Found"/><br /><br/>
</div>
</td>
<td></td>
<td>6</td>
<td>com.tetherfi.test.tmac.TmacTransferListTest@158e9f6e</td></tr>
<tr>
<td title='com.tetherfi.test.tmac.TmacTransferListTest.ExportToExcel()'><b>ExportToExcel</b><br>Test class: com.tetherfi.test.tmac.TmacTransferListTest<br/>
<a href="#Output-646661146" onClick='toggleBox("Output-646661146", this, "Show output", "Hide output");'>Show output</a>

<a href="#Output-646661146" onClick="toggleAllBoxes();">Show all outputs</a>
<div class='log' id="Output-646661146">
Test Case <b style="color:green;" "font-size:25px;">Passed</b>
<br/>
<img src="Screenshot\ExportToExcel.jpg" alt="Image Not Found"/><br /><br/>
</div>
</td>
<td></td>
<td>1</td>
<td>com.tetherfi.test.tmac.TmacTransferListTest@158e9f6e</td></tr>
<tr>
<td title='com.tetherfi.test.tmac.TmacTransferListTest.ExportToExcelBlindTrans()'><b>ExportToExcelBlindTrans</b><br>Test class: com.tetherfi.test.tmac.TmacTransferListTest<br/>
<a href="#Output-658491724" onClick='toggleBox("Output-658491724", this, "Show output", "Hide output");'>Show output</a>

<a href="#Output-658491724" onClick="toggleAllBoxes();">Show all outputs</a>
<div class='log' id="Output-658491724">
Test Case <b style="color:green;" "font-size:25px;">Passed</b>
<br/>
<img src="Screenshot\ExportToExcelBlindTrans.jpg" alt="Image Not Found"/><br /><br/>
</div>
</td>
<td></td>
<td>2</td>
<td>com.tetherfi.test.tmac.TmacTransferListTest@158e9f6e</td></tr>
<tr>
<td title='com.tetherfi.test.tmac.TmacTransferListTest.ExportToExcelDataBlindTrans()'><b>ExportToExcelDataBlindTrans</b><br>Test class: com.tetherfi.test.tmac.TmacTransferListTest<br/>
<a href="#Output-1511502793" onClick='toggleBox("Output-1511502793", this, "Show output", "Hide output");'>Show output</a>

<a href="#Output-1511502793" onClick="toggleAllBoxes();">Show all outputs</a>
<div class='log' id="Output-1511502793">
Test Case <b style="color:green;" "font-size:25px;">Passed</b>
<br/>
<img src="Screenshot\ExportToExcelDataBlindTrans.jpg" alt="Image Not Found"/><br /><br/>
</div>
</td>
<td></td>
<td>4</td>
<td>com.tetherfi.test.tmac.TmacTransferListTest@158e9f6e</td></tr>
<tr>
<td title='com.tetherfi.test.tmac.TmacTransferListTest.GroupBy()'><b>GroupBy</b><br>Test class: com.tetherfi.test.tmac.TmacTransferListTest<br/>
<a href="#Output-1616942573" onClick='toggleBox("Output-1616942573", this, "Show output", "Hide output");'>Show output</a>

<a href="#Output-1616942573" onClick="toggleAllBoxes();">Show all outputs</a>
<div class='log' id="Output-1616942573">
Test Case <b style="color:green;" "font-size:25px;">Passed</b>
<br/>
<img src="Screenshot\GroupBy.jpg" alt="Image Not Found"/><br /><br/>
</div>
</td>
<td></td>
<td>1</td>
<td>com.tetherfi.test.tmac.TmacTransferListTest@158e9f6e</td></tr>
<tr>
<td title='com.tetherfi.test.tmac.TmacTransferListTest.GroupByBlindTrans()'><b>GroupByBlindTrans</b><br>Test class: com.tetherfi.test.tmac.TmacTransferListTest<br/>
<a href="#Output-1509142689" onClick='toggleBox("Output-1509142689", this, "Show output", "Hide output");'>Show output</a>

<a href="#Output-1509142689" onClick="toggleAllBoxes();">Show all outputs</a>
<div class='log' id="Output-1509142689">
Test Case <b style="color:green;" "font-size:25px;">Passed</b>
<br/>
<img src="Screenshot\GroupByBlindTrans.jpg" alt="Image Not Found"/><br /><br/>
</div>
</td>
<td></td>
<td>2</td>
<td>com.tetherfi.test.tmac.TmacTransferListTest@158e9f6e</td></tr>
<tr>
<td title='com.tetherfi.test.tmac.TmacTransferListTest.VerifyAddBlindTransferPopUpContentDisplayed()'><b>VerifyAddBlindTransferPopUpContentDisplayed</b><br>Test class: com.tetherfi.test.tmac.TmacTransferListTest<br/>
<a href="#Output-1951367872" onClick='toggleBox("Output-1951367872", this, "Show output", "Hide output");'>Show output</a>

<a href="#Output-1951367872" onClick="toggleAllBoxes();">Show all outputs</a>
<div class='log' id="Output-1951367872">
Test Case <b style="color:green;" "font-size:25px;">Passed</b>
<br/>
<img src="Screenshot\VerifyAddBlindTransferPopUpContentDisplayed.jpg" alt="Image Not Found"/><br /><br/>
</div>
</td>
<td></td>
<td>2</td>
<td>com.tetherfi.test.tmac.TmacTransferListTest@158e9f6e</td></tr>
<tr>
<td title='com.tetherfi.test.tmac.TmacTransferListTest.VerifyAddConsultTransferPopUpContentDisplayed()'><b>VerifyAddConsultTransferPopUpContentDisplayed</b><br>Test class: com.tetherfi.test.tmac.TmacTransferListTest<br/>
<a href="#Output-1562353035" onClick='toggleBox("Output-1562353035", this, "Show output", "Hide output");'>Show output</a>

<a href="#Output-1562353035" onClick="toggleAllBoxes();">Show all outputs</a>
<div class='log' id="Output-1562353035">
Test Case <b style="color:green;" "font-size:25px;">Passed</b>
<br/>
<img src="Screenshot\VerifyAddConsultTransferPopUpContentDisplayed.jpg" alt="Image Not Found"/><br /><br/>
</div>
</td>
<td></td>
<td>2</td>
<td>com.tetherfi.test.tmac.TmacTransferListTest@158e9f6e</td></tr>
<tr>
<td title='com.tetherfi.test.tmac.TmacTransferListTest.VerifyAddNewBlindTransferButton()'><b>VerifyAddNewBlindTransferButton</b><br>Test class: com.tetherfi.test.tmac.TmacTransferListTest<br/>
<a href="#Output-1982493206" onClick='toggleBox("Output-1982493206", this, "Show output", "Hide output");'>Show output</a>

<a href="#Output-1982493206" onClick="toggleAllBoxes();">Show all outputs</a>
<div class='log' id="Output-1982493206">
Test Case <b style="color:green;" "font-size:25px;">Passed</b>
<br/>
<img src="Screenshot\VerifyAddNewBlindTransferButton.jpg" alt="Image Not Found"/><br /><br/>
</div>
</td>
<td></td>
<td>0</td>
<td>com.tetherfi.test.tmac.TmacTransferListTest@158e9f6e</td></tr>
<tr>
<td title='com.tetherfi.test.tmac.TmacTransferListTest.VerifyAddNewConsultTransferButton()'><b>VerifyAddNewConsultTransferButton</b><br>Test class: com.tetherfi.test.tmac.TmacTransferListTest<br/>
<a href="#Output-1801998243" onClick='toggleBox("Output-1801998243", this, "Show output", "Hide output");'>Show output</a>

<a href="#Output-1801998243" onClick="toggleAllBoxes();">Show all outputs</a>
<div class='log' id="Output-1801998243">
Test Case <b style="color:green;" "font-size:25px;">Passed</b>
<br/>
<img src="Screenshot\VerifyAddNewConsultTransferButton.jpg" alt="Image Not Found"/><br /><br/>
</div>
</td>
<td></td>
<td>0</td>
<td>com.tetherfi.test.tmac.TmacTransferListTest@158e9f6e</td></tr>
<tr>
<td title='com.tetherfi.test.tmac.TmacTransferListTest.VerifyCancelonNewBlindTransfer()'><b>VerifyCancelonNewBlindTransfer</b><br>Test class: com.tetherfi.test.tmac.TmacTransferListTest<br/>
<a href="#Output-446593959" onClick='toggleBox("Output-446593959", this, "Show output", "Hide output");'>Show output</a>

<a href="#Output-446593959" onClick="toggleAllBoxes();">Show all outputs</a>
<div class='log' id="Output-446593959">
Test Case <b style="color:green;" "font-size:25px;">Passed</b>
<br/>
<img src="Screenshot\VerifyCancelonNewBlindTransfer.jpg" alt="Image Not Found"/><br /><br/>
</div>
</td>
<td></td>
<td>6</td>
<td>com.tetherfi.test.tmac.TmacTransferListTest@158e9f6e</td></tr>
<tr>
<td title='com.tetherfi.test.tmac.TmacTransferListTest.VerifyCancelonNewConsulTransfer()'><b>VerifyCancelonNewConsulTransfer</b><br>Test class: com.tetherfi.test.tmac.TmacTransferListTest<br/>
<a href="#Output-255474978" onClick='toggleBox("Output-255474978", this, "Show output", "Hide output");'>Show output</a>

<a href="#Output-255474978" onClick="toggleAllBoxes();">Show all outputs</a>
<div class='log' id="Output-255474978">
Test Case <b style="color:green;" "font-size:25px;">Passed</b>
<br/>
<img src="Screenshot\VerifyCancelonNewConsulTransfer.jpg" alt="Image Not Found"/><br /><br/>
</div>
</td>
<td></td>
<td>3</td>
<td>com.tetherfi.test.tmac.TmacTransferListTest@158e9f6e</td></tr>
<tr>
<td title='com.tetherfi.test.tmac.TmacTransferListTest.VerifyErrMsgAgtExtBlank()'><b>VerifyErrMsgAgtExtBlank</b><br>Test class: com.tetherfi.test.tmac.TmacTransferListTest<br/>
<a href="#Output-1433528462" onClick='toggleBox("Output-1433528462", this, "Show output", "Hide output");'>Show output</a>

<a href="#Output-1433528462" onClick="toggleAllBoxes();">Show all outputs</a>
<div class='log' id="Output-1433528462">
Test Case <b style="color:green;" "font-size:25px;">Passed</b>
<br/>
<img src="Screenshot\VerifyErrMsgAgtExtBlank.jpg" alt="Image Not Found"/><br /><br/>
</div>
</td>
<td></td>
<td>5</td>
<td>com.tetherfi.test.tmac.TmacTransferListTest@158e9f6e</td></tr>
<tr>
<td title='com.tetherfi.test.tmac.TmacTransferListTest.VerifyErrMsgChannelNotSelected()'><b>VerifyErrMsgChannelNotSelected</b><br>Test class: com.tetherfi.test.tmac.TmacTransferListTest<br/>
<a href="#Output-238011253" onClick='toggleBox("Output-238011253", this, "Show output", "Hide output");'>Show output</a>

<a href="#Output-238011253" onClick="toggleAllBoxes();">Show all outputs</a>
<div class='log' id="Output-238011253">
Test Case <b style="color:green;" "font-size:25px;">Passed</b>
<br/>
<img src="Screenshot\VerifyErrMsgChannelNotSelected.jpg" alt="Image Not Found"/><br /><br/>
</div>
</td>
<td></td>
<td>4</td>
<td>com.tetherfi.test.tmac.TmacTransferListTest@158e9f6e</td></tr>
<tr>
<td title='com.tetherfi.test.tmac.TmacTransferListTest.VerifyErrMsgNameBlank()'><b>VerifyErrMsgNameBlank</b><br>Test class: com.tetherfi.test.tmac.TmacTransferListTest<br/>
<a href="#Output-1822747631" onClick='toggleBox("Output-1822747631", this, "Show output", "Hide output");'>Show output</a>

<a href="#Output-1822747631" onClick="toggleAllBoxes();">Show all outputs</a>
<div class='log' id="Output-1822747631">
Test Case <b style="color:green;" "font-size:25px;">Passed</b>
<br/>
<img src="Screenshot\VerifyErrMsgNameBlank.jpg" alt="Image Not Found"/><br /><br/>
</div>
</td>
<td></td>
<td>5</td>
<td>com.tetherfi.test.tmac.TmacTransferListTest@158e9f6e</td></tr>
<tr>
<td title='com.tetherfi.test.tmac.TmacTransferListTest.VerifyErrMsgNoData()'><b>VerifyErrMsgNoData</b><br>Test class: com.tetherfi.test.tmac.TmacTransferListTest<br/>
<a href="#Output-177869065" onClick='toggleBox("Output-177869065", this, "Show output", "Hide output");'>Show output</a>

<a href="#Output-177869065" onClick="toggleAllBoxes();">Show all outputs</a>
<div class='log' id="Output-177869065">
Test Case <b style="color:green;" "font-size:25px;">Passed</b>
<br/>
<img src="Screenshot\VerifyErrMsgNoData.jpg" alt="Image Not Found"/><br /><br/>
</div>
</td>
<td></td>
<td>4</td>
<td>com.tetherfi.test.tmac.TmacTransferListTest@158e9f6e</td></tr>
<tr>
<td title='com.tetherfi.test.tmac.TmacTransferListTest.VerifyErrMsgNoModReasonEditTmacBlindTransferRecord()'><b>VerifyErrMsgNoModReasonEditTmacBlindTransferRecord</b><br>Test class: com.tetherfi.test.tmac.TmacTransferListTest<br/>
<a href="#Output-77446124" onClick='toggleBox("Output-77446124", this, "Show output", "Hide output");'>Show output</a>

<a href="#Output-77446124" onClick="toggleAllBoxes();">Show all outputs</a>
<div class='log' id="Output-77446124">
Test Case <b style="color:green;" "font-size:25px;">Passed</b>
<br/>
<img src="Screenshot\VerifyErrMsgNoModReasonEditTmacBlindTransferRecord.jpg" alt="Image Not Found"/><br /><br/>
</div>
</td>
<td></td>
<td>7</td>
<td>com.tetherfi.test.tmac.TmacTransferListTest@158e9f6e</td></tr>
<tr>
<td title='com.tetherfi.test.tmac.TmacTransferListTest.VerifyErrMsgSkillNameNotSelected()'><b>VerifyErrMsgSkillNameNotSelected</b><br>Test class: com.tetherfi.test.tmac.TmacTransferListTest<br/>
<a href="#Output-1583573665" onClick='toggleBox("Output-1583573665", this, "Show output", "Hide output");'>Show output</a>

<a href="#Output-1583573665" onClick="toggleAllBoxes();">Show all outputs</a>
<div class='log' id="Output-1583573665">
Test Case <b style="color:green;" "font-size:25px;">Passed</b>
<br/>
<img src="Screenshot\VerifyErrMsgSkillNameNotSelected.jpg" alt="Image Not Found"/><br /><br/>
</div>
</td>
<td></td>
<td>5</td>
<td>com.tetherfi.test.tmac.TmacTransferListTest@158e9f6e</td></tr>
<tr>
<td title='com.tetherfi.test.tmac.TmacTransferListTest.VerifyErrMsgTypeNotSelected()'><b>VerifyErrMsgTypeNotSelected</b><br>Test class: com.tetherfi.test.tmac.TmacTransferListTest<br/>
<a href="#Output-870527392" onClick='toggleBox("Output-870527392", this, "Show output", "Hide output");'>Show output</a>

<a href="#Output-870527392" onClick="toggleAllBoxes();">Show all outputs</a>
<div class='log' id="Output-870527392">
Test Case <b style="color:green;" "font-size:25px;">Passed</b>
<br/>
<img src="Screenshot\VerifyErrMsgTypeNotSelected.jpg" alt="Image Not Found"/><br /><br/>
</div>
</td>
<td></td>
<td>4</td>
<td>com.tetherfi.test.tmac.TmacTransferListTest@158e9f6e</td></tr>
<tr>
<td title='com.tetherfi.test.tmac.TmacTransferListTest.VerifySearchContains()'><b>VerifySearchContains</b><br>Test class: com.tetherfi.test.tmac.TmacTransferListTest<br/>
<a href="#Output-1492675791" onClick='toggleBox("Output-1492675791", this, "Show output", "Hide output");'>Show output</a>

<a href="#Output-1492675791" onClick="toggleAllBoxes();">Show all outputs</a>
<div class='log' id="Output-1492675791">
Test Case <b style="color:green;" "font-size:25px;">Passed</b>
<br/>
<img src="Screenshot\VerifySearchContains.jpg" alt="Image Not Found"/><br /><br/>
</div>
</td>
<td></td>
<td>3</td>
<td>com.tetherfi.test.tmac.TmacTransferListTest@158e9f6e</td></tr>
<tr>
<td title='com.tetherfi.test.tmac.TmacTransferListTest.VerifySearchDoesNotContains()'><b>VerifySearchDoesNotContains</b><br>Test class: com.tetherfi.test.tmac.TmacTransferListTest<br/>
<a href="#Output-447804114" onClick='toggleBox("Output-447804114", this, "Show output", "Hide output");'>Show output</a>

<a href="#Output-447804114" onClick="toggleAllBoxes();">Show all outputs</a>
<div class='log' id="Output-447804114">
Test Case <b style="color:green;" "font-size:25px;">Passed</b>
<br/>
<img src="Screenshot\VerifySearchDoesNotContains.jpg" alt="Image Not Found"/><br /><br/>
</div>
</td>
<td></td>
<td>4</td>
<td>com.tetherfi.test.tmac.TmacTransferListTest@158e9f6e</td></tr>
<tr>
<td title='com.tetherfi.test.tmac.TmacTransferListTest.VerifySearchEndsWith()'><b>VerifySearchEndsWith</b><br>Test class: com.tetherfi.test.tmac.TmacTransferListTest<br/>
<a href="#Output-1335484291" onClick='toggleBox("Output-1335484291", this, "Show output", "Hide output");'>Show output</a>

<a href="#Output-1335484291" onClick="toggleAllBoxes();">Show all outputs</a>
<div class='log' id="Output-1335484291">
Test Case <b style="color:green;" "font-size:25px;">Passed</b>
<br/>
<img src="Screenshot\VerifySearchEndsWith.jpg" alt="Image Not Found"/><br /><br/>
</div>
</td>
<td></td>
<td>3</td>
<td>com.tetherfi.test.tmac.TmacTransferListTest@158e9f6e</td></tr>
<tr>
<td title='com.tetherfi.test.tmac.TmacTransferListTest.VerifySearchIsNotEqualTo()'><b>VerifySearchIsNotEqualTo</b><br>Test class: com.tetherfi.test.tmac.TmacTransferListTest<br/>
<a href="#Output-193270934" onClick='toggleBox("Output-193270934", this, "Show output", "Hide output");'>Show output</a>

<a href="#Output-193270934" onClick="toggleAllBoxes();">Show all outputs</a>
<div class='log' id="Output-193270934">
Test Case <b style="color:green;" "font-size:25px;">Passed</b>
<br/>
<img src="Screenshot\VerifySearchIsNotEqualTo.jpg" alt="Image Not Found"/><br /><br/>
</div>
</td>
<td></td>
<td>5</td>
<td>com.tetherfi.test.tmac.TmacTransferListTest@158e9f6e</td></tr>
<tr>
<td title='com.tetherfi.test.tmac.TmacTransferListTest.VerifySearchStartsWith()'><b>VerifySearchStartsWith</b><br>Test class: com.tetherfi.test.tmac.TmacTransferListTest<br/>
<a href="#Output-1915457105" onClick='toggleBox("Output-1915457105", this, "Show output", "Hide output");'>Show output</a>

<a href="#Output-1915457105" onClick="toggleAllBoxes();">Show all outputs</a>
<div class='log' id="Output-1915457105">
Test Case <b style="color:green;" "font-size:25px;">Passed</b>
<br/>
<img src="Screenshot\VerifySearchStartsWith.jpg" alt="Image Not Found"/><br /><br/>
</div>
</td>
<td></td>
<td>3</td>
<td>com.tetherfi.test.tmac.TmacTransferListTest@158e9f6e</td></tr>
<tr>
<td title='com.tetherfi.test.tmac.TmacTransferListTest.VerifyTmacBlindSearchContains()'><b>VerifyTmacBlindSearchContains</b><br>Test class: com.tetherfi.test.tmac.TmacTransferListTest<br/>
<a href="#Output-802175609" onClick='toggleBox("Output-802175609", this, "Show output", "Hide output");'>Show output</a>

<a href="#Output-802175609" onClick="toggleAllBoxes();">Show all outputs</a>
<div class='log' id="Output-802175609">
Test Case <b style="color:green;" "font-size:25px;">Passed</b>
<br/>
<img src="Screenshot\VerifyTmacBlindSearchContains.jpg" alt="Image Not Found"/><br /><br/>
</div>
</td>
<td></td>
<td>5</td>
<td>com.tetherfi.test.tmac.TmacTransferListTest@158e9f6e</td></tr>
<tr>
<td title='com.tetherfi.test.tmac.TmacTransferListTest.VerifyTmacBlindSearchDoesNotContains()'><b>VerifyTmacBlindSearchDoesNotContains</b><br>Test class: com.tetherfi.test.tmac.TmacTransferListTest<br/>
<a href="#Output-1722118100" onClick='toggleBox("Output-1722118100", this, "Show output", "Hide output");'>Show output</a>

<a href="#Output-1722118100" onClick="toggleAllBoxes();">Show all outputs</a>
<div class='log' id="Output-1722118100">
Test Case <b style="color:green;" "font-size:25px;">Passed</b>
<br/>
<img src="Screenshot\VerifyTmacBlindSearchDoesNotContains.jpg" alt="Image Not Found"/><br /><br/>
</div>
</td>
<td></td>
<td>3</td>
<td>com.tetherfi.test.tmac.TmacTransferListTest@158e9f6e</td></tr>
<tr>
<td title='com.tetherfi.test.tmac.TmacTransferListTest.VerifyTmacBlindSearchEndsWith()'><b>VerifyTmacBlindSearchEndsWith</b><br>Test class: com.tetherfi.test.tmac.TmacTransferListTest<br/>
<a href="#Output-4394456" onClick='toggleBox("Output-4394456", this, "Show output", "Hide output");'>Show output</a>

<a href="#Output-4394456" onClick="toggleAllBoxes();">Show all outputs</a>
<div class='log' id="Output-4394456">
Test Case <b style="color:green;" "font-size:25px;">Passed</b>
<br/>
<img src="Screenshot\VerifyTmacBlindSearchEndsWith.jpg" alt="Image Not Found"/><br /><br/>
</div>
</td>
<td></td>
<td>4</td>
<td>com.tetherfi.test.tmac.TmacTransferListTest@158e9f6e</td></tr>
<tr>
<td title='com.tetherfi.test.tmac.TmacTransferListTest.VerifyTmacBlindSearchIsNotEqualTo()'><b>VerifyTmacBlindSearchIsNotEqualTo</b><br>Test class: com.tetherfi.test.tmac.TmacTransferListTest<br/>
<a href="#Output-1422300948" onClick='toggleBox("Output-1422300948", this, "Show output", "Hide output");'>Show output</a>

<a href="#Output-1422300948" onClick="toggleAllBoxes();">Show all outputs</a>
<div class='log' id="Output-1422300948">
Test Case <b style="color:green;" "font-size:25px;">Passed</b>
<br/>
<img src="Screenshot\VerifyTmacBlindSearchIsNotEqualTo.jpg" alt="Image Not Found"/><br /><br/>
</div>
</td>
<td></td>
<td>5</td>
<td>com.tetherfi.test.tmac.TmacTransferListTest@158e9f6e</td></tr>
<tr>
<td title='com.tetherfi.test.tmac.TmacTransferListTest.VerifyTmacBlindSearchStartsWith()'><b>VerifyTmacBlindSearchStartsWith</b><br>Test class: com.tetherfi.test.tmac.TmacTransferListTest<br/>
<a href="#Output-260372402" onClick='toggleBox("Output-260372402", this, "Show output", "Hide output");'>Show output</a>

<a href="#Output-260372402" onClick="toggleAllBoxes();">Show all outputs</a>
<div class='log' id="Output-260372402">
Test Case <b style="color:green;" "font-size:25px;">Passed</b>
<br/>
<img src="Screenshot\VerifyTmacBlindSearchStartsWith.jpg" alt="Image Not Found"/><br /><br/>
</div>
</td>
<td></td>
<td>3</td>
<td>com.tetherfi.test.tmac.TmacTransferListTest@158e9f6e</td></tr>
<tr>
<td title='com.tetherfi.test.tmac.TmacTransferListTest.VerifyTmacBlindTransferTableHeaders()'><b>VerifyTmacBlindTransferTableHeaders</b><br>Test class: com.tetherfi.test.tmac.TmacTransferListTest<br/>
<a href="#Output-1749968159" onClick='toggleBox("Output-1749968159", this, "Show output", "Hide output");'>Show output</a>

<a href="#Output-1749968159" onClick="toggleAllBoxes();">Show all outputs</a>
<div class='log' id="Output-1749968159">
Test Case <b style="color:green;" "font-size:25px;">Passed</b>
<br/>
<img src="Screenshot\VerifyTmacBlindTransferTableHeaders.jpg" alt="Image Not Found"/><br /><br/>
</div>
</td>
<td></td>
<td>1</td>
<td>com.tetherfi.test.tmac.TmacTransferListTest@158e9f6e</td></tr>
<tr>
<td title='com.tetherfi.test.tmac.TmacTransferListTest.VerifyTmacConsultTransferTableHeaders()'><b>VerifyTmacConsultTransferTableHeaders</b><br>Test class: com.tetherfi.test.tmac.TmacTransferListTest<br/>
<a href="#Output-1176511234" onClick='toggleBox("Output-1176511234", this, "Show output", "Hide output");'>Show output</a>

<a href="#Output-1176511234" onClick="toggleAllBoxes();">Show all outputs</a>
<div class='log' id="Output-1176511234">
Test Case <b style="color:green;" "font-size:25px;">Passed</b>
<br/>
<img src="Screenshot\VerifyTmacConsultTransferTableHeaders.jpg" alt="Image Not Found"/><br /><br/>
</div>
</td>
<td></td>
<td>0</td>
<td>com.tetherfi.test.tmac.TmacTransferListTest@158e9f6e</td></tr>
<tr>
<td title='com.tetherfi.test.tmac.TmacTransferListTest.VerifyTmacTransferListModuleDisplay()'><b>VerifyTmacTransferListModuleDisplay</b><br>Test class: com.tetherfi.test.tmac.TmacTransferListTest<br/>
<a href="#Output-1918726346" onClick='toggleBox("Output-1918726346", this, "Show output", "Hide output");'>Show output</a>

<a href="#Output-1918726346" onClick="toggleAllBoxes();">Show all outputs</a>
<div class='log' id="Output-1918726346">
Test Case <b style="color:green;" "font-size:25px;">Passed</b>
<br/>
<img src="Screenshot\VerifyTmacTransferListModuleDisplay.jpg" alt="Image Not Found"/><br /><br/>
</div>
</td>
<td></td>
<td>0</td>
<td>com.tetherfi.test.tmac.TmacTransferListTest@158e9f6e</td></tr>
<tr>
<td title='com.tetherfi.test.tmac.TmacTransferListTest.fullScreenAndRestore()'><b>fullScreenAndRestore</b><br>Test class: com.tetherfi.test.tmac.TmacTransferListTest<br/>
<a href="#Output-1238672180" onClick='toggleBox("Output-1238672180", this, "Show output", "Hide output");'>Show output</a>

<a href="#Output-1238672180" onClick="toggleAllBoxes();">Show all outputs</a>
<div class='log' id="Output-1238672180">
Test Case <b style="color:green;" "font-size:25px;">Passed</b>
<br/>
<img src="Screenshot\fullScreenAndRestore.jpg" alt="Image Not Found"/><br /><br/>
</div>
</td>
<td></td>
<td>4</td>
<td>com.tetherfi.test.tmac.TmacTransferListTest@158e9f6e</td></tr>
<tr>
<td title='com.tetherfi.test.tmac.TmacTransferListTest.fullScreenAndRestoreBlindTrans()'><b>fullScreenAndRestoreBlindTrans</b><br>Test class: com.tetherfi.test.tmac.TmacTransferListTest<br/>
<a href="#Output-1185845192" onClick='toggleBox("Output-1185845192", this, "Show output", "Hide output");'>Show output</a>

<a href="#Output-1185845192" onClick="toggleAllBoxes();">Show all outputs</a>
<div class='log' id="Output-1185845192">
Test Case <b style="color:green;" "font-size:25px;">Passed</b>
<br/>
<img src="Screenshot\fullScreenAndRestoreBlindTrans.jpg" alt="Image Not Found"/><br /><br/>
</div>
</td>
<td></td>
<td>4</td>
<td>com.tetherfi.test.tmac.TmacTransferListTest@158e9f6e</td></tr>
</table><p>
<table width='100%' border='1' class='invocation-skipped'>
<tr><td colspan='4' align='center'><b>SKIPPED TESTS</b></td></tr>
<tr><td><b>Test method</b></td>
<td width="30%"><b>Exception</b></td>
<td width="10%"><b>Time (seconds)</b></td>
<td><b>Instance</b></td>
</tr>
<tr>
<td title='com.tetherfi.test.tmac.TmacTransferListTest.VerifyDupNameErrMsgOnEditConsulRecd()'><b>VerifyDupNameErrMsgOnEditConsulRecd</b><br>Test class: com.tetherfi.test.tmac.TmacTransferListTest</td>
<td><div><pre>java.lang.Throwable: Method TmacTransferListTest.VerifyDupNameErrMsgOnEditConsulRecd()[pri:12, instance:com.tetherfi.test.tmac.TmacTransferListTest@158e9f6e] depends on not successfully finished methods
	at java.base/java.util.ArrayList.forEach(Unknown Source)
... Removed 18 stack frames</pre></div><a href='#' onClick='toggleBox("stack-trace2131694249", this, "Click to show all stack frames", "Click to hide stack frames")'>Click to show all stack frames</a>
<div class='stack-trace' id='stack-trace2131694249'><pre>java.lang.Throwable: Method TmacTransferListTest.VerifyDupNameErrMsgOnEditConsulRecd()[pri:12, instance:com.tetherfi.test.tmac.TmacTransferListTest@158e9f6e] depends on not successfully finished methods
	at org.testng.internal.TestInvoker.invokeTestMethods(TestInvoker.java:99)
	at org.testng.internal.TestMethodWorker.invokeTestMethods(TestMethodWorker.java:146)
	at org.testng.internal.TestMethodWorker.run(TestMethodWorker.java:128)
	at java.base/java.util.ArrayList.forEach(Unknown Source)
	at org.testng.TestRunner.privateRun(TestRunner.java:770)
	at org.testng.TestRunner.run(TestRunner.java:591)
	at org.testng.SuiteRunner.runTest(SuiteRunner.java:402)
	at org.testng.SuiteRunner.runSequentially(SuiteRunner.java:396)
	at org.testng.SuiteRunner.privateRun(SuiteRunner.java:355)
	at org.testng.SuiteRunner.run(SuiteRunner.java:304)
	at org.testng.SuiteRunnerWorker.runSuite(SuiteRunnerWorker.java:53)
	at org.testng.SuiteRunnerWorker.run(SuiteRunnerWorker.java:96)
	at org.testng.TestNG.runSuitesSequentially(TestNG.java:1180)
	at org.testng.TestNG.runSuitesLocally(TestNG.java:1102)
	at org.testng.TestNG.runSuites(TestNG.java:1032)
	at org.testng.TestNG.run(TestNG.java:1000)
	at org.testng.remote.AbstractRemoteTestNG.run(AbstractRemoteTestNG.java:115)
	at org.testng.remote.RemoteTestNG.initAndRun(RemoteTestNG.java:251)
	at org.testng.remote.RemoteTestNG.main(RemoteTestNG.java:77)
</pre></div></td>
<td>0</td>
<td>com.tetherfi.test.tmac.TmacTransferListTest@158e9f6e</td></tr>
<tr>
<td title='com.tetherfi.test.tmac.TmacTransferListTest.VerifyDupValueErrMsgOnEditConsulRecd()'><b>VerifyDupValueErrMsgOnEditConsulRecd</b><br>Test class: com.tetherfi.test.tmac.TmacTransferListTest</td>
<td><div><pre>java.lang.Throwable: Method TmacTransferListTest.VerifyDupValueErrMsgOnEditConsulRecd()[pri:13, instance:com.tetherfi.test.tmac.TmacTransferListTest@158e9f6e] depends on not successfully finished methods
	at java.base/java.util.ArrayList.forEach(Unknown Source)
... Removed 18 stack frames</pre></div><a href='#' onClick='toggleBox("stack-trace47293631", this, "Click to show all stack frames", "Click to hide stack frames")'>Click to show all stack frames</a>
<div class='stack-trace' id='stack-trace47293631'><pre>java.lang.Throwable: Method TmacTransferListTest.VerifyDupValueErrMsgOnEditConsulRecd()[pri:13, instance:com.tetherfi.test.tmac.TmacTransferListTest@158e9f6e] depends on not successfully finished methods
	at org.testng.internal.TestInvoker.invokeTestMethods(TestInvoker.java:99)
	at org.testng.internal.TestMethodWorker.invokeTestMethods(TestMethodWorker.java:146)
	at org.testng.internal.TestMethodWorker.run(TestMethodWorker.java:128)
	at java.base/java.util.ArrayList.forEach(Unknown Source)
	at org.testng.TestRunner.privateRun(TestRunner.java:770)
	at org.testng.TestRunner.run(TestRunner.java:591)
	at org.testng.SuiteRunner.runTest(SuiteRunner.java:402)
	at org.testng.SuiteRunner.runSequentially(SuiteRunner.java:396)
	at org.testng.SuiteRunner.privateRun(SuiteRunner.java:355)
	at org.testng.SuiteRunner.run(SuiteRunner.java:304)
	at org.testng.SuiteRunnerWorker.runSuite(SuiteRunnerWorker.java:53)
	at org.testng.SuiteRunnerWorker.run(SuiteRunnerWorker.java:96)
	at org.testng.TestNG.runSuitesSequentially(TestNG.java:1180)
	at org.testng.TestNG.runSuitesLocally(TestNG.java:1102)
	at org.testng.TestNG.runSuites(TestNG.java:1032)
	at org.testng.TestNG.run(TestNG.java:1000)
	at org.testng.remote.AbstractRemoteTestNG.run(AbstractRemoteTestNG.java:115)
	at org.testng.remote.RemoteTestNG.initAndRun(RemoteTestNG.java:251)
	at org.testng.remote.RemoteTestNG.main(RemoteTestNG.java:77)
</pre></div></td>
<td>0</td>
<td>com.tetherfi.test.tmac.TmacTransferListTest@158e9f6e</td></tr>
<tr>
<td title='com.tetherfi.test.tmac.TmacTransferListTest.VerifyErrMsgDupSkillIdName()'><b>VerifyErrMsgDupSkillIdName</b><br>Test class: com.tetherfi.test.tmac.TmacTransferListTest</td>
<td><div><pre>java.lang.Throwable: Method TmacTransferListTest.VerifyErrMsgDupSkillIdName()[pri:43, instance:com.tetherfi.test.tmac.TmacTransferListTest@158e9f6e] depends on not successfully finished methods
	at java.base/java.util.ArrayList.forEach(Unknown Source)
... Removed 18 stack frames</pre></div><a href='#' onClick='toggleBox("stack-trace2077956376", this, "Click to show all stack frames", "Click to hide stack frames")'>Click to show all stack frames</a>
<div class='stack-trace' id='stack-trace2077956376'><pre>java.lang.Throwable: Method TmacTransferListTest.VerifyErrMsgDupSkillIdName()[pri:43, instance:com.tetherfi.test.tmac.TmacTransferListTest@158e9f6e] depends on not successfully finished methods
	at org.testng.internal.TestInvoker.invokeTestMethods(TestInvoker.java:99)
	at org.testng.internal.TestMethodWorker.invokeTestMethods(TestMethodWorker.java:146)
	at org.testng.internal.TestMethodWorker.run(TestMethodWorker.java:128)
	at java.base/java.util.ArrayList.forEach(Unknown Source)
	at org.testng.TestRunner.privateRun(TestRunner.java:770)
	at org.testng.TestRunner.run(TestRunner.java:591)
	at org.testng.SuiteRunner.runTest(SuiteRunner.java:402)
	at org.testng.SuiteRunner.runSequentially(SuiteRunner.java:396)
	at org.testng.SuiteRunner.privateRun(SuiteRunner.java:355)
	at org.testng.SuiteRunner.run(SuiteRunner.java:304)
	at org.testng.SuiteRunnerWorker.runSuite(SuiteRunnerWorker.java:53)
	at org.testng.SuiteRunnerWorker.run(SuiteRunnerWorker.java:96)
	at org.testng.TestNG.runSuitesSequentially(TestNG.java:1180)
	at org.testng.TestNG.runSuitesLocally(TestNG.java:1102)
	at org.testng.TestNG.runSuites(TestNG.java:1032)
	at org.testng.TestNG.run(TestNG.java:1000)
	at org.testng.remote.AbstractRemoteTestNG.run(AbstractRemoteTestNG.java:115)
	at org.testng.remote.RemoteTestNG.initAndRun(RemoteTestNG.java:251)
	at org.testng.remote.RemoteTestNG.main(RemoteTestNG.java:77)
</pre></div></td>
<td>0</td>
<td>com.tetherfi.test.tmac.TmacTransferListTest@158e9f6e</td></tr>
<tr>
<td title='com.tetherfi.test.tmac.TmacTransferListTest.VerifyErrMsgDupSkillIdNameVdn()'><b>VerifyErrMsgDupSkillIdNameVdn</b><br>Test class: com.tetherfi.test.tmac.TmacTransferListTest</td>
<td><div><pre>java.lang.Throwable: Method TmacTransferListTest.VerifyErrMsgDupSkillIdNameVdn()[pri:42, instance:com.tetherfi.test.tmac.TmacTransferListTest@158e9f6e] depends on not successfully finished methods
	at java.base/java.util.ArrayList.forEach(Unknown Source)
... Removed 18 stack frames</pre></div><a href='#' onClick='toggleBox("stack-trace1451664203", this, "Click to show all stack frames", "Click to hide stack frames")'>Click to show all stack frames</a>
<div class='stack-trace' id='stack-trace1451664203'><pre>java.lang.Throwable: Method TmacTransferListTest.VerifyErrMsgDupSkillIdNameVdn()[pri:42, instance:com.tetherfi.test.tmac.TmacTransferListTest@158e9f6e] depends on not successfully finished methods
	at org.testng.internal.TestInvoker.invokeTestMethods(TestInvoker.java:99)
	at org.testng.internal.TestMethodWorker.invokeTestMethods(TestMethodWorker.java:146)
	at org.testng.internal.TestMethodWorker.run(TestMethodWorker.java:128)
	at java.base/java.util.ArrayList.forEach(Unknown Source)
	at org.testng.TestRunner.privateRun(TestRunner.java:770)
	at org.testng.TestRunner.run(TestRunner.java:591)
	at org.testng.SuiteRunner.runTest(SuiteRunner.java:402)
	at org.testng.SuiteRunner.runSequentially(SuiteRunner.java:396)
	at org.testng.SuiteRunner.privateRun(SuiteRunner.java:355)
	at org.testng.SuiteRunner.run(SuiteRunner.java:304)
	at org.testng.SuiteRunnerWorker.runSuite(SuiteRunnerWorker.java:53)
	at org.testng.SuiteRunnerWorker.run(SuiteRunnerWorker.java:96)
	at org.testng.TestNG.runSuitesSequentially(TestNG.java:1180)
	at org.testng.TestNG.runSuitesLocally(TestNG.java:1102)
	at org.testng.TestNG.runSuites(TestNG.java:1032)
	at org.testng.TestNG.run(TestNG.java:1000)
	at org.testng.remote.AbstractRemoteTestNG.run(AbstractRemoteTestNG.java:115)
	at org.testng.remote.RemoteTestNG.initAndRun(RemoteTestNG.java:251)
	at org.testng.remote.RemoteTestNG.main(RemoteTestNG.java:77)
</pre></div></td>
<td>0</td>
<td>com.tetherfi.test.tmac.TmacTransferListTest@158e9f6e</td></tr>
<tr>
<td title='com.tetherfi.test.tmac.TmacTransferListTest.VerifyNoModReasonErrMsgOnEditConsulRecd()'><b>VerifyNoModReasonErrMsgOnEditConsulRecd</b><br>Test class: com.tetherfi.test.tmac.TmacTransferListTest</td>
<td><div><pre>java.lang.Throwable: Method TmacTransferListTest.VerifyNoModReasonErrMsgOnEditConsulRecd()[pri:14, instance:com.tetherfi.test.tmac.TmacTransferListTest@158e9f6e] depends on not successfully finished methods
	at java.base/java.util.ArrayList.forEach(Unknown Source)
... Removed 18 stack frames</pre></div><a href='#' onClick='toggleBox("stack-trace1300272997", this, "Click to show all stack frames", "Click to hide stack frames")'>Click to show all stack frames</a>
<div class='stack-trace' id='stack-trace1300272997'><pre>java.lang.Throwable: Method TmacTransferListTest.VerifyNoModReasonErrMsgOnEditConsulRecd()[pri:14, instance:com.tetherfi.test.tmac.TmacTransferListTest@158e9f6e] depends on not successfully finished methods
	at org.testng.internal.TestInvoker.invokeTestMethods(TestInvoker.java:99)
	at org.testng.internal.TestMethodWorker.invokeTestMethods(TestMethodWorker.java:146)
	at org.testng.internal.TestMethodWorker.run(TestMethodWorker.java:128)
	at java.base/java.util.ArrayList.forEach(Unknown Source)
	at org.testng.TestRunner.privateRun(TestRunner.java:770)
	at org.testng.TestRunner.run(TestRunner.java:591)
	at org.testng.SuiteRunner.runTest(SuiteRunner.java:402)
	at org.testng.SuiteRunner.runSequentially(SuiteRunner.java:396)
	at org.testng.SuiteRunner.privateRun(SuiteRunner.java:355)
	at org.testng.SuiteRunner.run(SuiteRunner.java:304)
	at org.testng.SuiteRunnerWorker.runSuite(SuiteRunnerWorker.java:53)
	at org.testng.SuiteRunnerWorker.run(SuiteRunnerWorker.java:96)
	at org.testng.TestNG.runSuitesSequentially(TestNG.java:1180)
	at org.testng.TestNG.runSuitesLocally(TestNG.java:1102)
	at org.testng.TestNG.runSuites(TestNG.java:1032)
	at org.testng.TestNG.run(TestNG.java:1000)
	at org.testng.remote.AbstractRemoteTestNG.run(AbstractRemoteTestNG.java:115)
	at org.testng.remote.RemoteTestNG.initAndRun(RemoteTestNG.java:251)
	at org.testng.remote.RemoteTestNG.main(RemoteTestNG.java:77)
</pre></div></td>
<td>0</td>
<td>com.tetherfi.test.tmac.TmacTransferListTest@158e9f6e</td></tr>
<tr>
<td title='com.tetherfi.test.tmac.TmacTransferListTest.VerifyRecdBlindTransDiffVDN()'><b>VerifyRecdBlindTransDiffVDN</b><br>Test class: com.tetherfi.test.tmac.TmacTransferListTest</td>
<td><div><pre>java.lang.Throwable: Method TmacTransferListTest.VerifyRecdBlindTransDiffVDN()[pri:45, instance:com.tetherfi.test.tmac.TmacTransferListTest@158e9f6e] depends on not successfully finished methods
	at java.base/java.util.ArrayList.forEach(Unknown Source)
... Removed 18 stack frames</pre></div><a href='#' onClick='toggleBox("stack-trace829689913", this, "Click to show all stack frames", "Click to hide stack frames")'>Click to show all stack frames</a>
<div class='stack-trace' id='stack-trace829689913'><pre>java.lang.Throwable: Method TmacTransferListTest.VerifyRecdBlindTransDiffVDN()[pri:45, instance:com.tetherfi.test.tmac.TmacTransferListTest@158e9f6e] depends on not successfully finished methods
	at org.testng.internal.TestInvoker.invokeTestMethods(TestInvoker.java:99)
	at org.testng.internal.TestMethodWorker.invokeTestMethods(TestMethodWorker.java:146)
	at org.testng.internal.TestMethodWorker.run(TestMethodWorker.java:128)
	at java.base/java.util.ArrayList.forEach(Unknown Source)
	at org.testng.TestRunner.privateRun(TestRunner.java:770)
	at org.testng.TestRunner.run(TestRunner.java:591)
	at org.testng.SuiteRunner.runTest(SuiteRunner.java:402)
	at org.testng.SuiteRunner.runSequentially(SuiteRunner.java:396)
	at org.testng.SuiteRunner.privateRun(SuiteRunner.java:355)
	at org.testng.SuiteRunner.run(SuiteRunner.java:304)
	at org.testng.SuiteRunnerWorker.runSuite(SuiteRunnerWorker.java:53)
	at org.testng.SuiteRunnerWorker.run(SuiteRunnerWorker.java:96)
	at org.testng.TestNG.runSuitesSequentially(TestNG.java:1180)
	at org.testng.TestNG.runSuitesLocally(TestNG.java:1102)
	at org.testng.TestNG.runSuites(TestNG.java:1032)
	at org.testng.TestNG.run(TestNG.java:1000)
	at org.testng.remote.AbstractRemoteTestNG.run(AbstractRemoteTestNG.java:115)
	at org.testng.remote.RemoteTestNG.initAndRun(RemoteTestNG.java:251)
	at org.testng.remote.RemoteTestNG.main(RemoteTestNG.java:77)
</pre></div></td>
<td>0</td>
<td>com.tetherfi.test.tmac.TmacTransferListTest@158e9f6e</td></tr>
<tr>
<td title='com.tetherfi.test.tmac.TmacTransferListTest.VerifyRecdBlindTransDupVDN()'><b>VerifyRecdBlindTransDupVDN</b><br>Test class: com.tetherfi.test.tmac.TmacTransferListTest</td>
<td><div><pre>java.lang.Throwable: Method TmacTransferListTest.VerifyRecdBlindTransDupVDN()[pri:44, instance:com.tetherfi.test.tmac.TmacTransferListTest@158e9f6e] depends on not successfully finished methods
	at java.base/java.util.ArrayList.forEach(Unknown Source)
... Removed 18 stack frames</pre></div><a href='#' onClick='toggleBox("stack-trace1925118932", this, "Click to show all stack frames", "Click to hide stack frames")'>Click to show all stack frames</a>
<div class='stack-trace' id='stack-trace1925118932'><pre>java.lang.Throwable: Method TmacTransferListTest.VerifyRecdBlindTransDupVDN()[pri:44, instance:com.tetherfi.test.tmac.TmacTransferListTest@158e9f6e] depends on not successfully finished methods
	at org.testng.internal.TestInvoker.invokeTestMethods(TestInvoker.java:99)
	at org.testng.internal.TestMethodWorker.invokeTestMethods(TestMethodWorker.java:146)
	at org.testng.internal.TestMethodWorker.run(TestMethodWorker.java:128)
	at java.base/java.util.ArrayList.forEach(Unknown Source)
	at org.testng.TestRunner.privateRun(TestRunner.java:770)
	at org.testng.TestRunner.run(TestRunner.java:591)
	at org.testng.SuiteRunner.runTest(SuiteRunner.java:402)
	at org.testng.SuiteRunner.runSequentially(SuiteRunner.java:396)
	at org.testng.SuiteRunner.privateRun(SuiteRunner.java:355)
	at org.testng.SuiteRunner.run(SuiteRunner.java:304)
	at org.testng.SuiteRunnerWorker.runSuite(SuiteRunnerWorker.java:53)
	at org.testng.SuiteRunnerWorker.run(SuiteRunnerWorker.java:96)
	at org.testng.TestNG.runSuitesSequentially(TestNG.java:1180)
	at org.testng.TestNG.runSuitesLocally(TestNG.java:1102)
	at org.testng.TestNG.runSuites(TestNG.java:1032)
	at org.testng.TestNG.run(TestNG.java:1000)
	at org.testng.remote.AbstractRemoteTestNG.run(AbstractRemoteTestNG.java:115)
	at org.testng.remote.RemoteTestNG.initAndRun(RemoteTestNG.java:251)
	at org.testng.remote.RemoteTestNG.main(RemoteTestNG.java:77)
</pre></div></td>
<td>0</td>
<td>com.tetherfi.test.tmac.TmacTransferListTest@158e9f6e</td></tr>
</table><p>
</body>
</html>