<?xml version="1.0" encoding="UTF-8"?>
<!-- Generated by org.testng.reporters.JUnitXMLReporter -->
<testsuite ignored="0" hostname="DESKTOP-O6A5C2O" failures="3" tests="34" name="WaitTimeColorConfigTest" time="638.197" errors="0" timestamp="2020-03-17T00:12:13 IST">
  <testcase classname="com.tetherfi.test.tmac.WaitTimeColorConfigTest" name="WaitTimeColorConfigPage" time="0.698"/>
  <testcase classname="com.tetherfi.test.tmac.WaitTimeColorConfigTest" name="AddNewWaitTimeColorConfigCancelRecord" time="4.35"/>
  <testcase classname="com.tetherfi.test.tmac.WaitTimeColorConfigTest" name="AddNewWaitTimeColorConfigRecord" time="7.249"/>
  <testcase classname="com.tetherfi.test.tmac.WaitTimeColorConfigTest" name="VerifyAuditTrialReportForCreate" time="33.169"/>
  <testcase classname="com.tetherfi.test.tmac.WaitTimeColorConfigTest" name="AddRecordWithoutStartTime" time="4.358"/>
  <testcase classname="com.tetherfi.test.tmac.WaitTimeColorConfigTest" name="AddRecordWithoutEndTime" time="3.579"/>
  <testcase classname="com.tetherfi.test.tmac.WaitTimeColorConfigTest" name="AddRecordWithoutDuplicate" time="7.938"/>
  <testcase classname="com.tetherfi.test.tmac.WaitTimeColorConfigTest" name="VerifySearchIsNotEqualTo" time="15.806"/>
  <testcase classname="com.tetherfi.test.tmac.WaitTimeColorConfigTest" name="VerifySearchContains" time="8.706"/>
  <testcase classname="com.tetherfi.test.tmac.WaitTimeColorConfigTest" name="VerifySearchDoesNotContains" time="11.635"/>
  <testcase classname="com.tetherfi.test.tmac.WaitTimeColorConfigTest" name="VerifySearchStartsWith" time="8.186"/>
  <testcase classname="com.tetherfi.test.tmac.WaitTimeColorConfigTest" name="VerifySearchEndsWith" time="7.56"/>
  <testcase classname="com.tetherfi.test.tmac.WaitTimeColorConfigTest" name="EditWaitTimeColorConfigCancelRecord" time="9.833"/>
  <testcase classname="com.tetherfi.test.tmac.WaitTimeColorConfigTest" name="EditWaitTimeColorConfigRecord" time="11.103"/>
  <testcase classname="com.tetherfi.test.tmac.WaitTimeColorConfigTest" name="VerifyAuditTrialReportForUpdate" time="33.51"/>
  <testcase classname="com.tetherfi.test.tmac.WaitTimeColorConfigTest" name="searchPage" time="3.208">
    <failure type="org.openqa.selenium.StaleElementReferenceException" message="stale element reference: element is not attached to the page document
  (Session info: chrome=78.0.3904.70)
For documentation on this error, please visit: https://www.seleniumhq.org/exceptions/stale_element_reference.html
Build info: version: &amp;apos;3.141.59&amp;apos;, revision: &amp;apos;e82be7d358&amp;apos;, time: &amp;apos;2018-11-14T08:17:03&amp;apos;
System info: host: &amp;apos;DESKTOP-O6A5C2O&amp;apos;, ip: &amp;apos;10.0.75.1&amp;apos;, os.name: &amp;apos;Windows 10&amp;apos;, os.arch: &amp;apos;amd64&amp;apos;, os.version: &amp;apos;10.0&amp;apos;, java.version: &amp;apos;9.0.4&amp;apos;
Driver info: org.openqa.selenium.chrome.ChromeDriver
Capabilities {acceptInsecureCerts: false, browserName: chrome, browserVersion: 78.0.3904.70, chrome: {chromedriverVersion: 78.0.3904.105 (60e2d8774a81..., userDataDir: C:\Users\admin\AppData\Loca...}, goog:chromeOptions: {debuggerAddress: localhost:53865}, javascriptEnabled: true, networkConnectionEnabled: false, pageLoadStrategy: normal, platform: XP, platformName: XP, proxy: Proxy(), setWindowRect: true, strictFileInteractability: false, timeouts: {implicit: 0, pageLoad: 300000, script: 30000}, unhandledPromptBehavior: dismiss and notify}
Session ID: d41b9402fdd23254461ae9b70e1ffe9f">
      <![CDATA[org.openqa.selenium.StaleElementReferenceException: stale element reference: element is not attached to the page document
  (Session info: chrome=78.0.3904.70)
For documentation on this error, please visit: https://www.seleniumhq.org/exceptions/stale_element_reference.html
Build info: version: '3.141.59', revision: 'e82be7d358', time: '2018-11-14T08:17:03'
System info: host: 'DESKTOP-O6A5C2O', ip: '10.0.75.1', os.name: 'Windows 10', os.arch: 'amd64', os.version: '10.0', java.version: '9.0.4'
Driver info: org.openqa.selenium.chrome.ChromeDriver
Capabilities {acceptInsecureCerts: false, browserName: chrome, browserVersion: 78.0.3904.70, chrome: {chromedriverVersion: 78.0.3904.105 (60e2d8774a81..., userDataDir: C:\Users\admin\AppData\Loca...}, goog:chromeOptions: {debuggerAddress: localhost:53865}, javascriptEnabled: true, networkConnectionEnabled: false, pageLoadStrategy: normal, platform: XP, platformName: XP, proxy: Proxy(), setWindowRect: true, strictFileInteractability: false, timeouts: {implicit: 0, pageLoad: 300000, script: 30000}, unhandledPromptBehavior: dismiss and notify}
Session ID: d41b9402fdd23254461ae9b70e1ffe9f
at org.openqa.selenium.remote.http.W3CHttpResponseCodec.createException(W3CHttpResponseCodec.java:187)
at org.openqa.selenium.remote.http.W3CHttpResponseCodec.decode(W3CHttpResponseCodec.java:122)
at org.openqa.selenium.remote.http.W3CHttpResponseCodec.decode(W3CHttpResponseCodec.java:49)
at org.openqa.selenium.remote.HttpCommandExecutor.execute(HttpCommandExecutor.java:158)
at org.openqa.selenium.remote.service.DriverCommandExecutor.execute(DriverCommandExecutor.java:83)
at org.openqa.selenium.remote.RemoteWebDriver.execute(RemoteWebDriver.java:552)
at org.openqa.selenium.remote.RemoteWebElement.execute(RemoteWebElement.java:285)
at org.openqa.selenium.remote.RemoteWebElement.isDisplayed(RemoteWebElement.java:326)
at org.openqa.selenium.support.ui.ExpectedConditions.elementIfVisible(ExpectedConditions.java:314)
at org.openqa.selenium.support.ui.ExpectedConditions.access$000(ExpectedConditions.java:43)
at org.openqa.selenium.support.ui.ExpectedConditions$10.apply(ExpectedConditions.java:300)
at org.openqa.selenium.support.ui.ExpectedConditions$10.apply(ExpectedConditions.java:297)
at org.openqa.selenium.support.ui.FluentWait.until(FluentWait.java:249)
at com.tetherfi.pages.BasePage.waitUntilWebElementListIsVisible(BasePage.java:139)
at com.tetherfi.pages.BasePage.selectDropdownFromVisibleText(BasePage.java:335)
at com.tetherfi.pages.WaitTimeColorConfigPage.clearAll(WaitTimeColorConfigPage.java:593)
at com.tetherfi.test.tmac.WaitTimeColorConfigTest.searchPage(WaitTimeColorConfigTest.java:205)
at java.base/java.util.ArrayList.forEach(Unknown Source)
... Removed 31 stack frames]]>
    </failure>
  </testcase> <!-- searchPage -->
  <testcase classname="com.tetherfi.test.tmac.WaitTimeColorConfigTest" name="SearchClearSearch" time="6.764"/>
  <testcase classname="com.tetherfi.test.tmac.WaitTimeColorConfigTest" name="ExportToExcel" time="2.658"/>
  <testcase classname="com.tetherfi.test.tmac.WaitTimeColorConfigTest" name="ExportToExcelData" time="4.336"/>
  <testcase classname="com.tetherfi.test.tmac.WaitTimeColorConfigTest" name="DeleteCancelRecord" time="8.034"/>
  <testcase classname="com.tetherfi.test.tmac.WaitTimeColorConfigTest" name="DeleteRecord" time="12.538"/>
  <testcase classname="com.tetherfi.test.tmac.WaitTimeColorConfigTest" name="VerifyAuditTrialReportForDelete" time="30.449"/>
  <testcase classname="com.tetherfi.test.tmac.WaitTimeColorConfigTest" name="database" time="12.346"/>
  <testcase classname="com.tetherfi.test.tmac.WaitTimeColorConfigTest" name="GroupBy" time="1.626"/>
  <testcase classname="com.tetherfi.test.tmac.WaitTimeColorConfigTest" name="VerifyArrowMoveForPreviousAndNextPage" time="0.832">
    <failure type="org.openqa.selenium.ElementClickInterceptedException" message="element click intercepted: Element &amp;lt;a aria-label=&amp;quot;Go to the previous page&amp;quot; class=&amp;quot;k-link k-pager-nav k-state-disabled&amp;quot; data-page=&amp;quot;1&amp;quot; href=&amp;quot;#&amp;quot; title=&amp;quot;Go to the previous page&amp;quot; tabindex=&amp;quot;-1&amp;quot;&amp;gt;...&amp;lt;/a&amp;gt; is not clickable at point (70, 635). Other element would receive the click: &amp;lt;div class=&amp;quot;k-pager-wrap k-grid-pager k-widget k-floatwrap&amp;quot; data-role=&amp;quot;pager&amp;quot;&amp;gt;...&amp;lt;/div&amp;gt;
  (Session info: chrome=78.0.3904.70)
Build info: version: &amp;apos;3.141.59&amp;apos;, revision: &amp;apos;e82be7d358&amp;apos;, time: &amp;apos;2018-11-14T08:17:03&amp;apos;
System info: host: &amp;apos;DESKTOP-O6A5C2O&amp;apos;, ip: &amp;apos;10.0.75.1&amp;apos;, os.name: &amp;apos;Windows 10&amp;apos;, os.arch: &amp;apos;amd64&amp;apos;, os.version: &amp;apos;10.0&amp;apos;, java.version: &amp;apos;9.0.4&amp;apos;
Driver info: org.openqa.selenium.chrome.ChromeDriver
Capabilities {acceptInsecureCerts: false, browserName: chrome, browserVersion: 78.0.3904.70, chrome: {chromedriverVersion: 78.0.3904.105 (60e2d8774a81..., userDataDir: C:\Users\admin\AppData\Loca...}, goog:chromeOptions: {debuggerAddress: localhost:53865}, javascriptEnabled: true, networkConnectionEnabled: false, pageLoadStrategy: normal, platform: XP, platformName: XP, proxy: Proxy(), setWindowRect: true, strictFileInteractability: false, timeouts: {implicit: 0, pageLoad: 300000, script: 30000}, unhandledPromptBehavior: dismiss and notify}
Session ID: d41b9402fdd23254461ae9b70e1ffe9f">
      <![CDATA[org.openqa.selenium.ElementClickInterceptedException: element click intercepted: Element <a aria-label="Go to the previous page" class="k-link k-pager-nav k-state-disabled" data-page="1" href="#" title="Go to the previous page" tabindex="-1">...</a> is not clickable at point (70, 635). Other element would receive the click: <div class="k-pager-wrap k-grid-pager k-widget k-floatwrap" data-role="pager">...</div>
  (Session info: chrome=78.0.3904.70)
Build info: version: '3.141.59', revision: 'e82be7d358', time: '2018-11-14T08:17:03'
System info: host: 'DESKTOP-O6A5C2O', ip: '10.0.75.1', os.name: 'Windows 10', os.arch: 'amd64', os.version: '10.0', java.version: '9.0.4'
Driver info: org.openqa.selenium.chrome.ChromeDriver
Capabilities {acceptInsecureCerts: false, browserName: chrome, browserVersion: 78.0.3904.70, chrome: {chromedriverVersion: 78.0.3904.105 (60e2d8774a81..., userDataDir: C:\Users\admin\AppData\Loca...}, goog:chromeOptions: {debuggerAddress: localhost:53865}, javascriptEnabled: true, networkConnectionEnabled: false, pageLoadStrategy: normal, platform: XP, platformName: XP, proxy: Proxy(), setWindowRect: true, strictFileInteractability: false, timeouts: {implicit: 0, pageLoad: 300000, script: 30000}, unhandledPromptBehavior: dismiss and notify}
Session ID: d41b9402fdd23254461ae9b70e1ffe9f
at org.openqa.selenium.remote.http.W3CHttpResponseCodec.createException(W3CHttpResponseCodec.java:187)
at org.openqa.selenium.remote.http.W3CHttpResponseCodec.decode(W3CHttpResponseCodec.java:122)
at org.openqa.selenium.remote.http.W3CHttpResponseCodec.decode(W3CHttpResponseCodec.java:49)
at org.openqa.selenium.remote.HttpCommandExecutor.execute(HttpCommandExecutor.java:158)
at org.openqa.selenium.remote.service.DriverCommandExecutor.execute(DriverCommandExecutor.java:83)
at org.openqa.selenium.remote.RemoteWebDriver.execute(RemoteWebDriver.java:552)
at org.openqa.selenium.remote.RemoteWebElement.execute(RemoteWebElement.java:285)
at org.openqa.selenium.remote.RemoteWebElement.click(RemoteWebElement.java:84)
at org.openqa.selenium.support.pagefactory.internal.LocatingElementHandler.invoke(LocatingElementHandler.java:51)
at com.sun.proxy.$Proxy16.click(Unknown Source)
at com.tetherfi.pages.BasePage.selectWebElement(BasePage.java:202)
at com.tetherfi.pages.WaitTimeColorConfigPage.verifyArrowMoveForPreviousAndNextPage(WaitTimeColorConfigPage.java:744)
at com.tetherfi.test.tmac.WaitTimeColorConfigTest.VerifyArrowMoveForPreviousAndNextPage(WaitTimeColorConfigTest.java:291)
at java.base/java.util.ArrayList.forEach(Unknown Source)
... Removed 34 stack frames]]>
    </failure>
  </testcase> <!-- VerifyArrowMoveForPreviousAndNextPage -->
  <testcase classname="com.tetherfi.test.tmac.WaitTimeColorConfigTest" name="VerifyArrowMoveForFirstAndLastPage" time="1.064">
    <failure type="org.openqa.selenium.StaleElementReferenceException" message="stale element reference: element is not attached to the page document
  (Session info: chrome=78.0.3904.70)
For documentation on this error, please visit: https://www.seleniumhq.org/exceptions/stale_element_reference.html
Build info: version: &amp;apos;3.141.59&amp;apos;, revision: &amp;apos;e82be7d358&amp;apos;, time: &amp;apos;2018-11-14T08:17:03&amp;apos;
System info: host: &amp;apos;DESKTOP-O6A5C2O&amp;apos;, ip: &amp;apos;10.0.75.1&amp;apos;, os.name: &amp;apos;Windows 10&amp;apos;, os.arch: &amp;apos;amd64&amp;apos;, os.version: &amp;apos;10.0&amp;apos;, java.version: &amp;apos;9.0.4&amp;apos;
Driver info: org.openqa.selenium.chrome.ChromeDriver
Capabilities {acceptInsecureCerts: false, browserName: chrome, browserVersion: 78.0.3904.70, chrome: {chromedriverVersion: 78.0.3904.105 (60e2d8774a81..., userDataDir: C:\Users\admin\AppData\Loca...}, goog:chromeOptions: {debuggerAddress: localhost:53865}, javascriptEnabled: true, networkConnectionEnabled: false, pageLoadStrategy: normal, platform: XP, platformName: XP, proxy: Proxy(), setWindowRect: true, strictFileInteractability: false, timeouts: {implicit: 0, pageLoad: 300000, script: 30000}, unhandledPromptBehavior: dismiss and notify}
Session ID: d41b9402fdd23254461ae9b70e1ffe9f">
      <![CDATA[org.openqa.selenium.StaleElementReferenceException: stale element reference: element is not attached to the page document
  (Session info: chrome=78.0.3904.70)
For documentation on this error, please visit: https://www.seleniumhq.org/exceptions/stale_element_reference.html
Build info: version: '3.141.59', revision: 'e82be7d358', time: '2018-11-14T08:17:03'
System info: host: 'DESKTOP-O6A5C2O', ip: '10.0.75.1', os.name: 'Windows 10', os.arch: 'amd64', os.version: '10.0', java.version: '9.0.4'
Driver info: org.openqa.selenium.chrome.ChromeDriver
Capabilities {acceptInsecureCerts: false, browserName: chrome, browserVersion: 78.0.3904.70, chrome: {chromedriverVersion: 78.0.3904.105 (60e2d8774a81..., userDataDir: C:\Users\admin\AppData\Loca...}, goog:chromeOptions: {debuggerAddress: localhost:53865}, javascriptEnabled: true, networkConnectionEnabled: false, pageLoadStrategy: normal, platform: XP, platformName: XP, proxy: Proxy(), setWindowRect: true, strictFileInteractability: false, timeouts: {implicit: 0, pageLoad: 300000, script: 30000}, unhandledPromptBehavior: dismiss and notify}
Session ID: d41b9402fdd23254461ae9b70e1ffe9f
at org.openqa.selenium.remote.http.W3CHttpResponseCodec.createException(W3CHttpResponseCodec.java:187)
at org.openqa.selenium.remote.http.W3CHttpResponseCodec.decode(W3CHttpResponseCodec.java:122)
at org.openqa.selenium.remote.http.W3CHttpResponseCodec.decode(W3CHttpResponseCodec.java:49)
at org.openqa.selenium.remote.HttpCommandExecutor.execute(HttpCommandExecutor.java:158)
at org.openqa.selenium.remote.service.DriverCommandExecutor.execute(DriverCommandExecutor.java:83)
at org.openqa.selenium.remote.RemoteWebDriver.execute(RemoteWebDriver.java:552)
at org.openqa.selenium.remote.RemoteWebElement.execute(RemoteWebElement.java:285)
at org.openqa.selenium.remote.RemoteWebElement.getText(RemoteWebElement.java:166)
at org.openqa.selenium.support.pagefactory.internal.LocatingElementHandler.invoke(LocatingElementHandler.java:51)
at com.sun.proxy.$Proxy16.getText(Unknown Source)
at com.tetherfi.pages.BasePage.getTextFromWebElement(BasePage.java:281)
at com.tetherfi.pages.WaitTimeColorConfigPage.verifyArrowMoveForFirstAndLastPage(WaitTimeColorConfigPage.java:757)
at com.tetherfi.test.tmac.WaitTimeColorConfigTest.VerifyArrowMoveForFirstAndLastPage(WaitTimeColorConfigTest.java:297)
at java.base/java.util.ArrayList.forEach(Unknown Source)
... Removed 34 stack frames]]>
    </failure>
  </testcase> <!-- VerifyArrowMoveForFirstAndLastPage -->
  <testcase classname="com.tetherfi.test.tmac.WaitTimeColorConfigTest" name="VerifyTotalNumberOfItemsPerPageDetails" time="0.088"/>
  <testcase classname="com.tetherfi.test.tmac.WaitTimeColorConfigTest" name="VerifyNumberOfItemsPerPageSelection" time="14.236"/>
  <testcase classname="com.tetherfi.test.tmac.WaitTimeColorConfigTest" name="SortingByAscending" time="6.723"/>
  <testcase classname="com.tetherfi.test.tmac.WaitTimeColorConfigTest" name="SortingByDescending" time="7.677"/>
  <testcase classname="com.tetherfi.test.tmac.WaitTimeColorConfigTest" name="ExporttoExcelWithoutData" time="7.735"/>
  <testcase classname="com.tetherfi.test.tmac.WaitTimeColorConfigTest" name="VerifyDropdownForAllTheColumns" time="12.132"/>
  <testcase classname="com.tetherfi.test.tmac.WaitTimeColorConfigTest" name="VerifyColumnsHeaderEnable" time="6.765"/>
  <testcase classname="com.tetherfi.test.tmac.WaitTimeColorConfigTest" name="VerifyColumnsHeaderDisable" time="7.173"/>
</testsuite> <!-- WaitTimeColorConfigTest -->
