<html>
<head>
<title>TestNG:  Wait Time Color Config</title>
<link href="../testng.css" rel="stylesheet" type="text/css" />
<link href="../my-testng.css" rel="stylesheet" type="text/css" />

<style type="text/css">
.log { display: none;} 
.stack-trace { display: none;} 
</style>
<script type="text/javascript">
<!--
function flip(e) {
  current = e.style.display;
  if (current == 'block') {
    e.style.display = 'none';
    return 0;
  }
  else {
    e.style.display = 'block';
    return 1;
  }
}

function toggleBox(szDivId, elem, msg1, msg2)
{
  var res = -1;  if (document.getElementById) {
    res = flip(document.getElementById(szDivId));
  }
  else if (document.all) {
    // this is the way old msie versions work
    res = flip(document.all[szDivId]);
  }
  if(elem) {
    if(res == 0) elem.innerHTML = msg1; else elem.innerHTML = msg2;
  }

}

function toggleAllBoxes() {
  if (document.getElementsByTagName) {
    d = document.getElementsByTagName('div');
    for (i = 0; i < d.length; i++) {
      if (d[i].className == 'log') {
        flip(d[i]);
      }
    }
  }
}

// -->
</script>

</head>
<body>
<h2 align='center'>Wait Time Color Config</h2><table border='1' align="center">
<tr>
<td>Tests passed/Failed/Skipped:</td><td>24/10/0</td>
</tr><tr>
<td>Started on:</td><td>Mon Nov 11 12:11:59 IST 2019</td>
</tr>
<tr><td>Total time:</td><td>447 seconds (447063 ms)</td>
</tr><tr>
<td>Included groups:</td><td></td>
</tr><tr>
<td>Excluded groups:</td><td></td>
</tr>
</table><p/>
<small><i>(Hover the method name to see the test class name)</i></small><p/>
<table width='100%' border='1' class='invocation-failed'>
<tr><td colspan='4' align='center'><b>FAILED TESTS</b></td></tr>
<tr><td><b>Test method</b></td>
<td width="30%"><b>Exception</b></td>
<td width="10%"><b>Time (seconds)</b></td>
<td><b>Instance</b></td>
</tr>
<tr>
<td title='com.tetherfi.test.tmac.WaitTimeColorConfigTest.DeleteCancelRecord()'><b>DeleteCancelRecord</b><br>Test class: com.tetherfi.test.tmac.WaitTimeColorConfigTest<br/>
<a href="#Output-1770862626" onClick='toggleBox("Output-1770862626", this, "Show output", "Hide output");'>Show output</a>

<a href="#Output-1770862626" onClick="toggleAllBoxes();">Show all outputs</a>
<div class='log' id="Output-1770862626">
Test Case <b style="color:red;" "font-size:25px;">FAILED</b>
<br/>
<img src="Screenshot\DeleteCancelRecord.jpg" alt="Image Not Found"/><br /><br/>
</div>
</td>
<td><div><pre>org.openqa.selenium.ElementClickInterceptedException: element click intercepted: Element &lt;a role=&quot;button&quot; class=&quot;k-button k-button-icontext k-grid-CustomDelete&quot; style=&quot;width=10px;&quot; href=&quot;#&quot;&gt;...&lt;/a&gt; is not clickable at point (119, 212). Other element would receive the click: &lt;div class=&quot;modal inmodal show&quot; id=&quot;searchModel&quot; tabindex=&quot;-1&quot; role=&quot;dialog&quot; aria-modal=&quot;true&quot; style=&quot;display: block;&quot;&gt;...&lt;/div&gt;
  (Session info: chrome=78.0.3904.97)
Build info: version: &apos;3.141.59&apos;, revision: &apos;e82be7d358&apos;, time: &apos;2018-11-14T08:17:03&apos;
System info: host: &apos;DESKTOP-O6A5C2O&apos;, ip: &apos;10.0.75.1&apos;, os.name: &apos;Windows 10&apos;, os.arch: &apos;amd64&apos;, os.version: &apos;10.0&apos;, java.version: &apos;9.0.4&apos;
Driver info: org.openqa.selenium.chrome.ChromeDriver
Capabilities {acceptInsecureCerts: false, browserName: chrome, browserVersion: 78.0.3904.97, chrome: {chromedriverVersion: 78.0.3904.70 (edb9c9f3de024..., userDataDir: C:\Users\admin\AppData\Loca...}, goog:chromeOptions: {debuggerAddress: localhost:58565}, javascriptEnabled: true, networkConnectionEnabled: false, pageLoadStrategy: normal, platform: XP, platformName: XP, proxy: Proxy(), setWindowRect: true, strictFileInteractability: false, timeouts: {implicit: 0, pageLoad: 300000, script: 30000}, unhandledPromptBehavior: dismiss and notify}
Session ID: e1d0499598980e9e6bc561019c82a979
	at org.openqa.selenium.remote.http.W3CHttpResponseCodec.createException(W3CHttpResponseCodec.java:187)
	at org.openqa.selenium.remote.http.W3CHttpResponseCodec.decode(W3CHttpResponseCodec.java:122)
	at org.openqa.selenium.remote.http.W3CHttpResponseCodec.decode(W3CHttpResponseCodec.java:49)
	at org.openqa.selenium.remote.HttpCommandExecutor.execute(HttpCommandExecutor.java:158)
	at org.openqa.selenium.remote.service.DriverCommandExecutor.execute(DriverCommandExecutor.java:83)
	at org.openqa.selenium.remote.RemoteWebDriver.execute(RemoteWebDriver.java:552)
	at org.openqa.selenium.remote.RemoteWebElement.execute(RemoteWebElement.java:285)
	at org.openqa.selenium.remote.RemoteWebElement.click(RemoteWebElement.java:84)
	at org.openqa.selenium.support.pagefactory.internal.LocatingElementHandler.invoke(LocatingElementHandler.java:51)
	at com.sun.proxy.$Proxy16.click(Unknown Source)
	at com.tetherfi.pages.BasePage.btnClick(BasePage.java:220)
	at com.tetherfi.pages.WaitTimeColorConfigPage.deleteNo(WaitTimeColorConfigPage.java:422)
	at com.tetherfi.test.tmac.WaitTimeColorConfigTest.DeleteCancelRecord(WaitTimeColorConfigTest.java:245)
	at java.base/java.util.ArrayList.forEach(Unknown Source)
... Removed 34 stack frames</pre></div><a href='#' onClick='toggleBox("stack-trace1770862626", this, "Click to show all stack frames", "Click to hide stack frames")'>Click to show all stack frames</a>
<div class='stack-trace' id='stack-trace1770862626'><pre>org.openqa.selenium.ElementClickInterceptedException: element click intercepted: Element &lt;a role=&quot;button&quot; class=&quot;k-button k-button-icontext k-grid-CustomDelete&quot; style=&quot;width=10px;&quot; href=&quot;#&quot;&gt;...&lt;/a&gt; is not clickable at point (119, 212). Other element would receive the click: &lt;div class=&quot;modal inmodal show&quot; id=&quot;searchModel&quot; tabindex=&quot;-1&quot; role=&quot;dialog&quot; aria-modal=&quot;true&quot; style=&quot;display: block;&quot;&gt;...&lt;/div&gt;
  (Session info: chrome=78.0.3904.97)
Build info: version: &apos;3.141.59&apos;, revision: &apos;e82be7d358&apos;, time: &apos;2018-11-14T08:17:03&apos;
System info: host: &apos;DESKTOP-O6A5C2O&apos;, ip: &apos;10.0.75.1&apos;, os.name: &apos;Windows 10&apos;, os.arch: &apos;amd64&apos;, os.version: &apos;10.0&apos;, java.version: &apos;9.0.4&apos;
Driver info: org.openqa.selenium.chrome.ChromeDriver
Capabilities {acceptInsecureCerts: false, browserName: chrome, browserVersion: 78.0.3904.97, chrome: {chromedriverVersion: 78.0.3904.70 (edb9c9f3de024..., userDataDir: C:\Users\admin\AppData\Loca...}, goog:chromeOptions: {debuggerAddress: localhost:58565}, javascriptEnabled: true, networkConnectionEnabled: false, pageLoadStrategy: normal, platform: XP, platformName: XP, proxy: Proxy(), setWindowRect: true, strictFileInteractability: false, timeouts: {implicit: 0, pageLoad: 300000, script: 30000}, unhandledPromptBehavior: dismiss and notify}
Session ID: e1d0499598980e9e6bc561019c82a979
	at java.base/jdk.internal.reflect.NativeConstructorAccessorImpl.newInstance0(Native Method)
	at java.base/jdk.internal.reflect.NativeConstructorAccessorImpl.newInstance(Unknown Source)
	at java.base/jdk.internal.reflect.DelegatingConstructorAccessorImpl.newInstance(Unknown Source)
	at java.base/java.lang.reflect.Constructor.newInstance(Unknown Source)
	at org.openqa.selenium.remote.http.W3CHttpResponseCodec.createException(W3CHttpResponseCodec.java:187)
	at org.openqa.selenium.remote.http.W3CHttpResponseCodec.decode(W3CHttpResponseCodec.java:122)
	at org.openqa.selenium.remote.http.W3CHttpResponseCodec.decode(W3CHttpResponseCodec.java:49)
	at org.openqa.selenium.remote.HttpCommandExecutor.execute(HttpCommandExecutor.java:158)
	at org.openqa.selenium.remote.service.DriverCommandExecutor.execute(DriverCommandExecutor.java:83)
	at org.openqa.selenium.remote.RemoteWebDriver.execute(RemoteWebDriver.java:552)
	at org.openqa.selenium.remote.RemoteWebElement.execute(RemoteWebElement.java:285)
	at org.openqa.selenium.remote.RemoteWebElement.click(RemoteWebElement.java:84)
	at jdk.internal.reflect.GeneratedMethodAccessor4.invoke(Unknown Source)
	at java.base/jdk.internal.reflect.DelegatingMethodAccessorImpl.invoke(Unknown Source)
	at java.base/java.lang.reflect.Method.invoke(Unknown Source)
	at org.openqa.selenium.support.pagefactory.internal.LocatingElementHandler.invoke(LocatingElementHandler.java:51)
	at com.sun.proxy.$Proxy16.click(Unknown Source)
	at com.tetherfi.pages.BasePage.btnClick(BasePage.java:220)
	at com.tetherfi.pages.WaitTimeColorConfigPage.deleteNo(WaitTimeColorConfigPage.java:422)
	at com.tetherfi.test.tmac.WaitTimeColorConfigTest.DeleteCancelRecord(WaitTimeColorConfigTest.java:245)
	at java.base/jdk.internal.reflect.NativeMethodAccessorImpl.invoke0(Native Method)
	at java.base/jdk.internal.reflect.NativeMethodAccessorImpl.invoke(Unknown Source)
	at java.base/jdk.internal.reflect.DelegatingMethodAccessorImpl.invoke(Unknown Source)
	at java.base/java.lang.reflect.Method.invoke(Unknown Source)
	at org.testng.internal.MethodInvocationHelper.invokeMethod(MethodInvocationHelper.java:133)
	at org.testng.internal.TestInvoker.invokeMethod(TestInvoker.java:584)
	at org.testng.internal.TestInvoker.invokeTestMethod(TestInvoker.java:172)
	at org.testng.internal.MethodRunner.runInSequence(MethodRunner.java:46)
	at org.testng.internal.TestInvoker$MethodInvocationAgent.invoke(TestInvoker.java:804)
	at org.testng.internal.TestInvoker.invokeTestMethods(TestInvoker.java:145)
	at org.testng.internal.TestMethodWorker.invokeTestMethods(TestMethodWorker.java:146)
	at org.testng.internal.TestMethodWorker.run(TestMethodWorker.java:128)
	at java.base/java.util.ArrayList.forEach(Unknown Source)
	at org.testng.TestRunner.privateRun(TestRunner.java:770)
	at org.testng.TestRunner.run(TestRunner.java:591)
	at org.testng.SuiteRunner.runTest(SuiteRunner.java:402)
	at org.testng.SuiteRunner.runSequentially(SuiteRunner.java:396)
	at org.testng.SuiteRunner.privateRun(SuiteRunner.java:355)
	at org.testng.SuiteRunner.run(SuiteRunner.java:304)
	at org.testng.SuiteRunnerWorker.runSuite(SuiteRunnerWorker.java:53)
	at org.testng.SuiteRunnerWorker.run(SuiteRunnerWorker.java:96)
	at org.testng.TestNG.runSuitesSequentially(TestNG.java:1180)
	at org.testng.TestNG.runSuitesLocally(TestNG.java:1102)
	at org.testng.TestNG.runSuites(TestNG.java:1032)
	at org.testng.TestNG.run(TestNG.java:1000)
	at org.testng.remote.AbstractRemoteTestNG.run(AbstractRemoteTestNG.java:115)
	at org.testng.remote.RemoteTestNG.initAndRun(RemoteTestNG.java:251)
	at org.testng.remote.RemoteTestNG.main(RemoteTestNG.java:77)
</pre></div></td>
<td>2</td>
<td>com.tetherfi.test.tmac.WaitTimeColorConfigTest@285583d4</td></tr>
<tr>
<td title='com.tetherfi.test.tmac.WaitTimeColorConfigTest.DeleteRecord()'><b>DeleteRecord</b><br>Test class: com.tetherfi.test.tmac.WaitTimeColorConfigTest<br/>
<a href="#Output-772514839" onClick='toggleBox("Output-772514839", this, "Show output", "Hide output");'>Show output</a>

<a href="#Output-772514839" onClick="toggleAllBoxes();">Show all outputs</a>
<div class='log' id="Output-772514839">
Test Case <b style="color:red;" "font-size:25px;">FAILED</b>
<br/>
<img src="Screenshot\DeleteRecord.jpg" alt="Image Not Found"/><br /><br/>
</div>
</td>
<td><div><pre>org.openqa.selenium.ElementClickInterceptedException: element click intercepted: Element &lt;a role=&quot;button&quot; class=&quot;k-button k-button-icontext k-grid-CustomDelete&quot; style=&quot;width=10px;&quot; href=&quot;#&quot;&gt;...&lt;/a&gt; is not clickable at point (119, 212). Other element would receive the click: &lt;div class=&quot;modal inmodal show&quot; id=&quot;searchModel&quot; tabindex=&quot;-1&quot; role=&quot;dialog&quot; aria-modal=&quot;true&quot; style=&quot;display: block;&quot;&gt;...&lt;/div&gt;
  (Session info: chrome=78.0.3904.97)
Build info: version: &apos;3.141.59&apos;, revision: &apos;e82be7d358&apos;, time: &apos;2018-11-14T08:17:03&apos;
System info: host: &apos;DESKTOP-O6A5C2O&apos;, ip: &apos;10.0.75.1&apos;, os.name: &apos;Windows 10&apos;, os.arch: &apos;amd64&apos;, os.version: &apos;10.0&apos;, java.version: &apos;9.0.4&apos;
Driver info: org.openqa.selenium.chrome.ChromeDriver
Capabilities {acceptInsecureCerts: false, browserName: chrome, browserVersion: 78.0.3904.97, chrome: {chromedriverVersion: 78.0.3904.70 (edb9c9f3de024..., userDataDir: C:\Users\admin\AppData\Loca...}, goog:chromeOptions: {debuggerAddress: localhost:58565}, javascriptEnabled: true, networkConnectionEnabled: false, pageLoadStrategy: normal, platform: XP, platformName: XP, proxy: Proxy(), setWindowRect: true, strictFileInteractability: false, timeouts: {implicit: 0, pageLoad: 300000, script: 30000}, unhandledPromptBehavior: dismiss and notify}
Session ID: e1d0499598980e9e6bc561019c82a979
	at org.openqa.selenium.remote.http.W3CHttpResponseCodec.createException(W3CHttpResponseCodec.java:187)
	at org.openqa.selenium.remote.http.W3CHttpResponseCodec.decode(W3CHttpResponseCodec.java:122)
	at org.openqa.selenium.remote.http.W3CHttpResponseCodec.decode(W3CHttpResponseCodec.java:49)
	at org.openqa.selenium.remote.HttpCommandExecutor.execute(HttpCommandExecutor.java:158)
	at org.openqa.selenium.remote.service.DriverCommandExecutor.execute(DriverCommandExecutor.java:83)
	at org.openqa.selenium.remote.RemoteWebDriver.execute(RemoteWebDriver.java:552)
	at org.openqa.selenium.remote.RemoteWebElement.execute(RemoteWebElement.java:285)
	at org.openqa.selenium.remote.RemoteWebElement.click(RemoteWebElement.java:84)
	at org.openqa.selenium.support.pagefactory.internal.LocatingElementHandler.invoke(LocatingElementHandler.java:51)
	at com.sun.proxy.$Proxy16.click(Unknown Source)
	at com.tetherfi.pages.BasePage.btnClick(BasePage.java:220)
	at com.tetherfi.pages.WaitTimeColorConfigPage.deleteWaitTimeColorConfigRecord(WaitTimeColorConfigPage.java:404)
	at com.tetherfi.test.tmac.WaitTimeColorConfigTest.DeleteRecord(WaitTimeColorConfigTest.java:254)
	at java.base/java.util.ArrayList.forEach(Unknown Source)
... Removed 34 stack frames</pre></div><a href='#' onClick='toggleBox("stack-trace772514839", this, "Click to show all stack frames", "Click to hide stack frames")'>Click to show all stack frames</a>
<div class='stack-trace' id='stack-trace772514839'><pre>org.openqa.selenium.ElementClickInterceptedException: element click intercepted: Element &lt;a role=&quot;button&quot; class=&quot;k-button k-button-icontext k-grid-CustomDelete&quot; style=&quot;width=10px;&quot; href=&quot;#&quot;&gt;...&lt;/a&gt; is not clickable at point (119, 212). Other element would receive the click: &lt;div class=&quot;modal inmodal show&quot; id=&quot;searchModel&quot; tabindex=&quot;-1&quot; role=&quot;dialog&quot; aria-modal=&quot;true&quot; style=&quot;display: block;&quot;&gt;...&lt;/div&gt;
  (Session info: chrome=78.0.3904.97)
Build info: version: &apos;3.141.59&apos;, revision: &apos;e82be7d358&apos;, time: &apos;2018-11-14T08:17:03&apos;
System info: host: &apos;DESKTOP-O6A5C2O&apos;, ip: &apos;10.0.75.1&apos;, os.name: &apos;Windows 10&apos;, os.arch: &apos;amd64&apos;, os.version: &apos;10.0&apos;, java.version: &apos;9.0.4&apos;
Driver info: org.openqa.selenium.chrome.ChromeDriver
Capabilities {acceptInsecureCerts: false, browserName: chrome, browserVersion: 78.0.3904.97, chrome: {chromedriverVersion: 78.0.3904.70 (edb9c9f3de024..., userDataDir: C:\Users\admin\AppData\Loca...}, goog:chromeOptions: {debuggerAddress: localhost:58565}, javascriptEnabled: true, networkConnectionEnabled: false, pageLoadStrategy: normal, platform: XP, platformName: XP, proxy: Proxy(), setWindowRect: true, strictFileInteractability: false, timeouts: {implicit: 0, pageLoad: 300000, script: 30000}, unhandledPromptBehavior: dismiss and notify}
Session ID: e1d0499598980e9e6bc561019c82a979
	at java.base/jdk.internal.reflect.NativeConstructorAccessorImpl.newInstance0(Native Method)
	at java.base/jdk.internal.reflect.NativeConstructorAccessorImpl.newInstance(Unknown Source)
	at java.base/jdk.internal.reflect.DelegatingConstructorAccessorImpl.newInstance(Unknown Source)
	at java.base/java.lang.reflect.Constructor.newInstance(Unknown Source)
	at org.openqa.selenium.remote.http.W3CHttpResponseCodec.createException(W3CHttpResponseCodec.java:187)
	at org.openqa.selenium.remote.http.W3CHttpResponseCodec.decode(W3CHttpResponseCodec.java:122)
	at org.openqa.selenium.remote.http.W3CHttpResponseCodec.decode(W3CHttpResponseCodec.java:49)
	at org.openqa.selenium.remote.HttpCommandExecutor.execute(HttpCommandExecutor.java:158)
	at org.openqa.selenium.remote.service.DriverCommandExecutor.execute(DriverCommandExecutor.java:83)
	at org.openqa.selenium.remote.RemoteWebDriver.execute(RemoteWebDriver.java:552)
	at org.openqa.selenium.remote.RemoteWebElement.execute(RemoteWebElement.java:285)
	at org.openqa.selenium.remote.RemoteWebElement.click(RemoteWebElement.java:84)
	at jdk.internal.reflect.GeneratedMethodAccessor4.invoke(Unknown Source)
	at java.base/jdk.internal.reflect.DelegatingMethodAccessorImpl.invoke(Unknown Source)
	at java.base/java.lang.reflect.Method.invoke(Unknown Source)
	at org.openqa.selenium.support.pagefactory.internal.LocatingElementHandler.invoke(LocatingElementHandler.java:51)
	at com.sun.proxy.$Proxy16.click(Unknown Source)
	at com.tetherfi.pages.BasePage.btnClick(BasePage.java:220)
	at com.tetherfi.pages.WaitTimeColorConfigPage.deleteWaitTimeColorConfigRecord(WaitTimeColorConfigPage.java:404)
	at com.tetherfi.test.tmac.WaitTimeColorConfigTest.DeleteRecord(WaitTimeColorConfigTest.java:254)
	at java.base/jdk.internal.reflect.NativeMethodAccessorImpl.invoke0(Native Method)
	at java.base/jdk.internal.reflect.NativeMethodAccessorImpl.invoke(Unknown Source)
	at java.base/jdk.internal.reflect.DelegatingMethodAccessorImpl.invoke(Unknown Source)
	at java.base/java.lang.reflect.Method.invoke(Unknown Source)
	at org.testng.internal.MethodInvocationHelper.invokeMethod(MethodInvocationHelper.java:133)
	at org.testng.internal.TestInvoker.invokeMethod(TestInvoker.java:584)
	at org.testng.internal.TestInvoker.invokeTestMethod(TestInvoker.java:172)
	at org.testng.internal.MethodRunner.runInSequence(MethodRunner.java:46)
	at org.testng.internal.TestInvoker$MethodInvocationAgent.invoke(TestInvoker.java:804)
	at org.testng.internal.TestInvoker.invokeTestMethods(TestInvoker.java:145)
	at org.testng.internal.TestMethodWorker.invokeTestMethods(TestMethodWorker.java:146)
	at org.testng.internal.TestMethodWorker.run(TestMethodWorker.java:128)
	at java.base/java.util.ArrayList.forEach(Unknown Source)
	at org.testng.TestRunner.privateRun(TestRunner.java:770)
	at org.testng.TestRunner.run(TestRunner.java:591)
	at org.testng.SuiteRunner.runTest(SuiteRunner.java:402)
	at org.testng.SuiteRunner.runSequentially(SuiteRunner.java:396)
	at org.testng.SuiteRunner.privateRun(SuiteRunner.java:355)
	at org.testng.SuiteRunner.run(SuiteRunner.java:304)
	at org.testng.SuiteRunnerWorker.runSuite(SuiteRunnerWorker.java:53)
	at org.testng.SuiteRunnerWorker.run(SuiteRunnerWorker.java:96)
	at org.testng.TestNG.runSuitesSequentially(TestNG.java:1180)
	at org.testng.TestNG.runSuitesLocally(TestNG.java:1102)
	at org.testng.TestNG.runSuites(TestNG.java:1032)
	at org.testng.TestNG.run(TestNG.java:1000)
	at org.testng.remote.AbstractRemoteTestNG.run(AbstractRemoteTestNG.java:115)
	at org.testng.remote.RemoteTestNG.initAndRun(RemoteTestNG.java:251)
	at org.testng.remote.RemoteTestNG.main(RemoteTestNG.java:77)
</pre></div></td>
<td>2</td>
<td>com.tetherfi.test.tmac.WaitTimeColorConfigTest@285583d4</td></tr>
<tr>
<td title='com.tetherfi.test.tmac.WaitTimeColorConfigTest.EditWaitTimeColorConfigCancelRecord()'><b>EditWaitTimeColorConfigCancelRecord</b><br>Test class: com.tetherfi.test.tmac.WaitTimeColorConfigTest<br/>
<a href="#Output-1547956155" onClick='toggleBox("Output-1547956155", this, "Show output", "Hide output");'>Show output</a>

<a href="#Output-1547956155" onClick="toggleAllBoxes();">Show all outputs</a>
<div class='log' id="Output-1547956155">
Test Case <b style="color:red;" "font-size:25px;">FAILED</b>
<br/>
<img src="Screenshot\EditWaitTimeColorConfigCancelRecord.jpg" alt="Image Not Found"/><br /><br/>
</div>
</td>
<td><div><pre>org.openqa.selenium.ElementClickInterceptedException: element click intercepted: Element &lt;a role=&quot;button&quot; class=&quot;k-button k-button-icontext k-grid-edit&quot; style=&quot;width=10px;&quot; href=&quot;#&quot;&gt;...&lt;/a&gt; is not clickable at point (52, 237). Other element would receive the click: &lt;div class=&quot;modal inmodal show&quot; id=&quot;searchModel&quot; tabindex=&quot;-1&quot; role=&quot;dialog&quot; aria-modal=&quot;true&quot; style=&quot;display: block;&quot;&gt;...&lt;/div&gt;
  (Session info: chrome=78.0.3904.97)
Build info: version: &apos;3.141.59&apos;, revision: &apos;e82be7d358&apos;, time: &apos;2018-11-14T08:17:03&apos;
System info: host: &apos;DESKTOP-O6A5C2O&apos;, ip: &apos;10.0.75.1&apos;, os.name: &apos;Windows 10&apos;, os.arch: &apos;amd64&apos;, os.version: &apos;10.0&apos;, java.version: &apos;9.0.4&apos;
Driver info: org.openqa.selenium.chrome.ChromeDriver
Capabilities {acceptInsecureCerts: false, browserName: chrome, browserVersion: 78.0.3904.97, chrome: {chromedriverVersion: 78.0.3904.70 (edb9c9f3de024..., userDataDir: C:\Users\admin\AppData\Loca...}, goog:chromeOptions: {debuggerAddress: localhost:58565}, javascriptEnabled: true, networkConnectionEnabled: false, pageLoadStrategy: normal, platform: XP, platformName: XP, proxy: Proxy(), setWindowRect: true, strictFileInteractability: false, timeouts: {implicit: 0, pageLoad: 300000, script: 30000}, unhandledPromptBehavior: dismiss and notify}
Session ID: e1d0499598980e9e6bc561019c82a979
	at org.openqa.selenium.remote.http.W3CHttpResponseCodec.createException(W3CHttpResponseCodec.java:187)
	at org.openqa.selenium.remote.http.W3CHttpResponseCodec.decode(W3CHttpResponseCodec.java:122)
	at org.openqa.selenium.remote.http.W3CHttpResponseCodec.decode(W3CHttpResponseCodec.java:49)
	at org.openqa.selenium.remote.HttpCommandExecutor.execute(HttpCommandExecutor.java:158)
	at org.openqa.selenium.remote.service.DriverCommandExecutor.execute(DriverCommandExecutor.java:83)
	at org.openqa.selenium.remote.RemoteWebDriver.execute(RemoteWebDriver.java:552)
	at org.openqa.selenium.remote.RemoteWebElement.execute(RemoteWebElement.java:285)
	at org.openqa.selenium.remote.RemoteWebElement.click(RemoteWebElement.java:84)
	at org.openqa.selenium.support.pagefactory.internal.LocatingElementHandler.invoke(LocatingElementHandler.java:51)
	at com.sun.proxy.$Proxy16.click(Unknown Source)
	at com.tetherfi.pages.BasePage.selectWebElement(BasePage.java:202)
	at com.tetherfi.pages.WaitTimeColorConfigPage.editcancel(WaitTimeColorConfigPage.java:551)
	at com.tetherfi.test.tmac.WaitTimeColorConfigTest.EditWaitTimeColorConfigCancelRecord(WaitTimeColorConfigTest.java:171)
	at java.base/java.util.ArrayList.forEach(Unknown Source)
... Removed 34 stack frames</pre></div><a href='#' onClick='toggleBox("stack-trace1547956155", this, "Click to show all stack frames", "Click to hide stack frames")'>Click to show all stack frames</a>
<div class='stack-trace' id='stack-trace1547956155'><pre>org.openqa.selenium.ElementClickInterceptedException: element click intercepted: Element &lt;a role=&quot;button&quot; class=&quot;k-button k-button-icontext k-grid-edit&quot; style=&quot;width=10px;&quot; href=&quot;#&quot;&gt;...&lt;/a&gt; is not clickable at point (52, 237). Other element would receive the click: &lt;div class=&quot;modal inmodal show&quot; id=&quot;searchModel&quot; tabindex=&quot;-1&quot; role=&quot;dialog&quot; aria-modal=&quot;true&quot; style=&quot;display: block;&quot;&gt;...&lt;/div&gt;
  (Session info: chrome=78.0.3904.97)
Build info: version: &apos;3.141.59&apos;, revision: &apos;e82be7d358&apos;, time: &apos;2018-11-14T08:17:03&apos;
System info: host: &apos;DESKTOP-O6A5C2O&apos;, ip: &apos;10.0.75.1&apos;, os.name: &apos;Windows 10&apos;, os.arch: &apos;amd64&apos;, os.version: &apos;10.0&apos;, java.version: &apos;9.0.4&apos;
Driver info: org.openqa.selenium.chrome.ChromeDriver
Capabilities {acceptInsecureCerts: false, browserName: chrome, browserVersion: 78.0.3904.97, chrome: {chromedriverVersion: 78.0.3904.70 (edb9c9f3de024..., userDataDir: C:\Users\admin\AppData\Loca...}, goog:chromeOptions: {debuggerAddress: localhost:58565}, javascriptEnabled: true, networkConnectionEnabled: false, pageLoadStrategy: normal, platform: XP, platformName: XP, proxy: Proxy(), setWindowRect: true, strictFileInteractability: false, timeouts: {implicit: 0, pageLoad: 300000, script: 30000}, unhandledPromptBehavior: dismiss and notify}
Session ID: e1d0499598980e9e6bc561019c82a979
	at java.base/jdk.internal.reflect.NativeConstructorAccessorImpl.newInstance0(Native Method)
	at java.base/jdk.internal.reflect.NativeConstructorAccessorImpl.newInstance(Unknown Source)
	at java.base/jdk.internal.reflect.DelegatingConstructorAccessorImpl.newInstance(Unknown Source)
	at java.base/java.lang.reflect.Constructor.newInstance(Unknown Source)
	at org.openqa.selenium.remote.http.W3CHttpResponseCodec.createException(W3CHttpResponseCodec.java:187)
	at org.openqa.selenium.remote.http.W3CHttpResponseCodec.decode(W3CHttpResponseCodec.java:122)
	at org.openqa.selenium.remote.http.W3CHttpResponseCodec.decode(W3CHttpResponseCodec.java:49)
	at org.openqa.selenium.remote.HttpCommandExecutor.execute(HttpCommandExecutor.java:158)
	at org.openqa.selenium.remote.service.DriverCommandExecutor.execute(DriverCommandExecutor.java:83)
	at org.openqa.selenium.remote.RemoteWebDriver.execute(RemoteWebDriver.java:552)
	at org.openqa.selenium.remote.RemoteWebElement.execute(RemoteWebElement.java:285)
	at org.openqa.selenium.remote.RemoteWebElement.click(RemoteWebElement.java:84)
	at jdk.internal.reflect.GeneratedMethodAccessor4.invoke(Unknown Source)
	at java.base/jdk.internal.reflect.DelegatingMethodAccessorImpl.invoke(Unknown Source)
	at java.base/java.lang.reflect.Method.invoke(Unknown Source)
	at org.openqa.selenium.support.pagefactory.internal.LocatingElementHandler.invoke(LocatingElementHandler.java:51)
	at com.sun.proxy.$Proxy16.click(Unknown Source)
	at com.tetherfi.pages.BasePage.selectWebElement(BasePage.java:202)
	at com.tetherfi.pages.WaitTimeColorConfigPage.editcancel(WaitTimeColorConfigPage.java:551)
	at com.tetherfi.test.tmac.WaitTimeColorConfigTest.EditWaitTimeColorConfigCancelRecord(WaitTimeColorConfigTest.java:171)
	at java.base/jdk.internal.reflect.NativeMethodAccessorImpl.invoke0(Native Method)
	at java.base/jdk.internal.reflect.NativeMethodAccessorImpl.invoke(Unknown Source)
	at java.base/jdk.internal.reflect.DelegatingMethodAccessorImpl.invoke(Unknown Source)
	at java.base/java.lang.reflect.Method.invoke(Unknown Source)
	at org.testng.internal.MethodInvocationHelper.invokeMethod(MethodInvocationHelper.java:133)
	at org.testng.internal.TestInvoker.invokeMethod(TestInvoker.java:584)
	at org.testng.internal.TestInvoker.invokeTestMethod(TestInvoker.java:172)
	at org.testng.internal.MethodRunner.runInSequence(MethodRunner.java:46)
	at org.testng.internal.TestInvoker$MethodInvocationAgent.invoke(TestInvoker.java:804)
	at org.testng.internal.TestInvoker.invokeTestMethods(TestInvoker.java:145)
	at org.testng.internal.TestMethodWorker.invokeTestMethods(TestMethodWorker.java:146)
	at org.testng.internal.TestMethodWorker.run(TestMethodWorker.java:128)
	at java.base/java.util.ArrayList.forEach(Unknown Source)
	at org.testng.TestRunner.privateRun(TestRunner.java:770)
	at org.testng.TestRunner.run(TestRunner.java:591)
	at org.testng.SuiteRunner.runTest(SuiteRunner.java:402)
	at org.testng.SuiteRunner.runSequentially(SuiteRunner.java:396)
	at org.testng.SuiteRunner.privateRun(SuiteRunner.java:355)
	at org.testng.SuiteRunner.run(SuiteRunner.java:304)
	at org.testng.SuiteRunnerWorker.runSuite(SuiteRunnerWorker.java:53)
	at org.testng.SuiteRunnerWorker.run(SuiteRunnerWorker.java:96)
	at org.testng.TestNG.runSuitesSequentially(TestNG.java:1180)
	at org.testng.TestNG.runSuitesLocally(TestNG.java:1102)
	at org.testng.TestNG.runSuites(TestNG.java:1032)
	at org.testng.TestNG.run(TestNG.java:1000)
	at org.testng.remote.AbstractRemoteTestNG.run(AbstractRemoteTestNG.java:115)
	at org.testng.remote.RemoteTestNG.initAndRun(RemoteTestNG.java:251)
	at org.testng.remote.RemoteTestNG.main(RemoteTestNG.java:77)
</pre></div></td>
<td>2</td>
<td>com.tetherfi.test.tmac.WaitTimeColorConfigTest@285583d4</td></tr>
<tr>
<td title='com.tetherfi.test.tmac.WaitTimeColorConfigTest.EditWaitTimeColorConfigRecord()'><b>EditWaitTimeColorConfigRecord</b><br>Test class: com.tetherfi.test.tmac.WaitTimeColorConfigTest<br/>
<a href="#Output-1336294258" onClick='toggleBox("Output-1336294258", this, "Show output", "Hide output");'>Show output</a>

<a href="#Output-1336294258" onClick="toggleAllBoxes();">Show all outputs</a>
<div class='log' id="Output-1336294258">
Test Case <b style="color:red;" "font-size:25px;">FAILED</b>
<br/>
<img src="Screenshot\EditWaitTimeColorConfigRecord.jpg" alt="Image Not Found"/><br /><br/>
</div>
</td>
<td><div><pre>org.openqa.selenium.ElementClickInterceptedException: element click intercepted: Element &lt;a role=&quot;button&quot; class=&quot;k-button k-button-icontext k-grid-edit&quot; style=&quot;width=10px;&quot; href=&quot;#&quot;&gt;...&lt;/a&gt; is not clickable at point (52, 237). Other element would receive the click: &lt;div class=&quot;modal inmodal show&quot; id=&quot;searchModel&quot; tabindex=&quot;-1&quot; role=&quot;dialog&quot; aria-modal=&quot;true&quot; style=&quot;display: block;&quot;&gt;...&lt;/div&gt;
  (Session info: chrome=78.0.3904.97)
Build info: version: &apos;3.141.59&apos;, revision: &apos;e82be7d358&apos;, time: &apos;2018-11-14T08:17:03&apos;
System info: host: &apos;DESKTOP-O6A5C2O&apos;, ip: &apos;10.0.75.1&apos;, os.name: &apos;Windows 10&apos;, os.arch: &apos;amd64&apos;, os.version: &apos;10.0&apos;, java.version: &apos;9.0.4&apos;
Driver info: org.openqa.selenium.chrome.ChromeDriver
Capabilities {acceptInsecureCerts: false, browserName: chrome, browserVersion: 78.0.3904.97, chrome: {chromedriverVersion: 78.0.3904.70 (edb9c9f3de024..., userDataDir: C:\Users\admin\AppData\Loca...}, goog:chromeOptions: {debuggerAddress: localhost:58565}, javascriptEnabled: true, networkConnectionEnabled: false, pageLoadStrategy: normal, platform: XP, platformName: XP, proxy: Proxy(), setWindowRect: true, strictFileInteractability: false, timeouts: {implicit: 0, pageLoad: 300000, script: 30000}, unhandledPromptBehavior: dismiss and notify}
Session ID: e1d0499598980e9e6bc561019c82a979
	at org.openqa.selenium.remote.http.W3CHttpResponseCodec.createException(W3CHttpResponseCodec.java:187)
	at org.openqa.selenium.remote.http.W3CHttpResponseCodec.decode(W3CHttpResponseCodec.java:122)
	at org.openqa.selenium.remote.http.W3CHttpResponseCodec.decode(W3CHttpResponseCodec.java:49)
	at org.openqa.selenium.remote.HttpCommandExecutor.execute(HttpCommandExecutor.java:158)
	at org.openqa.selenium.remote.service.DriverCommandExecutor.execute(DriverCommandExecutor.java:83)
	at org.openqa.selenium.remote.RemoteWebDriver.execute(RemoteWebDriver.java:552)
	at org.openqa.selenium.remote.RemoteWebElement.execute(RemoteWebElement.java:285)
	at org.openqa.selenium.remote.RemoteWebElement.click(RemoteWebElement.java:84)
	at org.openqa.selenium.support.pagefactory.internal.LocatingElementHandler.invoke(LocatingElementHandler.java:51)
	at com.sun.proxy.$Proxy16.click(Unknown Source)
	at com.tetherfi.pages.BasePage.selectWebElement(BasePage.java:202)
	at com.tetherfi.pages.WaitTimeColorConfigPage.editWaitTimeColorConfigRecord(WaitTimeColorConfigPage.java:389)
	at com.tetherfi.test.tmac.WaitTimeColorConfigTest.EditWaitTimeColorConfigRecord(WaitTimeColorConfigTest.java:180)
	at java.base/java.util.ArrayList.forEach(Unknown Source)
... Removed 34 stack frames</pre></div><a href='#' onClick='toggleBox("stack-trace1336294258", this, "Click to show all stack frames", "Click to hide stack frames")'>Click to show all stack frames</a>
<div class='stack-trace' id='stack-trace1336294258'><pre>org.openqa.selenium.ElementClickInterceptedException: element click intercepted: Element &lt;a role=&quot;button&quot; class=&quot;k-button k-button-icontext k-grid-edit&quot; style=&quot;width=10px;&quot; href=&quot;#&quot;&gt;...&lt;/a&gt; is not clickable at point (52, 237). Other element would receive the click: &lt;div class=&quot;modal inmodal show&quot; id=&quot;searchModel&quot; tabindex=&quot;-1&quot; role=&quot;dialog&quot; aria-modal=&quot;true&quot; style=&quot;display: block;&quot;&gt;...&lt;/div&gt;
  (Session info: chrome=78.0.3904.97)
Build info: version: &apos;3.141.59&apos;, revision: &apos;e82be7d358&apos;, time: &apos;2018-11-14T08:17:03&apos;
System info: host: &apos;DESKTOP-O6A5C2O&apos;, ip: &apos;10.0.75.1&apos;, os.name: &apos;Windows 10&apos;, os.arch: &apos;amd64&apos;, os.version: &apos;10.0&apos;, java.version: &apos;9.0.4&apos;
Driver info: org.openqa.selenium.chrome.ChromeDriver
Capabilities {acceptInsecureCerts: false, browserName: chrome, browserVersion: 78.0.3904.97, chrome: {chromedriverVersion: 78.0.3904.70 (edb9c9f3de024..., userDataDir: C:\Users\admin\AppData\Loca...}, goog:chromeOptions: {debuggerAddress: localhost:58565}, javascriptEnabled: true, networkConnectionEnabled: false, pageLoadStrategy: normal, platform: XP, platformName: XP, proxy: Proxy(), setWindowRect: true, strictFileInteractability: false, timeouts: {implicit: 0, pageLoad: 300000, script: 30000}, unhandledPromptBehavior: dismiss and notify}
Session ID: e1d0499598980e9e6bc561019c82a979
	at java.base/jdk.internal.reflect.NativeConstructorAccessorImpl.newInstance0(Native Method)
	at java.base/jdk.internal.reflect.NativeConstructorAccessorImpl.newInstance(Unknown Source)
	at java.base/jdk.internal.reflect.DelegatingConstructorAccessorImpl.newInstance(Unknown Source)
	at java.base/java.lang.reflect.Constructor.newInstance(Unknown Source)
	at org.openqa.selenium.remote.http.W3CHttpResponseCodec.createException(W3CHttpResponseCodec.java:187)
	at org.openqa.selenium.remote.http.W3CHttpResponseCodec.decode(W3CHttpResponseCodec.java:122)
	at org.openqa.selenium.remote.http.W3CHttpResponseCodec.decode(W3CHttpResponseCodec.java:49)
	at org.openqa.selenium.remote.HttpCommandExecutor.execute(HttpCommandExecutor.java:158)
	at org.openqa.selenium.remote.service.DriverCommandExecutor.execute(DriverCommandExecutor.java:83)
	at org.openqa.selenium.remote.RemoteWebDriver.execute(RemoteWebDriver.java:552)
	at org.openqa.selenium.remote.RemoteWebElement.execute(RemoteWebElement.java:285)
	at org.openqa.selenium.remote.RemoteWebElement.click(RemoteWebElement.java:84)
	at jdk.internal.reflect.GeneratedMethodAccessor4.invoke(Unknown Source)
	at java.base/jdk.internal.reflect.DelegatingMethodAccessorImpl.invoke(Unknown Source)
	at java.base/java.lang.reflect.Method.invoke(Unknown Source)
	at org.openqa.selenium.support.pagefactory.internal.LocatingElementHandler.invoke(LocatingElementHandler.java:51)
	at com.sun.proxy.$Proxy16.click(Unknown Source)
	at com.tetherfi.pages.BasePage.selectWebElement(BasePage.java:202)
	at com.tetherfi.pages.WaitTimeColorConfigPage.editWaitTimeColorConfigRecord(WaitTimeColorConfigPage.java:389)
	at com.tetherfi.test.tmac.WaitTimeColorConfigTest.EditWaitTimeColorConfigRecord(WaitTimeColorConfigTest.java:180)
	at java.base/jdk.internal.reflect.NativeMethodAccessorImpl.invoke0(Native Method)
	at java.base/jdk.internal.reflect.NativeMethodAccessorImpl.invoke(Unknown Source)
	at java.base/jdk.internal.reflect.DelegatingMethodAccessorImpl.invoke(Unknown Source)
	at java.base/java.lang.reflect.Method.invoke(Unknown Source)
	at org.testng.internal.MethodInvocationHelper.invokeMethod(MethodInvocationHelper.java:133)
	at org.testng.internal.TestInvoker.invokeMethod(TestInvoker.java:584)
	at org.testng.internal.TestInvoker.invokeTestMethod(TestInvoker.java:172)
	at org.testng.internal.MethodRunner.runInSequence(MethodRunner.java:46)
	at org.testng.internal.TestInvoker$MethodInvocationAgent.invoke(TestInvoker.java:804)
	at org.testng.internal.TestInvoker.invokeTestMethods(TestInvoker.java:145)
	at org.testng.internal.TestMethodWorker.invokeTestMethods(TestMethodWorker.java:146)
	at org.testng.internal.TestMethodWorker.run(TestMethodWorker.java:128)
	at java.base/java.util.ArrayList.forEach(Unknown Source)
	at org.testng.TestRunner.privateRun(TestRunner.java:770)
	at org.testng.TestRunner.run(TestRunner.java:591)
	at org.testng.SuiteRunner.runTest(SuiteRunner.java:402)
	at org.testng.SuiteRunner.runSequentially(SuiteRunner.java:396)
	at org.testng.SuiteRunner.privateRun(SuiteRunner.java:355)
	at org.testng.SuiteRunner.run(SuiteRunner.java:304)
	at org.testng.SuiteRunnerWorker.runSuite(SuiteRunnerWorker.java:53)
	at org.testng.SuiteRunnerWorker.run(SuiteRunnerWorker.java:96)
	at org.testng.TestNG.runSuitesSequentially(TestNG.java:1180)
	at org.testng.TestNG.runSuitesLocally(TestNG.java:1102)
	at org.testng.TestNG.runSuites(TestNG.java:1032)
	at org.testng.TestNG.run(TestNG.java:1000)
	at org.testng.remote.AbstractRemoteTestNG.run(AbstractRemoteTestNG.java:115)
	at org.testng.remote.RemoteTestNG.initAndRun(RemoteTestNG.java:251)
	at org.testng.remote.RemoteTestNG.main(RemoteTestNG.java:77)
</pre></div></td>
<td>3</td>
<td>com.tetherfi.test.tmac.WaitTimeColorConfigTest@285583d4</td></tr>
<tr>
<td title='com.tetherfi.test.tmac.TmacBroadCastMsgTest.ExportToExcelData()'><b>ExportToExcelData</b><br>Test class: com.tetherfi.test.tmac.TmacBroadCastMsgTest<br/>
<a href="#Output-294972130" onClick='toggleBox("Output-294972130", this, "Show output", "Hide output");'>Show output</a>

<a href="#Output-294972130" onClick="toggleAllBoxes();">Show all outputs</a>
<div class='log' id="Output-294972130">
Test Case <b style="color:red;" "font-size:25px;">FAILED</b>
<br/>
<img src="Screenshot\ExportToExcelData.jpg" alt="Image Not Found"/><br /><br/>
</div>
</td>
<td><div><pre>java.lang.AssertionError: did not expect to find [true] but found [false]
	at com.tetherfi.test.tmac.TmacBroadCastMsgTest.ExportToExcelData(TmacBroadCastMsgTest.java:253)
	at java.base/java.util.ArrayList.forEach(Unknown Source)
... Removed 31 stack frames</pre></div><a href='#' onClick='toggleBox("stack-trace294972130", this, "Click to show all stack frames", "Click to hide stack frames")'>Click to show all stack frames</a>
<div class='stack-trace' id='stack-trace294972130'><pre>java.lang.AssertionError: did not expect to find [true] but found [false]
	at org.testng.Assert.fail(Assert.java:97)
	at org.testng.Assert.failNotEquals(Assert.java:969)
	at org.testng.Assert.assertTrue(Assert.java:43)
	at org.testng.Assert.assertTrue(Assert.java:53)
	at com.tetherfi.test.tmac.TmacBroadCastMsgTest.ExportToExcelData(TmacBroadCastMsgTest.java:253)
	at java.base/jdk.internal.reflect.NativeMethodAccessorImpl.invoke0(Native Method)
	at java.base/jdk.internal.reflect.NativeMethodAccessorImpl.invoke(Unknown Source)
	at java.base/jdk.internal.reflect.DelegatingMethodAccessorImpl.invoke(Unknown Source)
	at java.base/java.lang.reflect.Method.invoke(Unknown Source)
	at org.testng.internal.MethodInvocationHelper.invokeMethod(MethodInvocationHelper.java:133)
	at org.testng.internal.TestInvoker.invokeMethod(TestInvoker.java:584)
	at org.testng.internal.TestInvoker.invokeTestMethod(TestInvoker.java:172)
	at org.testng.internal.MethodRunner.runInSequence(MethodRunner.java:46)
	at org.testng.internal.TestInvoker$MethodInvocationAgent.invoke(TestInvoker.java:804)
	at org.testng.internal.TestInvoker.invokeTestMethods(TestInvoker.java:145)
	at org.testng.internal.TestMethodWorker.invokeTestMethods(TestMethodWorker.java:146)
	at org.testng.internal.TestMethodWorker.run(TestMethodWorker.java:128)
	at java.base/java.util.ArrayList.forEach(Unknown Source)
	at org.testng.TestRunner.privateRun(TestRunner.java:770)
	at org.testng.TestRunner.run(TestRunner.java:591)
	at org.testng.SuiteRunner.runTest(SuiteRunner.java:402)
	at org.testng.SuiteRunner.runSequentially(SuiteRunner.java:396)
	at org.testng.SuiteRunner.privateRun(SuiteRunner.java:355)
	at org.testng.SuiteRunner.run(SuiteRunner.java:304)
	at org.testng.SuiteRunnerWorker.runSuite(SuiteRunnerWorker.java:53)
	at org.testng.SuiteRunnerWorker.run(SuiteRunnerWorker.java:96)
	at org.testng.TestNG.runSuitesSequentially(TestNG.java:1180)
	at org.testng.TestNG.runSuitesLocally(TestNG.java:1102)
	at org.testng.TestNG.runSuites(TestNG.java:1032)
	at org.testng.TestNG.run(TestNG.java:1000)
	at org.testng.remote.AbstractRemoteTestNG.run(AbstractRemoteTestNG.java:115)
	at org.testng.remote.RemoteTestNG.initAndRun(RemoteTestNG.java:251)
	at org.testng.remote.RemoteTestNG.main(RemoteTestNG.java:77)
</pre></div></td>
<td>1</td>
<td>com.tetherfi.test.tmac.TmacBroadCastMsgTest@f1266c6</td></tr>
<tr>
<td title='com.tetherfi.test.tmac.WaitTimeColorConfigTest.ExporttoExcelWithoutData()'><b>ExporttoExcelWithoutData</b><br>Test class: com.tetherfi.test.tmac.WaitTimeColorConfigTest<br/>
<a href="#Output-2120889188" onClick='toggleBox("Output-2120889188", this, "Show output", "Hide output");'>Show output</a>

<a href="#Output-2120889188" onClick="toggleAllBoxes();">Show all outputs</a>
<div class='log' id="Output-2120889188">
Test Case <b style="color:red;" "font-size:25px;">FAILED</b>
<br/>
<img src="Screenshot\ExporttoExcelWithoutData.jpg" alt="Image Not Found"/><br /><br/>
</div>
</td>
<td><div><pre>java.lang.IndexOutOfBoundsException: Index 0 out-of-bounds for length 0
	at java.base/jdk.internal.util.Preconditions.outOfBounds(Unknown Source)
	at java.base/jdk.internal.util.Preconditions.outOfBoundsCheckIndex(Unknown Source)
	at java.base/jdk.internal.util.Preconditions.checkIndex(Unknown Source)
	at java.base/java.util.Objects.checkIndex(Unknown Source)
	at java.base/java.util.ArrayList.get(Unknown Source)
	at org.openqa.selenium.support.pagefactory.internal.LocatingElementListHandler.invoke(LocatingElementListHandler.java:39)
	at com.sun.proxy.$Proxy17.get(Unknown Source)
	at com.tetherfi.pages.WaitTimeColorConfigPage.ExporttoExcelWithoutData(WaitTimeColorConfigPage.java:961)
	at com.tetherfi.test.tmac.WaitTimeColorConfigTest.ExporttoExcelWithoutData(WaitTimeColorConfigTest.java:354)
	at java.base/java.util.ArrayList.forEach(Unknown Source)
... Removed 30 stack frames</pre></div><a href='#' onClick='toggleBox("stack-trace2120889188", this, "Click to show all stack frames", "Click to hide stack frames")'>Click to show all stack frames</a>
<div class='stack-trace' id='stack-trace2120889188'><pre>java.lang.IndexOutOfBoundsException: Index 0 out-of-bounds for length 0
	at java.base/jdk.internal.util.Preconditions.outOfBounds(Unknown Source)
	at java.base/jdk.internal.util.Preconditions.outOfBoundsCheckIndex(Unknown Source)
	at java.base/jdk.internal.util.Preconditions.checkIndex(Unknown Source)
	at java.base/java.util.Objects.checkIndex(Unknown Source)
	at java.base/java.util.ArrayList.get(Unknown Source)
	at java.base/jdk.internal.reflect.GeneratedMethodAccessor7.invoke(Unknown Source)
	at java.base/jdk.internal.reflect.DelegatingMethodAccessorImpl.invoke(Unknown Source)
	at java.base/java.lang.reflect.Method.invoke(Unknown Source)
	at org.openqa.selenium.support.pagefactory.internal.LocatingElementListHandler.invoke(LocatingElementListHandler.java:39)
	at com.sun.proxy.$Proxy17.get(Unknown Source)
	at com.tetherfi.pages.WaitTimeColorConfigPage.ExporttoExcelWithoutData(WaitTimeColorConfigPage.java:961)
	at com.tetherfi.test.tmac.WaitTimeColorConfigTest.ExporttoExcelWithoutData(WaitTimeColorConfigTest.java:354)
	at java.base/jdk.internal.reflect.NativeMethodAccessorImpl.invoke0(Native Method)
	at java.base/jdk.internal.reflect.NativeMethodAccessorImpl.invoke(Unknown Source)
	at java.base/jdk.internal.reflect.DelegatingMethodAccessorImpl.invoke(Unknown Source)
	at java.base/java.lang.reflect.Method.invoke(Unknown Source)
	at org.testng.internal.MethodInvocationHelper.invokeMethod(MethodInvocationHelper.java:133)
	at org.testng.internal.TestInvoker.invokeMethod(TestInvoker.java:584)
	at org.testng.internal.TestInvoker.invokeTestMethod(TestInvoker.java:172)
	at org.testng.internal.MethodRunner.runInSequence(MethodRunner.java:46)
	at org.testng.internal.TestInvoker$MethodInvocationAgent.invoke(TestInvoker.java:804)
	at org.testng.internal.TestInvoker.invokeTestMethods(TestInvoker.java:145)
	at org.testng.internal.TestMethodWorker.invokeTestMethods(TestMethodWorker.java:146)
	at org.testng.internal.TestMethodWorker.run(TestMethodWorker.java:128)
	at java.base/java.util.ArrayList.forEach(Unknown Source)
	at org.testng.TestRunner.privateRun(TestRunner.java:770)
	at org.testng.TestRunner.run(TestRunner.java:591)
	at org.testng.SuiteRunner.runTest(SuiteRunner.java:402)
	at org.testng.SuiteRunner.runSequentially(SuiteRunner.java:396)
	at org.testng.SuiteRunner.privateRun(SuiteRunner.java:355)
	at org.testng.SuiteRunner.run(SuiteRunner.java:304)
	at org.testng.SuiteRunnerWorker.runSuite(SuiteRunnerWorker.java:53)
	at org.testng.SuiteRunnerWorker.run(SuiteRunnerWorker.java:96)
	at org.testng.TestNG.runSuitesSequentially(TestNG.java:1180)
	at org.testng.TestNG.runSuitesLocally(TestNG.java:1102)
	at org.testng.TestNG.runSuites(TestNG.java:1032)
	at org.testng.TestNG.run(TestNG.java:1000)
	at org.testng.remote.AbstractRemoteTestNG.run(AbstractRemoteTestNG.java:115)
	at org.testng.remote.RemoteTestNG.initAndRun(RemoteTestNG.java:251)
	at org.testng.remote.RemoteTestNG.main(RemoteTestNG.java:77)
</pre></div></td>
<td>43</td>
<td>com.tetherfi.test.tmac.WaitTimeColorConfigTest@285583d4</td></tr>
<tr>
<td title='com.tetherfi.test.tmac.WaitTimeColorConfigTest.SearchClearSearch()'><b>SearchClearSearch</b><br>Test class: com.tetherfi.test.tmac.WaitTimeColorConfigTest<br/>
<a href="#Output-521775153" onClick='toggleBox("Output-521775153", this, "Show output", "Hide output");'>Show output</a>

<a href="#Output-521775153" onClick="toggleAllBoxes();">Show all outputs</a>
<div class='log' id="Output-521775153">
Test Case <b style="color:red;" "font-size:25px;">FAILED</b>
<br/>
<img src="Screenshot\SearchClearSearch.jpg" alt="Image Not Found"/><br /><br/>
</div>
</td>
<td><div><pre>org.openqa.selenium.NoSuchElementException: no such element: Unable to locate element: {&quot;method&quot;:&quot;xpath&quot;,&quot;selector&quot;:&quot;//div[text()=&apos;No records to display&apos;]&quot;}
  (Session info: chrome=78.0.3904.97)
For documentation on this error, please visit: https://www.seleniumhq.org/exceptions/no_such_element.html
Build info: version: &apos;3.141.59&apos;, revision: &apos;e82be7d358&apos;, time: &apos;2018-11-14T08:17:03&apos;
System info: host: &apos;DESKTOP-O6A5C2O&apos;, ip: &apos;10.0.75.1&apos;, os.name: &apos;Windows 10&apos;, os.arch: &apos;amd64&apos;, os.version: &apos;10.0&apos;, java.version: &apos;9.0.4&apos;
Driver info: org.openqa.selenium.chrome.ChromeDriver
Capabilities {acceptInsecureCerts: false, browserName: chrome, browserVersion: 78.0.3904.97, chrome: {chromedriverVersion: 78.0.3904.70 (edb9c9f3de024..., userDataDir: C:\Users\admin\AppData\Loca...}, goog:chromeOptions: {debuggerAddress: localhost:58565}, javascriptEnabled: true, networkConnectionEnabled: false, pageLoadStrategy: normal, platform: XP, platformName: XP, proxy: Proxy(), setWindowRect: true, strictFileInteractability: false, timeouts: {implicit: 0, pageLoad: 300000, script: 30000}, unhandledPromptBehavior: dismiss and notify}
Session ID: e1d0499598980e9e6bc561019c82a979
*** Element info: {Using=xpath, value=//div[text()=&apos;No records to display&apos;]}
	at org.openqa.selenium.remote.http.W3CHttpResponseCodec.createException(W3CHttpResponseCodec.java:187)
	at org.openqa.selenium.remote.http.W3CHttpResponseCodec.decode(W3CHttpResponseCodec.java:122)
	at org.openqa.selenium.remote.http.W3CHttpResponseCodec.decode(W3CHttpResponseCodec.java:49)
	at org.openqa.selenium.remote.HttpCommandExecutor.execute(HttpCommandExecutor.java:158)
	at org.openqa.selenium.remote.service.DriverCommandExecutor.execute(DriverCommandExecutor.java:83)
	at org.openqa.selenium.remote.RemoteWebDriver.execute(RemoteWebDriver.java:552)
	at org.openqa.selenium.remote.RemoteWebDriver.findElement(RemoteWebDriver.java:323)
	at org.openqa.selenium.remote.RemoteWebDriver.findElementByXPath(RemoteWebDriver.java:428)
	at org.openqa.selenium.By$ByXPath.findElement(By.java:353)
	at org.openqa.selenium.remote.RemoteWebDriver.findElement(RemoteWebDriver.java:315)
	at org.openqa.selenium.support.pagefactory.DefaultElementLocator.findElement(DefaultElementLocator.java:69)
	at org.openqa.selenium.support.pagefactory.internal.LocatingElementHandler.invoke(LocatingElementHandler.java:38)
	at com.sun.proxy.$Proxy16.isDisplayed(Unknown Source)
	at com.tetherfi.pages.WaitTimeColorConfigPage.verifyinvalidsearch(WaitTimeColorConfigPage.java:591)
	at com.tetherfi.test.tmac.WaitTimeColorConfigTest.SearchClearSearch(WaitTimeColorConfigTest.java:218)
	at java.base/java.util.ArrayList.forEach(Unknown Source)
... Removed 31 stack frames</pre></div><a href='#' onClick='toggleBox("stack-trace521775153", this, "Click to show all stack frames", "Click to hide stack frames")'>Click to show all stack frames</a>
<div class='stack-trace' id='stack-trace521775153'><pre>org.openqa.selenium.NoSuchElementException: no such element: Unable to locate element: {&quot;method&quot;:&quot;xpath&quot;,&quot;selector&quot;:&quot;//div[text()=&apos;No records to display&apos;]&quot;}
  (Session info: chrome=78.0.3904.97)
For documentation on this error, please visit: https://www.seleniumhq.org/exceptions/no_such_element.html
Build info: version: &apos;3.141.59&apos;, revision: &apos;e82be7d358&apos;, time: &apos;2018-11-14T08:17:03&apos;
System info: host: &apos;DESKTOP-O6A5C2O&apos;, ip: &apos;10.0.75.1&apos;, os.name: &apos;Windows 10&apos;, os.arch: &apos;amd64&apos;, os.version: &apos;10.0&apos;, java.version: &apos;9.0.4&apos;
Driver info: org.openqa.selenium.chrome.ChromeDriver
Capabilities {acceptInsecureCerts: false, browserName: chrome, browserVersion: 78.0.3904.97, chrome: {chromedriverVersion: 78.0.3904.70 (edb9c9f3de024..., userDataDir: C:\Users\admin\AppData\Loca...}, goog:chromeOptions: {debuggerAddress: localhost:58565}, javascriptEnabled: true, networkConnectionEnabled: false, pageLoadStrategy: normal, platform: XP, platformName: XP, proxy: Proxy(), setWindowRect: true, strictFileInteractability: false, timeouts: {implicit: 0, pageLoad: 300000, script: 30000}, unhandledPromptBehavior: dismiss and notify}
Session ID: e1d0499598980e9e6bc561019c82a979
*** Element info: {Using=xpath, value=//div[text()=&apos;No records to display&apos;]}
	at java.base/jdk.internal.reflect.NativeConstructorAccessorImpl.newInstance0(Native Method)
	at java.base/jdk.internal.reflect.NativeConstructorAccessorImpl.newInstance(Unknown Source)
	at java.base/jdk.internal.reflect.DelegatingConstructorAccessorImpl.newInstance(Unknown Source)
	at java.base/java.lang.reflect.Constructor.newInstance(Unknown Source)
	at org.openqa.selenium.remote.http.W3CHttpResponseCodec.createException(W3CHttpResponseCodec.java:187)
	at org.openqa.selenium.remote.http.W3CHttpResponseCodec.decode(W3CHttpResponseCodec.java:122)
	at org.openqa.selenium.remote.http.W3CHttpResponseCodec.decode(W3CHttpResponseCodec.java:49)
	at org.openqa.selenium.remote.HttpCommandExecutor.execute(HttpCommandExecutor.java:158)
	at org.openqa.selenium.remote.service.DriverCommandExecutor.execute(DriverCommandExecutor.java:83)
	at org.openqa.selenium.remote.RemoteWebDriver.execute(RemoteWebDriver.java:552)
	at org.openqa.selenium.remote.RemoteWebDriver.findElement(RemoteWebDriver.java:323)
	at org.openqa.selenium.remote.RemoteWebDriver.findElementByXPath(RemoteWebDriver.java:428)
	at org.openqa.selenium.By$ByXPath.findElement(By.java:353)
	at org.openqa.selenium.remote.RemoteWebDriver.findElement(RemoteWebDriver.java:315)
	at org.openqa.selenium.support.pagefactory.DefaultElementLocator.findElement(DefaultElementLocator.java:69)
	at org.openqa.selenium.support.pagefactory.internal.LocatingElementHandler.invoke(LocatingElementHandler.java:38)
	at com.sun.proxy.$Proxy16.isDisplayed(Unknown Source)
	at com.tetherfi.pages.WaitTimeColorConfigPage.verifyinvalidsearch(WaitTimeColorConfigPage.java:591)
	at com.tetherfi.test.tmac.WaitTimeColorConfigTest.SearchClearSearch(WaitTimeColorConfigTest.java:218)
	at java.base/jdk.internal.reflect.NativeMethodAccessorImpl.invoke0(Native Method)
	at java.base/jdk.internal.reflect.NativeMethodAccessorImpl.invoke(Unknown Source)
	at java.base/jdk.internal.reflect.DelegatingMethodAccessorImpl.invoke(Unknown Source)
	at java.base/java.lang.reflect.Method.invoke(Unknown Source)
	at org.testng.internal.MethodInvocationHelper.invokeMethod(MethodInvocationHelper.java:133)
	at org.testng.internal.TestInvoker.invokeMethod(TestInvoker.java:584)
	at org.testng.internal.TestInvoker.invokeTestMethod(TestInvoker.java:172)
	at org.testng.internal.MethodRunner.runInSequence(MethodRunner.java:46)
	at org.testng.internal.TestInvoker$MethodInvocationAgent.invoke(TestInvoker.java:804)
	at org.testng.internal.TestInvoker.invokeTestMethods(TestInvoker.java:145)
	at org.testng.internal.TestMethodWorker.invokeTestMethods(TestMethodWorker.java:146)
	at org.testng.internal.TestMethodWorker.run(TestMethodWorker.java:128)
	at java.base/java.util.ArrayList.forEach(Unknown Source)
	at org.testng.TestRunner.privateRun(TestRunner.java:770)
	at org.testng.TestRunner.run(TestRunner.java:591)
	at org.testng.SuiteRunner.runTest(SuiteRunner.java:402)
	at org.testng.SuiteRunner.runSequentially(SuiteRunner.java:396)
	at org.testng.SuiteRunner.privateRun(SuiteRunner.java:355)
	at org.testng.SuiteRunner.run(SuiteRunner.java:304)
	at org.testng.SuiteRunnerWorker.runSuite(SuiteRunnerWorker.java:53)
	at org.testng.SuiteRunnerWorker.run(SuiteRunnerWorker.java:96)
	at org.testng.TestNG.runSuitesSequentially(TestNG.java:1180)
	at org.testng.TestNG.runSuitesLocally(TestNG.java:1102)
	at org.testng.TestNG.runSuites(TestNG.java:1032)
	at org.testng.TestNG.run(TestNG.java:1000)
	at org.testng.remote.AbstractRemoteTestNG.run(AbstractRemoteTestNG.java:115)
	at org.testng.remote.RemoteTestNG.initAndRun(RemoteTestNG.java:251)
	at org.testng.remote.RemoteTestNG.main(RemoteTestNG.java:77)
</pre></div></td>
<td>42</td>
<td>com.tetherfi.test.tmac.WaitTimeColorConfigTest@285583d4</td></tr>
<tr>
<td title='com.tetherfi.test.tmac.TmacBroadCastMsgTest.SortingByAscending()'><b>SortingByAscending</b><br>Test class: com.tetherfi.test.tmac.TmacBroadCastMsgTest<br/>
<a href="#Output-498225386" onClick='toggleBox("Output-498225386", this, "Show output", "Hide output");'>Show output</a>

<a href="#Output-498225386" onClick="toggleAllBoxes();">Show all outputs</a>
<div class='log' id="Output-498225386">
Test Case <b style="color:red;" "font-size:25px;">FAILED</b>
<br/>
<img src="Screenshot\SortingByAscending.jpg" alt="Image Not Found"/><br /><br/>
</div>
</td>
<td><div><pre>org.openqa.selenium.TimeoutException: Expected condition failed: waiting for visibility of Proxy element for: DefaultElementLocator &apos;By.xpath: //a[text()=&apos;TeamName&apos;]&apos; (tried for 30 second(s) with 500 milliseconds interval)
	at org.openqa.selenium.support.ui.WebDriverWait.timeoutException(WebDriverWait.java:95)
	at org.openqa.selenium.support.ui.FluentWait.until(FluentWait.java:272)
	at com.tetherfi.pages.BasePage.waitUntilWebElementIsVisible(BasePage.java:127)
	at com.tetherfi.pages.BasePage.selectWebElement(BasePage.java:198)
	at com.tetherfi.pages.TmacBroadCastMsgPage.SortByAscending(TmacBroadCastMsgPage.java:963)
	at com.tetherfi.test.tmac.TmacBroadCastMsgTest.SortingByAscending(TmacBroadCastMsgTest.java:315)
	at java.base/java.util.ArrayList.forEach(Unknown Source)
Caused by: org.openqa.selenium.NoSuchElementException: no such element: Unable to locate element: {&quot;method&quot;:&quot;xpath&quot;,&quot;selector&quot;:&quot;//a[text()=&apos;TeamName&apos;]&quot;}
  (Session info: chrome=78.0.3904.97)
For documentation on this error, please visit: https://www.seleniumhq.org/exceptions/no_such_element.html
Build info: version: &apos;3.141.59&apos;, revision: &apos;e82be7d358&apos;, time: &apos;2018-11-14T08:17:03&apos;
System info: host: &apos;DESKTOP-O6A5C2O&apos;, ip: &apos;10.0.75.1&apos;, os.name: &apos;Windows 10&apos;, os.arch: &apos;amd64&apos;, os.version: &apos;10.0&apos;, java.version: &apos;9.0.4&apos;
Driver info: org.openqa.selenium.chrome.ChromeDriver
Capabilities {acceptInsecureCerts: false, browserName: chrome, browserVersion: 78.0.3904.97, chrome: {chromedriverVersion: 78.0.3904.70 (edb9c9f3de024..., userDataDir: C:\Users\admin\AppData\Loca...}, goog:chromeOptions: {debuggerAddress: localhost:57745}, javascriptEnabled: true, networkConnectionEnabled: false, pageLoadStrategy: normal, platform: XP, platformName: XP, proxy: Proxy(), setWindowRect: true, strictFileInteractability: false, timeouts: {implicit: 0, pageLoad: 300000, script: 30000}, unhandledPromptBehavior: dismiss and notify}
Session ID: 5be2af2941a1181b726b5fe6661df966
*** Element info: {Using=xpath, value=//a[text()=&apos;TeamName&apos;]}
	at org.openqa.selenium.remote.http.W3CHttpResponseCodec.createException(W3CHttpResponseCodec.java:187)
	at org.openqa.selenium.remote.http.W3CHttpResponseCodec.decode(W3CHttpResponseCodec.java:122)
	at org.openqa.selenium.remote.http.W3CHttpResponseCodec.decode(W3CHttpResponseCodec.java:49)
	at org.openqa.selenium.remote.HttpCommandExecutor.execute(HttpCommandExecutor.java:158)
	at org.openqa.selenium.remote.service.DriverCommandExecutor.execute(DriverCommandExecutor.java:83)
	at org.openqa.selenium.remote.RemoteWebDriver.execute(RemoteWebDriver.java:552)
	at org.openqa.selenium.remote.RemoteWebDriver.findElement(RemoteWebDriver.java:323)
	at org.openqa.selenium.remote.RemoteWebDriver.findElementByXPath(RemoteWebDriver.java:428)
	at org.openqa.selenium.By$ByXPath.findElement(By.java:353)
	at org.openqa.selenium.remote.RemoteWebDriver.findElement(RemoteWebDriver.java:315)
	at org.openqa.selenium.support.pagefactory.DefaultElementLocator.findElement(DefaultElementLocator.java:69)
	at org.openqa.selenium.support.pagefactory.internal.LocatingElementHandler.invoke(LocatingElementHandler.java:38)
	at com.sun.proxy.$Proxy16.isDisplayed(Unknown Source)
	at org.openqa.selenium.support.ui.ExpectedConditions.elementIfVisible(ExpectedConditions.java:314)
	at org.openqa.selenium.support.ui.ExpectedConditions.access$000(ExpectedConditions.java:43)
	at org.openqa.selenium.support.ui.ExpectedConditions$10.apply(ExpectedConditions.java:300)
	at org.openqa.selenium.support.ui.ExpectedConditions$10.apply(ExpectedConditions.java:297)
	at org.openqa.selenium.support.ui.FluentWait.until(FluentWait.java:249)
	... 32 more
... Removed 31 stack frames</pre></div><a href='#' onClick='toggleBox("stack-trace498225386", this, "Click to show all stack frames", "Click to hide stack frames")'>Click to show all stack frames</a>
<div class='stack-trace' id='stack-trace498225386'><pre>org.openqa.selenium.TimeoutException: Expected condition failed: waiting for visibility of Proxy element for: DefaultElementLocator &apos;By.xpath: //a[text()=&apos;TeamName&apos;]&apos; (tried for 30 second(s) with 500 milliseconds interval)
	at org.openqa.selenium.support.ui.WebDriverWait.timeoutException(WebDriverWait.java:95)
	at org.openqa.selenium.support.ui.FluentWait.until(FluentWait.java:272)
	at com.tetherfi.pages.BasePage.waitUntilWebElementIsVisible(BasePage.java:127)
	at com.tetherfi.pages.BasePage.selectWebElement(BasePage.java:198)
	at com.tetherfi.pages.TmacBroadCastMsgPage.SortByAscending(TmacBroadCastMsgPage.java:963)
	at com.tetherfi.test.tmac.TmacBroadCastMsgTest.SortingByAscending(TmacBroadCastMsgTest.java:315)
	at java.base/jdk.internal.reflect.NativeMethodAccessorImpl.invoke0(Native Method)
	at java.base/jdk.internal.reflect.NativeMethodAccessorImpl.invoke(Unknown Source)
	at java.base/jdk.internal.reflect.DelegatingMethodAccessorImpl.invoke(Unknown Source)
	at java.base/java.lang.reflect.Method.invoke(Unknown Source)
	at org.testng.internal.MethodInvocationHelper.invokeMethod(MethodInvocationHelper.java:133)
	at org.testng.internal.TestInvoker.invokeMethod(TestInvoker.java:584)
	at org.testng.internal.TestInvoker.invokeTestMethod(TestInvoker.java:172)
	at org.testng.internal.MethodRunner.runInSequence(MethodRunner.java:46)
	at org.testng.internal.TestInvoker$MethodInvocationAgent.invoke(TestInvoker.java:804)
	at org.testng.internal.TestInvoker.invokeTestMethods(TestInvoker.java:145)
	at org.testng.internal.TestMethodWorker.invokeTestMethods(TestMethodWorker.java:146)
	at org.testng.internal.TestMethodWorker.run(TestMethodWorker.java:128)
	at java.base/java.util.ArrayList.forEach(Unknown Source)
	at org.testng.TestRunner.privateRun(TestRunner.java:770)
	at org.testng.TestRunner.run(TestRunner.java:591)
	at org.testng.SuiteRunner.runTest(SuiteRunner.java:402)
	at org.testng.SuiteRunner.runSequentially(SuiteRunner.java:396)
	at org.testng.SuiteRunner.privateRun(SuiteRunner.java:355)
	at org.testng.SuiteRunner.run(SuiteRunner.java:304)
	at org.testng.SuiteRunnerWorker.runSuite(SuiteRunnerWorker.java:53)
	at org.testng.SuiteRunnerWorker.run(SuiteRunnerWorker.java:96)
	at org.testng.TestNG.runSuitesSequentially(TestNG.java:1180)
	at org.testng.TestNG.runSuitesLocally(TestNG.java:1102)
	at org.testng.TestNG.runSuites(TestNG.java:1032)
	at org.testng.TestNG.run(TestNG.java:1000)
	at org.testng.remote.AbstractRemoteTestNG.run(AbstractRemoteTestNG.java:115)
	at org.testng.remote.RemoteTestNG.initAndRun(RemoteTestNG.java:251)
	at org.testng.remote.RemoteTestNG.main(RemoteTestNG.java:77)
Caused by: org.openqa.selenium.NoSuchElementException: no such element: Unable to locate element: {&quot;method&quot;:&quot;xpath&quot;,&quot;selector&quot;:&quot;//a[text()=&apos;TeamName&apos;]&quot;}
  (Session info: chrome=78.0.3904.97)
For documentation on this error, please visit: https://www.seleniumhq.org/exceptions/no_such_element.html
Build info: version: &apos;3.141.59&apos;, revision: &apos;e82be7d358&apos;, time: &apos;2018-11-14T08:17:03&apos;
System info: host: &apos;DESKTOP-O6A5C2O&apos;, ip: &apos;10.0.75.1&apos;, os.name: &apos;Windows 10&apos;, os.arch: &apos;amd64&apos;, os.version: &apos;10.0&apos;, java.version: &apos;9.0.4&apos;
Driver info: org.openqa.selenium.chrome.ChromeDriver
Capabilities {acceptInsecureCerts: false, browserName: chrome, browserVersion: 78.0.3904.97, chrome: {chromedriverVersion: 78.0.3904.70 (edb9c9f3de024..., userDataDir: C:\Users\admin\AppData\Loca...}, goog:chromeOptions: {debuggerAddress: localhost:57745}, javascriptEnabled: true, networkConnectionEnabled: false, pageLoadStrategy: normal, platform: XP, platformName: XP, proxy: Proxy(), setWindowRect: true, strictFileInteractability: false, timeouts: {implicit: 0, pageLoad: 300000, script: 30000}, unhandledPromptBehavior: dismiss and notify}
Session ID: 5be2af2941a1181b726b5fe6661df966
*** Element info: {Using=xpath, value=//a[text()=&apos;TeamName&apos;]}
	at java.base/jdk.internal.reflect.NativeConstructorAccessorImpl.newInstance0(Native Method)
	at java.base/jdk.internal.reflect.NativeConstructorAccessorImpl.newInstance(Unknown Source)
	at java.base/jdk.internal.reflect.DelegatingConstructorAccessorImpl.newInstance(Unknown Source)
	at java.base/java.lang.reflect.Constructor.newInstance(Unknown Source)
	at org.openqa.selenium.remote.http.W3CHttpResponseCodec.createException(W3CHttpResponseCodec.java:187)
	at org.openqa.selenium.remote.http.W3CHttpResponseCodec.decode(W3CHttpResponseCodec.java:122)
	at org.openqa.selenium.remote.http.W3CHttpResponseCodec.decode(W3CHttpResponseCodec.java:49)
	at org.openqa.selenium.remote.HttpCommandExecutor.execute(HttpCommandExecutor.java:158)
	at org.openqa.selenium.remote.service.DriverCommandExecutor.execute(DriverCommandExecutor.java:83)
	at org.openqa.selenium.remote.RemoteWebDriver.execute(RemoteWebDriver.java:552)
	at org.openqa.selenium.remote.RemoteWebDriver.findElement(RemoteWebDriver.java:323)
	at org.openqa.selenium.remote.RemoteWebDriver.findElementByXPath(RemoteWebDriver.java:428)
	at org.openqa.selenium.By$ByXPath.findElement(By.java:353)
	at org.openqa.selenium.remote.RemoteWebDriver.findElement(RemoteWebDriver.java:315)
	at org.openqa.selenium.support.pagefactory.DefaultElementLocator.findElement(DefaultElementLocator.java:69)
	at org.openqa.selenium.support.pagefactory.internal.LocatingElementHandler.invoke(LocatingElementHandler.java:38)
	at com.sun.proxy.$Proxy16.isDisplayed(Unknown Source)
	at org.openqa.selenium.support.ui.ExpectedConditions.elementIfVisible(ExpectedConditions.java:314)
	at org.openqa.selenium.support.ui.ExpectedConditions.access$000(ExpectedConditions.java:43)
	at org.openqa.selenium.support.ui.ExpectedConditions$10.apply(ExpectedConditions.java:300)
	at org.openqa.selenium.support.ui.ExpectedConditions$10.apply(ExpectedConditions.java:297)
	at org.openqa.selenium.support.ui.FluentWait.until(FluentWait.java:249)
	... 32 more
</pre></div></td>
<td>80</td>
<td>com.tetherfi.test.tmac.TmacBroadCastMsgTest@f1266c6</td></tr>
<tr>
<td title='com.tetherfi.test.tmac.TmacBroadCastMsgTest.SortingByDescending()'><b>SortingByDescending</b><br>Test class: com.tetherfi.test.tmac.TmacBroadCastMsgTest<br/>
<a href="#Output-420895444" onClick='toggleBox("Output-420895444", this, "Show output", "Hide output");'>Show output</a>

<a href="#Output-420895444" onClick="toggleAllBoxes();">Show all outputs</a>
<div class='log' id="Output-420895444">
Test Case <b style="color:red;" "font-size:25px;">FAILED</b>
<br/>
<img src="Screenshot\SortingByDescending.jpg" alt="Image Not Found"/><br /><br/>
</div>
</td>
<td><div><pre>java.lang.AssertionError: did not expect to find [true] but found [false]
	at com.tetherfi.test.tmac.TmacBroadCastMsgTest.SortingByDescending(TmacBroadCastMsgTest.java:326)
	at java.base/java.util.ArrayList.forEach(Unknown Source)
... Removed 31 stack frames</pre></div><a href='#' onClick='toggleBox("stack-trace420895444", this, "Click to show all stack frames", "Click to hide stack frames")'>Click to show all stack frames</a>
<div class='stack-trace' id='stack-trace420895444'><pre>java.lang.AssertionError: did not expect to find [true] but found [false]
	at org.testng.Assert.fail(Assert.java:97)
	at org.testng.Assert.failNotEquals(Assert.java:969)
	at org.testng.Assert.assertTrue(Assert.java:43)
	at org.testng.Assert.assertTrue(Assert.java:53)
	at com.tetherfi.test.tmac.TmacBroadCastMsgTest.SortingByDescending(TmacBroadCastMsgTest.java:326)
	at java.base/jdk.internal.reflect.NativeMethodAccessorImpl.invoke0(Native Method)
	at java.base/jdk.internal.reflect.NativeMethodAccessorImpl.invoke(Unknown Source)
	at java.base/jdk.internal.reflect.DelegatingMethodAccessorImpl.invoke(Unknown Source)
	at java.base/java.lang.reflect.Method.invoke(Unknown Source)
	at org.testng.internal.MethodInvocationHelper.invokeMethod(MethodInvocationHelper.java:133)
	at org.testng.internal.TestInvoker.invokeMethod(TestInvoker.java:584)
	at org.testng.internal.TestInvoker.invokeTestMethod(TestInvoker.java:172)
	at org.testng.internal.MethodRunner.runInSequence(MethodRunner.java:46)
	at org.testng.internal.TestInvoker$MethodInvocationAgent.invoke(TestInvoker.java:804)
	at org.testng.internal.TestInvoker.invokeTestMethods(TestInvoker.java:145)
	at org.testng.internal.TestMethodWorker.invokeTestMethods(TestMethodWorker.java:146)
	at org.testng.internal.TestMethodWorker.run(TestMethodWorker.java:128)
	at java.base/java.util.ArrayList.forEach(Unknown Source)
	at org.testng.TestRunner.privateRun(TestRunner.java:770)
	at org.testng.TestRunner.run(TestRunner.java:591)
	at org.testng.SuiteRunner.runTest(SuiteRunner.java:402)
	at org.testng.SuiteRunner.runSequentially(SuiteRunner.java:396)
	at org.testng.SuiteRunner.privateRun(SuiteRunner.java:355)
	at org.testng.SuiteRunner.run(SuiteRunner.java:304)
	at org.testng.SuiteRunnerWorker.runSuite(SuiteRunnerWorker.java:53)
	at org.testng.SuiteRunnerWorker.run(SuiteRunnerWorker.java:96)
	at org.testng.TestNG.runSuitesSequentially(TestNG.java:1180)
	at org.testng.TestNG.runSuitesLocally(TestNG.java:1102)
	at org.testng.TestNG.runSuites(TestNG.java:1032)
	at org.testng.TestNG.run(TestNG.java:1000)
	at org.testng.remote.AbstractRemoteTestNG.run(AbstractRemoteTestNG.java:115)
	at org.testng.remote.RemoteTestNG.initAndRun(RemoteTestNG.java:251)
	at org.testng.remote.RemoteTestNG.main(RemoteTestNG.java:77)
</pre></div></td>
<td>4</td>
<td>com.tetherfi.test.tmac.TmacBroadCastMsgTest@f1266c6</td></tr>
<tr>
<td title='com.tetherfi.test.tmac.TmacBroadCastMsgTest.VerifyAuditTrailReportForUpdate()'><b>VerifyAuditTrailReportForUpdate</b><br>Test class: com.tetherfi.test.tmac.TmacBroadCastMsgTest<br/>
<a href="#Output-207331742" onClick='toggleBox("Output-207331742", this, "Show output", "Hide output");'>Show output</a>

<a href="#Output-207331742" onClick="toggleAllBoxes();">Show all outputs</a>
<div class='log' id="Output-207331742">
Test Case <b style="color:red;" "font-size:25px;">FAILED</b>
<br/>
<img src="Screenshot\VerifyAuditTrailReportForUpdate.jpg" alt="Image Not Found"/><br /><br/>
</div>
</td>
<td><div><pre>java.lang.AssertionError: did not expect to find [true] but found [false]
	at com.tetherfi.test.tmac.TmacBroadCastMsgTest.VerifyAuditTrailReportForUpdate(TmacBroadCastMsgTest.java:168)
	at java.base/java.util.ArrayList.forEach(Unknown Source)
... Removed 31 stack frames</pre></div><a href='#' onClick='toggleBox("stack-trace207331742", this, "Click to show all stack frames", "Click to hide stack frames")'>Click to show all stack frames</a>
<div class='stack-trace' id='stack-trace207331742'><pre>java.lang.AssertionError: did not expect to find [true] but found [false]
	at org.testng.Assert.fail(Assert.java:97)
	at org.testng.Assert.failNotEquals(Assert.java:969)
	at org.testng.Assert.assertTrue(Assert.java:43)
	at org.testng.Assert.assertTrue(Assert.java:53)
	at com.tetherfi.test.tmac.TmacBroadCastMsgTest.VerifyAuditTrailReportForUpdate(TmacBroadCastMsgTest.java:168)
	at java.base/jdk.internal.reflect.NativeMethodAccessorImpl.invoke0(Native Method)
	at java.base/jdk.internal.reflect.NativeMethodAccessorImpl.invoke(Unknown Source)
	at java.base/jdk.internal.reflect.DelegatingMethodAccessorImpl.invoke(Unknown Source)
	at java.base/java.lang.reflect.Method.invoke(Unknown Source)
	at org.testng.internal.MethodInvocationHelper.invokeMethod(MethodInvocationHelper.java:133)
	at org.testng.internal.TestInvoker.invokeMethod(TestInvoker.java:584)
	at org.testng.internal.TestInvoker.invokeTestMethod(TestInvoker.java:172)
	at org.testng.internal.MethodRunner.runInSequence(MethodRunner.java:46)
	at org.testng.internal.TestInvoker$MethodInvocationAgent.invoke(TestInvoker.java:804)
	at org.testng.internal.TestInvoker.invokeTestMethods(TestInvoker.java:145)
	at org.testng.internal.TestMethodWorker.invokeTestMethods(TestMethodWorker.java:146)
	at org.testng.internal.TestMethodWorker.run(TestMethodWorker.java:128)
	at java.base/java.util.ArrayList.forEach(Unknown Source)
	at org.testng.TestRunner.privateRun(TestRunner.java:770)
	at org.testng.TestRunner.run(TestRunner.java:591)
	at org.testng.SuiteRunner.runTest(SuiteRunner.java:402)
	at org.testng.SuiteRunner.runSequentially(SuiteRunner.java:396)
	at org.testng.SuiteRunner.privateRun(SuiteRunner.java:355)
	at org.testng.SuiteRunner.run(SuiteRunner.java:304)
	at org.testng.SuiteRunnerWorker.runSuite(SuiteRunnerWorker.java:53)
	at org.testng.SuiteRunnerWorker.run(SuiteRunnerWorker.java:96)
	at org.testng.TestNG.runSuitesSequentially(TestNG.java:1180)
	at org.testng.TestNG.runSuitesLocally(TestNG.java:1102)
	at org.testng.TestNG.runSuites(TestNG.java:1032)
	at org.testng.TestNG.run(TestNG.java:1000)
	at org.testng.remote.AbstractRemoteTestNG.run(AbstractRemoteTestNG.java:115)
	at org.testng.remote.RemoteTestNG.initAndRun(RemoteTestNG.java:251)
	at org.testng.remote.RemoteTestNG.main(RemoteTestNG.java:77)
</pre></div></td>
<td>21</td>
<td>com.tetherfi.test.tmac.TmacBroadCastMsgTest@f1266c6</td></tr>
<tr>
<td title='com.tetherfi.test.tmac.WaitTimeColorConfigTest.VerifyAuditTrialReportForDelete()'><b>VerifyAuditTrialReportForDelete</b><br>Test class: com.tetherfi.test.tmac.WaitTimeColorConfigTest<br/>
<a href="#Output-1851953843" onClick='toggleBox("Output-1851953843", this, "Show output", "Hide output");'>Show output</a>

<a href="#Output-1851953843" onClick="toggleAllBoxes();">Show all outputs</a>
<div class='log' id="Output-1851953843">
Test Case <b style="color:red;" "font-size:25px;">FAILED</b>
<br/>
<img src="Screenshot\VerifyAuditTrialReportForDelete.jpg" alt="Image Not Found"/><br /><br/>
</div>
</td>
<td><div><pre>java.lang.IndexOutOfBoundsException: Index 1 out-of-bounds for length 1
	at java.base/jdk.internal.util.Preconditions.outOfBounds(Unknown Source)
	at java.base/jdk.internal.util.Preconditions.outOfBoundsCheckIndex(Unknown Source)
	at java.base/jdk.internal.util.Preconditions.checkIndex(Unknown Source)
	at java.base/java.util.Objects.checkIndex(Unknown Source)
	at java.base/java.util.ArrayList.get(Unknown Source)
	at com.tetherfi.pages.OCMReportsPage.getFirstRowDatafromTable1(OCMReportsPage.java:1275)
	at com.tetherfi.pages.OCMReportsPage.verifywaitTimeColorConfigdelete(OCMReportsPage.java:1373)
	at com.tetherfi.test.tmac.WaitTimeColorConfigTest.VerifyAuditTrialReportForDelete(WaitTimeColorConfigTest.java:270)
	at java.base/java.util.ArrayList.forEach(Unknown Source)
... Removed 27 stack frames</pre></div><a href='#' onClick='toggleBox("stack-trace1851953843", this, "Click to show all stack frames", "Click to hide stack frames")'>Click to show all stack frames</a>
<div class='stack-trace' id='stack-trace1851953843'><pre>java.lang.IndexOutOfBoundsException: Index 1 out-of-bounds for length 1
	at java.base/jdk.internal.util.Preconditions.outOfBounds(Unknown Source)
	at java.base/jdk.internal.util.Preconditions.outOfBoundsCheckIndex(Unknown Source)
	at java.base/jdk.internal.util.Preconditions.checkIndex(Unknown Source)
	at java.base/java.util.Objects.checkIndex(Unknown Source)
	at java.base/java.util.ArrayList.get(Unknown Source)
	at com.tetherfi.pages.OCMReportsPage.getFirstRowDatafromTable1(OCMReportsPage.java:1275)
	at com.tetherfi.pages.OCMReportsPage.verifywaitTimeColorConfigdelete(OCMReportsPage.java:1373)
	at com.tetherfi.test.tmac.WaitTimeColorConfigTest.VerifyAuditTrialReportForDelete(WaitTimeColorConfigTest.java:270)
	at java.base/jdk.internal.reflect.NativeMethodAccessorImpl.invoke0(Native Method)
	at java.base/jdk.internal.reflect.NativeMethodAccessorImpl.invoke(Unknown Source)
	at java.base/jdk.internal.reflect.DelegatingMethodAccessorImpl.invoke(Unknown Source)
	at java.base/java.lang.reflect.Method.invoke(Unknown Source)
	at org.testng.internal.MethodInvocationHelper.invokeMethod(MethodInvocationHelper.java:133)
	at org.testng.internal.TestInvoker.invokeMethod(TestInvoker.java:584)
	at org.testng.internal.TestInvoker.invokeTestMethod(TestInvoker.java:172)
	at org.testng.internal.MethodRunner.runInSequence(MethodRunner.java:46)
	at org.testng.internal.TestInvoker$MethodInvocationAgent.invoke(TestInvoker.java:804)
	at org.testng.internal.TestInvoker.invokeTestMethods(TestInvoker.java:145)
	at org.testng.internal.TestMethodWorker.invokeTestMethods(TestMethodWorker.java:146)
	at org.testng.internal.TestMethodWorker.run(TestMethodWorker.java:128)
	at java.base/java.util.ArrayList.forEach(Unknown Source)
	at org.testng.TestRunner.privateRun(TestRunner.java:770)
	at org.testng.TestRunner.run(TestRunner.java:591)
	at org.testng.SuiteRunner.runTest(SuiteRunner.java:402)
	at org.testng.SuiteRunner.runSequentially(SuiteRunner.java:396)
	at org.testng.SuiteRunner.privateRun(SuiteRunner.java:355)
	at org.testng.SuiteRunner.run(SuiteRunner.java:304)
	at org.testng.SuiteRunnerWorker.runSuite(SuiteRunnerWorker.java:53)
	at org.testng.SuiteRunnerWorker.run(SuiteRunnerWorker.java:96)
	at org.testng.TestNG.runSuitesSequentially(TestNG.java:1180)
	at org.testng.TestNG.runSuitesLocally(TestNG.java:1102)
	at org.testng.TestNG.runSuites(TestNG.java:1032)
	at org.testng.TestNG.run(TestNG.java:1000)
	at org.testng.remote.AbstractRemoteTestNG.run(AbstractRemoteTestNG.java:115)
	at org.testng.remote.RemoteTestNG.initAndRun(RemoteTestNG.java:251)
	at org.testng.remote.RemoteTestNG.main(RemoteTestNG.java:77)
</pre></div></td>
<td>20</td>
<td>com.tetherfi.test.tmac.WaitTimeColorConfigTest@285583d4</td></tr>
<tr>
<td title='com.tetherfi.test.tmac.WaitTimeColorConfigTest.VerifyAuditTrialReportForUpdate()'><b>VerifyAuditTrialReportForUpdate</b><br>Test class: com.tetherfi.test.tmac.WaitTimeColorConfigTest<br/>
<a href="#Output-53615208" onClick='toggleBox("Output-53615208", this, "Show output", "Hide output");'>Show output</a>

<a href="#Output-53615208" onClick="toggleAllBoxes();">Show all outputs</a>
<div class='log' id="Output-53615208">
Test Case <b style="color:red;" "font-size:25px;">FAILED</b>
<br/>
<img src="Screenshot\VerifyAuditTrialReportForUpdate.jpg" alt="Image Not Found"/><br /><br/>
</div>
</td>
<td><div><pre>java.lang.IndexOutOfBoundsException: Index 1 out-of-bounds for length 1
	at java.base/jdk.internal.util.Preconditions.outOfBounds(Unknown Source)
	at java.base/jdk.internal.util.Preconditions.outOfBoundsCheckIndex(Unknown Source)
	at java.base/jdk.internal.util.Preconditions.checkIndex(Unknown Source)
	at java.base/java.util.Objects.checkIndex(Unknown Source)
	at java.base/java.util.ArrayList.get(Unknown Source)
	at com.tetherfi.pages.OCMReportsPage.getFirstRowDatafromTable1(OCMReportsPage.java:1275)
	at com.tetherfi.pages.OCMReportsPage.verifywaitTimeColorConfigUpdate(OCMReportsPage.java:1315)
	at com.tetherfi.test.tmac.WaitTimeColorConfigTest.VerifyAuditTrialReportForUpdate(WaitTimeColorConfigTest.java:196)
	at java.base/java.util.ArrayList.forEach(Unknown Source)
... Removed 27 stack frames</pre></div><a href='#' onClick='toggleBox("stack-trace53615208", this, "Click to show all stack frames", "Click to hide stack frames")'>Click to show all stack frames</a>
<div class='stack-trace' id='stack-trace53615208'><pre>java.lang.IndexOutOfBoundsException: Index 1 out-of-bounds for length 1
	at java.base/jdk.internal.util.Preconditions.outOfBounds(Unknown Source)
	at java.base/jdk.internal.util.Preconditions.outOfBoundsCheckIndex(Unknown Source)
	at java.base/jdk.internal.util.Preconditions.checkIndex(Unknown Source)
	at java.base/java.util.Objects.checkIndex(Unknown Source)
	at java.base/java.util.ArrayList.get(Unknown Source)
	at com.tetherfi.pages.OCMReportsPage.getFirstRowDatafromTable1(OCMReportsPage.java:1275)
	at com.tetherfi.pages.OCMReportsPage.verifywaitTimeColorConfigUpdate(OCMReportsPage.java:1315)
	at com.tetherfi.test.tmac.WaitTimeColorConfigTest.VerifyAuditTrialReportForUpdate(WaitTimeColorConfigTest.java:196)
	at java.base/jdk.internal.reflect.NativeMethodAccessorImpl.invoke0(Native Method)
	at java.base/jdk.internal.reflect.NativeMethodAccessorImpl.invoke(Unknown Source)
	at java.base/jdk.internal.reflect.DelegatingMethodAccessorImpl.invoke(Unknown Source)
	at java.base/java.lang.reflect.Method.invoke(Unknown Source)
	at org.testng.internal.MethodInvocationHelper.invokeMethod(MethodInvocationHelper.java:133)
	at org.testng.internal.TestInvoker.invokeMethod(TestInvoker.java:584)
	at org.testng.internal.TestInvoker.invokeTestMethod(TestInvoker.java:172)
	at org.testng.internal.MethodRunner.runInSequence(MethodRunner.java:46)
	at org.testng.internal.TestInvoker$MethodInvocationAgent.invoke(TestInvoker.java:804)
	at org.testng.internal.TestInvoker.invokeTestMethods(TestInvoker.java:145)
	at org.testng.internal.TestMethodWorker.invokeTestMethods(TestMethodWorker.java:146)
	at org.testng.internal.TestMethodWorker.run(TestMethodWorker.java:128)
	at java.base/java.util.ArrayList.forEach(Unknown Source)
	at org.testng.TestRunner.privateRun(TestRunner.java:770)
	at org.testng.TestRunner.run(TestRunner.java:591)
	at org.testng.SuiteRunner.runTest(SuiteRunner.java:402)
	at org.testng.SuiteRunner.runSequentially(SuiteRunner.java:396)
	at org.testng.SuiteRunner.privateRun(SuiteRunner.java:355)
	at org.testng.SuiteRunner.run(SuiteRunner.java:304)
	at org.testng.SuiteRunnerWorker.runSuite(SuiteRunnerWorker.java:53)
	at org.testng.SuiteRunnerWorker.run(SuiteRunnerWorker.java:96)
	at org.testng.TestNG.runSuitesSequentially(TestNG.java:1180)
	at org.testng.TestNG.runSuitesLocally(TestNG.java:1102)
	at org.testng.TestNG.runSuites(TestNG.java:1032)
	at org.testng.TestNG.run(TestNG.java:1000)
	at org.testng.remote.AbstractRemoteTestNG.run(AbstractRemoteTestNG.java:115)
	at org.testng.remote.RemoteTestNG.initAndRun(RemoteTestNG.java:251)
	at org.testng.remote.RemoteTestNG.main(RemoteTestNG.java:77)
</pre></div></td>
<td>21</td>
<td>com.tetherfi.test.tmac.WaitTimeColorConfigTest@285583d4</td></tr>
<tr>
<td title='com.tetherfi.test.tmac.TmacBroadCastMsgTest.VerifyNumberOfItemsPerPageSelection()'><b>VerifyNumberOfItemsPerPageSelection</b><br>Test class: com.tetherfi.test.tmac.TmacBroadCastMsgTest<br/>
<a href="#Output-1208540181" onClick='toggleBox("Output-1208540181", this, "Show output", "Hide output");'>Show output</a>

<a href="#Output-1208540181" onClick="toggleAllBoxes();">Show all outputs</a>
<div class='log' id="Output-1208540181">
Test Case <b style="color:red;" "font-size:25px;">FAILED</b>
<br/>
<img src="Screenshot\VerifyNumberOfItemsPerPageSelection.jpg" alt="Image Not Found"/><br /><br/>
</div>
</td>
<td><div><pre>java.lang.AssertionError: item per page assertion failed did not expect to find [true] but found [false]
	at com.tetherfi.test.tmac.TmacBroadCastMsgTest.VerifyNumberOfItemsPerPageSelection(TmacBroadCastMsgTest.java:295)
	at java.base/java.util.ArrayList.forEach(Unknown Source)
... Removed 30 stack frames</pre></div><a href='#' onClick='toggleBox("stack-trace1208540181", this, "Click to show all stack frames", "Click to hide stack frames")'>Click to show all stack frames</a>
<div class='stack-trace' id='stack-trace1208540181'><pre>java.lang.AssertionError: item per page assertion failed did not expect to find [true] but found [false]
	at org.testng.Assert.fail(Assert.java:97)
	at org.testng.Assert.failNotEquals(Assert.java:969)
	at org.testng.Assert.assertTrue(Assert.java:43)
	at com.tetherfi.test.tmac.TmacBroadCastMsgTest.VerifyNumberOfItemsPerPageSelection(TmacBroadCastMsgTest.java:295)
	at java.base/jdk.internal.reflect.NativeMethodAccessorImpl.invoke0(Native Method)
	at java.base/jdk.internal.reflect.NativeMethodAccessorImpl.invoke(Unknown Source)
	at java.base/jdk.internal.reflect.DelegatingMethodAccessorImpl.invoke(Unknown Source)
	at java.base/java.lang.reflect.Method.invoke(Unknown Source)
	at org.testng.internal.MethodInvocationHelper.invokeMethod(MethodInvocationHelper.java:133)
	at org.testng.internal.TestInvoker.invokeMethod(TestInvoker.java:584)
	at org.testng.internal.TestInvoker.invokeTestMethod(TestInvoker.java:172)
	at org.testng.internal.MethodRunner.runInSequence(MethodRunner.java:46)
	at org.testng.internal.TestInvoker$MethodInvocationAgent.invoke(TestInvoker.java:804)
	at org.testng.internal.TestInvoker.invokeTestMethods(TestInvoker.java:145)
	at org.testng.internal.TestMethodWorker.invokeTestMethods(TestMethodWorker.java:146)
	at org.testng.internal.TestMethodWorker.run(TestMethodWorker.java:128)
	at java.base/java.util.ArrayList.forEach(Unknown Source)
	at org.testng.TestRunner.privateRun(TestRunner.java:770)
	at org.testng.TestRunner.run(TestRunner.java:591)
	at org.testng.SuiteRunner.runTest(SuiteRunner.java:402)
	at org.testng.SuiteRunner.runSequentially(SuiteRunner.java:396)
	at org.testng.SuiteRunner.privateRun(SuiteRunner.java:355)
	at org.testng.SuiteRunner.run(SuiteRunner.java:304)
	at org.testng.SuiteRunnerWorker.runSuite(SuiteRunnerWorker.java:53)
	at org.testng.SuiteRunnerWorker.run(SuiteRunnerWorker.java:96)
	at org.testng.TestNG.runSuitesSequentially(TestNG.java:1180)
	at org.testng.TestNG.runSuitesLocally(TestNG.java:1102)
	at org.testng.TestNG.runSuites(TestNG.java:1032)
	at org.testng.TestNG.run(TestNG.java:1000)
	at org.testng.remote.AbstractRemoteTestNG.run(AbstractRemoteTestNG.java:115)
	at org.testng.remote.RemoteTestNG.initAndRun(RemoteTestNG.java:251)
	at org.testng.remote.RemoteTestNG.main(RemoteTestNG.java:77)
</pre></div></td>
<td>41</td>
<td>com.tetherfi.test.tmac.TmacBroadCastMsgTest@f1266c6</td></tr>
<tr>
<td title='com.tetherfi.test.tmac.WorkCodeListTest.VerifyNumberOfItemsPerPageSelection()'><b>VerifyNumberOfItemsPerPageSelection</b><br>Test class: com.tetherfi.test.tmac.WorkCodeListTest<br/>
<a href="#Output-346894988" onClick='toggleBox("Output-346894988", this, "Show output", "Hide output");'>Show output</a>

<a href="#Output-346894988" onClick="toggleAllBoxes();">Show all outputs</a>
<div class='log' id="Output-346894988">
Test Case <b style="color:red;" "font-size:25px;">FAILED</b>
<br/>
<img src="Screenshot\VerifyNumberOfItemsPerPageSelection.jpg" alt="Image Not Found"/><br /><br/>
</div>
</td>
<td><div><pre>java.lang.AssertionError: item per page assertion failed did not expect to find [true] but found [false]
	at com.tetherfi.test.tmac.WorkCodeListTest.VerifyNumberOfItemsPerPageSelection(WorkCodeListTest.java:365)
	at java.base/java.util.ArrayList.forEach(Unknown Source)
... Removed 30 stack frames</pre></div><a href='#' onClick='toggleBox("stack-trace346894988", this, "Click to show all stack frames", "Click to hide stack frames")'>Click to show all stack frames</a>
<div class='stack-trace' id='stack-trace346894988'><pre>java.lang.AssertionError: item per page assertion failed did not expect to find [true] but found [false]
	at org.testng.Assert.fail(Assert.java:97)
	at org.testng.Assert.failNotEquals(Assert.java:969)
	at org.testng.Assert.assertTrue(Assert.java:43)
	at com.tetherfi.test.tmac.WorkCodeListTest.VerifyNumberOfItemsPerPageSelection(WorkCodeListTest.java:365)
	at java.base/jdk.internal.reflect.NativeMethodAccessorImpl.invoke0(Native Method)
	at java.base/jdk.internal.reflect.NativeMethodAccessorImpl.invoke(Unknown Source)
	at java.base/jdk.internal.reflect.DelegatingMethodAccessorImpl.invoke(Unknown Source)
	at java.base/java.lang.reflect.Method.invoke(Unknown Source)
	at org.testng.internal.MethodInvocationHelper.invokeMethod(MethodInvocationHelper.java:133)
	at org.testng.internal.TestInvoker.invokeMethod(TestInvoker.java:584)
	at org.testng.internal.TestInvoker.invokeTestMethod(TestInvoker.java:172)
	at org.testng.internal.MethodRunner.runInSequence(MethodRunner.java:46)
	at org.testng.internal.TestInvoker$MethodInvocationAgent.invoke(TestInvoker.java:804)
	at org.testng.internal.TestInvoker.invokeTestMethods(TestInvoker.java:145)
	at org.testng.internal.TestMethodWorker.invokeTestMethods(TestMethodWorker.java:146)
	at org.testng.internal.TestMethodWorker.run(TestMethodWorker.java:128)
	at java.base/java.util.ArrayList.forEach(Unknown Source)
	at org.testng.TestRunner.privateRun(TestRunner.java:770)
	at org.testng.TestRunner.run(TestRunner.java:591)
	at org.testng.SuiteRunner.runTest(SuiteRunner.java:402)
	at org.testng.SuiteRunner.runSequentially(SuiteRunner.java:396)
	at org.testng.SuiteRunner.privateRun(SuiteRunner.java:355)
	at org.testng.SuiteRunner.run(SuiteRunner.java:304)
	at org.testng.SuiteRunnerWorker.runSuite(SuiteRunnerWorker.java:53)
	at org.testng.SuiteRunnerWorker.run(SuiteRunnerWorker.java:96)
	at org.testng.TestNG.runSuitesSequentially(TestNG.java:1180)
	at org.testng.TestNG.runSuitesLocally(TestNG.java:1102)
	at org.testng.TestNG.runSuites(TestNG.java:1032)
	at org.testng.TestNG.run(TestNG.java:1000)
	at org.testng.remote.AbstractRemoteTestNG.run(AbstractRemoteTestNG.java:115)
	at org.testng.remote.RemoteTestNG.initAndRun(RemoteTestNG.java:251)
	at org.testng.remote.RemoteTestNG.main(RemoteTestNG.java:77)
</pre></div></td>
<td>0</td>
<td>com.tetherfi.test.tmac.WorkCodeListTest@4a9860</td></tr>
<tr>
<td title='com.tetherfi.test.tmac.WaitTimeColorConfigTest.VerifyNumberOfItemsPerPageSelection()'><b>VerifyNumberOfItemsPerPageSelection</b><br>Test class: com.tetherfi.test.tmac.WaitTimeColorConfigTest<br/>
<a href="#Output-1603643829" onClick='toggleBox("Output-1603643829", this, "Show output", "Hide output");'>Show output</a>

<a href="#Output-1603643829" onClick="toggleAllBoxes();">Show all outputs</a>
<div class='log' id="Output-1603643829">
Test Case <b style="color:red;" "font-size:25px;">FAILED</b>
<br/>
<img src="Screenshot\VerifyNumberOfItemsPerPageSelection.jpg" alt="Image Not Found"/><br /><br/>
</div>
</td>
<td><div><pre>java.lang.AssertionError: item per page assertion failed did not expect to find [true] but found [false]
	at com.tetherfi.test.tmac.WaitTimeColorConfigTest.VerifyNumberOfItemsPerPageSelection(WaitTimeColorConfigTest.java:310)
	at java.base/java.util.ArrayList.forEach(Unknown Source)
... Removed 30 stack frames</pre></div><a href='#' onClick='toggleBox("stack-trace1603643829", this, "Click to show all stack frames", "Click to hide stack frames")'>Click to show all stack frames</a>
<div class='stack-trace' id='stack-trace1603643829'><pre>java.lang.AssertionError: item per page assertion failed did not expect to find [true] but found [false]
	at org.testng.Assert.fail(Assert.java:97)
	at org.testng.Assert.failNotEquals(Assert.java:969)
	at org.testng.Assert.assertTrue(Assert.java:43)
	at com.tetherfi.test.tmac.WaitTimeColorConfigTest.VerifyNumberOfItemsPerPageSelection(WaitTimeColorConfigTest.java:310)
	at java.base/jdk.internal.reflect.NativeMethodAccessorImpl.invoke0(Native Method)
	at java.base/jdk.internal.reflect.NativeMethodAccessorImpl.invoke(Unknown Source)
	at java.base/jdk.internal.reflect.DelegatingMethodAccessorImpl.invoke(Unknown Source)
	at java.base/java.lang.reflect.Method.invoke(Unknown Source)
	at org.testng.internal.MethodInvocationHelper.invokeMethod(MethodInvocationHelper.java:133)
	at org.testng.internal.TestInvoker.invokeMethod(TestInvoker.java:584)
	at org.testng.internal.TestInvoker.invokeTestMethod(TestInvoker.java:172)
	at org.testng.internal.MethodRunner.runInSequence(MethodRunner.java:46)
	at org.testng.internal.TestInvoker$MethodInvocationAgent.invoke(TestInvoker.java:804)
	at org.testng.internal.TestInvoker.invokeTestMethods(TestInvoker.java:145)
	at org.testng.internal.TestMethodWorker.invokeTestMethods(TestMethodWorker.java:146)
	at org.testng.internal.TestMethodWorker.run(TestMethodWorker.java:128)
	at java.base/java.util.ArrayList.forEach(Unknown Source)
	at org.testng.TestRunner.privateRun(TestRunner.java:770)
	at org.testng.TestRunner.run(TestRunner.java:591)
	at org.testng.SuiteRunner.runTest(SuiteRunner.java:402)
	at org.testng.SuiteRunner.runSequentially(SuiteRunner.java:396)
	at org.testng.SuiteRunner.privateRun(SuiteRunner.java:355)
	at org.testng.SuiteRunner.run(SuiteRunner.java:304)
	at org.testng.SuiteRunnerWorker.runSuite(SuiteRunnerWorker.java:53)
	at org.testng.SuiteRunnerWorker.run(SuiteRunnerWorker.java:96)
	at org.testng.TestNG.runSuitesSequentially(TestNG.java:1180)
	at org.testng.TestNG.runSuitesLocally(TestNG.java:1102)
	at org.testng.TestNG.runSuites(TestNG.java:1032)
	at org.testng.TestNG.run(TestNG.java:1000)
	at org.testng.remote.AbstractRemoteTestNG.run(AbstractRemoteTestNG.java:115)
	at org.testng.remote.RemoteTestNG.initAndRun(RemoteTestNG.java:251)
	at org.testng.remote.RemoteTestNG.main(RemoteTestNG.java:77)
</pre></div></td>
<td>41</td>
<td>com.tetherfi.test.tmac.WaitTimeColorConfigTest@285583d4</td></tr>
<tr>
<td title='com.tetherfi.test.tmac.WorkCodeListTest.addNewWorkGroupListRecord()'><b>addNewWorkGroupListRecord</b><br>Test class: com.tetherfi.test.tmac.WorkCodeListTest<br/>
<a href="#Output-1859167028" onClick='toggleBox("Output-1859167028", this, "Show output", "Hide output");'>Show output</a>

<a href="#Output-1859167028" onClick="toggleAllBoxes();">Show all outputs</a>
<div class='log' id="Output-1859167028">
Test Case <b style="color:red;" "font-size:25px;">FAILED</b>
<br/>
<img src="Screenshot\addNewWorkGroupListRecord.jpg" alt="Image Not Found"/><br /><br/>
</div>
</td>
<td><div><pre>java.lang.AssertionError: Workgroup Record creation assertion failed did not expect to find [true] but found [false]
	at com.tetherfi.test.tmac.WorkCodeListTest.addNewWorkGroupListRecord(WorkCodeListTest.java:98)
	at java.base/java.util.ArrayList.forEach(Unknown Source)
... Removed 30 stack frames</pre></div><a href='#' onClick='toggleBox("stack-trace1859167028", this, "Click to show all stack frames", "Click to hide stack frames")'>Click to show all stack frames</a>
<div class='stack-trace' id='stack-trace1859167028'><pre>java.lang.AssertionError: Workgroup Record creation assertion failed did not expect to find [true] but found [false]
	at org.testng.Assert.fail(Assert.java:97)
	at org.testng.Assert.failNotEquals(Assert.java:969)
	at org.testng.Assert.assertTrue(Assert.java:43)
	at com.tetherfi.test.tmac.WorkCodeListTest.addNewWorkGroupListRecord(WorkCodeListTest.java:98)
	at java.base/jdk.internal.reflect.NativeMethodAccessorImpl.invoke0(Native Method)
	at java.base/jdk.internal.reflect.NativeMethodAccessorImpl.invoke(Unknown Source)
	at java.base/jdk.internal.reflect.DelegatingMethodAccessorImpl.invoke(Unknown Source)
	at java.base/java.lang.reflect.Method.invoke(Unknown Source)
	at org.testng.internal.MethodInvocationHelper.invokeMethod(MethodInvocationHelper.java:133)
	at org.testng.internal.TestInvoker.invokeMethod(TestInvoker.java:584)
	at org.testng.internal.TestInvoker.invokeTestMethod(TestInvoker.java:172)
	at org.testng.internal.MethodRunner.runInSequence(MethodRunner.java:46)
	at org.testng.internal.TestInvoker$MethodInvocationAgent.invoke(TestInvoker.java:804)
	at org.testng.internal.TestInvoker.invokeTestMethods(TestInvoker.java:145)
	at org.testng.internal.TestMethodWorker.invokeTestMethods(TestMethodWorker.java:146)
	at org.testng.internal.TestMethodWorker.run(TestMethodWorker.java:128)
	at java.base/java.util.ArrayList.forEach(Unknown Source)
	at org.testng.TestRunner.privateRun(TestRunner.java:770)
	at org.testng.TestRunner.run(TestRunner.java:591)
	at org.testng.SuiteRunner.runTest(SuiteRunner.java:402)
	at org.testng.SuiteRunner.runSequentially(SuiteRunner.java:396)
	at org.testng.SuiteRunner.privateRun(SuiteRunner.java:355)
	at org.testng.SuiteRunner.run(SuiteRunner.java:304)
	at org.testng.SuiteRunnerWorker.runSuite(SuiteRunnerWorker.java:53)
	at org.testng.SuiteRunnerWorker.run(SuiteRunnerWorker.java:96)
	at org.testng.TestNG.runSuitesSequentially(TestNG.java:1180)
	at org.testng.TestNG.runSuitesLocally(TestNG.java:1102)
	at org.testng.TestNG.runSuites(TestNG.java:1032)
	at org.testng.TestNG.run(TestNG.java:1000)
	at org.testng.remote.AbstractRemoteTestNG.run(AbstractRemoteTestNG.java:115)
	at org.testng.remote.RemoteTestNG.initAndRun(RemoteTestNG.java:251)
	at org.testng.remote.RemoteTestNG.main(RemoteTestNG.java:77)
</pre></div></td>
<td>6</td>
<td>com.tetherfi.test.tmac.WorkCodeListTest@4a9860</td></tr>
<tr>
<td title='com.tetherfi.test.tmac.WaitTimeColorConfigTest.database()'><b>database</b><br>Test class: com.tetherfi.test.tmac.WaitTimeColorConfigTest<br/>
<a href="#Output-1713668095" onClick='toggleBox("Output-1713668095", this, "Show output", "Hide output");'>Show output</a>

<a href="#Output-1713668095" onClick="toggleAllBoxes();">Show all outputs</a>
<div class='log' id="Output-1713668095">
Test Case <b style="color:red;" "font-size:25px;">FAILED</b>
<br/>
<img src="Screenshot\database.jpg" alt="Image Not Found"/><br /><br/>
</div>
</td>
<td><div><pre>java.lang.AssertionError: did not expect to find [true] but found [false]
	at com.tetherfi.test.tmac.WaitTimeColorConfigTest.database(WaitTimeColorConfigTest.java:279)
	at java.base/java.util.ArrayList.forEach(Unknown Source)
... Removed 31 stack frames</pre></div><a href='#' onClick='toggleBox("stack-trace1713668095", this, "Click to show all stack frames", "Click to hide stack frames")'>Click to show all stack frames</a>
<div class='stack-trace' id='stack-trace1713668095'><pre>java.lang.AssertionError: did not expect to find [true] but found [false]
	at org.testng.Assert.fail(Assert.java:97)
	at org.testng.Assert.failNotEquals(Assert.java:969)
	at org.testng.Assert.assertTrue(Assert.java:43)
	at org.testng.Assert.assertTrue(Assert.java:53)
	at com.tetherfi.test.tmac.WaitTimeColorConfigTest.database(WaitTimeColorConfigTest.java:279)
	at java.base/jdk.internal.reflect.NativeMethodAccessorImpl.invoke0(Native Method)
	at java.base/jdk.internal.reflect.NativeMethodAccessorImpl.invoke(Unknown Source)
	at java.base/jdk.internal.reflect.DelegatingMethodAccessorImpl.invoke(Unknown Source)
	at java.base/java.lang.reflect.Method.invoke(Unknown Source)
	at org.testng.internal.MethodInvocationHelper.invokeMethod(MethodInvocationHelper.java:133)
	at org.testng.internal.TestInvoker.invokeMethod(TestInvoker.java:584)
	at org.testng.internal.TestInvoker.invokeTestMethod(TestInvoker.java:172)
	at org.testng.internal.MethodRunner.runInSequence(MethodRunner.java:46)
	at org.testng.internal.TestInvoker$MethodInvocationAgent.invoke(TestInvoker.java:804)
	at org.testng.internal.TestInvoker.invokeTestMethods(TestInvoker.java:145)
	at org.testng.internal.TestMethodWorker.invokeTestMethods(TestMethodWorker.java:146)
	at org.testng.internal.TestMethodWorker.run(TestMethodWorker.java:128)
	at java.base/java.util.ArrayList.forEach(Unknown Source)
	at org.testng.TestRunner.privateRun(TestRunner.java:770)
	at org.testng.TestRunner.run(TestRunner.java:591)
	at org.testng.SuiteRunner.runTest(SuiteRunner.java:402)
	at org.testng.SuiteRunner.runSequentially(SuiteRunner.java:396)
	at org.testng.SuiteRunner.privateRun(SuiteRunner.java:355)
	at org.testng.SuiteRunner.run(SuiteRunner.java:304)
	at org.testng.SuiteRunnerWorker.runSuite(SuiteRunnerWorker.java:53)
	at org.testng.SuiteRunnerWorker.run(SuiteRunnerWorker.java:96)
	at org.testng.TestNG.runSuitesSequentially(TestNG.java:1180)
	at org.testng.TestNG.runSuitesLocally(TestNG.java:1102)
	at org.testng.TestNG.runSuites(TestNG.java:1032)
	at org.testng.TestNG.run(TestNG.java:1000)
	at org.testng.remote.AbstractRemoteTestNG.run(AbstractRemoteTestNG.java:115)
	at org.testng.remote.RemoteTestNG.initAndRun(RemoteTestNG.java:251)
	at org.testng.remote.RemoteTestNG.main(RemoteTestNG.java:77)
</pre></div></td>
<td>1</td>
<td>com.tetherfi.test.tmac.WaitTimeColorConfigTest@285583d4</td></tr>
</table><p>
<table width='100%' border='1' class='invocation-passed'>
<tr><td colspan='4' align='center'><b>PASSED TESTS</b></td></tr>
<tr><td><b>Test method</b></td>
<td width="30%"><b>Exception</b></td>
<td width="10%"><b>Time (seconds)</b></td>
<td><b>Instance</b></td>
</tr>
<tr>
<td title='com.tetherfi.test.tmac.TmacBroadCastMsgTest.AddDuplicateRecord()'><b>AddDuplicateRecord</b><br>Test class: com.tetherfi.test.tmac.TmacBroadCastMsgTest<br/>
<a href="#Output-117641171" onClick='toggleBox("Output-117641171", this, "Show output", "Hide output");'>Show output</a>

<a href="#Output-117641171" onClick="toggleAllBoxes();">Show all outputs</a>
<div class='log' id="Output-117641171">
Test Case <b style="color:green;" "font-size:25px;">Passed</b>
<br/>
<img src="Screenshot\AddDuplicateRecord.jpg" alt="Image Not Found"/><br /><br/>
</div>
</td>
<td></td>
<td>46</td>
<td>com.tetherfi.test.tmac.TmacBroadCastMsgTest@f1266c6</td></tr>
<tr>
<td title='com.tetherfi.test.tmac.TmacBroadCastMsgTest.AddNewTmacBroadCastMsg()'><b>AddNewTmacBroadCastMsg</b><br>Test class: com.tetherfi.test.tmac.TmacBroadCastMsgTest<br/>
<a href="#Output-1642194181" onClick='toggleBox("Output-1642194181", this, "Show output", "Hide output");'>Show output</a>

<a href="#Output-1642194181" onClick="toggleAllBoxes();">Show all outputs</a>
<div class='log' id="Output-1642194181">
Test Case <b style="color:green;" "font-size:25px;">Passed</b>
<br/>
<img src="Screenshot\AddNewTmacBroadCastMsg.jpg" alt="Image Not Found"/><br /><br/>
</div>
</td>
<td></td>
<td>46</td>
<td>com.tetherfi.test.tmac.TmacBroadCastMsgTest@f1266c6</td></tr>
<tr>
<td title='com.tetherfi.test.tmac.TmacBroadCastMsgTest.AddNewTmacBroadCastMsgCancel()'><b>AddNewTmacBroadCastMsgCancel</b><br>Test class: com.tetherfi.test.tmac.TmacBroadCastMsgTest<br/>
<a href="#Output-1549146388" onClick='toggleBox("Output-1549146388", this, "Show output", "Hide output");'>Show output</a>

<a href="#Output-1549146388" onClick="toggleAllBoxes();">Show all outputs</a>
<div class='log' id="Output-1549146388">
Test Case <b style="color:green;" "font-size:25px;">Passed</b>
<br/>
<img src="Screenshot\AddNewTmacBroadCastMsgCancel.jpg" alt="Image Not Found"/><br /><br/>
</div>
</td>
<td></td>
<td>49</td>
<td>com.tetherfi.test.tmac.TmacBroadCastMsgTest@f1266c6</td></tr>
<tr>
<td title='com.tetherfi.test.tmac.WaitTimeColorConfigTest.AddNewWaitTimeColorConfigCancelRecord()'><b>AddNewWaitTimeColorConfigCancelRecord</b><br>Test class: com.tetherfi.test.tmac.WaitTimeColorConfigTest<br/>
<a href="#Output-549254876" onClick='toggleBox("Output-549254876", this, "Show output", "Hide output");'>Show output</a>

<a href="#Output-549254876" onClick="toggleAllBoxes();">Show all outputs</a>
<div class='log' id="Output-549254876">
Test Case <b style="color:green;" "font-size:25px;">Passed</b>
<br/>
<img src="Screenshot\AddNewWaitTimeColorConfigCancelRecord.jpg" alt="Image Not Found"/><br /><br/>
</div>
</td>
<td></td>
<td>2</td>
<td>com.tetherfi.test.tmac.WaitTimeColorConfigTest@285583d4</td></tr>
<tr>
<td title='com.tetherfi.test.tmac.WaitTimeColorConfigTest.AddNewWaitTimeColorConfigRecord()'><b>AddNewWaitTimeColorConfigRecord</b><br>Test class: com.tetherfi.test.tmac.WaitTimeColorConfigTest<br/>
<a href="#Output-1010764261" onClick='toggleBox("Output-1010764261", this, "Show output", "Hide output");'>Show output</a>

<a href="#Output-1010764261" onClick="toggleAllBoxes();">Show all outputs</a>
<div class='log' id="Output-1010764261">
Test Case <b style="color:green;" "font-size:25px;">Passed</b>
<br/>
<img src="Screenshot\AddNewWaitTimeColorConfigRecord.jpg" alt="Image Not Found"/><br /><br/>
</div>
</td>
<td></td>
<td>4</td>
<td>com.tetherfi.test.tmac.WaitTimeColorConfigTest@285583d4</td></tr>
<tr>
<td title='com.tetherfi.test.tmac.WaitTimeColorConfigTest.AddRecordWithoutDuplicate()'><b>AddRecordWithoutDuplicate</b><br>Test class: com.tetherfi.test.tmac.WaitTimeColorConfigTest<br/>
<a href="#Output-530275042" onClick='toggleBox("Output-530275042", this, "Show output", "Hide output");'>Show output</a>

<a href="#Output-530275042" onClick="toggleAllBoxes();">Show all outputs</a>
<div class='log' id="Output-530275042">
Test Case <b style="color:green;" "font-size:25px;">Passed</b>
<br/>
<img src="Screenshot\AddRecordWithoutDuplicate.jpg" alt="Image Not Found"/><br /><br/>
</div>
</td>
<td></td>
<td>3</td>
<td>com.tetherfi.test.tmac.WaitTimeColorConfigTest@285583d4</td></tr>
<tr>
<td title='com.tetherfi.test.tmac.WaitTimeColorConfigTest.AddRecordWithoutEndTime()'><b>AddRecordWithoutEndTime</b><br>Test class: com.tetherfi.test.tmac.WaitTimeColorConfigTest<br/>
<a href="#Output-1254108343" onClick='toggleBox("Output-1254108343", this, "Show output", "Hide output");'>Show output</a>

<a href="#Output-1254108343" onClick="toggleAllBoxes();">Show all outputs</a>
<div class='log' id="Output-1254108343">
Test Case <b style="color:green;" "font-size:25px;">Passed</b>
<br/>
<img src="Screenshot\AddRecordWithoutEndTime.jpg" alt="Image Not Found"/><br /><br/>
</div>
</td>
<td></td>
<td>2</td>
<td>com.tetherfi.test.tmac.WaitTimeColorConfigTest@285583d4</td></tr>
<tr>
<td title='com.tetherfi.test.tmac.TmacBroadCastMsgTest.AddRecordWithoutMesage()'><b>AddRecordWithoutMesage</b><br>Test class: com.tetherfi.test.tmac.TmacBroadCastMsgTest<br/>
<a href="#Output-886690567" onClick='toggleBox("Output-886690567", this, "Show output", "Hide output");'>Show output</a>

<a href="#Output-886690567" onClick="toggleAllBoxes();">Show all outputs</a>
<div class='log' id="Output-886690567">
Test Case <b style="color:green;" "font-size:25px;">Passed</b>
<br/>
<img src="Screenshot\AddRecordWithoutMesage.jpg" alt="Image Not Found"/><br /><br/>
</div>
</td>
<td></td>
<td>44</td>
<td>com.tetherfi.test.tmac.TmacBroadCastMsgTest@f1266c6</td></tr>
<tr>
<td title='com.tetherfi.test.tmac.WaitTimeColorConfigTest.AddRecordWithoutStartTime()'><b>AddRecordWithoutStartTime</b><br>Test class: com.tetherfi.test.tmac.WaitTimeColorConfigTest<br/>
<a href="#Output-861204804" onClick='toggleBox("Output-861204804", this, "Show output", "Hide output");'>Show output</a>

<a href="#Output-861204804" onClick="toggleAllBoxes();">Show all outputs</a>
<div class='log' id="Output-861204804">
Test Case <b style="color:green;" "font-size:25px;">Passed</b>
<br/>
<img src="Screenshot\AddRecordWithoutStartTime.jpg" alt="Image Not Found"/><br /><br/>
</div>
</td>
<td></td>
<td>2</td>
<td>com.tetherfi.test.tmac.WaitTimeColorConfigTest@285583d4</td></tr>
<tr>
<td title='com.tetherfi.test.tmac.TmacBroadCastMsgTest.AddRecordWithoutTeamName()'><b>AddRecordWithoutTeamName</b><br>Test class: com.tetherfi.test.tmac.TmacBroadCastMsgTest<br/>
<a href="#Output-1408501022" onClick='toggleBox("Output-1408501022", this, "Show output", "Hide output");'>Show output</a>

<a href="#Output-1408501022" onClick="toggleAllBoxes();">Show all outputs</a>
<div class='log' id="Output-1408501022">
Test Case <b style="color:green;" "font-size:25px;">Passed</b>
<br/>
<img src="Screenshot\AddRecordWithoutTeamName.jpg" alt="Image Not Found"/><br /><br/>
</div>
</td>
<td></td>
<td>2</td>
<td>com.tetherfi.test.tmac.TmacBroadCastMsgTest@f1266c6</td></tr>
<tr>
<td title='com.tetherfi.test.tmac.TmacBroadCastMsgTest.AddRecordwithoutStatus()'><b>AddRecordwithoutStatus</b><br>Test class: com.tetherfi.test.tmac.TmacBroadCastMsgTest<br/>
<a href="#Output-1815166391" onClick='toggleBox("Output-1815166391", this, "Show output", "Hide output");'>Show output</a>

<a href="#Output-1815166391" onClick="toggleAllBoxes();">Show all outputs</a>
<div class='log' id="Output-1815166391">
Test Case <b style="color:green;" "font-size:25px;">Passed</b>
<br/>
<img src="Screenshot\AddRecordwithoutStatus.jpg" alt="Image Not Found"/><br /><br/>
</div>
</td>
<td></td>
<td>43</td>
<td>com.tetherfi.test.tmac.TmacBroadCastMsgTest@f1266c6</td></tr>
<tr>
<td title='com.tetherfi.test.tmac.WorkCodeListTest.DeleteWorkCodeListCancelRecord()'><b>DeleteWorkCodeListCancelRecord</b><br>Test class: com.tetherfi.test.tmac.WorkCodeListTest<br/>
<a href="#Output-1442127432" onClick='toggleBox("Output-1442127432", this, "Show output", "Hide output");'>Show output</a>

<a href="#Output-1442127432" onClick="toggleAllBoxes();">Show all outputs</a>
<div class='log' id="Output-1442127432">
Test Case <b style="color:green;" "font-size:25px;">Passed</b>
<br/>
<img src="Screenshot\DeleteWorkCodeListCancelRecord.jpg" alt="Image Not Found"/><br /><br/>
</div>
</td>
<td></td>
<td>10</td>
<td>com.tetherfi.test.tmac.WorkCodeListTest@4a9860</td></tr>
<tr>
<td title='com.tetherfi.test.tmac.WorkCodeListTest.DeleteWorkCodeListRecord()'><b>DeleteWorkCodeListRecord</b><br>Test class: com.tetherfi.test.tmac.WorkCodeListTest<br/>
<a href="#Output-892349187" onClick='toggleBox("Output-892349187", this, "Show output", "Hide output");'>Show output</a>

<a href="#Output-892349187" onClick="toggleAllBoxes();">Show all outputs</a>
<div class='log' id="Output-892349187">
Test Case <b style="color:green;" "font-size:25px;">Passed</b>
<br/>
<img src="Screenshot\DeleteWorkCodeListRecord.jpg" alt="Image Not Found"/><br /><br/>
</div>
</td>
<td></td>
<td>10</td>
<td>com.tetherfi.test.tmac.WorkCodeListTest@4a9860</td></tr>
<tr>
<td title='com.tetherfi.test.tmac.TmacBroadCastMsgTest.EditTmacBroadCastMsg()'><b>EditTmacBroadCastMsg</b><br>Test class: com.tetherfi.test.tmac.TmacBroadCastMsgTest<br/>
<a href="#Output-1077599305" onClick='toggleBox("Output-1077599305", this, "Show output", "Hide output");'>Show output</a>

<a href="#Output-1077599305" onClick="toggleAllBoxes();">Show all outputs</a>
<div class='log' id="Output-1077599305">
Test Case <b style="color:green;" "font-size:25px;">Passed</b>
<br/>
<img src="Screenshot\EditTmacBroadCastMsg.jpg" alt="Image Not Found"/><br /><br/>
</div>
</td>
<td></td>
<td>5</td>
<td>com.tetherfi.test.tmac.TmacBroadCastMsgTest@f1266c6</td></tr>
<tr>
<td title='com.tetherfi.test.tmac.TmacBroadCastMsgTest.EditTmacBroadCastMsgCancel()'><b>EditTmacBroadCastMsgCancel</b><br>Test class: com.tetherfi.test.tmac.TmacBroadCastMsgTest<br/>
<a href="#Output-804255468" onClick='toggleBox("Output-804255468", this, "Show output", "Hide output");'>Show output</a>

<a href="#Output-804255468" onClick="toggleAllBoxes();">Show all outputs</a>
<div class='log' id="Output-804255468">
Test Case <b style="color:green;" "font-size:25px;">Passed</b>
<br/>
<img src="Screenshot\EditTmacBroadCastMsgCancel.jpg" alt="Image Not Found"/><br /><br/>
</div>
</td>
<td></td>
<td>4</td>
<td>com.tetherfi.test.tmac.TmacBroadCastMsgTest@f1266c6</td></tr>
<tr>
<td title='com.tetherfi.test.tmac.TmacBroadCastMsgTest.ExportToExcel()'><b>ExportToExcel</b><br>Test class: com.tetherfi.test.tmac.TmacBroadCastMsgTest<br/>
<a href="#Output-1543059057" onClick='toggleBox("Output-1543059057", this, "Show output", "Hide output");'>Show output</a>

<a href="#Output-1543059057" onClick="toggleAllBoxes();">Show all outputs</a>
<div class='log' id="Output-1543059057">
Test Case <b style="color:green;" "font-size:25px;">Passed</b>
<br/>
<img src="Screenshot\ExportToExcel.jpg" alt="Image Not Found"/><br /><br/>
</div>
</td>
<td></td>
<td>0</td>
<td>com.tetherfi.test.tmac.TmacBroadCastMsgTest@f1266c6</td></tr>
<tr>
<td title='com.tetherfi.test.tmac.WorkCodeListTest.ExportToExcel()'><b>ExportToExcel</b><br>Test class: com.tetherfi.test.tmac.WorkCodeListTest<br/>
<a href="#Output-974999292" onClick='toggleBox("Output-974999292", this, "Show output", "Hide output");'>Show output</a>

<a href="#Output-974999292" onClick="toggleAllBoxes();">Show all outputs</a>
<div class='log' id="Output-974999292">
Test Case <b style="color:green;" "font-size:25px;">Passed</b>
<br/>
<img src="Screenshot\ExportToExcel.jpg" alt="Image Not Found"/><br /><br/>
</div>
</td>
<td></td>
<td>3</td>
<td>com.tetherfi.test.tmac.WorkCodeListTest@4a9860</td></tr>
<tr>
<td title='com.tetherfi.test.tmac.WaitTimeColorConfigTest.ExportToExcel()'><b>ExportToExcel</b><br>Test class: com.tetherfi.test.tmac.WaitTimeColorConfigTest<br/>
<a href="#Output-1491047293" onClick='toggleBox("Output-1491047293", this, "Show output", "Hide output");'>Show output</a>

<a href="#Output-1491047293" onClick="toggleAllBoxes();">Show all outputs</a>
<div class='log' id="Output-1491047293">
Test Case <b style="color:green;" "font-size:25px;">Passed</b>
<br/>
<img src="Screenshot\ExportToExcel.jpg" alt="Image Not Found"/><br /><br/>
</div>
</td>
<td></td>
<td>2</td>
<td>com.tetherfi.test.tmac.WaitTimeColorConfigTest@285583d4</td></tr>
<tr>
<td title='com.tetherfi.test.tmac.WorkCodeListTest.ExportToExcelData()'><b>ExportToExcelData</b><br>Test class: com.tetherfi.test.tmac.WorkCodeListTest<br/>
<a href="#Output-443756553" onClick='toggleBox("Output-443756553", this, "Show output", "Hide output");'>Show output</a>

<a href="#Output-443756553" onClick="toggleAllBoxes();">Show all outputs</a>
<div class='log' id="Output-443756553">
Test Case <b style="color:green;" "font-size:25px;">Passed</b>
<br/>
<img src="Screenshot\ExportToExcelData.jpg" alt="Image Not Found"/><br /><br/>
</div>
</td>
<td></td>
<td>1</td>
<td>com.tetherfi.test.tmac.WorkCodeListTest@4a9860</td></tr>
<tr>
<td title='com.tetherfi.test.tmac.WaitTimeColorConfigTest.ExportToExcelData()'><b>ExportToExcelData</b><br>Test class: com.tetherfi.test.tmac.WaitTimeColorConfigTest<br/>
<a href="#Output-1547579011" onClick='toggleBox("Output-1547579011", this, "Show output", "Hide output");'>Show output</a>

<a href="#Output-1547579011" onClick="toggleAllBoxes();">Show all outputs</a>
<div class='log' id="Output-1547579011">
Test Case <b style="color:green;" "font-size:25px;">Passed</b>
<br/>
<img src="Screenshot\ExportToExcelData.jpg" alt="Image Not Found"/><br /><br/>
</div>
</td>
<td></td>
<td>1</td>
<td>com.tetherfi.test.tmac.WaitTimeColorConfigTest@285583d4</td></tr>
<tr>
<td title='com.tetherfi.test.tmac.TmacBroadCastMsgTest.ExporttoExcelWithoutData()'><b>ExporttoExcelWithoutData</b><br>Test class: com.tetherfi.test.tmac.TmacBroadCastMsgTest<br/>
<a href="#Output-636327577" onClick='toggleBox("Output-636327577", this, "Show output", "Hide output");'>Show output</a>

<a href="#Output-636327577" onClick="toggleAllBoxes();">Show all outputs</a>
<div class='log' id="Output-636327577">
Test Case <b style="color:green;" "font-size:25px;">Passed</b>
<br/>
<img src="Screenshot\ExporttoExcelWithoutData.jpg" alt="Image Not Found"/><br /><br/>
</div>
</td>
<td></td>
<td>3</td>
<td>com.tetherfi.test.tmac.TmacBroadCastMsgTest@f1266c6</td></tr>
<tr>
<td title='com.tetherfi.test.tmac.WorkCodeListTest.ExporttoExcelWithoutData()'><b>ExporttoExcelWithoutData</b><br>Test class: com.tetherfi.test.tmac.WorkCodeListTest<br/>
<a href="#Output-528419360" onClick='toggleBox("Output-528419360", this, "Show output", "Hide output");'>Show output</a>

<a href="#Output-528419360" onClick="toggleAllBoxes();">Show all outputs</a>
<div class='log' id="Output-528419360">
Test Case <b style="color:green;" "font-size:25px;">Passed</b>
<br/>
<img src="Screenshot\ExporttoExcelWithoutData.jpg" alt="Image Not Found"/><br /><br/>
</div>
</td>
<td></td>
<td>3</td>
<td>com.tetherfi.test.tmac.WorkCodeListTest@4a9860</td></tr>
<tr>
<td title='com.tetherfi.test.tmac.TmacBroadCastMsgTest.GroupBy()'><b>GroupBy</b><br>Test class: com.tetherfi.test.tmac.TmacBroadCastMsgTest<br/>
<a href="#Output-1346163879" onClick='toggleBox("Output-1346163879", this, "Show output", "Hide output");'>Show output</a>

<a href="#Output-1346163879" onClick="toggleAllBoxes();">Show all outputs</a>
<div class='log' id="Output-1346163879">
Test Case <b style="color:green;" "font-size:25px;">Passed</b>
<br/>
<img src="Screenshot\GroupBy.jpg" alt="Image Not Found"/><br /><br/>
</div>
</td>
<td></td>
<td>3</td>
<td>com.tetherfi.test.tmac.TmacBroadCastMsgTest@f1266c6</td></tr>
<tr>
<td title='com.tetherfi.test.tmac.WorkCodeListTest.GroupBy()'><b>GroupBy</b><br>Test class: com.tetherfi.test.tmac.WorkCodeListTest<br/>
<a href="#Output-1444974538" onClick='toggleBox("Output-1444974538", this, "Show output", "Hide output");'>Show output</a>

<a href="#Output-1444974538" onClick="toggleAllBoxes();">Show all outputs</a>
<div class='log' id="Output-1444974538">
Test Case <b style="color:green;" "font-size:25px;">Passed</b>
<br/>
<img src="Screenshot\GroupBy.jpg" alt="Image Not Found"/><br /><br/>
</div>
</td>
<td></td>
<td>3</td>
<td>com.tetherfi.test.tmac.WorkCodeListTest@4a9860</td></tr>
<tr>
<td title='com.tetherfi.test.tmac.WaitTimeColorConfigTest.GroupBy()'><b>GroupBy</b><br>Test class: com.tetherfi.test.tmac.WaitTimeColorConfigTest<br/>
<a href="#Output-1682630984" onClick='toggleBox("Output-1682630984", this, "Show output", "Hide output");'>Show output</a>

<a href="#Output-1682630984" onClick="toggleAllBoxes();">Show all outputs</a>
<div class='log' id="Output-1682630984">
Test Case <b style="color:green;" "font-size:25px;">Passed</b>
<br/>
<img src="Screenshot\GroupBy.jpg" alt="Image Not Found"/><br /><br/>
</div>
</td>
<td></td>
<td>1</td>
<td>com.tetherfi.test.tmac.WaitTimeColorConfigTest@285583d4</td></tr>
<tr>
<td title='com.tetherfi.test.tmac.TmacBroadCastMsgTest.SearchClearSearch()'><b>SearchClearSearch</b><br>Test class: com.tetherfi.test.tmac.TmacBroadCastMsgTest<br/>
<a href="#Output-661935115" onClick='toggleBox("Output-661935115", this, "Show output", "Hide output");'>Show output</a>

<a href="#Output-661935115" onClick="toggleAllBoxes();">Show all outputs</a>
<div class='log' id="Output-661935115">
Test Case <b style="color:green;" "font-size:25px;">Passed</b>
<br/>
<img src="Screenshot\SearchClearSearch.jpg" alt="Image Not Found"/><br /><br/>
</div>
</td>
<td></td>
<td>3</td>
<td>com.tetherfi.test.tmac.TmacBroadCastMsgTest@f1266c6</td></tr>
<tr>
<td title='com.tetherfi.test.tmac.WorkCodeListTest.SearchClearSearch()'><b>SearchClearSearch</b><br>Test class: com.tetherfi.test.tmac.WorkCodeListTest<br/>
<a href="#Output-66654344" onClick='toggleBox("Output-66654344", this, "Show output", "Hide output");'>Show output</a>

<a href="#Output-66654344" onClick="toggleAllBoxes();">Show all outputs</a>
<div class='log' id="Output-66654344">
Test Case <b style="color:green;" "font-size:25px;">Passed</b>
<br/>
<img src="Screenshot\SearchClearSearch.jpg" alt="Image Not Found"/><br /><br/>
</div>
</td>
<td></td>
<td>3</td>
<td>com.tetherfi.test.tmac.WorkCodeListTest@4a9860</td></tr>
<tr>
<td title='com.tetherfi.test.tmac.WorkCodeListTest.SortingByAscending()'><b>SortingByAscending</b><br>Test class: com.tetherfi.test.tmac.WorkCodeListTest<br/>
<a href="#Output-1395907729" onClick='toggleBox("Output-1395907729", this, "Show output", "Hide output");'>Show output</a>

<a href="#Output-1395907729" onClick="toggleAllBoxes();">Show all outputs</a>
<div class='log' id="Output-1395907729">
Test Case <b style="color:green;" "font-size:25px;">Passed</b>
<br/>
<img src="Screenshot\SortingByAscending.jpg" alt="Image Not Found"/><br /><br/>
</div>
</td>
<td></td>
<td>4</td>
<td>com.tetherfi.test.tmac.WorkCodeListTest@4a9860</td></tr>
<tr>
<td title='com.tetherfi.test.tmac.WaitTimeColorConfigTest.SortingByAscending()'><b>SortingByAscending</b><br>Test class: com.tetherfi.test.tmac.WaitTimeColorConfigTest<br/>
<a href="#Output-1272794619" onClick='toggleBox("Output-1272794619", this, "Show output", "Hide output");'>Show output</a>

<a href="#Output-1272794619" onClick="toggleAllBoxes();">Show all outputs</a>
<div class='log' id="Output-1272794619">
Test Case <b style="color:green;" "font-size:25px;">Passed</b>
<br/>
<img src="Screenshot\SortingByAscending.jpg" alt="Image Not Found"/><br /><br/>
</div>
</td>
<td></td>
<td>3</td>
<td>com.tetherfi.test.tmac.WaitTimeColorConfigTest@285583d4</td></tr>
<tr>
<td title='com.tetherfi.test.tmac.WorkCodeListTest.SortingByDescending()'><b>SortingByDescending</b><br>Test class: com.tetherfi.test.tmac.WorkCodeListTest<br/>
<a href="#Output-894166324" onClick='toggleBox("Output-894166324", this, "Show output", "Hide output");'>Show output</a>

<a href="#Output-894166324" onClick="toggleAllBoxes();">Show all outputs</a>
<div class='log' id="Output-894166324">
Test Case <b style="color:green;" "font-size:25px;">Passed</b>
<br/>
<img src="Screenshot\SortingByDescending.jpg" alt="Image Not Found"/><br /><br/>
</div>
</td>
<td></td>
<td>4</td>
<td>com.tetherfi.test.tmac.WorkCodeListTest@4a9860</td></tr>
<tr>
<td title='com.tetherfi.test.tmac.WaitTimeColorConfigTest.SortingByDescending()'><b>SortingByDescending</b><br>Test class: com.tetherfi.test.tmac.WaitTimeColorConfigTest<br/>
<a href="#Output-558284757" onClick='toggleBox("Output-558284757", this, "Show output", "Hide output");'>Show output</a>

<a href="#Output-558284757" onClick="toggleAllBoxes();">Show all outputs</a>
<div class='log' id="Output-558284757">
Test Case <b style="color:green;" "font-size:25px;">Passed</b>
<br/>
<img src="Screenshot\SortingByDescending.jpg" alt="Image Not Found"/><br /><br/>
</div>
</td>
<td></td>
<td>4</td>
<td>com.tetherfi.test.tmac.WaitTimeColorConfigTest@285583d4</td></tr>
<tr>
<td title='com.tetherfi.test.tmac.TmacBroadCastMsgTest.TmacBroadCastMsgPage()'><b>TmacBroadCastMsgPage</b><br>Test class: com.tetherfi.test.tmac.TmacBroadCastMsgTest<br/>
<a href="#Output-1935999206" onClick='toggleBox("Output-1935999206", this, "Show output", "Hide output");'>Show output</a>

<a href="#Output-1935999206" onClick="toggleAllBoxes();">Show all outputs</a>
<div class='log' id="Output-1935999206">
Test Case <b style="color:green;" "font-size:25px;">Passed</b>
<br/>
<img src="Screenshot\TmacBroadCastMsgPage.jpg" alt="Image Not Found"/><br /><br/>
</div>
</td>
<td></td>
<td>0</td>
<td>com.tetherfi.test.tmac.TmacBroadCastMsgTest@f1266c6</td></tr>
<tr>
<td title='com.tetherfi.test.tmac.TmacBroadCastMsgTest.VerifyArrowMoveForFirstAndLastPage()'><b>VerifyArrowMoveForFirstAndLastPage</b><br>Test class: com.tetherfi.test.tmac.TmacBroadCastMsgTest<br/>
<a href="#Output-17247275" onClick='toggleBox("Output-17247275", this, "Show output", "Hide output");'>Show output</a>

<a href="#Output-17247275" onClick="toggleAllBoxes();">Show all outputs</a>
<div class='log' id="Output-17247275">
Test Case <b style="color:green;" "font-size:25px;">Passed</b>
<br/>
<img src="Screenshot\VerifyArrowMoveForFirstAndLastPage.jpg" alt="Image Not Found"/><br /><br/>
</div>
</td>
<td></td>
<td>0</td>
<td>com.tetherfi.test.tmac.TmacBroadCastMsgTest@f1266c6</td></tr>
<tr>
<td title='com.tetherfi.test.tmac.WorkCodeListTest.VerifyArrowMoveForFirstAndLastPage()'><b>VerifyArrowMoveForFirstAndLastPage</b><br>Test class: com.tetherfi.test.tmac.WorkCodeListTest<br/>
<a href="#Output-229535184" onClick='toggleBox("Output-229535184", this, "Show output", "Hide output");'>Show output</a>

<a href="#Output-229535184" onClick="toggleAllBoxes();">Show all outputs</a>
<div class='log' id="Output-229535184">
Test Case <b style="color:green;" "font-size:25px;">Passed</b>
<br/>
<img src="Screenshot\VerifyArrowMoveForFirstAndLastPage.jpg" alt="Image Not Found"/><br /><br/>
</div>
</td>
<td></td>
<td>0</td>
<td>com.tetherfi.test.tmac.WorkCodeListTest@4a9860</td></tr>
<tr>
<td title='com.tetherfi.test.tmac.WaitTimeColorConfigTest.VerifyArrowMoveForFirstAndLastPage()'><b>VerifyArrowMoveForFirstAndLastPage</b><br>Test class: com.tetherfi.test.tmac.WaitTimeColorConfigTest<br/>
<a href="#Output-1009303770" onClick='toggleBox("Output-1009303770", this, "Show output", "Hide output");'>Show output</a>

<a href="#Output-1009303770" onClick="toggleAllBoxes();">Show all outputs</a>
<div class='log' id="Output-1009303770">
Test Case <b style="color:green;" "font-size:25px;">Passed</b>
<br/>
<img src="Screenshot\VerifyArrowMoveForFirstAndLastPage.jpg" alt="Image Not Found"/><br /><br/>
</div>
</td>
<td></td>
<td>0</td>
<td>com.tetherfi.test.tmac.WaitTimeColorConfigTest@285583d4</td></tr>
<tr>
<td title='com.tetherfi.test.tmac.TmacBroadCastMsgTest.VerifyArrowMoveForPreviousAndNextPage()'><b>VerifyArrowMoveForPreviousAndNextPage</b><br>Test class: com.tetherfi.test.tmac.TmacBroadCastMsgTest<br/>
<a href="#Output-1015286272" onClick='toggleBox("Output-1015286272", this, "Show output", "Hide output");'>Show output</a>

<a href="#Output-1015286272" onClick="toggleAllBoxes();">Show all outputs</a>
<div class='log' id="Output-1015286272">
Test Case <b style="color:green;" "font-size:25px;">Passed</b>
<br/>
<img src="Screenshot\VerifyArrowMoveForPreviousAndNextPage.jpg" alt="Image Not Found"/><br /><br/>
</div>
</td>
<td></td>
<td>0</td>
<td>com.tetherfi.test.tmac.TmacBroadCastMsgTest@f1266c6</td></tr>
<tr>
<td title='com.tetherfi.test.tmac.WorkCodeListTest.VerifyArrowMoveForPreviousAndNextPage()'><b>VerifyArrowMoveForPreviousAndNextPage</b><br>Test class: com.tetherfi.test.tmac.WorkCodeListTest<br/>
<a href="#Output-483680823" onClick='toggleBox("Output-483680823", this, "Show output", "Hide output");'>Show output</a>

<a href="#Output-483680823" onClick="toggleAllBoxes();">Show all outputs</a>
<div class='log' id="Output-483680823">
Test Case <b style="color:green;" "font-size:25px;">Passed</b>
<br/>
<img src="Screenshot\VerifyArrowMoveForPreviousAndNextPage.jpg" alt="Image Not Found"/><br /><br/>
</div>
</td>
<td></td>
<td>0</td>
<td>com.tetherfi.test.tmac.WorkCodeListTest@4a9860</td></tr>
<tr>
<td title='com.tetherfi.test.tmac.WaitTimeColorConfigTest.VerifyArrowMoveForPreviousAndNextPage()'><b>VerifyArrowMoveForPreviousAndNextPage</b><br>Test class: com.tetherfi.test.tmac.WaitTimeColorConfigTest<br/>
<a href="#Output-1547597157" onClick='toggleBox("Output-1547597157", this, "Show output", "Hide output");'>Show output</a>

<a href="#Output-1547597157" onClick="toggleAllBoxes();">Show all outputs</a>
<div class='log' id="Output-1547597157">
Test Case <b style="color:green;" "font-size:25px;">Passed</b>
<br/>
<img src="Screenshot\VerifyArrowMoveForPreviousAndNextPage.jpg" alt="Image Not Found"/><br /><br/>
</div>
</td>
<td></td>
<td>0</td>
<td>com.tetherfi.test.tmac.WaitTimeColorConfigTest@285583d4</td></tr>
<tr>
<td title='com.tetherfi.test.tmac.TmacBroadCastMsgTest.VerifyAuditTrialReportForCreate()'><b>VerifyAuditTrialReportForCreate</b><br>Test class: com.tetherfi.test.tmac.TmacBroadCastMsgTest<br/>
<a href="#Output-1833756198" onClick='toggleBox("Output-1833756198", this, "Show output", "Hide output");'>Show output</a>

<a href="#Output-1833756198" onClick="toggleAllBoxes();">Show all outputs</a>
<div class='log' id="Output-1833756198">
Test Case <b style="color:green;" "font-size:25px;">Passed</b>
<br/>
<img src="Screenshot\VerifyAuditTrialReportForCreate.jpg" alt="Image Not Found"/><br /><br/>
</div>
</td>
<td></td>
<td>21</td>
<td>com.tetherfi.test.tmac.TmacBroadCastMsgTest@f1266c6</td></tr>
<tr>
<td title='com.tetherfi.test.tmac.WorkCodeListTest.VerifyAuditTrialReportForCreate()'><b>VerifyAuditTrialReportForCreate</b><br>Test class: com.tetherfi.test.tmac.WorkCodeListTest<br/>
<a href="#Output-1399315576" onClick='toggleBox("Output-1399315576", this, "Show output", "Hide output");'>Show output</a>

<a href="#Output-1399315576" onClick="toggleAllBoxes();">Show all outputs</a>
<div class='log' id="Output-1399315576">
Test Case <b style="color:green;" "font-size:25px;">Passed</b>
<br/>
<img src="Screenshot\VerifyAuditTrialReportForCreate.jpg" alt="Image Not Found"/><br /><br/>
</div>
</td>
<td></td>
<td>20</td>
<td>com.tetherfi.test.tmac.WorkCodeListTest@4a9860</td></tr>
<tr>
<td title='com.tetherfi.test.tmac.WaitTimeColorConfigTest.VerifyAuditTrialReportForCreate()'><b>VerifyAuditTrialReportForCreate</b><br>Test class: com.tetherfi.test.tmac.WaitTimeColorConfigTest<br/>
<a href="#Output-355523369" onClick='toggleBox("Output-355523369", this, "Show output", "Hide output");'>Show output</a>

<a href="#Output-355523369" onClick="toggleAllBoxes();">Show all outputs</a>
<div class='log' id="Output-355523369">
Test Case <b style="color:green;" "font-size:25px;">Passed</b>
<br/>
<img src="Screenshot\VerifyAuditTrialReportForCreate.jpg" alt="Image Not Found"/><br /><br/>
</div>
</td>
<td></td>
<td>20</td>
<td>com.tetherfi.test.tmac.WaitTimeColorConfigTest@285583d4</td></tr>
<tr>
<td title='com.tetherfi.test.tmac.WorkCodeListTest.VerifyAuditTrialReportForUpdate()'><b>VerifyAuditTrialReportForUpdate</b><br>Test class: com.tetherfi.test.tmac.WorkCodeListTest<br/>
<a href="#Output-1461340773" onClick='toggleBox("Output-1461340773", this, "Show output", "Hide output");'>Show output</a>

<a href="#Output-1461340773" onClick="toggleAllBoxes();">Show all outputs</a>
<div class='log' id="Output-1461340773">
Test Case <b style="color:green;" "font-size:25px;">Passed</b>
<br/>
<img src="Screenshot\VerifyAuditTrialReportForUpdate.jpg" alt="Image Not Found"/><br /><br/>
</div>
</td>
<td></td>
<td>21</td>
<td>com.tetherfi.test.tmac.WorkCodeListTest@4a9860</td></tr>
<tr>
<td title='com.tetherfi.test.tmac.TmacBroadCastMsgTest.VerifyColumnsHeaderDisable()'><b>VerifyColumnsHeaderDisable</b><br>Test class: com.tetherfi.test.tmac.TmacBroadCastMsgTest<br/>
<a href="#Output-1318515619" onClick='toggleBox("Output-1318515619", this, "Show output", "Hide output");'>Show output</a>

<a href="#Output-1318515619" onClick="toggleAllBoxes();">Show all outputs</a>
<div class='log' id="Output-1318515619">
Test Case <b style="color:green;" "font-size:25px;">Passed</b>
<br/>
<img src="Screenshot\VerifyColumnsHeaderDisable.jpg" alt="Image Not Found"/><br /><br/>
</div>
</td>
<td></td>
<td>4</td>
<td>com.tetherfi.test.tmac.TmacBroadCastMsgTest@f1266c6</td></tr>
<tr>
<td title='com.tetherfi.test.tmac.WorkCodeListTest.VerifyColumnsHeaderDisable()'><b>VerifyColumnsHeaderDisable</b><br>Test class: com.tetherfi.test.tmac.WorkCodeListTest<br/>
<a href="#Output-716647660" onClick='toggleBox("Output-716647660", this, "Show output", "Hide output");'>Show output</a>

<a href="#Output-716647660" onClick="toggleAllBoxes();">Show all outputs</a>
<div class='log' id="Output-716647660">
Test Case <b style="color:green;" "font-size:25px;">Passed</b>
<br/>
<img src="Screenshot\VerifyColumnsHeaderDisable.jpg" alt="Image Not Found"/><br /><br/>
</div>
</td>
<td></td>
<td>5</td>
<td>com.tetherfi.test.tmac.WorkCodeListTest@4a9860</td></tr>
<tr>
<td title='com.tetherfi.test.tmac.WaitTimeColorConfigTest.VerifyColumnsHeaderDisable()'><b>VerifyColumnsHeaderDisable</b><br>Test class: com.tetherfi.test.tmac.WaitTimeColorConfigTest<br/>
<a href="#Output-1660759963" onClick='toggleBox("Output-1660759963", this, "Show output", "Hide output");'>Show output</a>

<a href="#Output-1660759963" onClick="toggleAllBoxes();">Show all outputs</a>
<div class='log' id="Output-1660759963">
Test Case <b style="color:green;" "font-size:25px;">Passed</b>
<br/>
<img src="Screenshot\VerifyColumnsHeaderDisable.jpg" alt="Image Not Found"/><br /><br/>
</div>
</td>
<td></td>
<td>4</td>
<td>com.tetherfi.test.tmac.WaitTimeColorConfigTest@285583d4</td></tr>
<tr>
<td title='com.tetherfi.test.tmac.TmacBroadCastMsgTest.VerifyColumnsHeaderEnable()'><b>VerifyColumnsHeaderEnable</b><br>Test class: com.tetherfi.test.tmac.TmacBroadCastMsgTest<br/>
<a href="#Output-403935201" onClick='toggleBox("Output-403935201", this, "Show output", "Hide output");'>Show output</a>

<a href="#Output-403935201" onClick="toggleAllBoxes();">Show all outputs</a>
<div class='log' id="Output-403935201">
Test Case <b style="color:green;" "font-size:25px;">Passed</b>
<br/>
<img src="Screenshot\VerifyColumnsHeaderEnable.jpg" alt="Image Not Found"/><br /><br/>
</div>
</td>
<td></td>
<td>3</td>
<td>com.tetherfi.test.tmac.TmacBroadCastMsgTest@f1266c6</td></tr>
<tr>
<td title='com.tetherfi.test.tmac.WorkCodeListTest.VerifyColumnsHeaderEnable()'><b>VerifyColumnsHeaderEnable</b><br>Test class: com.tetherfi.test.tmac.WorkCodeListTest<br/>
<a href="#Output-646310735" onClick='toggleBox("Output-646310735", this, "Show output", "Hide output");'>Show output</a>

<a href="#Output-646310735" onClick="toggleAllBoxes();">Show all outputs</a>
<div class='log' id="Output-646310735">
Test Case <b style="color:green;" "font-size:25px;">Passed</b>
<br/>
<img src="Screenshot\VerifyColumnsHeaderEnable.jpg" alt="Image Not Found"/><br /><br/>
</div>
</td>
<td></td>
<td>4</td>
<td>com.tetherfi.test.tmac.WorkCodeListTest@4a9860</td></tr>
<tr>
<td title='com.tetherfi.test.tmac.WaitTimeColorConfigTest.VerifyColumnsHeaderEnable()'><b>VerifyColumnsHeaderEnable</b><br>Test class: com.tetherfi.test.tmac.WaitTimeColorConfigTest<br/>
<a href="#Output-523083172" onClick='toggleBox("Output-523083172", this, "Show output", "Hide output");'>Show output</a>

<a href="#Output-523083172" onClick="toggleAllBoxes();">Show all outputs</a>
<div class='log' id="Output-523083172">
Test Case <b style="color:green;" "font-size:25px;">Passed</b>
<br/>
<img src="Screenshot\VerifyColumnsHeaderEnable.jpg" alt="Image Not Found"/><br /><br/>
</div>
</td>
<td></td>
<td>4</td>
<td>com.tetherfi.test.tmac.WaitTimeColorConfigTest@285583d4</td></tr>
<tr>
<td title='com.tetherfi.test.tmac.TmacBroadCastMsgTest.VerifyDropdownForAllTheColumns()'><b>VerifyDropdownForAllTheColumns</b><br>Test class: com.tetherfi.test.tmac.TmacBroadCastMsgTest<br/>
<a href="#Output-772037926" onClick='toggleBox("Output-772037926", this, "Show output", "Hide output");'>Show output</a>

<a href="#Output-772037926" onClick="toggleAllBoxes();">Show all outputs</a>
<div class='log' id="Output-772037926">
Test Case <b style="color:green;" "font-size:25px;">Passed</b>
<br/>
<img src="Screenshot\VerifyDropdownForAllTheColumns.jpg" alt="Image Not Found"/><br /><br/>
</div>
</td>
<td></td>
<td>4</td>
<td>com.tetherfi.test.tmac.TmacBroadCastMsgTest@f1266c6</td></tr>
<tr>
<td title='com.tetherfi.test.tmac.WorkCodeListTest.VerifyDropdownForAllTheColumns()'><b>VerifyDropdownForAllTheColumns</b><br>Test class: com.tetherfi.test.tmac.WorkCodeListTest<br/>
<a href="#Output-628841186" onClick='toggleBox("Output-628841186", this, "Show output", "Hide output");'>Show output</a>

<a href="#Output-628841186" onClick="toggleAllBoxes();">Show all outputs</a>
<div class='log' id="Output-628841186">
Test Case <b style="color:green;" "font-size:25px;">Passed</b>
<br/>
<img src="Screenshot\VerifyDropdownForAllTheColumns.jpg" alt="Image Not Found"/><br /><br/>
</div>
</td>
<td></td>
<td>7</td>
<td>com.tetherfi.test.tmac.WorkCodeListTest@4a9860</td></tr>
<tr>
<td title='com.tetherfi.test.tmac.WaitTimeColorConfigTest.VerifyDropdownForAllTheColumns()'><b>VerifyDropdownForAllTheColumns</b><br>Test class: com.tetherfi.test.tmac.WaitTimeColorConfigTest<br/>
<a href="#Output-1871175255" onClick='toggleBox("Output-1871175255", this, "Show output", "Hide output");'>Show output</a>

<a href="#Output-1871175255" onClick="toggleAllBoxes();">Show all outputs</a>
<div class='log' id="Output-1871175255">
Test Case <b style="color:green;" "font-size:25px;">Passed</b>
<br/>
<img src="Screenshot\VerifyDropdownForAllTheColumns.jpg" alt="Image Not Found"/><br /><br/>
</div>
</td>
<td></td>
<td>8</td>
<td>com.tetherfi.test.tmac.WaitTimeColorConfigTest@285583d4</td></tr>
<tr>
<td title='com.tetherfi.test.tmac.TmacBroadCastMsgTest.VerifySearchContains()'><b>VerifySearchContains</b><br>Test class: com.tetherfi.test.tmac.TmacBroadCastMsgTest<br/>
<a href="#Output-24994172" onClick='toggleBox("Output-24994172", this, "Show output", "Hide output");'>Show output</a>

<a href="#Output-24994172" onClick="toggleAllBoxes();">Show all outputs</a>
<div class='log' id="Output-24994172">
Test Case <b style="color:green;" "font-size:25px;">Passed</b>
<br/>
<img src="Screenshot\VerifySearchContains.jpg" alt="Image Not Found"/><br /><br/>
</div>
</td>
<td></td>
<td>3</td>
<td>com.tetherfi.test.tmac.TmacBroadCastMsgTest@f1266c6</td></tr>
<tr>
<td title='com.tetherfi.test.tmac.WorkCodeListTest.VerifySearchContains()'><b>VerifySearchContains</b><br>Test class: com.tetherfi.test.tmac.WorkCodeListTest<br/>
<a href="#Output-2097572335" onClick='toggleBox("Output-2097572335", this, "Show output", "Hide output");'>Show output</a>

<a href="#Output-2097572335" onClick="toggleAllBoxes();">Show all outputs</a>
<div class='log' id="Output-2097572335">
Test Case <b style="color:green;" "font-size:25px;">Passed</b>
<br/>
<img src="Screenshot\VerifySearchContains.jpg" alt="Image Not Found"/><br /><br/>
</div>
</td>
<td></td>
<td>4</td>
<td>com.tetherfi.test.tmac.WorkCodeListTest@4a9860</td></tr>
<tr>
<td title='com.tetherfi.test.tmac.WaitTimeColorConfigTest.VerifySearchContains()'><b>VerifySearchContains</b><br>Test class: com.tetherfi.test.tmac.WaitTimeColorConfigTest<br/>
<a href="#Output-1272584806" onClick='toggleBox("Output-1272584806", this, "Show output", "Hide output");'>Show output</a>

<a href="#Output-1272584806" onClick="toggleAllBoxes();">Show all outputs</a>
<div class='log' id="Output-1272584806">
Test Case <b style="color:green;" "font-size:25px;">Passed</b>
<br/>
<img src="Screenshot\VerifySearchContains.jpg" alt="Image Not Found"/><br /><br/>
</div>
</td>
<td></td>
<td>3</td>
<td>com.tetherfi.test.tmac.WaitTimeColorConfigTest@285583d4</td></tr>
<tr>
<td title='com.tetherfi.test.tmac.TmacBroadCastMsgTest.VerifySearchDoesNotContains()'><b>VerifySearchDoesNotContains</b><br>Test class: com.tetherfi.test.tmac.TmacBroadCastMsgTest<br/>
<a href="#Output-1564362873" onClick='toggleBox("Output-1564362873", this, "Show output", "Hide output");'>Show output</a>

<a href="#Output-1564362873" onClick="toggleAllBoxes();">Show all outputs</a>
<div class='log' id="Output-1564362873">
Test Case <b style="color:green;" "font-size:25px;">Passed</b>
<br/>
<img src="Screenshot\VerifySearchDoesNotContains.jpg" alt="Image Not Found"/><br /><br/>
</div>
</td>
<td></td>
<td>4</td>
<td>com.tetherfi.test.tmac.TmacBroadCastMsgTest@f1266c6</td></tr>
<tr>
<td title='com.tetherfi.test.tmac.WorkCodeListTest.VerifySearchDoesNotContains()'><b>VerifySearchDoesNotContains</b><br>Test class: com.tetherfi.test.tmac.WorkCodeListTest<br/>
<a href="#Output-1890807974" onClick='toggleBox("Output-1890807974", this, "Show output", "Hide output");'>Show output</a>

<a href="#Output-1890807974" onClick="toggleAllBoxes();">Show all outputs</a>
<div class='log' id="Output-1890807974">
Test Case <b style="color:green;" "font-size:25px;">Passed</b>
<br/>
<img src="Screenshot\VerifySearchDoesNotContains.jpg" alt="Image Not Found"/><br /><br/>
</div>
</td>
<td></td>
<td>4</td>
<td>com.tetherfi.test.tmac.WorkCodeListTest@4a9860</td></tr>
<tr>
<td title='com.tetherfi.test.tmac.WaitTimeColorConfigTest.VerifySearchDoesNotContains()'><b>VerifySearchDoesNotContains</b><br>Test class: com.tetherfi.test.tmac.WaitTimeColorConfigTest<br/>
<a href="#Output-6788857" onClick='toggleBox("Output-6788857", this, "Show output", "Hide output");'>Show output</a>

<a href="#Output-6788857" onClick="toggleAllBoxes();">Show all outputs</a>
<div class='log' id="Output-6788857">
Test Case <b style="color:green;" "font-size:25px;">Passed</b>
<br/>
<img src="Screenshot\VerifySearchDoesNotContains.jpg" alt="Image Not Found"/><br /><br/>
</div>
</td>
<td></td>
<td>3</td>
<td>com.tetherfi.test.tmac.WaitTimeColorConfigTest@285583d4</td></tr>
<tr>
<td title='com.tetherfi.test.tmac.TmacBroadCastMsgTest.VerifySearchEndsWith()'><b>VerifySearchEndsWith</b><br>Test class: com.tetherfi.test.tmac.TmacBroadCastMsgTest<br/>
<a href="#Output-892819496" onClick='toggleBox("Output-892819496", this, "Show output", "Hide output");'>Show output</a>

<a href="#Output-892819496" onClick="toggleAllBoxes();">Show all outputs</a>
<div class='log' id="Output-892819496">
Test Case <b style="color:green;" "font-size:25px;">Passed</b>
<br/>
<img src="Screenshot\VerifySearchEndsWith.jpg" alt="Image Not Found"/><br /><br/>
</div>
</td>
<td></td>
<td>3</td>
<td>com.tetherfi.test.tmac.TmacBroadCastMsgTest@f1266c6</td></tr>
<tr>
<td title='com.tetherfi.test.tmac.WorkCodeListTest.VerifySearchEndsWith()'><b>VerifySearchEndsWith</b><br>Test class: com.tetherfi.test.tmac.WorkCodeListTest<br/>
<a href="#Output-998294727" onClick='toggleBox("Output-998294727", this, "Show output", "Hide output");'>Show output</a>

<a href="#Output-998294727" onClick="toggleAllBoxes();">Show all outputs</a>
<div class='log' id="Output-998294727">
Test Case <b style="color:green;" "font-size:25px;">Passed</b>
<br/>
<img src="Screenshot\VerifySearchEndsWith.jpg" alt="Image Not Found"/><br /><br/>
</div>
</td>
<td></td>
<td>3</td>
<td>com.tetherfi.test.tmac.WorkCodeListTest@4a9860</td></tr>
<tr>
<td title='com.tetherfi.test.tmac.WaitTimeColorConfigTest.VerifySearchEndsWith()'><b>VerifySearchEndsWith</b><br>Test class: com.tetherfi.test.tmac.WaitTimeColorConfigTest<br/>
<a href="#Output-1808560283" onClick='toggleBox("Output-1808560283", this, "Show output", "Hide output");'>Show output</a>

<a href="#Output-1808560283" onClick="toggleAllBoxes();">Show all outputs</a>
<div class='log' id="Output-1808560283">
Test Case <b style="color:green;" "font-size:25px;">Passed</b>
<br/>
<img src="Screenshot\VerifySearchEndsWith.jpg" alt="Image Not Found"/><br /><br/>
</div>
</td>
<td></td>
<td>3</td>
<td>com.tetherfi.test.tmac.WaitTimeColorConfigTest@285583d4</td></tr>
<tr>
<td title='com.tetherfi.test.tmac.TmacBroadCastMsgTest.VerifySearchIsNotEqualTo()'><b>VerifySearchIsNotEqualTo</b><br>Test class: com.tetherfi.test.tmac.TmacBroadCastMsgTest<br/>
<a href="#Output-481269313" onClick='toggleBox("Output-481269313", this, "Show output", "Hide output");'>Show output</a>

<a href="#Output-481269313" onClick="toggleAllBoxes();">Show all outputs</a>
<div class='log' id="Output-481269313">
Test Case <b style="color:green;" "font-size:25px;">Passed</b>
<br/>
<img src="Screenshot\VerifySearchIsNotEqualTo.jpg" alt="Image Not Found"/><br /><br/>
</div>
</td>
<td></td>
<td>4</td>
<td>com.tetherfi.test.tmac.TmacBroadCastMsgTest@f1266c6</td></tr>
<tr>
<td title='com.tetherfi.test.tmac.WorkCodeListTest.VerifySearchIsNotEqualTo()'><b>VerifySearchIsNotEqualTo</b><br>Test class: com.tetherfi.test.tmac.WorkCodeListTest<br/>
<a href="#Output-603849318" onClick='toggleBox("Output-603849318", this, "Show output", "Hide output");'>Show output</a>

<a href="#Output-603849318" onClick="toggleAllBoxes();">Show all outputs</a>
<div class='log' id="Output-603849318">
Test Case <b style="color:green;" "font-size:25px;">Passed</b>
<br/>
<img src="Screenshot\VerifySearchIsNotEqualTo.jpg" alt="Image Not Found"/><br /><br/>
</div>
</td>
<td></td>
<td>5</td>
<td>com.tetherfi.test.tmac.WorkCodeListTest@4a9860</td></tr>
<tr>
<td title='com.tetherfi.test.tmac.WaitTimeColorConfigTest.VerifySearchIsNotEqualTo()'><b>VerifySearchIsNotEqualTo</b><br>Test class: com.tetherfi.test.tmac.WaitTimeColorConfigTest<br/>
<a href="#Output-2083088530" onClick='toggleBox("Output-2083088530", this, "Show output", "Hide output");'>Show output</a>

<a href="#Output-2083088530" onClick="toggleAllBoxes();">Show all outputs</a>
<div class='log' id="Output-2083088530">
Test Case <b style="color:green;" "font-size:25px;">Passed</b>
<br/>
<img src="Screenshot\VerifySearchIsNotEqualTo.jpg" alt="Image Not Found"/><br /><br/>
</div>
</td>
<td></td>
<td>3</td>
<td>com.tetherfi.test.tmac.WaitTimeColorConfigTest@285583d4</td></tr>
<tr>
<td title='com.tetherfi.test.tmac.TmacBroadCastMsgTest.VerifySearchStartsWith()'><b>VerifySearchStartsWith</b><br>Test class: com.tetherfi.test.tmac.TmacBroadCastMsgTest<br/>
<a href="#Output-1287074731" onClick='toggleBox("Output-1287074731", this, "Show output", "Hide output");'>Show output</a>

<a href="#Output-1287074731" onClick="toggleAllBoxes();">Show all outputs</a>
<div class='log' id="Output-1287074731">
Test Case <b style="color:green;" "font-size:25px;">Passed</b>
<br/>
<img src="Screenshot\VerifySearchStartsWith.jpg" alt="Image Not Found"/><br /><br/>
</div>
</td>
<td></td>
<td>3</td>
<td>com.tetherfi.test.tmac.TmacBroadCastMsgTest@f1266c6</td></tr>
<tr>
<td title='com.tetherfi.test.tmac.WorkCodeListTest.VerifySearchStartsWith()'><b>VerifySearchStartsWith</b><br>Test class: com.tetherfi.test.tmac.WorkCodeListTest<br/>
<a href="#Output-650322800" onClick='toggleBox("Output-650322800", this, "Show output", "Hide output");'>Show output</a>

<a href="#Output-650322800" onClick="toggleAllBoxes();">Show all outputs</a>
<div class='log' id="Output-650322800">
Test Case <b style="color:green;" "font-size:25px;">Passed</b>
<br/>
<img src="Screenshot\VerifySearchStartsWith.jpg" alt="Image Not Found"/><br /><br/>
</div>
</td>
<td></td>
<td>4</td>
<td>com.tetherfi.test.tmac.WorkCodeListTest@4a9860</td></tr>
<tr>
<td title='com.tetherfi.test.tmac.WaitTimeColorConfigTest.VerifySearchStartsWith()'><b>VerifySearchStartsWith</b><br>Test class: com.tetherfi.test.tmac.WaitTimeColorConfigTest<br/>
<a href="#Output-1818375656" onClick='toggleBox("Output-1818375656", this, "Show output", "Hide output");'>Show output</a>

<a href="#Output-1818375656" onClick="toggleAllBoxes();">Show all outputs</a>
<div class='log' id="Output-1818375656">
Test Case <b style="color:green;" "font-size:25px;">Passed</b>
<br/>
<img src="Screenshot\VerifySearchStartsWith.jpg" alt="Image Not Found"/><br /><br/>
</div>
</td>
<td></td>
<td>3</td>
<td>com.tetherfi.test.tmac.WaitTimeColorConfigTest@285583d4</td></tr>
<tr>
<td title='com.tetherfi.test.tmac.TmacBroadCastMsgTest.VerifyTotalNumberOfItemsPerPageDetails()'><b>VerifyTotalNumberOfItemsPerPageDetails</b><br>Test class: com.tetherfi.test.tmac.TmacBroadCastMsgTest<br/>
<a href="#Output-1894147155" onClick='toggleBox("Output-1894147155", this, "Show output", "Hide output");'>Show output</a>

<a href="#Output-1894147155" onClick="toggleAllBoxes();">Show all outputs</a>
<div class='log' id="Output-1894147155">
Test Case <b style="color:green;" "font-size:25px;">Passed</b>
<br/>
<img src="Screenshot\VerifyTotalNumberOfItemsPerPageDetails.jpg" alt="Image Not Found"/><br /><br/>
</div>
</td>
<td></td>
<td>0</td>
<td>com.tetherfi.test.tmac.TmacBroadCastMsgTest@f1266c6</td></tr>
<tr>
<td title='com.tetherfi.test.tmac.WorkCodeListTest.VerifyTotalNumberOfItemsPerPageDetails()'><b>VerifyTotalNumberOfItemsPerPageDetails</b><br>Test class: com.tetherfi.test.tmac.WorkCodeListTest<br/>
<a href="#Output-2069097491" onClick='toggleBox("Output-2069097491", this, "Show output", "Hide output");'>Show output</a>

<a href="#Output-2069097491" onClick="toggleAllBoxes();">Show all outputs</a>
<div class='log' id="Output-2069097491">
Test Case <b style="color:green;" "font-size:25px;">Passed</b>
<br/>
<img src="Screenshot\VerifyTotalNumberOfItemsPerPageDetails.jpg" alt="Image Not Found"/><br /><br/>
</div>
</td>
<td></td>
<td>0</td>
<td>com.tetherfi.test.tmac.WorkCodeListTest@4a9860</td></tr>
<tr>
<td title='com.tetherfi.test.tmac.WaitTimeColorConfigTest.VerifyTotalNumberOfItemsPerPageDetails()'><b>VerifyTotalNumberOfItemsPerPageDetails</b><br>Test class: com.tetherfi.test.tmac.WaitTimeColorConfigTest<br/>
<a href="#Output-652869586" onClick='toggleBox("Output-652869586", this, "Show output", "Hide output");'>Show output</a>

<a href="#Output-652869586" onClick="toggleAllBoxes();">Show all outputs</a>
<div class='log' id="Output-652869586">
Test Case <b style="color:green;" "font-size:25px;">Passed</b>
<br/>
<img src="Screenshot\VerifyTotalNumberOfItemsPerPageDetails.jpg" alt="Image Not Found"/><br /><br/>
</div>
</td>
<td></td>
<td>0</td>
<td>com.tetherfi.test.tmac.WaitTimeColorConfigTest@285583d4</td></tr>
<tr>
<td title='com.tetherfi.test.tmac.WorkCodeListTest.VerifyauditTrailReportDelete()'><b>VerifyauditTrailReportDelete</b><br>Test class: com.tetherfi.test.tmac.WorkCodeListTest<br/>
<a href="#Output-1029934804" onClick='toggleBox("Output-1029934804", this, "Show output", "Hide output");'>Show output</a>

<a href="#Output-1029934804" onClick="toggleAllBoxes();">Show all outputs</a>
<div class='log' id="Output-1029934804">
Test Case <b style="color:green;" "font-size:25px;">Passed</b>
<br/>
<img src="Screenshot\VerifyauditTrailReportDelete.jpg" alt="Image Not Found"/><br /><br/>
</div>
</td>
<td></td>
<td>20</td>
<td>com.tetherfi.test.tmac.WorkCodeListTest@4a9860</td></tr>
<tr>
<td title='com.tetherfi.test.tmac.WaitTimeColorConfigTest.WaitTimeColorConfigPage()'><b>WaitTimeColorConfigPage</b><br>Test class: com.tetherfi.test.tmac.WaitTimeColorConfigTest<br/>
<a href="#Output-1476121770" onClick='toggleBox("Output-1476121770", this, "Show output", "Hide output");'>Show output</a>

<a href="#Output-1476121770" onClick="toggleAllBoxes();">Show all outputs</a>
<div class='log' id="Output-1476121770">
Test Case <b style="color:green;" "font-size:25px;">Passed</b>
<br/>
<img src="Screenshot\WaitTimeColorConfigPage.jpg" alt="Image Not Found"/><br /><br/>
</div>
</td>
<td></td>
<td>0</td>
<td>com.tetherfi.test.tmac.WaitTimeColorConfigTest@285583d4</td></tr>
<tr>
<td title='com.tetherfi.test.tmac.WorkCodeListTest.WorkCodeListPage()'><b>WorkCodeListPage</b><br>Test class: com.tetherfi.test.tmac.WorkCodeListTest<br/>
<a href="#Output-1766788874" onClick='toggleBox("Output-1766788874", this, "Show output", "Hide output");'>Show output</a>

<a href="#Output-1766788874" onClick="toggleAllBoxes();">Show all outputs</a>
<div class='log' id="Output-1766788874">
Test Case <b style="color:green;" "font-size:25px;">Passed</b>
<br/>
<img src="Screenshot\WorkCodeListPage.jpg" alt="Image Not Found"/><br /><br/>
</div>
</td>
<td></td>
<td>0</td>
<td>com.tetherfi.test.tmac.WorkCodeListTest@4a9860</td></tr>
<tr>
<td title='com.tetherfi.test.tmac.WorkCodeListTest.addDuplicateRecord()'><b>addDuplicateRecord</b><br>Test class: com.tetherfi.test.tmac.WorkCodeListTest<br/>
<a href="#Output-1674732959" onClick='toggleBox("Output-1674732959", this, "Show output", "Hide output");'>Show output</a>

<a href="#Output-1674732959" onClick="toggleAllBoxes();">Show all outputs</a>
<div class='log' id="Output-1674732959">
Test Case <b style="color:green;" "font-size:25px;">Passed</b>
<br/>
<img src="Screenshot\addDuplicateRecord.jpg" alt="Image Not Found"/><br /><br/>
</div>
</td>
<td></td>
<td>55</td>
<td>com.tetherfi.test.tmac.WorkCodeListTest@4a9860</td></tr>
<tr>
<td title='com.tetherfi.test.tmac.WorkCodeListTest.addInvalidRecordWithoutName()'><b>addInvalidRecordWithoutName</b><br>Test class: com.tetherfi.test.tmac.WorkCodeListTest<br/>
<a href="#Output-1826567875" onClick='toggleBox("Output-1826567875", this, "Show output", "Hide output");'>Show output</a>

<a href="#Output-1826567875" onClick="toggleAllBoxes();">Show all outputs</a>
<div class='log' id="Output-1826567875">
Test Case <b style="color:green;" "font-size:25px;">Passed</b>
<br/>
<img src="Screenshot\addInvalidRecordWithoutName.jpg" alt="Image Not Found"/><br /><br/>
</div>
</td>
<td></td>
<td>12</td>
<td>com.tetherfi.test.tmac.WorkCodeListTest@4a9860</td></tr>
<tr>
<td title='com.tetherfi.test.tmac.WorkCodeListTest.addInvalidRecordWithoutWorkGroup()'><b>addInvalidRecordWithoutWorkGroup</b><br>Test class: com.tetherfi.test.tmac.WorkCodeListTest<br/>
<a href="#Output-1143697284" onClick='toggleBox("Output-1143697284", this, "Show output", "Hide output");'>Show output</a>

<a href="#Output-1143697284" onClick="toggleAllBoxes();">Show all outputs</a>
<div class='log' id="Output-1143697284">
Test Case <b style="color:green;" "font-size:25px;">Passed</b>
<br/>
<img src="Screenshot\addInvalidRecordWithoutWorkGroup.jpg" alt="Image Not Found"/><br /><br/>
</div>
</td>
<td></td>
<td>6</td>
<td>com.tetherfi.test.tmac.WorkCodeListTest@4a9860</td></tr>
<tr>
<td title='com.tetherfi.test.tmac.WorkCodeListTest.addInvalidRecordWithoutWorkLevel()'><b>addInvalidRecordWithoutWorkLevel</b><br>Test class: com.tetherfi.test.tmac.WorkCodeListTest<br/>
<a href="#Output-1632573761" onClick='toggleBox("Output-1632573761", this, "Show output", "Hide output");'>Show output</a>

<a href="#Output-1632573761" onClick="toggleAllBoxes();">Show all outputs</a>
<div class='log' id="Output-1632573761">
Test Case <b style="color:green;" "font-size:25px;">Passed</b>
<br/>
<img src="Screenshot\addInvalidRecordWithoutWorkLevel.jpg" alt="Image Not Found"/><br /><br/>
</div>
</td>
<td></td>
<td>1</td>
<td>com.tetherfi.test.tmac.WorkCodeListTest@4a9860</td></tr>
<tr>
<td title='com.tetherfi.test.tmac.WorkCodeListTest.addNewWorkGroupListCancelRecord()'><b>addNewWorkGroupListCancelRecord</b><br>Test class: com.tetherfi.test.tmac.WorkCodeListTest<br/>
<a href="#Output-126534320" onClick='toggleBox("Output-126534320", this, "Show output", "Hide output");'>Show output</a>

<a href="#Output-126534320" onClick="toggleAllBoxes();">Show all outputs</a>
<div class='log' id="Output-126534320">
Test Case <b style="color:green;" "font-size:25px;">Passed</b>
<br/>
<img src="Screenshot\addNewWorkGroupListCancelRecord.jpg" alt="Image Not Found"/><br /><br/>
</div>
</td>
<td></td>
<td>6</td>
<td>com.tetherfi.test.tmac.WorkCodeListTest@4a9860</td></tr>
<tr>
<td title='com.tetherfi.test.tmac.WorkCodeListTest.addNewWorkcodeListCancelRecord()'><b>addNewWorkcodeListCancelRecord</b><br>Test class: com.tetherfi.test.tmac.WorkCodeListTest<br/>
<a href="#Output-431183633" onClick='toggleBox("Output-431183633", this, "Show output", "Hide output");'>Show output</a>

<a href="#Output-431183633" onClick="toggleAllBoxes();">Show all outputs</a>
<div class='log' id="Output-431183633">
Test Case <b style="color:green;" "font-size:25px;">Passed</b>
<br/>
<img src="Screenshot\addNewWorkcodeListCancelRecord.jpg" alt="Image Not Found"/><br /><br/>
</div>
</td>
<td></td>
<td>12</td>
<td>com.tetherfi.test.tmac.WorkCodeListTest@4a9860</td></tr>
<tr>
<td title='com.tetherfi.test.tmac.WorkCodeListTest.addNewWorkcodeListRecord()'><b>addNewWorkcodeListRecord</b><br>Test class: com.tetherfi.test.tmac.WorkCodeListTest<br/>
<a href="#Output-1766722112" onClick='toggleBox("Output-1766722112", this, "Show output", "Hide output");'>Show output</a>

<a href="#Output-1766722112" onClick="toggleAllBoxes();">Show all outputs</a>
<div class='log' id="Output-1766722112">
Test Case <b style="color:green;" "font-size:25px;">Passed</b>
<br/>
<img src="Screenshot\addNewWorkcodeListRecord.jpg" alt="Image Not Found"/><br /><br/>
</div>
</td>
<td></td>
<td>55</td>
<td>com.tetherfi.test.tmac.WorkCodeListTest@4a9860</td></tr>
<tr>
<td title='com.tetherfi.test.tmac.TmacBroadCastMsgTest.database()'><b>database</b><br>Test class: com.tetherfi.test.tmac.TmacBroadCastMsgTest<br/>
<a href="#Output-56092616" onClick='toggleBox("Output-56092616", this, "Show output", "Hide output");'>Show output</a>

<a href="#Output-56092616" onClick="toggleAllBoxes();">Show all outputs</a>
<div class='log' id="Output-56092616">
Test Case <b style="color:green;" "font-size:25px;">Passed</b>
<br/>
<img src="Screenshot\database.jpg" alt="Image Not Found"/><br /><br/>
</div>
</td>
<td></td>
<td>2</td>
<td>com.tetherfi.test.tmac.TmacBroadCastMsgTest@f1266c6</td></tr>
<tr>
<td title='com.tetherfi.test.tmac.WorkCodeListTest.database()'><b>database</b><br>Test class: com.tetherfi.test.tmac.WorkCodeListTest<br/>
<a href="#Output-1348816266" onClick='toggleBox("Output-1348816266", this, "Show output", "Hide output");'>Show output</a>

<a href="#Output-1348816266" onClick="toggleAllBoxes();">Show all outputs</a>
<div class='log' id="Output-1348816266">
Test Case <b style="color:green;" "font-size:25px;">Passed</b>
<br/>
<img src="Screenshot\database.jpg" alt="Image Not Found"/><br /><br/>
</div>
</td>
<td></td>
<td>2</td>
<td>com.tetherfi.test.tmac.WorkCodeListTest@4a9860</td></tr>
<tr>
<td title='com.tetherfi.test.tmac.WorkCodeListTest.editWorkCodeListCancelRecord()'><b>editWorkCodeListCancelRecord</b><br>Test class: com.tetherfi.test.tmac.WorkCodeListTest<br/>
<a href="#Output-816379735" onClick='toggleBox("Output-816379735", this, "Show output", "Hide output");'>Show output</a>

<a href="#Output-816379735" onClick="toggleAllBoxes();">Show all outputs</a>
<div class='log' id="Output-816379735">
Test Case <b style="color:green;" "font-size:25px;">Passed</b>
<br/>
<img src="Screenshot\editWorkCodeListCancelRecord.jpg" alt="Image Not Found"/><br /><br/>
</div>
</td>
<td></td>
<td>4</td>
<td>com.tetherfi.test.tmac.WorkCodeListTest@4a9860</td></tr>
<tr>
<td title='com.tetherfi.test.tmac.WorkCodeListTest.editWorkCodeListRecord()'><b>editWorkCodeListRecord</b><br>Test class: com.tetherfi.test.tmac.WorkCodeListTest<br/>
<a href="#Output-767074936" onClick='toggleBox("Output-767074936", this, "Show output", "Hide output");'>Show output</a>

<a href="#Output-767074936" onClick="toggleAllBoxes();">Show all outputs</a>
<div class='log' id="Output-767074936">
Test Case <b style="color:green;" "font-size:25px;">Passed</b>
<br/>
<img src="Screenshot\editWorkCodeListRecord.jpg" alt="Image Not Found"/><br /><br/>
</div>
</td>
<td></td>
<td>5</td>
<td>com.tetherfi.test.tmac.WorkCodeListTest@4a9860</td></tr>
<tr>
<td title='com.tetherfi.test.tmac.TmacBroadCastMsgTest.searchPage()'><b>searchPage</b><br>Test class: com.tetherfi.test.tmac.TmacBroadCastMsgTest<br/>
<a href="#Output-1058222432" onClick='toggleBox("Output-1058222432", this, "Show output", "Hide output");'>Show output</a>

<a href="#Output-1058222432" onClick="toggleAllBoxes();">Show all outputs</a>
<div class='log' id="Output-1058222432">
Test Case <b style="color:green;" "font-size:25px;">Passed</b>
<br/>
<img src="Screenshot\searchPage.jpg" alt="Image Not Found"/><br /><br/>
</div>
</td>
<td></td>
<td>2</td>
<td>com.tetherfi.test.tmac.TmacBroadCastMsgTest@f1266c6</td></tr>
<tr>
<td title='com.tetherfi.test.tmac.WorkCodeListTest.searchPage()'><b>searchPage</b><br>Test class: com.tetherfi.test.tmac.WorkCodeListTest<br/>
<a href="#Output-1405681598" onClick='toggleBox("Output-1405681598", this, "Show output", "Hide output");'>Show output</a>

<a href="#Output-1405681598" onClick="toggleAllBoxes();">Show all outputs</a>
<div class='log' id="Output-1405681598">
Test Case <b style="color:green;" "font-size:25px;">Passed</b>
<br/>
<img src="Screenshot\searchPage.jpg" alt="Image Not Found"/><br /><br/>
</div>
</td>
<td></td>
<td>2</td>
<td>com.tetherfi.test.tmac.WorkCodeListTest@4a9860</td></tr>
<tr>
<td title='com.tetherfi.test.tmac.WaitTimeColorConfigTest.searchPage()'><b>searchPage</b><br>Test class: com.tetherfi.test.tmac.WaitTimeColorConfigTest<br/>
<a href="#Output-754070947" onClick='toggleBox("Output-754070947", this, "Show output", "Hide output");'>Show output</a>

<a href="#Output-754070947" onClick="toggleAllBoxes();">Show all outputs</a>
<div class='log' id="Output-754070947">
Test Case <b style="color:green;" "font-size:25px;">Passed</b>
<br/>
<img src="Screenshot\searchPage.jpg" alt="Image Not Found"/><br /><br/>
</div>
</td>
<td></td>
<td>3</td>
<td>com.tetherfi.test.tmac.WaitTimeColorConfigTest@285583d4</td></tr>
</table><p>
</body>
</html>