<?xml version="1.0" encoding="UTF-8"?>
<!-- Generated by org.testng.reporters.JUnitXMLReporter -->
<testsuite hostname="LAPTOP-NKH1C2HF" ignored="18" name="Home(failed)(failed)" tests="21" failures="7" timestamp="2021-05-12T15:54:48 IST" time="224.687" errors="0">
  <testcase name="AddNewAgentTeamManagementCancelRecord" time="10.159" classname="com.tetherfi.test.tmac.AgentTeamMgmtTest"/>
  <testcase name="EditAgentTeamManagementCancelRecord" time="5.341" classname="com.tetherfi.test.tmac.AgentTeamMgmtTest"/>
  <testcase name="EditAgentTeamManagementRecord" time="6.191" classname="com.tetherfi.test.tmac.AgentTeamMgmtTest"/>
  <testcase name="searchPage" time="3.248" classname="com.tetherfi.test.tmac.AgentTeamMgmtTest">
    <failure type="org.openqa.selenium.StaleElementReferenceException" message="stale element reference: element is not attached to the page document
  (Session info: chrome=90.0.4430.93)
For documentation on this error, please visit: https://www.seleniumhq.org/exceptions/stale_element_reference.html
Build info: version: &amp;apos;3.141.59&amp;apos;, revision: &amp;apos;e82be7d358&amp;apos;, time: &amp;apos;2018-11-14T08:17:03&amp;apos;
System info: host: &amp;apos;LAPTOP-NKH1C2HF&amp;apos;, ip: &amp;apos;192.168.50.18&amp;apos;, os.name: &amp;apos;Windows 10&amp;apos;, os.arch: &amp;apos;amd64&amp;apos;, os.version: &amp;apos;10.0&amp;apos;, java.version: &amp;apos;1.8.0_181&amp;apos;
Driver info: org.openqa.selenium.chrome.ChromeDriver
Capabilities {acceptInsecureCerts: false, browserName: chrome, browserVersion: 90.0.4430.93, chrome: {chromedriverVersion: 90.0.4430.24 (4c6d850f087da..., userDataDir: C:\Users\AMITHA~1\AppData\L...}, goog:chromeOptions: {debuggerAddress: localhost:55211}, javascriptEnabled: true, networkConnectionEnabled: false, pageLoadStrategy: normal, platform: WINDOWS, platformName: WINDOWS, proxy: Proxy(), setWindowRect: true, strictFileInteractability: false, timeouts: {implicit: 0, pageLoad: 300000, script: 30000}, unhandledPromptBehavior: dismiss and notify, webauthn:extension:largeBlob: true, webauthn:virtualAuthenticators: true}
Session ID: 55241280cb6ba7a56f0655bca0f412b0">
      <![CDATA[org.openqa.selenium.StaleElementReferenceException: stale element reference: element is not attached to the page document
  (Session info: chrome=90.0.4430.93)
For documentation on this error, please visit: https://www.seleniumhq.org/exceptions/stale_element_reference.html
Build info: version: '3.141.59', revision: 'e82be7d358', time: '2018-11-14T08:17:03'
System info: host: 'LAPTOP-NKH1C2HF', ip: '192.168.50.18', os.name: 'Windows 10', os.arch: 'amd64', os.version: '10.0', java.version: '1.8.0_181'
Driver info: org.openqa.selenium.chrome.ChromeDriver
Capabilities {acceptInsecureCerts: false, browserName: chrome, browserVersion: 90.0.4430.93, chrome: {chromedriverVersion: 90.0.4430.24 (4c6d850f087da..., userDataDir: C:\Users\AMITHA~1\AppData\L...}, goog:chromeOptions: {debuggerAddress: localhost:55211}, javascriptEnabled: true, networkConnectionEnabled: false, pageLoadStrategy: normal, platform: WINDOWS, platformName: WINDOWS, proxy: Proxy(), setWindowRect: true, strictFileInteractability: false, timeouts: {implicit: 0, pageLoad: 300000, script: 30000}, unhandledPromptBehavior: dismiss and notify, webauthn:extension:largeBlob: true, webauthn:virtualAuthenticators: true}
Session ID: 55241280cb6ba7a56f0655bca0f412b0
at org.openqa.selenium.remote.http.W3CHttpResponseCodec.createException(W3CHttpResponseCodec.java:187)
at org.openqa.selenium.remote.http.W3CHttpResponseCodec.decode(W3CHttpResponseCodec.java:122)
at org.openqa.selenium.remote.http.W3CHttpResponseCodec.decode(W3CHttpResponseCodec.java:49)
at org.openqa.selenium.remote.HttpCommandExecutor.execute(HttpCommandExecutor.java:158)
at org.openqa.selenium.remote.service.DriverCommandExecutor.execute(DriverCommandExecutor.java:83)
at org.openqa.selenium.remote.RemoteWebDriver.execute(RemoteWebDriver.java:552)
at org.openqa.selenium.remote.RemoteWebElement.execute(RemoteWebElement.java:285)
at org.openqa.selenium.remote.RemoteWebElement.isDisplayed(RemoteWebElement.java:326)
at org.openqa.selenium.support.ui.ExpectedConditions.elementIfVisible(ExpectedConditions.java:314)
at org.openqa.selenium.support.ui.ExpectedConditions.access$000(ExpectedConditions.java:43)
at org.openqa.selenium.support.ui.ExpectedConditions$10.apply(ExpectedConditions.java:300)
at org.openqa.selenium.support.ui.ExpectedConditions$10.apply(ExpectedConditions.java:297)
at org.openqa.selenium.support.ui.FluentWait.until(FluentWait.java:249)
at com.tetherfi.pages.BasePage.waitUntilWebElementListIsVisible(BasePage.java:136)
at com.tetherfi.pages.BasePage.selectDropdownFromVisibleText(BasePage.java:341)
at com.tetherfi.pages.AgentTeamManagementPage.clearAll(AgentTeamManagementPage.java:642)
at com.tetherfi.test.tmac.AgentTeamMgmtTest.searchPage(AgentTeamMgmtTest.java:176)
at java.util.ArrayList.forEach(Unknown Source)
... Removed 31 stack frames]]>
    </failure>
  </testcase> <!-- searchPage -->
  <testcase name="VerifySearchIsNotEqualTo" time="9.883" classname="com.tetherfi.test.tmac.AgentTeamMgmtTest"/>
  <testcase name="VerifySearchContains" time="7.982" classname="com.tetherfi.test.tmac.AgentTeamMgmtTest"/>
  <testcase name="VerifySearchDoesNotContains" time="9.573" classname="com.tetherfi.test.tmac.AgentTeamMgmtTest"/>
  <testcase name="VerifySearchStartsWith" time="7.988" classname="com.tetherfi.test.tmac.AgentTeamMgmtTest"/>
  <testcase name="VerifySearchEndsWith" time="7.706" classname="com.tetherfi.test.tmac.AgentTeamMgmtTest"/>
  <testcase name="DeleteAgentTeamManagementCancelRecord" time="8.199" classname="com.tetherfi.test.tmac.AgentTeamMgmtTest"/>
  <testcase name="DeleteAgentTeamManagementRecord" time="9.187" classname="com.tetherfi.test.tmac.AgentTeamMgmtTest"/>
  <testcase name="SearchClearSearch" time="2.857" classname="com.tetherfi.test.tmac.AgentTeamMgmtTest">
    <failure type="org.openqa.selenium.StaleElementReferenceException" message="stale element reference: element is not attached to the page document
  (Session info: chrome=90.0.4430.93)
For documentation on this error, please visit: https://www.seleniumhq.org/exceptions/stale_element_reference.html
Build info: version: &amp;apos;3.141.59&amp;apos;, revision: &amp;apos;e82be7d358&amp;apos;, time: &amp;apos;2018-11-14T08:17:03&amp;apos;
System info: host: &amp;apos;LAPTOP-NKH1C2HF&amp;apos;, ip: &amp;apos;192.168.50.18&amp;apos;, os.name: &amp;apos;Windows 10&amp;apos;, os.arch: &amp;apos;amd64&amp;apos;, os.version: &amp;apos;10.0&amp;apos;, java.version: &amp;apos;1.8.0_181&amp;apos;
Driver info: org.openqa.selenium.chrome.ChromeDriver
Capabilities {acceptInsecureCerts: false, browserName: chrome, browserVersion: 90.0.4430.93, chrome: {chromedriverVersion: 90.0.4430.24 (4c6d850f087da..., userDataDir: C:\Users\AMITHA~1\AppData\L...}, goog:chromeOptions: {debuggerAddress: localhost:55211}, javascriptEnabled: true, networkConnectionEnabled: false, pageLoadStrategy: normal, platform: WINDOWS, platformName: WINDOWS, proxy: Proxy(), setWindowRect: true, strictFileInteractability: false, timeouts: {implicit: 0, pageLoad: 300000, script: 30000}, unhandledPromptBehavior: dismiss and notify, webauthn:extension:largeBlob: true, webauthn:virtualAuthenticators: true}
Session ID: 55241280cb6ba7a56f0655bca0f412b0">
      <![CDATA[org.openqa.selenium.StaleElementReferenceException: stale element reference: element is not attached to the page document
  (Session info: chrome=90.0.4430.93)
For documentation on this error, please visit: https://www.seleniumhq.org/exceptions/stale_element_reference.html
Build info: version: '3.141.59', revision: 'e82be7d358', time: '2018-11-14T08:17:03'
System info: host: 'LAPTOP-NKH1C2HF', ip: '192.168.50.18', os.name: 'Windows 10', os.arch: 'amd64', os.version: '10.0', java.version: '1.8.0_181'
Driver info: org.openqa.selenium.chrome.ChromeDriver
Capabilities {acceptInsecureCerts: false, browserName: chrome, browserVersion: 90.0.4430.93, chrome: {chromedriverVersion: 90.0.4430.24 (4c6d850f087da..., userDataDir: C:\Users\AMITHA~1\AppData\L...}, goog:chromeOptions: {debuggerAddress: localhost:55211}, javascriptEnabled: true, networkConnectionEnabled: false, pageLoadStrategy: normal, platform: WINDOWS, platformName: WINDOWS, proxy: Proxy(), setWindowRect: true, strictFileInteractability: false, timeouts: {implicit: 0, pageLoad: 300000, script: 30000}, unhandledPromptBehavior: dismiss and notify, webauthn:extension:largeBlob: true, webauthn:virtualAuthenticators: true}
Session ID: 55241280cb6ba7a56f0655bca0f412b0
at org.openqa.selenium.remote.http.W3CHttpResponseCodec.createException(W3CHttpResponseCodec.java:187)
at org.openqa.selenium.remote.http.W3CHttpResponseCodec.decode(W3CHttpResponseCodec.java:122)
at org.openqa.selenium.remote.http.W3CHttpResponseCodec.decode(W3CHttpResponseCodec.java:49)
at org.openqa.selenium.remote.HttpCommandExecutor.execute(HttpCommandExecutor.java:158)
at org.openqa.selenium.remote.service.DriverCommandExecutor.execute(DriverCommandExecutor.java:83)
at org.openqa.selenium.remote.RemoteWebDriver.execute(RemoteWebDriver.java:552)
at org.openqa.selenium.remote.RemoteWebElement.execute(RemoteWebElement.java:285)
at org.openqa.selenium.remote.RemoteWebElement.isDisplayed(RemoteWebElement.java:326)
at org.openqa.selenium.support.ui.ExpectedConditions.elementIfVisible(ExpectedConditions.java:314)
at org.openqa.selenium.support.ui.ExpectedConditions.access$000(ExpectedConditions.java:43)
at org.openqa.selenium.support.ui.ExpectedConditions$10.apply(ExpectedConditions.java:300)
at org.openqa.selenium.support.ui.ExpectedConditions$10.apply(ExpectedConditions.java:297)
at org.openqa.selenium.support.ui.FluentWait.until(FluentWait.java:249)
at com.tetherfi.pages.BasePage.waitUntilWebElementListIsVisible(BasePage.java:136)
at com.tetherfi.pages.BasePage.selectDropdownFromVisibleText(BasePage.java:341)
at com.tetherfi.pages.AgentTeamManagementPage.searchAgentTeamManagementRecord(AgentTeamManagementPage.java:478)
at com.tetherfi.pages.AgentTeamManagementPage.verifyinvalidsearch(AgentTeamManagementPage.java:659)
at com.tetherfi.test.tmac.AgentTeamMgmtTest.SearchClearSearch(AgentTeamMgmtTest.java:251)
at java.util.ArrayList.forEach(Unknown Source)
... Removed 31 stack frames]]>
    </failure>
  </testcase> <!-- SearchClearSearch -->
  <testcase name="ExportToExcelData" time="0.132" classname="com.tetherfi.test.tmac.AgentTeamMgmtTest">
    <failure type="java.lang.ArrayIndexOutOfBoundsException" message="1">
      <![CDATA[java.lang.ArrayIndexOutOfBoundsException: 1
at com.tetherfi.pages.AgentTeamManagementPage.getdata(AgentTeamManagementPage.java:734)
at com.tetherfi.pages.AgentTeamManagementPage.verifyexportToExcelSheet(AgentTeamManagementPage.java:780)
at com.tetherfi.test.tmac.AgentTeamMgmtTest.ExportToExcelData(AgentTeamMgmtTest.java:270)
at java.util.ArrayList.forEach(Unknown Source)
... Removed 27 stack frames]]>
    </failure>
  </testcase> <!-- ExportToExcelData -->
  <testcase name="database" time="5.912" classname="com.tetherfi.test.tmac.AgentTeamMgmtTest">
    <failure type="java.lang.AssertionError" message="did not expect to find [true] but found [false]">
      <![CDATA[java.lang.AssertionError: did not expect to find [true] but found [false]
at com.tetherfi.test.tmac.AgentTeamMgmtTest.database(AgentTeamMgmtTest.java:280)
at java.util.ArrayList.forEach(Unknown Source)
... Removed 31 stack frames]]>
    </failure>
  </testcase> <!-- database -->
  <testcase name="GroupBy" time="1.515" classname="com.tetherfi.test.tmac.AgentTeamMgmtTest"/>
  <testcase name="VerifyArrowMoveForPreviousAndNextPage" time="1.607" classname="com.tetherfi.test.tmac.AgentTeamMgmtTest">
    <failure type="org.openqa.selenium.ElementClickInterceptedException" message="element click intercepted: Element &amp;lt;span class=&amp;quot;k-icon k-i-arrow-60-right&amp;quot;&amp;gt;&amp;lt;/span&amp;gt; is not clickable at point (118, 561). Other element would receive the click: &amp;lt;div class=&amp;quot;k-pager-wrap k-grid-pager k-widget k-floatwrap&amp;quot; data-role=&amp;quot;pager&amp;quot;&amp;gt;...&amp;lt;/div&amp;gt;
  (Session info: chrome=90.0.4430.93)
Build info: version: &amp;apos;3.141.59&amp;apos;, revision: &amp;apos;e82be7d358&amp;apos;, time: &amp;apos;2018-11-14T08:17:03&amp;apos;
System info: host: &amp;apos;LAPTOP-NKH1C2HF&amp;apos;, ip: &amp;apos;192.168.50.18&amp;apos;, os.name: &amp;apos;Windows 10&amp;apos;, os.arch: &amp;apos;amd64&amp;apos;, os.version: &amp;apos;10.0&amp;apos;, java.version: &amp;apos;1.8.0_181&amp;apos;
Driver info: org.openqa.selenium.chrome.ChromeDriver
Capabilities {acceptInsecureCerts: false, browserName: chrome, browserVersion: 90.0.4430.93, chrome: {chromedriverVersion: 90.0.4430.24 (4c6d850f087da..., userDataDir: C:\Users\AMITHA~1\AppData\L...}, goog:chromeOptions: {debuggerAddress: localhost:55211}, javascriptEnabled: true, networkConnectionEnabled: false, pageLoadStrategy: normal, platform: WINDOWS, platformName: WINDOWS, proxy: Proxy(), setWindowRect: true, strictFileInteractability: false, timeouts: {implicit: 0, pageLoad: 300000, script: 30000}, unhandledPromptBehavior: dismiss and notify, webauthn:extension:largeBlob: true, webauthn:virtualAuthenticators: true}
Session ID: 55241280cb6ba7a56f0655bca0f412b0">
      <![CDATA[org.openqa.selenium.ElementClickInterceptedException: element click intercepted: Element <span class="k-icon k-i-arrow-60-right"></span> is not clickable at point (118, 561). Other element would receive the click: <div class="k-pager-wrap k-grid-pager k-widget k-floatwrap" data-role="pager">...</div>
  (Session info: chrome=90.0.4430.93)
Build info: version: '3.141.59', revision: 'e82be7d358', time: '2018-11-14T08:17:03'
System info: host: 'LAPTOP-NKH1C2HF', ip: '192.168.50.18', os.name: 'Windows 10', os.arch: 'amd64', os.version: '10.0', java.version: '1.8.0_181'
Driver info: org.openqa.selenium.chrome.ChromeDriver
Capabilities {acceptInsecureCerts: false, browserName: chrome, browserVersion: 90.0.4430.93, chrome: {chromedriverVersion: 90.0.4430.24 (4c6d850f087da..., userDataDir: C:\Users\AMITHA~1\AppData\L...}, goog:chromeOptions: {debuggerAddress: localhost:55211}, javascriptEnabled: true, networkConnectionEnabled: false, pageLoadStrategy: normal, platform: WINDOWS, platformName: WINDOWS, proxy: Proxy(), setWindowRect: true, strictFileInteractability: false, timeouts: {implicit: 0, pageLoad: 300000, script: 30000}, unhandledPromptBehavior: dismiss and notify, webauthn:extension:largeBlob: true, webauthn:virtualAuthenticators: true}
Session ID: 55241280cb6ba7a56f0655bca0f412b0
at org.openqa.selenium.remote.http.W3CHttpResponseCodec.createException(W3CHttpResponseCodec.java:187)
at org.openqa.selenium.remote.http.W3CHttpResponseCodec.decode(W3CHttpResponseCodec.java:122)
at org.openqa.selenium.remote.http.W3CHttpResponseCodec.decode(W3CHttpResponseCodec.java:49)
at org.openqa.selenium.remote.HttpCommandExecutor.execute(HttpCommandExecutor.java:158)
at org.openqa.selenium.remote.service.DriverCommandExecutor.execute(DriverCommandExecutor.java:83)
at org.openqa.selenium.remote.RemoteWebDriver.execute(RemoteWebDriver.java:552)
at org.openqa.selenium.remote.RemoteWebElement.execute(RemoteWebElement.java:285)
at org.openqa.selenium.remote.RemoteWebElement.click(RemoteWebElement.java:84)
at org.openqa.selenium.support.pagefactory.internal.LocatingElementHandler.invoke(LocatingElementHandler.java:51)
at com.sun.proxy.$Proxy11.click(Unknown Source)
at com.tetherfi.pages.BasePage.selectWebElement(BasePage.java:200)
at com.tetherfi.pages.AgentTeamManagementPage.verifyArrowMoveForPreviousAndNextPage(AgentTeamManagementPage.java:804)
at com.tetherfi.test.tmac.AgentTeamMgmtTest.VerifyArrowMoveForPreviousAndNextPage(AgentTeamMgmtTest.java:294)
at java.util.ArrayList.forEach(Unknown Source)
... Removed 34 stack frames]]>
    </failure>
  </testcase> <!-- VerifyArrowMoveForPreviousAndNextPage -->
  <testcase name="VerifyTotalNumberOfItemsPerPageDetails" time="0.089" classname="com.tetherfi.test.tmac.AgentTeamMgmtTest">
    <failure type="java.lang.AssertionError" message="item per page assertion failed did not expect to find [true] but found [false]">
      <![CDATA[java.lang.AssertionError: item per page assertion failed did not expect to find [true] but found [false]
at com.tetherfi.test.tmac.AgentTeamMgmtTest.VerifyTotalNumberOfItemsPerPageDetails(AgentTeamMgmtTest.java:306)
at java.util.ArrayList.forEach(Unknown Source)
... Removed 30 stack frames]]>
    </failure>
  </testcase> <!-- VerifyTotalNumberOfItemsPerPageDetails -->
  <testcase name="VerifyNumberOfItemsPerPageSelection" time="0.163" classname="com.tetherfi.test.tmac.AgentTeamMgmtTest">
    <failure type="java.lang.AssertionError" message="item per page assertion failed did not expect to find [true] but found [false]">
      <![CDATA[java.lang.AssertionError: item per page assertion failed did not expect to find [true] but found [false]
at com.tetherfi.test.tmac.AgentTeamMgmtTest.VerifyNumberOfItemsPerPageSelection(AgentTeamMgmtTest.java:312)
at java.util.ArrayList.forEach(Unknown Source)
... Removed 30 stack frames]]>
    </failure>
  </testcase> <!-- VerifyNumberOfItemsPerPageSelection -->
  <testcase name="ExporttoExcelWithoutData" time="5.213" classname="com.tetherfi.test.tmac.AgentTeamMgmtTest"/>
  <testcase name="VerifyAuditTrialReportForUpdate" time="29.616" classname="com.tetherfi.test.tmac.AgentTeamMgmtTest"/>
  <testcase name="VerifyAuditTrialReportForDelete" time="27.232" classname="com.tetherfi.test.tmac.AgentTeamMgmtTest"/>
  <testcase name="AddNewCountryRecord" time="0.0" classname="com.tetherfi.test.tmac.AgentTeamMgmtTest">
    <ignored/>
  </testcase> <!-- AddNewCountryRecord -->
  <testcase name="VerifyAuditTrialReportForCreate" time="0.0" classname="com.tetherfi.test.tmac.AgentTeamMgmtTest">
    <ignored/>
  </testcase> <!-- VerifyAuditTrialReportForCreate -->
  <testcase name="AddDuplicateRecord" time="0.0" classname="com.tetherfi.test.tmac.AgentTeamMgmtTest">
    <ignored/>
  </testcase> <!-- AddDuplicateRecord -->
  <testcase name="AddNewDivisionRecord" time="0.0" classname="com.tetherfi.test.tmac.AgentTeamMgmtTest">
    <ignored/>
  </testcase> <!-- AddNewDivisionRecord -->
  <testcase name="VerifyDropdownForAllTheColumns" time="0.0" classname="com.tetherfi.test.tmac.AgentTeamMgmtTest">
    <ignored/>
  </testcase> <!-- VerifyDropdownForAllTheColumns -->
  <testcase name="AddRecordTeamNameBlank" time="0.0" classname="com.tetherfi.test.tmac.AgentTeamMgmtTest">
    <ignored/>
  </testcase> <!-- AddRecordTeamNameBlank -->
  <testcase name="VerifyColumnsHeaderEnable" time="0.0" classname="com.tetherfi.test.tmac.AgentTeamMgmtTest">
    <ignored/>
  </testcase> <!-- VerifyColumnsHeaderEnable -->
  <testcase name="AddRecordCountryBlank" time="0.0" classname="com.tetherfi.test.tmac.AgentTeamMgmtTest">
    <ignored/>
  </testcase> <!-- AddRecordCountryBlank -->
  <testcase name="AddRecordDepartmentBlank" time="0.0" classname="com.tetherfi.test.tmac.AgentTeamMgmtTest">
    <ignored/>
  </testcase> <!-- AddRecordDepartmentBlank -->
  <testcase name="SortingByAscending" time="0.0" classname="com.tetherfi.test.tmac.AgentTeamMgmtTest">
    <ignored/>
  </testcase> <!-- SortingByAscending -->
  <testcase name="AddRecordDivisionBlank" time="0.0" classname="com.tetherfi.test.tmac.AgentTeamMgmtTest">
    <ignored/>
  </testcase> <!-- AddRecordDivisionBlank -->
  <testcase name="AddNewDepartmentRecord" time="0.0" classname="com.tetherfi.test.tmac.AgentTeamMgmtTest">
    <ignored/>
  </testcase> <!-- AddNewDepartmentRecord -->
  <testcase name="SortingByDescending" time="0.0" classname="com.tetherfi.test.tmac.AgentTeamMgmtTest">
    <ignored/>
  </testcase> <!-- SortingByDescending -->
  <testcase name="AgentTeamManagementPage" time="0.0" classname="com.tetherfi.test.tmac.AgentTeamMgmtTest">
    <ignored/>
  </testcase> <!-- AgentTeamManagementPage -->
  <testcase name="AddNewAgentTeamManagementRecord" time="0.0" classname="com.tetherfi.test.tmac.AgentTeamMgmtTest">
    <ignored/>
  </testcase> <!-- AddNewAgentTeamManagementRecord -->
  <testcase name="ExportToExcel" time="0.0" classname="com.tetherfi.test.tmac.AgentTeamMgmtTest">
    <ignored/>
  </testcase> <!-- ExportToExcel -->
  <testcase name="VerifyColumnsHeaderDisable" time="0.0" classname="com.tetherfi.test.tmac.AgentTeamMgmtTest">
    <ignored/>
  </testcase> <!-- VerifyColumnsHeaderDisable -->
  <testcase name="VerifyArrowMoveForFirstAndLastPage" time="0.0" classname="com.tetherfi.test.tmac.AgentTeamMgmtTest">
    <ignored/>
  </testcase> <!-- VerifyArrowMoveForFirstAndLastPage -->
</testsuite> <!-- Home(failed)(failed) -->
